<?xml version="1.0" encoding="UTF-8"?>
<testsuite name="tourGuide.TestPerformance" tests="1" skipped="0" failures="0" errors="0" timestamp="2020-09-06T14:06:22" hostname="PO703394" time="5.46">
  <properties/>
  <testcase name="highVolumeGetRewards" classname="tourGuide.TestPerformance" time="5.46"/>
  <system-out><![CDATA[16:06:22.734 [Test worker] INFO tourGuide.service.TourGuideService - TestMode enabled
16:06:22.744 [Test worker] DEBUG tourGuide.service.TourGuideService - Initializing users
16:06:22.825 [Test worker] DEBUG tourGuide.service.TourGuideService - Created 10 internal test users.
16:06:22.825 [Test worker] DEBUG tourGuide.service.TourGuideService - Finished initializing users
16:06:22.835 [Test worker] INFO tourGuide.service.TourGuideService - addShutDownHook
16:06:22.835 [pool-1-thread-1] DEBUG tourGuide.tracker.Tracker - Begin Tracker. Tracking 10 users.
16:06:22.835 [pool-1-thread-1] INFO tourGuide.service.TourGuideService - trackUserLocation
16:06:22.855 [pool-1-thread-1] ERROR tourGuide.tracker.Tracker - exception tourGuideService.trackUserLocation(u) : java.util.ConcurrentModificationException
16:06:22.855 [pool-1-thread-1] DEBUG tourGuide.tracker.Tracker - Tracker Time Elapsed: 0 seconds.
16:06:22.855 [pool-1-thread-1] DEBUG tourGuide.tracker.Tracker - Tracker sleeping
highVolumeGetRewards: Time Elapsed: 5 seconds.
]]></system-out>
  <system-err><![CDATA[Sep 06, 2020 4:06:22 PM org.javamoney.moneta.DefaultMonetaryContextFactory createMonetaryContextNonNullConfig
INFO: Using custom MathContext: precision=256, roundingMode=HALF_EVEN
]]></system-err>
</testsuite>
