<?xml version="1.0" encoding="UTF-8"?>
<testsuite name="model.TestDTO" tests="3" skipped="0" failures="0" errors="0" timestamp="2020-09-19T19:40:09" hostname="PO703394" time="0.009">
  <properties/>
  <testcase name="testUserPreferencesDTO" classname="model.TestDTO" time="0.005"/>
  <testcase name="testAttractionResponseDTO" classname="model.TestDTO" time="0.002"/>
  <testcase name="testUserCurrentLocationDTO" classname="model.TestDTO" time="0.002"/>
  <system-out><![CDATA[]]></system-out>
  <system-err><![CDATA[]]></system-err>
</testsuite>
