<?xml version="1.0" encoding="UTF-8"?>
<testsuite name="tourGuide.TestPerformance" tests="2" skipped="0" failures="0" errors="0" timestamp="2020-09-19T19:40:09" hostname="PO703394" time="7.904">
  <properties/>
  <testcase name="highVolumeTrackLocation" classname="tourGuide.TestPerformance" time="4.057"/>
  <testcase name="highVolumeGetRewards" classname="tourGuide.TestPerformance" time="3.847"/>
  <system-out><![CDATA[21:40:09.939 [Test worker] DEBUG tourGuide.service.TripPricerServiceImpl - constructor TripPricerService
21:40:09.956 [Test worker] INFO tourGuide.service.TourGuideService - TestMode enabled
21:40:09.956 [Test worker] DEBUG tourGuide.service.TourGuideService - Initializing users
21:40:10.063 [Test worker] DEBUG tourGuide.service.TourGuideService - User : 75cc4dc4-9a9e-45ea-9b7f-f1617219929c internalUser0
21:40:10.064 [Test worker] DEBUG tourGuide.service.TourGuideService - User : 42f65457-1d47-40d7-8b5b-2cced8b540de internalUser1
21:40:10.064 [Test worker] DEBUG tourGuide.service.TourGuideService - User : 0b893205-8c4e-4d70-9c77-8a7561fc4fe1 internalUser2
21:40:10.064 [Test worker] DEBUG tourGuide.service.TourGuideService - User : 8753349a-d057-423b-984e-0aac0d3b485a internalUser3
21:40:10.065 [Test worker] DEBUG tourGuide.service.TourGuideService - User : 7844a9b5-6009-420f-b424-2ab369503641 internalUser4
21:40:10.065 [Test worker] DEBUG tourGuide.service.TourGuideService - User : cd951e09-a8d0-44b5-905a-622d1d777edf internalUser5
21:40:10.065 [Test worker] DEBUG tourGuide.service.TourGuideService - User : e06be66d-5119-45cd-92fd-74fa1fab876f internalUser6
21:40:10.065 [Test worker] DEBUG tourGuide.service.TourGuideService - User : a285fd0a-14f4-495d-a87f-a3b0714ed2b7 internalUser7
21:40:10.066 [Test worker] DEBUG tourGuide.service.TourGuideService - User : 1b55f22e-7eb4-4044-af92-aa77b260d6d4 internalUser8
21:40:10.066 [Test worker] DEBUG tourGuide.service.TourGuideService - User : 70356ee8-4fd4-408e-99c2-c9ee638f8b6c internalUser9
21:40:10.067 [Test worker] DEBUG tourGuide.service.TourGuideService - User : 3800cb43-69c9-4d54-970f-5bae7cf392c6 internalUser10
21:40:10.067 [Test worker] DEBUG tourGuide.service.TourGuideService - User : 845ecbdd-fad1-4d88-9931-24aa790c9438 internalUser11
21:40:10.068 [Test worker] DEBUG tourGuide.service.TourGuideService - User : 7b84f452-e0d4-4542-af41-23c3f4a18c46 internalUser12
21:40:10.068 [Test worker] DEBUG tourGuide.service.TourGuideService - User : ac70d06b-bf18-47f3-902e-ca3127a0eba9 internalUser13
21:40:10.069 [Test worker] DEBUG tourGuide.service.TourGuideService - User : 11ce1867-4cc1-4d11-8c30-2e43840a0f08 internalUser14
21:40:10.069 [Test worker] DEBUG tourGuide.service.TourGuideService - User : 905da805-1140-4c28-8707-d90841e8c6c5 internalUser15
21:40:10.070 [Test worker] DEBUG tourGuide.service.TourGuideService - User : c482f59e-82f4-4f87-ad0b-9ab4ec7d2fb8 internalUser16
21:40:10.070 [Test worker] DEBUG tourGuide.service.TourGuideService - User : 4a62ff8d-e797-4034-9386-89081abacf7a internalUser17
21:40:10.070 [Test worker] DEBUG tourGuide.service.TourGuideService - User : 7e85a252-0550-4f01-97d9-c37386acdc04 internalUser18
21:40:10.071 [Test worker] DEBUG tourGuide.service.TourGuideService - User : 0bf00aa2-046a-4467-bf87-4608732e8078 internalUser19
21:40:10.071 [Test worker] DEBUG tourGuide.service.TourGuideService - User : 1f7cd043-afb9-4014-9e4e-4a3cf8fc5a3e internalUser20
21:40:10.075 [Test worker] DEBUG tourGuide.service.TourGuideService - User : 7ac30cc1-9ab6-4cbe-904e-4ca3d4c6074e internalUser21
21:40:10.076 [Test worker] DEBUG tourGuide.service.TourGuideService - User : 909d0285-81d7-4247-ab11-9c2920575b8d internalUser22
21:40:10.076 [Test worker] DEBUG tourGuide.service.TourGuideService - User : da398f56-25f3-4ff4-a882-d3248161b9d6 internalUser23
21:40:10.077 [Test worker] DEBUG tourGuide.service.TourGuideService - User : 9defb35c-7a5d-4971-9c5e-6a1d6f377c82 internalUser24
21:40:10.078 [Test worker] DEBUG tourGuide.service.TourGuideService - User : f2a9c034-4767-4c69-b1fc-1f683c3a9dd4 internalUser25
21:40:10.078 [Test worker] DEBUG tourGuide.service.TourGuideService - User : 3fb895af-7234-44c6-b7b6-ccd367b25aac internalUser26
21:40:10.079 [Test worker] DEBUG tourGuide.service.TourGuideService - User : 2f18b872-26e8-4724-93b4-b7e10d65f844 internalUser27
21:40:10.080 [Test worker] DEBUG tourGuide.service.TourGuideService - User : 232b6604-29a3-470d-9d8f-9df38a894a7e internalUser28
21:40:10.080 [Test worker] DEBUG tourGuide.service.TourGuideService - User : 57edcd21-ed34-478a-a74b-b17b2dab64ad internalUser29
21:40:10.081 [Test worker] DEBUG tourGuide.service.TourGuideService - User : f8ae26f8-8379-40bb-a0f9-48b80970d4ab internalUser30
21:40:10.081 [Test worker] DEBUG tourGuide.service.TourGuideService - User : 52ff5641-204c-4f6b-bbfb-f10c1db375b3 internalUser31
21:40:10.081 [Test worker] DEBUG tourGuide.service.TourGuideService - User : 39c3e6b9-565c-45c3-959b-520cea8d476b internalUser32
21:40:10.082 [Test worker] DEBUG tourGuide.service.TourGuideService - User : 3bcff198-7ba0-462b-b54f-b6ce58d76cc6 internalUser33
21:40:10.082 [Test worker] DEBUG tourGuide.service.TourGuideService - User : 8d0aa4c6-ae61-4d68-9538-2b8850ff383d internalUser34
21:40:10.082 [Test worker] DEBUG tourGuide.service.TourGuideService - User : cf1a18e3-8bd8-4845-9503-91a46ffedab1 internalUser35
21:40:10.083 [Test worker] DEBUG tourGuide.service.TourGuideService - User : 1fd420e6-88ce-41a8-a7b0-c8c0f715b0f5 internalUser36
21:40:10.083 [Test worker] DEBUG tourGuide.service.TourGuideService - User : 16f298b6-0f29-4cff-948d-5219acfbb7c7 internalUser37
21:40:10.083 [Test worker] DEBUG tourGuide.service.TourGuideService - User : ee551c37-71a6-42a3-86aa-82b94cefd35c internalUser38
21:40:10.084 [Test worker] DEBUG tourGuide.service.TourGuideService - User : 4a83a1f1-6e55-4e45-99b0-b6796ff16aad internalUser39
21:40:10.085 [Test worker] DEBUG tourGuide.service.TourGuideService - User : 20d03a4b-3f5d-4501-a029-07bbdb57df3d internalUser40
21:40:10.086 [Test worker] DEBUG tourGuide.service.TourGuideService - User : 6c41ada6-1e2a-4c28-a020-719f2d4d8cd3 internalUser41
21:40:10.088 [Test worker] DEBUG tourGuide.service.TourGuideService - User : 38569780-cb1b-4475-a000-87fc54eac506 internalUser42
21:40:10.089 [Test worker] DEBUG tourGuide.service.TourGuideService - User : 44d1c6c3-5820-42c5-b09a-0a77d3129236 internalUser43
21:40:10.089 [Test worker] DEBUG tourGuide.service.TourGuideService - User : a0ddb875-ba7a-4c55-94dc-6e471bceae04 internalUser44
21:40:10.089 [Test worker] DEBUG tourGuide.service.TourGuideService - User : 060177c3-9a38-4db2-a661-dbaeccbb6e16 internalUser45
21:40:10.090 [Test worker] DEBUG tourGuide.service.TourGuideService - User : 88ba72cf-61a0-47ba-bc56-519a297325cf internalUser46
21:40:10.090 [Test worker] DEBUG tourGuide.service.TourGuideService - User : da438a65-7c1a-4ddc-99d3-9e87f328726f internalUser47
21:40:10.090 [Test worker] DEBUG tourGuide.service.TourGuideService - User : 61f4def7-f96c-430d-a0f3-212e3def0d19 internalUser48
21:40:10.091 [Test worker] DEBUG tourGuide.service.TourGuideService - User : 60db1c26-7de1-4203-bde4-71823c7c8378 internalUser49
21:40:10.091 [Test worker] DEBUG tourGuide.service.TourGuideService - User : 6a1ca2a2-718f-4212-9ad8-4b524a6c72c4 internalUser50
21:40:10.091 [Test worker] DEBUG tourGuide.service.TourGuideService - User : 3603aaf0-ed9d-491c-a703-b569a3341008 internalUser51
21:40:10.091 [Test worker] DEBUG tourGuide.service.TourGuideService - User : e7ea9485-9689-4d70-a73b-27a555216b4d internalUser52
21:40:10.092 [Test worker] DEBUG tourGuide.service.TourGuideService - User : 39949940-d45d-444f-92a8-9418f2d0bfb5 internalUser53
21:40:10.092 [Test worker] DEBUG tourGuide.service.TourGuideService - User : e40bb06c-3cc6-46cb-ac4e-3929131eb28e internalUser54
21:40:10.092 [Test worker] DEBUG tourGuide.service.TourGuideService - User : fd14afcc-bfa3-4915-a432-611a0f6e4530 internalUser55
21:40:10.092 [Test worker] DEBUG tourGuide.service.TourGuideService - User : f9c0b222-f31e-4059-8ff5-2de3313decaa internalUser56
21:40:10.093 [Test worker] DEBUG tourGuide.service.TourGuideService - User : aca09bf1-c4b1-47ea-8d37-657944bb248c internalUser57
21:40:10.093 [Test worker] DEBUG tourGuide.service.TourGuideService - User : e44e0df2-d185-4bf3-89dd-51dc38d7f438 internalUser58
21:40:10.094 [Test worker] DEBUG tourGuide.service.TourGuideService - User : e6455d21-208d-46d5-876a-ee845b02dee0 internalUser59
21:40:10.095 [Test worker] DEBUG tourGuide.service.TourGuideService - User : b87bda93-1bac-417f-bef9-6616eda6badb internalUser60
21:40:10.096 [Test worker] DEBUG tourGuide.service.TourGuideService - User : bea4f1a8-1415-4ad6-bcbc-14bdd5c7b536 internalUser61
21:40:10.096 [Test worker] DEBUG tourGuide.service.TourGuideService - User : 48dff662-be3f-42fb-a3d6-055c10d507e1 internalUser62
21:40:10.097 [Test worker] DEBUG tourGuide.service.TourGuideService - User : a61ce3a8-9210-4d5f-92b2-ec5f3c7b4903 internalUser63
21:40:10.097 [Test worker] DEBUG tourGuide.service.TourGuideService - User : 8d8991a1-c0b3-4a1d-96d5-3a9bd8596142 internalUser64
21:40:10.098 [Test worker] DEBUG tourGuide.service.TourGuideService - User : 341846b6-82de-45b3-8221-a5b83583841f internalUser65
21:40:10.098 [Test worker] DEBUG tourGuide.service.TourGuideService - User : bdbe34a8-4fb6-4c6b-aed7-832b176a3041 internalUser66
21:40:10.098 [Test worker] DEBUG tourGuide.service.TourGuideService - User : 7aa22490-d7c8-49f2-bc9f-be82945ef666 internalUser67
21:40:10.098 [Test worker] DEBUG tourGuide.service.TourGuideService - User : 57714a71-bebf-4827-93d1-051ed3e14646 internalUser68
21:40:10.098 [Test worker] DEBUG tourGuide.service.TourGuideService - User : 5359e374-fd96-4821-9e30-1e3b9c7ad079 internalUser69
21:40:10.099 [Test worker] DEBUG tourGuide.service.TourGuideService - User : 98cdbc18-c1c6-4e2d-95a3-4cec4fb35acc internalUser70
21:40:10.099 [Test worker] DEBUG tourGuide.service.TourGuideService - User : f650e0d2-310f-4726-bfaa-282df0f5c0b9 internalUser71
21:40:10.099 [Test worker] DEBUG tourGuide.service.TourGuideService - User : ebe598dc-8f13-44fa-881d-f5211303970f internalUser72
21:40:10.100 [Test worker] DEBUG tourGuide.service.TourGuideService - User : 578a5260-4b28-462a-a3db-17705300bd04 internalUser73
21:40:10.100 [Test worker] DEBUG tourGuide.service.TourGuideService - User : b9294be0-349b-4627-92ef-0b72b057dc50 internalUser74
21:40:10.100 [Test worker] DEBUG tourGuide.service.TourGuideService - User : ac42900c-5e4d-4c15-9b63-313725290e75 internalUser75
21:40:10.101 [Test worker] DEBUG tourGuide.service.TourGuideService - User : bb09eef3-90b6-435f-8f76-8eb649351b71 internalUser76
21:40:10.101 [Test worker] DEBUG tourGuide.service.TourGuideService - User : c5fa25c2-44ae-45e6-909e-5f52bf96b3e0 internalUser77
21:40:10.101 [Test worker] DEBUG tourGuide.service.TourGuideService - User : 87cdbbda-29ac-4e42-a229-bf18c8c713ce internalUser78
21:40:10.102 [Test worker] DEBUG tourGuide.service.TourGuideService - User : 43190a22-da3d-45cb-ad75-fc57413cad5b internalUser79
21:40:10.102 [Test worker] DEBUG tourGuide.service.TourGuideService - User : 98e45398-e0c6-4475-8b32-5eed8b990878 internalUser80
21:40:10.102 [Test worker] DEBUG tourGuide.service.TourGuideService - User : fb98294f-ef30-4ba5-b426-86a6043aa1e4 internalUser81
21:40:10.103 [Test worker] DEBUG tourGuide.service.TourGuideService - User : 3aba3744-c56e-423e-9b2f-b8ec74674ec3 internalUser82
21:40:10.103 [Test worker] DEBUG tourGuide.service.TourGuideService - User : 7fdc97f8-3a4b-461c-809e-496f3cc28bbb internalUser83
21:40:10.103 [Test worker] DEBUG tourGuide.service.TourGuideService - User : 5012c78c-ec8a-462d-93b2-5aa676893f9c internalUser84
21:40:10.104 [Test worker] DEBUG tourGuide.service.TourGuideService - User : fd9f0357-2945-4ed5-b377-9a23d9adc623 internalUser85
21:40:10.104 [Test worker] DEBUG tourGuide.service.TourGuideService - User : d59998e1-7bb2-4ba6-a0b4-5b529d8accd5 internalUser86
21:40:10.104 [Test worker] DEBUG tourGuide.service.TourGuideService - User : ec559714-ac99-4235-858c-0291521a6daa internalUser87
21:40:10.105 [Test worker] DEBUG tourGuide.service.TourGuideService - User : 215805d6-b6ae-4e2c-87e4-ba0e74255b5e internalUser88
21:40:10.105 [Test worker] DEBUG tourGuide.service.TourGuideService - User : c895ef15-697a-4433-a7a2-0e31ad8300dc internalUser89
21:40:10.105 [Test worker] DEBUG tourGuide.service.TourGuideService - User : bcf672db-65fe-4113-86bc-dd6aed943a84 internalUser90
21:40:10.106 [Test worker] DEBUG tourGuide.service.TourGuideService - User : 09d0f178-38c8-47ee-9409-d1659c8eca0a internalUser91
21:40:10.106 [Test worker] DEBUG tourGuide.service.TourGuideService - User : 1cfea6cc-c664-41a5-bb1a-72a5e0cd5d74 internalUser92
21:40:10.107 [Test worker] DEBUG tourGuide.service.TourGuideService - User : c94b0f94-d52d-4b6b-910d-b62d4a66dd90 internalUser93
21:40:10.107 [Test worker] DEBUG tourGuide.service.TourGuideService - User : 413623f1-78b7-49da-b77b-06cebd978b47 internalUser94
21:40:10.108 [Test worker] DEBUG tourGuide.service.TourGuideService - User : d6bb0c6f-805f-4986-a4eb-280fb50d98b9 internalUser95
21:40:10.108 [Test worker] DEBUG tourGuide.service.TourGuideService - User : 9b4375e8-1296-4e6b-bcc4-f1ce77ca4f47 internalUser96
21:40:10.109 [Test worker] DEBUG tourGuide.service.TourGuideService - User : b26b6227-59ba-48e0-9614-9c88ae757c1c internalUser97
21:40:10.110 [Test worker] DEBUG tourGuide.service.TourGuideService - User : b674b648-0e2f-4ed3-9142-8be1a23149a7 internalUser98
21:40:10.111 [Test worker] DEBUG tourGuide.service.TourGuideService - User : d132fa69-8198-435c-9d5a-2fb85d7456b3 internalUser99
21:40:10.112 [Test worker] DEBUG tourGuide.service.TourGuideService - User : 91f6c273-1224-4650-be1a-98d6ce1dcbec internalUser100
21:40:10.113 [Test worker] DEBUG tourGuide.service.TourGuideService - User : bad8f9d9-38ab-4041-9f7b-82bd22e5dc1a internalUser101
21:40:10.113 [Test worker] DEBUG tourGuide.service.TourGuideService - User : 71dcd8da-9d04-458c-b354-ad44551d335a internalUser102
21:40:10.114 [Test worker] DEBUG tourGuide.service.TourGuideService - User : 56189d67-089a-42e3-9c90-7011449984fb internalUser103
21:40:10.114 [Test worker] DEBUG tourGuide.service.TourGuideService - User : 43d0b434-528c-4372-a070-7c120c0212e0 internalUser104
21:40:10.114 [Test worker] DEBUG tourGuide.service.TourGuideService - User : 6d5515d4-1b37-47b3-9db3-d297abd49337 internalUser105
21:40:10.114 [Test worker] DEBUG tourGuide.service.TourGuideService - User : 4edd3e3c-db45-4f26-8a42-ab6500cf43a1 internalUser106
21:40:10.114 [Test worker] DEBUG tourGuide.service.TourGuideService - User : 2d91e077-c44a-43c7-968b-b2ce3f0fd014 internalUser107
21:40:10.115 [Test worker] DEBUG tourGuide.service.TourGuideService - User : e17fcba6-894b-4f5b-924b-a681d513ab18 internalUser108
21:40:10.115 [Test worker] DEBUG tourGuide.service.TourGuideService - User : dbf7429e-fd6c-436d-b220-6a38e884dc61 internalUser109
21:40:10.115 [Test worker] DEBUG tourGuide.service.TourGuideService - User : 57b80e77-d4de-4d3a-a21c-173d331e59a7 internalUser110
21:40:10.115 [Test worker] DEBUG tourGuide.service.TourGuideService - User : bcd2acdb-5035-4b65-af9e-4495633447e5 internalUser111
21:40:10.115 [Test worker] DEBUG tourGuide.service.TourGuideService - User : 295e4696-abfd-45d0-9493-019d98536d00 internalUser112
21:40:10.116 [Test worker] DEBUG tourGuide.service.TourGuideService - User : 1babbc46-987e-49e3-b433-814a620f7579 internalUser113
21:40:10.116 [Test worker] DEBUG tourGuide.service.TourGuideService - User : 0346d1ec-05c2-49d9-86c4-0cabe88a24a6 internalUser114
21:40:10.116 [Test worker] DEBUG tourGuide.service.TourGuideService - User : 4410c750-d609-4ef6-b73f-228bcc51fe6f internalUser115
21:40:10.116 [Test worker] DEBUG tourGuide.service.TourGuideService - User : ab65109e-8cf7-4d81-97b8-7632f33d1183 internalUser116
21:40:10.116 [Test worker] DEBUG tourGuide.service.TourGuideService - User : c74487a6-db2d-429d-9203-c3d23ceda70e internalUser117
21:40:10.117 [Test worker] DEBUG tourGuide.service.TourGuideService - User : 97d04e8b-007a-4a21-8b9f-5604ff624ee0 internalUser118
21:40:10.117 [Test worker] DEBUG tourGuide.service.TourGuideService - User : 6856a3dd-47f9-4c17-b689-8c88a3df3802 internalUser119
21:40:10.117 [Test worker] DEBUG tourGuide.service.TourGuideService - User : 2d53188e-6046-404c-9900-4d19aec700e0 internalUser120
21:40:10.117 [Test worker] DEBUG tourGuide.service.TourGuideService - User : 22c17f1a-d671-4954-a143-3b334470c99e internalUser121
21:40:10.118 [Test worker] DEBUG tourGuide.service.TourGuideService - User : fd94460e-e288-4530-8fc5-e7e50d8683bd internalUser122
21:40:10.118 [Test worker] DEBUG tourGuide.service.TourGuideService - User : 1e6da5fa-ca53-4f1e-9f12-a8c771f319f4 internalUser123
21:40:10.118 [Test worker] DEBUG tourGuide.service.TourGuideService - User : 81ff0589-bd08-4ec3-8648-43bc49ffa7c4 internalUser124
21:40:10.119 [Test worker] DEBUG tourGuide.service.TourGuideService - User : e6838bb3-f729-4f2b-b281-3a20d724b40d internalUser125
21:40:10.119 [Test worker] DEBUG tourGuide.service.TourGuideService - User : 5748eaf5-eac2-4486-9f59-f41bfa1b0b3a internalUser126
21:40:10.119 [Test worker] DEBUG tourGuide.service.TourGuideService - User : cc30e4d7-dfcc-411c-93b3-d6a730c08138 internalUser127
21:40:10.120 [Test worker] DEBUG tourGuide.service.TourGuideService - User : b5944a4d-7fd4-460a-8204-1c9ab2661a71 internalUser128
21:40:10.120 [Test worker] DEBUG tourGuide.service.TourGuideService - User : 141bf4ce-285f-486a-86cc-f84444910712 internalUser129
21:40:10.120 [Test worker] DEBUG tourGuide.service.TourGuideService - User : 9e430d20-9c9f-41bc-8ad0-415f443955a4 internalUser130
21:40:10.121 [Test worker] DEBUG tourGuide.service.TourGuideService - User : 54083b7d-c581-42c7-876b-342928d66a00 internalUser131
21:40:10.123 [Test worker] DEBUG tourGuide.service.TourGuideService - User : 041e48e5-ac06-42df-869f-2926b970091e internalUser132
21:40:10.123 [Test worker] DEBUG tourGuide.service.TourGuideService - User : 9075b713-d5e2-4c57-91bf-a12ef7ffcd8c internalUser133
21:40:10.123 [Test worker] DEBUG tourGuide.service.TourGuideService - User : 2bb3c19f-1c41-4feb-9d70-52b828ed04c8 internalUser134
21:40:10.123 [Test worker] DEBUG tourGuide.service.TourGuideService - User : daebfdad-396c-4db4-b302-caa3772dbeca internalUser135
21:40:10.124 [Test worker] DEBUG tourGuide.service.TourGuideService - User : cd0e309a-97bc-4ffb-b205-42b52d3d1d2a internalUser136
21:40:10.124 [Test worker] DEBUG tourGuide.service.TourGuideService - User : 321f09e3-3888-41f8-abea-cdbb091edcd8 internalUser137
21:40:10.124 [Test worker] DEBUG tourGuide.service.TourGuideService - User : 270c98f4-00cd-4a94-b80f-63d2d9d242cc internalUser138
21:40:10.124 [Test worker] DEBUG tourGuide.service.TourGuideService - User : 5c18f005-d911-4748-a848-5eaf17e11f5d internalUser139
21:40:10.127 [Test worker] DEBUG tourGuide.service.TourGuideService - User : 4e0c6175-be2d-42f2-89cd-b0896953cd5b internalUser140
21:40:10.128 [Test worker] DEBUG tourGuide.service.TourGuideService - User : 15a3b205-89b6-4631-a377-c6f22fbf4575 internalUser141
21:40:10.129 [Test worker] DEBUG tourGuide.service.TourGuideService - User : 171f69be-f61d-4304-9d7a-278397d9fbeb internalUser142
21:40:10.130 [Test worker] DEBUG tourGuide.service.TourGuideService - User : 1aec67c6-2106-4ace-a22f-d3c76a2e57d6 internalUser143
21:40:10.131 [Test worker] DEBUG tourGuide.service.TourGuideService - User : 12265578-bdd7-476d-9b29-deb9273b00a3 internalUser144
21:40:10.131 [Test worker] DEBUG tourGuide.service.TourGuideService - User : 55df28a2-1357-4ee8-a163-bd20ffb46911 internalUser145
21:40:10.132 [Test worker] DEBUG tourGuide.service.TourGuideService - User : 3f12471c-df8a-4229-a04a-1bd45ec539b4 internalUser146
21:40:10.132 [Test worker] DEBUG tourGuide.service.TourGuideService - User : 31dbe9c9-7530-49cb-b92b-11e41097e98f internalUser147
21:40:10.133 [Test worker] DEBUG tourGuide.service.TourGuideService - User : fe845426-462f-4502-b7f8-0fc4a7b8661a internalUser148
21:40:10.133 [Test worker] DEBUG tourGuide.service.TourGuideService - User : 9ac1c436-fc47-4fca-8d2f-c68cc27075ba internalUser149
21:40:10.134 [Test worker] DEBUG tourGuide.service.TourGuideService - User : 37d75c78-e5da-40ad-a1bf-9ead16589e31 internalUser150
21:40:10.135 [Test worker] DEBUG tourGuide.service.TourGuideService - User : 893caef3-2a75-4cf7-ae16-82259cd8a095 internalUser151
21:40:10.135 [Test worker] DEBUG tourGuide.service.TourGuideService - User : 81e48931-af10-4b25-b57f-4c86f434a3ad internalUser152
21:40:10.137 [Test worker] DEBUG tourGuide.service.TourGuideService - User : 1cd5d4dc-3168-4634-98b9-45e57b2e6f0a internalUser153
21:40:10.137 [Test worker] DEBUG tourGuide.service.TourGuideService - User : 643fd155-9e12-4708-9af7-22938821ab1c internalUser154
21:40:10.138 [Test worker] DEBUG tourGuide.service.TourGuideService - User : fffc31c1-dccd-40ba-91d8-695ba7454a63 internalUser155
21:40:10.138 [Test worker] DEBUG tourGuide.service.TourGuideService - User : 45998dd4-682a-4e6a-8f78-aa9dd49ac1e1 internalUser156
21:40:10.139 [Test worker] DEBUG tourGuide.service.TourGuideService - User : 9b4ee047-c927-418c-b686-815435383958 internalUser157
21:40:10.139 [Test worker] DEBUG tourGuide.service.TourGuideService - User : 3ef64151-e159-416e-adac-a9a11b269869 internalUser158
21:40:10.140 [Test worker] DEBUG tourGuide.service.TourGuideService - User : bc612f3f-db7d-40e4-bad2-2222f803239c internalUser159
21:40:10.140 [Test worker] DEBUG tourGuide.service.TourGuideService - User : 77bf51d4-3695-4795-9a9a-848580764384 internalUser160
21:40:10.140 [Test worker] DEBUG tourGuide.service.TourGuideService - User : f9680a6d-0696-4104-9ea4-b0be4eb6177f internalUser161
21:40:10.140 [Test worker] DEBUG tourGuide.service.TourGuideService - User : cfde4e6f-6d58-4628-8ecf-8a51380ecb77 internalUser162
21:40:10.140 [Test worker] DEBUG tourGuide.service.TourGuideService - User : 5f87ed94-79e2-4834-8fd4-81539eb93c7c internalUser163
21:40:10.141 [Test worker] DEBUG tourGuide.service.TourGuideService - User : 899a46ca-8727-4062-8e81-8d4feb89e329 internalUser164
21:40:10.141 [Test worker] DEBUG tourGuide.service.TourGuideService - User : d191597a-7f30-4e47-a2d2-e1cd29ee4f01 internalUser165
21:40:10.141 [Test worker] DEBUG tourGuide.service.TourGuideService - User : 222c9799-e45c-4bb2-a262-0779512314e0 internalUser166
21:40:10.142 [Test worker] DEBUG tourGuide.service.TourGuideService - User : ddb856c3-339b-4f56-b388-6d7ef70ea98d internalUser167
21:40:10.143 [Test worker] DEBUG tourGuide.service.TourGuideService - User : 225bd68a-320b-4a2f-b78a-72bbb8927688 internalUser168
21:40:10.144 [Test worker] DEBUG tourGuide.service.TourGuideService - User : ce59f641-a536-4d4a-8b6e-11e897632c8c internalUser169
21:40:10.145 [Test worker] DEBUG tourGuide.service.TourGuideService - User : 12c97f24-39ee-4c52-b6ca-227f4443d272 internalUser170
21:40:10.145 [Test worker] DEBUG tourGuide.service.TourGuideService - User : 9cd8a4b1-b709-4256-ba97-0c5ba8ba6e5b internalUser171
21:40:10.146 [Test worker] DEBUG tourGuide.service.TourGuideService - User : 1aabd1f9-5211-4743-a56c-58bcf699617c internalUser172
21:40:10.146 [Test worker] DEBUG tourGuide.service.TourGuideService - User : efbc7a31-49cf-4caf-a1b2-68440363a679 internalUser173
21:40:10.146 [Test worker] DEBUG tourGuide.service.TourGuideService - User : bb71a7aa-4398-48bc-bfb3-9b2f7538a5c4 internalUser174
21:40:10.146 [Test worker] DEBUG tourGuide.service.TourGuideService - User : 6ac1823d-59d6-4eca-b582-747d1cd1d0ae internalUser175
21:40:10.147 [Test worker] DEBUG tourGuide.service.TourGuideService - User : c6f77383-8405-40ae-97d5-09888f3761d4 internalUser176
21:40:10.147 [Test worker] DEBUG tourGuide.service.TourGuideService - User : 397f0a87-c69d-4d0e-aa8e-0583b6b9b45c internalUser177
21:40:10.147 [Test worker] DEBUG tourGuide.service.TourGuideService - User : 90b2aa61-87c9-429b-a865-0ba1e024c83b internalUser178
21:40:10.147 [Test worker] DEBUG tourGuide.service.TourGuideService - User : b0556459-09f3-47c9-a498-0979498ae97c internalUser179
21:40:10.148 [Test worker] DEBUG tourGuide.service.TourGuideService - User : 9995f515-32c7-4f94-a109-250350c74fc0 internalUser180
21:40:10.148 [Test worker] DEBUG tourGuide.service.TourGuideService - User : 89054bb6-8ea4-43ba-a100-1f93dd031c1b internalUser181
21:40:10.148 [Test worker] DEBUG tourGuide.service.TourGuideService - User : 27d3349c-8927-4cc8-816d-6bcd60ddb4bd internalUser182
21:40:10.148 [Test worker] DEBUG tourGuide.service.TourGuideService - User : 67528e26-d09e-457e-9029-6ab497bcfa35 internalUser183
21:40:10.149 [Test worker] DEBUG tourGuide.service.TourGuideService - User : 96fa1b2d-c94d-42de-8e62-8aff6c0e0ead internalUser184
21:40:10.149 [Test worker] DEBUG tourGuide.service.TourGuideService - User : c41c156a-8938-44a3-8377-a766d6655b00 internalUser185
21:40:10.149 [Test worker] DEBUG tourGuide.service.TourGuideService - User : 9ebcd514-4e12-4583-8132-3371be1224ce internalUser186
21:40:10.149 [Test worker] DEBUG tourGuide.service.TourGuideService - User : fe66777e-d73c-46d0-8572-7adf1d8a05d8 internalUser187
21:40:10.150 [Test worker] DEBUG tourGuide.service.TourGuideService - User : fda221d7-ecb1-4e46-9b31-80b4f5c5a6ab internalUser188
21:40:10.150 [Test worker] DEBUG tourGuide.service.TourGuideService - User : 5daf44b7-2eae-41cb-85ef-813b3102cc35 internalUser189
21:40:10.150 [Test worker] DEBUG tourGuide.service.TourGuideService - User : bef346ba-7db5-490a-afa3-07fac30ccb3e internalUser190
21:40:10.150 [Test worker] DEBUG tourGuide.service.TourGuideService - User : 8257900b-e286-46e6-a31b-4d7304f69166 internalUser191
21:40:10.150 [Test worker] DEBUG tourGuide.service.TourGuideService - User : 3dc162ba-3e67-4d90-8bbc-90e0bc10f941 internalUser192
21:40:10.151 [Test worker] DEBUG tourGuide.service.TourGuideService - User : 5bcecd11-1040-4826-a845-b78c129c11c0 internalUser193
21:40:10.152 [Test worker] DEBUG tourGuide.service.TourGuideService - User : 7ac78e32-f3cb-4e1e-aa50-294da061ba33 internalUser194
21:40:10.152 [Test worker] DEBUG tourGuide.service.TourGuideService - User : 2dbc2705-328f-48f4-974d-d08eea2fc0a0 internalUser195
21:40:10.152 [Test worker] DEBUG tourGuide.service.TourGuideService - User : f5a822a8-79dd-4c8b-ab42-0bf2262f4661 internalUser196
21:40:10.153 [Test worker] DEBUG tourGuide.service.TourGuideService - User : 95db9a54-192a-42ff-a7ed-a93d89280fb9 internalUser197
21:40:10.153 [Test worker] DEBUG tourGuide.service.TourGuideService - User : 4dc59bce-cf55-47b1-a5f0-b0c148f1a21d internalUser198
21:40:10.153 [Test worker] DEBUG tourGuide.service.TourGuideService - User : 150dae04-b468-42a1-a036-ca06c4dc6a2b internalUser199
21:40:10.154 [Test worker] DEBUG tourGuide.service.TourGuideService - User : dac70ab7-4ccd-477e-8a5c-2d2e52bdc243 internalUser200
21:40:10.154 [Test worker] DEBUG tourGuide.service.TourGuideService - User : 1764d02c-b4c4-44ee-a54e-2dcbfa36488c internalUser201
21:40:10.154 [Test worker] DEBUG tourGuide.service.TourGuideService - User : 9fdafb5a-4440-4153-9823-cea9f14fdd55 internalUser202
21:40:10.154 [Test worker] DEBUG tourGuide.service.TourGuideService - User : 348a2938-eda5-42b0-a78b-3a85fad2cc27 internalUser203
21:40:10.154 [Test worker] DEBUG tourGuide.service.TourGuideService - User : c7a0aab7-c9ac-48db-ae92-ea69811918aa internalUser204
21:40:10.155 [Test worker] DEBUG tourGuide.service.TourGuideService - User : d8cfeb05-d1aa-4bd0-9ff6-6972488aed51 internalUser205
21:40:10.155 [Test worker] DEBUG tourGuide.service.TourGuideService - User : cb566230-b5ff-46c7-ac80-2fc083361331 internalUser206
21:40:10.155 [Test worker] DEBUG tourGuide.service.TourGuideService - User : 4d623664-aadf-43ac-a8dd-a641ab88bf76 internalUser207
21:40:10.155 [Test worker] DEBUG tourGuide.service.TourGuideService - User : a1e53669-5013-46c2-8000-b3577032d733 internalUser208
21:40:10.155 [Test worker] DEBUG tourGuide.service.TourGuideService - User : 37a8959c-27d6-4646-846c-7d02afed8c9b internalUser209
21:40:10.156 [Test worker] DEBUG tourGuide.service.TourGuideService - User : e9a5a171-aac4-4a0a-ba15-1dd01607672f internalUser210
21:40:10.156 [Test worker] DEBUG tourGuide.service.TourGuideService - User : d71b544b-bc04-4580-8900-a167623ae30f internalUser211
21:40:10.156 [Test worker] DEBUG tourGuide.service.TourGuideService - User : 105e63ef-dd16-4f05-9f5c-cec6568101f7 internalUser212
21:40:10.156 [Test worker] DEBUG tourGuide.service.TourGuideService - User : 43ae743d-9e93-4231-8fe2-6a932499a5d7 internalUser213
21:40:10.156 [Test worker] DEBUG tourGuide.service.TourGuideService - User : ab88b523-9988-4ee2-933e-6829fdc998f1 internalUser214
21:40:10.157 [Test worker] DEBUG tourGuide.service.TourGuideService - User : 125c3076-88d2-45f4-a5fc-2b28a1ae7a13 internalUser215
21:40:10.157 [Test worker] DEBUG tourGuide.service.TourGuideService - User : 7d3592a1-3709-4f69-a9c6-ed852c52cbe3 internalUser216
21:40:10.157 [Test worker] DEBUG tourGuide.service.TourGuideService - User : 3b315585-1911-4f65-bf9d-cfe13ceebf0f internalUser217
21:40:10.157 [Test worker] DEBUG tourGuide.service.TourGuideService - User : ddf1ba1e-9e35-4cbf-a86b-d5732e85063d internalUser218
21:40:10.157 [Test worker] DEBUG tourGuide.service.TourGuideService - User : 6ac5dd41-dd18-4ecd-b8eb-7614295718bc internalUser219
21:40:10.158 [Test worker] DEBUG tourGuide.service.TourGuideService - User : a673506b-e6da-41b6-9142-311c442eb0e8 internalUser220
21:40:10.158 [Test worker] DEBUG tourGuide.service.TourGuideService - User : b6abd8fe-b998-4ec4-a5e9-81697c031963 internalUser221
21:40:10.159 [Test worker] DEBUG tourGuide.service.TourGuideService - User : 17dfca5f-9817-4ab8-b03e-9c6d794564f2 internalUser222
21:40:10.160 [Test worker] DEBUG tourGuide.service.TourGuideService - User : 855562ea-954f-41d6-ba6b-3a9576cea6f2 internalUser223
21:40:10.161 [Test worker] DEBUG tourGuide.service.TourGuideService - User : d12812f8-c4df-470b-95e3-5c6be8c41bc8 internalUser224
21:40:10.162 [Test worker] DEBUG tourGuide.service.TourGuideService - User : dd75336b-360e-45e1-871a-fe2d13344eea internalUser225
21:40:10.163 [Test worker] DEBUG tourGuide.service.TourGuideService - User : 9ef3d20c-8b04-4e2d-ac21-e415728b778c internalUser226
21:40:10.164 [Test worker] DEBUG tourGuide.service.TourGuideService - User : 790a4cff-386e-4f7f-a3c7-b04162111045 internalUser227
21:40:10.165 [Test worker] DEBUG tourGuide.service.TourGuideService - User : 624ca9dc-9e99-4dd4-aeab-4b0a9a313c31 internalUser228
21:40:10.166 [Test worker] DEBUG tourGuide.service.TourGuideService - User : fa76c3ca-51f1-4fd2-a93e-79873ce248bb internalUser229
21:40:10.166 [Test worker] DEBUG tourGuide.service.TourGuideService - User : 6fa6e668-323f-43a3-9171-0775e1992ff7 internalUser230
21:40:10.166 [Test worker] DEBUG tourGuide.service.TourGuideService - User : b7ee00ca-70df-4739-b7ea-a7a60de2da59 internalUser231
21:40:10.167 [Test worker] DEBUG tourGuide.service.TourGuideService - User : 460d19d8-68aa-4921-a2aa-561caa1f7efc internalUser232
21:40:10.167 [Test worker] DEBUG tourGuide.service.TourGuideService - User : f424e827-dbfd-4463-b8d5-105cb18e79b3 internalUser233
21:40:10.167 [Test worker] DEBUG tourGuide.service.TourGuideService - User : 40c354fd-cd08-45f2-aa92-8312aef65ff8 internalUser234
21:40:10.168 [Test worker] DEBUG tourGuide.service.TourGuideService - User : 4f99498d-a110-4414-9544-273cf6df238c internalUser235
21:40:10.168 [Test worker] DEBUG tourGuide.service.TourGuideService - User : 20eed8b4-e37b-4ee9-9e7b-2db747f01112 internalUser236
21:40:10.169 [Test worker] DEBUG tourGuide.service.TourGuideService - User : f7aac864-281c-4c53-a2c7-65f7d0b923fb internalUser237
21:40:10.169 [Test worker] DEBUG tourGuide.service.TourGuideService - User : 43db631f-30b9-4738-b1a2-59367f30bd11 internalUser238
21:40:10.169 [Test worker] DEBUG tourGuide.service.TourGuideService - User : 1e6bf135-1922-4892-a9f0-6cc364e7142a internalUser239
21:40:10.169 [Test worker] DEBUG tourGuide.service.TourGuideService - User : 9c3f217b-3e80-420b-a926-6338d9b65e58 internalUser240
21:40:10.170 [Test worker] DEBUG tourGuide.service.TourGuideService - User : 67c4d9ac-c2a7-49c6-bccd-08816e550ebe internalUser241
21:40:10.170 [Test worker] DEBUG tourGuide.service.TourGuideService - User : eae693ba-5c09-4856-a70e-2aab776a5a5c internalUser242
21:40:10.170 [Test worker] DEBUG tourGuide.service.TourGuideService - User : ab8dd26d-b44d-4ac3-93c3-a85c0911858b internalUser243
21:40:10.170 [Test worker] DEBUG tourGuide.service.TourGuideService - User : 8b1ecfb6-3951-412e-ac6e-80e796e4e79d internalUser244
21:40:10.171 [Test worker] DEBUG tourGuide.service.TourGuideService - User : 1cd79d82-7cb7-4800-b3c5-69e06e370ed2 internalUser245
21:40:10.171 [Test worker] DEBUG tourGuide.service.TourGuideService - User : 11b667cc-02f6-46bc-8038-8497714f71b7 internalUser246
21:40:10.171 [Test worker] DEBUG tourGuide.service.TourGuideService - User : 42478ab8-c4c8-430b-88b7-3cbe36a3a19f internalUser247
21:40:10.172 [Test worker] DEBUG tourGuide.service.TourGuideService - User : 190d6b9b-fcb9-44df-aecb-0b7947b0fd51 internalUser248
21:40:10.173 [Test worker] DEBUG tourGuide.service.TourGuideService - User : cf7ec40e-61e6-477a-9633-e0090f134c64 internalUser249
21:40:10.174 [Test worker] DEBUG tourGuide.service.TourGuideService - User : 3f1abbed-9794-492d-939e-b50f9e3d1dc8 internalUser250
21:40:10.175 [Test worker] DEBUG tourGuide.service.TourGuideService - User : f7f308f5-ea00-457c-8cdf-39dcc2f7a5c6 internalUser251
21:40:10.175 [Test worker] DEBUG tourGuide.service.TourGuideService - User : 99d1f1c0-bc53-4fcc-920c-77432ea03340 internalUser252
21:40:10.177 [Test worker] DEBUG tourGuide.service.TourGuideService - User : baae3d46-8780-4638-ab8b-1c72983c6062 internalUser253
21:40:10.180 [Test worker] DEBUG tourGuide.service.TourGuideService - User : 8a8d2a1d-a177-44c5-b6ef-5d7b677214c4 internalUser254
21:40:10.181 [Test worker] DEBUG tourGuide.service.TourGuideService - User : 34ad73ab-f16b-4c45-bf2f-f1a68ecefc51 internalUser255
21:40:10.182 [Test worker] DEBUG tourGuide.service.TourGuideService - User : b42719f0-9730-45a4-b378-dd4859c7aad6 internalUser256
21:40:10.183 [Test worker] DEBUG tourGuide.service.TourGuideService - User : deddd865-8c87-4368-b333-346ef8b640c3 internalUser257
21:40:10.184 [Test worker] DEBUG tourGuide.service.TourGuideService - User : 46edf42d-b163-4ff5-8d34-6e468188deea internalUser258
21:40:10.184 [Test worker] DEBUG tourGuide.service.TourGuideService - User : 08c7e625-250c-47ca-af3e-66b22258561d internalUser259
21:40:10.185 [Test worker] DEBUG tourGuide.service.TourGuideService - User : 75ee416e-0aca-4042-ac34-9160da9503bc internalUser260
21:40:10.186 [Test worker] DEBUG tourGuide.service.TourGuideService - User : 3616f27b-5d3c-462c-9d6e-4897be6eae35 internalUser261
21:40:10.187 [Test worker] DEBUG tourGuide.service.TourGuideService - User : 71deab4c-927b-41d5-8562-cef9ec8fdc6c internalUser262
21:40:10.187 [Test worker] DEBUG tourGuide.service.TourGuideService - User : b315def9-b212-4545-b323-3293f8d0bc6e internalUser263
21:40:10.188 [Test worker] DEBUG tourGuide.service.TourGuideService - User : 51c1844a-d7d8-442b-b988-ac3e9032c6b9 internalUser264
21:40:10.189 [Test worker] DEBUG tourGuide.service.TourGuideService - User : c66a1914-22de-4b05-8a87-aa9159af0526 internalUser265
21:40:10.190 [Test worker] DEBUG tourGuide.service.TourGuideService - User : 8d5554fe-cb5c-44a7-b535-4c5ba45e984a internalUser266
21:40:10.191 [Test worker] DEBUG tourGuide.service.TourGuideService - User : cf96af36-78c7-4b96-b309-487b23375ada internalUser267
21:40:10.195 [Test worker] DEBUG tourGuide.service.TourGuideService - User : e00dec1c-2f67-453a-9c74-811870a3e6f1 internalUser268
21:40:10.197 [Test worker] DEBUG tourGuide.service.TourGuideService - User : f5da82bc-b979-4749-bf47-2ed445cd9e79 internalUser269
21:40:10.198 [Test worker] DEBUG tourGuide.service.TourGuideService - User : a0ed69a1-ce32-4579-843c-4d7c6dc137cb internalUser270
21:40:10.199 [Test worker] DEBUG tourGuide.service.TourGuideService - User : abf5ba56-624e-4f73-920f-220b4436d075 internalUser271
21:40:10.201 [Test worker] DEBUG tourGuide.service.TourGuideService - User : 8325c4da-f4ab-4592-9594-0698232f29c4 internalUser272
21:40:10.201 [Test worker] DEBUG tourGuide.service.TourGuideService - User : 168df3ee-ac03-4508-b329-4180f15a2c90 internalUser273
21:40:10.205 [Test worker] DEBUG tourGuide.service.TourGuideService - User : 80f1dcd8-2175-4ed3-acda-94955cd1fb13 internalUser274
21:40:10.206 [Test worker] DEBUG tourGuide.service.TourGuideService - User : a69da0eb-0cc2-4a1d-84bc-fa32ceffe765 internalUser275
21:40:10.207 [Test worker] DEBUG tourGuide.service.TourGuideService - User : c8ca2c65-ef60-4304-8c3f-f5920b8745f7 internalUser276
21:40:10.208 [Test worker] DEBUG tourGuide.service.TourGuideService - User : b9c692de-dd4b-4d29-a661-f9ae186c3998 internalUser277
21:40:10.209 [Test worker] DEBUG tourGuide.service.TourGuideService - User : 33724482-83fc-46cf-a9d3-f3338918d349 internalUser278
21:40:10.210 [Test worker] DEBUG tourGuide.service.TourGuideService - User : 69bcc175-f4fe-4b26-9119-4c2f775e4c08 internalUser279
21:40:10.211 [Test worker] DEBUG tourGuide.service.TourGuideService - User : b98ad1e2-f427-4245-96f0-5a4a46b1c989 internalUser280
21:40:10.211 [Test worker] DEBUG tourGuide.service.TourGuideService - User : eb0878e0-79be-458b-b513-a0ccc5b5a00c internalUser281
21:40:10.212 [Test worker] DEBUG tourGuide.service.TourGuideService - User : 64dc707e-2092-4049-9a89-dc71022c2899 internalUser282
21:40:10.212 [Test worker] DEBUG tourGuide.service.TourGuideService - User : a7b1f3a5-a376-44b6-828d-a07304d592c3 internalUser283
21:40:10.213 [Test worker] DEBUG tourGuide.service.TourGuideService - User : e1edaf1a-9f53-42e8-82e8-90bac297ce7d internalUser284
21:40:10.213 [Test worker] DEBUG tourGuide.service.TourGuideService - User : 3115e3bf-434f-4f6f-babf-656e8fbda29a internalUser285
21:40:10.213 [Test worker] DEBUG tourGuide.service.TourGuideService - User : 9a669ebb-b777-452a-b7cf-008d4b0fc4fe internalUser286
21:40:10.213 [Test worker] DEBUG tourGuide.service.TourGuideService - User : bef2b774-9022-4ec5-95b8-e102feb9d9c1 internalUser287
21:40:10.213 [Test worker] DEBUG tourGuide.service.TourGuideService - User : 36c6ba83-4d9e-484d-a530-0fd1600e03bf internalUser288
21:40:10.213 [Test worker] DEBUG tourGuide.service.TourGuideService - User : 353561a4-d326-479a-8608-abddf9fa9dab internalUser289
21:40:10.213 [Test worker] DEBUG tourGuide.service.TourGuideService - User : 7e578b2b-2a6b-41cf-870e-3494b05e4662 internalUser290
21:40:10.214 [Test worker] DEBUG tourGuide.service.TourGuideService - User : 96605125-cef9-4409-a7b8-ebd1b3b42711 internalUser291
21:40:10.215 [Test worker] DEBUG tourGuide.service.TourGuideService - User : 0a858e6a-3dff-498a-972f-ae96fd35850c internalUser292
21:40:10.216 [Test worker] DEBUG tourGuide.service.TourGuideService - User : 23758cd2-4af1-49ca-94ce-2250bc058671 internalUser293
21:40:10.216 [Test worker] DEBUG tourGuide.service.TourGuideService - User : 37989db1-ad5c-4bb3-91bc-2bfb63806f58 internalUser294
21:40:10.217 [Test worker] DEBUG tourGuide.service.TourGuideService - User : 1a746492-5c4a-4527-abe4-2d51ed73d867 internalUser295
21:40:10.218 [Test worker] DEBUG tourGuide.service.TourGuideService - User : a9b63514-5174-4ef2-b072-ead3d6913a2e internalUser296
21:40:10.218 [Test worker] DEBUG tourGuide.service.TourGuideService - User : 8f6937e5-899e-487a-92de-94b520714198 internalUser297
21:40:10.219 [Test worker] DEBUG tourGuide.service.TourGuideService - User : a3d4cbab-260e-4646-ae62-fc1ab243a095 internalUser298
21:40:10.220 [Test worker] DEBUG tourGuide.service.TourGuideService - User : bdde85c5-4ef6-47c3-9897-b2fe22a0f4f9 internalUser299
21:40:10.220 [Test worker] DEBUG tourGuide.service.TourGuideService - User : 0fa91a65-ec54-4f41-9864-a178c61a193d internalUser300
21:40:10.220 [Test worker] DEBUG tourGuide.service.TourGuideService - User : 908d8d79-34ff-47ac-a6c6-b6aad51d47e0 internalUser301
21:40:10.222 [Test worker] DEBUG tourGuide.service.TourGuideService - User : 8e6f5d25-65b9-4383-a17f-bfdbf6148fc9 internalUser302
21:40:10.223 [Test worker] DEBUG tourGuide.service.TourGuideService - User : e0602398-caa5-4925-a06d-fc19e7345bd8 internalUser303
21:40:10.224 [Test worker] DEBUG tourGuide.service.TourGuideService - User : 4ceaf757-9646-4cb2-8dbc-5c1d9e1b9931 internalUser304
21:40:10.226 [Test worker] DEBUG tourGuide.service.TourGuideService - User : 8b983419-1eb2-4269-a7bb-c25af1626130 internalUser305
21:40:10.228 [Test worker] DEBUG tourGuide.service.TourGuideService - User : cba27f49-4bce-45bb-ae3c-2f916f831f99 internalUser306
21:40:10.229 [Test worker] DEBUG tourGuide.service.TourGuideService - User : b89e532e-866c-43bb-98fc-ec989652d250 internalUser307
21:40:10.229 [Test worker] DEBUG tourGuide.service.TourGuideService - User : 2158f3e6-b658-4b66-af39-f2210d43c9e8 internalUser308
21:40:10.230 [Test worker] DEBUG tourGuide.service.TourGuideService - User : a7ab150d-d917-477f-a740-fa6a99b6de31 internalUser309
21:40:10.231 [Test worker] DEBUG tourGuide.service.TourGuideService - User : a28c7561-24a7-4a1b-b23e-c7158520933d internalUser310
21:40:10.231 [Test worker] DEBUG tourGuide.service.TourGuideService - User : 99391ce6-a167-4495-9360-cb83b4970059 internalUser311
21:40:10.231 [Test worker] DEBUG tourGuide.service.TourGuideService - User : a711039d-beba-453b-bfd0-10971684218d internalUser312
21:40:10.232 [Test worker] DEBUG tourGuide.service.TourGuideService - User : ce776d75-2571-463f-9d0c-1bd25691c05b internalUser313
21:40:10.233 [Test worker] DEBUG tourGuide.service.TourGuideService - User : 04878ee8-e7fb-4614-b677-5c273be67272 internalUser314
21:40:10.234 [Test worker] DEBUG tourGuide.service.TourGuideService - User : cf525d53-52c3-4bc2-be77-9c6a180b71ff internalUser315
21:40:10.235 [Test worker] DEBUG tourGuide.service.TourGuideService - User : c534a4f0-d58f-4e31-96ee-416a20b4c6c0 internalUser316
21:40:10.236 [Test worker] DEBUG tourGuide.service.TourGuideService - User : 9347edb0-75e7-4345-8c33-e76bd6e79dfa internalUser317
21:40:10.236 [Test worker] DEBUG tourGuide.service.TourGuideService - User : 1b0fa59a-d7e6-4805-9491-d74c6e92ee39 internalUser318
21:40:10.237 [Test worker] DEBUG tourGuide.service.TourGuideService - User : 5934786f-47e8-4e4c-bfa8-88f21be4ae6b internalUser319
21:40:10.238 [Test worker] DEBUG tourGuide.service.TourGuideService - User : 581a9e4e-1214-47e1-851b-008c78f572eb internalUser320
21:40:10.239 [Test worker] DEBUG tourGuide.service.TourGuideService - User : 9d86b57f-8c14-4805-9005-465c8b4c079c internalUser321
21:40:10.239 [Test worker] DEBUG tourGuide.service.TourGuideService - User : 553ce35c-507f-40db-b696-23311b9eb326 internalUser322
21:40:10.240 [Test worker] DEBUG tourGuide.service.TourGuideService - User : 6a187818-b5d3-420e-939d-abb4e846dac4 internalUser323
21:40:10.241 [Test worker] DEBUG tourGuide.service.TourGuideService - User : 5d87dd7a-f185-4ae8-aee5-6f33c355eea9 internalUser324
21:40:10.241 [Test worker] DEBUG tourGuide.service.TourGuideService - User : 05aedc9c-7b60-406b-8d93-d1c0ca78d2cf internalUser325
21:40:10.242 [Test worker] DEBUG tourGuide.service.TourGuideService - User : 4003bd39-cddc-4845-b9b9-5a5746fe9128 internalUser326
21:40:10.243 [Test worker] DEBUG tourGuide.service.TourGuideService - User : 54fda565-15c6-4cae-a8fb-9ed79f5a99cd internalUser327
21:40:10.244 [Test worker] DEBUG tourGuide.service.TourGuideService - User : 8b4a04f8-40a2-44ae-9109-ad58907ba1cf internalUser328
21:40:10.245 [Test worker] DEBUG tourGuide.service.TourGuideService - User : 49d2acc1-6da9-4e6e-9312-f0a065a33441 internalUser329
21:40:10.246 [Test worker] DEBUG tourGuide.service.TourGuideService - User : 0fe696ec-daf7-454d-8af0-3aa6e4664182 internalUser330
21:40:10.246 [Test worker] DEBUG tourGuide.service.TourGuideService - User : 9e6e9609-a9fd-4067-b383-79cd05fa7df0 internalUser331
21:40:10.247 [Test worker] DEBUG tourGuide.service.TourGuideService - User : c9e6590f-3565-4aa8-8108-bef3da43e530 internalUser332
21:40:10.247 [Test worker] DEBUG tourGuide.service.TourGuideService - User : 1d2bc1f4-1b76-419a-9781-c097bf61b4ff internalUser333
21:40:10.247 [Test worker] DEBUG tourGuide.service.TourGuideService - User : 5a6c6fd3-7ae2-42b4-b647-afb4f13ad450 internalUser334
21:40:10.247 [Test worker] DEBUG tourGuide.service.TourGuideService - User : 6764437c-d2de-44f3-b44a-79a86b0633c8 internalUser335
21:40:10.247 [Test worker] DEBUG tourGuide.service.TourGuideService - User : 5251864c-247a-488d-b6db-019952cf67f4 internalUser336
21:40:10.247 [Test worker] DEBUG tourGuide.service.TourGuideService - User : 9205095c-3c7a-49f4-a60c-f2ad7c54d5d2 internalUser337
21:40:10.247 [Test worker] DEBUG tourGuide.service.TourGuideService - User : e465ecee-0132-4974-a899-9c14ac59c656 internalUser338
21:40:10.247 [Test worker] DEBUG tourGuide.service.TourGuideService - User : 8b7d5688-6876-42c9-8d3e-a4b439886d25 internalUser339
21:40:10.248 [Test worker] DEBUG tourGuide.service.TourGuideService - User : 8e81e55b-2872-45e1-8795-a57fdaffd81a internalUser340
21:40:10.248 [Test worker] DEBUG tourGuide.service.TourGuideService - User : c4344326-cb24-4c87-9e3e-0a892a68e21a internalUser341
21:40:10.248 [Test worker] DEBUG tourGuide.service.TourGuideService - User : da9d55b0-3704-4e2a-bf87-16b3dc82be9e internalUser342
21:40:10.248 [Test worker] DEBUG tourGuide.service.TourGuideService - User : 4363967b-ed7e-4681-b160-29f674d18ab9 internalUser343
21:40:10.248 [Test worker] DEBUG tourGuide.service.TourGuideService - User : 7510b911-ad0d-4823-8dc2-49d462edb32f internalUser344
21:40:10.248 [Test worker] DEBUG tourGuide.service.TourGuideService - User : 8557d21b-eeef-46d7-8154-b807085d4d26 internalUser345
21:40:10.249 [Test worker] DEBUG tourGuide.service.TourGuideService - User : 781c9318-77d8-43a2-834d-370cef4ca50a internalUser346
21:40:10.249 [Test worker] DEBUG tourGuide.service.TourGuideService - User : a4ef226f-cda6-4652-83a1-452e6062b7b7 internalUser347
21:40:10.249 [Test worker] DEBUG tourGuide.service.TourGuideService - User : ee60451a-b128-4d45-88ef-ef4dd18c3b45 internalUser348
21:40:10.249 [Test worker] DEBUG tourGuide.service.TourGuideService - User : 6ce30abf-7dbb-4bef-a39f-56256898d699 internalUser349
21:40:10.249 [Test worker] DEBUG tourGuide.service.TourGuideService - User : 5849a093-de76-4f97-87f0-ff686c040c2f internalUser350
21:40:10.249 [Test worker] DEBUG tourGuide.service.TourGuideService - User : 2a08b033-e043-4d14-8aad-db7a0bd272ae internalUser351
21:40:10.249 [Test worker] DEBUG tourGuide.service.TourGuideService - User : 63056f39-7a2c-469f-8fa9-738a1548898b internalUser352
21:40:10.250 [Test worker] DEBUG tourGuide.service.TourGuideService - User : bd0bd9e2-5fef-463a-a0bd-4677a43829ee internalUser353
21:40:10.250 [Test worker] DEBUG tourGuide.service.TourGuideService - User : 8206ff0b-2ed5-47dc-8637-b825ab8af736 internalUser354
21:40:10.250 [Test worker] DEBUG tourGuide.service.TourGuideService - User : 44a6394d-5f71-4ca7-b34e-86c8e4668433 internalUser355
21:40:10.250 [Test worker] DEBUG tourGuide.service.TourGuideService - User : 214451d9-98f7-49a2-8e1f-6ffff6171a13 internalUser356
21:40:10.250 [Test worker] DEBUG tourGuide.service.TourGuideService - User : aa444f2f-056e-484c-ae57-10a03c6ee510 internalUser357
21:40:10.250 [Test worker] DEBUG tourGuide.service.TourGuideService - User : 8feb78bd-414a-45dc-aaf2-44659a8d954a internalUser358
21:40:10.251 [Test worker] DEBUG tourGuide.service.TourGuideService - User : abfd222c-7d85-429b-84f2-4f8afea385cf internalUser359
21:40:10.251 [Test worker] DEBUG tourGuide.service.TourGuideService - User : f229d75d-b03d-4a4b-8a37-047eda8f7abf internalUser360
21:40:10.251 [Test worker] DEBUG tourGuide.service.TourGuideService - User : 396b7015-02b6-488d-bdf4-6b9fec803de5 internalUser361
21:40:10.252 [Test worker] DEBUG tourGuide.service.TourGuideService - User : 4d0af9cd-ab78-44ee-ab92-a36760113582 internalUser362
21:40:10.252 [Test worker] DEBUG tourGuide.service.TourGuideService - User : 2cb7fe57-1f01-4de3-b9bb-5bb973ae0d1f internalUser363
21:40:10.252 [Test worker] DEBUG tourGuide.service.TourGuideService - User : d9624168-b02c-4589-abfe-88b05cc6c376 internalUser364
21:40:10.252 [Test worker] DEBUG tourGuide.service.TourGuideService - User : 4e9a981a-2b6c-4818-a2e9-100723ba3afe internalUser365
21:40:10.252 [Test worker] DEBUG tourGuide.service.TourGuideService - User : 2ee6de81-612c-4587-8129-5a2065f63c8f internalUser366
21:40:10.252 [Test worker] DEBUG tourGuide.service.TourGuideService - User : 44c8ec09-ca04-456d-b615-ed6aa0762f1b internalUser367
21:40:10.253 [Test worker] DEBUG tourGuide.service.TourGuideService - User : 31902b53-0682-41e8-87b7-e32c82a3dd9e internalUser368
21:40:10.253 [Test worker] DEBUG tourGuide.service.TourGuideService - User : 0d82fd67-3ad1-4881-8a50-26a479f442a4 internalUser369
21:40:10.253 [Test worker] DEBUG tourGuide.service.TourGuideService - User : ddb3018a-6c7f-49b1-ba32-5773457beded internalUser370
21:40:10.253 [Test worker] DEBUG tourGuide.service.TourGuideService - User : 6487b370-3606-45e7-b089-89e1a38d1e05 internalUser371
21:40:10.253 [Test worker] DEBUG tourGuide.service.TourGuideService - User : 9b8d3dad-9a7b-4bcc-83f8-a6a0cfc888f1 internalUser372
21:40:10.253 [Test worker] DEBUG tourGuide.service.TourGuideService - User : 90649f5b-6252-41a9-9996-55d2d25a375e internalUser373
21:40:10.253 [Test worker] DEBUG tourGuide.service.TourGuideService - User : c6a5b1f2-7be9-489b-bebc-325f4115228b internalUser374
21:40:10.253 [Test worker] DEBUG tourGuide.service.TourGuideService - User : eef59f83-01f1-43f9-ae42-3016d1d06a50 internalUser375
21:40:10.254 [Test worker] DEBUG tourGuide.service.TourGuideService - User : a4bb95dd-6b1e-456e-a6eb-0d324cc3d8a4 internalUser376
21:40:10.255 [Test worker] DEBUG tourGuide.service.TourGuideService - User : 850dcaff-595d-46bb-868a-9b12a5edb6e2 internalUser377
21:40:10.255 [Test worker] DEBUG tourGuide.service.TourGuideService - User : 1aa1389c-5cc6-43ac-b464-b9fafe21dc90 internalUser378
21:40:10.255 [Test worker] DEBUG tourGuide.service.TourGuideService - User : 9a64349f-aae8-4c64-8efb-1015b1752093 internalUser379
21:40:10.256 [Test worker] DEBUG tourGuide.service.TourGuideService - User : 6d6fa5ab-a76e-47e7-87d0-22c7c36d51f2 internalUser380
21:40:10.256 [Test worker] DEBUG tourGuide.service.TourGuideService - User : 3738ea59-2ad6-4c6b-b02e-e8bf1a7e93d0 internalUser381
21:40:10.256 [Test worker] DEBUG tourGuide.service.TourGuideService - User : 05f65ec5-f985-4d70-bdae-1d349dd8c619 internalUser382
21:40:10.258 [Test worker] DEBUG tourGuide.service.TourGuideService - User : 4d036b88-20c6-43b9-832a-865f461cf6e6 internalUser383
21:40:10.260 [Test worker] DEBUG tourGuide.service.TourGuideService - User : df82a8bc-5cfd-4879-ae5e-cd35e0c2014b internalUser384
21:40:10.265 [Test worker] DEBUG tourGuide.service.TourGuideService - User : bb5dfa62-f6c2-47d1-a49f-26ce4b51dd2c internalUser385
21:40:10.266 [Test worker] DEBUG tourGuide.service.TourGuideService - User : 27b9e818-acdb-4a15-8a4e-e6b7b05abf88 internalUser386
21:40:10.267 [Test worker] DEBUG tourGuide.service.TourGuideService - User : 989e2e1f-6aa2-4325-aacb-1229a3f3451d internalUser387
21:40:10.267 [Test worker] DEBUG tourGuide.service.TourGuideService - User : f0bd20a7-8d81-4e9c-9d7d-19f2e273269c internalUser388
21:40:10.268 [Test worker] DEBUG tourGuide.service.TourGuideService - User : 93aef26a-3700-4d71-a48a-d6e75b50d565 internalUser389
21:40:10.270 [Test worker] DEBUG tourGuide.service.TourGuideService - User : 4f2be7a0-782e-499f-9cdf-517f97d612db internalUser390
21:40:10.271 [Test worker] DEBUG tourGuide.service.TourGuideService - User : 6f702ee4-8337-4290-bbe1-edf234b7b326 internalUser391
21:40:10.272 [Test worker] DEBUG tourGuide.service.TourGuideService - User : 8b382c36-c683-4f15-aa74-5dfe0fbed84d internalUser392
21:40:10.272 [Test worker] DEBUG tourGuide.service.TourGuideService - User : 217dd010-8bbe-4c5e-9467-c3369ce066d1 internalUser393
21:40:10.273 [Test worker] DEBUG tourGuide.service.TourGuideService - User : 5fe96cbf-7eb1-4a31-adab-d2aa4e79ee42 internalUser394
21:40:10.273 [Test worker] DEBUG tourGuide.service.TourGuideService - User : fa3c9688-1134-467e-858e-1e551ebd724c internalUser395
21:40:10.274 [Test worker] DEBUG tourGuide.service.TourGuideService - User : ebaba0f6-6e02-4e98-973e-059278a366fe internalUser396
21:40:10.274 [Test worker] DEBUG tourGuide.service.TourGuideService - User : 9295ff31-8cad-44e3-a5a7-d1639cf93ac4 internalUser397
21:40:10.274 [Test worker] DEBUG tourGuide.service.TourGuideService - User : 24f78400-b202-43c5-8ad7-b98b1699f278 internalUser398
21:40:10.275 [Test worker] DEBUG tourGuide.service.TourGuideService - User : 8a417628-d463-4b58-8d3c-81032ec0c0ef internalUser399
21:40:10.276 [Test worker] DEBUG tourGuide.service.TourGuideService - User : fb6721a8-79be-400b-8b11-59b4023c7041 internalUser400
21:40:10.276 [Test worker] DEBUG tourGuide.service.TourGuideService - User : 6d2ddbc2-08e8-4b2b-aad3-9c36198c9a7a internalUser401
21:40:10.277 [Test worker] DEBUG tourGuide.service.TourGuideService - User : d702b503-cb94-4c58-8cbe-5364f5f1b564 internalUser402
21:40:10.278 [Test worker] DEBUG tourGuide.service.TourGuideService - User : 301a6219-7253-4005-b64c-9f3566351caa internalUser403
21:40:10.279 [Test worker] DEBUG tourGuide.service.TourGuideService - User : 3e355119-e4bf-417f-9a1d-901a00cbdb89 internalUser404
21:40:10.279 [Test worker] DEBUG tourGuide.service.TourGuideService - User : a47960f3-661a-4c30-8106-605ef8e45c08 internalUser405
21:40:10.279 [Test worker] DEBUG tourGuide.service.TourGuideService - User : a6d891cd-bb5b-4d43-b059-491992993002 internalUser406
21:40:10.280 [Test worker] DEBUG tourGuide.service.TourGuideService - User : 81977721-045f-4c83-ba86-91ce974ac724 internalUser407
21:40:10.281 [Test worker] DEBUG tourGuide.service.TourGuideService - User : 05732e11-ac30-47ca-87ec-b9a76e2e3cca internalUser408
21:40:10.281 [Test worker] DEBUG tourGuide.service.TourGuideService - User : a604d615-7c45-4599-a4ab-ea191e4c6b85 internalUser409
21:40:10.281 [Test worker] DEBUG tourGuide.service.TourGuideService - User : 8b8f4f10-9bfb-42c7-9dbc-7d7657c728cc internalUser410
21:40:10.281 [Test worker] DEBUG tourGuide.service.TourGuideService - User : a5a923da-af4c-42f5-b77a-edc8143ae2b4 internalUser411
21:40:10.284 [Test worker] DEBUG tourGuide.service.TourGuideService - User : d20e88d7-c859-4a6d-bdb2-4b991cef7a21 internalUser412
21:40:10.285 [Test worker] DEBUG tourGuide.service.TourGuideService - User : c41627ef-fedc-4e91-8094-d500f1acbcf6 internalUser413
21:40:10.285 [Test worker] DEBUG tourGuide.service.TourGuideService - User : 79b33d22-a4af-49b1-9845-e6bcf19434ee internalUser414
21:40:10.286 [Test worker] DEBUG tourGuide.service.TourGuideService - User : f57c2217-ddea-4f7a-b90f-106500147dc2 internalUser415
21:40:10.287 [Test worker] DEBUG tourGuide.service.TourGuideService - User : 8ca6aca5-8c38-40d0-a8d8-c44d8fc65e57 internalUser416
21:40:10.287 [Test worker] DEBUG tourGuide.service.TourGuideService - User : 9367fded-2cff-4be4-8470-f0622320ed01 internalUser417
21:40:10.288 [Test worker] DEBUG tourGuide.service.TourGuideService - User : f7310a0c-d663-42e6-96d7-482bbc7ac697 internalUser418
21:40:10.288 [Test worker] DEBUG tourGuide.service.TourGuideService - User : 427267e7-bbaf-474a-abe0-fb34d6f0aab5 internalUser419
21:40:10.288 [Test worker] DEBUG tourGuide.service.TourGuideService - User : 492ad546-fdff-478c-8586-2b7811d8bef9 internalUser420
21:40:10.288 [Test worker] DEBUG tourGuide.service.TourGuideService - User : e705dda3-31f8-484e-9c3e-1b2a19c9db4f internalUser421
21:40:10.288 [Test worker] DEBUG tourGuide.service.TourGuideService - User : aec2d916-893a-47ca-aa75-46dbff80a429 internalUser422
21:40:10.288 [Test worker] DEBUG tourGuide.service.TourGuideService - User : b876211d-d14f-4dd6-961f-c7879ee57f67 internalUser423
21:40:10.288 [Test worker] DEBUG tourGuide.service.TourGuideService - User : 440ef980-7119-4085-a2d6-d82dc1b44130 internalUser424
21:40:10.289 [Test worker] DEBUG tourGuide.service.TourGuideService - User : 9aa49a66-0484-43dd-a30e-6e70a4d7e785 internalUser425
21:40:10.289 [Test worker] DEBUG tourGuide.service.TourGuideService - User : b23ffaf5-8836-45cf-8555-cb768b55a42c internalUser426
21:40:10.289 [Test worker] DEBUG tourGuide.service.TourGuideService - User : f0da8b38-06d0-40c0-a3cd-9d13dcef425d internalUser427
21:40:10.289 [Test worker] DEBUG tourGuide.service.TourGuideService - User : 68a6a54c-9e84-43dd-b452-e35266b5f316 internalUser428
21:40:10.289 [Test worker] DEBUG tourGuide.service.TourGuideService - User : 0beb24a4-3faf-44a4-92ea-5a48d124fdf1 internalUser429
21:40:10.290 [Test worker] DEBUG tourGuide.service.TourGuideService - User : 07409683-4987-44be-9151-50c6a2e5ff26 internalUser430
21:40:10.290 [Test worker] DEBUG tourGuide.service.TourGuideService - User : 1d4c9066-5cfe-484c-a9eb-71b1277c8118 internalUser431
21:40:10.290 [Test worker] DEBUG tourGuide.service.TourGuideService - User : 7641679f-520b-4b5e-9807-f151dc7b68e5 internalUser432
21:40:10.290 [Test worker] DEBUG tourGuide.service.TourGuideService - User : 38b77aa0-88f1-49d9-a044-fc4bcc1f1c1e internalUser433
21:40:10.290 [Test worker] DEBUG tourGuide.service.TourGuideService - User : 6b00cb0e-7caa-4d1c-bb50-176be5c61679 internalUser434
21:40:10.290 [Test worker] DEBUG tourGuide.service.TourGuideService - User : f0798fcd-2572-4d6c-aa32-854476d0c5e4 internalUser435
21:40:10.291 [Test worker] DEBUG tourGuide.service.TourGuideService - User : 4c7d8595-dcb6-4208-98f9-c960105400fb internalUser436
21:40:10.291 [Test worker] DEBUG tourGuide.service.TourGuideService - User : 8ee4dcaf-1c63-47ed-a29a-b7fe863a9144 internalUser437
21:40:10.291 [Test worker] DEBUG tourGuide.service.TourGuideService - User : a50c8753-f130-46ec-a17f-de54dbe6aecb internalUser438
21:40:10.291 [Test worker] DEBUG tourGuide.service.TourGuideService - User : 57d1a92d-e3ce-4caa-a14d-bfa5500abd46 internalUser439
21:40:10.291 [Test worker] DEBUG tourGuide.service.TourGuideService - User : c3fc2ed4-a3c1-4dcf-8028-e97fc53ac378 internalUser440
21:40:10.291 [Test worker] DEBUG tourGuide.service.TourGuideService - User : 66e4d6a8-4d66-4630-b8d6-921d8efab312 internalUser441
21:40:10.291 [Test worker] DEBUG tourGuide.service.TourGuideService - User : aeb8c0dd-5941-47e8-b54f-a30efbbf8533 internalUser442
21:40:10.292 [Test worker] DEBUG tourGuide.service.TourGuideService - User : 7556f4af-ac50-4c51-b7c7-e29a1c4be5a1 internalUser443
21:40:10.297 [Test worker] DEBUG tourGuide.service.TourGuideService - User : 1b1ea07e-f887-40b0-a808-8402744c2d81 internalUser444
21:40:10.300 [Test worker] DEBUG tourGuide.service.TourGuideService - User : 6a77ea70-8385-4dde-b2e7-c80e7f82ed61 internalUser445
21:40:10.301 [Test worker] DEBUG tourGuide.service.TourGuideService - User : 9ae40d30-00d0-47b3-b1c1-664559eb540a internalUser446
21:40:10.301 [Test worker] DEBUG tourGuide.service.TourGuideService - User : acf6e05d-299c-41b8-853d-31d23cb99aa3 internalUser447
21:40:10.302 [Test worker] DEBUG tourGuide.service.TourGuideService - User : f3722245-8384-42d6-8d73-09edbb0c2fe6 internalUser448
21:40:10.308 [Test worker] DEBUG tourGuide.service.TourGuideService - User : 2aff1336-3b50-4d58-af2d-f2b480b9445c internalUser449
21:40:10.309 [Test worker] DEBUG tourGuide.service.TourGuideService - User : 316ac05c-9c71-4681-abd5-63e953541c5f internalUser450
21:40:10.310 [Test worker] DEBUG tourGuide.service.TourGuideService - User : 8e18aff0-5f74-4649-8658-7dfb92acd7fa internalUser451
21:40:10.312 [Test worker] DEBUG tourGuide.service.TourGuideService - User : 45191c95-bc0e-4359-bb0e-6ade5d1d1d0d internalUser452
21:40:10.312 [Test worker] DEBUG tourGuide.service.TourGuideService - User : 5604400f-e20f-4285-b86f-ecea5618b393 internalUser453
21:40:10.312 [Test worker] DEBUG tourGuide.service.TourGuideService - User : 2bfe8c48-b71c-422b-86df-532ef542d2e8 internalUser454
21:40:10.312 [Test worker] DEBUG tourGuide.service.TourGuideService - User : 20be7d8d-4c47-44f0-b8f8-5262481f1373 internalUser455
21:40:10.312 [Test worker] DEBUG tourGuide.service.TourGuideService - User : 76ca7f5e-1398-4fd6-867a-4d04dbbbd933 internalUser456
21:40:10.312 [Test worker] DEBUG tourGuide.service.TourGuideService - User : 6517e709-d71f-4dae-8ce9-fc049f081592 internalUser457
21:40:10.312 [Test worker] DEBUG tourGuide.service.TourGuideService - User : c93e82d0-ba0b-4105-87db-2e69ae679dcb internalUser458
21:40:10.312 [Test worker] DEBUG tourGuide.service.TourGuideService - User : 00ecbbb4-b180-47a2-94d4-5a3652d1a9c4 internalUser459
21:40:10.312 [Test worker] DEBUG tourGuide.service.TourGuideService - User : 919c1316-eb16-41f3-83b7-661a6aa15af9 internalUser460
21:40:10.313 [Test worker] DEBUG tourGuide.service.TourGuideService - User : 52094897-12d2-424f-80e8-8254003fe213 internalUser461
21:40:10.314 [Test worker] DEBUG tourGuide.service.TourGuideService - User : f7b59e46-069e-40f5-84ea-7f29305bb411 internalUser462
21:40:10.314 [Test worker] DEBUG tourGuide.service.TourGuideService - User : 73b85355-901f-4e56-ba69-f8002845a700 internalUser463
21:40:10.314 [Test worker] DEBUG tourGuide.service.TourGuideService - User : 5a0b34dd-5682-4b37-9bac-e9e2ce52e8ed internalUser464
21:40:10.314 [Test worker] DEBUG tourGuide.service.TourGuideService - User : 7e9fec16-fb08-4164-af84-266fb3570104 internalUser465
21:40:10.314 [Test worker] DEBUG tourGuide.service.TourGuideService - User : 69cf189f-d617-4416-a4e0-fc432038260d internalUser466
21:40:10.314 [Test worker] DEBUG tourGuide.service.TourGuideService - User : d347ab1c-3308-4402-b2f2-fcd630a465b4 internalUser467
21:40:10.314 [Test worker] DEBUG tourGuide.service.TourGuideService - User : 775e76d2-80ef-47e0-913b-27909a2455f1 internalUser468
21:40:10.314 [Test worker] DEBUG tourGuide.service.TourGuideService - User : a265b0fc-6746-4d01-b871-c893e8dce552 internalUser469
21:40:10.315 [Test worker] DEBUG tourGuide.service.TourGuideService - User : 1255f112-129b-471a-a70a-50d4f8960e62 internalUser470
21:40:10.316 [Test worker] DEBUG tourGuide.service.TourGuideService - User : fc9ba610-0c36-4ac1-9192-a895ac7befb7 internalUser471
21:40:10.316 [Test worker] DEBUG tourGuide.service.TourGuideService - User : 5ed70ecb-8e79-4f4f-9a0f-3af487cb64b7 internalUser472
21:40:10.316 [Test worker] DEBUG tourGuide.service.TourGuideService - User : 9a5fac42-9b7c-4514-a42c-420664211364 internalUser473
21:40:10.316 [Test worker] DEBUG tourGuide.service.TourGuideService - User : 0d8516d7-08bf-41a1-a97a-2f6c4a721375 internalUser474
21:40:10.316 [Test worker] DEBUG tourGuide.service.TourGuideService - User : 58e3f539-f2ec-4b57-8bd0-d1bc0c34ab9a internalUser475
21:40:10.316 [Test worker] DEBUG tourGuide.service.TourGuideService - User : 29f77edc-82a6-4e7a-bb30-3bed7d473f8d internalUser476
21:40:10.316 [Test worker] DEBUG tourGuide.service.TourGuideService - User : 18a856cf-860a-4bbd-91d4-c7a17472abf0 internalUser477
21:40:10.316 [Test worker] DEBUG tourGuide.service.TourGuideService - User : e9d1829e-c9b8-4060-b8d4-6a51d68304a9 internalUser478
21:40:10.316 [Test worker] DEBUG tourGuide.service.TourGuideService - User : 4955c375-c43b-4364-8bf6-e38d04335a6c internalUser479
21:40:10.317 [Test worker] DEBUG tourGuide.service.TourGuideService - User : 6e7495f3-e3cb-4528-8a68-50c7da4b0c5e internalUser480
21:40:10.317 [Test worker] DEBUG tourGuide.service.TourGuideService - User : ceb8afb7-b7fb-432b-a58c-5d7c8809b4f6 internalUser481
21:40:10.317 [Test worker] DEBUG tourGuide.service.TourGuideService - User : 47151141-b386-4c10-84f3-7d1a52e9ee6d internalUser482
21:40:10.317 [Test worker] DEBUG tourGuide.service.TourGuideService - User : 46a5f6ea-eadd-49b2-bbf5-e394ed6cfcb4 internalUser483
21:40:10.317 [Test worker] DEBUG tourGuide.service.TourGuideService - User : dc5ab3b8-d0ec-4553-9db5-1994e9057663 internalUser484
21:40:10.317 [Test worker] DEBUG tourGuide.service.TourGuideService - User : 36b8f97e-aa3a-4641-bb4f-e48fc1f87bdd internalUser485
21:40:10.317 [Test worker] DEBUG tourGuide.service.TourGuideService - User : 5c7e862b-51b2-418c-b62d-97a4445ea241 internalUser486
21:40:10.317 [Test worker] DEBUG tourGuide.service.TourGuideService - User : 0f30fc63-ced2-415a-b5ec-0a9706d296e5 internalUser487
21:40:10.317 [Test worker] DEBUG tourGuide.service.TourGuideService - User : 29f14a58-9a50-4b89-a5b0-24f7b398fb39 internalUser488
21:40:10.318 [Test worker] DEBUG tourGuide.service.TourGuideService - User : ff731229-5d3c-4ce6-83d8-7e2fb1240296 internalUser489
21:40:10.318 [Test worker] DEBUG tourGuide.service.TourGuideService - User : 01376e17-a12a-49b9-afeb-8aa4b7cabeed internalUser490
21:40:10.318 [Test worker] DEBUG tourGuide.service.TourGuideService - User : 8df3f184-7a20-4493-b4e1-5f0555a1dc72 internalUser491
21:40:10.319 [Test worker] DEBUG tourGuide.service.TourGuideService - User : 0a7e65d6-eab9-46fb-acbd-e7d9cb857f33 internalUser492
21:40:10.319 [Test worker] DEBUG tourGuide.service.TourGuideService - User : fcb1a050-e266-4239-b2c7-0da54079635f internalUser493
21:40:10.319 [Test worker] DEBUG tourGuide.service.TourGuideService - User : c4211a9c-13ca-4515-8c20-d061f9200e94 internalUser494
21:40:10.319 [Test worker] DEBUG tourGuide.service.TourGuideService - User : 77f848df-0d89-46cb-baed-a00f9411e684 internalUser495
21:40:10.321 [Test worker] DEBUG tourGuide.service.TourGuideService - User : be168b76-d8f9-4610-9c47-cbc6d173439a internalUser496
21:40:10.321 [Test worker] DEBUG tourGuide.service.TourGuideService - User : 19a2aa98-d9f4-49b3-873b-427a39acf1db internalUser497
21:40:10.321 [Test worker] DEBUG tourGuide.service.TourGuideService - User : e18772be-9ea6-4ae2-b06e-a9d68c0ef4ef internalUser498
21:40:10.322 [Test worker] DEBUG tourGuide.service.TourGuideService - User : 714258d2-5d2a-48da-b0a4-acb2c7c560ff internalUser499
21:40:10.322 [Test worker] DEBUG tourGuide.service.TourGuideService - User : 20c54fe3-4550-452e-8252-853dfd561f37 internalUser500
21:40:10.322 [Test worker] DEBUG tourGuide.service.TourGuideService - User : ae60ff8a-c4b0-4ffe-bf20-d0fb8b9c59d2 internalUser501
21:40:10.323 [Test worker] DEBUG tourGuide.service.TourGuideService - User : 1d56c6cb-206f-49d8-95d8-cae92fefc026 internalUser502
21:40:10.323 [Test worker] DEBUG tourGuide.service.TourGuideService - User : ffedca54-8508-4e35-8002-0f61f2c79e3d internalUser503
21:40:10.323 [Test worker] DEBUG tourGuide.service.TourGuideService - User : 0066179e-0041-4634-818d-e0fbaf1b1fe5 internalUser504
21:40:10.330 [Test worker] DEBUG tourGuide.service.TourGuideService - User : 0bf201a4-33fe-4972-b534-e5ebf46ce0b3 internalUser505
21:40:10.330 [Test worker] DEBUG tourGuide.service.TourGuideService - User : 626a7e57-239c-4917-a060-24f294288efd internalUser506
21:40:10.330 [Test worker] DEBUG tourGuide.service.TourGuideService - User : b51353ea-f37e-411c-8ebd-a9b26a81455a internalUser507
21:40:10.330 [Test worker] DEBUG tourGuide.service.TourGuideService - User : 4a2b69e9-5e52-4c8d-87a2-6c313030f954 internalUser508
21:40:10.330 [Test worker] DEBUG tourGuide.service.TourGuideService - User : 7b756e84-ca2c-422e-87f0-7e26ff38786f internalUser509
21:40:10.330 [Test worker] DEBUG tourGuide.service.TourGuideService - User : 53364db4-6ae0-4cc5-9f92-03558a76f506 internalUser510
21:40:10.332 [Test worker] DEBUG tourGuide.service.TourGuideService - User : 7a47574b-2dc8-464f-9f57-cbb451a336a2 internalUser511
21:40:10.332 [Test worker] DEBUG tourGuide.service.TourGuideService - User : fa3d1608-0550-4983-ab36-6e589ad95aeb internalUser512
21:40:10.332 [Test worker] DEBUG tourGuide.service.TourGuideService - User : 48fe2b57-ab02-47fc-939d-d4829b287187 internalUser513
21:40:10.333 [Test worker] DEBUG tourGuide.service.TourGuideService - User : 168ad8dd-67a9-4df6-bf99-7f32e968db05 internalUser514
21:40:10.333 [Test worker] DEBUG tourGuide.service.TourGuideService - User : e2f687e2-7255-423c-be54-a47c9d3e6f32 internalUser515
21:40:10.333 [Test worker] DEBUG tourGuide.service.TourGuideService - User : e31b6ed3-8ad9-40b0-916a-d73efd51e44f internalUser516
21:40:10.333 [Test worker] DEBUG tourGuide.service.TourGuideService - User : deb3c053-7385-426f-bb4a-45825957e044 internalUser517
21:40:10.333 [Test worker] DEBUG tourGuide.service.TourGuideService - User : 11cb907c-f867-4eb0-9a27-7f10472c1bee internalUser518
21:40:10.333 [Test worker] DEBUG tourGuide.service.TourGuideService - User : 465a7df7-3dc1-411a-83e0-c805b842da55 internalUser519
21:40:10.333 [Test worker] DEBUG tourGuide.service.TourGuideService - User : 8b325d82-5884-4881-b80f-bc2fa0b71b9a internalUser520
21:40:10.333 [Test worker] DEBUG tourGuide.service.TourGuideService - User : 530ccd54-ebd4-4fbd-95d0-1f85774397d8 internalUser521
21:40:10.333 [Test worker] DEBUG tourGuide.service.TourGuideService - User : 843298f3-f600-4721-b62d-76c25a533481 internalUser522
21:40:10.334 [Test worker] DEBUG tourGuide.service.TourGuideService - User : f883c8c3-e97e-47d6-ae80-05c7bbc7f871 internalUser523
21:40:10.334 [Test worker] DEBUG tourGuide.service.TourGuideService - User : ce280f52-043c-46ce-9248-eb1c7a72d1ee internalUser524
21:40:10.334 [Test worker] DEBUG tourGuide.service.TourGuideService - User : ed941252-dfea-40fb-a608-7b445167c859 internalUser525
21:40:10.334 [Test worker] DEBUG tourGuide.service.TourGuideService - User : 3a3e5859-ca00-45b3-be64-815515437380 internalUser526
21:40:10.334 [Test worker] DEBUG tourGuide.service.TourGuideService - User : baa74a9f-b9bd-4503-ba7e-925e9a2fb3eb internalUser527
21:40:10.334 [Test worker] DEBUG tourGuide.service.TourGuideService - User : 094df69f-2a9b-44d6-8336-2fac82cc74c2 internalUser528
21:40:10.334 [Test worker] DEBUG tourGuide.service.TourGuideService - User : 91b389ea-0ee8-4692-b6ea-e3503b2d3ff9 internalUser529
21:40:10.334 [Test worker] DEBUG tourGuide.service.TourGuideService - User : ed45f834-497d-4487-9783-4441963c186e internalUser530
21:40:10.334 [Test worker] DEBUG tourGuide.service.TourGuideService - User : 342df8d5-8d7a-4424-baa9-c4ef22d7e8cb internalUser531
21:40:10.336 [Test worker] DEBUG tourGuide.service.TourGuideService - User : ec2979ca-9237-4a21-b7d6-050e115f207a internalUser532
21:40:10.336 [Test worker] DEBUG tourGuide.service.TourGuideService - User : 35424a95-19b9-4e37-9f8c-23c142a7c69a internalUser533
21:40:10.336 [Test worker] DEBUG tourGuide.service.TourGuideService - User : 458db4b0-e0df-4640-8e82-10633c642d56 internalUser534
21:40:10.337 [Test worker] DEBUG tourGuide.service.TourGuideService - User : 6a9ea9a2-2903-451c-a5f9-c8351c88bf97 internalUser535
21:40:10.337 [Test worker] DEBUG tourGuide.service.TourGuideService - User : 200373db-42d3-4ee3-9c67-48b85b7349f9 internalUser536
21:40:10.337 [Test worker] DEBUG tourGuide.service.TourGuideService - User : 47803988-1265-4aa7-a97f-1eef65d40ee8 internalUser537
21:40:10.337 [Test worker] DEBUG tourGuide.service.TourGuideService - User : f6981c62-a7de-4e20-80de-d7d7d200cd1d internalUser538
21:40:10.337 [Test worker] DEBUG tourGuide.service.TourGuideService - User : 7ba3c463-eb2e-4c53-933a-97e694e55cd4 internalUser539
21:40:10.338 [Test worker] DEBUG tourGuide.service.TourGuideService - User : 19238bbc-6d06-4a90-a129-98c8ca4de92c internalUser540
21:40:10.338 [Test worker] DEBUG tourGuide.service.TourGuideService - User : 90e90afd-3b7a-44b5-82d3-11b7aa632136 internalUser541
21:40:10.338 [Test worker] DEBUG tourGuide.service.TourGuideService - User : 4ca56079-dbe1-4518-b17e-73906f1ff441 internalUser542
21:40:10.338 [Test worker] DEBUG tourGuide.service.TourGuideService - User : 69f71d60-8cb0-4e59-9789-f141127cf4bb internalUser543
21:40:10.338 [Test worker] DEBUG tourGuide.service.TourGuideService - User : 8d3d2929-ce14-4405-b03a-3e9371d8d908 internalUser544
21:40:10.338 [Test worker] DEBUG tourGuide.service.TourGuideService - User : c10350fd-dd81-42d5-abdf-e4c222679c26 internalUser545
21:40:10.339 [Test worker] DEBUG tourGuide.service.TourGuideService - User : 182f9e00-6878-4f52-8ca3-24c83cd0864c internalUser546
21:40:10.339 [Test worker] DEBUG tourGuide.service.TourGuideService - User : a44f7943-6228-428b-985c-43fda5ee88d0 internalUser547
21:40:10.339 [Test worker] DEBUG tourGuide.service.TourGuideService - User : 546bafab-5d7c-4618-9a60-0c6debbe00cb internalUser548
21:40:10.339 [Test worker] DEBUG tourGuide.service.TourGuideService - User : 0f391bca-e001-4302-ad37-a9340dca4b64 internalUser549
21:40:10.339 [Test worker] DEBUG tourGuide.service.TourGuideService - User : 7e0bbade-4a64-4ecf-8318-422e5976f2fb internalUser550
21:40:10.339 [Test worker] DEBUG tourGuide.service.TourGuideService - User : fab6f176-2783-4d2e-b446-066dba9ffb3e internalUser551
21:40:10.339 [Test worker] DEBUG tourGuide.service.TourGuideService - User : 555d0160-ba8f-4be1-8159-1be099ee13cf internalUser552
21:40:10.339 [Test worker] DEBUG tourGuide.service.TourGuideService - User : b719089d-59e7-4dda-87fb-f955ca8a1d7d internalUser553
21:40:10.339 [Test worker] DEBUG tourGuide.service.TourGuideService - User : b370e0d1-d8d4-473f-9884-8bec9027e7c6 internalUser554
21:40:10.339 [Test worker] DEBUG tourGuide.service.TourGuideService - User : 93e72b7e-03de-42b1-b92c-94ea32044813 internalUser555
21:40:10.340 [Test worker] DEBUG tourGuide.service.TourGuideService - User : 8740385e-3990-494e-9c76-8b196be8c9e9 internalUser556
21:40:10.340 [Test worker] DEBUG tourGuide.service.TourGuideService - User : 53b24a88-52f2-4246-81b4-35abf2d1a702 internalUser557
21:40:10.340 [Test worker] DEBUG tourGuide.service.TourGuideService - User : b801cc72-d11d-4497-9336-7c0e05d4665c internalUser558
21:40:10.340 [Test worker] DEBUG tourGuide.service.TourGuideService - User : a3bffe27-c485-4761-946e-7964aa262e71 internalUser559
21:40:10.340 [Test worker] DEBUG tourGuide.service.TourGuideService - User : bd51c4eb-b997-48cb-89ba-9e874f7b091a internalUser560
21:40:10.340 [Test worker] DEBUG tourGuide.service.TourGuideService - User : 61c39ab8-c841-4339-98cb-e5be575a0c0d internalUser561
21:40:10.340 [Test worker] DEBUG tourGuide.service.TourGuideService - User : bc6b93a0-9448-4623-8784-40b27d3fa9f4 internalUser562
21:40:10.340 [Test worker] DEBUG tourGuide.service.TourGuideService - User : 04eeed46-f932-4f04-be58-34f2ae6d6b18 internalUser563
21:40:10.341 [Test worker] DEBUG tourGuide.service.TourGuideService - User : c57ce60b-d1b9-43fe-9f96-15c0336a7050 internalUser564
21:40:10.341 [Test worker] DEBUG tourGuide.service.TourGuideService - User : c0170d15-1875-471a-8a64-d1da35357e53 internalUser565
21:40:10.341 [Test worker] DEBUG tourGuide.service.TourGuideService - User : 79c82c8d-542f-4dcc-ac1d-d60c0d33be11 internalUser566
21:40:10.341 [Test worker] DEBUG tourGuide.service.TourGuideService - User : 28c7356c-f5e0-40be-9f6e-ea9f3ac0810a internalUser567
21:40:10.341 [Test worker] DEBUG tourGuide.service.TourGuideService - User : 8d5fcbd7-4495-461d-983b-228c55d30f09 internalUser568
21:40:10.341 [Test worker] DEBUG tourGuide.service.TourGuideService - User : 9a08745b-0bdc-40f8-9392-ec22b75d0533 internalUser569
21:40:10.341 [Test worker] DEBUG tourGuide.service.TourGuideService - User : 989df21c-04d1-4630-81a9-2c66618e8065 internalUser570
21:40:10.341 [Test worker] DEBUG tourGuide.service.TourGuideService - User : 446af3a0-e8df-4f32-8057-f63b3f61c9fa internalUser571
21:40:10.342 [Test worker] DEBUG tourGuide.service.TourGuideService - User : 2bd6ed79-2422-4733-8cdb-3f4257cd77a3 internalUser572
21:40:10.342 [Test worker] DEBUG tourGuide.service.TourGuideService - User : c26147f2-10d1-4afd-8e34-1ac936c62e5a internalUser573
21:40:10.342 [Test worker] DEBUG tourGuide.service.TourGuideService - User : 882f423a-2969-4e0f-859d-bf8479f8c9e9 internalUser574
21:40:10.342 [Test worker] DEBUG tourGuide.service.TourGuideService - User : 825b2434-4580-4160-abac-8648fdef8536 internalUser575
21:40:10.342 [Test worker] DEBUG tourGuide.service.TourGuideService - User : 22e56cdb-eace-4347-b019-d3f47eeab7af internalUser576
21:40:10.343 [Test worker] DEBUG tourGuide.service.TourGuideService - User : 8ec58f2a-32c0-4847-955d-1cd77637cdf1 internalUser577
21:40:10.343 [Test worker] DEBUG tourGuide.service.TourGuideService - User : 8f531a1f-d9fd-440a-b930-ad606a56625b internalUser578
21:40:10.343 [Test worker] DEBUG tourGuide.service.TourGuideService - User : 2f48eb5a-e23b-45b7-9b82-df3fede082bc internalUser579
21:40:10.343 [Test worker] DEBUG tourGuide.service.TourGuideService - User : 5e4feac9-3ebd-476f-a617-fa0eb2070fc4 internalUser580
21:40:10.343 [Test worker] DEBUG tourGuide.service.TourGuideService - User : 26ba3664-5124-4c1b-b5a8-385d96376529 internalUser581
21:40:10.343 [Test worker] DEBUG tourGuide.service.TourGuideService - User : 97233827-7a10-4c39-8f3c-065e55acdb1f internalUser582
21:40:10.343 [Test worker] DEBUG tourGuide.service.TourGuideService - User : 544fdcc4-f081-415c-b32d-d805ae678b0d internalUser583
21:40:10.343 [Test worker] DEBUG tourGuide.service.TourGuideService - User : d9f99fcb-1f6b-418b-890f-3492ef9e4d79 internalUser584
21:40:10.344 [Test worker] DEBUG tourGuide.service.TourGuideService - User : bd812a37-d35e-4f38-9439-ac4bf46314fc internalUser585
21:40:10.344 [Test worker] DEBUG tourGuide.service.TourGuideService - User : 180e8114-f29e-4011-bfb4-38116b14ff2c internalUser586
21:40:10.345 [Test worker] DEBUG tourGuide.service.TourGuideService - User : bdd43092-d1f5-4917-8cc1-56421cab624c internalUser587
21:40:10.345 [Test worker] DEBUG tourGuide.service.TourGuideService - User : a1ee491d-4f43-458e-b4dc-38f0887a4e89 internalUser588
21:40:10.345 [Test worker] DEBUG tourGuide.service.TourGuideService - User : 787a6af9-a3e9-4eca-ad18-bde2a4da6eb8 internalUser589
21:40:10.345 [Test worker] DEBUG tourGuide.service.TourGuideService - User : 76b551bf-3b40-4a3d-abe2-759fad2f3f0c internalUser590
21:40:10.345 [Test worker] DEBUG tourGuide.service.TourGuideService - User : a9d4465d-7f16-4b30-8346-a52e028a6266 internalUser591
21:40:10.345 [Test worker] DEBUG tourGuide.service.TourGuideService - User : 2b218ce8-3207-4803-bb14-4f69b0a903cf internalUser592
21:40:10.345 [Test worker] DEBUG tourGuide.service.TourGuideService - User : d3720a93-8b64-4043-bb84-db4bf8084d12 internalUser593
21:40:10.346 [Test worker] DEBUG tourGuide.service.TourGuideService - User : f2ed67e9-f0a0-4260-a47a-f0feaa502afa internalUser594
21:40:10.346 [Test worker] DEBUG tourGuide.service.TourGuideService - User : 26db11a1-c3a0-4696-8bbd-9c18a1878b2a internalUser595
21:40:10.346 [Test worker] DEBUG tourGuide.service.TourGuideService - User : 311ef531-e677-40f4-b9dd-693e497041e3 internalUser596
21:40:10.346 [Test worker] DEBUG tourGuide.service.TourGuideService - User : 7cce3d80-c790-4cc3-b454-e20db150a81a internalUser597
21:40:10.346 [Test worker] DEBUG tourGuide.service.TourGuideService - User : 05ed3d43-77ba-4c49-b665-90be1a57aed8 internalUser598
21:40:10.346 [Test worker] DEBUG tourGuide.service.TourGuideService - User : 5b8a03f0-5237-41c8-8786-56c36b89cbfa internalUser599
21:40:10.346 [Test worker] DEBUG tourGuide.service.TourGuideService - User : 24d0b580-660e-4e75-9209-5ccbe4f54de4 internalUser600
21:40:10.346 [Test worker] DEBUG tourGuide.service.TourGuideService - User : 24c00a21-e938-4846-8a61-30080a1a0dc0 internalUser601
21:40:10.347 [Test worker] DEBUG tourGuide.service.TourGuideService - User : 69a96304-71fe-4f87-98d7-41cd6316e3f2 internalUser602
21:40:10.347 [Test worker] DEBUG tourGuide.service.TourGuideService - User : ed29c9d4-4c27-4782-b028-07d103f992e4 internalUser603
21:40:10.347 [Test worker] DEBUG tourGuide.service.TourGuideService - User : a231a3db-2fcc-43ad-966b-784d023343e9 internalUser604
21:40:10.347 [Test worker] DEBUG tourGuide.service.TourGuideService - User : 0bcddb2c-7b1f-4354-a91d-9c5241e0ddfa internalUser605
21:40:10.347 [Test worker] DEBUG tourGuide.service.TourGuideService - User : f742a0e6-2786-4ff5-8176-5a390b2eb41d internalUser606
21:40:10.347 [Test worker] DEBUG tourGuide.service.TourGuideService - User : b7c637c0-6c51-46ea-ba3a-ce83b2c57118 internalUser607
21:40:10.347 [Test worker] DEBUG tourGuide.service.TourGuideService - User : 91aa093a-5679-4e30-bf07-3e52c036c866 internalUser608
21:40:10.347 [Test worker] DEBUG tourGuide.service.TourGuideService - User : 18ebf275-787a-4c99-96f3-e34d38e0aa6c internalUser609
21:40:10.347 [Test worker] DEBUG tourGuide.service.TourGuideService - User : 51a24c9d-4837-48c9-8ca1-470bb4983ef0 internalUser610
21:40:10.349 [Test worker] DEBUG tourGuide.service.TourGuideService - User : 47255592-7f36-429f-a417-b05dd2fb9701 internalUser611
21:40:10.349 [Test worker] DEBUG tourGuide.service.TourGuideService - User : c04a317b-0673-459b-bd4e-9be1ef791224 internalUser612
21:40:10.349 [Test worker] DEBUG tourGuide.service.TourGuideService - User : 28585c8b-d2b7-4cc0-a1ab-7b911e51ee03 internalUser613
21:40:10.349 [Test worker] DEBUG tourGuide.service.TourGuideService - User : 511ee09b-8cc2-4154-afa2-25d993b01317 internalUser614
21:40:10.349 [Test worker] DEBUG tourGuide.service.TourGuideService - User : 105585a9-5208-4b7e-ac8d-f5e929fc4fa3 internalUser615
21:40:10.349 [Test worker] DEBUG tourGuide.service.TourGuideService - User : 30b2aef0-6d44-4286-adb5-afe01222624d internalUser616
21:40:10.350 [Test worker] DEBUG tourGuide.service.TourGuideService - User : d6fc0d00-fffc-4873-9e1f-86e46782902e internalUser617
21:40:10.350 [Test worker] DEBUG tourGuide.service.TourGuideService - User : c27576f9-5a4a-4316-b85b-f8b14fb96fd3 internalUser618
21:40:10.350 [Test worker] DEBUG tourGuide.service.TourGuideService - User : 6c822683-2753-4128-9d1b-ba53139830c5 internalUser619
21:40:10.350 [Test worker] DEBUG tourGuide.service.TourGuideService - User : 17c81a6f-3d62-4e7e-b0fe-2596fcba0889 internalUser620
21:40:10.350 [Test worker] DEBUG tourGuide.service.TourGuideService - User : b50509b5-607e-496b-97df-55a47487eff5 internalUser621
21:40:10.350 [Test worker] DEBUG tourGuide.service.TourGuideService - User : 75f33a22-cbdd-4a60-81e7-a42cccb95281 internalUser622
21:40:10.350 [Test worker] DEBUG tourGuide.service.TourGuideService - User : 848c04ee-aa55-41ad-946d-c7c934dbc90d internalUser623
21:40:10.350 [Test worker] DEBUG tourGuide.service.TourGuideService - User : 43e23534-7ae6-4931-8776-0f9d3d3f7f9d internalUser624
21:40:10.350 [Test worker] DEBUG tourGuide.service.TourGuideService - User : 5233d95b-926a-43c6-a62d-112c139aaeaa internalUser625
21:40:10.350 [Test worker] DEBUG tourGuide.service.TourGuideService - User : cf132cd2-69ca-4b35-861d-2b7539873335 internalUser626
21:40:10.350 [Test worker] DEBUG tourGuide.service.TourGuideService - User : 8b896f03-f250-4f8e-a63f-6827677e5f4f internalUser627
21:40:10.351 [Test worker] DEBUG tourGuide.service.TourGuideService - User : 6bacd607-ab64-4226-98c0-2d206d1473fb internalUser628
21:40:10.351 [Test worker] DEBUG tourGuide.service.TourGuideService - User : 4815c028-2a03-458a-8a38-6102ebc7619f internalUser629
21:40:10.351 [Test worker] DEBUG tourGuide.service.TourGuideService - User : c61d9b22-a129-473d-85d6-7a0206263b69 internalUser630
21:40:10.351 [Test worker] DEBUG tourGuide.service.TourGuideService - User : 9aafaae4-47dc-49a5-8da4-5dbb79d636b6 internalUser631
21:40:10.351 [Test worker] DEBUG tourGuide.service.TourGuideService - User : 0d11a165-ea7f-4135-b538-5437b22c59e1 internalUser632
21:40:10.351 [Test worker] DEBUG tourGuide.service.TourGuideService - User : 11865542-bc63-4297-ba47-3c857f55846f internalUser633
21:40:10.351 [Test worker] DEBUG tourGuide.service.TourGuideService - User : af9b5496-9ba0-4439-bb16-4baae25f78a5 internalUser634
21:40:10.351 [Test worker] DEBUG tourGuide.service.TourGuideService - User : 9584f12f-65da-4dfd-997a-118bda3c8873 internalUser635
21:40:10.351 [Test worker] DEBUG tourGuide.service.TourGuideService - User : a5508f0d-213a-425a-b57f-3bb17c7622a7 internalUser636
21:40:10.351 [Test worker] DEBUG tourGuide.service.TourGuideService - User : f0ae378b-5281-4ec7-bb23-1208371ff581 internalUser637
21:40:10.351 [Test worker] DEBUG tourGuide.service.TourGuideService - User : d8965834-8174-4556-bdad-ba4d88b59c18 internalUser638
21:40:10.352 [Test worker] DEBUG tourGuide.service.TourGuideService - User : 75e59dc4-19bd-4e02-a229-38b0eed9ffce internalUser639
21:40:10.352 [Test worker] DEBUG tourGuide.service.TourGuideService - User : 846a9197-a9ae-4f23-b003-ab6f2c88aad0 internalUser640
21:40:10.352 [Test worker] DEBUG tourGuide.service.TourGuideService - User : 0f561d75-e47b-486b-a29c-1b83d8823839 internalUser641
21:40:10.352 [Test worker] DEBUG tourGuide.service.TourGuideService - User : 60e6c2c7-8fc2-431b-8a7e-4bd0fe3d7848 internalUser642
21:40:10.352 [Test worker] DEBUG tourGuide.service.TourGuideService - User : a71faa60-64bd-4394-b263-04e8b6e2ad83 internalUser643
21:40:10.352 [Test worker] DEBUG tourGuide.service.TourGuideService - User : 30c806e5-6f29-4434-a167-213e17bc4980 internalUser644
21:40:10.352 [Test worker] DEBUG tourGuide.service.TourGuideService - User : f022875d-c33e-45fe-ab21-2e6e7df599c5 internalUser645
21:40:10.352 [Test worker] DEBUG tourGuide.service.TourGuideService - User : 5b008798-788f-4665-aaad-8519b7329d2d internalUser646
21:40:10.353 [Test worker] DEBUG tourGuide.service.TourGuideService - User : 23ef27e5-0730-453f-9157-f73831073775 internalUser647
21:40:10.353 [Test worker] DEBUG tourGuide.service.TourGuideService - User : 32192551-40dd-48d7-a4c1-7d26e6196d39 internalUser648
21:40:10.353 [Test worker] DEBUG tourGuide.service.TourGuideService - User : 8fbf9d0e-90be-4672-bba9-6f0916e931fc internalUser649
21:40:10.353 [Test worker] DEBUG tourGuide.service.TourGuideService - User : 36fd574e-5037-4b87-bbe0-f042234ba9f2 internalUser650
21:40:10.353 [Test worker] DEBUG tourGuide.service.TourGuideService - User : 38563615-2e21-4987-b006-f0e0cd4df2a6 internalUser651
21:40:10.353 [Test worker] DEBUG tourGuide.service.TourGuideService - User : e9090338-2cc6-41c3-af9b-c21b7970fe7f internalUser652
21:40:10.353 [Test worker] DEBUG tourGuide.service.TourGuideService - User : 8b25040f-050c-40e7-af01-b7566477f2fb internalUser653
21:40:10.353 [Test worker] DEBUG tourGuide.service.TourGuideService - User : 9e7fa29a-32ae-4ebb-b620-30f532de1412 internalUser654
21:40:10.353 [Test worker] DEBUG tourGuide.service.TourGuideService - User : 6b64fe0a-3829-4be0-b0ca-922e6db66dad internalUser655
21:40:10.353 [Test worker] DEBUG tourGuide.service.TourGuideService - User : 9a99cf27-5877-4bc2-99a1-a1f74d2dbcf2 internalUser656
21:40:10.353 [Test worker] DEBUG tourGuide.service.TourGuideService - User : 4ab831b2-001b-4342-be34-a30b3a9a5e4d internalUser657
21:40:10.353 [Test worker] DEBUG tourGuide.service.TourGuideService - User : 6e02e216-7141-4766-b79f-3f9eeb88e808 internalUser658
21:40:10.354 [Test worker] DEBUG tourGuide.service.TourGuideService - User : d9308a56-ab1d-4848-aaf3-9532494e0762 internalUser659
21:40:10.354 [Test worker] DEBUG tourGuide.service.TourGuideService - User : f87fec5f-839e-471c-b61a-d13ff8163943 internalUser660
21:40:10.354 [Test worker] DEBUG tourGuide.service.TourGuideService - User : 3330c687-67ab-4de9-97c7-82b3ff2dfc8e internalUser661
21:40:10.354 [Test worker] DEBUG tourGuide.service.TourGuideService - User : 33bf6bd5-6ae0-4cbe-8766-dfc393df18fa internalUser662
21:40:10.354 [Test worker] DEBUG tourGuide.service.TourGuideService - User : 96f810b9-deb9-45ec-a8f7-3f66e0b85d86 internalUser663
21:40:10.354 [Test worker] DEBUG tourGuide.service.TourGuideService - User : c31df40e-46dc-4d6e-9522-0515b39e93fc internalUser664
21:40:10.354 [Test worker] DEBUG tourGuide.service.TourGuideService - User : e01be00f-f23a-4379-b756-76b6e45b3bfb internalUser665
21:40:10.354 [Test worker] DEBUG tourGuide.service.TourGuideService - User : 49bb77d4-8735-49bb-b913-02b90790e15d internalUser666
21:40:10.354 [Test worker] DEBUG tourGuide.service.TourGuideService - User : afa20e5e-be97-4aee-a4b1-e04d8d691113 internalUser667
21:40:10.354 [Test worker] DEBUG tourGuide.service.TourGuideService - User : e9825ceb-8eb5-47f6-8853-64ccb32756c4 internalUser668
21:40:10.354 [Test worker] DEBUG tourGuide.service.TourGuideService - User : 0cdb6c8f-bf28-4798-a1bc-e468388e10c7 internalUser669
21:40:10.354 [Test worker] DEBUG tourGuide.service.TourGuideService - User : a68b79bc-a507-4810-8a29-d4897037438a internalUser670
21:40:10.354 [Test worker] DEBUG tourGuide.service.TourGuideService - User : a368312d-afb6-43b4-8f2a-08702ef75078 internalUser671
21:40:10.354 [Test worker] DEBUG tourGuide.service.TourGuideService - User : 5f018ea3-4497-49d0-9d6a-ba655d20d0a7 internalUser672
21:40:10.355 [Test worker] DEBUG tourGuide.service.TourGuideService - User : 9422f0ab-1bae-4d8d-be5b-e171a4d2fca5 internalUser673
21:40:10.355 [Test worker] DEBUG tourGuide.service.TourGuideService - User : 672ddd23-7305-404b-b267-262dc98fef0f internalUser674
21:40:10.355 [Test worker] DEBUG tourGuide.service.TourGuideService - User : 618e08f7-b2ab-4b7f-b846-590297004a1e internalUser675
21:40:10.355 [Test worker] DEBUG tourGuide.service.TourGuideService - User : 1d9ecd23-f2ea-4210-a8fb-3009255808a2 internalUser676
21:40:10.355 [Test worker] DEBUG tourGuide.service.TourGuideService - User : 8af57a05-d704-4162-aae6-d97c9ba0e720 internalUser677
21:40:10.355 [Test worker] DEBUG tourGuide.service.TourGuideService - User : 97c1bc36-0934-497f-8151-42e799a19425 internalUser678
21:40:10.355 [Test worker] DEBUG tourGuide.service.TourGuideService - User : e4b55cd6-ce45-46a9-b9e1-49ab82353562 internalUser679
21:40:10.355 [Test worker] DEBUG tourGuide.service.TourGuideService - User : b9490b99-b5b2-447c-ba60-3defdbdfc367 internalUser680
21:40:10.355 [Test worker] DEBUG tourGuide.service.TourGuideService - User : 7f1cfbd8-16ad-4a0b-a8cc-3d9324352163 internalUser681
21:40:10.355 [Test worker] DEBUG tourGuide.service.TourGuideService - User : e1be73eb-11ca-43a9-a3dc-172fed79e0d5 internalUser682
21:40:10.355 [Test worker] DEBUG tourGuide.service.TourGuideService - User : 92b81500-f174-44a9-b9b4-e0c6f254e74d internalUser683
21:40:10.355 [Test worker] DEBUG tourGuide.service.TourGuideService - User : 49ad175e-f3e9-43ed-9485-b2d9b85b4762 internalUser684
21:40:10.355 [Test worker] DEBUG tourGuide.service.TourGuideService - User : 0b40c831-27ff-4ff0-ab24-3010599ae305 internalUser685
21:40:10.356 [Test worker] DEBUG tourGuide.service.TourGuideService - User : bc1fc775-8f1d-4d9d-b4bc-30f3b587a475 internalUser686
21:40:10.356 [Test worker] DEBUG tourGuide.service.TourGuideService - User : ae2d1e15-d25f-4900-9255-0671f32ef922 internalUser687
21:40:10.356 [Test worker] DEBUG tourGuide.service.TourGuideService - User : 72b4ba5b-b895-4374-9e8f-356d879b9f16 internalUser688
21:40:10.356 [Test worker] DEBUG tourGuide.service.TourGuideService - User : c7e3b222-a0b3-4441-bed8-2451ee992c84 internalUser689
21:40:10.356 [Test worker] DEBUG tourGuide.service.TourGuideService - User : 96b1081f-e06f-44ab-9334-a0af073e71b5 internalUser690
21:40:10.356 [Test worker] DEBUG tourGuide.service.TourGuideService - User : 4f848504-0e14-402f-a450-92628d70aa86 internalUser691
21:40:10.356 [Test worker] DEBUG tourGuide.service.TourGuideService - User : 46868bf3-1725-4724-a271-b72522ec3100 internalUser692
21:40:10.356 [Test worker] DEBUG tourGuide.service.TourGuideService - User : 476407ec-ce3c-4775-b0ba-17f5c6af0925 internalUser693
21:40:10.356 [Test worker] DEBUG tourGuide.service.TourGuideService - User : d3db1ce5-e195-46ef-ac98-49f158065830 internalUser694
21:40:10.356 [Test worker] DEBUG tourGuide.service.TourGuideService - User : bd0cc934-1ed3-4c75-bb3d-5c7e20a27c69 internalUser695
21:40:10.356 [Test worker] DEBUG tourGuide.service.TourGuideService - User : 1f1450d6-57b3-4706-8268-cfeeffea83a1 internalUser696
21:40:10.357 [Test worker] DEBUG tourGuide.service.TourGuideService - User : 493f2c2b-eec5-41bb-b087-585def06fe65 internalUser697
21:40:10.357 [Test worker] DEBUG tourGuide.service.TourGuideService - User : 18b8d227-148c-4630-9d1c-2adba0dedc9a internalUser698
21:40:10.357 [Test worker] DEBUG tourGuide.service.TourGuideService - User : 59a91fdf-c7a7-45ce-aa79-014e615bdabb internalUser699
21:40:10.357 [Test worker] DEBUG tourGuide.service.TourGuideService - User : 4203578c-4d60-417a-ae40-08e6ddf80ee3 internalUser700
21:40:10.357 [Test worker] DEBUG tourGuide.service.TourGuideService - User : ed39208b-4ef6-4c05-b2a2-f9c96d35301e internalUser701
21:40:10.357 [Test worker] DEBUG tourGuide.service.TourGuideService - User : 00639d2b-91d3-43e3-97e3-9adbfb3752fd internalUser702
21:40:10.357 [Test worker] DEBUG tourGuide.service.TourGuideService - User : 0d34eb06-ebd2-4e99-9ab8-4bed0b390419 internalUser703
21:40:10.357 [Test worker] DEBUG tourGuide.service.TourGuideService - User : 30ee10dd-5567-46aa-88d3-4122ce0f6358 internalUser704
21:40:10.357 [Test worker] DEBUG tourGuide.service.TourGuideService - User : c0465217-301a-4acb-9ff1-fe98c34bac7d internalUser705
21:40:10.357 [Test worker] DEBUG tourGuide.service.TourGuideService - User : 4d300643-528b-4a9c-9a81-198bb8b28c0b internalUser706
21:40:10.357 [Test worker] DEBUG tourGuide.service.TourGuideService - User : fd3fc77e-04bc-420a-a0bd-cc1f136eab75 internalUser707
21:40:10.357 [Test worker] DEBUG tourGuide.service.TourGuideService - User : 2d3351ad-7472-4261-9216-cd60c044517e internalUser708
21:40:10.357 [Test worker] DEBUG tourGuide.service.TourGuideService - User : 2e96ba4d-819b-4055-bd2f-455a75c85b9b internalUser709
21:40:10.357 [Test worker] DEBUG tourGuide.service.TourGuideService - User : 30936620-375f-479b-bb4e-2af5ad5a7756 internalUser710
21:40:10.357 [Test worker] DEBUG tourGuide.service.TourGuideService - User : 1546e799-b437-4bcf-8649-5b0644bc21a6 internalUser711
21:40:10.358 [Test worker] DEBUG tourGuide.service.TourGuideService - User : 67418638-1427-40e2-81a8-e2287bc27b6a internalUser712
21:40:10.358 [Test worker] DEBUG tourGuide.service.TourGuideService - User : b6eb4311-aff6-435e-b948-feb1b3bc1825 internalUser713
21:40:10.358 [Test worker] DEBUG tourGuide.service.TourGuideService - User : d2b9a70b-2c35-40b4-b1b2-39c3e76592ae internalUser714
21:40:10.358 [Test worker] DEBUG tourGuide.service.TourGuideService - User : 8ef9a267-7cd0-4ca9-949d-301c17b29ae2 internalUser715
21:40:10.358 [Test worker] DEBUG tourGuide.service.TourGuideService - User : f2a00711-b635-4ae3-bf1b-fe2b231a1433 internalUser716
21:40:10.358 [Test worker] DEBUG tourGuide.service.TourGuideService - User : 67c5e85a-b1db-4584-8692-900ed1695087 internalUser717
21:40:10.358 [Test worker] DEBUG tourGuide.service.TourGuideService - User : 57211c3d-de8b-4580-9111-4a8aeed71ae0 internalUser718
21:40:10.358 [Test worker] DEBUG tourGuide.service.TourGuideService - User : 8d667f81-9a10-4b86-96c0-1ad04b2cd43c internalUser719
21:40:10.358 [Test worker] DEBUG tourGuide.service.TourGuideService - User : 73a5dff7-2ba3-40e7-aab9-5d4e5d86677b internalUser720
21:40:10.358 [Test worker] DEBUG tourGuide.service.TourGuideService - User : 671763ef-721e-42be-b1b0-c1cb2832e3ea internalUser721
21:40:10.358 [Test worker] DEBUG tourGuide.service.TourGuideService - User : fdad1164-b521-46c3-9522-4ba078ad96b1 internalUser722
21:40:10.358 [Test worker] DEBUG tourGuide.service.TourGuideService - User : f33242b3-4d3d-4e57-a83e-e335a5daddf8 internalUser723
21:40:10.359 [Test worker] DEBUG tourGuide.service.TourGuideService - User : e014681b-971e-446e-b789-5aac85d5f069 internalUser724
21:40:10.359 [Test worker] DEBUG tourGuide.service.TourGuideService - User : 5c1e8826-cef3-4a83-a6bc-d1fcec79ca22 internalUser725
21:40:10.360 [Test worker] DEBUG tourGuide.service.TourGuideService - User : bb3bb680-bdba-4320-acab-49b00ae1d64d internalUser726
21:40:10.360 [Test worker] DEBUG tourGuide.service.TourGuideService - User : 720588a6-949e-4c54-998a-1f552f032467 internalUser727
21:40:10.360 [Test worker] DEBUG tourGuide.service.TourGuideService - User : a45381c4-bd3e-43c7-80b3-b1549abe66fd internalUser728
21:40:10.360 [Test worker] DEBUG tourGuide.service.TourGuideService - User : ccef979d-7ce1-4fd0-bac9-dd8af7615b6b internalUser729
21:40:10.360 [Test worker] DEBUG tourGuide.service.TourGuideService - User : 4cd905a8-0165-4a53-84dd-6784fd8b410a internalUser730
21:40:10.360 [Test worker] DEBUG tourGuide.service.TourGuideService - User : 34fc3ae0-3304-46b2-bb4d-04c1fffefb66 internalUser731
21:40:10.360 [Test worker] DEBUG tourGuide.service.TourGuideService - User : 265aa546-a320-474e-9d70-d85401e2b9e5 internalUser732
21:40:10.360 [Test worker] DEBUG tourGuide.service.TourGuideService - User : 306c0b38-682b-4fe4-b4c3-a108d1badc51 internalUser733
21:40:10.360 [Test worker] DEBUG tourGuide.service.TourGuideService - User : e6d3ca19-4f71-4239-b34d-84a55c48bd5f internalUser734
21:40:10.361 [Test worker] DEBUG tourGuide.service.TourGuideService - User : cbdeacb5-44f4-4c69-acbc-10d33e744dfa internalUser735
21:40:10.361 [Test worker] DEBUG tourGuide.service.TourGuideService - User : 532532b1-624d-4ec2-bea2-aeb95085ead1 internalUser736
21:40:10.361 [Test worker] DEBUG tourGuide.service.TourGuideService - User : cb6d7643-db09-4983-9d10-a3ac3f7de15a internalUser737
21:40:10.361 [Test worker] DEBUG tourGuide.service.TourGuideService - User : fcb10a9f-cdfe-49bb-95f9-cfe72fa069ab internalUser738
21:40:10.361 [Test worker] DEBUG tourGuide.service.TourGuideService - User : 671f3787-6092-4a5d-8a7f-12aa1f53f1fc internalUser739
21:40:10.361 [Test worker] DEBUG tourGuide.service.TourGuideService - User : 33757497-91b5-4f26-961a-d5159159c1e4 internalUser740
21:40:10.361 [Test worker] DEBUG tourGuide.service.TourGuideService - User : 210ff63b-21b0-4afe-8e5a-ea44a9580088 internalUser741
21:40:10.361 [Test worker] DEBUG tourGuide.service.TourGuideService - User : 74b8bb68-5c9a-45f1-bfd8-a719e56599c3 internalUser742
21:40:10.361 [Test worker] DEBUG tourGuide.service.TourGuideService - User : 5fd359ff-096f-4c37-ba5e-68c419b9c42e internalUser743
21:40:10.361 [Test worker] DEBUG tourGuide.service.TourGuideService - User : 976068d1-c639-4e3d-bd3b-cd8603640b54 internalUser744
21:40:10.362 [Test worker] DEBUG tourGuide.service.TourGuideService - User : 0db95807-8415-4fd1-8151-268a06199e89 internalUser745
21:40:10.364 [Test worker] DEBUG tourGuide.service.TourGuideService - User : 1dbd81b1-fcd9-4ea6-abeb-1bcbb7a5fe2b internalUser746
21:40:10.364 [Test worker] DEBUG tourGuide.service.TourGuideService - User : de056965-7980-47b8-80e9-3ce6123af979 internalUser747
21:40:10.364 [Test worker] DEBUG tourGuide.service.TourGuideService - User : 44ee3a44-be53-4378-8522-6dcbe9084b08 internalUser748
21:40:10.364 [Test worker] DEBUG tourGuide.service.TourGuideService - User : b7b6044a-7be8-4ac2-82a5-02a80710763d internalUser749
21:40:10.365 [Test worker] DEBUG tourGuide.service.TourGuideService - User : 074a8d76-cbe6-4a05-a51d-1decfe4121a7 internalUser750
21:40:10.365 [Test worker] DEBUG tourGuide.service.TourGuideService - User : c0d3db32-90cf-4da6-bf13-b7bd0b37dbbc internalUser751
21:40:10.365 [Test worker] DEBUG tourGuide.service.TourGuideService - User : 20f1d659-a8c7-40e8-80ff-bbafcb56f328 internalUser752
21:40:10.365 [Test worker] DEBUG tourGuide.service.TourGuideService - User : 071a3267-1579-4aa4-8f04-1df86814b05b internalUser753
21:40:10.365 [Test worker] DEBUG tourGuide.service.TourGuideService - User : d5580fe8-dc74-495a-be73-328b21dd6051 internalUser754
21:40:10.366 [Test worker] DEBUG tourGuide.service.TourGuideService - User : 4f00493b-be47-4137-af51-cbf3ff48e0a6 internalUser755
21:40:10.366 [Test worker] DEBUG tourGuide.service.TourGuideService - User : 7bb1fbdf-7961-4959-a039-a4b926b454cf internalUser756
21:40:10.366 [Test worker] DEBUG tourGuide.service.TourGuideService - User : eb9f20f9-6c85-4d0d-97fb-34bd38bde595 internalUser757
21:40:10.367 [Test worker] DEBUG tourGuide.service.TourGuideService - User : 3421e445-3ffc-4903-8462-7cee3c1ceeb6 internalUser758
21:40:10.367 [Test worker] DEBUG tourGuide.service.TourGuideService - User : 26d1a1df-ddd4-4781-95c2-039a4f961348 internalUser759
21:40:10.367 [Test worker] DEBUG tourGuide.service.TourGuideService - User : 9f6e546b-55d9-484e-9280-37a2f610f40b internalUser760
21:40:10.367 [Test worker] DEBUG tourGuide.service.TourGuideService - User : e23a13cc-843c-45a4-b2ae-2e5aa7d3ceae internalUser761
21:40:10.367 [Test worker] DEBUG tourGuide.service.TourGuideService - User : 0f2a24d4-63f7-4438-bc8e-879fda6f2a03 internalUser762
21:40:10.368 [Test worker] DEBUG tourGuide.service.TourGuideService - User : 5cd972fe-a717-476d-a037-ccbe1b9d6530 internalUser763
21:40:10.368 [Test worker] DEBUG tourGuide.service.TourGuideService - User : d11b34b5-2d3c-4472-a3e0-e9f4ef23f35f internalUser764
21:40:10.368 [Test worker] DEBUG tourGuide.service.TourGuideService - User : e63f08ef-34d4-4ecc-9efb-b6150470798a internalUser765
21:40:10.368 [Test worker] DEBUG tourGuide.service.TourGuideService - User : bb637319-6feb-4fca-9eeb-94bf5d056444 internalUser766
21:40:10.369 [Test worker] DEBUG tourGuide.service.TourGuideService - User : 84506c9f-93be-4337-91ef-7b0260336dfe internalUser767
21:40:10.369 [Test worker] DEBUG tourGuide.service.TourGuideService - User : 4ad6096e-19e6-4c54-b506-281f8eb7d1b6 internalUser768
21:40:10.369 [Test worker] DEBUG tourGuide.service.TourGuideService - User : a04c3a65-2ead-41f6-9951-572a965914f2 internalUser769
21:40:10.369 [Test worker] DEBUG tourGuide.service.TourGuideService - User : 67dae989-1948-499b-8241-417dc963d641 internalUser770
21:40:10.369 [Test worker] DEBUG tourGuide.service.TourGuideService - User : 318a3386-279e-4ece-b215-5437a1635252 internalUser771
21:40:10.369 [Test worker] DEBUG tourGuide.service.TourGuideService - User : 341926d6-6f8a-45cb-ac6e-345f77728a8e internalUser772
21:40:10.370 [Test worker] DEBUG tourGuide.service.TourGuideService - User : 969e9ac5-3bb0-4394-9bc8-d897f5df8d1d internalUser773
21:40:10.370 [Test worker] DEBUG tourGuide.service.TourGuideService - User : a87ec8b2-6da4-4d63-9694-3bd58d5e563a internalUser774
21:40:10.370 [Test worker] DEBUG tourGuide.service.TourGuideService - User : 31e74d61-79fe-4eca-9b82-e2cb4fe88718 internalUser775
21:40:10.370 [Test worker] DEBUG tourGuide.service.TourGuideService - User : 8fe118af-b953-46ed-8846-19d503242d9f internalUser776
21:40:10.370 [Test worker] DEBUG tourGuide.service.TourGuideService - User : ef13b8a7-32bb-46c5-8d2e-0bbc7a285678 internalUser777
21:40:10.370 [Test worker] DEBUG tourGuide.service.TourGuideService - User : 1df86e14-a887-45e5-a7c2-164ed3edaaf6 internalUser778
21:40:10.370 [Test worker] DEBUG tourGuide.service.TourGuideService - User : 8b962218-7b75-43af-947c-172b84eb9538 internalUser779
21:40:10.370 [Test worker] DEBUG tourGuide.service.TourGuideService - User : 7721ae22-b2ad-4111-8538-a3a63f74936f internalUser780
21:40:10.370 [Test worker] DEBUG tourGuide.service.TourGuideService - User : 5613b24f-6a70-4f05-b1ac-ac11d264513c internalUser781
21:40:10.370 [Test worker] DEBUG tourGuide.service.TourGuideService - User : 6a85da28-4f5a-48db-94b0-b6b75e778dff internalUser782
21:40:10.370 [Test worker] DEBUG tourGuide.service.TourGuideService - User : 22776cc8-b707-4ac1-a40e-1cc2d273d3fa internalUser783
21:40:10.370 [Test worker] DEBUG tourGuide.service.TourGuideService - User : 8bca610a-98c1-40b6-81d1-ef22c1fa48dd internalUser784
21:40:10.370 [Test worker] DEBUG tourGuide.service.TourGuideService - User : 70db04d2-3bcc-42fd-9b2c-375fe4b4dfe8 internalUser785
21:40:10.370 [Test worker] DEBUG tourGuide.service.TourGuideService - User : 8091547a-cf6d-4faf-8b56-e97d83e0b875 internalUser786
21:40:10.371 [Test worker] DEBUG tourGuide.service.TourGuideService - User : 9b5affc0-9409-4160-9051-03fabd2fbaf2 internalUser787
21:40:10.371 [Test worker] DEBUG tourGuide.service.TourGuideService - User : e2bf79a9-b14b-4505-9a35-ff44a25b8e70 internalUser788
21:40:10.371 [Test worker] DEBUG tourGuide.service.TourGuideService - User : 69e87ec4-a6c1-424b-9121-2137ba42b858 internalUser789
21:40:10.371 [Test worker] DEBUG tourGuide.service.TourGuideService - User : 40cd5962-8bbb-42f8-99f5-bcde2f662b9d internalUser790
21:40:10.371 [Test worker] DEBUG tourGuide.service.TourGuideService - User : 76c51c71-9763-46d9-ae74-dd21aa6a688b internalUser791
21:40:10.372 [Test worker] DEBUG tourGuide.service.TourGuideService - User : 550e1f95-e086-4210-bea6-56df183f4dfc internalUser792
21:40:10.372 [Test worker] DEBUG tourGuide.service.TourGuideService - User : 1885904a-edda-462f-bac3-a20dc9171e93 internalUser793
21:40:10.372 [Test worker] DEBUG tourGuide.service.TourGuideService - User : a4384b70-4882-42b4-bb48-3164360d34a2 internalUser794
21:40:10.372 [Test worker] DEBUG tourGuide.service.TourGuideService - User : f01b0609-ea31-4316-b337-5847ab8737cc internalUser795
21:40:10.372 [Test worker] DEBUG tourGuide.service.TourGuideService - User : d1d429c9-8429-4984-b2d8-0093bdc06c31 internalUser796
21:40:10.372 [Test worker] DEBUG tourGuide.service.TourGuideService - User : 48686476-7755-4a64-ab2d-57116f7538b7 internalUser797
21:40:10.373 [Test worker] DEBUG tourGuide.service.TourGuideService - User : fa31c9e2-c01c-406d-9bf8-8c72b52737f7 internalUser798
21:40:10.373 [Test worker] DEBUG tourGuide.service.TourGuideService - User : 7c9d9d1f-a577-447e-9761-959d1999a2f5 internalUser799
21:40:10.373 [Test worker] DEBUG tourGuide.service.TourGuideService - User : 216645a6-b3d7-488c-96e0-921c84cf64a3 internalUser800
21:40:10.373 [Test worker] DEBUG tourGuide.service.TourGuideService - User : 58b63ca9-b633-4457-8713-bd4d4330445d internalUser801
21:40:10.373 [Test worker] DEBUG tourGuide.service.TourGuideService - User : 47e21999-f14c-4881-b140-39b90b85b311 internalUser802
21:40:10.373 [Test worker] DEBUG tourGuide.service.TourGuideService - User : 1237ea7e-eac8-4819-806e-86ad78f529e7 internalUser803
21:40:10.373 [Test worker] DEBUG tourGuide.service.TourGuideService - User : 5365347d-54f9-4ccd-b1b0-a0775a3c4608 internalUser804
21:40:10.373 [Test worker] DEBUG tourGuide.service.TourGuideService - User : 101b8a6b-dfe4-4bcd-a67f-0ab2313dbcf6 internalUser805
21:40:10.373 [Test worker] DEBUG tourGuide.service.TourGuideService - User : 02bb1fd8-afc4-4a56-b14c-974efe282228 internalUser806
21:40:10.373 [Test worker] DEBUG tourGuide.service.TourGuideService - User : 46e8f4db-8e71-4c86-aab3-bd35e402363d internalUser807
21:40:10.373 [Test worker] DEBUG tourGuide.service.TourGuideService - User : 66fe2ccf-4b18-451a-9789-d81ae8cb922e internalUser808
21:40:10.373 [Test worker] DEBUG tourGuide.service.TourGuideService - User : e4a7485a-f6e8-4cc7-9e6d-8169a53c9440 internalUser809
21:40:10.373 [Test worker] DEBUG tourGuide.service.TourGuideService - User : f73ca949-12c5-4c55-9cfd-f0a7777b3e49 internalUser810
21:40:10.373 [Test worker] DEBUG tourGuide.service.TourGuideService - User : ded2c8ec-ab75-4c0e-8e00-148d5e5f0cb7 internalUser811
21:40:10.373 [Test worker] DEBUG tourGuide.service.TourGuideService - User : eb23284c-6fd9-4e00-b054-fc624b381be6 internalUser812
21:40:10.373 [Test worker] DEBUG tourGuide.service.TourGuideService - User : c3071d2c-8372-4a28-aa64-1052bc594ec5 internalUser813
21:40:10.373 [Test worker] DEBUG tourGuide.service.TourGuideService - User : 8ad5cd36-9bb3-47e5-acf3-8cc0194e5c67 internalUser814
21:40:10.374 [Test worker] DEBUG tourGuide.service.TourGuideService - User : 620fd084-3a48-429e-83a8-80680364de9b internalUser815
21:40:10.374 [Test worker] DEBUG tourGuide.service.TourGuideService - User : 8423c926-cf09-4891-a98e-c5f6e1bf8a0c internalUser816
21:40:10.374 [Test worker] DEBUG tourGuide.service.TourGuideService - User : 5ee4efd9-cbd8-45a3-a8a5-baa09ed8184b internalUser817
21:40:10.374 [Test worker] DEBUG tourGuide.service.TourGuideService - User : 91aa19b2-5650-4908-a3e0-95817ce95dfc internalUser818
21:40:10.374 [Test worker] DEBUG tourGuide.service.TourGuideService - User : e0ced4eb-aee3-4b55-a029-4b1b16286c0e internalUser819
21:40:10.374 [Test worker] DEBUG tourGuide.service.TourGuideService - User : cca9ece8-a2e4-481a-80e2-0df14f1ad045 internalUser820
21:40:10.374 [Test worker] DEBUG tourGuide.service.TourGuideService - User : 150862d9-d2bd-41a5-abc8-841f63b2bb90 internalUser821
21:40:10.374 [Test worker] DEBUG tourGuide.service.TourGuideService - User : 24908f4f-f8a1-4cc8-ba20-6290a4f7c59d internalUser822
21:40:10.374 [Test worker] DEBUG tourGuide.service.TourGuideService - User : 5be98944-a87f-445b-abdd-8680f06b2625 internalUser823
21:40:10.374 [Test worker] DEBUG tourGuide.service.TourGuideService - User : 4fe307c4-5dbc-4ba4-8c75-fbd4bddf9d72 internalUser824
21:40:10.374 [Test worker] DEBUG tourGuide.service.TourGuideService - User : f84340a4-68d9-4f80-9f01-fc29143f8c79 internalUser825
21:40:10.374 [Test worker] DEBUG tourGuide.service.TourGuideService - User : 40a7ac81-bdc6-4714-825b-7e421511bc46 internalUser826
21:40:10.374 [Test worker] DEBUG tourGuide.service.TourGuideService - User : a66e8274-32ee-4ad2-bb79-9e3788f662d7 internalUser827
21:40:10.374 [Test worker] DEBUG tourGuide.service.TourGuideService - User : b19204a9-1e01-48ad-b48e-34f501fa9baf internalUser828
21:40:10.374 [Test worker] DEBUG tourGuide.service.TourGuideService - User : c153eb54-7725-40fc-964f-fe9938c803c4 internalUser829
21:40:10.375 [Test worker] DEBUG tourGuide.service.TourGuideService - User : 83636cee-8fdd-4e75-b515-a0dd16bfbeca internalUser830
21:40:10.375 [Test worker] DEBUG tourGuide.service.TourGuideService - User : 80f6d042-47d6-43a1-87b1-a0a69244b2d9 internalUser831
21:40:10.375 [Test worker] DEBUG tourGuide.service.TourGuideService - User : b51c014f-435f-40a7-a776-6d18876e33e1 internalUser832
21:40:10.375 [Test worker] DEBUG tourGuide.service.TourGuideService - User : 8418ce07-60fa-43e2-9919-1e7917961c38 internalUser833
21:40:10.375 [Test worker] DEBUG tourGuide.service.TourGuideService - User : 8ad822cb-28f3-41ee-beb7-b96f0e4817a8 internalUser834
21:40:10.375 [Test worker] DEBUG tourGuide.service.TourGuideService - User : c0695abb-40eb-42ec-adb0-aa0822b06db4 internalUser835
21:40:10.375 [Test worker] DEBUG tourGuide.service.TourGuideService - User : 75b582ce-24f5-4c92-9c96-3db38a3e4ff8 internalUser836
21:40:10.375 [Test worker] DEBUG tourGuide.service.TourGuideService - User : db4c2b74-d55d-45ee-95a0-8e363095d49a internalUser837
21:40:10.375 [Test worker] DEBUG tourGuide.service.TourGuideService - User : 39c09bfc-fbeb-42a3-9d43-95e4738c0948 internalUser838
21:40:10.375 [Test worker] DEBUG tourGuide.service.TourGuideService - User : c99b3717-9476-4bee-afa8-a757cef30c1f internalUser839
21:40:10.375 [Test worker] DEBUG tourGuide.service.TourGuideService - User : eaf2def6-d024-40a2-b58c-9834daf90333 internalUser840
21:40:10.376 [Test worker] DEBUG tourGuide.service.TourGuideService - User : 6e7389d9-6f7d-4914-9013-059272b26566 internalUser841
21:40:10.376 [Test worker] DEBUG tourGuide.service.TourGuideService - User : 7a09c2e5-2f42-441c-95b8-61df69bf263b internalUser842
21:40:10.376 [Test worker] DEBUG tourGuide.service.TourGuideService - User : 0cc7c63d-ba75-4de4-9397-0c9d609f8c23 internalUser843
21:40:10.376 [Test worker] DEBUG tourGuide.service.TourGuideService - User : db0c83fe-f93b-4873-a72e-18cbd581a2c3 internalUser844
21:40:10.376 [Test worker] DEBUG tourGuide.service.TourGuideService - User : a4c10d7f-acb1-4703-93e0-34ea36f1832f internalUser845
21:40:10.376 [Test worker] DEBUG tourGuide.service.TourGuideService - User : 93db867a-d5df-4e61-84d0-5f17b24a1b0d internalUser846
21:40:10.376 [Test worker] DEBUG tourGuide.service.TourGuideService - User : 9f2541b7-16d1-41c6-a1ef-45b001f77256 internalUser847
21:40:10.376 [Test worker] DEBUG tourGuide.service.TourGuideService - User : b8c37785-9624-48ed-bbb3-ea694234278a internalUser848
21:40:10.376 [Test worker] DEBUG tourGuide.service.TourGuideService - User : 6358cac3-088b-4ebf-b01b-683f8a0a5ba8 internalUser849
21:40:10.376 [Test worker] DEBUG tourGuide.service.TourGuideService - User : 5715026e-1b37-4f0f-aa18-cb97f1b0df65 internalUser850
21:40:10.376 [Test worker] DEBUG tourGuide.service.TourGuideService - User : 8547ba40-28c6-4492-976e-e5db2c16e056 internalUser851
21:40:10.376 [Test worker] DEBUG tourGuide.service.TourGuideService - User : c1e5b27b-1e87-41f9-8a29-036b79f6f663 internalUser852
21:40:10.376 [Test worker] DEBUG tourGuide.service.TourGuideService - User : 7314f77d-2893-4f9c-8a21-0978d797a637 internalUser853
21:40:10.376 [Test worker] DEBUG tourGuide.service.TourGuideService - User : 5a06971e-72e5-4e40-a586-cbd3e2c0d69e internalUser854
21:40:10.376 [Test worker] DEBUG tourGuide.service.TourGuideService - User : 926ddb88-e0fa-4169-936b-03059a2572ad internalUser855
21:40:10.377 [Test worker] DEBUG tourGuide.service.TourGuideService - User : 854441a2-a9a2-4c1c-bf5f-61a0adf6de56 internalUser856
21:40:10.377 [Test worker] DEBUG tourGuide.service.TourGuideService - User : b8a6a1b9-17b3-493c-bdc8-7d66c84201c3 internalUser857
21:40:10.377 [Test worker] DEBUG tourGuide.service.TourGuideService - User : a6b1bdb6-5ea9-4fdc-99d9-3f6faf44564c internalUser858
21:40:10.377 [Test worker] DEBUG tourGuide.service.TourGuideService - User : 618bcc5a-ee53-4e6a-a959-f535e4d16d1a internalUser859
21:40:10.377 [Test worker] DEBUG tourGuide.service.TourGuideService - User : 52c80c46-c1c8-44f4-9c89-2e75d1df4ef0 internalUser860
21:40:10.377 [Test worker] DEBUG tourGuide.service.TourGuideService - User : 39c38625-148e-4e77-aea6-721b79c118ca internalUser861
21:40:10.377 [Test worker] DEBUG tourGuide.service.TourGuideService - User : 34122123-b0e2-4832-92c4-f46713bd6e19 internalUser862
21:40:10.377 [Test worker] DEBUG tourGuide.service.TourGuideService - User : 41071909-c229-4325-8ee4-56bd75c16b88 internalUser863
21:40:10.377 [Test worker] DEBUG tourGuide.service.TourGuideService - User : 0519fffe-5a6a-4e2a-b821-968d03314662 internalUser864
21:40:10.377 [Test worker] DEBUG tourGuide.service.TourGuideService - User : c79a0cfc-90ba-43eb-a9fe-3042ac3406be internalUser865
21:40:10.377 [Test worker] DEBUG tourGuide.service.TourGuideService - User : 74eb35fa-796b-430b-b3ef-f89d9fa302db internalUser866
21:40:10.377 [Test worker] DEBUG tourGuide.service.TourGuideService - User : f012d6a3-f61b-413a-9012-681af848193e internalUser867
21:40:10.377 [Test worker] DEBUG tourGuide.service.TourGuideService - User : 7466e1ed-2de4-48e9-9304-5a125fda8973 internalUser868
21:40:10.377 [Test worker] DEBUG tourGuide.service.TourGuideService - User : 0985f2fc-ab8e-483f-b688-d0187e112aa0 internalUser869
21:40:10.377 [Test worker] DEBUG tourGuide.service.TourGuideService - User : 65cdcab4-c981-43c7-aa0a-36dd1e9b2b2e internalUser870
21:40:10.377 [Test worker] DEBUG tourGuide.service.TourGuideService - User : b7904b93-e761-4477-88a3-ec5c8836a851 internalUser871
21:40:10.377 [Test worker] DEBUG tourGuide.service.TourGuideService - User : 7e308e7d-21af-4b3d-8478-3904d5f5d660 internalUser872
21:40:10.377 [Test worker] DEBUG tourGuide.service.TourGuideService - User : 492181aa-e545-46ee-b0da-f5452b2fdf31 internalUser873
21:40:10.378 [Test worker] DEBUG tourGuide.service.TourGuideService - User : 862df125-66dc-4eb0-9afd-f57ccf3a0060 internalUser874
21:40:10.378 [Test worker] DEBUG tourGuide.service.TourGuideService - User : 5de2a6c2-3bf7-4e46-9a5a-be5fa6d138d1 internalUser875
21:40:10.378 [Test worker] DEBUG tourGuide.service.TourGuideService - User : 0a080963-6e99-4724-a591-ec7eec26cd86 internalUser876
21:40:10.378 [Test worker] DEBUG tourGuide.service.TourGuideService - User : b464573e-969a-4a37-a652-3ff9e238847a internalUser877
21:40:10.378 [Test worker] DEBUG tourGuide.service.TourGuideService - User : dfdd69e4-9fc6-4322-8c78-dfd9ccee6b9b internalUser878
21:40:10.378 [Test worker] DEBUG tourGuide.service.TourGuideService - User : 0a2254fe-385f-4ba1-a143-3c8708a55633 internalUser879
21:40:10.378 [Test worker] DEBUG tourGuide.service.TourGuideService - User : 04a466c4-574f-4842-a626-da36901632e6 internalUser880
21:40:10.378 [Test worker] DEBUG tourGuide.service.TourGuideService - User : a5728ec6-38a2-4aeb-802e-dfb9560ca0df internalUser881
21:40:10.378 [Test worker] DEBUG tourGuide.service.TourGuideService - User : 2469c093-363a-40b0-91ad-ff7023a07700 internalUser882
21:40:10.378 [Test worker] DEBUG tourGuide.service.TourGuideService - User : cd59ec38-6c7f-485b-9011-354bf78f0c74 internalUser883
21:40:10.378 [Test worker] DEBUG tourGuide.service.TourGuideService - User : a4e8cbcf-3172-486e-a7a8-8969542efaec internalUser884
21:40:10.378 [Test worker] DEBUG tourGuide.service.TourGuideService - User : 44d48cd1-0369-4688-a85a-62fcacc3a7b6 internalUser885
21:40:10.378 [Test worker] DEBUG tourGuide.service.TourGuideService - User : cc0d2c6d-d631-4aee-b0af-ecbad96bec75 internalUser886
21:40:10.378 [Test worker] DEBUG tourGuide.service.TourGuideService - User : 47c99fef-e25f-40e2-9cb5-413b323c5f85 internalUser887
21:40:10.378 [Test worker] DEBUG tourGuide.service.TourGuideService - User : b42a2b7a-1d82-47e3-83b6-5ea3efa2f4d0 internalUser888
21:40:10.378 [Test worker] DEBUG tourGuide.service.TourGuideService - User : c7557639-a14d-4923-9387-ab3e198a2768 internalUser889
21:40:10.379 [Test worker] DEBUG tourGuide.service.TourGuideService - User : 15aa2ed1-5f02-4bd6-8ed4-10b97c68a36d internalUser890
21:40:10.379 [Test worker] DEBUG tourGuide.service.TourGuideService - User : e27dc63a-a356-4bc9-b439-0aa734889441 internalUser891
21:40:10.379 [Test worker] DEBUG tourGuide.service.TourGuideService - User : dec41491-03ca-41fd-a6b4-54bfcab19066 internalUser892
21:40:10.379 [Test worker] DEBUG tourGuide.service.TourGuideService - User : e59b8dd4-c7e1-4940-aeee-17614577d312 internalUser893
21:40:10.379 [Test worker] DEBUG tourGuide.service.TourGuideService - User : feeb7f29-7c25-48b1-af96-b088b68be26d internalUser894
21:40:10.379 [Test worker] DEBUG tourGuide.service.TourGuideService - User : 77bf11ed-c12e-4322-a988-937596d431c9 internalUser895
21:40:10.379 [Test worker] DEBUG tourGuide.service.TourGuideService - User : 8c9dbd2c-d760-4593-b8d7-c08f019eb7c7 internalUser896
21:40:10.379 [Test worker] DEBUG tourGuide.service.TourGuideService - User : 60e05e00-db95-48da-97c1-1676c4fb5177 internalUser897
21:40:10.380 [Test worker] DEBUG tourGuide.service.TourGuideService - User : ec6342f3-c8eb-4ea1-87e8-f46405578ec2 internalUser898
21:40:10.380 [Test worker] DEBUG tourGuide.service.TourGuideService - User : 71d0f0c6-d5bc-41ee-a0fe-39241c5fad4c internalUser899
21:40:10.380 [Test worker] DEBUG tourGuide.service.TourGuideService - User : 0abd4d2c-2a79-446a-aa25-b488843b94b3 internalUser900
21:40:10.380 [Test worker] DEBUG tourGuide.service.TourGuideService - User : a659474d-b2df-4972-a1dc-77f37618e595 internalUser901
21:40:10.380 [Test worker] DEBUG tourGuide.service.TourGuideService - User : 309e48ed-5a64-4e97-b252-5782ef95cd2d internalUser902
21:40:10.380 [Test worker] DEBUG tourGuide.service.TourGuideService - User : ad7d3292-41d6-4182-a0f1-b17e7fa890b3 internalUser903
21:40:10.380 [Test worker] DEBUG tourGuide.service.TourGuideService - User : 6074adbf-5af4-4b7f-88d3-81558698e7da internalUser904
21:40:10.380 [Test worker] DEBUG tourGuide.service.TourGuideService - User : 4c46163a-e0d7-4e83-86b6-be92e6e26840 internalUser905
21:40:10.380 [Test worker] DEBUG tourGuide.service.TourGuideService - User : 6585ca6a-74d8-4fed-a1c4-6a8547d6a562 internalUser906
21:40:10.380 [Test worker] DEBUG tourGuide.service.TourGuideService - User : 43012a43-5db9-4f29-969a-57d7109369ad internalUser907
21:40:10.380 [Test worker] DEBUG tourGuide.service.TourGuideService - User : 3ec4f80d-8488-403a-be53-d5f3be009dfb internalUser908
21:40:10.380 [Test worker] DEBUG tourGuide.service.TourGuideService - User : dbe6b61d-9f93-463b-8a25-17debccc98f6 internalUser909
21:40:10.380 [Test worker] DEBUG tourGuide.service.TourGuideService - User : 3321cb38-6dbc-4d95-b453-83de8d5bc745 internalUser910
21:40:10.380 [Test worker] DEBUG tourGuide.service.TourGuideService - User : b32e09fc-fa5d-4777-8366-66060eeb01fd internalUser911
21:40:10.381 [Test worker] DEBUG tourGuide.service.TourGuideService - User : 2ebbac43-2b89-458d-946f-cbdfce668a3b internalUser912
21:40:10.381 [Test worker] DEBUG tourGuide.service.TourGuideService - User : 87db1c53-ab77-4247-a22d-c868bda22ba9 internalUser913
21:40:10.381 [Test worker] DEBUG tourGuide.service.TourGuideService - User : 66224ebd-165a-4216-b9c4-43630ff8476d internalUser914
21:40:10.381 [Test worker] DEBUG tourGuide.service.TourGuideService - User : 2db1faa5-3651-473a-a28f-c345157ce3ab internalUser915
21:40:10.381 [Test worker] DEBUG tourGuide.service.TourGuideService - User : cbd0d258-f954-4710-abab-827f5ebd3979 internalUser916
21:40:10.381 [Test worker] DEBUG tourGuide.service.TourGuideService - User : 120b5681-f1bf-4b03-919d-441012da0b6d internalUser917
21:40:10.381 [Test worker] DEBUG tourGuide.service.TourGuideService - User : 47123791-1f04-456d-9cb9-67f576779942 internalUser918
21:40:10.381 [Test worker] DEBUG tourGuide.service.TourGuideService - User : ab62dfc9-f1a3-45f9-8def-69156e31976a internalUser919
21:40:10.381 [Test worker] DEBUG tourGuide.service.TourGuideService - User : 7cdbbf9f-db00-4184-aeec-776546cef983 internalUser920
21:40:10.381 [Test worker] DEBUG tourGuide.service.TourGuideService - User : 81bc805d-7eb4-49d4-be01-c969eba4625f internalUser921
21:40:10.381 [Test worker] DEBUG tourGuide.service.TourGuideService - User : 7ffb2dbe-2af0-454b-bc10-5c8c5864ecbf internalUser922
21:40:10.381 [Test worker] DEBUG tourGuide.service.TourGuideService - User : 2257606a-b358-414c-99bb-ca08fb857df6 internalUser923
21:40:10.381 [Test worker] DEBUG tourGuide.service.TourGuideService - User : 3a3cf76a-af5c-48a3-8368-6bc189182740 internalUser924
21:40:10.382 [Test worker] DEBUG tourGuide.service.TourGuideService - User : acd1ba8d-cc2f-4460-a901-68df8ed69395 internalUser925
21:40:10.382 [Test worker] DEBUG tourGuide.service.TourGuideService - User : 5a3b0af9-7928-496c-b643-90b408068515 internalUser926
21:40:10.382 [Test worker] DEBUG tourGuide.service.TourGuideService - User : 56c06563-be2e-4b3e-809c-e5b79f271b85 internalUser927
21:40:10.382 [Test worker] DEBUG tourGuide.service.TourGuideService - User : 60287628-9aaf-452e-ae63-589fb7a4b74c internalUser928
21:40:10.382 [Test worker] DEBUG tourGuide.service.TourGuideService - User : f67ab4fd-2b48-482c-bcfc-6807e154816c internalUser929
21:40:10.382 [Test worker] DEBUG tourGuide.service.TourGuideService - User : 1dd5cac6-4089-44df-9bbb-ecc224d69188 internalUser930
21:40:10.382 [Test worker] DEBUG tourGuide.service.TourGuideService - User : 2e734b73-4323-445e-907e-c7449ebbbaf8 internalUser931
21:40:10.382 [Test worker] DEBUG tourGuide.service.TourGuideService - User : 2b3bf3b7-6d6c-4275-b0cd-2bfc20af8d1a internalUser932
21:40:10.382 [Test worker] DEBUG tourGuide.service.TourGuideService - User : bba6240c-1d79-437f-9d08-0a97f42957b2 internalUser933
21:40:10.382 [Test worker] DEBUG tourGuide.service.TourGuideService - User : 0e2e2374-837b-4cc9-94bb-8bfa2ee103c5 internalUser934
21:40:10.382 [Test worker] DEBUG tourGuide.service.TourGuideService - User : e4e53b67-3664-463f-9f04-3349d55962be internalUser935
21:40:10.382 [Test worker] DEBUG tourGuide.service.TourGuideService - User : 2868f48a-0804-4dfb-ba8f-7a3469476a16 internalUser936
21:40:10.382 [Test worker] DEBUG tourGuide.service.TourGuideService - User : 37993317-0252-4aa0-8a12-c1664c1862a0 internalUser937
21:40:10.382 [Test worker] DEBUG tourGuide.service.TourGuideService - User : 22260c46-fefd-4ef9-b328-8434c282a4d9 internalUser938
21:40:10.382 [Test worker] DEBUG tourGuide.service.TourGuideService - User : 7d873052-1577-4de9-b306-9ac95242d64d internalUser939
21:40:10.383 [Test worker] DEBUG tourGuide.service.TourGuideService - User : c8a27f77-3bf5-49dc-b8d0-1c8f2304fcab internalUser940
21:40:10.383 [Test worker] DEBUG tourGuide.service.TourGuideService - User : b8784c50-a422-438c-82ec-20d663d3cb66 internalUser941
21:40:10.383 [Test worker] DEBUG tourGuide.service.TourGuideService - User : c77dc429-37c9-4bc1-b166-724acdd50eae internalUser942
21:40:10.383 [Test worker] DEBUG tourGuide.service.TourGuideService - User : 7b255f59-5b0f-409e-b789-fbab57f4788c internalUser943
21:40:10.383 [Test worker] DEBUG tourGuide.service.TourGuideService - User : 9eb33c81-a242-4677-a7ed-871fd31eeeeb internalUser944
21:40:10.383 [Test worker] DEBUG tourGuide.service.TourGuideService - User : 0899d38c-68d6-4b11-8dcb-f59f0cd89bdb internalUser945
21:40:10.383 [Test worker] DEBUG tourGuide.service.TourGuideService - User : 976a8ad4-5bbd-4e97-b521-438e08b8367f internalUser946
21:40:10.383 [Test worker] DEBUG tourGuide.service.TourGuideService - User : 9fae2e2c-eddb-4582-b604-38a1b92c2970 internalUser947
21:40:10.383 [Test worker] DEBUG tourGuide.service.TourGuideService - User : fe25e399-e41d-4d8c-bcbb-92fa58fe47ac internalUser948
21:40:10.383 [Test worker] DEBUG tourGuide.service.TourGuideService - User : eba09433-c97d-4533-8d60-04033df8812a internalUser949
21:40:10.383 [Test worker] DEBUG tourGuide.service.TourGuideService - User : 7229ae57-505b-4a97-bb9b-94558a3a1d03 internalUser950
21:40:10.383 [Test worker] DEBUG tourGuide.service.TourGuideService - User : 833cdd6d-3558-4b61-acc6-530b66b5a76c internalUser951
21:40:10.383 [Test worker] DEBUG tourGuide.service.TourGuideService - User : 97fc33fa-cb80-4913-9738-9e1069223a50 internalUser952
21:40:10.384 [Test worker] DEBUG tourGuide.service.TourGuideService - User : 82b72dc1-7a50-4ed5-89e1-b119d0e15256 internalUser953
21:40:10.384 [Test worker] DEBUG tourGuide.service.TourGuideService - User : b6ddf67d-9a93-480d-80b1-2eb9d811e0f1 internalUser954
21:40:10.384 [Test worker] DEBUG tourGuide.service.TourGuideService - User : 08a4ec42-aca6-4836-a3fc-bf2655272c24 internalUser955
21:40:10.384 [Test worker] DEBUG tourGuide.service.TourGuideService - User : d61b2287-ce1b-4b34-a75d-3f2d71a63b46 internalUser956
21:40:10.384 [Test worker] DEBUG tourGuide.service.TourGuideService - User : 5621041d-bfbe-4aea-a095-ee8e5fd6e78e internalUser957
21:40:10.384 [Test worker] DEBUG tourGuide.service.TourGuideService - User : 8286c675-88da-4ff9-86d7-19f789753227 internalUser958
21:40:10.384 [Test worker] DEBUG tourGuide.service.TourGuideService - User : 341a991b-473b-4612-a15d-1cebe048f08f internalUser959
21:40:10.384 [Test worker] DEBUG tourGuide.service.TourGuideService - User : b30925e6-f1d3-47fb-9ac7-cdf937372d6e internalUser960
21:40:10.384 [Test worker] DEBUG tourGuide.service.TourGuideService - User : 1bd792fb-5224-4a08-ab15-28d78ba90122 internalUser961
21:40:10.384 [Test worker] DEBUG tourGuide.service.TourGuideService - User : c5f2466d-93e9-4624-95e7-476ea37c71b4 internalUser962
21:40:10.384 [Test worker] DEBUG tourGuide.service.TourGuideService - User : 0d05736d-5b02-4671-87ec-3071f0b8ac5b internalUser963
21:40:10.384 [Test worker] DEBUG tourGuide.service.TourGuideService - User : eac5747d-1774-4acb-a073-9863e43cbc30 internalUser964
21:40:10.384 [Test worker] DEBUG tourGuide.service.TourGuideService - User : f656675e-6c76-4d8f-b9f8-cc305a8f1125 internalUser965
21:40:10.384 [Test worker] DEBUG tourGuide.service.TourGuideService - User : 2271fee9-b8f3-4e19-bb0c-0741b3436e64 internalUser966
21:40:10.384 [Test worker] DEBUG tourGuide.service.TourGuideService - User : e9993fa8-3134-4dc3-a05a-62e8849035b3 internalUser967
21:40:10.384 [Test worker] DEBUG tourGuide.service.TourGuideService - User : a59556b6-b3aa-49db-a00a-112984dc1d16 internalUser968
21:40:10.385 [Test worker] DEBUG tourGuide.service.TourGuideService - User : 447950f4-4850-40a1-b48b-f030cc5c8b1f internalUser969
21:40:10.385 [Test worker] DEBUG tourGuide.service.TourGuideService - User : f2b1c26f-e94f-496b-9c6c-f740dcadaf97 internalUser970
21:40:10.385 [Test worker] DEBUG tourGuide.service.TourGuideService - User : d067fddb-df3d-42e3-b5d3-91a30e207767 internalUser971
21:40:10.385 [Test worker] DEBUG tourGuide.service.TourGuideService - User : 2a718cfb-bc82-4fb9-a560-65ce726698c5 internalUser972
21:40:10.385 [Test worker] DEBUG tourGuide.service.TourGuideService - User : 87713c1b-8b1f-41f3-aff2-6a532cf63e87 internalUser973
21:40:10.385 [Test worker] DEBUG tourGuide.service.TourGuideService - User : 25f51bca-3342-4205-b4e0-bb8481f163fb internalUser974
21:40:10.385 [Test worker] DEBUG tourGuide.service.TourGuideService - User : 4a8e19db-227d-4b5d-9916-a5269c70270d internalUser975
21:40:10.385 [Test worker] DEBUG tourGuide.service.TourGuideService - User : 107d7efa-553d-4969-bb31-e26b2bcda29f internalUser976
21:40:10.385 [Test worker] DEBUG tourGuide.service.TourGuideService - User : 1378facd-871c-4e95-befa-60ddb092754f internalUser977
21:40:10.385 [Test worker] DEBUG tourGuide.service.TourGuideService - User : ebca231d-0c53-4793-98f7-eb4990e39bde internalUser978
21:40:10.385 [Test worker] DEBUG tourGuide.service.TourGuideService - User : 1d8e4626-9920-47a7-ad01-cb27cf2cb6b4 internalUser979
21:40:10.385 [Test worker] DEBUG tourGuide.service.TourGuideService - User : 99bb4ef6-96af-46c5-96f6-966876d5ef7c internalUser980
21:40:10.385 [Test worker] DEBUG tourGuide.service.TourGuideService - User : cc94033a-cba9-4644-9f2c-333982b737ad internalUser981
21:40:10.385 [Test worker] DEBUG tourGuide.service.TourGuideService - User : 5ede704f-16d2-4909-928d-70e55829c5a4 internalUser982
21:40:10.385 [Test worker] DEBUG tourGuide.service.TourGuideService - User : 559589a4-3536-410b-8e80-86fabcaa7353 internalUser983
21:40:10.385 [Test worker] DEBUG tourGuide.service.TourGuideService - User : 649ec5f8-1d6f-4182-afba-3088603c6d72 internalUser984
21:40:10.386 [Test worker] DEBUG tourGuide.service.TourGuideService - User : f0d6012f-26d5-474c-8ab6-dc5db1ae3c0d internalUser985
21:40:10.386 [Test worker] DEBUG tourGuide.service.TourGuideService - User : 455b0017-8479-43eb-93e7-0c68dd5e4eb8 internalUser986
21:40:10.386 [Test worker] DEBUG tourGuide.service.TourGuideService - User : 06a31c37-6760-42b6-8031-d648b1eff5f9 internalUser987
21:40:10.386 [Test worker] DEBUG tourGuide.service.TourGuideService - User : 4896e115-6ae4-45e8-9402-71f74b67dfdc internalUser988
21:40:10.386 [Test worker] DEBUG tourGuide.service.TourGuideService - User : 36112c19-dff3-4e40-8a4f-11ed51140549 internalUser989
21:40:10.386 [Test worker] DEBUG tourGuide.service.TourGuideService - User : cbaddb10-e771-4214-af1f-a73e85ba53ec internalUser990
21:40:10.386 [Test worker] DEBUG tourGuide.service.TourGuideService - User : 1c3e7bf3-ea88-4c81-86e2-1fb03f2b6279 internalUser991
21:40:10.386 [Test worker] DEBUG tourGuide.service.TourGuideService - User : ccd2c3df-26b3-490c-bb23-f18af5ed61c8 internalUser992
21:40:10.386 [Test worker] DEBUG tourGuide.service.TourGuideService - User : 9e6a32a2-49b4-429d-bc73-7902733947b0 internalUser993
21:40:10.386 [Test worker] DEBUG tourGuide.service.TourGuideService - User : 22d2c026-e3f6-4328-9f48-469db2d0cd39 internalUser994
21:40:10.386 [Test worker] DEBUG tourGuide.service.TourGuideService - User : 05d199ee-60d1-47e2-8909-bf2ba9589579 internalUser995
21:40:10.386 [Test worker] DEBUG tourGuide.service.TourGuideService - User : 8017c198-95ff-4e31-8a1a-280c0617fc94 internalUser996
21:40:10.386 [Test worker] DEBUG tourGuide.service.TourGuideService - User : a0ebe26c-08fa-44da-b645-04582b8266ad internalUser997
21:40:10.386 [Test worker] DEBUG tourGuide.service.TourGuideService - User : 2106a7d1-adbd-4d99-8b1a-0f0a6e0a103e internalUser998
21:40:10.386 [Test worker] DEBUG tourGuide.service.TourGuideService - User : 0b9a51a3-becc-4a53-af02-1be720ef1711 internalUser999
21:40:10.386 [Test worker] DEBUG tourGuide.service.TourGuideService - Created 1000 internal test users.
21:40:10.386 [Test worker] DEBUG tourGuide.service.TourGuideService - Finished initializing users
21:40:10.391 [Test worker] INFO tourGuide.service.TourGuideService - addShutDownHook
21:40:10.396 [Test worker] INFO tourGuide.service.TourGuideService - trackUserLocationForAllUsers
21:40:10.396 [pool-3-thread-1] DEBUG tourGuide.tracker.Tracker - Begin Tracker. Tracking 1000 users.
21:40:10.396 [pool-3-thread-1] INFO tourGuide.service.TourGuideService - trackUserLocationForAllUsers
21:40:10.397 [pool-3-thread-1] INFO tourGuide.service.TourGuideService - trackUserLocationAsync for user : internalUser163
21:40:10.397 [Test worker] INFO tourGuide.service.TourGuideService - trackUserLocationAsync for user : internalUser163
21:40:10.400 [pool-3-thread-1] INFO tourGuide.service.TourGuideService - trackUserLocationAsync for user : internalUser164
21:40:10.400 [Test worker] INFO tourGuide.service.TourGuideService - trackUserLocationAsync for user : internalUser164
21:40:10.400 [pool-3-thread-1] INFO tourGuide.service.TourGuideService - trackUserLocationAsync for user : internalUser161
21:40:10.400 [Test worker] INFO tourGuide.service.TourGuideService - trackUserLocationAsync for user : internalUser161
21:40:10.400 [pool-3-thread-1] INFO tourGuide.service.TourGuideService - trackUserLocationAsync for user : internalUser162
21:40:10.400 [pool-3-thread-1] INFO tourGuide.service.TourGuideService - trackUserLocationAsync for user : internalUser160
21:40:10.400 [Test worker] INFO tourGuide.service.TourGuideService - trackUserLocationAsync for user : internalUser162
21:40:10.400 [pool-3-thread-1] INFO tourGuide.service.TourGuideService - trackUserLocationAsync for user : internalUser169
21:40:10.400 [Test worker] INFO tourGuide.service.TourGuideService - trackUserLocationAsync for user : internalUser160
21:40:10.400 [pool-3-thread-1] INFO tourGuide.service.TourGuideService - trackUserLocationAsync for user : internalUser167
21:40:10.400 [Test worker] INFO tourGuide.service.TourGuideService - trackUserLocationAsync for user : internalUser169
21:40:10.401 [pool-3-thread-1] INFO tourGuide.service.TourGuideService - trackUserLocationAsync for user : internalUser168
21:40:10.401 [Test worker] INFO tourGuide.service.TourGuideService - trackUserLocationAsync for user : internalUser167
21:40:10.401 [pool-3-thread-1] INFO tourGuide.service.TourGuideService - trackUserLocationAsync for user : internalUser165
21:40:10.401 [pool-3-thread-1] INFO tourGuide.service.TourGuideService - trackUserLocationAsync for user : internalUser166
21:40:10.401 [Test worker] INFO tourGuide.service.TourGuideService - trackUserLocationAsync for user : internalUser168
21:40:10.401 [pool-3-thread-1] INFO tourGuide.service.TourGuideService - trackUserLocationAsync for user : internalUser174
21:40:10.401 [pool-3-thread-1] INFO tourGuide.service.TourGuideService - trackUserLocationAsync for user : internalUser175
21:40:10.401 [pool-3-thread-1] INFO tourGuide.service.TourGuideService - trackUserLocationAsync for user : internalUser172
21:40:10.402 [pool-3-thread-1] INFO tourGuide.service.TourGuideService - trackUserLocationAsync for user : internalUser173
21:40:10.402 [pool-3-thread-1] INFO tourGuide.service.TourGuideService - trackUserLocationAsync for user : internalUser170
21:40:10.402 [pool-3-thread-1] INFO tourGuide.service.TourGuideService - trackUserLocationAsync for user : internalUser171
21:40:10.402 [pool-3-thread-1] INFO tourGuide.service.TourGuideService - trackUserLocationAsync for user : internalUser178
21:40:10.402 [pool-3-thread-1] INFO tourGuide.service.TourGuideService - trackUserLocationAsync for user : internalUser179
21:40:10.402 [pool-3-thread-1] INFO tourGuide.service.TourGuideService - trackUserLocationAsync for user : internalUser176
21:40:10.402 [pool-3-thread-1] INFO tourGuide.service.TourGuideService - trackUserLocationAsync for user : internalUser177
21:40:10.402 [pool-3-thread-1] INFO tourGuide.service.TourGuideService - trackUserLocationAsync for user : internalUser185
21:40:10.402 [pool-3-thread-1] INFO tourGuide.service.TourGuideService - trackUserLocationAsync for user : internalUser186
21:40:10.403 [pool-3-thread-1] INFO tourGuide.service.TourGuideService - trackUserLocationAsync for user : internalUser183
21:40:10.403 [pool-3-thread-1] INFO tourGuide.service.TourGuideService - trackUserLocationAsync for user : internalUser184
21:40:10.403 [pool-3-thread-1] INFO tourGuide.service.TourGuideService - trackUserLocationAsync for user : internalUser181
21:40:10.403 [pool-3-thread-1] INFO tourGuide.service.TourGuideService - trackUserLocationAsync for user : internalUser182
21:40:10.403 [pool-3-thread-1] INFO tourGuide.service.TourGuideService - trackUserLocationAsync for user : internalUser180
21:40:10.403 [pool-3-thread-1] INFO tourGuide.service.TourGuideService - trackUserLocationAsync for user : internalUser189
21:40:10.403 [pool-3-thread-1] INFO tourGuide.service.TourGuideService - trackUserLocationAsync for user : internalUser187
21:40:10.403 [pool-3-thread-1] INFO tourGuide.service.TourGuideService - trackUserLocationAsync for user : internalUser188
21:40:10.403 [pool-3-thread-1] INFO tourGuide.service.TourGuideService - trackUserLocationAsync for user : internalUser196
21:40:10.404 [pool-3-thread-1] INFO tourGuide.service.TourGuideService - trackUserLocationAsync for user : internalUser197
21:40:10.404 [pool-3-thread-1] INFO tourGuide.service.TourGuideService - trackUserLocationAsync for user : internalUser194
21:40:10.404 [pool-3-thread-1] INFO tourGuide.service.TourGuideService - trackUserLocationAsync for user : internalUser195
21:40:10.404 [pool-3-thread-1] INFO tourGuide.service.TourGuideService - trackUserLocationAsync for user : internalUser192
21:40:10.404 [pool-3-thread-1] INFO tourGuide.service.TourGuideService - trackUserLocationAsync for user : internalUser193
21:40:10.404 [pool-3-thread-1] INFO tourGuide.service.TourGuideService - trackUserLocationAsync for user : internalUser190
21:40:10.404 [pool-3-thread-1] INFO tourGuide.service.TourGuideService - trackUserLocationAsync for user : internalUser191
21:40:10.404 [pool-3-thread-1] INFO tourGuide.service.TourGuideService - trackUserLocationAsync for user : internalUser198
21:40:10.404 [pool-3-thread-1] INFO tourGuide.service.TourGuideService - trackUserLocationAsync for user : internalUser199
21:40:10.405 [pool-3-thread-1] INFO tourGuide.service.TourGuideService - trackUserLocationAsync for user : internalUser361
21:40:10.405 [pool-3-thread-1] INFO tourGuide.service.TourGuideService - trackUserLocationAsync for user : internalUser120
21:40:10.405 [pool-3-thread-1] INFO tourGuide.service.TourGuideService - trackUserLocationAsync for user : internalUser362
21:40:10.405 [pool-3-thread-1] INFO tourGuide.service.TourGuideService - trackUserLocationAsync for user : internalUser360
21:40:10.405 [pool-3-thread-1] INFO tourGuide.service.TourGuideService - trackUserLocationAsync for user : internalUser127
21:40:10.405 [pool-3-thread-1] INFO tourGuide.service.TourGuideService - trackUserLocationAsync for user : internalUser369
21:40:10.405 [pool-3-thread-1] INFO tourGuide.service.TourGuideService - trackUserLocationAsync for user : internalUser128
21:40:10.405 [pool-3-thread-1] INFO tourGuide.service.TourGuideService - trackUserLocationAsync for user : internalUser125
21:40:10.405 [pool-3-thread-1] INFO tourGuide.service.TourGuideService - trackUserLocationAsync for user : internalUser367
21:40:10.406 [pool-3-thread-1] INFO tourGuide.service.TourGuideService - trackUserLocationAsync for user : internalUser126
21:40:10.406 [pool-3-thread-1] INFO tourGuide.service.TourGuideService - trackUserLocationAsync for user : internalUser368
21:40:10.406 [pool-3-thread-1] INFO tourGuide.service.TourGuideService - trackUserLocationAsync for user : internalUser123
21:40:10.406 [pool-3-thread-1] INFO tourGuide.service.TourGuideService - trackUserLocationAsync for user : internalUser365
21:40:10.406 [pool-3-thread-1] INFO tourGuide.service.TourGuideService - trackUserLocationAsync for user : internalUser124
21:40:10.406 [pool-3-thread-1] INFO tourGuide.service.TourGuideService - trackUserLocationAsync for user : internalUser366
21:40:10.406 [pool-3-thread-1] INFO tourGuide.service.TourGuideService - trackUserLocationAsync for user : internalUser121
21:40:10.406 [pool-3-thread-1] INFO tourGuide.service.TourGuideService - trackUserLocationAsync for user : internalUser363
21:40:10.406 [pool-3-thread-1] INFO tourGuide.service.TourGuideService - trackUserLocationAsync for user : internalUser122
21:40:10.406 [pool-3-thread-1] INFO tourGuide.service.TourGuideService - trackUserLocationAsync for user : internalUser364
21:40:10.407 [pool-3-thread-1] INFO tourGuide.service.TourGuideService - trackUserLocationAsync for user : internalUser129
21:40:10.407 [pool-3-thread-1] INFO tourGuide.service.TourGuideService - trackUserLocationAsync for user : internalUser130
21:40:10.407 [Test worker] INFO tourGuide.service.TourGuideService - trackUserLocationAsync for user : internalUser165
21:40:10.407 [pool-3-thread-1] INFO tourGuide.service.TourGuideService - trackUserLocationAsync for user : internalUser372
21:40:10.407 [Test worker] INFO tourGuide.service.TourGuideService - trackUserLocationAsync for user : internalUser166
21:40:10.407 [pool-3-thread-1] INFO tourGuide.service.TourGuideService - trackUserLocationAsync for user : internalUser131
21:40:10.407 [pool-3-thread-1] INFO tourGuide.service.TourGuideService - trackUserLocationAsync for user : internalUser373
21:40:10.407 [pool-3-thread-1] INFO tourGuide.service.TourGuideService - trackUserLocationAsync for user : internalUser370
21:40:10.407 [Test worker] INFO tourGuide.service.TourGuideService - trackUserLocationAsync for user : internalUser174
21:40:10.408 [Test worker] INFO tourGuide.service.TourGuideService - trackUserLocationAsync for user : internalUser175
21:40:10.408 [Test worker] INFO tourGuide.service.TourGuideService - trackUserLocationAsync for user : internalUser172
21:40:10.408 [Test worker] INFO tourGuide.service.TourGuideService - trackUserLocationAsync for user : internalUser173
21:40:10.408 [Test worker] INFO tourGuide.service.TourGuideService - trackUserLocationAsync for user : internalUser170
21:40:10.408 [Test worker] INFO tourGuide.service.TourGuideService - trackUserLocationAsync for user : internalUser171
21:40:10.408 [Test worker] INFO tourGuide.service.TourGuideService - trackUserLocationAsync for user : internalUser178
21:40:10.408 [Test worker] INFO tourGuide.service.TourGuideService - trackUserLocationAsync for user : internalUser179
21:40:10.409 [Test worker] INFO tourGuide.service.TourGuideService - trackUserLocationAsync for user : internalUser176
21:40:10.409 [Test worker] INFO tourGuide.service.TourGuideService - trackUserLocationAsync for user : internalUser177
21:40:10.409 [Test worker] INFO tourGuide.service.TourGuideService - trackUserLocationAsync for user : internalUser185
21:40:10.409 [Test worker] INFO tourGuide.service.TourGuideService - trackUserLocationAsync for user : internalUser186
21:40:10.409 [Test worker] INFO tourGuide.service.TourGuideService - trackUserLocationAsync for user : internalUser183
21:40:10.409 [Test worker] INFO tourGuide.service.TourGuideService - trackUserLocationAsync for user : internalUser184
21:40:10.409 [Test worker] INFO tourGuide.service.TourGuideService - trackUserLocationAsync for user : internalUser181
21:40:10.409 [Test worker] INFO tourGuide.service.TourGuideService - trackUserLocationAsync for user : internalUser182
21:40:10.410 [Test worker] INFO tourGuide.service.TourGuideService - trackUserLocationAsync for user : internalUser180
21:40:10.410 [Test worker] INFO tourGuide.service.TourGuideService - trackUserLocationAsync for user : internalUser189
21:40:10.410 [Test worker] INFO tourGuide.service.TourGuideService - trackUserLocationAsync for user : internalUser187
21:40:10.410 [Test worker] INFO tourGuide.service.TourGuideService - trackUserLocationAsync for user : internalUser188
21:40:10.410 [Test worker] INFO tourGuide.service.TourGuideService - trackUserLocationAsync for user : internalUser196
21:40:10.410 [pool-3-thread-1] INFO tourGuide.service.TourGuideService - trackUserLocationAsync for user : internalUser371
21:40:10.410 [Test worker] INFO tourGuide.service.TourGuideService - trackUserLocationAsync for user : internalUser197
21:40:10.410 [pool-3-thread-1] INFO tourGuide.service.TourGuideService - trackUserLocationAsync for user : internalUser138
21:40:10.411 [Test worker] INFO tourGuide.service.TourGuideService - trackUserLocationAsync for user : internalUser194
21:40:10.411 [pool-3-thread-1] INFO tourGuide.service.TourGuideService - trackUserLocationAsync for user : internalUser139
21:40:10.411 [pool-3-thread-1] INFO tourGuide.service.TourGuideService - trackUserLocationAsync for user : internalUser136
21:40:10.411 [pool-3-thread-1] INFO tourGuide.service.TourGuideService - trackUserLocationAsync for user : internalUser378
21:40:10.411 [pool-3-thread-1] INFO tourGuide.service.TourGuideService - trackUserLocationAsync for user : internalUser137
21:40:10.411 [pool-3-thread-1] INFO tourGuide.service.TourGuideService - trackUserLocationAsync for user : internalUser379
21:40:10.411 [pool-3-thread-1] INFO tourGuide.service.TourGuideService - trackUserLocationAsync for user : internalUser134
21:40:10.411 [Test worker] INFO tourGuide.service.TourGuideService - trackUserLocationAsync for user : internalUser195
21:40:10.411 [pool-3-thread-1] INFO tourGuide.service.TourGuideService - trackUserLocationAsync for user : internalUser376
21:40:10.411 [Test worker] INFO tourGuide.service.TourGuideService - trackUserLocationAsync for user : internalUser192
21:40:10.411 [Test worker] INFO tourGuide.service.TourGuideService - trackUserLocationAsync for user : internalUser193
21:40:10.411 [Test worker] INFO tourGuide.service.TourGuideService - trackUserLocationAsync for user : internalUser190
21:40:10.411 [Test worker] INFO tourGuide.service.TourGuideService - trackUserLocationAsync for user : internalUser191
21:40:10.411 [Test worker] INFO tourGuide.service.TourGuideService - trackUserLocationAsync for user : internalUser198
21:40:10.411 [Test worker] INFO tourGuide.service.TourGuideService - trackUserLocationAsync for user : internalUser199
21:40:10.411 [Test worker] INFO tourGuide.service.TourGuideService - trackUserLocationAsync for user : internalUser361
21:40:10.411 [Test worker] INFO tourGuide.service.TourGuideService - trackUserLocationAsync for user : internalUser120
21:40:10.411 [Test worker] INFO tourGuide.service.TourGuideService - trackUserLocationAsync for user : internalUser362
21:40:10.411 [Test worker] INFO tourGuide.service.TourGuideService - trackUserLocationAsync for user : internalUser360
21:40:10.411 [Test worker] INFO tourGuide.service.TourGuideService - trackUserLocationAsync for user : internalUser127
21:40:10.411 [Test worker] INFO tourGuide.service.TourGuideService - trackUserLocationAsync for user : internalUser369
21:40:10.411 [Test worker] INFO tourGuide.service.TourGuideService - trackUserLocationAsync for user : internalUser128
21:40:10.411 [pool-3-thread-1] INFO tourGuide.service.TourGuideService - trackUserLocationAsync for user : internalUser135
21:40:10.411 [Test worker] INFO tourGuide.service.TourGuideService - trackUserLocationAsync for user : internalUser125
21:40:10.411 [pool-3-thread-1] INFO tourGuide.service.TourGuideService - trackUserLocationAsync for user : internalUser377
21:40:10.411 [pool-3-thread-1] INFO tourGuide.service.TourGuideService - trackUserLocationAsync for user : internalUser132
21:40:10.411 [pool-3-thread-1] INFO tourGuide.service.TourGuideService - trackUserLocationAsync for user : internalUser374
21:40:10.411 [pool-3-thread-1] INFO tourGuide.service.TourGuideService - trackUserLocationAsync for user : internalUser133
21:40:10.411 [pool-3-thread-1] INFO tourGuide.service.TourGuideService - trackUserLocationAsync for user : internalUser375
21:40:10.411 [pool-3-thread-1] INFO tourGuide.service.TourGuideService - trackUserLocationAsync for user : internalUser141
21:40:10.411 [pool-3-thread-1] INFO tourGuide.service.TourGuideService - trackUserLocationAsync for user : internalUser383
21:40:10.411 [pool-3-thread-1] INFO tourGuide.service.TourGuideService - trackUserLocationAsync for user : internalUser142
21:40:10.411 [pool-3-thread-1] INFO tourGuide.service.TourGuideService - trackUserLocationAsync for user : internalUser384
21:40:10.411 [pool-3-thread-1] INFO tourGuide.service.TourGuideService - trackUserLocationAsync for user : internalUser381
21:40:10.411 [pool-3-thread-1] INFO tourGuide.service.TourGuideService - trackUserLocationAsync for user : internalUser140
21:40:10.411 [pool-3-thread-1] INFO tourGuide.service.TourGuideService - trackUserLocationAsync for user : internalUser382
21:40:10.411 [pool-3-thread-1] INFO tourGuide.service.TourGuideService - trackUserLocationAsync for user : internalUser380
21:40:10.411 [pool-3-thread-1] INFO tourGuide.service.TourGuideService - trackUserLocationAsync for user : internalUser149
21:40:10.411 [Test worker] INFO tourGuide.service.TourGuideService - trackUserLocationAsync for user : internalUser367
21:40:10.411 [pool-3-thread-1] INFO tourGuide.service.TourGuideService - trackUserLocationAsync for user : internalUser147
21:40:10.411 [Test worker] INFO tourGuide.service.TourGuideService - trackUserLocationAsync for user : internalUser126
21:40:10.411 [pool-3-thread-1] INFO tourGuide.service.TourGuideService - trackUserLocationAsync for user : internalUser389
21:40:10.411 [Test worker] INFO tourGuide.service.TourGuideService - trackUserLocationAsync for user : internalUser368
21:40:10.411 [pool-3-thread-1] INFO tourGuide.service.TourGuideService - trackUserLocationAsync for user : internalUser148
21:40:10.411 [Test worker] INFO tourGuide.service.TourGuideService - trackUserLocationAsync for user : internalUser123
21:40:10.411 [pool-3-thread-1] INFO tourGuide.service.TourGuideService - trackUserLocationAsync for user : internalUser145
21:40:10.411 [Test worker] INFO tourGuide.service.TourGuideService - trackUserLocationAsync for user : internalUser365
21:40:10.411 [pool-3-thread-1] INFO tourGuide.service.TourGuideService - trackUserLocationAsync for user : internalUser387
21:40:10.411 [Test worker] INFO tourGuide.service.TourGuideService - trackUserLocationAsync for user : internalUser124
21:40:10.411 [pool-3-thread-1] INFO tourGuide.service.TourGuideService - trackUserLocationAsync for user : internalUser146
21:40:10.411 [Test worker] INFO tourGuide.service.TourGuideService - trackUserLocationAsync for user : internalUser366
21:40:10.411 [pool-3-thread-1] INFO tourGuide.service.TourGuideService - trackUserLocationAsync for user : internalUser388
21:40:10.411 [Test worker] INFO tourGuide.service.TourGuideService - trackUserLocationAsync for user : internalUser121
21:40:10.411 [pool-3-thread-1] INFO tourGuide.service.TourGuideService - trackUserLocationAsync for user : internalUser143
21:40:10.411 [Test worker] INFO tourGuide.service.TourGuideService - trackUserLocationAsync for user : internalUser363
21:40:10.411 [pool-3-thread-1] INFO tourGuide.service.TourGuideService - trackUserLocationAsync for user : internalUser385
21:40:10.411 [Test worker] INFO tourGuide.service.TourGuideService - trackUserLocationAsync for user : internalUser122
21:40:10.411 [pool-3-thread-1] INFO tourGuide.service.TourGuideService - trackUserLocationAsync for user : internalUser144
21:40:10.411 [Test worker] INFO tourGuide.service.TourGuideService - trackUserLocationAsync for user : internalUser364
21:40:10.411 [pool-3-thread-1] INFO tourGuide.service.TourGuideService - trackUserLocationAsync for user : internalUser386
21:40:10.411 [Test worker] INFO tourGuide.service.TourGuideService - trackUserLocationAsync for user : internalUser129
21:40:10.411 [pool-3-thread-1] INFO tourGuide.service.TourGuideService - trackUserLocationAsync for user : internalUser152
21:40:10.412 [Test worker] INFO tourGuide.service.TourGuideService - trackUserLocationAsync for user : internalUser130
21:40:10.412 [pool-3-thread-1] INFO tourGuide.service.TourGuideService - trackUserLocationAsync for user : internalUser394
21:40:10.412 [Test worker] INFO tourGuide.service.TourGuideService - trackUserLocationAsync for user : internalUser372
21:40:10.412 [pool-3-thread-1] INFO tourGuide.service.TourGuideService - trackUserLocationAsync for user : internalUser153
21:40:10.412 [Test worker] INFO tourGuide.service.TourGuideService - trackUserLocationAsync for user : internalUser131
21:40:10.412 [pool-3-thread-1] INFO tourGuide.service.TourGuideService - trackUserLocationAsync for user : internalUser395
21:40:10.412 [Test worker] INFO tourGuide.service.TourGuideService - trackUserLocationAsync for user : internalUser373
21:40:10.412 [pool-3-thread-1] INFO tourGuide.service.TourGuideService - trackUserLocationAsync for user : internalUser150
21:40:10.412 [Test worker] INFO tourGuide.service.TourGuideService - trackUserLocationAsync for user : internalUser370
21:40:10.412 [pool-3-thread-1] INFO tourGuide.service.TourGuideService - trackUserLocationAsync for user : internalUser392
21:40:10.412 [Test worker] INFO tourGuide.service.TourGuideService - trackUserLocationAsync for user : internalUser371
21:40:10.412 [pool-3-thread-1] INFO tourGuide.service.TourGuideService - trackUserLocationAsync for user : internalUser151
21:40:10.412 [Test worker] INFO tourGuide.service.TourGuideService - trackUserLocationAsync for user : internalUser138
21:40:10.412 [pool-3-thread-1] INFO tourGuide.service.TourGuideService - trackUserLocationAsync for user : internalUser393
21:40:10.412 [Test worker] INFO tourGuide.service.TourGuideService - trackUserLocationAsync for user : internalUser139
21:40:10.412 [pool-3-thread-1] INFO tourGuide.service.TourGuideService - trackUserLocationAsync for user : internalUser390
21:40:10.412 [Test worker] INFO tourGuide.service.TourGuideService - trackUserLocationAsync for user : internalUser136
21:40:10.412 [pool-3-thread-1] INFO tourGuide.service.TourGuideService - trackUserLocationAsync for user : internalUser391
21:40:10.412 [Test worker] INFO tourGuide.service.TourGuideService - trackUserLocationAsync for user : internalUser378
21:40:10.412 [pool-3-thread-1] INFO tourGuide.service.TourGuideService - trackUserLocationAsync for user : internalUser158
21:40:10.412 [Test worker] INFO tourGuide.service.TourGuideService - trackUserLocationAsync for user : internalUser137
21:40:10.412 [pool-3-thread-1] INFO tourGuide.service.TourGuideService - trackUserLocationAsync for user : internalUser159
21:40:10.412 [Test worker] INFO tourGuide.service.TourGuideService - trackUserLocationAsync for user : internalUser379
21:40:10.412 [pool-3-thread-1] INFO tourGuide.service.TourGuideService - trackUserLocationAsync for user : internalUser156
21:40:10.412 [Test worker] INFO tourGuide.service.TourGuideService - trackUserLocationAsync for user : internalUser134
21:40:10.412 [pool-3-thread-1] INFO tourGuide.service.TourGuideService - trackUserLocationAsync for user : internalUser398
21:40:10.412 [Test worker] INFO tourGuide.service.TourGuideService - trackUserLocationAsync for user : internalUser376
21:40:10.412 [pool-3-thread-1] INFO tourGuide.service.TourGuideService - trackUserLocationAsync for user : internalUser157
21:40:10.412 [pool-3-thread-1] INFO tourGuide.service.TourGuideService - trackUserLocationAsync for user : internalUser399
21:40:10.412 [pool-3-thread-1] INFO tourGuide.service.TourGuideService - trackUserLocationAsync for user : internalUser154
21:40:10.412 [pool-3-thread-1] INFO tourGuide.service.TourGuideService - trackUserLocationAsync for user : internalUser396
21:40:10.412 [pool-3-thread-1] INFO tourGuide.service.TourGuideService - trackUserLocationAsync for user : internalUser155
21:40:10.412 [pool-3-thread-1] INFO tourGuide.service.TourGuideService - trackUserLocationAsync for user : internalUser397
21:40:10.412 [pool-3-thread-1] INFO tourGuide.service.TourGuideService - trackUserLocationAsync for user : internalUser560
21:40:10.412 [pool-3-thread-1] INFO tourGuide.service.TourGuideService - trackUserLocationAsync for user : internalUser325
21:40:10.412 [pool-3-thread-1] INFO tourGuide.service.TourGuideService - trackUserLocationAsync for user : internalUser567
21:40:10.412 [pool-3-thread-1] INFO tourGuide.service.TourGuideService - trackUserLocationAsync for user : internalUser326
21:40:10.412 [pool-3-thread-1] INFO tourGuide.service.TourGuideService - trackUserLocationAsync for user : internalUser568
21:40:10.412 [pool-3-thread-1] INFO tourGuide.service.TourGuideService - trackUserLocationAsync for user : internalUser323
21:40:10.412 [pool-3-thread-1] INFO tourGuide.service.TourGuideService - trackUserLocationAsync for user : internalUser565
21:40:10.412 [pool-3-thread-1] INFO tourGuide.service.TourGuideService - trackUserLocationAsync for user : internalUser324
21:40:10.412 [pool-3-thread-1] INFO tourGuide.service.TourGuideService - trackUserLocationAsync for user : internalUser566
21:40:10.412 [pool-3-thread-1] INFO tourGuide.service.TourGuideService - trackUserLocationAsync for user : internalUser321
21:40:10.412 [pool-3-thread-1] INFO tourGuide.service.TourGuideService - trackUserLocationAsync for user : internalUser563
21:40:10.412 [pool-3-thread-1] INFO tourGuide.service.TourGuideService - trackUserLocationAsync for user : internalUser322
21:40:10.412 [pool-3-thread-1] INFO tourGuide.service.TourGuideService - trackUserLocationAsync for user : internalUser564
21:40:10.412 [pool-3-thread-1] INFO tourGuide.service.TourGuideService - trackUserLocationAsync for user : internalUser561
21:40:10.412 [pool-3-thread-1] INFO tourGuide.service.TourGuideService - trackUserLocationAsync for user : internalUser320
21:40:10.412 [pool-3-thread-1] INFO tourGuide.service.TourGuideService - trackUserLocationAsync for user : internalUser562
21:40:10.412 [pool-3-thread-1] INFO tourGuide.service.TourGuideService - trackUserLocationAsync for user : internalUser329
21:40:10.412 [pool-3-thread-1] INFO tourGuide.service.TourGuideService - trackUserLocationAsync for user : internalUser327
21:40:10.412 [pool-3-thread-1] INFO tourGuide.service.TourGuideService - trackUserLocationAsync for user : internalUser569
21:40:10.412 [pool-3-thread-1] INFO tourGuide.service.TourGuideService - trackUserLocationAsync for user : internalUser328
21:40:10.412 [pool-3-thread-1] INFO tourGuide.service.TourGuideService - trackUserLocationAsync for user : internalUser570
21:40:10.412 [pool-3-thread-1] INFO tourGuide.service.TourGuideService - trackUserLocationAsync for user : internalUser571
21:40:10.412 [pool-3-thread-1] INFO tourGuide.service.TourGuideService - trackUserLocationAsync for user : internalUser336
21:40:10.412 [pool-3-thread-1] INFO tourGuide.service.TourGuideService - trackUserLocationAsync for user : internalUser578
21:40:10.412 [pool-3-thread-1] INFO tourGuide.service.TourGuideService - trackUserLocationAsync for user : internalUser337
21:40:10.412 [pool-3-thread-1] INFO tourGuide.service.TourGuideService - trackUserLocationAsync for user : internalUser579
21:40:10.412 [pool-3-thread-1] INFO tourGuide.service.TourGuideService - trackUserLocationAsync for user : internalUser334
21:40:10.412 [pool-3-thread-1] INFO tourGuide.service.TourGuideService - trackUserLocationAsync for user : internalUser576
21:40:10.412 [pool-3-thread-1] INFO tourGuide.service.TourGuideService - trackUserLocationAsync for user : internalUser335
21:40:10.412 [pool-3-thread-1] INFO tourGuide.service.TourGuideService - trackUserLocationAsync for user : internalUser577
21:40:10.412 [pool-3-thread-1] INFO tourGuide.service.TourGuideService - trackUserLocationAsync for user : internalUser332
21:40:10.412 [pool-3-thread-1] INFO tourGuide.service.TourGuideService - trackUserLocationAsync for user : internalUser574
21:40:10.412 [pool-3-thread-1] INFO tourGuide.service.TourGuideService - trackUserLocationAsync for user : internalUser333
21:40:10.412 [pool-3-thread-1] INFO tourGuide.service.TourGuideService - trackUserLocationAsync for user : internalUser575
21:40:10.412 [pool-3-thread-1] INFO tourGuide.service.TourGuideService - trackUserLocationAsync for user : internalUser330
21:40:10.412 [pool-3-thread-1] INFO tourGuide.service.TourGuideService - trackUserLocationAsync for user : internalUser572
21:40:10.412 [pool-3-thread-1] INFO tourGuide.service.TourGuideService - trackUserLocationAsync for user : internalUser331
21:40:10.412 [pool-3-thread-1] INFO tourGuide.service.TourGuideService - trackUserLocationAsync for user : internalUser573
21:40:10.412 [pool-3-thread-1] INFO tourGuide.service.TourGuideService - trackUserLocationAsync for user : internalUser338
21:40:10.412 [pool-3-thread-1] INFO tourGuide.service.TourGuideService - trackUserLocationAsync for user : internalUser339
21:40:10.412 [pool-3-thread-1] INFO tourGuide.service.TourGuideService - trackUserLocationAsync for user : internalUser581
21:40:10.412 [pool-3-thread-1] INFO tourGuide.service.TourGuideService - trackUserLocationAsync for user : internalUser340
21:40:10.412 [pool-3-thread-1] INFO tourGuide.service.TourGuideService - trackUserLocationAsync for user : internalUser582
21:40:10.412 [pool-3-thread-1] INFO tourGuide.service.TourGuideService - trackUserLocationAsync for user : internalUser9
21:40:10.412 [pool-3-thread-1] INFO tourGuide.service.TourGuideService - trackUserLocationAsync for user : internalUser8
21:40:10.412 [pool-3-thread-1] INFO tourGuide.service.TourGuideService - trackUserLocationAsync for user : internalUser580
21:40:10.413 [pool-3-thread-1] INFO tourGuide.service.TourGuideService - trackUserLocationAsync for user : internalUser105
21:40:10.413 [pool-3-thread-1] INFO tourGuide.service.TourGuideService - trackUserLocationAsync for user : internalUser347
21:40:10.413 [pool-3-thread-1] INFO tourGuide.service.TourGuideService - trackUserLocationAsync for user : internalUser589
21:40:10.413 [pool-3-thread-1] INFO tourGuide.service.TourGuideService - trackUserLocationAsync for user : internalUser106
21:40:10.413 [pool-3-thread-1] INFO tourGuide.service.TourGuideService - trackUserLocationAsync for user : internalUser348
21:40:10.413 [pool-3-thread-1] INFO tourGuide.service.TourGuideService - trackUserLocationAsync for user : internalUser103
21:40:10.413 [pool-3-thread-1] INFO tourGuide.service.TourGuideService - trackUserLocationAsync for user : internalUser345
21:40:10.413 [pool-3-thread-1] INFO tourGuide.service.TourGuideService - trackUserLocationAsync for user : internalUser587
21:40:10.413 [pool-3-thread-1] INFO tourGuide.service.TourGuideService - trackUserLocationAsync for user : internalUser104
21:40:10.413 [pool-3-thread-1] INFO tourGuide.service.TourGuideService - trackUserLocationAsync for user : internalUser346
21:40:10.413 [pool-3-thread-1] INFO tourGuide.service.TourGuideService - trackUserLocationAsync for user : internalUser588
21:40:10.413 [pool-3-thread-1] INFO tourGuide.service.TourGuideService - trackUserLocationAsync for user : internalUser101
21:40:10.413 [pool-3-thread-1] INFO tourGuide.service.TourGuideService - trackUserLocationAsync for user : internalUser343
21:40:10.413 [pool-3-thread-1] INFO tourGuide.service.TourGuideService - trackUserLocationAsync for user : internalUser585
21:40:10.413 [pool-3-thread-1] INFO tourGuide.service.TourGuideService - trackUserLocationAsync for user : internalUser102
21:40:10.413 [pool-3-thread-1] INFO tourGuide.service.TourGuideService - trackUserLocationAsync for user : internalUser344
21:40:10.413 [pool-3-thread-1] INFO tourGuide.service.TourGuideService - trackUserLocationAsync for user : internalUser586
21:40:10.413 [pool-3-thread-1] INFO tourGuide.service.TourGuideService - trackUserLocationAsync for user : internalUser341
21:40:10.413 [pool-3-thread-1] INFO tourGuide.service.TourGuideService - trackUserLocationAsync for user : internalUser583
21:40:10.413 [pool-3-thread-1] INFO tourGuide.service.TourGuideService - trackUserLocationAsync for user : internalUser100
21:40:10.413 [pool-3-thread-1] INFO tourGuide.service.TourGuideService - trackUserLocationAsync for user : internalUser342
21:40:10.413 [pool-3-thread-1] INFO tourGuide.service.TourGuideService - trackUserLocationAsync for user : internalUser584
21:40:10.413 [pool-3-thread-1] INFO tourGuide.service.TourGuideService - trackUserLocationAsync for user : internalUser109
21:40:10.413 [pool-3-thread-1] INFO tourGuide.service.TourGuideService - trackUserLocationAsync for user : internalUser107
21:40:10.413 [pool-3-thread-1] INFO tourGuide.service.TourGuideService - trackUserLocationAsync for user : internalUser349
21:40:10.413 [pool-3-thread-1] INFO tourGuide.service.TourGuideService - trackUserLocationAsync for user : internalUser108
21:40:10.413 [pool-3-thread-1] INFO tourGuide.service.TourGuideService - trackUserLocationAsync for user : internalUser3
21:40:10.413 [pool-3-thread-1] INFO tourGuide.service.TourGuideService - trackUserLocationAsync for user : internalUser2
21:40:10.413 [pool-3-thread-1] INFO tourGuide.service.TourGuideService - trackUserLocationAsync for user : internalUser1
21:40:10.413 [pool-3-thread-1] INFO tourGuide.service.TourGuideService - trackUserLocationAsync for user : internalUser0
21:40:10.413 [pool-3-thread-1] INFO tourGuide.service.TourGuideService - trackUserLocationAsync for user : internalUser7
21:40:10.413 [pool-3-thread-1] INFO tourGuide.service.TourGuideService - trackUserLocationAsync for user : internalUser6
21:40:10.413 [pool-3-thread-1] INFO tourGuide.service.TourGuideService - trackUserLocationAsync for user : internalUser5
21:40:10.413 [pool-3-thread-1] INFO tourGuide.service.TourGuideService - trackUserLocationAsync for user : internalUser4
21:40:10.413 [pool-3-thread-1] INFO tourGuide.service.TourGuideService - trackUserLocationAsync for user : internalUser350
21:40:10.413 [pool-3-thread-1] INFO tourGuide.service.TourGuideService - trackUserLocationAsync for user : internalUser592
21:40:10.413 [pool-3-thread-1] INFO tourGuide.service.TourGuideService - trackUserLocationAsync for user : internalUser351
21:40:10.413 [pool-3-thread-1] INFO tourGuide.service.TourGuideService - trackUserLocationAsync for user : internalUser593
21:40:10.412 [Test worker] INFO tourGuide.service.TourGuideService - trackUserLocationAsync for user : internalUser135
21:40:10.413 [pool-3-thread-1] INFO tourGuide.service.TourGuideService - trackUserLocationAsync for user : internalUser590
21:40:10.413 [pool-3-thread-1] INFO tourGuide.service.TourGuideService - trackUserLocationAsync for user : internalUser591
21:40:10.413 [Test worker] INFO tourGuide.service.TourGuideService - trackUserLocationAsync for user : internalUser377
21:40:10.413 [pool-3-thread-1] INFO tourGuide.service.TourGuideService - trackUserLocationAsync for user : internalUser116
21:40:10.413 [Test worker] INFO tourGuide.service.TourGuideService - trackUserLocationAsync for user : internalUser132
21:40:10.413 [pool-3-thread-1] INFO tourGuide.service.TourGuideService - trackUserLocationAsync for user : internalUser358
21:40:10.413 [Test worker] INFO tourGuide.service.TourGuideService - trackUserLocationAsync for user : internalUser374
21:40:10.413 [pool-3-thread-1] INFO tourGuide.service.TourGuideService - trackUserLocationAsync for user : internalUser117
21:40:10.413 [Test worker] INFO tourGuide.service.TourGuideService - trackUserLocationAsync for user : internalUser133
21:40:10.413 [pool-3-thread-1] INFO tourGuide.service.TourGuideService - trackUserLocationAsync for user : internalUser359
21:40:10.413 [Test worker] INFO tourGuide.service.TourGuideService - trackUserLocationAsync for user : internalUser375
21:40:10.413 [pool-3-thread-1] INFO tourGuide.service.TourGuideService - trackUserLocationAsync for user : internalUser114
21:40:10.413 [Test worker] INFO tourGuide.service.TourGuideService - trackUserLocationAsync for user : internalUser141
21:40:10.413 [pool-3-thread-1] INFO tourGuide.service.TourGuideService - trackUserLocationAsync for user : internalUser356
21:40:10.413 [Test worker] INFO tourGuide.service.TourGuideService - trackUserLocationAsync for user : internalUser383
21:40:10.413 [pool-3-thread-1] INFO tourGuide.service.TourGuideService - trackUserLocationAsync for user : internalUser598
21:40:10.413 [Test worker] INFO tourGuide.service.TourGuideService - trackUserLocationAsync for user : internalUser142
21:40:10.413 [pool-3-thread-1] INFO tourGuide.service.TourGuideService - trackUserLocationAsync for user : internalUser115
21:40:10.413 [Test worker] INFO tourGuide.service.TourGuideService - trackUserLocationAsync for user : internalUser384
21:40:10.413 [pool-3-thread-1] INFO tourGuide.service.TourGuideService - trackUserLocationAsync for user : internalUser357
21:40:10.413 [Test worker] INFO tourGuide.service.TourGuideService - trackUserLocationAsync for user : internalUser381
21:40:10.413 [pool-3-thread-1] INFO tourGuide.service.TourGuideService - trackUserLocationAsync for user : internalUser599
21:40:10.413 [Test worker] INFO tourGuide.service.TourGuideService - trackUserLocationAsync for user : internalUser140
21:40:10.413 [pool-3-thread-1] INFO tourGuide.service.TourGuideService - trackUserLocationAsync for user : internalUser112
21:40:10.413 [Test worker] INFO tourGuide.service.TourGuideService - trackUserLocationAsync for user : internalUser382
21:40:10.413 [pool-3-thread-1] INFO tourGuide.service.TourGuideService - trackUserLocationAsync for user : internalUser354
21:40:10.413 [Test worker] INFO tourGuide.service.TourGuideService - trackUserLocationAsync for user : internalUser380
21:40:10.413 [pool-3-thread-1] INFO tourGuide.service.TourGuideService - trackUserLocationAsync for user : internalUser596
21:40:10.413 [Test worker] INFO tourGuide.service.TourGuideService - trackUserLocationAsync for user : internalUser149
21:40:10.413 [pool-3-thread-1] INFO tourGuide.service.TourGuideService - trackUserLocationAsync for user : internalUser113
21:40:10.413 [Test worker] INFO tourGuide.service.TourGuideService - trackUserLocationAsync for user : internalUser147
21:40:10.413 [pool-3-thread-1] INFO tourGuide.service.TourGuideService - trackUserLocationAsync for user : internalUser355
21:40:10.413 [Test worker] INFO tourGuide.service.TourGuideService - trackUserLocationAsync for user : internalUser389
21:40:10.413 [pool-3-thread-1] INFO tourGuide.service.TourGuideService - trackUserLocationAsync for user : internalUser597
21:40:10.413 [Test worker] INFO tourGuide.service.TourGuideService - trackUserLocationAsync for user : internalUser148
21:40:10.413 [pool-3-thread-1] INFO tourGuide.service.TourGuideService - trackUserLocationAsync for user : internalUser110
21:40:10.413 [Test worker] INFO tourGuide.service.TourGuideService - trackUserLocationAsync for user : internalUser145
21:40:10.413 [pool-3-thread-1] INFO tourGuide.service.TourGuideService - trackUserLocationAsync for user : internalUser352
21:40:10.413 [Test worker] INFO tourGuide.service.TourGuideService - trackUserLocationAsync for user : internalUser387
21:40:10.413 [pool-3-thread-1] INFO tourGuide.service.TourGuideService - trackUserLocationAsync for user : internalUser594
21:40:10.413 [Test worker] INFO tourGuide.service.TourGuideService - trackUserLocationAsync for user : internalUser146
21:40:10.413 [pool-3-thread-1] INFO tourGuide.service.TourGuideService - trackUserLocationAsync for user : internalUser111
21:40:10.414 [pool-3-thread-1] INFO tourGuide.service.TourGuideService - trackUserLocationAsync for user : internalUser353
21:40:10.414 [pool-3-thread-1] INFO tourGuide.service.TourGuideService - trackUserLocationAsync for user : internalUser595
21:40:10.414 [pool-3-thread-1] INFO tourGuide.service.TourGuideService - trackUserLocationAsync for user : internalUser118
21:40:10.414 [pool-3-thread-1] INFO tourGuide.service.TourGuideService - trackUserLocationAsync for user : internalUser119
21:40:10.414 [pool-3-thread-1] INFO tourGuide.service.TourGuideService - trackUserLocationAsync for user : internalUser523
21:40:10.414 [pool-3-thread-1] INFO tourGuide.service.TourGuideService - trackUserLocationAsync for user : internalUser765
21:40:10.414 [pool-3-thread-1] INFO tourGuide.service.TourGuideService - trackUserLocationAsync for user : internalUser524
21:40:10.414 [pool-3-thread-1] INFO tourGuide.service.TourGuideService - trackUserLocationAsync for user : internalUser766
21:40:10.414 [pool-3-thread-1] INFO tourGuide.service.TourGuideService - trackUserLocationAsync for user : internalUser521
21:40:10.414 [pool-3-thread-1] INFO tourGuide.service.TourGuideService - trackUserLocationAsync for user : internalUser763
21:40:10.414 [pool-3-thread-1] INFO tourGuide.service.TourGuideService - trackUserLocationAsync for user : internalUser522
21:40:10.414 [pool-3-thread-1] INFO tourGuide.service.TourGuideService - trackUserLocationAsync for user : internalUser764
21:40:10.414 [pool-3-thread-1] INFO tourGuide.service.TourGuideService - trackUserLocationAsync for user : internalUser761
21:40:10.414 [pool-3-thread-1] INFO tourGuide.service.TourGuideService - trackUserLocationAsync for user : internalUser520
21:40:10.414 [pool-3-thread-1] INFO tourGuide.service.TourGuideService - trackUserLocationAsync for user : internalUser762
21:40:10.414 [pool-3-thread-1] INFO tourGuide.service.TourGuideService - trackUserLocationAsync for user : internalUser760
21:40:10.414 [pool-3-thread-1] INFO tourGuide.service.TourGuideService - trackUserLocationAsync for user : internalUser529
21:40:10.414 [pool-3-thread-1] INFO tourGuide.service.TourGuideService - trackUserLocationAsync for user : internalUser527
21:40:10.414 [pool-3-thread-1] INFO tourGuide.service.TourGuideService - trackUserLocationAsync for user : internalUser769
21:40:10.414 [pool-3-thread-1] INFO tourGuide.service.TourGuideService - trackUserLocationAsync for user : internalUser528
21:40:10.414 [pool-3-thread-1] INFO tourGuide.service.TourGuideService - trackUserLocationAsync for user : internalUser525
21:40:10.414 [pool-3-thread-1] INFO tourGuide.service.TourGuideService - trackUserLocationAsync for user : internalUser767
21:40:10.414 [pool-3-thread-1] INFO tourGuide.service.TourGuideService - trackUserLocationAsync for user : internalUser526
21:40:10.414 [pool-3-thread-1] INFO tourGuide.service.TourGuideService - trackUserLocationAsync for user : internalUser768
21:40:10.414 [pool-3-thread-1] INFO tourGuide.service.TourGuideService - trackUserLocationAsync for user : internalUser534
21:40:10.414 [pool-3-thread-1] INFO tourGuide.service.TourGuideService - trackUserLocationAsync for user : internalUser776
21:40:10.414 [pool-3-thread-1] INFO tourGuide.service.TourGuideService - trackUserLocationAsync for user : internalUser535
21:40:10.414 [pool-3-thread-1] INFO tourGuide.service.TourGuideService - trackUserLocationAsync for user : internalUser777
21:40:10.414 [pool-3-thread-1] INFO tourGuide.service.TourGuideService - trackUserLocationAsync for user : internalUser532
21:40:10.414 [pool-3-thread-1] INFO tourGuide.service.TourGuideService - trackUserLocationAsync for user : internalUser774
21:40:10.414 [pool-3-thread-1] INFO tourGuide.service.TourGuideService - trackUserLocationAsync for user : internalUser533
21:40:10.414 [pool-3-thread-1] INFO tourGuide.service.TourGuideService - trackUserLocationAsync for user : internalUser775
21:40:10.414 [pool-3-thread-1] INFO tourGuide.service.TourGuideService - trackUserLocationAsync for user : internalUser530
21:40:10.414 [pool-3-thread-1] INFO tourGuide.service.TourGuideService - trackUserLocationAsync for user : internalUser772
21:40:10.414 [pool-3-thread-1] INFO tourGuide.service.TourGuideService - trackUserLocationAsync for user : internalUser531
21:40:10.414 [pool-3-thread-1] INFO tourGuide.service.TourGuideService - trackUserLocationAsync for user : internalUser773
21:40:10.414 [pool-3-thread-1] INFO tourGuide.service.TourGuideService - trackUserLocationAsync for user : internalUser770
21:40:10.414 [pool-3-thread-1] INFO tourGuide.service.TourGuideService - trackUserLocationAsync for user : internalUser771
21:40:10.414 [pool-3-thread-1] INFO tourGuide.service.TourGuideService - trackUserLocationAsync for user : internalUser538
21:40:10.414 [pool-3-thread-1] INFO tourGuide.service.TourGuideService - trackUserLocationAsync for user : internalUser539
21:40:10.414 [pool-3-thread-1] INFO tourGuide.service.TourGuideService - trackUserLocationAsync for user : internalUser536
21:40:10.414 [pool-3-thread-1] INFO tourGuide.service.TourGuideService - trackUserLocationAsync for user : internalUser778
21:40:10.414 [pool-3-thread-1] INFO tourGuide.service.TourGuideService - trackUserLocationAsync for user : internalUser537
21:40:10.414 [pool-3-thread-1] INFO tourGuide.service.TourGuideService - trackUserLocationAsync for user : internalUser779
21:40:10.414 [pool-3-thread-1] INFO tourGuide.service.TourGuideService - trackUserLocationAsync for user : internalUser780
21:40:10.414 [pool-3-thread-1] INFO tourGuide.service.TourGuideService - trackUserLocationAsync for user : internalUser303
21:40:10.414 [pool-3-thread-1] INFO tourGuide.service.TourGuideService - trackUserLocationAsync for user : internalUser545
21:40:10.414 [pool-3-thread-1] INFO tourGuide.service.TourGuideService - trackUserLocationAsync for user : internalUser787
21:40:10.414 [pool-3-thread-1] INFO tourGuide.service.TourGuideService - trackUserLocationAsync for user : internalUser304
21:40:10.414 [pool-3-thread-1] INFO tourGuide.service.TourGuideService - trackUserLocationAsync for user : internalUser546
21:40:10.414 [pool-3-thread-1] INFO tourGuide.service.TourGuideService - trackUserLocationAsync for user : internalUser788
21:40:10.414 [pool-3-thread-1] INFO tourGuide.service.TourGuideService - trackUserLocationAsync for user : internalUser301
21:40:10.414 [pool-3-thread-1] INFO tourGuide.service.TourGuideService - trackUserLocationAsync for user : internalUser543
21:40:10.414 [pool-3-thread-1] INFO tourGuide.service.TourGuideService - trackUserLocationAsync for user : internalUser785
21:40:10.414 [pool-3-thread-1] INFO tourGuide.service.TourGuideService - trackUserLocationAsync for user : internalUser302
21:40:10.414 [pool-3-thread-1] INFO tourGuide.service.TourGuideService - trackUserLocationAsync for user : internalUser544
21:40:10.414 [pool-3-thread-1] INFO tourGuide.service.TourGuideService - trackUserLocationAsync for user : internalUser786
21:40:10.414 [pool-3-thread-1] INFO tourGuide.service.TourGuideService - trackUserLocationAsync for user : internalUser541
21:40:10.414 [pool-3-thread-1] INFO tourGuide.service.TourGuideService - trackUserLocationAsync for user : internalUser783
21:40:10.414 [pool-3-thread-1] INFO tourGuide.service.TourGuideService - trackUserLocationAsync for user : internalUser300
21:40:10.414 [pool-3-thread-1] INFO tourGuide.service.TourGuideService - trackUserLocationAsync for user : internalUser542
21:40:10.414 [pool-3-thread-1] INFO tourGuide.service.TourGuideService - trackUserLocationAsync for user : internalUser784
21:40:10.414 [pool-3-thread-1] INFO tourGuide.service.TourGuideService - trackUserLocationAsync for user : internalUser781
21:40:10.414 [pool-3-thread-1] INFO tourGuide.service.TourGuideService - trackUserLocationAsync for user : internalUser540
21:40:10.414 [pool-3-thread-1] INFO tourGuide.service.TourGuideService - trackUserLocationAsync for user : internalUser782
21:40:10.414 [pool-3-thread-1] INFO tourGuide.service.TourGuideService - trackUserLocationAsync for user : internalUser309
21:40:10.414 [pool-3-thread-1] INFO tourGuide.service.TourGuideService - trackUserLocationAsync for user : internalUser307
21:40:10.414 [pool-3-thread-1] INFO tourGuide.service.TourGuideService - trackUserLocationAsync for user : internalUser549
21:40:10.414 [pool-3-thread-1] INFO tourGuide.service.TourGuideService - trackUserLocationAsync for user : internalUser308
21:40:10.414 [pool-3-thread-1] INFO tourGuide.service.TourGuideService - trackUserLocationAsync for user : internalUser305
21:40:10.415 [pool-3-thread-1] INFO tourGuide.service.TourGuideService - trackUserLocationAsync for user : internalUser547
21:40:10.415 [pool-3-thread-1] INFO tourGuide.service.TourGuideService - trackUserLocationAsync for user : internalUser789
21:40:10.415 [pool-3-thread-1] INFO tourGuide.service.TourGuideService - trackUserLocationAsync for user : internalUser306
21:40:10.415 [pool-3-thread-1] INFO tourGuide.service.TourGuideService - trackUserLocationAsync for user : internalUser548
21:40:10.415 [pool-3-thread-1] INFO tourGuide.service.TourGuideService - trackUserLocationAsync for user : internalUser790
21:40:10.415 [pool-3-thread-1] INFO tourGuide.service.TourGuideService - trackUserLocationAsync for user : internalUser791
21:40:10.415 [pool-3-thread-1] INFO tourGuide.service.TourGuideService - trackUserLocationAsync for user : internalUser314
21:40:10.415 [pool-3-thread-1] INFO tourGuide.service.TourGuideService - trackUserLocationAsync for user : internalUser556
21:40:10.415 [pool-3-thread-1] INFO tourGuide.service.TourGuideService - trackUserLocationAsync for user : internalUser798
21:40:10.415 [pool-3-thread-1] INFO tourGuide.service.TourGuideService - trackUserLocationAsync for user : internalUser315
21:40:10.415 [pool-3-thread-1] INFO tourGuide.service.TourGuideService - trackUserLocationAsync for user : internalUser557
21:40:10.415 [pool-3-thread-1] INFO tourGuide.service.TourGuideService - trackUserLocationAsync for user : internalUser799
21:40:10.415 [pool-3-thread-1] INFO tourGuide.service.TourGuideService - trackUserLocationAsync for user : internalUser312
21:40:10.415 [pool-3-thread-1] INFO tourGuide.service.TourGuideService - trackUserLocationAsync for user : internalUser554
21:40:10.415 [pool-3-thread-1] INFO tourGuide.service.TourGuideService - trackUserLocationAsync for user : internalUser796
21:40:10.415 [pool-3-thread-1] INFO tourGuide.service.TourGuideService - trackUserLocationAsync for user : internalUser313
21:40:10.415 [pool-3-thread-1] INFO tourGuide.service.TourGuideService - trackUserLocationAsync for user : internalUser555
21:40:10.415 [pool-3-thread-1] INFO tourGuide.service.TourGuideService - trackUserLocationAsync for user : internalUser797
21:40:10.415 [pool-3-thread-1] INFO tourGuide.service.TourGuideService - trackUserLocationAsync for user : internalUser310
21:40:10.415 [pool-3-thread-1] INFO tourGuide.service.TourGuideService - trackUserLocationAsync for user : internalUser552
21:40:10.415 [pool-3-thread-1] INFO tourGuide.service.TourGuideService - trackUserLocationAsync for user : internalUser794
21:40:10.415 [pool-3-thread-1] INFO tourGuide.service.TourGuideService - trackUserLocationAsync for user : internalUser311
21:40:10.415 [pool-3-thread-1] INFO tourGuide.service.TourGuideService - trackUserLocationAsync for user : internalUser553
21:40:10.415 [pool-3-thread-1] INFO tourGuide.service.TourGuideService - trackUserLocationAsync for user : internalUser795
21:40:10.415 [pool-3-thread-1] INFO tourGuide.service.TourGuideService - trackUserLocationAsync for user : internalUser550
21:40:10.415 [pool-3-thread-1] INFO tourGuide.service.TourGuideService - trackUserLocationAsync for user : internalUser792
21:40:10.415 [pool-3-thread-1] INFO tourGuide.service.TourGuideService - trackUserLocationAsync for user : internalUser551
21:40:10.415 [pool-3-thread-1] INFO tourGuide.service.TourGuideService - trackUserLocationAsync for user : internalUser793
21:40:10.415 [pool-3-thread-1] INFO tourGuide.service.TourGuideService - trackUserLocationAsync for user : internalUser318
21:40:10.415 [pool-3-thread-1] INFO tourGuide.service.TourGuideService - trackUserLocationAsync for user : internalUser319
21:40:10.415 [pool-3-thread-1] INFO tourGuide.service.TourGuideService - trackUserLocationAsync for user : internalUser316
21:40:10.415 [pool-3-thread-1] INFO tourGuide.service.TourGuideService - trackUserLocationAsync for user : internalUser558
21:40:10.415 [pool-3-thread-1] INFO tourGuide.service.TourGuideService - trackUserLocationAsync for user : internalUser317
21:40:10.415 [pool-3-thread-1] INFO tourGuide.service.TourGuideService - trackUserLocationAsync for user : internalUser559
21:40:10.415 [pool-3-thread-1] INFO tourGuide.service.TourGuideService - trackUserLocationAsync for user : internalUser600
21:40:10.415 [pool-3-thread-1] INFO tourGuide.service.TourGuideService - trackUserLocationAsync for user : internalUser842
21:40:10.415 [pool-3-thread-1] INFO tourGuide.service.TourGuideService - trackUserLocationAsync for user : internalUser601
21:40:10.415 [pool-3-thread-1] INFO tourGuide.service.TourGuideService - trackUserLocationAsync for user : internalUser843
21:40:10.415 [pool-3-thread-1] INFO tourGuide.service.TourGuideService - trackUserLocationAsync for user : internalUser840
21:40:10.415 [pool-3-thread-1] INFO tourGuide.service.TourGuideService - trackUserLocationAsync for user : internalUser841
21:40:10.415 [pool-3-thread-1] INFO tourGuide.service.TourGuideService - trackUserLocationAsync for user : internalUser608
21:40:10.415 [pool-3-thread-1] INFO tourGuide.service.TourGuideService - trackUserLocationAsync for user : internalUser609
21:40:10.415 [pool-3-thread-1] INFO tourGuide.service.TourGuideService - trackUserLocationAsync for user : internalUser606
21:40:10.415 [pool-3-thread-1] INFO tourGuide.service.TourGuideService - trackUserLocationAsync for user : internalUser848
21:40:10.415 [pool-3-thread-1] INFO tourGuide.service.TourGuideService - trackUserLocationAsync for user : internalUser607
21:40:10.415 [pool-3-thread-1] INFO tourGuide.service.TourGuideService - trackUserLocationAsync for user : internalUser849
21:40:10.415 [pool-3-thread-1] INFO tourGuide.service.TourGuideService - trackUserLocationAsync for user : internalUser604
21:40:10.415 [pool-3-thread-1] INFO tourGuide.service.TourGuideService - trackUserLocationAsync for user : internalUser846
21:40:10.415 [pool-3-thread-1] INFO tourGuide.service.TourGuideService - trackUserLocationAsync for user : internalUser605
21:40:10.415 [pool-3-thread-1] INFO tourGuide.service.TourGuideService - trackUserLocationAsync for user : internalUser847
21:40:10.415 [pool-3-thread-1] INFO tourGuide.service.TourGuideService - trackUserLocationAsync for user : internalUser602
21:40:10.415 [pool-3-thread-1] INFO tourGuide.service.TourGuideService - trackUserLocationAsync for user : internalUser844
21:40:10.415 [pool-3-thread-1] INFO tourGuide.service.TourGuideService - trackUserLocationAsync for user : internalUser603
21:40:10.415 [pool-3-thread-1] INFO tourGuide.service.TourGuideService - trackUserLocationAsync for user : internalUser845
21:40:10.415 [pool-3-thread-1] INFO tourGuide.service.TourGuideService - trackUserLocationAsync for user : internalUser611
21:40:10.416 [pool-3-thread-1] INFO tourGuide.service.TourGuideService - trackUserLocationAsync for user : internalUser853
21:40:10.416 [pool-3-thread-1] INFO tourGuide.service.TourGuideService - trackUserLocationAsync for user : internalUser612
21:40:10.416 [pool-3-thread-1] INFO tourGuide.service.TourGuideService - trackUserLocationAsync for user : internalUser854
21:40:10.416 [pool-3-thread-1] INFO tourGuide.service.TourGuideService - trackUserLocationAsync for user : internalUser851
21:40:10.416 [pool-3-thread-1] INFO tourGuide.service.TourGuideService - trackUserLocationAsync for user : internalUser610
21:40:10.416 [pool-3-thread-1] INFO tourGuide.service.TourGuideService - trackUserLocationAsync for user : internalUser852
21:40:10.416 [pool-3-thread-1] INFO tourGuide.service.TourGuideService - trackUserLocationAsync for user : internalUser850
21:40:10.416 [pool-3-thread-1] INFO tourGuide.service.TourGuideService - trackUserLocationAsync for user : internalUser619
21:40:10.416 [pool-3-thread-1] INFO tourGuide.service.TourGuideService - trackUserLocationAsync for user : internalUser617
21:40:10.416 [pool-3-thread-1] INFO tourGuide.service.TourGuideService - trackUserLocationAsync for user : internalUser859
21:40:10.416 [pool-3-thread-1] INFO tourGuide.service.TourGuideService - trackUserLocationAsync for user : internalUser618
21:40:10.416 [pool-3-thread-1] INFO tourGuide.service.TourGuideService - trackUserLocationAsync for user : internalUser615
21:40:10.416 [pool-3-thread-1] INFO tourGuide.service.TourGuideService - trackUserLocationAsync for user : internalUser857
21:40:10.416 [pool-3-thread-1] INFO tourGuide.service.TourGuideService - trackUserLocationAsync for user : internalUser616
21:40:10.416 [pool-3-thread-1] INFO tourGuide.service.TourGuideService - trackUserLocationAsync for user : internalUser858
21:40:10.416 [pool-3-thread-1] INFO tourGuide.service.TourGuideService - trackUserLocationAsync for user : internalUser613
21:40:10.416 [pool-3-thread-1] INFO tourGuide.service.TourGuideService - trackUserLocationAsync for user : internalUser855
21:40:10.416 [pool-3-thread-1] INFO tourGuide.service.TourGuideService - trackUserLocationAsync for user : internalUser614
21:40:10.416 [pool-3-thread-1] INFO tourGuide.service.TourGuideService - trackUserLocationAsync for user : internalUser856
21:40:10.416 [pool-3-thread-1] INFO tourGuide.service.TourGuideService - trackUserLocationAsync for user : internalUser622
21:40:10.416 [pool-3-thread-1] INFO tourGuide.service.TourGuideService - trackUserLocationAsync for user : internalUser864
21:40:10.416 [pool-3-thread-1] INFO tourGuide.service.TourGuideService - trackUserLocationAsync for user : internalUser623
21:40:10.416 [pool-3-thread-1] INFO tourGuide.service.TourGuideService - trackUserLocationAsync for user : internalUser865
21:40:10.416 [pool-3-thread-1] INFO tourGuide.service.TourGuideService - trackUserLocationAsync for user : internalUser620
21:40:10.416 [pool-3-thread-1] INFO tourGuide.service.TourGuideService - trackUserLocationAsync for user : internalUser862
21:40:10.416 [pool-3-thread-1] INFO tourGuide.service.TourGuideService - trackUserLocationAsync for user : internalUser621
21:40:10.416 [pool-3-thread-1] INFO tourGuide.service.TourGuideService - trackUserLocationAsync for user : internalUser863
21:40:10.416 [pool-3-thread-1] INFO tourGuide.service.TourGuideService - trackUserLocationAsync for user : internalUser860
21:40:10.416 [pool-3-thread-1] INFO tourGuide.service.TourGuideService - trackUserLocationAsync for user : internalUser19
21:40:10.416 [pool-3-thread-1] INFO tourGuide.service.TourGuideService - trackUserLocationAsync for user : internalUser861
21:40:10.416 [pool-3-thread-1] INFO tourGuide.service.TourGuideService - trackUserLocationAsync for user : internalUser16
21:40:10.416 [pool-3-thread-1] INFO tourGuide.service.TourGuideService - trackUserLocationAsync for user : internalUser15
21:40:10.416 [pool-3-thread-1] INFO tourGuide.service.TourGuideService - trackUserLocationAsync for user : internalUser18
21:40:10.416 [pool-3-thread-1] INFO tourGuide.service.TourGuideService - trackUserLocationAsync for user : internalUser628
21:40:10.416 [pool-3-thread-1] INFO tourGuide.service.TourGuideService - trackUserLocationAsync for user : internalUser17
21:40:10.416 [pool-3-thread-1] INFO tourGuide.service.TourGuideService - trackUserLocationAsync for user : internalUser629
21:40:10.416 [pool-3-thread-1] INFO tourGuide.service.TourGuideService - trackUserLocationAsync for user : internalUser12
21:40:10.416 [pool-3-thread-1] INFO tourGuide.service.TourGuideService - trackUserLocationAsync for user : internalUser626
21:40:10.416 [pool-3-thread-1] INFO tourGuide.service.TourGuideService - trackUserLocationAsync for user : internalUser868
21:40:10.416 [pool-3-thread-1] INFO tourGuide.service.TourGuideService - trackUserLocationAsync for user : internalUser11
21:40:10.416 [pool-3-thread-1] INFO tourGuide.service.TourGuideService - trackUserLocationAsync for user : internalUser627
21:40:10.416 [pool-3-thread-1] INFO tourGuide.service.TourGuideService - trackUserLocationAsync for user : internalUser869
21:40:10.416 [pool-3-thread-1] INFO tourGuide.service.TourGuideService - trackUserLocationAsync for user : internalUser14
21:40:10.416 [pool-3-thread-1] INFO tourGuide.service.TourGuideService - trackUserLocationAsync for user : internalUser624
21:40:10.416 [pool-3-thread-1] INFO tourGuide.service.TourGuideService - trackUserLocationAsync for user : internalUser866
21:40:10.416 [pool-3-thread-1] INFO tourGuide.service.TourGuideService - trackUserLocationAsync for user : internalUser13
21:40:10.416 [pool-3-thread-1] INFO tourGuide.service.TourGuideService - trackUserLocationAsync for user : internalUser625
21:40:10.416 [pool-3-thread-1] INFO tourGuide.service.TourGuideService - trackUserLocationAsync for user : internalUser867
21:40:10.416 [pool-3-thread-1] INFO tourGuide.service.TourGuideService - trackUserLocationAsync for user : internalUser10
21:40:10.416 [pool-3-thread-1] INFO tourGuide.service.TourGuideService - trackUserLocationAsync for user : internalUser633
21:40:10.416 [pool-3-thread-1] INFO tourGuide.service.TourGuideService - trackUserLocationAsync for user : internalUser875
21:40:10.416 [pool-3-thread-1] INFO tourGuide.service.TourGuideService - trackUserLocationAsync for user : internalUser634
21:40:10.416 [pool-3-thread-1] INFO tourGuide.service.TourGuideService - trackUserLocationAsync for user : internalUser876
21:40:10.416 [pool-3-thread-1] INFO tourGuide.service.TourGuideService - trackUserLocationAsync for user : internalUser631
21:40:10.416 [pool-3-thread-1] INFO tourGuide.service.TourGuideService - trackUserLocationAsync for user : internalUser873
21:40:10.416 [pool-3-thread-1] INFO tourGuide.service.TourGuideService - trackUserLocationAsync for user : internalUser632
21:40:10.416 [pool-3-thread-1] INFO tourGuide.service.TourGuideService - trackUserLocationAsync for user : internalUser874
21:40:10.416 [pool-3-thread-1] INFO tourGuide.service.TourGuideService - trackUserLocationAsync for user : internalUser871
21:40:10.416 [pool-3-thread-1] INFO tourGuide.service.TourGuideService - trackUserLocationAsync for user : internalUser630
21:40:10.416 [pool-3-thread-1] INFO tourGuide.service.TourGuideService - trackUserLocationAsync for user : internalUser872
21:40:10.416 [pool-3-thread-1] INFO tourGuide.service.TourGuideService - trackUserLocationAsync for user : internalUser870
21:40:10.416 [pool-3-thread-1] INFO tourGuide.service.TourGuideService - trackUserLocationAsync for user : internalUser27
21:40:10.416 [pool-3-thread-1] INFO tourGuide.service.TourGuideService - trackUserLocationAsync for user : internalUser26
21:40:10.416 [pool-3-thread-1] INFO tourGuide.service.TourGuideService - trackUserLocationAsync for user : internalUser29
21:40:10.416 [pool-3-thread-1] INFO tourGuide.service.TourGuideService - trackUserLocationAsync for user : internalUser639
21:40:10.416 [pool-3-thread-1] INFO tourGuide.service.TourGuideService - trackUserLocationAsync for user : internalUser28
21:40:10.417 [pool-3-thread-1] INFO tourGuide.service.TourGuideService - trackUserLocationAsync for user : internalUser23
21:40:10.417 [pool-3-thread-1] INFO tourGuide.service.TourGuideService - trackUserLocationAsync for user : internalUser637
21:40:10.417 [pool-3-thread-1] INFO tourGuide.service.TourGuideService - trackUserLocationAsync for user : internalUser879
21:40:10.417 [pool-3-thread-1] INFO tourGuide.service.TourGuideService - trackUserLocationAsync for user : internalUser22
21:40:10.417 [pool-3-thread-1] INFO tourGuide.service.TourGuideService - trackUserLocationAsync for user : internalUser638
21:40:10.417 [pool-3-thread-1] INFO tourGuide.service.TourGuideService - trackUserLocationAsync for user : internalUser25
21:40:10.417 [pool-3-thread-1] INFO tourGuide.service.TourGuideService - trackUserLocationAsync for user : internalUser635
21:40:10.417 [pool-3-thread-1] INFO tourGuide.service.TourGuideService - trackUserLocationAsync for user : internalUser877
21:40:10.417 [pool-3-thread-1] INFO tourGuide.service.TourGuideService - trackUserLocationAsync for user : internalUser24
21:40:10.417 [pool-3-thread-1] INFO tourGuide.service.TourGuideService - trackUserLocationAsync for user : internalUser636
21:40:10.417 [pool-3-thread-1] INFO tourGuide.service.TourGuideService - trackUserLocationAsync for user : internalUser878
21:40:10.417 [pool-3-thread-1] INFO tourGuide.service.TourGuideService - trackUserLocationAsync for user : internalUser21
21:40:10.417 [pool-3-thread-1] INFO tourGuide.service.TourGuideService - trackUserLocationAsync for user : internalUser20
21:40:10.417 [pool-3-thread-1] INFO tourGuide.service.TourGuideService - trackUserLocationAsync for user : internalUser38
21:40:10.417 [pool-3-thread-1] INFO tourGuide.service.TourGuideService - trackUserLocationAsync for user : internalUser806
21:40:10.417 [pool-3-thread-1] INFO tourGuide.service.TourGuideService - trackUserLocationAsync for user : internalUser37
21:40:10.417 [pool-3-thread-1] INFO tourGuide.service.TourGuideService - trackUserLocationAsync for user : internalUser807
21:40:10.417 [pool-3-thread-1] INFO tourGuide.service.TourGuideService - trackUserLocationAsync for user : internalUser804
21:40:10.417 [pool-3-thread-1] INFO tourGuide.service.TourGuideService - trackUserLocationAsync for user : internalUser39
21:40:10.417 [pool-3-thread-1] INFO tourGuide.service.TourGuideService - trackUserLocationAsync for user : internalUser805
21:40:10.417 [pool-3-thread-1] INFO tourGuide.service.TourGuideService - trackUserLocationAsync for user : internalUser34
21:40:10.417 [pool-3-thread-1] INFO tourGuide.service.TourGuideService - trackUserLocationAsync for user : internalUser802
21:40:10.417 [pool-3-thread-1] INFO tourGuide.service.TourGuideService - trackUserLocationAsync for user : internalUser33
21:40:10.417 [pool-3-thread-1] INFO tourGuide.service.TourGuideService - trackUserLocationAsync for user : internalUser803
21:40:10.417 [pool-3-thread-1] INFO tourGuide.service.TourGuideService - trackUserLocationAsync for user : internalUser36
21:40:10.417 [pool-3-thread-1] INFO tourGuide.service.TourGuideService - trackUserLocationAsync for user : internalUser800
21:40:10.417 [pool-3-thread-1] INFO tourGuide.service.TourGuideService - trackUserLocationAsync for user : internalUser35
21:40:10.417 [pool-3-thread-1] INFO tourGuide.service.TourGuideService - trackUserLocationAsync for user : internalUser801
21:40:10.417 [pool-3-thread-1] INFO tourGuide.service.TourGuideService - trackUserLocationAsync for user : internalUser30
21:40:10.417 [pool-3-thread-1] INFO tourGuide.service.TourGuideService - trackUserLocationAsync for user : internalUser32
21:40:10.417 [pool-3-thread-1] INFO tourGuide.service.TourGuideService - trackUserLocationAsync for user : internalUser31
21:40:10.417 [pool-3-thread-1] INFO tourGuide.service.TourGuideService - trackUserLocationAsync for user : internalUser808
21:40:10.417 [pool-3-thread-1] INFO tourGuide.service.TourGuideService - trackUserLocationAsync for user : internalUser809
21:40:10.417 [pool-3-thread-1] INFO tourGuide.service.TourGuideService - trackUserLocationAsync for user : internalUser810
21:40:10.417 [pool-3-thread-1] INFO tourGuide.service.TourGuideService - trackUserLocationAsync for user : internalUser49
21:40:10.417 [pool-3-thread-1] INFO tourGuide.service.TourGuideService - trackUserLocationAsync for user : internalUser817
21:40:10.417 [pool-3-thread-1] INFO tourGuide.service.TourGuideService - trackUserLocationAsync for user : internalUser48
21:40:10.417 [pool-3-thread-1] INFO tourGuide.service.TourGuideService - trackUserLocationAsync for user : internalUser818
21:40:10.417 [pool-3-thread-1] INFO tourGuide.service.TourGuideService - trackUserLocationAsync for user : internalUser815
21:40:10.417 [pool-3-thread-1] INFO tourGuide.service.TourGuideService - trackUserLocationAsync for user : internalUser816
21:40:10.417 [pool-3-thread-1] INFO tourGuide.service.TourGuideService - trackUserLocationAsync for user : internalUser45
21:40:10.417 [pool-3-thread-1] INFO tourGuide.service.TourGuideService - trackUserLocationAsync for user : internalUser813
21:40:10.417 [pool-3-thread-1] INFO tourGuide.service.TourGuideService - trackUserLocationAsync for user : internalUser44
21:40:10.417 [pool-3-thread-1] INFO tourGuide.service.TourGuideService - trackUserLocationAsync for user : internalUser814
21:40:10.417 [pool-3-thread-1] INFO tourGuide.service.TourGuideService - trackUserLocationAsync for user : internalUser47
21:40:10.417 [pool-3-thread-1] INFO tourGuide.service.TourGuideService - trackUserLocationAsync for user : internalUser811
21:40:10.417 [pool-3-thread-1] INFO tourGuide.service.TourGuideService - trackUserLocationAsync for user : internalUser46
21:40:10.417 [pool-3-thread-1] INFO tourGuide.service.TourGuideService - trackUserLocationAsync for user : internalUser812
21:40:10.417 [pool-3-thread-1] INFO tourGuide.service.TourGuideService - trackUserLocationAsync for user : internalUser41
21:40:10.417 [pool-3-thread-1] INFO tourGuide.service.TourGuideService - trackUserLocationAsync for user : internalUser40
21:40:10.417 [pool-3-thread-1] INFO tourGuide.service.TourGuideService - trackUserLocationAsync for user : internalUser43
21:40:10.417 [pool-3-thread-1] INFO tourGuide.service.TourGuideService - trackUserLocationAsync for user : internalUser42
21:40:10.417 [pool-3-thread-1] INFO tourGuide.service.TourGuideService - trackUserLocationAsync for user : internalUser819
21:40:10.417 [pool-3-thread-1] INFO tourGuide.service.TourGuideService - trackUserLocationAsync for user : internalUser820
21:40:10.417 [pool-3-thread-1] INFO tourGuide.service.TourGuideService - trackUserLocationAsync for user : internalUser821
21:40:10.417 [pool-3-thread-1] INFO tourGuide.service.TourGuideService - trackUserLocationAsync for user : internalUser828
21:40:10.417 [pool-3-thread-1] INFO tourGuide.service.TourGuideService - trackUserLocationAsync for user : internalUser59
21:40:10.417 [pool-3-thread-1] INFO tourGuide.service.TourGuideService - trackUserLocationAsync for user : internalUser829
21:40:10.417 [pool-3-thread-1] INFO tourGuide.service.TourGuideService - trackUserLocationAsync for user : internalUser826
21:40:10.417 [pool-3-thread-1] INFO tourGuide.service.TourGuideService - trackUserLocationAsync for user : internalUser827
21:40:10.417 [pool-3-thread-1] INFO tourGuide.service.TourGuideService - trackUserLocationAsync for user : internalUser56
21:40:10.417 [pool-3-thread-1] INFO tourGuide.service.TourGuideService - trackUserLocationAsync for user : internalUser824
21:40:10.417 [pool-3-thread-1] INFO tourGuide.service.TourGuideService - trackUserLocationAsync for user : internalUser55
21:40:10.417 [pool-3-thread-1] INFO tourGuide.service.TourGuideService - trackUserLocationAsync for user : internalUser825
21:40:10.417 [pool-3-thread-1] INFO tourGuide.service.TourGuideService - trackUserLocationAsync for user : internalUser58
21:40:10.417 [pool-3-thread-1] INFO tourGuide.service.TourGuideService - trackUserLocationAsync for user : internalUser822
21:40:10.417 [pool-3-thread-1] INFO tourGuide.service.TourGuideService - trackUserLocationAsync for user : internalUser57
21:40:10.417 [pool-3-thread-1] INFO tourGuide.service.TourGuideService - trackUserLocationAsync for user : internalUser823
21:40:10.417 [pool-3-thread-1] INFO tourGuide.service.TourGuideService - trackUserLocationAsync for user : internalUser52
21:40:10.418 [pool-3-thread-1] INFO tourGuide.service.TourGuideService - trackUserLocationAsync for user : internalUser51
21:40:10.418 [pool-3-thread-1] INFO tourGuide.service.TourGuideService - trackUserLocationAsync for user : internalUser54
21:40:10.418 [pool-3-thread-1] INFO tourGuide.service.TourGuideService - trackUserLocationAsync for user : internalUser53
21:40:10.418 [pool-3-thread-1] INFO tourGuide.service.TourGuideService - trackUserLocationAsync for user : internalUser50
21:40:10.418 [pool-3-thread-1] INFO tourGuide.service.TourGuideService - trackUserLocationAsync for user : internalUser831
21:40:10.413 [Test worker] INFO tourGuide.service.TourGuideService - trackUserLocationAsync for user : internalUser388
21:40:10.418 [pool-3-thread-1] INFO tourGuide.service.TourGuideService - trackUserLocationAsync for user : internalUser832
21:40:10.418 [pool-3-thread-1] INFO tourGuide.service.TourGuideService - trackUserLocationAsync for user : internalUser830
21:40:10.418 [Test worker] INFO tourGuide.service.TourGuideService - trackUserLocationAsync for user : internalUser143
21:40:10.418 [pool-3-thread-1] INFO tourGuide.service.TourGuideService - trackUserLocationAsync for user : internalUser839
21:40:10.418 [Test worker] INFO tourGuide.service.TourGuideService - trackUserLocationAsync for user : internalUser385
21:40:10.418 [pool-3-thread-1] INFO tourGuide.service.TourGuideService - trackUserLocationAsync for user : internalUser837
21:40:10.418 [Test worker] INFO tourGuide.service.TourGuideService - trackUserLocationAsync for user : internalUser144
21:40:10.418 [pool-3-thread-1] INFO tourGuide.service.TourGuideService - trackUserLocationAsync for user : internalUser838
21:40:10.418 [Test worker] INFO tourGuide.service.TourGuideService - trackUserLocationAsync for user : internalUser386
21:40:10.418 [pool-3-thread-1] INFO tourGuide.service.TourGuideService - trackUserLocationAsync for user : internalUser67
21:40:10.418 [Test worker] INFO tourGuide.service.TourGuideService - trackUserLocationAsync for user : internalUser152
21:40:10.418 [pool-3-thread-1] INFO tourGuide.service.TourGuideService - trackUserLocationAsync for user : internalUser835
21:40:10.418 [Test worker] INFO tourGuide.service.TourGuideService - trackUserLocationAsync for user : internalUser394
21:40:10.418 [pool-3-thread-1] INFO tourGuide.service.TourGuideService - trackUserLocationAsync for user : internalUser66
21:40:10.418 [Test worker] INFO tourGuide.service.TourGuideService - trackUserLocationAsync for user : internalUser153
21:40:10.418 [pool-3-thread-1] INFO tourGuide.service.TourGuideService - trackUserLocationAsync for user : internalUser836
21:40:10.418 [Test worker] INFO tourGuide.service.TourGuideService - trackUserLocationAsync for user : internalUser395
21:40:10.418 [pool-3-thread-1] INFO tourGuide.service.TourGuideService - trackUserLocationAsync for user : internalUser69
21:40:10.418 [Test worker] INFO tourGuide.service.TourGuideService - trackUserLocationAsync for user : internalUser150
21:40:10.418 [pool-3-thread-1] INFO tourGuide.service.TourGuideService - trackUserLocationAsync for user : internalUser833
21:40:10.418 [Test worker] INFO tourGuide.service.TourGuideService - trackUserLocationAsync for user : internalUser392
21:40:10.418 [pool-3-thread-1] INFO tourGuide.service.TourGuideService - trackUserLocationAsync for user : internalUser68
21:40:10.418 [pool-3-thread-1] INFO tourGuide.service.TourGuideService - trackUserLocationAsync for user : internalUser834
21:40:10.418 [Test worker] INFO tourGuide.service.TourGuideService - trackUserLocationAsync for user : internalUser151
21:40:10.418 [pool-3-thread-1] INFO tourGuide.service.TourGuideService - trackUserLocationAsync for user : internalUser63
21:40:10.418 [pool-3-thread-1] INFO tourGuide.service.TourGuideService - trackUserLocationAsync for user : internalUser62
21:40:10.418 [pool-3-thread-1] INFO tourGuide.service.TourGuideService - trackUserLocationAsync for user : internalUser65
21:40:10.418 [pool-3-thread-1] INFO tourGuide.service.TourGuideService - trackUserLocationAsync for user : internalUser64
21:40:10.418 [pool-3-thread-1] INFO tourGuide.service.TourGuideService - trackUserLocationAsync for user : internalUser61
21:40:10.418 [pool-3-thread-1] INFO tourGuide.service.TourGuideService - trackUserLocationAsync for user : internalUser60
21:40:10.418 [pool-3-thread-1] INFO tourGuide.service.TourGuideService - trackUserLocationAsync for user : internalUser78
21:40:10.418 [pool-3-thread-1] INFO tourGuide.service.TourGuideService - trackUserLocationAsync for user : internalUser77
21:40:10.418 [pool-3-thread-1] INFO tourGuide.service.TourGuideService - trackUserLocationAsync for user : internalUser79
21:40:10.418 [pool-3-thread-1] INFO tourGuide.service.TourGuideService - trackUserLocationAsync for user : internalUser74
21:40:10.418 [pool-3-thread-1] INFO tourGuide.service.TourGuideService - trackUserLocationAsync for user : internalUser73
21:40:10.418 [pool-3-thread-1] INFO tourGuide.service.TourGuideService - trackUserLocationAsync for user : internalUser76
21:40:10.418 [pool-3-thread-1] INFO tourGuide.service.TourGuideService - trackUserLocationAsync for user : internalUser75
21:40:10.418 [pool-3-thread-1] INFO tourGuide.service.TourGuideService - trackUserLocationAsync for user : internalUser70
21:40:10.418 [pool-3-thread-1] INFO tourGuide.service.TourGuideService - trackUserLocationAsync for user : internalUser72
21:40:10.418 [pool-3-thread-1] INFO tourGuide.service.TourGuideService - trackUserLocationAsync for user : internalUser71
21:40:10.418 [pool-3-thread-1] INFO tourGuide.service.TourGuideService - trackUserLocationAsync for user : internalUser90
21:40:10.418 [pool-3-thread-1] INFO tourGuide.service.TourGuideService - trackUserLocationAsync for user : internalUser89
21:40:10.418 [pool-3-thread-1] INFO tourGuide.service.TourGuideService - trackUserLocationAsync for user : internalUser88
21:40:10.418 [pool-3-thread-1] INFO tourGuide.service.TourGuideService - trackUserLocationAsync for user : internalUser85
21:40:10.418 [pool-3-thread-1] INFO tourGuide.service.TourGuideService - trackUserLocationAsync for user : internalUser84
21:40:10.418 [pool-3-thread-1] INFO tourGuide.service.TourGuideService - trackUserLocationAsync for user : internalUser87
21:40:10.418 [pool-3-thread-1] INFO tourGuide.service.TourGuideService - trackUserLocationAsync for user : internalUser86
21:40:10.418 [pool-3-thread-1] INFO tourGuide.service.TourGuideService - trackUserLocationAsync for user : internalUser81
21:40:10.418 [pool-3-thread-1] INFO tourGuide.service.TourGuideService - trackUserLocationAsync for user : internalUser80
21:40:10.418 [pool-3-thread-1] INFO tourGuide.service.TourGuideService - trackUserLocationAsync for user : internalUser83
21:40:10.418 [pool-3-thread-1] INFO tourGuide.service.TourGuideService - trackUserLocationAsync for user : internalUser82
21:40:10.418 [pool-3-thread-1] INFO tourGuide.service.TourGuideService - trackUserLocationAsync for user : internalUser99
21:40:10.418 [pool-3-thread-1] INFO tourGuide.service.TourGuideService - trackUserLocationAsync for user : internalUser96
21:40:10.418 [pool-3-thread-1] INFO tourGuide.service.TourGuideService - trackUserLocationAsync for user : internalUser95
21:40:10.418 [pool-3-thread-1] INFO tourGuide.service.TourGuideService - trackUserLocationAsync for user : internalUser98
21:40:10.419 [pool-3-thread-1] INFO tourGuide.service.TourGuideService - trackUserLocationAsync for user : internalUser97
21:40:10.419 [pool-3-thread-1] INFO tourGuide.service.TourGuideService - trackUserLocationAsync for user : internalUser92
21:40:10.419 [pool-3-thread-1] INFO tourGuide.service.TourGuideService - trackUserLocationAsync for user : internalUser91
21:40:10.419 [pool-3-thread-1] INFO tourGuide.service.TourGuideService - trackUserLocationAsync for user : internalUser94
21:40:10.419 [pool-3-thread-1] INFO tourGuide.service.TourGuideService - trackUserLocationAsync for user : internalUser93
21:40:10.419 [pool-3-thread-1] INFO tourGuide.service.TourGuideService - trackUserLocationAsync for user : internalUser284
21:40:10.419 [pool-3-thread-1] INFO tourGuide.service.TourGuideService - trackUserLocationAsync for user : internalUser285
21:40:10.419 [pool-3-thread-1] INFO tourGuide.service.TourGuideService - trackUserLocationAsync for user : internalUser282
21:40:10.419 [pool-3-thread-1] INFO tourGuide.service.TourGuideService - trackUserLocationAsync for user : internalUser283
21:40:10.419 [pool-3-thread-1] INFO tourGuide.service.TourGuideService - trackUserLocationAsync for user : internalUser280
21:40:10.419 [pool-3-thread-1] INFO tourGuide.service.TourGuideService - trackUserLocationAsync for user : internalUser281
21:40:10.419 [pool-3-thread-1] INFO tourGuide.service.TourGuideService - trackUserLocationAsync for user : internalUser288
21:40:10.419 [pool-3-thread-1] INFO tourGuide.service.TourGuideService - trackUserLocationAsync for user : internalUser289
21:40:10.419 [pool-3-thread-1] INFO tourGuide.service.TourGuideService - trackUserLocationAsync for user : internalUser286
21:40:10.419 [pool-3-thread-1] INFO tourGuide.service.TourGuideService - trackUserLocationAsync for user : internalUser287
21:40:10.419 [pool-3-thread-1] INFO tourGuide.service.TourGuideService - trackUserLocationAsync for user : internalUser295
21:40:10.419 [pool-3-thread-1] INFO tourGuide.service.TourGuideService - trackUserLocationAsync for user : internalUser296
21:40:10.419 [pool-3-thread-1] INFO tourGuide.service.TourGuideService - trackUserLocationAsync for user : internalUser293
21:40:10.419 [pool-3-thread-1] INFO tourGuide.service.TourGuideService - trackUserLocationAsync for user : internalUser294
21:40:10.419 [pool-3-thread-1] INFO tourGuide.service.TourGuideService - trackUserLocationAsync for user : internalUser291
21:40:10.419 [pool-3-thread-1] INFO tourGuide.service.TourGuideService - trackUserLocationAsync for user : internalUser292
21:40:10.419 [pool-3-thread-1] INFO tourGuide.service.TourGuideService - trackUserLocationAsync for user : internalUser290
21:40:10.419 [pool-3-thread-1] INFO tourGuide.service.TourGuideService - trackUserLocationAsync for user : internalUser299
21:40:10.419 [pool-3-thread-1] INFO tourGuide.service.TourGuideService - trackUserLocationAsync for user : internalUser297
21:40:10.419 [pool-3-thread-1] INFO tourGuide.service.TourGuideService - trackUserLocationAsync for user : internalUser298
21:40:10.419 [pool-3-thread-1] INFO tourGuide.service.TourGuideService - trackUserLocationAsync for user : internalUser240
21:40:10.419 [pool-3-thread-1] INFO tourGuide.service.TourGuideService - trackUserLocationAsync for user : internalUser482
21:40:10.419 [pool-3-thread-1] INFO tourGuide.service.TourGuideService - trackUserLocationAsync for user : internalUser241
21:40:10.419 [pool-3-thread-1] INFO tourGuide.service.TourGuideService - trackUserLocationAsync for user : internalUser483
21:40:10.419 [pool-3-thread-1] INFO tourGuide.service.TourGuideService - trackUserLocationAsync for user : internalUser480
21:40:10.419 [pool-3-thread-1] INFO tourGuide.service.TourGuideService - trackUserLocationAsync for user : internalUser481
21:40:10.419 [pool-3-thread-1] INFO tourGuide.service.TourGuideService - trackUserLocationAsync for user : internalUser248
21:40:10.434 [pool-3-thread-1] INFO tourGuide.service.TourGuideService - trackUserLocationAsync for user : internalUser249
21:40:10.434 [pool-3-thread-1] INFO tourGuide.service.TourGuideService - trackUserLocationAsync for user : internalUser246
21:40:10.434 [pool-3-thread-1] INFO tourGuide.service.TourGuideService - trackUserLocationAsync for user : internalUser488
21:40:10.434 [pool-3-thread-1] INFO tourGuide.service.TourGuideService - trackUserLocationAsync for user : internalUser247
21:40:10.434 [pool-3-thread-1] INFO tourGuide.service.TourGuideService - trackUserLocationAsync for user : internalUser489
21:40:10.434 [pool-3-thread-1] INFO tourGuide.service.TourGuideService - trackUserLocationAsync for user : internalUser244
21:40:10.434 [pool-3-thread-1] INFO tourGuide.service.TourGuideService - trackUserLocationAsync for user : internalUser486
21:40:10.434 [pool-3-thread-1] INFO tourGuide.service.TourGuideService - trackUserLocationAsync for user : internalUser245
21:40:10.434 [pool-3-thread-1] INFO tourGuide.service.TourGuideService - trackUserLocationAsync for user : internalUser487
21:40:10.434 [pool-3-thread-1] INFO tourGuide.service.TourGuideService - trackUserLocationAsync for user : internalUser242
21:40:10.434 [pool-3-thread-1] INFO tourGuide.service.TourGuideService - trackUserLocationAsync for user : internalUser484
21:40:10.434 [pool-3-thread-1] INFO tourGuide.service.TourGuideService - trackUserLocationAsync for user : internalUser243
21:40:10.434 [pool-3-thread-1] INFO tourGuide.service.TourGuideService - trackUserLocationAsync for user : internalUser485
21:40:10.434 [pool-3-thread-1] INFO tourGuide.service.TourGuideService - trackUserLocationAsync for user : internalUser251
21:40:10.434 [pool-3-thread-1] INFO tourGuide.service.TourGuideService - trackUserLocationAsync for user : internalUser493
21:40:10.434 [pool-3-thread-1] INFO tourGuide.service.TourGuideService - trackUserLocationAsync for user : internalUser252
21:40:10.434 [pool-3-thread-1] INFO tourGuide.service.TourGuideService - trackUserLocationAsync for user : internalUser494
21:40:10.434 [pool-3-thread-1] INFO tourGuide.service.TourGuideService - trackUserLocationAsync for user : internalUser491
21:40:10.434 [pool-3-thread-1] INFO tourGuide.service.TourGuideService - trackUserLocationAsync for user : internalUser250
21:40:10.434 [pool-3-thread-1] INFO tourGuide.service.TourGuideService - trackUserLocationAsync for user : internalUser492
21:40:10.434 [pool-3-thread-1] INFO tourGuide.service.TourGuideService - trackUserLocationAsync for user : internalUser490
21:40:10.434 [pool-3-thread-1] INFO tourGuide.service.TourGuideService - trackUserLocationAsync for user : internalUser259
21:40:10.434 [pool-3-thread-1] INFO tourGuide.service.TourGuideService - trackUserLocationAsync for user : internalUser257
21:40:10.434 [pool-3-thread-1] INFO tourGuide.service.TourGuideService - trackUserLocationAsync for user : internalUser499
21:40:10.434 [pool-3-thread-1] INFO tourGuide.service.TourGuideService - trackUserLocationAsync for user : internalUser258
21:40:10.434 [pool-3-thread-1] INFO tourGuide.service.TourGuideService - trackUserLocationAsync for user : internalUser255
21:40:10.434 [pool-3-thread-1] INFO tourGuide.service.TourGuideService - trackUserLocationAsync for user : internalUser497
21:40:10.434 [pool-3-thread-1] INFO tourGuide.service.TourGuideService - trackUserLocationAsync for user : internalUser256
21:40:10.434 [pool-3-thread-1] INFO tourGuide.service.TourGuideService - trackUserLocationAsync for user : internalUser498
21:40:10.434 [pool-3-thread-1] INFO tourGuide.service.TourGuideService - trackUserLocationAsync for user : internalUser253
21:40:10.434 [pool-3-thread-1] INFO tourGuide.service.TourGuideService - trackUserLocationAsync for user : internalUser495
21:40:10.434 [pool-3-thread-1] INFO tourGuide.service.TourGuideService - trackUserLocationAsync for user : internalUser254
21:40:10.434 [pool-3-thread-1] INFO tourGuide.service.TourGuideService - trackUserLocationAsync for user : internalUser496
21:40:10.434 [pool-3-thread-1] INFO tourGuide.service.TourGuideService - trackUserLocationAsync for user : internalUser262
21:40:10.434 [pool-3-thread-1] INFO tourGuide.service.TourGuideService - trackUserLocationAsync for user : internalUser263
21:40:10.434 [Test worker] INFO tourGuide.service.TourGuideService - trackUserLocationAsync for user : internalUser393
21:40:10.434 [Test worker] INFO tourGuide.service.TourGuideService - trackUserLocationAsync for user : internalUser390
21:40:10.434 [Test worker] INFO tourGuide.service.TourGuideService - trackUserLocationAsync for user : internalUser391
21:40:10.434 [Test worker] INFO tourGuide.service.TourGuideService - trackUserLocationAsync for user : internalUser158
21:40:10.434 [Test worker] INFO tourGuide.service.TourGuideService - trackUserLocationAsync for user : internalUser159
21:40:10.434 [Test worker] INFO tourGuide.service.TourGuideService - trackUserLocationAsync for user : internalUser156
21:40:10.434 [Test worker] INFO tourGuide.service.TourGuideService - trackUserLocationAsync for user : internalUser398
21:40:10.434 [Test worker] INFO tourGuide.service.TourGuideService - trackUserLocationAsync for user : internalUser157
21:40:10.434 [Test worker] INFO tourGuide.service.TourGuideService - trackUserLocationAsync for user : internalUser399
21:40:10.434 [Test worker] INFO tourGuide.service.TourGuideService - trackUserLocationAsync for user : internalUser154
21:40:10.434 [Test worker] INFO tourGuide.service.TourGuideService - trackUserLocationAsync for user : internalUser396
21:40:10.434 [Test worker] INFO tourGuide.service.TourGuideService - trackUserLocationAsync for user : internalUser155
21:40:10.434 [Test worker] INFO tourGuide.service.TourGuideService - trackUserLocationAsync for user : internalUser397
21:40:10.434 [Test worker] INFO tourGuide.service.TourGuideService - trackUserLocationAsync for user : internalUser560
21:40:10.434 [Test worker] INFO tourGuide.service.TourGuideService - trackUserLocationAsync for user : internalUser325
21:40:10.434 [Test worker] INFO tourGuide.service.TourGuideService - trackUserLocationAsync for user : internalUser567
21:40:10.434 [Test worker] INFO tourGuide.service.TourGuideService - trackUserLocationAsync for user : internalUser326
21:40:10.434 [Test worker] INFO tourGuide.service.TourGuideService - trackUserLocationAsync for user : internalUser568
21:40:10.434 [Test worker] INFO tourGuide.service.TourGuideService - trackUserLocationAsync for user : internalUser323
21:40:10.434 [Test worker] INFO tourGuide.service.TourGuideService - trackUserLocationAsync for user : internalUser565
21:40:10.434 [Test worker] INFO tourGuide.service.TourGuideService - trackUserLocationAsync for user : internalUser324
21:40:10.435 [Test worker] INFO tourGuide.service.TourGuideService - trackUserLocationAsync for user : internalUser566
21:40:10.435 [Test worker] INFO tourGuide.service.TourGuideService - trackUserLocationAsync for user : internalUser321
21:40:10.435 [Test worker] INFO tourGuide.service.TourGuideService - trackUserLocationAsync for user : internalUser563
21:40:10.435 [Test worker] INFO tourGuide.service.TourGuideService - trackUserLocationAsync for user : internalUser322
21:40:10.435 [Test worker] INFO tourGuide.service.TourGuideService - trackUserLocationAsync for user : internalUser564
21:40:10.435 [Test worker] INFO tourGuide.service.TourGuideService - trackUserLocationAsync for user : internalUser561
21:40:10.434 [pool-3-thread-1] INFO tourGuide.service.TourGuideService - trackUserLocationAsync for user : internalUser260
21:40:10.435 [pool-3-thread-1] INFO tourGuide.service.TourGuideService - trackUserLocationAsync for user : internalUser261
21:40:10.435 [pool-3-thread-1] INFO tourGuide.service.TourGuideService - trackUserLocationAsync for user : internalUser268
21:40:10.435 [pool-3-thread-1] INFO tourGuide.service.TourGuideService - trackUserLocationAsync for user : internalUser269
21:40:10.436 [pool-3-thread-1] INFO tourGuide.service.TourGuideService - trackUserLocationAsync for user : internalUser266
21:40:10.436 [pool-3-thread-1] INFO tourGuide.service.TourGuideService - trackUserLocationAsync for user : internalUser267
21:40:10.436 [pool-3-thread-1] INFO tourGuide.service.TourGuideService - trackUserLocationAsync for user : internalUser264
21:40:10.436 [pool-3-thread-1] INFO tourGuide.service.TourGuideService - trackUserLocationAsync for user : internalUser265
21:40:10.436 [pool-3-thread-1] INFO tourGuide.service.TourGuideService - trackUserLocationAsync for user : internalUser273
21:40:10.436 [pool-3-thread-1] INFO tourGuide.service.TourGuideService - trackUserLocationAsync for user : internalUser274
21:40:10.436 [pool-3-thread-1] INFO tourGuide.service.TourGuideService - trackUserLocationAsync for user : internalUser271
21:40:10.436 [pool-3-thread-1] INFO tourGuide.service.TourGuideService - trackUserLocationAsync for user : internalUser272
21:40:10.436 [pool-3-thread-1] INFO tourGuide.service.TourGuideService - trackUserLocationAsync for user : internalUser270
21:40:10.436 [pool-3-thread-1] INFO tourGuide.service.TourGuideService - trackUserLocationAsync for user : internalUser279
21:40:10.436 [pool-3-thread-1] INFO tourGuide.service.TourGuideService - trackUserLocationAsync for user : internalUser277
21:40:10.436 [pool-3-thread-1] INFO tourGuide.service.TourGuideService - trackUserLocationAsync for user : internalUser278
21:40:10.436 [pool-3-thread-1] INFO tourGuide.service.TourGuideService - trackUserLocationAsync for user : internalUser275
21:40:10.437 [pool-3-thread-1] INFO tourGuide.service.TourGuideService - trackUserLocationAsync for user : internalUser276
21:40:10.437 [pool-3-thread-1] INFO tourGuide.service.TourGuideService - trackUserLocationAsync for user : internalUser680
21:40:10.437 [pool-3-thread-1] INFO tourGuide.service.TourGuideService - trackUserLocationAsync for user : internalUser681
21:40:10.437 [pool-3-thread-1] INFO tourGuide.service.TourGuideService - trackUserLocationAsync for user : internalUser204
21:40:10.437 [pool-3-thread-1] INFO tourGuide.service.TourGuideService - trackUserLocationAsync for user : internalUser446
21:40:10.437 [pool-3-thread-1] INFO tourGuide.service.TourGuideService - trackUserLocationAsync for user : internalUser688
21:40:10.437 [pool-3-thread-1] INFO tourGuide.service.TourGuideService - trackUserLocationAsync for user : internalUser205
21:40:10.437 [pool-3-thread-1] INFO tourGuide.service.TourGuideService - trackUserLocationAsync for user : internalUser447
21:40:10.437 [pool-3-thread-1] INFO tourGuide.service.TourGuideService - trackUserLocationAsync for user : internalUser689
21:40:10.437 [pool-3-thread-1] INFO tourGuide.service.TourGuideService - trackUserLocationAsync for user : internalUser202
21:40:10.437 [pool-3-thread-1] INFO tourGuide.service.TourGuideService - trackUserLocationAsync for user : internalUser444
21:40:10.438 [pool-3-thread-1] INFO tourGuide.service.TourGuideService - trackUserLocationAsync for user : internalUser686
21:40:10.438 [pool-3-thread-1] INFO tourGuide.service.TourGuideService - trackUserLocationAsync for user : internalUser203
21:40:10.439 [pool-3-thread-1] INFO tourGuide.service.TourGuideService - trackUserLocationAsync for user : internalUser445
21:40:10.439 [pool-3-thread-1] INFO tourGuide.service.TourGuideService - trackUserLocationAsync for user : internalUser687
21:40:10.440 [pool-3-thread-1] INFO tourGuide.service.TourGuideService - trackUserLocationAsync for user : internalUser200
21:40:10.440 [pool-3-thread-1] INFO tourGuide.service.TourGuideService - trackUserLocationAsync for user : internalUser442
21:40:10.440 [pool-3-thread-1] INFO tourGuide.service.TourGuideService - trackUserLocationAsync for user : internalUser684
21:40:10.440 [pool-3-thread-1] INFO tourGuide.service.TourGuideService - trackUserLocationAsync for user : internalUser201
21:40:10.440 [pool-3-thread-1] INFO tourGuide.service.TourGuideService - trackUserLocationAsync for user : internalUser443
21:40:10.440 [pool-3-thread-1] INFO tourGuide.service.TourGuideService - trackUserLocationAsync for user : internalUser685
21:40:10.440 [pool-3-thread-1] INFO tourGuide.service.TourGuideService - trackUserLocationAsync for user : internalUser440
21:40:10.440 [pool-3-thread-1] INFO tourGuide.service.TourGuideService - trackUserLocationAsync for user : internalUser682
21:40:10.440 [pool-3-thread-1] INFO tourGuide.service.TourGuideService - trackUserLocationAsync for user : internalUser441
21:40:10.440 [pool-3-thread-1] INFO tourGuide.service.TourGuideService - trackUserLocationAsync for user : internalUser683
21:40:10.440 [pool-3-thread-1] INFO tourGuide.service.TourGuideService - trackUserLocationAsync for user : internalUser208
21:40:10.440 [pool-3-thread-1] INFO tourGuide.service.TourGuideService - trackUserLocationAsync for user : internalUser209
21:40:10.440 [pool-3-thread-1] INFO tourGuide.service.TourGuideService - trackUserLocationAsync for user : internalUser206
21:40:10.440 [pool-3-thread-1] INFO tourGuide.service.TourGuideService - trackUserLocationAsync for user : internalUser448
21:40:10.440 [pool-3-thread-1] INFO tourGuide.service.TourGuideService - trackUserLocationAsync for user : internalUser207
21:40:10.440 [pool-3-thread-1] INFO tourGuide.service.TourGuideService - trackUserLocationAsync for user : internalUser449
21:40:10.440 [pool-3-thread-1] INFO tourGuide.service.TourGuideService - trackUserLocationAsync for user : internalUser691
21:40:10.440 [pool-3-thread-1] INFO tourGuide.service.TourGuideService - trackUserLocationAsync for user : internalUser450
21:40:10.440 [pool-3-thread-1] INFO tourGuide.service.TourGuideService - trackUserLocationAsync for user : internalUser692
21:40:10.440 [pool-3-thread-1] INFO tourGuide.service.TourGuideService - trackUserLocationAsync for user : internalUser690
21:40:10.440 [pool-3-thread-1] INFO tourGuide.service.TourGuideService - trackUserLocationAsync for user : internalUser215
21:40:10.440 [pool-3-thread-1] INFO tourGuide.service.TourGuideService - trackUserLocationAsync for user : internalUser457
21:40:10.440 [pool-3-thread-1] INFO tourGuide.service.TourGuideService - trackUserLocationAsync for user : internalUser699
21:40:10.440 [pool-3-thread-1] INFO tourGuide.service.TourGuideService - trackUserLocationAsync for user : internalUser216
21:40:10.440 [pool-3-thread-1] INFO tourGuide.service.TourGuideService - trackUserLocationAsync for user : internalUser458
21:40:10.440 [pool-3-thread-1] INFO tourGuide.service.TourGuideService - trackUserLocationAsync for user : internalUser213
21:40:10.440 [pool-3-thread-1] INFO tourGuide.service.TourGuideService - trackUserLocationAsync for user : internalUser455
21:40:10.440 [pool-3-thread-1] INFO tourGuide.service.TourGuideService - trackUserLocationAsync for user : internalUser697
21:40:10.440 [pool-3-thread-1] INFO tourGuide.service.TourGuideService - trackUserLocationAsync for user : internalUser214
21:40:10.440 [pool-3-thread-1] INFO tourGuide.service.TourGuideService - trackUserLocationAsync for user : internalUser456
21:40:10.440 [pool-3-thread-1] INFO tourGuide.service.TourGuideService - trackUserLocationAsync for user : internalUser698
21:40:10.440 [pool-3-thread-1] INFO tourGuide.service.TourGuideService - trackUserLocationAsync for user : internalUser211
21:40:10.440 [pool-3-thread-1] INFO tourGuide.service.TourGuideService - trackUserLocationAsync for user : internalUser453
21:40:10.440 [pool-3-thread-1] INFO tourGuide.service.TourGuideService - trackUserLocationAsync for user : internalUser695
21:40:10.440 [pool-3-thread-1] INFO tourGuide.service.TourGuideService - trackUserLocationAsync for user : internalUser212
21:40:10.440 [pool-3-thread-1] INFO tourGuide.service.TourGuideService - trackUserLocationAsync for user : internalUser454
21:40:10.440 [pool-3-thread-1] INFO tourGuide.service.TourGuideService - trackUserLocationAsync for user : internalUser696
21:40:10.440 [pool-3-thread-1] INFO tourGuide.service.TourGuideService - trackUserLocationAsync for user : internalUser451
21:40:10.440 [pool-3-thread-1] INFO tourGuide.service.TourGuideService - trackUserLocationAsync for user : internalUser693
21:40:10.440 [pool-3-thread-1] INFO tourGuide.service.TourGuideService - trackUserLocationAsync for user : internalUser210
21:40:10.440 [pool-3-thread-1] INFO tourGuide.service.TourGuideService - trackUserLocationAsync for user : internalUser452
21:40:10.440 [pool-3-thread-1] INFO tourGuide.service.TourGuideService - trackUserLocationAsync for user : internalUser694
21:40:10.440 [pool-3-thread-1] INFO tourGuide.service.TourGuideService - trackUserLocationAsync for user : internalUser219
21:40:10.440 [pool-3-thread-1] INFO tourGuide.service.TourGuideService - trackUserLocationAsync for user : internalUser217
21:40:10.440 [pool-3-thread-1] INFO tourGuide.service.TourGuideService - trackUserLocationAsync for user : internalUser459
21:40:10.440 [pool-3-thread-1] INFO tourGuide.service.TourGuideService - trackUserLocationAsync for user : internalUser218
21:40:10.440 [pool-3-thread-1] INFO tourGuide.service.TourGuideService - trackUserLocationAsync for user : internalUser460
21:40:10.440 [pool-3-thread-1] INFO tourGuide.service.TourGuideService - trackUserLocationAsync for user : internalUser461
21:40:10.440 [pool-3-thread-1] INFO tourGuide.service.TourGuideService - trackUserLocationAsync for user : internalUser226
21:40:10.440 [pool-3-thread-1] INFO tourGuide.service.TourGuideService - trackUserLocationAsync for user : internalUser468
21:40:10.440 [pool-3-thread-1] INFO tourGuide.service.TourGuideService - trackUserLocationAsync for user : internalUser227
21:40:10.440 [pool-3-thread-1] INFO tourGuide.service.TourGuideService - trackUserLocationAsync for user : internalUser469
21:40:10.440 [pool-3-thread-1] INFO tourGuide.service.TourGuideService - trackUserLocationAsync for user : internalUser224
21:40:10.440 [pool-3-thread-1] INFO tourGuide.service.TourGuideService - trackUserLocationAsync for user : internalUser466
21:40:10.440 [pool-3-thread-1] INFO tourGuide.service.TourGuideService - trackUserLocationAsync for user : internalUser225
21:40:10.440 [pool-3-thread-1] INFO tourGuide.service.TourGuideService - trackUserLocationAsync for user : internalUser467
21:40:10.440 [pool-3-thread-1] INFO tourGuide.service.TourGuideService - trackUserLocationAsync for user : internalUser222
21:40:10.440 [pool-3-thread-1] INFO tourGuide.service.TourGuideService - trackUserLocationAsync for user : internalUser464
21:40:10.440 [pool-3-thread-1] INFO tourGuide.service.TourGuideService - trackUserLocationAsync for user : internalUser223
21:40:10.440 [pool-3-thread-1] INFO tourGuide.service.TourGuideService - trackUserLocationAsync for user : internalUser465
21:40:10.440 [pool-3-thread-1] INFO tourGuide.service.TourGuideService - trackUserLocationAsync for user : internalUser220
21:40:10.440 [pool-3-thread-1] INFO tourGuide.service.TourGuideService - trackUserLocationAsync for user : internalUser462
21:40:10.440 [pool-3-thread-1] INFO tourGuide.service.TourGuideService - trackUserLocationAsync for user : internalUser221
21:40:10.440 [pool-3-thread-1] INFO tourGuide.service.TourGuideService - trackUserLocationAsync for user : internalUser463
21:40:10.440 [pool-3-thread-1] INFO tourGuide.service.TourGuideService - trackUserLocationAsync for user : internalUser228
21:40:10.440 [pool-3-thread-1] INFO tourGuide.service.TourGuideService - trackUserLocationAsync for user : internalUser229
21:40:10.440 [pool-3-thread-1] INFO tourGuide.service.TourGuideService - trackUserLocationAsync for user : internalUser471
21:40:10.440 [pool-3-thread-1] INFO tourGuide.service.TourGuideService - trackUserLocationAsync for user : internalUser230
21:40:10.441 [pool-3-thread-1] INFO tourGuide.service.TourGuideService - trackUserLocationAsync for user : internalUser472
21:40:10.441 [pool-3-thread-1] INFO tourGuide.service.TourGuideService - trackUserLocationAsync for user : internalUser470
21:40:10.441 [pool-3-thread-1] INFO tourGuide.service.TourGuideService - trackUserLocationAsync for user : internalUser237
21:40:10.441 [pool-3-thread-1] INFO tourGuide.service.TourGuideService - trackUserLocationAsync for user : internalUser479
21:40:10.441 [pool-3-thread-1] INFO tourGuide.service.TourGuideService - trackUserLocationAsync for user : internalUser238
21:40:10.441 [pool-3-thread-1] INFO tourGuide.service.TourGuideService - trackUserLocationAsync for user : internalUser235
21:40:10.441 [pool-3-thread-1] INFO tourGuide.service.TourGuideService - trackUserLocationAsync for user : internalUser477
21:40:10.441 [pool-3-thread-1] INFO tourGuide.service.TourGuideService - trackUserLocationAsync for user : internalUser236
21:40:10.441 [pool-3-thread-1] INFO tourGuide.service.TourGuideService - trackUserLocationAsync for user : internalUser478
21:40:10.441 [pool-3-thread-1] INFO tourGuide.service.TourGuideService - trackUserLocationAsync for user : internalUser233
21:40:10.441 [pool-3-thread-1] INFO tourGuide.service.TourGuideService - trackUserLocationAsync for user : internalUser475
21:40:10.441 [pool-3-thread-1] INFO tourGuide.service.TourGuideService - trackUserLocationAsync for user : internalUser234
21:40:10.441 [pool-3-thread-1] INFO tourGuide.service.TourGuideService - trackUserLocationAsync for user : internalUser476
21:40:10.441 [pool-3-thread-1] INFO tourGuide.service.TourGuideService - trackUserLocationAsync for user : internalUser231
21:40:10.441 [pool-3-thread-1] INFO tourGuide.service.TourGuideService - trackUserLocationAsync for user : internalUser473
21:40:10.441 [pool-3-thread-1] INFO tourGuide.service.TourGuideService - trackUserLocationAsync for user : internalUser232
21:40:10.441 [pool-3-thread-1] INFO tourGuide.service.TourGuideService - trackUserLocationAsync for user : internalUser474
21:40:10.441 [pool-3-thread-1] INFO tourGuide.service.TourGuideService - trackUserLocationAsync for user : internalUser239
21:40:10.441 [pool-3-thread-1] INFO tourGuide.service.TourGuideService - trackUserLocationAsync for user : internalUser402
21:40:10.441 [pool-3-thread-1] INFO tourGuide.service.TourGuideService - trackUserLocationAsync for user : internalUser644
21:40:10.441 [pool-3-thread-1] INFO tourGuide.service.TourGuideService - trackUserLocationAsync for user : internalUser886
21:40:10.441 [pool-3-thread-1] INFO tourGuide.service.TourGuideService - trackUserLocationAsync for user : internalUser403
21:40:10.441 [pool-3-thread-1] INFO tourGuide.service.TourGuideService - trackUserLocationAsync for user : internalUser645
21:40:10.441 [pool-3-thread-1] INFO tourGuide.service.TourGuideService - trackUserLocationAsync for user : internalUser887
21:40:10.441 [pool-3-thread-1] INFO tourGuide.service.TourGuideService - trackUserLocationAsync for user : internalUser400
21:40:10.441 [pool-3-thread-1] INFO tourGuide.service.TourGuideService - trackUserLocationAsync for user : internalUser642
21:40:10.441 [pool-3-thread-1] INFO tourGuide.service.TourGuideService - trackUserLocationAsync for user : internalUser884
21:40:10.441 [pool-3-thread-1] INFO tourGuide.service.TourGuideService - trackUserLocationAsync for user : internalUser401
21:40:10.441 [pool-3-thread-1] INFO tourGuide.service.TourGuideService - trackUserLocationAsync for user : internalUser643
21:40:10.441 [pool-3-thread-1] INFO tourGuide.service.TourGuideService - trackUserLocationAsync for user : internalUser885
21:40:10.441 [pool-3-thread-1] INFO tourGuide.service.TourGuideService - trackUserLocationAsync for user : internalUser640
21:40:10.441 [pool-3-thread-1] INFO tourGuide.service.TourGuideService - trackUserLocationAsync for user : internalUser882
21:40:10.441 [pool-3-thread-1] INFO tourGuide.service.TourGuideService - trackUserLocationAsync for user : internalUser641
21:40:10.441 [pool-3-thread-1] INFO tourGuide.service.TourGuideService - trackUserLocationAsync for user : internalUser883
21:40:10.441 [pool-3-thread-1] INFO tourGuide.service.TourGuideService - trackUserLocationAsync for user : internalUser880
21:40:10.441 [pool-3-thread-1] INFO tourGuide.service.TourGuideService - trackUserLocationAsync for user : internalUser881
21:40:10.441 [pool-3-thread-1] INFO tourGuide.service.TourGuideService - trackUserLocationAsync for user : internalUser408
21:40:10.441 [pool-3-thread-1] INFO tourGuide.service.TourGuideService - trackUserLocationAsync for user : internalUser409
21:40:10.441 [pool-3-thread-1] INFO tourGuide.service.TourGuideService - trackUserLocationAsync for user : internalUser406
21:40:10.441 [pool-3-thread-1] INFO tourGuide.service.TourGuideService - trackUserLocationAsync for user : internalUser648
21:40:10.441 [pool-3-thread-1] INFO tourGuide.service.TourGuideService - trackUserLocationAsync for user : internalUser407
21:40:10.441 [pool-3-thread-1] INFO tourGuide.service.TourGuideService - trackUserLocationAsync for user : internalUser649
21:40:10.441 [pool-3-thread-1] INFO tourGuide.service.TourGuideService - trackUserLocationAsync for user : internalUser404
21:40:10.441 [pool-3-thread-1] INFO tourGuide.service.TourGuideService - trackUserLocationAsync for user : internalUser646
21:40:10.441 [pool-3-thread-1] INFO tourGuide.service.TourGuideService - trackUserLocationAsync for user : internalUser888
21:40:10.441 [pool-3-thread-1] INFO tourGuide.service.TourGuideService - trackUserLocationAsync for user : internalUser405
21:40:10.441 [pool-3-thread-1] INFO tourGuide.service.TourGuideService - trackUserLocationAsync for user : internalUser647
21:40:10.441 [pool-3-thread-1] INFO tourGuide.service.TourGuideService - trackUserLocationAsync for user : internalUser889
21:40:10.442 [pool-3-thread-1] INFO tourGuide.service.TourGuideService - trackUserLocationAsync for user : internalUser890
21:40:10.442 [pool-3-thread-1] INFO tourGuide.service.TourGuideService - trackUserLocationAsync for user : internalUser413
21:40:10.442 [pool-3-thread-1] INFO tourGuide.service.TourGuideService - trackUserLocationAsync for user : internalUser655
21:40:10.442 [pool-3-thread-1] INFO tourGuide.service.TourGuideService - trackUserLocationAsync for user : internalUser897
21:40:10.442 [pool-3-thread-1] INFO tourGuide.service.TourGuideService - trackUserLocationAsync for user : internalUser414
21:40:10.442 [pool-3-thread-1] INFO tourGuide.service.TourGuideService - trackUserLocationAsync for user : internalUser656
21:40:10.442 [pool-3-thread-1] INFO tourGuide.service.TourGuideService - trackUserLocationAsync for user : internalUser898
21:40:10.442 [pool-3-thread-1] INFO tourGuide.service.TourGuideService - trackUserLocationAsync for user : internalUser411
21:40:10.442 [pool-3-thread-1] INFO tourGuide.service.TourGuideService - trackUserLocationAsync for user : internalUser653
21:40:10.442 [pool-3-thread-1] INFO tourGuide.service.TourGuideService - trackUserLocationAsync for user : internalUser895
21:40:10.442 [pool-3-thread-1] INFO tourGuide.service.TourGuideService - trackUserLocationAsync for user : internalUser412
21:40:10.442 [pool-3-thread-1] INFO tourGuide.service.TourGuideService - trackUserLocationAsync for user : internalUser654
21:40:10.442 [pool-3-thread-1] INFO tourGuide.service.TourGuideService - trackUserLocationAsync for user : internalUser896
21:40:10.442 [pool-3-thread-1] INFO tourGuide.service.TourGuideService - trackUserLocationAsync for user : internalUser651
21:40:10.442 [pool-3-thread-1] INFO tourGuide.service.TourGuideService - trackUserLocationAsync for user : internalUser893
21:40:10.442 [pool-3-thread-1] INFO tourGuide.service.TourGuideService - trackUserLocationAsync for user : internalUser410
21:40:10.442 [pool-3-thread-1] INFO tourGuide.service.TourGuideService - trackUserLocationAsync for user : internalUser652
21:40:10.442 [pool-3-thread-1] INFO tourGuide.service.TourGuideService - trackUserLocationAsync for user : internalUser894
21:40:10.442 [pool-3-thread-1] INFO tourGuide.service.TourGuideService - trackUserLocationAsync for user : internalUser891
21:40:10.442 [pool-3-thread-1] INFO tourGuide.service.TourGuideService - trackUserLocationAsync for user : internalUser650
21:40:10.442 [pool-3-thread-1] INFO tourGuide.service.TourGuideService - trackUserLocationAsync for user : internalUser892
21:40:10.442 [pool-3-thread-1] INFO tourGuide.service.TourGuideService - trackUserLocationAsync for user : internalUser419
21:40:10.442 [pool-3-thread-1] INFO tourGuide.service.TourGuideService - trackUserLocationAsync for user : internalUser417
21:40:10.442 [pool-3-thread-1] INFO tourGuide.service.TourGuideService - trackUserLocationAsync for user : internalUser659
21:40:10.442 [pool-3-thread-1] INFO tourGuide.service.TourGuideService - trackUserLocationAsync for user : internalUser418
21:40:10.442 [pool-3-thread-1] INFO tourGuide.service.TourGuideService - trackUserLocationAsync for user : internalUser415
21:40:10.442 [pool-3-thread-1] INFO tourGuide.service.TourGuideService - trackUserLocationAsync for user : internalUser657
21:40:10.442 [pool-3-thread-1] INFO tourGuide.service.TourGuideService - trackUserLocationAsync for user : internalUser899
21:40:10.442 [pool-3-thread-1] INFO tourGuide.service.TourGuideService - trackUserLocationAsync for user : internalUser416
21:40:10.442 [pool-3-thread-1] INFO tourGuide.service.TourGuideService - trackUserLocationAsync for user : internalUser658
21:40:10.442 [pool-3-thread-1] INFO tourGuide.service.TourGuideService - trackUserLocationAsync for user : internalUser424
21:40:10.442 [pool-3-thread-1] INFO tourGuide.service.TourGuideService - trackUserLocationAsync for user : internalUser666
21:40:10.442 [pool-3-thread-1] INFO tourGuide.service.TourGuideService - trackUserLocationAsync for user : internalUser425
21:40:10.442 [pool-3-thread-1] INFO tourGuide.service.TourGuideService - trackUserLocationAsync for user : internalUser667
21:40:10.442 [pool-3-thread-1] INFO tourGuide.service.TourGuideService - trackUserLocationAsync for user : internalUser422
21:40:10.442 [pool-3-thread-1] INFO tourGuide.service.TourGuideService - trackUserLocationAsync for user : internalUser664
21:40:10.442 [pool-3-thread-1] INFO tourGuide.service.TourGuideService - trackUserLocationAsync for user : internalUser423
21:40:10.442 [pool-3-thread-1] INFO tourGuide.service.TourGuideService - trackUserLocationAsync for user : internalUser665
21:40:10.442 [pool-3-thread-1] INFO tourGuide.service.TourGuideService - trackUserLocationAsync for user : internalUser420
21:40:10.442 [pool-3-thread-1] INFO tourGuide.service.TourGuideService - trackUserLocationAsync for user : internalUser662
21:40:10.442 [pool-3-thread-1] INFO tourGuide.service.TourGuideService - trackUserLocationAsync for user : internalUser421
21:40:10.442 [pool-3-thread-1] INFO tourGuide.service.TourGuideService - trackUserLocationAsync for user : internalUser663
21:40:10.442 [pool-3-thread-1] INFO tourGuide.service.TourGuideService - trackUserLocationAsync for user : internalUser660
21:40:10.442 [pool-3-thread-1] INFO tourGuide.service.TourGuideService - trackUserLocationAsync for user : internalUser661
21:40:10.442 [pool-3-thread-1] INFO tourGuide.service.TourGuideService - trackUserLocationAsync for user : internalUser428
21:40:10.442 [pool-3-thread-1] INFO tourGuide.service.TourGuideService - trackUserLocationAsync for user : internalUser429
21:40:10.442 [pool-3-thread-1] INFO tourGuide.service.TourGuideService - trackUserLocationAsync for user : internalUser426
21:40:10.442 [pool-3-thread-1] INFO tourGuide.service.TourGuideService - trackUserLocationAsync for user : internalUser668
21:40:10.442 [pool-3-thread-1] INFO tourGuide.service.TourGuideService - trackUserLocationAsync for user : internalUser427
21:40:10.442 [pool-3-thread-1] INFO tourGuide.service.TourGuideService - trackUserLocationAsync for user : internalUser669
21:40:10.442 [pool-3-thread-1] INFO tourGuide.service.TourGuideService - trackUserLocationAsync for user : internalUser670
21:40:10.442 [pool-3-thread-1] INFO tourGuide.service.TourGuideService - trackUserLocationAsync for user : internalUser435
21:40:10.442 [pool-3-thread-1] INFO tourGuide.service.TourGuideService - trackUserLocationAsync for user : internalUser677
21:40:10.442 [pool-3-thread-1] INFO tourGuide.service.TourGuideService - trackUserLocationAsync for user : internalUser436
21:40:10.442 [pool-3-thread-1] INFO tourGuide.service.TourGuideService - trackUserLocationAsync for user : internalUser678
21:40:10.442 [pool-3-thread-1] INFO tourGuide.service.TourGuideService - trackUserLocationAsync for user : internalUser433
21:40:10.442 [pool-3-thread-1] INFO tourGuide.service.TourGuideService - trackUserLocationAsync for user : internalUser675
21:40:10.442 [pool-3-thread-1] INFO tourGuide.service.TourGuideService - trackUserLocationAsync for user : internalUser434
21:40:10.442 [pool-3-thread-1] INFO tourGuide.service.TourGuideService - trackUserLocationAsync for user : internalUser676
21:40:10.442 [pool-3-thread-1] INFO tourGuide.service.TourGuideService - trackUserLocationAsync for user : internalUser431
21:40:10.442 [pool-3-thread-1] INFO tourGuide.service.TourGuideService - trackUserLocationAsync for user : internalUser673
21:40:10.442 [pool-3-thread-1] INFO tourGuide.service.TourGuideService - trackUserLocationAsync for user : internalUser432
21:40:10.442 [pool-3-thread-1] INFO tourGuide.service.TourGuideService - trackUserLocationAsync for user : internalUser674
21:40:10.442 [pool-3-thread-1] INFO tourGuide.service.TourGuideService - trackUserLocationAsync for user : internalUser671
21:40:10.442 [pool-3-thread-1] INFO tourGuide.service.TourGuideService - trackUserLocationAsync for user : internalUser430
21:40:10.442 [pool-3-thread-1] INFO tourGuide.service.TourGuideService - trackUserLocationAsync for user : internalUser672
21:40:10.442 [pool-3-thread-1] INFO tourGuide.service.TourGuideService - trackUserLocationAsync for user : internalUser439
21:40:10.442 [pool-3-thread-1] INFO tourGuide.service.TourGuideService - trackUserLocationAsync for user : internalUser437
21:40:10.442 [pool-3-thread-1] INFO tourGuide.service.TourGuideService - trackUserLocationAsync for user : internalUser679
21:40:10.442 [pool-3-thread-1] INFO tourGuide.service.TourGuideService - trackUserLocationAsync for user : internalUser438
21:40:10.442 [pool-3-thread-1] INFO tourGuide.service.TourGuideService - trackUserLocationAsync for user : internalUser721
21:40:10.442 [pool-3-thread-1] INFO tourGuide.service.TourGuideService - trackUserLocationAsync for user : internalUser963
21:40:10.442 [pool-3-thread-1] INFO tourGuide.service.TourGuideService - trackUserLocationAsync for user : internalUser722
21:40:10.442 [pool-3-thread-1] INFO tourGuide.service.TourGuideService - trackUserLocationAsync for user : internalUser964
21:40:10.442 [pool-3-thread-1] INFO tourGuide.service.TourGuideService - trackUserLocationAsync for user : internalUser961
21:40:10.442 [pool-3-thread-1] INFO tourGuide.service.TourGuideService - trackUserLocationAsync for user : internalUser720
21:40:10.442 [pool-3-thread-1] INFO tourGuide.service.TourGuideService - trackUserLocationAsync for user : internalUser962
21:40:10.442 [pool-3-thread-1] INFO tourGuide.service.TourGuideService - trackUserLocationAsync for user : internalUser960
21:40:10.442 [pool-3-thread-1] INFO tourGuide.service.TourGuideService - trackUserLocationAsync for user : internalUser729
21:40:10.442 [pool-3-thread-1] INFO tourGuide.service.TourGuideService - trackUserLocationAsync for user : internalUser727
21:40:10.442 [pool-3-thread-1] INFO tourGuide.service.TourGuideService - trackUserLocationAsync for user : internalUser969
21:40:10.442 [pool-3-thread-1] INFO tourGuide.service.TourGuideService - trackUserLocationAsync for user : internalUser728
21:40:10.442 [pool-3-thread-1] INFO tourGuide.service.TourGuideService - trackUserLocationAsync for user : internalUser725
21:40:10.442 [pool-3-thread-1] INFO tourGuide.service.TourGuideService - trackUserLocationAsync for user : internalUser967
21:40:10.442 [pool-3-thread-1] INFO tourGuide.service.TourGuideService - trackUserLocationAsync for user : internalUser726
21:40:10.442 [pool-3-thread-1] INFO tourGuide.service.TourGuideService - trackUserLocationAsync for user : internalUser968
21:40:10.442 [pool-3-thread-1] INFO tourGuide.service.TourGuideService - trackUserLocationAsync for user : internalUser723
21:40:10.442 [pool-3-thread-1] INFO tourGuide.service.TourGuideService - trackUserLocationAsync for user : internalUser965
21:40:10.442 [pool-3-thread-1] INFO tourGuide.service.TourGuideService - trackUserLocationAsync for user : internalUser724
21:40:10.442 [pool-3-thread-1] INFO tourGuide.service.TourGuideService - trackUserLocationAsync for user : internalUser966
21:40:10.442 [pool-3-thread-1] INFO tourGuide.service.TourGuideService - trackUserLocationAsync for user : internalUser732
21:40:10.442 [pool-3-thread-1] INFO tourGuide.service.TourGuideService - trackUserLocationAsync for user : internalUser974
21:40:10.442 [pool-3-thread-1] INFO tourGuide.service.TourGuideService - trackUserLocationAsync for user : internalUser733
21:40:10.442 [pool-3-thread-1] INFO tourGuide.service.TourGuideService - trackUserLocationAsync for user : internalUser975
21:40:10.442 [pool-3-thread-1] INFO tourGuide.service.TourGuideService - trackUserLocationAsync for user : internalUser730
21:40:10.442 [pool-3-thread-1] INFO tourGuide.service.TourGuideService - trackUserLocationAsync for user : internalUser972
21:40:10.442 [pool-3-thread-1] INFO tourGuide.service.TourGuideService - trackUserLocationAsync for user : internalUser731
21:40:10.442 [pool-3-thread-1] INFO tourGuide.service.TourGuideService - trackUserLocationAsync for user : internalUser973
21:40:10.442 [pool-3-thread-1] INFO tourGuide.service.TourGuideService - trackUserLocationAsync for user : internalUser970
21:40:10.442 [pool-3-thread-1] INFO tourGuide.service.TourGuideService - trackUserLocationAsync for user : internalUser971
21:40:10.442 [pool-3-thread-1] INFO tourGuide.service.TourGuideService - trackUserLocationAsync for user : internalUser738
21:40:10.442 [pool-3-thread-1] INFO tourGuide.service.TourGuideService - trackUserLocationAsync for user : internalUser739
21:40:10.442 [pool-3-thread-1] INFO tourGuide.service.TourGuideService - trackUserLocationAsync for user : internalUser736
21:40:10.442 [pool-3-thread-1] INFO tourGuide.service.TourGuideService - trackUserLocationAsync for user : internalUser978
21:40:10.442 [pool-3-thread-1] INFO tourGuide.service.TourGuideService - trackUserLocationAsync for user : internalUser737
21:40:10.442 [pool-3-thread-1] INFO tourGuide.service.TourGuideService - trackUserLocationAsync for user : internalUser979
21:40:10.442 [pool-3-thread-1] INFO tourGuide.service.TourGuideService - trackUserLocationAsync for user : internalUser734
21:40:10.442 [pool-3-thread-1] INFO tourGuide.service.TourGuideService - trackUserLocationAsync for user : internalUser976
21:40:10.442 [pool-3-thread-1] INFO tourGuide.service.TourGuideService - trackUserLocationAsync for user : internalUser735
21:40:10.442 [pool-3-thread-1] INFO tourGuide.service.TourGuideService - trackUserLocationAsync for user : internalUser977
21:40:10.442 [pool-3-thread-1] INFO tourGuide.service.TourGuideService - trackUserLocationAsync for user : internalUser501
21:40:10.442 [pool-3-thread-1] INFO tourGuide.service.TourGuideService - trackUserLocationAsync for user : internalUser743
21:40:10.442 [pool-3-thread-1] INFO tourGuide.service.TourGuideService - trackUserLocationAsync for user : internalUser985
21:40:10.442 [pool-3-thread-1] INFO tourGuide.service.TourGuideService - trackUserLocationAsync for user : internalUser502
21:40:10.442 [pool-3-thread-1] INFO tourGuide.service.TourGuideService - trackUserLocationAsync for user : internalUser744
21:40:10.442 [pool-3-thread-1] INFO tourGuide.service.TourGuideService - trackUserLocationAsync for user : internalUser986
21:40:10.442 [pool-3-thread-1] INFO tourGuide.service.TourGuideService - trackUserLocationAsync for user : internalUser741
21:40:10.443 [pool-3-thread-1] INFO tourGuide.service.TourGuideService - trackUserLocationAsync for user : internalUser983
21:40:10.443 [pool-3-thread-1] INFO tourGuide.service.TourGuideService - trackUserLocationAsync for user : internalUser500
21:40:10.443 [pool-3-thread-1] INFO tourGuide.service.TourGuideService - trackUserLocationAsync for user : internalUser742
21:40:10.443 [pool-3-thread-1] INFO tourGuide.service.TourGuideService - trackUserLocationAsync for user : internalUser984
21:40:10.443 [pool-3-thread-1] INFO tourGuide.service.TourGuideService - trackUserLocationAsync for user : internalUser981
21:40:10.443 [pool-3-thread-1] INFO tourGuide.service.TourGuideService - trackUserLocationAsync for user : internalUser740
21:40:10.443 [pool-3-thread-1] INFO tourGuide.service.TourGuideService - trackUserLocationAsync for user : internalUser982
21:40:10.443 [pool-3-thread-1] INFO tourGuide.service.TourGuideService - trackUserLocationAsync for user : internalUser980
21:40:10.443 [pool-3-thread-1] INFO tourGuide.service.TourGuideService - trackUserLocationAsync for user : internalUser509
21:40:10.443 [pool-3-thread-1] INFO tourGuide.service.TourGuideService - trackUserLocationAsync for user : internalUser507
21:40:10.443 [pool-3-thread-1] INFO tourGuide.service.TourGuideService - trackUserLocationAsync for user : internalUser749
21:40:10.443 [pool-3-thread-1] INFO tourGuide.service.TourGuideService - trackUserLocationAsync for user : internalUser508
21:40:10.443 [pool-3-thread-1] INFO tourGuide.service.TourGuideService - trackUserLocationAsync for user : internalUser505
21:40:10.443 [pool-3-thread-1] INFO tourGuide.service.TourGuideService - trackUserLocationAsync for user : internalUser747
21:40:10.443 [pool-3-thread-1] INFO tourGuide.service.TourGuideService - trackUserLocationAsync for user : internalUser989
21:40:10.443 [pool-3-thread-1] INFO tourGuide.service.TourGuideService - trackUserLocationAsync for user : internalUser506
21:40:10.443 [pool-3-thread-1] INFO tourGuide.service.TourGuideService - trackUserLocationAsync for user : internalUser748
21:40:10.443 [pool-3-thread-1] INFO tourGuide.service.TourGuideService - trackUserLocationAsync for user : internalUser503
21:40:10.443 [pool-3-thread-1] INFO tourGuide.service.TourGuideService - trackUserLocationAsync for user : internalUser745
21:40:10.443 [pool-3-thread-1] INFO tourGuide.service.TourGuideService - trackUserLocationAsync for user : internalUser987
21:40:10.443 [pool-3-thread-1] INFO tourGuide.service.TourGuideService - trackUserLocationAsync for user : internalUser504
21:40:10.443 [pool-3-thread-1] INFO tourGuide.service.TourGuideService - trackUserLocationAsync for user : internalUser746
21:40:10.443 [pool-3-thread-1] INFO tourGuide.service.TourGuideService - trackUserLocationAsync for user : internalUser988
21:40:10.443 [pool-3-thread-1] INFO tourGuide.service.TourGuideService - trackUserLocationAsync for user : internalUser512
21:40:10.443 [pool-3-thread-1] INFO tourGuide.service.TourGuideService - trackUserLocationAsync for user : internalUser754
21:40:10.443 [pool-3-thread-1] INFO tourGuide.service.TourGuideService - trackUserLocationAsync for user : internalUser996
21:40:10.443 [pool-3-thread-1] INFO tourGuide.service.TourGuideService - trackUserLocationAsync for user : internalUser513
21:40:10.443 [pool-3-thread-1] INFO tourGuide.service.TourGuideService - trackUserLocationAsync for user : internalUser755
21:40:10.443 [pool-3-thread-1] INFO tourGuide.service.TourGuideService - trackUserLocationAsync for user : internalUser997
21:40:10.443 [pool-3-thread-1] INFO tourGuide.service.TourGuideService - trackUserLocationAsync for user : internalUser510
21:40:10.443 [pool-3-thread-1] INFO tourGuide.service.TourGuideService - trackUserLocationAsync for user : internalUser752
21:40:10.443 [pool-3-thread-1] INFO tourGuide.service.TourGuideService - trackUserLocationAsync for user : internalUser994
21:40:10.443 [pool-3-thread-1] INFO tourGuide.service.TourGuideService - trackUserLocationAsync for user : internalUser511
21:40:10.443 [pool-3-thread-1] INFO tourGuide.service.TourGuideService - trackUserLocationAsync for user : internalUser753
21:40:10.443 [pool-3-thread-1] INFO tourGuide.service.TourGuideService - trackUserLocationAsync for user : internalUser995
21:40:10.443 [pool-3-thread-1] INFO tourGuide.service.TourGuideService - trackUserLocationAsync for user : internalUser750
21:40:10.443 [pool-3-thread-1] INFO tourGuide.service.TourGuideService - trackUserLocationAsync for user : internalUser992
21:40:10.443 [pool-3-thread-1] INFO tourGuide.service.TourGuideService - trackUserLocationAsync for user : internalUser751
21:40:10.443 [pool-3-thread-1] INFO tourGuide.service.TourGuideService - trackUserLocationAsync for user : internalUser993
21:40:10.443 [pool-3-thread-1] INFO tourGuide.service.TourGuideService - trackUserLocationAsync for user : internalUser990
21:40:10.443 [pool-3-thread-1] INFO tourGuide.service.TourGuideService - trackUserLocationAsync for user : internalUser991
21:40:10.443 [pool-3-thread-1] INFO tourGuide.service.TourGuideService - trackUserLocationAsync for user : internalUser518
21:40:10.443 [pool-3-thread-1] INFO tourGuide.service.TourGuideService - trackUserLocationAsync for user : internalUser519
21:40:10.443 [pool-3-thread-1] INFO tourGuide.service.TourGuideService - trackUserLocationAsync for user : internalUser516
21:40:10.443 [pool-3-thread-1] INFO tourGuide.service.TourGuideService - trackUserLocationAsync for user : internalUser758
21:40:10.443 [pool-3-thread-1] INFO tourGuide.service.TourGuideService - trackUserLocationAsync for user : internalUser517
21:40:10.443 [pool-3-thread-1] INFO tourGuide.service.TourGuideService - trackUserLocationAsync for user : internalUser759
21:40:10.443 [pool-3-thread-1] INFO tourGuide.service.TourGuideService - trackUserLocationAsync for user : internalUser514
21:40:10.443 [pool-3-thread-1] INFO tourGuide.service.TourGuideService - trackUserLocationAsync for user : internalUser756
21:40:10.443 [pool-3-thread-1] INFO tourGuide.service.TourGuideService - trackUserLocationAsync for user : internalUser998
21:40:10.443 [pool-3-thread-1] INFO tourGuide.service.TourGuideService - trackUserLocationAsync for user : internalUser515
21:40:10.443 [pool-3-thread-1] INFO tourGuide.service.TourGuideService - trackUserLocationAsync for user : internalUser757
21:40:10.443 [pool-3-thread-1] INFO tourGuide.service.TourGuideService - trackUserLocationAsync for user : internalUser999
21:40:10.443 [pool-3-thread-1] INFO tourGuide.service.TourGuideService - trackUserLocationAsync for user : internalUser920
21:40:10.443 [pool-3-thread-1] INFO tourGuide.service.TourGuideService - trackUserLocationAsync for user : internalUser927
21:40:10.443 [pool-3-thread-1] INFO tourGuide.service.TourGuideService - trackUserLocationAsync for user : internalUser928
21:40:10.443 [pool-3-thread-1] INFO tourGuide.service.TourGuideService - trackUserLocationAsync for user : internalUser925
21:40:10.443 [pool-3-thread-1] INFO tourGuide.service.TourGuideService - trackUserLocationAsync for user : internalUser926
21:40:10.443 [pool-3-thread-1] INFO tourGuide.service.TourGuideService - trackUserLocationAsync for user : internalUser923
21:40:10.443 [pool-3-thread-1] INFO tourGuide.service.TourGuideService - trackUserLocationAsync for user : internalUser924
21:40:10.443 [pool-3-thread-1] INFO tourGuide.service.TourGuideService - trackUserLocationAsync for user : internalUser921
21:40:10.443 [pool-3-thread-1] INFO tourGuide.service.TourGuideService - trackUserLocationAsync for user : internalUser922
21:40:10.443 [pool-3-thread-1] INFO tourGuide.service.TourGuideService - trackUserLocationAsync for user : internalUser929
21:40:10.443 [pool-3-thread-1] INFO tourGuide.service.TourGuideService - trackUserLocationAsync for user : internalUser930
21:40:10.443 [pool-3-thread-1] INFO tourGuide.service.TourGuideService - trackUserLocationAsync for user : internalUser931
21:40:10.443 [pool-3-thread-1] INFO tourGuide.service.TourGuideService - trackUserLocationAsync for user : internalUser938
21:40:10.443 [pool-3-thread-1] INFO tourGuide.service.TourGuideService - trackUserLocationAsync for user : internalUser939
21:40:10.443 [pool-3-thread-1] INFO tourGuide.service.TourGuideService - trackUserLocationAsync for user : internalUser936
21:40:10.443 [pool-3-thread-1] INFO tourGuide.service.TourGuideService - trackUserLocationAsync for user : internalUser937
21:40:10.443 [pool-3-thread-1] INFO tourGuide.service.TourGuideService - trackUserLocationAsync for user : internalUser934
21:40:10.443 [pool-3-thread-1] INFO tourGuide.service.TourGuideService - trackUserLocationAsync for user : internalUser935
21:40:10.443 [pool-3-thread-1] INFO tourGuide.service.TourGuideService - trackUserLocationAsync for user : internalUser932
21:40:10.443 [pool-3-thread-1] INFO tourGuide.service.TourGuideService - trackUserLocationAsync for user : internalUser933
21:40:10.443 [pool-3-thread-1] INFO tourGuide.service.TourGuideService - trackUserLocationAsync for user : internalUser941
21:40:10.443 [pool-3-thread-1] INFO tourGuide.service.TourGuideService - trackUserLocationAsync for user : internalUser700
21:40:10.443 [pool-3-thread-1] INFO tourGuide.service.TourGuideService - trackUserLocationAsync for user : internalUser942
21:40:10.443 [pool-3-thread-1] INFO tourGuide.service.TourGuideService - trackUserLocationAsync for user : internalUser940
21:40:10.443 [pool-3-thread-1] INFO tourGuide.service.TourGuideService - trackUserLocationAsync for user : internalUser707
21:40:10.443 [pool-3-thread-1] INFO tourGuide.service.TourGuideService - trackUserLocationAsync for user : internalUser949
21:40:10.443 [pool-3-thread-1] INFO tourGuide.service.TourGuideService - trackUserLocationAsync for user : internalUser708
21:40:10.443 [pool-3-thread-1] INFO tourGuide.service.TourGuideService - trackUserLocationAsync for user : internalUser705
21:40:10.443 [pool-3-thread-1] INFO tourGuide.service.TourGuideService - trackUserLocationAsync for user : internalUser947
21:40:10.443 [pool-3-thread-1] INFO tourGuide.service.TourGuideService - trackUserLocationAsync for user : internalUser706
21:40:10.443 [pool-3-thread-1] INFO tourGuide.service.TourGuideService - trackUserLocationAsync for user : internalUser948
21:40:10.443 [pool-3-thread-1] INFO tourGuide.service.TourGuideService - trackUserLocationAsync for user : internalUser703
21:40:10.443 [pool-3-thread-1] INFO tourGuide.service.TourGuideService - trackUserLocationAsync for user : internalUser945
21:40:10.443 [pool-3-thread-1] INFO tourGuide.service.TourGuideService - trackUserLocationAsync for user : internalUser704
21:40:10.443 [pool-3-thread-1] INFO tourGuide.service.TourGuideService - trackUserLocationAsync for user : internalUser946
21:40:10.443 [pool-3-thread-1] INFO tourGuide.service.TourGuideService - trackUserLocationAsync for user : internalUser701
21:40:10.443 [pool-3-thread-1] INFO tourGuide.service.TourGuideService - trackUserLocationAsync for user : internalUser943
21:40:10.443 [pool-3-thread-1] INFO tourGuide.service.TourGuideService - trackUserLocationAsync for user : internalUser702
21:40:10.443 [pool-3-thread-1] INFO tourGuide.service.TourGuideService - trackUserLocationAsync for user : internalUser944
21:40:10.443 [pool-3-thread-1] INFO tourGuide.service.TourGuideService - trackUserLocationAsync for user : internalUser709
21:40:10.443 [pool-3-thread-1] INFO tourGuide.service.TourGuideService - trackUserLocationAsync for user : internalUser710
21:40:10.443 [pool-3-thread-1] INFO tourGuide.service.TourGuideService - trackUserLocationAsync for user : internalUser952
21:40:10.443 [pool-3-thread-1] INFO tourGuide.service.TourGuideService - trackUserLocationAsync for user : internalUser711
21:40:10.443 [pool-3-thread-1] INFO tourGuide.service.TourGuideService - trackUserLocationAsync for user : internalUser953
21:40:10.443 [pool-3-thread-1] INFO tourGuide.service.TourGuideService - trackUserLocationAsync for user : internalUser950
21:40:10.443 [pool-3-thread-1] INFO tourGuide.service.TourGuideService - trackUserLocationAsync for user : internalUser951
21:40:10.443 [pool-3-thread-1] INFO tourGuide.service.TourGuideService - trackUserLocationAsync for user : internalUser718
21:40:10.443 [pool-3-thread-1] INFO tourGuide.service.TourGuideService - trackUserLocationAsync for user : internalUser719
21:40:10.443 [pool-3-thread-1] INFO tourGuide.service.TourGuideService - trackUserLocationAsync for user : internalUser716
21:40:10.443 [pool-3-thread-1] INFO tourGuide.service.TourGuideService - trackUserLocationAsync for user : internalUser958
21:40:10.443 [pool-3-thread-1] INFO tourGuide.service.TourGuideService - trackUserLocationAsync for user : internalUser717
21:40:10.443 [pool-3-thread-1] INFO tourGuide.service.TourGuideService - trackUserLocationAsync for user : internalUser959
21:40:10.443 [pool-3-thread-1] INFO tourGuide.service.TourGuideService - trackUserLocationAsync for user : internalUser714
21:40:10.443 [pool-3-thread-1] INFO tourGuide.service.TourGuideService - trackUserLocationAsync for user : internalUser956
21:40:10.443 [pool-3-thread-1] INFO tourGuide.service.TourGuideService - trackUserLocationAsync for user : internalUser715
21:40:10.443 [pool-3-thread-1] INFO tourGuide.service.TourGuideService - trackUserLocationAsync for user : internalUser957
21:40:10.443 [pool-3-thread-1] INFO tourGuide.service.TourGuideService - trackUserLocationAsync for user : internalUser712
21:40:10.443 [pool-3-thread-1] INFO tourGuide.service.TourGuideService - trackUserLocationAsync for user : internalUser954
21:40:10.443 [pool-3-thread-1] INFO tourGuide.service.TourGuideService - trackUserLocationAsync for user : internalUser713
21:40:10.443 [pool-3-thread-1] INFO tourGuide.service.TourGuideService - trackUserLocationAsync for user : internalUser955
21:40:10.443 [pool-3-thread-1] INFO tourGuide.service.TourGuideService - trackUserLocationAsync for user : internalUser905
21:40:10.443 [pool-3-thread-1] INFO tourGuide.service.TourGuideService - trackUserLocationAsync for user : internalUser906
21:40:10.444 [pool-3-thread-1] INFO tourGuide.service.TourGuideService - trackUserLocationAsync for user : internalUser903
21:40:10.444 [pool-3-thread-1] INFO tourGuide.service.TourGuideService - trackUserLocationAsync for user : internalUser904
21:40:10.444 [pool-3-thread-1] INFO tourGuide.service.TourGuideService - trackUserLocationAsync for user : internalUser901
21:40:10.444 [pool-3-thread-1] INFO tourGuide.service.TourGuideService - trackUserLocationAsync for user : internalUser902
21:40:10.444 [pool-3-thread-1] INFO tourGuide.service.TourGuideService - trackUserLocationAsync for user : internalUser900
21:40:10.444 [pool-3-thread-1] INFO tourGuide.service.TourGuideService - trackUserLocationAsync for user : internalUser909
21:40:10.444 [pool-3-thread-1] INFO tourGuide.service.TourGuideService - trackUserLocationAsync for user : internalUser907
21:40:10.444 [pool-3-thread-1] INFO tourGuide.service.TourGuideService - trackUserLocationAsync for user : internalUser908
21:40:10.444 [pool-3-thread-1] INFO tourGuide.service.TourGuideService - trackUserLocationAsync for user : internalUser916
21:40:10.444 [pool-3-thread-1] INFO tourGuide.service.TourGuideService - trackUserLocationAsync for user : internalUser917
21:40:10.444 [pool-3-thread-1] INFO tourGuide.service.TourGuideService - trackUserLocationAsync for user : internalUser914
21:40:10.444 [pool-3-thread-1] INFO tourGuide.service.TourGuideService - trackUserLocationAsync for user : internalUser915
21:40:10.444 [pool-3-thread-1] INFO tourGuide.service.TourGuideService - trackUserLocationAsync for user : internalUser912
21:40:10.444 [pool-3-thread-1] INFO tourGuide.service.TourGuideService - trackUserLocationAsync for user : internalUser913
21:40:10.444 [pool-3-thread-1] INFO tourGuide.service.TourGuideService - trackUserLocationAsync for user : internalUser910
21:40:10.444 [pool-3-thread-1] INFO tourGuide.service.TourGuideService - trackUserLocationAsync for user : internalUser911
21:40:10.444 [pool-3-thread-1] INFO tourGuide.service.TourGuideService - trackUserLocationAsync for user : internalUser918
21:40:10.444 [pool-3-thread-1] INFO tourGuide.service.TourGuideService - trackUserLocationAsync for user : internalUser919
21:40:10.435 [Test worker] INFO tourGuide.service.TourGuideService - trackUserLocationAsync for user : internalUser320
21:40:10.447 [Test worker] INFO tourGuide.service.TourGuideService - trackUserLocationAsync for user : internalUser562
21:40:10.447 [Test worker] INFO tourGuide.service.TourGuideService - trackUserLocationAsync for user : internalUser329
21:40:10.447 [Test worker] INFO tourGuide.service.TourGuideService - trackUserLocationAsync for user : internalUser327
21:40:10.448 [Test worker] INFO tourGuide.service.TourGuideService - trackUserLocationAsync for user : internalUser569
21:40:10.448 [Test worker] INFO tourGuide.service.TourGuideService - trackUserLocationAsync for user : internalUser328
21:40:10.448 [Test worker] INFO tourGuide.service.TourGuideService - trackUserLocationAsync for user : internalUser570
21:40:10.448 [Test worker] INFO tourGuide.service.TourGuideService - trackUserLocationAsync for user : internalUser571
21:40:10.448 [Test worker] INFO tourGuide.service.TourGuideService - trackUserLocationAsync for user : internalUser336
21:40:10.448 [Test worker] INFO tourGuide.service.TourGuideService - trackUserLocationAsync for user : internalUser578
21:40:10.448 [Test worker] INFO tourGuide.service.TourGuideService - trackUserLocationAsync for user : internalUser337
21:40:10.448 [Test worker] INFO tourGuide.service.TourGuideService - trackUserLocationAsync for user : internalUser579
21:40:10.448 [Test worker] INFO tourGuide.service.TourGuideService - trackUserLocationAsync for user : internalUser334
21:40:10.448 [Test worker] INFO tourGuide.service.TourGuideService - trackUserLocationAsync for user : internalUser576
21:40:10.448 [Test worker] INFO tourGuide.service.TourGuideService - trackUserLocationAsync for user : internalUser335
21:40:10.448 [Test worker] INFO tourGuide.service.TourGuideService - trackUserLocationAsync for user : internalUser577
21:40:10.448 [Test worker] INFO tourGuide.service.TourGuideService - trackUserLocationAsync for user : internalUser332
21:40:10.448 [Test worker] INFO tourGuide.service.TourGuideService - trackUserLocationAsync for user : internalUser574
21:40:10.448 [Test worker] INFO tourGuide.service.TourGuideService - trackUserLocationAsync for user : internalUser333
21:40:10.448 [Test worker] INFO tourGuide.service.TourGuideService - trackUserLocationAsync for user : internalUser575
21:40:10.448 [Test worker] INFO tourGuide.service.TourGuideService - trackUserLocationAsync for user : internalUser330
21:40:10.448 [Test worker] INFO tourGuide.service.TourGuideService - trackUserLocationAsync for user : internalUser572
21:40:10.448 [Test worker] INFO tourGuide.service.TourGuideService - trackUserLocationAsync for user : internalUser331
21:40:10.448 [Test worker] INFO tourGuide.service.TourGuideService - trackUserLocationAsync for user : internalUser573
21:40:10.448 [Test worker] INFO tourGuide.service.TourGuideService - trackUserLocationAsync for user : internalUser338
21:40:10.448 [Test worker] INFO tourGuide.service.TourGuideService - trackUserLocationAsync for user : internalUser339
21:40:10.448 [Test worker] INFO tourGuide.service.TourGuideService - trackUserLocationAsync for user : internalUser581
21:40:10.448 [Test worker] INFO tourGuide.service.TourGuideService - trackUserLocationAsync for user : internalUser340
21:40:10.448 [Test worker] INFO tourGuide.service.TourGuideService - trackUserLocationAsync for user : internalUser582
21:40:10.448 [Test worker] INFO tourGuide.service.TourGuideService - trackUserLocationAsync for user : internalUser9
21:40:10.448 [Test worker] INFO tourGuide.service.TourGuideService - trackUserLocationAsync for user : internalUser8
21:40:10.448 [Test worker] INFO tourGuide.service.TourGuideService - trackUserLocationAsync for user : internalUser580
21:40:10.448 [Test worker] INFO tourGuide.service.TourGuideService - trackUserLocationAsync for user : internalUser105
21:40:10.448 [Test worker] INFO tourGuide.service.TourGuideService - trackUserLocationAsync for user : internalUser347
21:40:10.448 [Test worker] INFO tourGuide.service.TourGuideService - trackUserLocationAsync for user : internalUser589
21:40:10.448 [Test worker] INFO tourGuide.service.TourGuideService - trackUserLocationAsync for user : internalUser106
21:40:10.448 [Test worker] INFO tourGuide.service.TourGuideService - trackUserLocationAsync for user : internalUser348
21:40:10.448 [Test worker] INFO tourGuide.service.TourGuideService - trackUserLocationAsync for user : internalUser103
21:40:10.448 [Test worker] INFO tourGuide.service.TourGuideService - trackUserLocationAsync for user : internalUser345
21:40:10.448 [Test worker] INFO tourGuide.service.TourGuideService - trackUserLocationAsync for user : internalUser587
21:40:10.448 [Test worker] INFO tourGuide.service.TourGuideService - trackUserLocationAsync for user : internalUser104
21:40:10.448 [Test worker] INFO tourGuide.service.TourGuideService - trackUserLocationAsync for user : internalUser346
21:40:10.448 [Test worker] INFO tourGuide.service.TourGuideService - trackUserLocationAsync for user : internalUser588
21:40:10.448 [Test worker] INFO tourGuide.service.TourGuideService - trackUserLocationAsync for user : internalUser101
21:40:10.448 [Test worker] INFO tourGuide.service.TourGuideService - trackUserLocationAsync for user : internalUser343
21:40:10.448 [Test worker] INFO tourGuide.service.TourGuideService - trackUserLocationAsync for user : internalUser585
21:40:10.448 [Test worker] INFO tourGuide.service.TourGuideService - trackUserLocationAsync for user : internalUser102
21:40:10.448 [Test worker] INFO tourGuide.service.TourGuideService - trackUserLocationAsync for user : internalUser344
21:40:10.448 [Test worker] INFO tourGuide.service.TourGuideService - trackUserLocationAsync for user : internalUser586
21:40:10.448 [Test worker] INFO tourGuide.service.TourGuideService - trackUserLocationAsync for user : internalUser341
21:40:10.448 [Test worker] INFO tourGuide.service.TourGuideService - trackUserLocationAsync for user : internalUser583
21:40:10.448 [Test worker] INFO tourGuide.service.TourGuideService - trackUserLocationAsync for user : internalUser100
21:40:10.448 [Test worker] INFO tourGuide.service.TourGuideService - trackUserLocationAsync for user : internalUser342
21:40:10.448 [Test worker] INFO tourGuide.service.TourGuideService - trackUserLocationAsync for user : internalUser584
21:40:10.448 [Test worker] INFO tourGuide.service.TourGuideService - trackUserLocationAsync for user : internalUser109
21:40:10.448 [Test worker] INFO tourGuide.service.TourGuideService - trackUserLocationAsync for user : internalUser107
21:40:10.448 [Test worker] INFO tourGuide.service.TourGuideService - trackUserLocationAsync for user : internalUser349
21:40:10.448 [Test worker] INFO tourGuide.service.TourGuideService - trackUserLocationAsync for user : internalUser108
21:40:10.448 [Test worker] INFO tourGuide.service.TourGuideService - trackUserLocationAsync for user : internalUser3
21:40:10.448 [Test worker] INFO tourGuide.service.TourGuideService - trackUserLocationAsync for user : internalUser2
21:40:10.448 [Test worker] INFO tourGuide.service.TourGuideService - trackUserLocationAsync for user : internalUser1
21:40:10.448 [Test worker] INFO tourGuide.service.TourGuideService - trackUserLocationAsync for user : internalUser0
21:40:10.448 [Test worker] INFO tourGuide.service.TourGuideService - trackUserLocationAsync for user : internalUser7
21:40:10.448 [Test worker] INFO tourGuide.service.TourGuideService - trackUserLocationAsync for user : internalUser6
21:40:10.448 [Test worker] INFO tourGuide.service.TourGuideService - trackUserLocationAsync for user : internalUser5
21:40:10.448 [Test worker] INFO tourGuide.service.TourGuideService - trackUserLocationAsync for user : internalUser4
21:40:10.448 [Test worker] INFO tourGuide.service.TourGuideService - trackUserLocationAsync for user : internalUser350
21:40:10.448 [Test worker] INFO tourGuide.service.TourGuideService - trackUserLocationAsync for user : internalUser592
21:40:10.448 [Test worker] INFO tourGuide.service.TourGuideService - trackUserLocationAsync for user : internalUser351
21:40:10.448 [Test worker] INFO tourGuide.service.TourGuideService - trackUserLocationAsync for user : internalUser593
21:40:10.448 [Test worker] INFO tourGuide.service.TourGuideService - trackUserLocationAsync for user : internalUser590
21:40:10.448 [Test worker] INFO tourGuide.service.TourGuideService - trackUserLocationAsync for user : internalUser591
21:40:10.448 [Test worker] INFO tourGuide.service.TourGuideService - trackUserLocationAsync for user : internalUser116
21:40:10.448 [Test worker] INFO tourGuide.service.TourGuideService - trackUserLocationAsync for user : internalUser358
21:40:10.448 [Test worker] INFO tourGuide.service.TourGuideService - trackUserLocationAsync for user : internalUser117
21:40:10.448 [Test worker] INFO tourGuide.service.TourGuideService - trackUserLocationAsync for user : internalUser359
21:40:10.448 [Test worker] INFO tourGuide.service.TourGuideService - trackUserLocationAsync for user : internalUser114
21:40:10.448 [Test worker] INFO tourGuide.service.TourGuideService - trackUserLocationAsync for user : internalUser356
21:40:10.448 [Test worker] INFO tourGuide.service.TourGuideService - trackUserLocationAsync for user : internalUser598
21:40:10.448 [Test worker] INFO tourGuide.service.TourGuideService - trackUserLocationAsync for user : internalUser115
21:40:10.448 [Test worker] INFO tourGuide.service.TourGuideService - trackUserLocationAsync for user : internalUser357
21:40:10.448 [Test worker] INFO tourGuide.service.TourGuideService - trackUserLocationAsync for user : internalUser599
21:40:10.448 [Test worker] INFO tourGuide.service.TourGuideService - trackUserLocationAsync for user : internalUser112
21:40:10.448 [Test worker] INFO tourGuide.service.TourGuideService - trackUserLocationAsync for user : internalUser354
21:40:10.448 [Test worker] INFO tourGuide.service.TourGuideService - trackUserLocationAsync for user : internalUser596
21:40:10.448 [Test worker] INFO tourGuide.service.TourGuideService - trackUserLocationAsync for user : internalUser113
21:40:10.448 [Test worker] INFO tourGuide.service.TourGuideService - trackUserLocationAsync for user : internalUser355
21:40:10.448 [Test worker] INFO tourGuide.service.TourGuideService - trackUserLocationAsync for user : internalUser597
21:40:10.448 [Test worker] INFO tourGuide.service.TourGuideService - trackUserLocationAsync for user : internalUser110
21:40:10.448 [Test worker] INFO tourGuide.service.TourGuideService - trackUserLocationAsync for user : internalUser352
21:40:10.448 [Test worker] INFO tourGuide.service.TourGuideService - trackUserLocationAsync for user : internalUser594
21:40:10.448 [Test worker] INFO tourGuide.service.TourGuideService - trackUserLocationAsync for user : internalUser111
21:40:10.448 [Test worker] INFO tourGuide.service.TourGuideService - trackUserLocationAsync for user : internalUser353
21:40:10.448 [Test worker] INFO tourGuide.service.TourGuideService - trackUserLocationAsync for user : internalUser595
21:40:10.449 [Test worker] INFO tourGuide.service.TourGuideService - trackUserLocationAsync for user : internalUser118
21:40:10.449 [Test worker] INFO tourGuide.service.TourGuideService - trackUserLocationAsync for user : internalUser119
21:40:10.449 [Test worker] INFO tourGuide.service.TourGuideService - trackUserLocationAsync for user : internalUser523
21:40:10.449 [Test worker] INFO tourGuide.service.TourGuideService - trackUserLocationAsync for user : internalUser765
21:40:10.449 [Test worker] INFO tourGuide.service.TourGuideService - trackUserLocationAsync for user : internalUser524
21:40:10.449 [Test worker] INFO tourGuide.service.TourGuideService - trackUserLocationAsync for user : internalUser766
21:40:10.449 [Test worker] INFO tourGuide.service.TourGuideService - trackUserLocationAsync for user : internalUser521
21:40:10.449 [Test worker] INFO tourGuide.service.TourGuideService - trackUserLocationAsync for user : internalUser763
21:40:10.449 [Test worker] INFO tourGuide.service.TourGuideService - trackUserLocationAsync for user : internalUser522
21:40:10.449 [Test worker] INFO tourGuide.service.TourGuideService - trackUserLocationAsync for user : internalUser764
21:40:10.449 [Test worker] INFO tourGuide.service.TourGuideService - trackUserLocationAsync for user : internalUser761
21:40:10.449 [Test worker] INFO tourGuide.service.TourGuideService - trackUserLocationAsync for user : internalUser520
21:40:10.449 [Test worker] INFO tourGuide.service.TourGuideService - trackUserLocationAsync for user : internalUser762
21:40:10.449 [Test worker] INFO tourGuide.service.TourGuideService - trackUserLocationAsync for user : internalUser760
21:40:10.449 [Test worker] INFO tourGuide.service.TourGuideService - trackUserLocationAsync for user : internalUser529
21:40:10.449 [Test worker] INFO tourGuide.service.TourGuideService - trackUserLocationAsync for user : internalUser527
21:40:10.449 [Test worker] INFO tourGuide.service.TourGuideService - trackUserLocationAsync for user : internalUser769
21:40:10.449 [Test worker] INFO tourGuide.service.TourGuideService - trackUserLocationAsync for user : internalUser528
21:40:10.449 [Test worker] INFO tourGuide.service.TourGuideService - trackUserLocationAsync for user : internalUser525
21:40:10.449 [Test worker] INFO tourGuide.service.TourGuideService - trackUserLocationAsync for user : internalUser767
21:40:10.449 [Test worker] INFO tourGuide.service.TourGuideService - trackUserLocationAsync for user : internalUser526
21:40:10.449 [Test worker] INFO tourGuide.service.TourGuideService - trackUserLocationAsync for user : internalUser768
21:40:10.449 [Test worker] INFO tourGuide.service.TourGuideService - trackUserLocationAsync for user : internalUser534
21:40:10.449 [Test worker] INFO tourGuide.service.TourGuideService - trackUserLocationAsync for user : internalUser776
21:40:10.449 [Test worker] INFO tourGuide.service.TourGuideService - trackUserLocationAsync for user : internalUser535
21:40:10.449 [Test worker] INFO tourGuide.service.TourGuideService - trackUserLocationAsync for user : internalUser777
21:40:10.449 [Test worker] INFO tourGuide.service.TourGuideService - trackUserLocationAsync for user : internalUser532
21:40:10.449 [Test worker] INFO tourGuide.service.TourGuideService - trackUserLocationAsync for user : internalUser774
21:40:10.449 [Test worker] INFO tourGuide.service.TourGuideService - trackUserLocationAsync for user : internalUser533
21:40:10.449 [Test worker] INFO tourGuide.service.TourGuideService - trackUserLocationAsync for user : internalUser775
21:40:10.449 [Test worker] INFO tourGuide.service.TourGuideService - trackUserLocationAsync for user : internalUser530
21:40:10.449 [Test worker] INFO tourGuide.service.TourGuideService - trackUserLocationAsync for user : internalUser772
21:40:10.449 [Test worker] INFO tourGuide.service.TourGuideService - trackUserLocationAsync for user : internalUser531
21:40:10.449 [Test worker] INFO tourGuide.service.TourGuideService - trackUserLocationAsync for user : internalUser773
21:40:10.449 [Test worker] INFO tourGuide.service.TourGuideService - trackUserLocationAsync for user : internalUser770
21:40:10.449 [Test worker] INFO tourGuide.service.TourGuideService - trackUserLocationAsync for user : internalUser771
21:40:10.449 [Test worker] INFO tourGuide.service.TourGuideService - trackUserLocationAsync for user : internalUser538
21:40:10.449 [Test worker] INFO tourGuide.service.TourGuideService - trackUserLocationAsync for user : internalUser539
21:40:10.449 [Test worker] INFO tourGuide.service.TourGuideService - trackUserLocationAsync for user : internalUser536
21:40:10.449 [Test worker] INFO tourGuide.service.TourGuideService - trackUserLocationAsync for user : internalUser778
21:40:10.449 [Test worker] INFO tourGuide.service.TourGuideService - trackUserLocationAsync for user : internalUser537
21:40:10.449 [Test worker] INFO tourGuide.service.TourGuideService - trackUserLocationAsync for user : internalUser779
21:40:10.449 [Test worker] INFO tourGuide.service.TourGuideService - trackUserLocationAsync for user : internalUser780
21:40:10.449 [Test worker] INFO tourGuide.service.TourGuideService - trackUserLocationAsync for user : internalUser303
21:40:10.449 [Test worker] INFO tourGuide.service.TourGuideService - trackUserLocationAsync for user : internalUser545
21:40:10.449 [Test worker] INFO tourGuide.service.TourGuideService - trackUserLocationAsync for user : internalUser787
21:40:10.449 [Test worker] INFO tourGuide.service.TourGuideService - trackUserLocationAsync for user : internalUser304
21:40:10.449 [Test worker] INFO tourGuide.service.TourGuideService - trackUserLocationAsync for user : internalUser546
21:40:10.449 [Test worker] INFO tourGuide.service.TourGuideService - trackUserLocationAsync for user : internalUser788
21:40:10.449 [Test worker] INFO tourGuide.service.TourGuideService - trackUserLocationAsync for user : internalUser301
21:40:10.449 [Test worker] INFO tourGuide.service.TourGuideService - trackUserLocationAsync for user : internalUser543
21:40:10.449 [Test worker] INFO tourGuide.service.TourGuideService - trackUserLocationAsync for user : internalUser785
21:40:10.449 [Test worker] INFO tourGuide.service.TourGuideService - trackUserLocationAsync for user : internalUser302
21:40:10.449 [Test worker] INFO tourGuide.service.TourGuideService - trackUserLocationAsync for user : internalUser544
21:40:10.449 [Test worker] INFO tourGuide.service.TourGuideService - trackUserLocationAsync for user : internalUser786
21:40:10.449 [Test worker] INFO tourGuide.service.TourGuideService - trackUserLocationAsync for user : internalUser541
21:40:10.449 [Test worker] INFO tourGuide.service.TourGuideService - trackUserLocationAsync for user : internalUser783
21:40:10.449 [Test worker] INFO tourGuide.service.TourGuideService - trackUserLocationAsync for user : internalUser300
21:40:10.449 [Test worker] INFO tourGuide.service.TourGuideService - trackUserLocationAsync for user : internalUser542
21:40:10.449 [Test worker] INFO tourGuide.service.TourGuideService - trackUserLocationAsync for user : internalUser784
21:40:10.449 [Test worker] INFO tourGuide.service.TourGuideService - trackUserLocationAsync for user : internalUser781
21:40:10.449 [Test worker] INFO tourGuide.service.TourGuideService - trackUserLocationAsync for user : internalUser540
21:40:10.449 [Test worker] INFO tourGuide.service.TourGuideService - trackUserLocationAsync for user : internalUser782
21:40:10.449 [Test worker] INFO tourGuide.service.TourGuideService - trackUserLocationAsync for user : internalUser309
21:40:10.449 [Test worker] INFO tourGuide.service.TourGuideService - trackUserLocationAsync for user : internalUser307
21:40:10.449 [Test worker] INFO tourGuide.service.TourGuideService - trackUserLocationAsync for user : internalUser549
21:40:10.449 [Test worker] INFO tourGuide.service.TourGuideService - trackUserLocationAsync for user : internalUser308
21:40:10.449 [Test worker] INFO tourGuide.service.TourGuideService - trackUserLocationAsync for user : internalUser305
21:40:10.449 [Test worker] INFO tourGuide.service.TourGuideService - trackUserLocationAsync for user : internalUser547
21:40:10.449 [Test worker] INFO tourGuide.service.TourGuideService - trackUserLocationAsync for user : internalUser789
21:40:10.449 [Test worker] INFO tourGuide.service.TourGuideService - trackUserLocationAsync for user : internalUser306
21:40:10.449 [Test worker] INFO tourGuide.service.TourGuideService - trackUserLocationAsync for user : internalUser548
21:40:10.449 [Test worker] INFO tourGuide.service.TourGuideService - trackUserLocationAsync for user : internalUser790
21:40:10.449 [Test worker] INFO tourGuide.service.TourGuideService - trackUserLocationAsync for user : internalUser791
21:40:10.449 [Test worker] INFO tourGuide.service.TourGuideService - trackUserLocationAsync for user : internalUser314
21:40:10.449 [Test worker] INFO tourGuide.service.TourGuideService - trackUserLocationAsync for user : internalUser556
21:40:10.449 [Test worker] INFO tourGuide.service.TourGuideService - trackUserLocationAsync for user : internalUser798
21:40:10.449 [Test worker] INFO tourGuide.service.TourGuideService - trackUserLocationAsync for user : internalUser315
21:40:10.449 [Test worker] INFO tourGuide.service.TourGuideService - trackUserLocationAsync for user : internalUser557
21:40:10.449 [Test worker] INFO tourGuide.service.TourGuideService - trackUserLocationAsync for user : internalUser799
21:40:10.449 [Test worker] INFO tourGuide.service.TourGuideService - trackUserLocationAsync for user : internalUser312
21:40:10.449 [Test worker] INFO tourGuide.service.TourGuideService - trackUserLocationAsync for user : internalUser554
21:40:10.449 [Test worker] INFO tourGuide.service.TourGuideService - trackUserLocationAsync for user : internalUser796
21:40:10.449 [Test worker] INFO tourGuide.service.TourGuideService - trackUserLocationAsync for user : internalUser313
21:40:10.449 [Test worker] INFO tourGuide.service.TourGuideService - trackUserLocationAsync for user : internalUser555
21:40:10.449 [Test worker] INFO tourGuide.service.TourGuideService - trackUserLocationAsync for user : internalUser797
21:40:10.449 [Test worker] INFO tourGuide.service.TourGuideService - trackUserLocationAsync for user : internalUser310
21:40:10.449 [Test worker] INFO tourGuide.service.TourGuideService - trackUserLocationAsync for user : internalUser552
21:40:10.449 [Test worker] INFO tourGuide.service.TourGuideService - trackUserLocationAsync for user : internalUser794
21:40:10.449 [Test worker] INFO tourGuide.service.TourGuideService - trackUserLocationAsync for user : internalUser311
21:40:10.449 [Test worker] INFO tourGuide.service.TourGuideService - trackUserLocationAsync for user : internalUser553
21:40:10.449 [Test worker] INFO tourGuide.service.TourGuideService - trackUserLocationAsync for user : internalUser795
21:40:10.449 [Test worker] INFO tourGuide.service.TourGuideService - trackUserLocationAsync for user : internalUser550
21:40:10.449 [Test worker] INFO tourGuide.service.TourGuideService - trackUserLocationAsync for user : internalUser792
21:40:10.449 [Test worker] INFO tourGuide.service.TourGuideService - trackUserLocationAsync for user : internalUser551
21:40:10.449 [Test worker] INFO tourGuide.service.TourGuideService - trackUserLocationAsync for user : internalUser793
21:40:10.449 [Test worker] INFO tourGuide.service.TourGuideService - trackUserLocationAsync for user : internalUser318
21:40:10.449 [Test worker] INFO tourGuide.service.TourGuideService - trackUserLocationAsync for user : internalUser319
21:40:10.449 [Test worker] INFO tourGuide.service.TourGuideService - trackUserLocationAsync for user : internalUser316
21:40:10.449 [Test worker] INFO tourGuide.service.TourGuideService - trackUserLocationAsync for user : internalUser558
21:40:10.449 [Test worker] INFO tourGuide.service.TourGuideService - trackUserLocationAsync for user : internalUser317
21:40:10.449 [Test worker] INFO tourGuide.service.TourGuideService - trackUserLocationAsync for user : internalUser559
21:40:10.449 [Test worker] INFO tourGuide.service.TourGuideService - trackUserLocationAsync for user : internalUser600
21:40:10.449 [Test worker] INFO tourGuide.service.TourGuideService - trackUserLocationAsync for user : internalUser842
21:40:10.449 [Test worker] INFO tourGuide.service.TourGuideService - trackUserLocationAsync for user : internalUser601
21:40:10.449 [Test worker] INFO tourGuide.service.TourGuideService - trackUserLocationAsync for user : internalUser843
21:40:10.449 [Test worker] INFO tourGuide.service.TourGuideService - trackUserLocationAsync for user : internalUser840
21:40:10.449 [Test worker] INFO tourGuide.service.TourGuideService - trackUserLocationAsync for user : internalUser841
21:40:10.449 [Test worker] INFO tourGuide.service.TourGuideService - trackUserLocationAsync for user : internalUser608
21:40:10.449 [Test worker] INFO tourGuide.service.TourGuideService - trackUserLocationAsync for user : internalUser609
21:40:10.449 [Test worker] INFO tourGuide.service.TourGuideService - trackUserLocationAsync for user : internalUser606
21:40:10.449 [Test worker] INFO tourGuide.service.TourGuideService - trackUserLocationAsync for user : internalUser848
21:40:10.449 [Test worker] INFO tourGuide.service.TourGuideService - trackUserLocationAsync for user : internalUser607
21:40:10.449 [Test worker] INFO tourGuide.service.TourGuideService - trackUserLocationAsync for user : internalUser849
21:40:10.449 [Test worker] INFO tourGuide.service.TourGuideService - trackUserLocationAsync for user : internalUser604
21:40:10.449 [Test worker] INFO tourGuide.service.TourGuideService - trackUserLocationAsync for user : internalUser846
21:40:10.449 [Test worker] INFO tourGuide.service.TourGuideService - trackUserLocationAsync for user : internalUser605
21:40:10.449 [Test worker] INFO tourGuide.service.TourGuideService - trackUserLocationAsync for user : internalUser847
21:40:10.449 [Test worker] INFO tourGuide.service.TourGuideService - trackUserLocationAsync for user : internalUser602
21:40:10.449 [Test worker] INFO tourGuide.service.TourGuideService - trackUserLocationAsync for user : internalUser844
21:40:10.449 [Test worker] INFO tourGuide.service.TourGuideService - trackUserLocationAsync for user : internalUser603
21:40:10.449 [Test worker] INFO tourGuide.service.TourGuideService - trackUserLocationAsync for user : internalUser845
21:40:10.449 [Test worker] INFO tourGuide.service.TourGuideService - trackUserLocationAsync for user : internalUser611
21:40:10.449 [Test worker] INFO tourGuide.service.TourGuideService - trackUserLocationAsync for user : internalUser853
21:40:10.449 [Test worker] INFO tourGuide.service.TourGuideService - trackUserLocationAsync for user : internalUser612
21:40:10.449 [Test worker] INFO tourGuide.service.TourGuideService - trackUserLocationAsync for user : internalUser854
21:40:10.449 [Test worker] INFO tourGuide.service.TourGuideService - trackUserLocationAsync for user : internalUser851
21:40:10.449 [Test worker] INFO tourGuide.service.TourGuideService - trackUserLocationAsync for user : internalUser610
21:40:10.449 [Test worker] INFO tourGuide.service.TourGuideService - trackUserLocationAsync for user : internalUser852
21:40:10.449 [Test worker] INFO tourGuide.service.TourGuideService - trackUserLocationAsync for user : internalUser850
21:40:10.449 [Test worker] INFO tourGuide.service.TourGuideService - trackUserLocationAsync for user : internalUser619
21:40:10.450 [Test worker] INFO tourGuide.service.TourGuideService - trackUserLocationAsync for user : internalUser617
21:40:10.450 [Test worker] INFO tourGuide.service.TourGuideService - trackUserLocationAsync for user : internalUser859
21:40:10.450 [Test worker] INFO tourGuide.service.TourGuideService - trackUserLocationAsync for user : internalUser618
21:40:10.450 [Test worker] INFO tourGuide.service.TourGuideService - trackUserLocationAsync for user : internalUser615
21:40:10.450 [Test worker] INFO tourGuide.service.TourGuideService - trackUserLocationAsync for user : internalUser857
21:40:10.450 [Test worker] INFO tourGuide.service.TourGuideService - trackUserLocationAsync for user : internalUser616
21:40:10.450 [Test worker] INFO tourGuide.service.TourGuideService - trackUserLocationAsync for user : internalUser858
21:40:10.450 [Test worker] INFO tourGuide.service.TourGuideService - trackUserLocationAsync for user : internalUser613
21:40:10.450 [Test worker] INFO tourGuide.service.TourGuideService - trackUserLocationAsync for user : internalUser855
21:40:10.450 [Test worker] INFO tourGuide.service.TourGuideService - trackUserLocationAsync for user : internalUser614
21:40:10.450 [Test worker] INFO tourGuide.service.TourGuideService - trackUserLocationAsync for user : internalUser856
21:40:10.450 [Test worker] INFO tourGuide.service.TourGuideService - trackUserLocationAsync for user : internalUser622
21:40:10.450 [Test worker] INFO tourGuide.service.TourGuideService - trackUserLocationAsync for user : internalUser864
21:40:10.450 [Test worker] INFO tourGuide.service.TourGuideService - trackUserLocationAsync for user : internalUser623
21:40:10.450 [Test worker] INFO tourGuide.service.TourGuideService - trackUserLocationAsync for user : internalUser865
21:40:10.450 [Test worker] INFO tourGuide.service.TourGuideService - trackUserLocationAsync for user : internalUser620
21:40:10.450 [Test worker] INFO tourGuide.service.TourGuideService - trackUserLocationAsync for user : internalUser862
21:40:10.450 [Test worker] INFO tourGuide.service.TourGuideService - trackUserLocationAsync for user : internalUser621
21:40:10.450 [Test worker] INFO tourGuide.service.TourGuideService - trackUserLocationAsync for user : internalUser863
21:40:10.450 [Test worker] INFO tourGuide.service.TourGuideService - trackUserLocationAsync for user : internalUser860
21:40:10.450 [Test worker] INFO tourGuide.service.TourGuideService - trackUserLocationAsync for user : internalUser19
21:40:10.450 [Test worker] INFO tourGuide.service.TourGuideService - trackUserLocationAsync for user : internalUser861
21:40:10.450 [Test worker] INFO tourGuide.service.TourGuideService - trackUserLocationAsync for user : internalUser16
21:40:10.450 [Test worker] INFO tourGuide.service.TourGuideService - trackUserLocationAsync for user : internalUser15
21:40:10.450 [Test worker] INFO tourGuide.service.TourGuideService - trackUserLocationAsync for user : internalUser18
21:40:10.450 [Test worker] INFO tourGuide.service.TourGuideService - trackUserLocationAsync for user : internalUser628
21:40:10.450 [Test worker] INFO tourGuide.service.TourGuideService - trackUserLocationAsync for user : internalUser17
21:40:10.450 [Test worker] INFO tourGuide.service.TourGuideService - trackUserLocationAsync for user : internalUser629
21:40:10.450 [Test worker] INFO tourGuide.service.TourGuideService - trackUserLocationAsync for user : internalUser12
21:40:10.450 [Test worker] INFO tourGuide.service.TourGuideService - trackUserLocationAsync for user : internalUser626
21:40:10.450 [Test worker] INFO tourGuide.service.TourGuideService - trackUserLocationAsync for user : internalUser868
21:40:10.450 [Test worker] INFO tourGuide.service.TourGuideService - trackUserLocationAsync for user : internalUser11
21:40:10.450 [Test worker] INFO tourGuide.service.TourGuideService - trackUserLocationAsync for user : internalUser627
21:40:10.450 [Test worker] INFO tourGuide.service.TourGuideService - trackUserLocationAsync for user : internalUser869
21:40:10.450 [Test worker] INFO tourGuide.service.TourGuideService - trackUserLocationAsync for user : internalUser14
21:40:10.450 [Test worker] INFO tourGuide.service.TourGuideService - trackUserLocationAsync for user : internalUser624
21:40:10.450 [Test worker] INFO tourGuide.service.TourGuideService - trackUserLocationAsync for user : internalUser866
21:40:10.450 [Test worker] INFO tourGuide.service.TourGuideService - trackUserLocationAsync for user : internalUser13
21:40:10.450 [Test worker] INFO tourGuide.service.TourGuideService - trackUserLocationAsync for user : internalUser625
21:40:10.450 [Test worker] INFO tourGuide.service.TourGuideService - trackUserLocationAsync for user : internalUser867
21:40:10.450 [Test worker] INFO tourGuide.service.TourGuideService - trackUserLocationAsync for user : internalUser10
21:40:10.450 [Test worker] INFO tourGuide.service.TourGuideService - trackUserLocationAsync for user : internalUser633
21:40:10.450 [Test worker] INFO tourGuide.service.TourGuideService - trackUserLocationAsync for user : internalUser875
21:40:10.450 [Test worker] INFO tourGuide.service.TourGuideService - trackUserLocationAsync for user : internalUser634
21:40:10.450 [Test worker] INFO tourGuide.service.TourGuideService - trackUserLocationAsync for user : internalUser876
21:40:10.450 [Test worker] INFO tourGuide.service.TourGuideService - trackUserLocationAsync for user : internalUser631
21:40:10.450 [Test worker] INFO tourGuide.service.TourGuideService - trackUserLocationAsync for user : internalUser873
21:40:10.450 [Test worker] INFO tourGuide.service.TourGuideService - trackUserLocationAsync for user : internalUser632
21:40:10.450 [Test worker] INFO tourGuide.service.TourGuideService - trackUserLocationAsync for user : internalUser874
21:40:10.450 [Test worker] INFO tourGuide.service.TourGuideService - trackUserLocationAsync for user : internalUser871
21:40:10.450 [Test worker] INFO tourGuide.service.TourGuideService - trackUserLocationAsync for user : internalUser630
21:40:10.450 [Test worker] INFO tourGuide.service.TourGuideService - trackUserLocationAsync for user : internalUser872
21:40:10.450 [Test worker] INFO tourGuide.service.TourGuideService - trackUserLocationAsync for user : internalUser870
21:40:10.450 [Test worker] INFO tourGuide.service.TourGuideService - trackUserLocationAsync for user : internalUser27
21:40:10.450 [Test worker] INFO tourGuide.service.TourGuideService - trackUserLocationAsync for user : internalUser26
21:40:10.450 [Test worker] INFO tourGuide.service.TourGuideService - trackUserLocationAsync for user : internalUser29
21:40:10.450 [Test worker] INFO tourGuide.service.TourGuideService - trackUserLocationAsync for user : internalUser639
21:40:10.450 [Test worker] INFO tourGuide.service.TourGuideService - trackUserLocationAsync for user : internalUser28
21:40:10.450 [Test worker] INFO tourGuide.service.TourGuideService - trackUserLocationAsync for user : internalUser23
21:40:10.450 [Test worker] INFO tourGuide.service.TourGuideService - trackUserLocationAsync for user : internalUser637
21:40:10.450 [Test worker] INFO tourGuide.service.TourGuideService - trackUserLocationAsync for user : internalUser879
21:40:10.450 [Test worker] INFO tourGuide.service.TourGuideService - trackUserLocationAsync for user : internalUser22
21:40:10.450 [Test worker] INFO tourGuide.service.TourGuideService - trackUserLocationAsync for user : internalUser638
21:40:10.450 [Test worker] INFO tourGuide.service.TourGuideService - trackUserLocationAsync for user : internalUser25
21:40:10.450 [Test worker] INFO tourGuide.service.TourGuideService - trackUserLocationAsync for user : internalUser635
21:40:10.450 [Test worker] INFO tourGuide.service.TourGuideService - trackUserLocationAsync for user : internalUser877
21:40:10.450 [Test worker] INFO tourGuide.service.TourGuideService - trackUserLocationAsync for user : internalUser24
21:40:10.450 [Test worker] INFO tourGuide.service.TourGuideService - trackUserLocationAsync for user : internalUser636
21:40:10.450 [Test worker] INFO tourGuide.service.TourGuideService - trackUserLocationAsync for user : internalUser878
21:40:10.450 [Test worker] INFO tourGuide.service.TourGuideService - trackUserLocationAsync for user : internalUser21
21:40:10.450 [Test worker] INFO tourGuide.service.TourGuideService - trackUserLocationAsync for user : internalUser20
21:40:10.450 [Test worker] INFO tourGuide.service.TourGuideService - trackUserLocationAsync for user : internalUser38
21:40:10.450 [Test worker] INFO tourGuide.service.TourGuideService - trackUserLocationAsync for user : internalUser806
21:40:10.450 [Test worker] INFO tourGuide.service.TourGuideService - trackUserLocationAsync for user : internalUser37
21:40:10.450 [Test worker] INFO tourGuide.service.TourGuideService - trackUserLocationAsync for user : internalUser807
21:40:10.450 [Test worker] INFO tourGuide.service.TourGuideService - trackUserLocationAsync for user : internalUser804
21:40:10.450 [Test worker] INFO tourGuide.service.TourGuideService - trackUserLocationAsync for user : internalUser39
21:40:10.450 [Test worker] INFO tourGuide.service.TourGuideService - trackUserLocationAsync for user : internalUser805
21:40:10.450 [Test worker] INFO tourGuide.service.TourGuideService - trackUserLocationAsync for user : internalUser34
21:40:10.450 [Test worker] INFO tourGuide.service.TourGuideService - trackUserLocationAsync for user : internalUser802
21:40:10.450 [Test worker] INFO tourGuide.service.TourGuideService - trackUserLocationAsync for user : internalUser33
21:40:10.450 [Test worker] INFO tourGuide.service.TourGuideService - trackUserLocationAsync for user : internalUser803
21:40:10.450 [Test worker] INFO tourGuide.service.TourGuideService - trackUserLocationAsync for user : internalUser36
21:40:10.450 [Test worker] INFO tourGuide.service.TourGuideService - trackUserLocationAsync for user : internalUser800
21:40:10.450 [Test worker] INFO tourGuide.service.TourGuideService - trackUserLocationAsync for user : internalUser35
21:40:10.450 [Test worker] INFO tourGuide.service.TourGuideService - trackUserLocationAsync for user : internalUser801
21:40:10.450 [Test worker] INFO tourGuide.service.TourGuideService - trackUserLocationAsync for user : internalUser30
21:40:10.450 [Test worker] INFO tourGuide.service.TourGuideService - trackUserLocationAsync for user : internalUser32
21:40:10.450 [Test worker] INFO tourGuide.service.TourGuideService - trackUserLocationAsync for user : internalUser31
21:40:10.450 [Test worker] INFO tourGuide.service.TourGuideService - trackUserLocationAsync for user : internalUser808
21:40:10.450 [Test worker] INFO tourGuide.service.TourGuideService - trackUserLocationAsync for user : internalUser809
21:40:10.450 [Test worker] INFO tourGuide.service.TourGuideService - trackUserLocationAsync for user : internalUser810
21:40:10.450 [Test worker] INFO tourGuide.service.TourGuideService - trackUserLocationAsync for user : internalUser49
21:40:10.450 [Test worker] INFO tourGuide.service.TourGuideService - trackUserLocationAsync for user : internalUser817
21:40:10.450 [Test worker] INFO tourGuide.service.TourGuideService - trackUserLocationAsync for user : internalUser48
21:40:10.450 [Test worker] INFO tourGuide.service.TourGuideService - trackUserLocationAsync for user : internalUser818
21:40:10.450 [Test worker] INFO tourGuide.service.TourGuideService - trackUserLocationAsync for user : internalUser815
21:40:10.450 [Test worker] INFO tourGuide.service.TourGuideService - trackUserLocationAsync for user : internalUser816
21:40:10.450 [Test worker] INFO tourGuide.service.TourGuideService - trackUserLocationAsync for user : internalUser45
21:40:10.450 [Test worker] INFO tourGuide.service.TourGuideService - trackUserLocationAsync for user : internalUser813
21:40:10.450 [Test worker] INFO tourGuide.service.TourGuideService - trackUserLocationAsync for user : internalUser44
21:40:10.450 [Test worker] INFO tourGuide.service.TourGuideService - trackUserLocationAsync for user : internalUser814
21:40:10.450 [Test worker] INFO tourGuide.service.TourGuideService - trackUserLocationAsync for user : internalUser47
21:40:10.450 [Test worker] INFO tourGuide.service.TourGuideService - trackUserLocationAsync for user : internalUser811
21:40:10.450 [Test worker] INFO tourGuide.service.TourGuideService - trackUserLocationAsync for user : internalUser46
21:40:10.450 [Test worker] INFO tourGuide.service.TourGuideService - trackUserLocationAsync for user : internalUser812
21:40:10.450 [Test worker] INFO tourGuide.service.TourGuideService - trackUserLocationAsync for user : internalUser41
21:40:10.450 [Test worker] INFO tourGuide.service.TourGuideService - trackUserLocationAsync for user : internalUser40
21:40:10.450 [Test worker] INFO tourGuide.service.TourGuideService - trackUserLocationAsync for user : internalUser43
21:40:10.450 [Test worker] INFO tourGuide.service.TourGuideService - trackUserLocationAsync for user : internalUser42
21:40:10.450 [Test worker] INFO tourGuide.service.TourGuideService - trackUserLocationAsync for user : internalUser819
21:40:10.450 [Test worker] INFO tourGuide.service.TourGuideService - trackUserLocationAsync for user : internalUser820
21:40:10.450 [Test worker] INFO tourGuide.service.TourGuideService - trackUserLocationAsync for user : internalUser821
21:40:10.450 [Test worker] INFO tourGuide.service.TourGuideService - trackUserLocationAsync for user : internalUser828
21:40:10.450 [Test worker] INFO tourGuide.service.TourGuideService - trackUserLocationAsync for user : internalUser59
21:40:10.450 [Test worker] INFO tourGuide.service.TourGuideService - trackUserLocationAsync for user : internalUser829
21:40:10.450 [Test worker] INFO tourGuide.service.TourGuideService - trackUserLocationAsync for user : internalUser826
21:40:10.450 [Test worker] INFO tourGuide.service.TourGuideService - trackUserLocationAsync for user : internalUser827
21:40:10.450 [Test worker] INFO tourGuide.service.TourGuideService - trackUserLocationAsync for user : internalUser56
21:40:10.450 [Test worker] INFO tourGuide.service.TourGuideService - trackUserLocationAsync for user : internalUser824
21:40:10.450 [Test worker] INFO tourGuide.service.TourGuideService - trackUserLocationAsync for user : internalUser55
21:40:10.450 [Test worker] INFO tourGuide.service.TourGuideService - trackUserLocationAsync for user : internalUser825
21:40:10.451 [Test worker] INFO tourGuide.service.TourGuideService - trackUserLocationAsync for user : internalUser58
21:40:10.451 [Test worker] INFO tourGuide.service.TourGuideService - trackUserLocationAsync for user : internalUser822
21:40:10.451 [Test worker] INFO tourGuide.service.TourGuideService - trackUserLocationAsync for user : internalUser57
21:40:10.451 [Test worker] INFO tourGuide.service.TourGuideService - trackUserLocationAsync for user : internalUser823
21:40:10.451 [Test worker] INFO tourGuide.service.TourGuideService - trackUserLocationAsync for user : internalUser52
21:40:10.451 [Test worker] INFO tourGuide.service.TourGuideService - trackUserLocationAsync for user : internalUser51
21:40:10.451 [Test worker] INFO tourGuide.service.TourGuideService - trackUserLocationAsync for user : internalUser54
21:40:10.451 [Test worker] INFO tourGuide.service.TourGuideService - trackUserLocationAsync for user : internalUser53
21:40:10.451 [Test worker] INFO tourGuide.service.TourGuideService - trackUserLocationAsync for user : internalUser50
21:40:10.451 [Test worker] INFO tourGuide.service.TourGuideService - trackUserLocationAsync for user : internalUser831
21:40:10.451 [Test worker] INFO tourGuide.service.TourGuideService - trackUserLocationAsync for user : internalUser832
21:40:10.451 [Test worker] INFO tourGuide.service.TourGuideService - trackUserLocationAsync for user : internalUser830
21:40:10.451 [Test worker] INFO tourGuide.service.TourGuideService - trackUserLocationAsync for user : internalUser839
21:40:10.451 [Test worker] INFO tourGuide.service.TourGuideService - trackUserLocationAsync for user : internalUser837
21:40:10.451 [Test worker] INFO tourGuide.service.TourGuideService - trackUserLocationAsync for user : internalUser838
21:40:10.451 [Test worker] INFO tourGuide.service.TourGuideService - trackUserLocationAsync for user : internalUser67
21:40:10.451 [Test worker] INFO tourGuide.service.TourGuideService - trackUserLocationAsync for user : internalUser835
21:40:10.451 [Test worker] INFO tourGuide.service.TourGuideService - trackUserLocationAsync for user : internalUser66
21:40:10.451 [Test worker] INFO tourGuide.service.TourGuideService - trackUserLocationAsync for user : internalUser836
21:40:10.451 [Test worker] INFO tourGuide.service.TourGuideService - trackUserLocationAsync for user : internalUser69
21:40:10.451 [Test worker] INFO tourGuide.service.TourGuideService - trackUserLocationAsync for user : internalUser833
21:40:10.451 [Test worker] INFO tourGuide.service.TourGuideService - trackUserLocationAsync for user : internalUser68
21:40:10.451 [Test worker] INFO tourGuide.service.TourGuideService - trackUserLocationAsync for user : internalUser834
21:40:10.451 [Test worker] INFO tourGuide.service.TourGuideService - trackUserLocationAsync for user : internalUser63
21:40:10.451 [Test worker] INFO tourGuide.service.TourGuideService - trackUserLocationAsync for user : internalUser62
21:40:10.451 [Test worker] INFO tourGuide.service.TourGuideService - trackUserLocationAsync for user : internalUser65
21:40:10.451 [Test worker] INFO tourGuide.service.TourGuideService - trackUserLocationAsync for user : internalUser64
21:40:10.451 [Test worker] INFO tourGuide.service.TourGuideService - trackUserLocationAsync for user : internalUser61
21:40:10.451 [Test worker] INFO tourGuide.service.TourGuideService - trackUserLocationAsync for user : internalUser60
21:40:10.451 [Test worker] INFO tourGuide.service.TourGuideService - trackUserLocationAsync for user : internalUser78
21:40:10.451 [Test worker] INFO tourGuide.service.TourGuideService - trackUserLocationAsync for user : internalUser77
21:40:10.451 [Test worker] INFO tourGuide.service.TourGuideService - trackUserLocationAsync for user : internalUser79
21:40:10.451 [Test worker] INFO tourGuide.service.TourGuideService - trackUserLocationAsync for user : internalUser74
21:40:10.451 [Test worker] INFO tourGuide.service.TourGuideService - trackUserLocationAsync for user : internalUser73
21:40:10.451 [Test worker] INFO tourGuide.service.TourGuideService - trackUserLocationAsync for user : internalUser76
21:40:10.451 [Test worker] INFO tourGuide.service.TourGuideService - trackUserLocationAsync for user : internalUser75
21:40:10.451 [Test worker] INFO tourGuide.service.TourGuideService - trackUserLocationAsync for user : internalUser70
21:40:10.451 [Test worker] INFO tourGuide.service.TourGuideService - trackUserLocationAsync for user : internalUser72
21:40:10.451 [Test worker] INFO tourGuide.service.TourGuideService - trackUserLocationAsync for user : internalUser71
21:40:10.451 [Test worker] INFO tourGuide.service.TourGuideService - trackUserLocationAsync for user : internalUser90
21:40:10.451 [Test worker] INFO tourGuide.service.TourGuideService - trackUserLocationAsync for user : internalUser89
21:40:10.451 [Test worker] INFO tourGuide.service.TourGuideService - trackUserLocationAsync for user : internalUser88
21:40:10.451 [Test worker] INFO tourGuide.service.TourGuideService - trackUserLocationAsync for user : internalUser85
21:40:10.451 [Test worker] INFO tourGuide.service.TourGuideService - trackUserLocationAsync for user : internalUser84
21:40:10.451 [Test worker] INFO tourGuide.service.TourGuideService - trackUserLocationAsync for user : internalUser87
21:40:10.451 [Test worker] INFO tourGuide.service.TourGuideService - trackUserLocationAsync for user : internalUser86
21:40:10.451 [Test worker] INFO tourGuide.service.TourGuideService - trackUserLocationAsync for user : internalUser81
21:40:10.451 [Test worker] INFO tourGuide.service.TourGuideService - trackUserLocationAsync for user : internalUser80
21:40:10.451 [Test worker] INFO tourGuide.service.TourGuideService - trackUserLocationAsync for user : internalUser83
21:40:10.451 [Test worker] INFO tourGuide.service.TourGuideService - trackUserLocationAsync for user : internalUser82
21:40:10.451 [Test worker] INFO tourGuide.service.TourGuideService - trackUserLocationAsync for user : internalUser99
21:40:10.451 [Test worker] INFO tourGuide.service.TourGuideService - trackUserLocationAsync for user : internalUser96
21:40:10.451 [Test worker] INFO tourGuide.service.TourGuideService - trackUserLocationAsync for user : internalUser95
21:40:10.451 [Test worker] INFO tourGuide.service.TourGuideService - trackUserLocationAsync for user : internalUser98
21:40:10.451 [Test worker] INFO tourGuide.service.TourGuideService - trackUserLocationAsync for user : internalUser97
21:40:10.451 [Test worker] INFO tourGuide.service.TourGuideService - trackUserLocationAsync for user : internalUser92
21:40:10.451 [Test worker] INFO tourGuide.service.TourGuideService - trackUserLocationAsync for user : internalUser91
21:40:10.451 [Test worker] INFO tourGuide.service.TourGuideService - trackUserLocationAsync for user : internalUser94
21:40:10.451 [Test worker] INFO tourGuide.service.TourGuideService - trackUserLocationAsync for user : internalUser93
21:40:10.451 [Test worker] INFO tourGuide.service.TourGuideService - trackUserLocationAsync for user : internalUser284
21:40:10.451 [Test worker] INFO tourGuide.service.TourGuideService - trackUserLocationAsync for user : internalUser285
21:40:10.451 [Test worker] INFO tourGuide.service.TourGuideService - trackUserLocationAsync for user : internalUser282
21:40:10.451 [Test worker] INFO tourGuide.service.TourGuideService - trackUserLocationAsync for user : internalUser283
21:40:10.451 [Test worker] INFO tourGuide.service.TourGuideService - trackUserLocationAsync for user : internalUser280
21:40:10.451 [Test worker] INFO tourGuide.service.TourGuideService - trackUserLocationAsync for user : internalUser281
21:40:10.451 [Test worker] INFO tourGuide.service.TourGuideService - trackUserLocationAsync for user : internalUser288
21:40:10.451 [Test worker] INFO tourGuide.service.TourGuideService - trackUserLocationAsync for user : internalUser289
21:40:10.451 [Test worker] INFO tourGuide.service.TourGuideService - trackUserLocationAsync for user : internalUser286
21:40:10.451 [Test worker] INFO tourGuide.service.TourGuideService - trackUserLocationAsync for user : internalUser287
21:40:10.451 [Test worker] INFO tourGuide.service.TourGuideService - trackUserLocationAsync for user : internalUser295
21:40:10.451 [Test worker] INFO tourGuide.service.TourGuideService - trackUserLocationAsync for user : internalUser296
21:40:10.451 [Test worker] INFO tourGuide.service.TourGuideService - trackUserLocationAsync for user : internalUser293
21:40:10.451 [Test worker] INFO tourGuide.service.TourGuideService - trackUserLocationAsync for user : internalUser294
21:40:10.451 [Test worker] INFO tourGuide.service.TourGuideService - trackUserLocationAsync for user : internalUser291
21:40:10.451 [Test worker] INFO tourGuide.service.TourGuideService - trackUserLocationAsync for user : internalUser292
21:40:10.451 [Test worker] INFO tourGuide.service.TourGuideService - trackUserLocationAsync for user : internalUser290
21:40:10.451 [Test worker] INFO tourGuide.service.TourGuideService - trackUserLocationAsync for user : internalUser299
21:40:10.451 [Test worker] INFO tourGuide.service.TourGuideService - trackUserLocationAsync for user : internalUser297
21:40:10.451 [Test worker] INFO tourGuide.service.TourGuideService - trackUserLocationAsync for user : internalUser298
21:40:10.451 [Test worker] INFO tourGuide.service.TourGuideService - trackUserLocationAsync for user : internalUser240
21:40:10.451 [Test worker] INFO tourGuide.service.TourGuideService - trackUserLocationAsync for user : internalUser482
21:40:10.451 [Test worker] INFO tourGuide.service.TourGuideService - trackUserLocationAsync for user : internalUser241
21:40:10.451 [Test worker] INFO tourGuide.service.TourGuideService - trackUserLocationAsync for user : internalUser483
21:40:10.451 [Test worker] INFO tourGuide.service.TourGuideService - trackUserLocationAsync for user : internalUser480
21:40:10.451 [Test worker] INFO tourGuide.service.TourGuideService - trackUserLocationAsync for user : internalUser481
21:40:10.451 [Test worker] INFO tourGuide.service.TourGuideService - trackUserLocationAsync for user : internalUser248
21:40:10.451 [Test worker] INFO tourGuide.service.TourGuideService - trackUserLocationAsync for user : internalUser249
21:40:10.451 [Test worker] INFO tourGuide.service.TourGuideService - trackUserLocationAsync for user : internalUser246
21:40:10.451 [Test worker] INFO tourGuide.service.TourGuideService - trackUserLocationAsync for user : internalUser488
21:40:10.451 [Test worker] INFO tourGuide.service.TourGuideService - trackUserLocationAsync for user : internalUser247
21:40:10.451 [Test worker] INFO tourGuide.service.TourGuideService - trackUserLocationAsync for user : internalUser489
21:40:10.451 [Test worker] INFO tourGuide.service.TourGuideService - trackUserLocationAsync for user : internalUser244
21:40:10.451 [Test worker] INFO tourGuide.service.TourGuideService - trackUserLocationAsync for user : internalUser486
21:40:10.451 [Test worker] INFO tourGuide.service.TourGuideService - trackUserLocationAsync for user : internalUser245
21:40:10.451 [Test worker] INFO tourGuide.service.TourGuideService - trackUserLocationAsync for user : internalUser487
21:40:10.451 [Test worker] INFO tourGuide.service.TourGuideService - trackUserLocationAsync for user : internalUser242
21:40:10.451 [Test worker] INFO tourGuide.service.TourGuideService - trackUserLocationAsync for user : internalUser484
21:40:10.451 [Test worker] INFO tourGuide.service.TourGuideService - trackUserLocationAsync for user : internalUser243
21:40:10.451 [Test worker] INFO tourGuide.service.TourGuideService - trackUserLocationAsync for user : internalUser485
21:40:10.451 [Test worker] INFO tourGuide.service.TourGuideService - trackUserLocationAsync for user : internalUser251
21:40:10.451 [Test worker] INFO tourGuide.service.TourGuideService - trackUserLocationAsync for user : internalUser493
21:40:10.451 [Test worker] INFO tourGuide.service.TourGuideService - trackUserLocationAsync for user : internalUser252
21:40:10.451 [Test worker] INFO tourGuide.service.TourGuideService - trackUserLocationAsync for user : internalUser494
21:40:10.451 [Test worker] INFO tourGuide.service.TourGuideService - trackUserLocationAsync for user : internalUser491
21:40:10.451 [Test worker] INFO tourGuide.service.TourGuideService - trackUserLocationAsync for user : internalUser250
21:40:10.451 [Test worker] INFO tourGuide.service.TourGuideService - trackUserLocationAsync for user : internalUser492
21:40:10.451 [Test worker] INFO tourGuide.service.TourGuideService - trackUserLocationAsync for user : internalUser490
21:40:10.452 [Test worker] INFO tourGuide.service.TourGuideService - trackUserLocationAsync for user : internalUser259
21:40:10.452 [Test worker] INFO tourGuide.service.TourGuideService - trackUserLocationAsync for user : internalUser257
21:40:10.452 [Test worker] INFO tourGuide.service.TourGuideService - trackUserLocationAsync for user : internalUser499
21:40:10.452 [Test worker] INFO tourGuide.service.TourGuideService - trackUserLocationAsync for user : internalUser258
21:40:10.452 [Test worker] INFO tourGuide.service.TourGuideService - trackUserLocationAsync for user : internalUser255
21:40:10.452 [Test worker] INFO tourGuide.service.TourGuideService - trackUserLocationAsync for user : internalUser497
21:40:10.452 [Test worker] INFO tourGuide.service.TourGuideService - trackUserLocationAsync for user : internalUser256
21:40:10.452 [Test worker] INFO tourGuide.service.TourGuideService - trackUserLocationAsync for user : internalUser498
21:40:10.452 [Test worker] INFO tourGuide.service.TourGuideService - trackUserLocationAsync for user : internalUser253
21:40:10.452 [Test worker] INFO tourGuide.service.TourGuideService - trackUserLocationAsync for user : internalUser495
21:40:10.452 [Test worker] INFO tourGuide.service.TourGuideService - trackUserLocationAsync for user : internalUser254
21:40:10.452 [Test worker] INFO tourGuide.service.TourGuideService - trackUserLocationAsync for user : internalUser496
21:40:10.452 [Test worker] INFO tourGuide.service.TourGuideService - trackUserLocationAsync for user : internalUser262
21:40:10.452 [Test worker] INFO tourGuide.service.TourGuideService - trackUserLocationAsync for user : internalUser263
21:40:10.452 [Test worker] INFO tourGuide.service.TourGuideService - trackUserLocationAsync for user : internalUser260
21:40:10.452 [Test worker] INFO tourGuide.service.TourGuideService - trackUserLocationAsync for user : internalUser261
21:40:10.452 [Test worker] INFO tourGuide.service.TourGuideService - trackUserLocationAsync for user : internalUser268
21:40:10.452 [Test worker] INFO tourGuide.service.TourGuideService - trackUserLocationAsync for user : internalUser269
21:40:10.452 [Test worker] INFO tourGuide.service.TourGuideService - trackUserLocationAsync for user : internalUser266
21:40:10.452 [Test worker] INFO tourGuide.service.TourGuideService - trackUserLocationAsync for user : internalUser267
21:40:10.452 [Test worker] INFO tourGuide.service.TourGuideService - trackUserLocationAsync for user : internalUser264
21:40:10.452 [Test worker] INFO tourGuide.service.TourGuideService - trackUserLocationAsync for user : internalUser265
21:40:10.452 [Test worker] INFO tourGuide.service.TourGuideService - trackUserLocationAsync for user : internalUser273
21:40:10.452 [Test worker] INFO tourGuide.service.TourGuideService - trackUserLocationAsync for user : internalUser274
21:40:10.452 [Test worker] INFO tourGuide.service.TourGuideService - trackUserLocationAsync for user : internalUser271
21:40:10.452 [Test worker] INFO tourGuide.service.TourGuideService - trackUserLocationAsync for user : internalUser272
21:40:10.452 [Test worker] INFO tourGuide.service.TourGuideService - trackUserLocationAsync for user : internalUser270
21:40:10.452 [Test worker] INFO tourGuide.service.TourGuideService - trackUserLocationAsync for user : internalUser279
21:40:10.452 [Test worker] INFO tourGuide.service.TourGuideService - trackUserLocationAsync for user : internalUser277
21:40:10.452 [Test worker] INFO tourGuide.service.TourGuideService - trackUserLocationAsync for user : internalUser278
21:40:10.452 [Test worker] INFO tourGuide.service.TourGuideService - trackUserLocationAsync for user : internalUser275
21:40:10.452 [Test worker] INFO tourGuide.service.TourGuideService - trackUserLocationAsync for user : internalUser276
21:40:10.452 [Test worker] INFO tourGuide.service.TourGuideService - trackUserLocationAsync for user : internalUser680
21:40:10.452 [Test worker] INFO tourGuide.service.TourGuideService - trackUserLocationAsync for user : internalUser681
21:40:10.452 [Test worker] INFO tourGuide.service.TourGuideService - trackUserLocationAsync for user : internalUser204
21:40:10.452 [Test worker] INFO tourGuide.service.TourGuideService - trackUserLocationAsync for user : internalUser446
21:40:10.452 [Test worker] INFO tourGuide.service.TourGuideService - trackUserLocationAsync for user : internalUser688
21:40:10.452 [Test worker] INFO tourGuide.service.TourGuideService - trackUserLocationAsync for user : internalUser205
21:40:10.452 [Test worker] INFO tourGuide.service.TourGuideService - trackUserLocationAsync for user : internalUser447
21:40:10.452 [Test worker] INFO tourGuide.service.TourGuideService - trackUserLocationAsync for user : internalUser689
21:40:10.452 [Test worker] INFO tourGuide.service.TourGuideService - trackUserLocationAsync for user : internalUser202
21:40:10.452 [Test worker] INFO tourGuide.service.TourGuideService - trackUserLocationAsync for user : internalUser444
21:40:10.452 [Test worker] INFO tourGuide.service.TourGuideService - trackUserLocationAsync for user : internalUser686
21:40:10.452 [Test worker] INFO tourGuide.service.TourGuideService - trackUserLocationAsync for user : internalUser203
21:40:10.452 [Test worker] INFO tourGuide.service.TourGuideService - trackUserLocationAsync for user : internalUser445
21:40:10.452 [Test worker] INFO tourGuide.service.TourGuideService - trackUserLocationAsync for user : internalUser687
21:40:10.452 [Test worker] INFO tourGuide.service.TourGuideService - trackUserLocationAsync for user : internalUser200
21:40:10.452 [Test worker] INFO tourGuide.service.TourGuideService - trackUserLocationAsync for user : internalUser442
21:40:10.452 [Test worker] INFO tourGuide.service.TourGuideService - trackUserLocationAsync for user : internalUser684
21:40:10.452 [Test worker] INFO tourGuide.service.TourGuideService - trackUserLocationAsync for user : internalUser201
21:40:10.452 [Test worker] INFO tourGuide.service.TourGuideService - trackUserLocationAsync for user : internalUser443
21:40:10.452 [Test worker] INFO tourGuide.service.TourGuideService - trackUserLocationAsync for user : internalUser685
21:40:10.452 [Test worker] INFO tourGuide.service.TourGuideService - trackUserLocationAsync for user : internalUser440
21:40:10.452 [Test worker] INFO tourGuide.service.TourGuideService - trackUserLocationAsync for user : internalUser682
21:40:10.452 [Test worker] INFO tourGuide.service.TourGuideService - trackUserLocationAsync for user : internalUser441
21:40:10.452 [Test worker] INFO tourGuide.service.TourGuideService - trackUserLocationAsync for user : internalUser683
21:40:10.452 [Test worker] INFO tourGuide.service.TourGuideService - trackUserLocationAsync for user : internalUser208
21:40:10.452 [Test worker] INFO tourGuide.service.TourGuideService - trackUserLocationAsync for user : internalUser209
21:40:10.452 [Test worker] INFO tourGuide.service.TourGuideService - trackUserLocationAsync for user : internalUser206
21:40:10.452 [Test worker] INFO tourGuide.service.TourGuideService - trackUserLocationAsync for user : internalUser448
21:40:10.452 [Test worker] INFO tourGuide.service.TourGuideService - trackUserLocationAsync for user : internalUser207
21:40:10.452 [Test worker] INFO tourGuide.service.TourGuideService - trackUserLocationAsync for user : internalUser449
21:40:10.452 [Test worker] INFO tourGuide.service.TourGuideService - trackUserLocationAsync for user : internalUser691
21:40:10.452 [Test worker] INFO tourGuide.service.TourGuideService - trackUserLocationAsync for user : internalUser450
21:40:10.452 [Test worker] INFO tourGuide.service.TourGuideService - trackUserLocationAsync for user : internalUser692
21:40:10.452 [Test worker] INFO tourGuide.service.TourGuideService - trackUserLocationAsync for user : internalUser690
21:40:10.452 [Test worker] INFO tourGuide.service.TourGuideService - trackUserLocationAsync for user : internalUser215
21:40:10.452 [Test worker] INFO tourGuide.service.TourGuideService - trackUserLocationAsync for user : internalUser457
21:40:10.452 [Test worker] INFO tourGuide.service.TourGuideService - trackUserLocationAsync for user : internalUser699
21:40:10.452 [Test worker] INFO tourGuide.service.TourGuideService - trackUserLocationAsync for user : internalUser216
21:40:10.452 [Test worker] INFO tourGuide.service.TourGuideService - trackUserLocationAsync for user : internalUser458
21:40:10.452 [Test worker] INFO tourGuide.service.TourGuideService - trackUserLocationAsync for user : internalUser213
21:40:10.452 [Test worker] INFO tourGuide.service.TourGuideService - trackUserLocationAsync for user : internalUser455
21:40:10.452 [Test worker] INFO tourGuide.service.TourGuideService - trackUserLocationAsync for user : internalUser697
21:40:10.452 [Test worker] INFO tourGuide.service.TourGuideService - trackUserLocationAsync for user : internalUser214
21:40:10.452 [Test worker] INFO tourGuide.service.TourGuideService - trackUserLocationAsync for user : internalUser456
21:40:10.452 [Test worker] INFO tourGuide.service.TourGuideService - trackUserLocationAsync for user : internalUser698
21:40:10.452 [Test worker] INFO tourGuide.service.TourGuideService - trackUserLocationAsync for user : internalUser211
21:40:10.452 [Test worker] INFO tourGuide.service.TourGuideService - trackUserLocationAsync for user : internalUser453
21:40:10.452 [Test worker] INFO tourGuide.service.TourGuideService - trackUserLocationAsync for user : internalUser695
21:40:10.452 [Test worker] INFO tourGuide.service.TourGuideService - trackUserLocationAsync for user : internalUser212
21:40:10.452 [Test worker] INFO tourGuide.service.TourGuideService - trackUserLocationAsync for user : internalUser454
21:40:10.452 [Test worker] INFO tourGuide.service.TourGuideService - trackUserLocationAsync for user : internalUser696
21:40:10.452 [Test worker] INFO tourGuide.service.TourGuideService - trackUserLocationAsync for user : internalUser451
21:40:10.452 [Test worker] INFO tourGuide.service.TourGuideService - trackUserLocationAsync for user : internalUser693
21:40:10.452 [Test worker] INFO tourGuide.service.TourGuideService - trackUserLocationAsync for user : internalUser210
21:40:10.452 [Test worker] INFO tourGuide.service.TourGuideService - trackUserLocationAsync for user : internalUser452
21:40:10.452 [Test worker] INFO tourGuide.service.TourGuideService - trackUserLocationAsync for user : internalUser694
21:40:10.452 [Test worker] INFO tourGuide.service.TourGuideService - trackUserLocationAsync for user : internalUser219
21:40:10.452 [Test worker] INFO tourGuide.service.TourGuideService - trackUserLocationAsync for user : internalUser217
21:40:10.452 [Test worker] INFO tourGuide.service.TourGuideService - trackUserLocationAsync for user : internalUser459
21:40:10.452 [Test worker] INFO tourGuide.service.TourGuideService - trackUserLocationAsync for user : internalUser218
21:40:10.452 [Test worker] INFO tourGuide.service.TourGuideService - trackUserLocationAsync for user : internalUser460
21:40:10.452 [Test worker] INFO tourGuide.service.TourGuideService - trackUserLocationAsync for user : internalUser461
21:40:10.452 [Test worker] INFO tourGuide.service.TourGuideService - trackUserLocationAsync for user : internalUser226
21:40:10.452 [Test worker] INFO tourGuide.service.TourGuideService - trackUserLocationAsync for user : internalUser468
21:40:10.452 [Test worker] INFO tourGuide.service.TourGuideService - trackUserLocationAsync for user : internalUser227
21:40:10.452 [Test worker] INFO tourGuide.service.TourGuideService - trackUserLocationAsync for user : internalUser469
21:40:10.452 [Test worker] INFO tourGuide.service.TourGuideService - trackUserLocationAsync for user : internalUser224
21:40:10.452 [Test worker] INFO tourGuide.service.TourGuideService - trackUserLocationAsync for user : internalUser466
21:40:10.452 [Test worker] INFO tourGuide.service.TourGuideService - trackUserLocationAsync for user : internalUser225
21:40:10.452 [Test worker] INFO tourGuide.service.TourGuideService - trackUserLocationAsync for user : internalUser467
21:40:10.452 [Test worker] INFO tourGuide.service.TourGuideService - trackUserLocationAsync for user : internalUser222
21:40:10.452 [Test worker] INFO tourGuide.service.TourGuideService - trackUserLocationAsync for user : internalUser464
21:40:10.452 [Test worker] INFO tourGuide.service.TourGuideService - trackUserLocationAsync for user : internalUser223
21:40:10.452 [Test worker] INFO tourGuide.service.TourGuideService - trackUserLocationAsync for user : internalUser465
21:40:10.452 [Test worker] INFO tourGuide.service.TourGuideService - trackUserLocationAsync for user : internalUser220
21:40:10.452 [Test worker] INFO tourGuide.service.TourGuideService - trackUserLocationAsync for user : internalUser462
21:40:10.452 [Test worker] INFO tourGuide.service.TourGuideService - trackUserLocationAsync for user : internalUser221
21:40:10.452 [Test worker] INFO tourGuide.service.TourGuideService - trackUserLocationAsync for user : internalUser463
21:40:10.452 [Test worker] INFO tourGuide.service.TourGuideService - trackUserLocationAsync for user : internalUser228
21:40:10.452 [Test worker] INFO tourGuide.service.TourGuideService - trackUserLocationAsync for user : internalUser229
21:40:10.452 [Test worker] INFO tourGuide.service.TourGuideService - trackUserLocationAsync for user : internalUser471
21:40:10.452 [Test worker] INFO tourGuide.service.TourGuideService - trackUserLocationAsync for user : internalUser230
21:40:10.452 [Test worker] INFO tourGuide.service.TourGuideService - trackUserLocationAsync for user : internalUser472
21:40:10.452 [Test worker] INFO tourGuide.service.TourGuideService - trackUserLocationAsync for user : internalUser470
21:40:10.452 [Test worker] INFO tourGuide.service.TourGuideService - trackUserLocationAsync for user : internalUser237
21:40:10.453 [Test worker] INFO tourGuide.service.TourGuideService - trackUserLocationAsync for user : internalUser479
21:40:10.453 [Test worker] INFO tourGuide.service.TourGuideService - trackUserLocationAsync for user : internalUser238
21:40:10.453 [Test worker] INFO tourGuide.service.TourGuideService - trackUserLocationAsync for user : internalUser235
21:40:10.453 [Test worker] INFO tourGuide.service.TourGuideService - trackUserLocationAsync for user : internalUser477
21:40:10.453 [Test worker] INFO tourGuide.service.TourGuideService - trackUserLocationAsync for user : internalUser236
21:40:10.453 [Test worker] INFO tourGuide.service.TourGuideService - trackUserLocationAsync for user : internalUser478
21:40:10.453 [Test worker] INFO tourGuide.service.TourGuideService - trackUserLocationAsync for user : internalUser233
21:40:10.453 [Test worker] INFO tourGuide.service.TourGuideService - trackUserLocationAsync for user : internalUser475
21:40:10.453 [Test worker] INFO tourGuide.service.TourGuideService - trackUserLocationAsync for user : internalUser234
21:40:10.453 [Test worker] INFO tourGuide.service.TourGuideService - trackUserLocationAsync for user : internalUser476
21:40:10.453 [Test worker] INFO tourGuide.service.TourGuideService - trackUserLocationAsync for user : internalUser231
21:40:10.453 [Test worker] INFO tourGuide.service.TourGuideService - trackUserLocationAsync for user : internalUser473
21:40:10.453 [Test worker] INFO tourGuide.service.TourGuideService - trackUserLocationAsync for user : internalUser232
21:40:10.453 [Test worker] INFO tourGuide.service.TourGuideService - trackUserLocationAsync for user : internalUser474
21:40:10.453 [Test worker] INFO tourGuide.service.TourGuideService - trackUserLocationAsync for user : internalUser239
21:40:10.453 [Test worker] INFO tourGuide.service.TourGuideService - trackUserLocationAsync for user : internalUser402
21:40:10.453 [Test worker] INFO tourGuide.service.TourGuideService - trackUserLocationAsync for user : internalUser644
21:40:10.453 [Test worker] INFO tourGuide.service.TourGuideService - trackUserLocationAsync for user : internalUser886
21:40:10.453 [Test worker] INFO tourGuide.service.TourGuideService - trackUserLocationAsync for user : internalUser403
21:40:10.453 [Test worker] INFO tourGuide.service.TourGuideService - trackUserLocationAsync for user : internalUser645
21:40:10.453 [Test worker] INFO tourGuide.service.TourGuideService - trackUserLocationAsync for user : internalUser887
21:40:10.453 [Test worker] INFO tourGuide.service.TourGuideService - trackUserLocationAsync for user : internalUser400
21:40:10.453 [Test worker] INFO tourGuide.service.TourGuideService - trackUserLocationAsync for user : internalUser642
21:40:10.453 [Test worker] INFO tourGuide.service.TourGuideService - trackUserLocationAsync for user : internalUser884
21:40:10.453 [Test worker] INFO tourGuide.service.TourGuideService - trackUserLocationAsync for user : internalUser401
21:40:10.453 [Test worker] INFO tourGuide.service.TourGuideService - trackUserLocationAsync for user : internalUser643
21:40:10.453 [Test worker] INFO tourGuide.service.TourGuideService - trackUserLocationAsync for user : internalUser885
21:40:10.453 [Test worker] INFO tourGuide.service.TourGuideService - trackUserLocationAsync for user : internalUser640
21:40:10.453 [Test worker] INFO tourGuide.service.TourGuideService - trackUserLocationAsync for user : internalUser882
21:40:10.453 [Test worker] INFO tourGuide.service.TourGuideService - trackUserLocationAsync for user : internalUser641
21:40:10.453 [Test worker] INFO tourGuide.service.TourGuideService - trackUserLocationAsync for user : internalUser883
21:40:10.453 [Test worker] INFO tourGuide.service.TourGuideService - trackUserLocationAsync for user : internalUser880
21:40:10.453 [Test worker] INFO tourGuide.service.TourGuideService - trackUserLocationAsync for user : internalUser881
21:40:10.453 [Test worker] INFO tourGuide.service.TourGuideService - trackUserLocationAsync for user : internalUser408
21:40:10.453 [Test worker] INFO tourGuide.service.TourGuideService - trackUserLocationAsync for user : internalUser409
21:40:10.453 [Test worker] INFO tourGuide.service.TourGuideService - trackUserLocationAsync for user : internalUser406
21:40:10.453 [Test worker] INFO tourGuide.service.TourGuideService - trackUserLocationAsync for user : internalUser648
21:40:10.453 [Test worker] INFO tourGuide.service.TourGuideService - trackUserLocationAsync for user : internalUser407
21:40:10.453 [Test worker] INFO tourGuide.service.TourGuideService - trackUserLocationAsync for user : internalUser649
21:40:10.453 [Test worker] INFO tourGuide.service.TourGuideService - trackUserLocationAsync for user : internalUser404
21:40:10.453 [Test worker] INFO tourGuide.service.TourGuideService - trackUserLocationAsync for user : internalUser646
21:40:10.453 [Test worker] INFO tourGuide.service.TourGuideService - trackUserLocationAsync for user : internalUser888
21:40:10.453 [Test worker] INFO tourGuide.service.TourGuideService - trackUserLocationAsync for user : internalUser405
21:40:10.453 [Test worker] INFO tourGuide.service.TourGuideService - trackUserLocationAsync for user : internalUser647
21:40:10.453 [Test worker] INFO tourGuide.service.TourGuideService - trackUserLocationAsync for user : internalUser889
21:40:10.453 [Test worker] INFO tourGuide.service.TourGuideService - trackUserLocationAsync for user : internalUser890
21:40:10.453 [Test worker] INFO tourGuide.service.TourGuideService - trackUserLocationAsync for user : internalUser413
21:40:10.453 [Test worker] INFO tourGuide.service.TourGuideService - trackUserLocationAsync for user : internalUser655
21:40:10.453 [Test worker] INFO tourGuide.service.TourGuideService - trackUserLocationAsync for user : internalUser897
21:40:10.453 [Test worker] INFO tourGuide.service.TourGuideService - trackUserLocationAsync for user : internalUser414
21:40:10.453 [Test worker] INFO tourGuide.service.TourGuideService - trackUserLocationAsync for user : internalUser656
21:40:10.453 [Test worker] INFO tourGuide.service.TourGuideService - trackUserLocationAsync for user : internalUser898
21:40:10.453 [Test worker] INFO tourGuide.service.TourGuideService - trackUserLocationAsync for user : internalUser411
21:40:10.453 [Test worker] INFO tourGuide.service.TourGuideService - trackUserLocationAsync for user : internalUser653
21:40:10.453 [Test worker] INFO tourGuide.service.TourGuideService - trackUserLocationAsync for user : internalUser895
21:40:10.453 [Test worker] INFO tourGuide.service.TourGuideService - trackUserLocationAsync for user : internalUser412
21:40:10.453 [Test worker] INFO tourGuide.service.TourGuideService - trackUserLocationAsync for user : internalUser654
21:40:10.453 [Test worker] INFO tourGuide.service.TourGuideService - trackUserLocationAsync for user : internalUser896
21:40:10.453 [Test worker] INFO tourGuide.service.TourGuideService - trackUserLocationAsync for user : internalUser651
21:40:10.453 [Test worker] INFO tourGuide.service.TourGuideService - trackUserLocationAsync for user : internalUser893
21:40:10.453 [Test worker] INFO tourGuide.service.TourGuideService - trackUserLocationAsync for user : internalUser410
21:40:10.453 [Test worker] INFO tourGuide.service.TourGuideService - trackUserLocationAsync for user : internalUser652
21:40:10.453 [Test worker] INFO tourGuide.service.TourGuideService - trackUserLocationAsync for user : internalUser894
21:40:10.453 [Test worker] INFO tourGuide.service.TourGuideService - trackUserLocationAsync for user : internalUser891
21:40:10.453 [Test worker] INFO tourGuide.service.TourGuideService - trackUserLocationAsync for user : internalUser650
21:40:10.453 [Test worker] INFO tourGuide.service.TourGuideService - trackUserLocationAsync for user : internalUser892
21:40:10.453 [Test worker] INFO tourGuide.service.TourGuideService - trackUserLocationAsync for user : internalUser419
21:40:10.453 [Test worker] INFO tourGuide.service.TourGuideService - trackUserLocationAsync for user : internalUser417
21:40:10.453 [Test worker] INFO tourGuide.service.TourGuideService - trackUserLocationAsync for user : internalUser659
21:40:10.453 [Test worker] INFO tourGuide.service.TourGuideService - trackUserLocationAsync for user : internalUser418
21:40:10.453 [Test worker] INFO tourGuide.service.TourGuideService - trackUserLocationAsync for user : internalUser415
21:40:10.453 [Test worker] INFO tourGuide.service.TourGuideService - trackUserLocationAsync for user : internalUser657
21:40:10.453 [Test worker] INFO tourGuide.service.TourGuideService - trackUserLocationAsync for user : internalUser899
21:40:10.453 [Test worker] INFO tourGuide.service.TourGuideService - trackUserLocationAsync for user : internalUser416
21:40:10.453 [Test worker] INFO tourGuide.service.TourGuideService - trackUserLocationAsync for user : internalUser658
21:40:10.453 [Test worker] INFO tourGuide.service.TourGuideService - trackUserLocationAsync for user : internalUser424
21:40:10.453 [Test worker] INFO tourGuide.service.TourGuideService - trackUserLocationAsync for user : internalUser666
21:40:10.453 [Test worker] INFO tourGuide.service.TourGuideService - trackUserLocationAsync for user : internalUser425
21:40:10.453 [Test worker] INFO tourGuide.service.TourGuideService - trackUserLocationAsync for user : internalUser667
21:40:10.453 [Test worker] INFO tourGuide.service.TourGuideService - trackUserLocationAsync for user : internalUser422
21:40:10.453 [Test worker] INFO tourGuide.service.TourGuideService - trackUserLocationAsync for user : internalUser664
21:40:10.453 [Test worker] INFO tourGuide.service.TourGuideService - trackUserLocationAsync for user : internalUser423
21:40:10.453 [Test worker] INFO tourGuide.service.TourGuideService - trackUserLocationAsync for user : internalUser665
21:40:10.453 [Test worker] INFO tourGuide.service.TourGuideService - trackUserLocationAsync for user : internalUser420
21:40:10.453 [Test worker] INFO tourGuide.service.TourGuideService - trackUserLocationAsync for user : internalUser662
21:40:10.453 [Test worker] INFO tourGuide.service.TourGuideService - trackUserLocationAsync for user : internalUser421
21:40:10.453 [Test worker] INFO tourGuide.service.TourGuideService - trackUserLocationAsync for user : internalUser663
21:40:10.453 [Test worker] INFO tourGuide.service.TourGuideService - trackUserLocationAsync for user : internalUser660
21:40:10.453 [Test worker] INFO tourGuide.service.TourGuideService - trackUserLocationAsync for user : internalUser661
21:40:10.453 [Test worker] INFO tourGuide.service.TourGuideService - trackUserLocationAsync for user : internalUser428
21:40:10.453 [Test worker] INFO tourGuide.service.TourGuideService - trackUserLocationAsync for user : internalUser429
21:40:10.453 [Test worker] INFO tourGuide.service.TourGuideService - trackUserLocationAsync for user : internalUser426
21:40:10.453 [Test worker] INFO tourGuide.service.TourGuideService - trackUserLocationAsync for user : internalUser668
21:40:10.453 [Test worker] INFO tourGuide.service.TourGuideService - trackUserLocationAsync for user : internalUser427
21:40:10.453 [Test worker] INFO tourGuide.service.TourGuideService - trackUserLocationAsync for user : internalUser669
21:40:10.453 [Test worker] INFO tourGuide.service.TourGuideService - trackUserLocationAsync for user : internalUser670
21:40:10.453 [Test worker] INFO tourGuide.service.TourGuideService - trackUserLocationAsync for user : internalUser435
21:40:10.453 [Test worker] INFO tourGuide.service.TourGuideService - trackUserLocationAsync for user : internalUser677
21:40:10.453 [Test worker] INFO tourGuide.service.TourGuideService - trackUserLocationAsync for user : internalUser436
21:40:10.453 [Test worker] INFO tourGuide.service.TourGuideService - trackUserLocationAsync for user : internalUser678
21:40:10.453 [Test worker] INFO tourGuide.service.TourGuideService - trackUserLocationAsync for user : internalUser433
21:40:10.453 [Test worker] INFO tourGuide.service.TourGuideService - trackUserLocationAsync for user : internalUser675
21:40:10.453 [Test worker] INFO tourGuide.service.TourGuideService - trackUserLocationAsync for user : internalUser434
21:40:10.453 [Test worker] INFO tourGuide.service.TourGuideService - trackUserLocationAsync for user : internalUser676
21:40:10.453 [Test worker] INFO tourGuide.service.TourGuideService - trackUserLocationAsync for user : internalUser431
21:40:10.453 [Test worker] INFO tourGuide.service.TourGuideService - trackUserLocationAsync for user : internalUser673
21:40:10.453 [Test worker] INFO tourGuide.service.TourGuideService - trackUserLocationAsync for user : internalUser432
21:40:10.453 [Test worker] INFO tourGuide.service.TourGuideService - trackUserLocationAsync for user : internalUser674
21:40:10.453 [Test worker] INFO tourGuide.service.TourGuideService - trackUserLocationAsync for user : internalUser671
21:40:10.453 [Test worker] INFO tourGuide.service.TourGuideService - trackUserLocationAsync for user : internalUser430
21:40:10.453 [Test worker] INFO tourGuide.service.TourGuideService - trackUserLocationAsync for user : internalUser672
21:40:10.453 [Test worker] INFO tourGuide.service.TourGuideService - trackUserLocationAsync for user : internalUser439
21:40:10.453 [Test worker] INFO tourGuide.service.TourGuideService - trackUserLocationAsync for user : internalUser437
21:40:10.453 [Test worker] INFO tourGuide.service.TourGuideService - trackUserLocationAsync for user : internalUser679
21:40:10.453 [Test worker] INFO tourGuide.service.TourGuideService - trackUserLocationAsync for user : internalUser438
21:40:10.453 [Test worker] INFO tourGuide.service.TourGuideService - trackUserLocationAsync for user : internalUser721
21:40:10.453 [Test worker] INFO tourGuide.service.TourGuideService - trackUserLocationAsync for user : internalUser963
21:40:10.454 [Test worker] INFO tourGuide.service.TourGuideService - trackUserLocationAsync for user : internalUser722
21:40:10.454 [Test worker] INFO tourGuide.service.TourGuideService - trackUserLocationAsync for user : internalUser964
21:40:10.454 [Test worker] INFO tourGuide.service.TourGuideService - trackUserLocationAsync for user : internalUser961
21:40:10.454 [Test worker] INFO tourGuide.service.TourGuideService - trackUserLocationAsync for user : internalUser720
21:40:10.454 [Test worker] INFO tourGuide.service.TourGuideService - trackUserLocationAsync for user : internalUser962
21:40:10.454 [Test worker] INFO tourGuide.service.TourGuideService - trackUserLocationAsync for user : internalUser960
21:40:10.454 [Test worker] INFO tourGuide.service.TourGuideService - trackUserLocationAsync for user : internalUser729
21:40:10.454 [Test worker] INFO tourGuide.service.TourGuideService - trackUserLocationAsync for user : internalUser727
21:40:10.454 [Test worker] INFO tourGuide.service.TourGuideService - trackUserLocationAsync for user : internalUser969
21:40:10.454 [Test worker] INFO tourGuide.service.TourGuideService - trackUserLocationAsync for user : internalUser728
21:40:10.454 [Test worker] INFO tourGuide.service.TourGuideService - trackUserLocationAsync for user : internalUser725
21:40:10.454 [Test worker] INFO tourGuide.service.TourGuideService - trackUserLocationAsync for user : internalUser967
21:40:10.454 [Test worker] INFO tourGuide.service.TourGuideService - trackUserLocationAsync for user : internalUser726
21:40:10.454 [Test worker] INFO tourGuide.service.TourGuideService - trackUserLocationAsync for user : internalUser968
21:40:10.454 [Test worker] INFO tourGuide.service.TourGuideService - trackUserLocationAsync for user : internalUser723
21:40:10.454 [Test worker] INFO tourGuide.service.TourGuideService - trackUserLocationAsync for user : internalUser965
21:40:10.454 [Test worker] INFO tourGuide.service.TourGuideService - trackUserLocationAsync for user : internalUser724
21:40:10.454 [Test worker] INFO tourGuide.service.TourGuideService - trackUserLocationAsync for user : internalUser966
21:40:10.454 [Test worker] INFO tourGuide.service.TourGuideService - trackUserLocationAsync for user : internalUser732
21:40:10.454 [Test worker] INFO tourGuide.service.TourGuideService - trackUserLocationAsync for user : internalUser974
21:40:10.454 [Test worker] INFO tourGuide.service.TourGuideService - trackUserLocationAsync for user : internalUser733
21:40:10.454 [Test worker] INFO tourGuide.service.TourGuideService - trackUserLocationAsync for user : internalUser975
21:40:10.454 [Test worker] INFO tourGuide.service.TourGuideService - trackUserLocationAsync for user : internalUser730
21:40:10.454 [Test worker] INFO tourGuide.service.TourGuideService - trackUserLocationAsync for user : internalUser972
21:40:10.454 [Test worker] INFO tourGuide.service.TourGuideService - trackUserLocationAsync for user : internalUser731
21:40:10.454 [Test worker] INFO tourGuide.service.TourGuideService - trackUserLocationAsync for user : internalUser973
21:40:10.454 [Test worker] INFO tourGuide.service.TourGuideService - trackUserLocationAsync for user : internalUser970
21:40:10.454 [Test worker] INFO tourGuide.service.TourGuideService - trackUserLocationAsync for user : internalUser971
21:40:10.454 [Test worker] INFO tourGuide.service.TourGuideService - trackUserLocationAsync for user : internalUser738
21:40:10.454 [Test worker] INFO tourGuide.service.TourGuideService - trackUserLocationAsync for user : internalUser739
21:40:10.454 [Test worker] INFO tourGuide.service.TourGuideService - trackUserLocationAsync for user : internalUser736
21:40:10.454 [Test worker] INFO tourGuide.service.TourGuideService - trackUserLocationAsync for user : internalUser978
21:40:10.454 [Test worker] INFO tourGuide.service.TourGuideService - trackUserLocationAsync for user : internalUser737
21:40:10.454 [Test worker] INFO tourGuide.service.TourGuideService - trackUserLocationAsync for user : internalUser979
21:40:10.454 [Test worker] INFO tourGuide.service.TourGuideService - trackUserLocationAsync for user : internalUser734
21:40:10.454 [Test worker] INFO tourGuide.service.TourGuideService - trackUserLocationAsync for user : internalUser976
21:40:10.454 [Test worker] INFO tourGuide.service.TourGuideService - trackUserLocationAsync for user : internalUser735
21:40:10.454 [Test worker] INFO tourGuide.service.TourGuideService - trackUserLocationAsync for user : internalUser977
21:40:10.454 [Test worker] INFO tourGuide.service.TourGuideService - trackUserLocationAsync for user : internalUser501
21:40:10.454 [Test worker] INFO tourGuide.service.TourGuideService - trackUserLocationAsync for user : internalUser743
21:40:10.454 [Test worker] INFO tourGuide.service.TourGuideService - trackUserLocationAsync for user : internalUser985
21:40:10.454 [Test worker] INFO tourGuide.service.TourGuideService - trackUserLocationAsync for user : internalUser502
21:40:10.454 [Test worker] INFO tourGuide.service.TourGuideService - trackUserLocationAsync for user : internalUser744
21:40:10.454 [Test worker] INFO tourGuide.service.TourGuideService - trackUserLocationAsync for user : internalUser986
21:40:10.454 [Test worker] INFO tourGuide.service.TourGuideService - trackUserLocationAsync for user : internalUser741
21:40:10.454 [Test worker] INFO tourGuide.service.TourGuideService - trackUserLocationAsync for user : internalUser983
21:40:10.454 [Test worker] INFO tourGuide.service.TourGuideService - trackUserLocationAsync for user : internalUser500
21:40:10.454 [Test worker] INFO tourGuide.service.TourGuideService - trackUserLocationAsync for user : internalUser742
21:40:10.454 [Test worker] INFO tourGuide.service.TourGuideService - trackUserLocationAsync for user : internalUser984
21:40:10.454 [Test worker] INFO tourGuide.service.TourGuideService - trackUserLocationAsync for user : internalUser981
21:40:10.454 [Test worker] INFO tourGuide.service.TourGuideService - trackUserLocationAsync for user : internalUser740
21:40:10.454 [Test worker] INFO tourGuide.service.TourGuideService - trackUserLocationAsync for user : internalUser982
21:40:10.454 [Test worker] INFO tourGuide.service.TourGuideService - trackUserLocationAsync for user : internalUser980
21:40:10.454 [Test worker] INFO tourGuide.service.TourGuideService - trackUserLocationAsync for user : internalUser509
21:40:10.454 [Test worker] INFO tourGuide.service.TourGuideService - trackUserLocationAsync for user : internalUser507
21:40:10.454 [Test worker] INFO tourGuide.service.TourGuideService - trackUserLocationAsync for user : internalUser749
21:40:10.454 [Test worker] INFO tourGuide.service.TourGuideService - trackUserLocationAsync for user : internalUser508
21:40:10.454 [Test worker] INFO tourGuide.service.TourGuideService - trackUserLocationAsync for user : internalUser505
21:40:10.454 [Test worker] INFO tourGuide.service.TourGuideService - trackUserLocationAsync for user : internalUser747
21:40:10.454 [Test worker] INFO tourGuide.service.TourGuideService - trackUserLocationAsync for user : internalUser989
21:40:10.454 [Test worker] INFO tourGuide.service.TourGuideService - trackUserLocationAsync for user : internalUser506
21:40:10.454 [Test worker] INFO tourGuide.service.TourGuideService - trackUserLocationAsync for user : internalUser748
21:40:10.454 [Test worker] INFO tourGuide.service.TourGuideService - trackUserLocationAsync for user : internalUser503
21:40:10.454 [Test worker] INFO tourGuide.service.TourGuideService - trackUserLocationAsync for user : internalUser745
21:40:10.454 [Test worker] INFO tourGuide.service.TourGuideService - trackUserLocationAsync for user : internalUser987
21:40:10.454 [Test worker] INFO tourGuide.service.TourGuideService - trackUserLocationAsync for user : internalUser504
21:40:10.454 [Test worker] INFO tourGuide.service.TourGuideService - trackUserLocationAsync for user : internalUser746
21:40:10.454 [Test worker] INFO tourGuide.service.TourGuideService - trackUserLocationAsync for user : internalUser988
21:40:10.454 [Test worker] INFO tourGuide.service.TourGuideService - trackUserLocationAsync for user : internalUser512
21:40:10.454 [Test worker] INFO tourGuide.service.TourGuideService - trackUserLocationAsync for user : internalUser754
21:40:10.454 [Test worker] INFO tourGuide.service.TourGuideService - trackUserLocationAsync for user : internalUser996
21:40:10.454 [Test worker] INFO tourGuide.service.TourGuideService - trackUserLocationAsync for user : internalUser513
21:40:10.454 [Test worker] INFO tourGuide.service.TourGuideService - trackUserLocationAsync for user : internalUser755
21:40:10.454 [Test worker] INFO tourGuide.service.TourGuideService - trackUserLocationAsync for user : internalUser997
21:40:10.454 [Test worker] INFO tourGuide.service.TourGuideService - trackUserLocationAsync for user : internalUser510
21:40:10.454 [Test worker] INFO tourGuide.service.TourGuideService - trackUserLocationAsync for user : internalUser752
21:40:10.454 [Test worker] INFO tourGuide.service.TourGuideService - trackUserLocationAsync for user : internalUser994
21:40:10.454 [Test worker] INFO tourGuide.service.TourGuideService - trackUserLocationAsync for user : internalUser511
21:40:10.454 [Test worker] INFO tourGuide.service.TourGuideService - trackUserLocationAsync for user : internalUser753
21:40:10.454 [Test worker] INFO tourGuide.service.TourGuideService - trackUserLocationAsync for user : internalUser995
21:40:10.454 [Test worker] INFO tourGuide.service.TourGuideService - trackUserLocationAsync for user : internalUser750
21:40:10.454 [Test worker] INFO tourGuide.service.TourGuideService - trackUserLocationAsync for user : internalUser992
21:40:10.454 [Test worker] INFO tourGuide.service.TourGuideService - trackUserLocationAsync for user : internalUser751
21:40:10.454 [Test worker] INFO tourGuide.service.TourGuideService - trackUserLocationAsync for user : internalUser993
21:40:10.454 [Test worker] INFO tourGuide.service.TourGuideService - trackUserLocationAsync for user : internalUser990
21:40:10.454 [Test worker] INFO tourGuide.service.TourGuideService - trackUserLocationAsync for user : internalUser991
21:40:10.454 [Test worker] INFO tourGuide.service.TourGuideService - trackUserLocationAsync for user : internalUser518
21:40:10.454 [Test worker] INFO tourGuide.service.TourGuideService - trackUserLocationAsync for user : internalUser519
21:40:10.454 [Test worker] INFO tourGuide.service.TourGuideService - trackUserLocationAsync for user : internalUser516
21:40:10.454 [Test worker] INFO tourGuide.service.TourGuideService - trackUserLocationAsync for user : internalUser758
21:40:10.454 [Test worker] INFO tourGuide.service.TourGuideService - trackUserLocationAsync for user : internalUser517
21:40:10.454 [Test worker] INFO tourGuide.service.TourGuideService - trackUserLocationAsync for user : internalUser759
21:40:10.454 [Test worker] INFO tourGuide.service.TourGuideService - trackUserLocationAsync for user : internalUser514
21:40:10.454 [Test worker] INFO tourGuide.service.TourGuideService - trackUserLocationAsync for user : internalUser756
21:40:10.454 [Test worker] INFO tourGuide.service.TourGuideService - trackUserLocationAsync for user : internalUser998
21:40:10.454 [Test worker] INFO tourGuide.service.TourGuideService - trackUserLocationAsync for user : internalUser515
21:40:10.454 [Test worker] INFO tourGuide.service.TourGuideService - trackUserLocationAsync for user : internalUser757
21:40:10.454 [Test worker] INFO tourGuide.service.TourGuideService - trackUserLocationAsync for user : internalUser999
21:40:10.454 [Test worker] INFO tourGuide.service.TourGuideService - trackUserLocationAsync for user : internalUser920
21:40:10.454 [Test worker] INFO tourGuide.service.TourGuideService - trackUserLocationAsync for user : internalUser927
21:40:10.454 [Test worker] INFO tourGuide.service.TourGuideService - trackUserLocationAsync for user : internalUser928
21:40:10.454 [Test worker] INFO tourGuide.service.TourGuideService - trackUserLocationAsync for user : internalUser925
21:40:10.454 [Test worker] INFO tourGuide.service.TourGuideService - trackUserLocationAsync for user : internalUser926
21:40:10.454 [Test worker] INFO tourGuide.service.TourGuideService - trackUserLocationAsync for user : internalUser923
21:40:10.454 [Test worker] INFO tourGuide.service.TourGuideService - trackUserLocationAsync for user : internalUser924
21:40:10.454 [Test worker] INFO tourGuide.service.TourGuideService - trackUserLocationAsync for user : internalUser921
21:40:10.454 [Test worker] INFO tourGuide.service.TourGuideService - trackUserLocationAsync for user : internalUser922
21:40:10.454 [Test worker] INFO tourGuide.service.TourGuideService - trackUserLocationAsync for user : internalUser929
21:40:10.454 [Test worker] INFO tourGuide.service.TourGuideService - trackUserLocationAsync for user : internalUser930
21:40:10.454 [Test worker] INFO tourGuide.service.TourGuideService - trackUserLocationAsync for user : internalUser931
21:40:10.454 [Test worker] INFO tourGuide.service.TourGuideService - trackUserLocationAsync for user : internalUser938
21:40:10.454 [Test worker] INFO tourGuide.service.TourGuideService - trackUserLocationAsync for user : internalUser939
21:40:10.454 [Test worker] INFO tourGuide.service.TourGuideService - trackUserLocationAsync for user : internalUser936
21:40:10.454 [Test worker] INFO tourGuide.service.TourGuideService - trackUserLocationAsync for user : internalUser937
21:40:10.454 [Test worker] INFO tourGuide.service.TourGuideService - trackUserLocationAsync for user : internalUser934
21:40:10.455 [Test worker] INFO tourGuide.service.TourGuideService - trackUserLocationAsync for user : internalUser935
21:40:10.455 [Test worker] INFO tourGuide.service.TourGuideService - trackUserLocationAsync for user : internalUser932
21:40:10.455 [Test worker] INFO tourGuide.service.TourGuideService - trackUserLocationAsync for user : internalUser933
21:40:10.455 [Test worker] INFO tourGuide.service.TourGuideService - trackUserLocationAsync for user : internalUser941
21:40:10.455 [Test worker] INFO tourGuide.service.TourGuideService - trackUserLocationAsync for user : internalUser700
21:40:10.455 [Test worker] INFO tourGuide.service.TourGuideService - trackUserLocationAsync for user : internalUser942
21:40:10.455 [Test worker] INFO tourGuide.service.TourGuideService - trackUserLocationAsync for user : internalUser940
21:40:10.455 [Test worker] INFO tourGuide.service.TourGuideService - trackUserLocationAsync for user : internalUser707
21:40:10.455 [Test worker] INFO tourGuide.service.TourGuideService - trackUserLocationAsync for user : internalUser949
21:40:10.455 [Test worker] INFO tourGuide.service.TourGuideService - trackUserLocationAsync for user : internalUser708
21:40:10.455 [Test worker] INFO tourGuide.service.TourGuideService - trackUserLocationAsync for user : internalUser705
21:40:10.455 [Test worker] INFO tourGuide.service.TourGuideService - trackUserLocationAsync for user : internalUser947
21:40:10.455 [Test worker] INFO tourGuide.service.TourGuideService - trackUserLocationAsync for user : internalUser706
21:40:10.455 [Test worker] INFO tourGuide.service.TourGuideService - trackUserLocationAsync for user : internalUser948
21:40:10.455 [Test worker] INFO tourGuide.service.TourGuideService - trackUserLocationAsync for user : internalUser703
21:40:10.455 [Test worker] INFO tourGuide.service.TourGuideService - trackUserLocationAsync for user : internalUser945
21:40:10.455 [Test worker] INFO tourGuide.service.TourGuideService - trackUserLocationAsync for user : internalUser704
21:40:10.455 [Test worker] INFO tourGuide.service.TourGuideService - trackUserLocationAsync for user : internalUser946
21:40:10.455 [Test worker] INFO tourGuide.service.TourGuideService - trackUserLocationAsync for user : internalUser701
21:40:10.455 [Test worker] INFO tourGuide.service.TourGuideService - trackUserLocationAsync for user : internalUser943
21:40:10.455 [Test worker] INFO tourGuide.service.TourGuideService - trackUserLocationAsync for user : internalUser702
21:40:10.455 [Test worker] INFO tourGuide.service.TourGuideService - trackUserLocationAsync for user : internalUser944
21:40:10.455 [Test worker] INFO tourGuide.service.TourGuideService - trackUserLocationAsync for user : internalUser709
21:40:10.455 [Test worker] INFO tourGuide.service.TourGuideService - trackUserLocationAsync for user : internalUser710
21:40:10.455 [Test worker] INFO tourGuide.service.TourGuideService - trackUserLocationAsync for user : internalUser952
21:40:10.455 [Test worker] INFO tourGuide.service.TourGuideService - trackUserLocationAsync for user : internalUser711
21:40:10.455 [Test worker] INFO tourGuide.service.TourGuideService - trackUserLocationAsync for user : internalUser953
21:40:10.455 [Test worker] INFO tourGuide.service.TourGuideService - trackUserLocationAsync for user : internalUser950
21:40:10.455 [Test worker] INFO tourGuide.service.TourGuideService - trackUserLocationAsync for user : internalUser951
21:40:10.455 [Test worker] INFO tourGuide.service.TourGuideService - trackUserLocationAsync for user : internalUser718
21:40:10.455 [Test worker] INFO tourGuide.service.TourGuideService - trackUserLocationAsync for user : internalUser719
21:40:10.455 [Test worker] INFO tourGuide.service.TourGuideService - trackUserLocationAsync for user : internalUser716
21:40:10.455 [Test worker] INFO tourGuide.service.TourGuideService - trackUserLocationAsync for user : internalUser958
21:40:10.455 [Test worker] INFO tourGuide.service.TourGuideService - trackUserLocationAsync for user : internalUser717
21:40:10.455 [Test worker] INFO tourGuide.service.TourGuideService - trackUserLocationAsync for user : internalUser959
21:40:10.455 [Test worker] INFO tourGuide.service.TourGuideService - trackUserLocationAsync for user : internalUser714
21:40:10.455 [Test worker] INFO tourGuide.service.TourGuideService - trackUserLocationAsync for user : internalUser956
21:40:10.455 [Test worker] INFO tourGuide.service.TourGuideService - trackUserLocationAsync for user : internalUser715
21:40:10.455 [Test worker] INFO tourGuide.service.TourGuideService - trackUserLocationAsync for user : internalUser957
21:40:10.455 [Test worker] INFO tourGuide.service.TourGuideService - trackUserLocationAsync for user : internalUser712
21:40:10.455 [Test worker] INFO tourGuide.service.TourGuideService - trackUserLocationAsync for user : internalUser954
21:40:10.455 [Test worker] INFO tourGuide.service.TourGuideService - trackUserLocationAsync for user : internalUser713
21:40:10.455 [Test worker] INFO tourGuide.service.TourGuideService - trackUserLocationAsync for user : internalUser955
21:40:10.455 [Test worker] INFO tourGuide.service.TourGuideService - trackUserLocationAsync for user : internalUser905
21:40:10.455 [Test worker] INFO tourGuide.service.TourGuideService - trackUserLocationAsync for user : internalUser906
21:40:10.455 [Test worker] INFO tourGuide.service.TourGuideService - trackUserLocationAsync for user : internalUser903
21:40:10.455 [Test worker] INFO tourGuide.service.TourGuideService - trackUserLocationAsync for user : internalUser904
21:40:10.455 [Test worker] INFO tourGuide.service.TourGuideService - trackUserLocationAsync for user : internalUser901
21:40:10.455 [Test worker] INFO tourGuide.service.TourGuideService - trackUserLocationAsync for user : internalUser902
21:40:10.455 [Test worker] INFO tourGuide.service.TourGuideService - trackUserLocationAsync for user : internalUser900
21:40:10.455 [Test worker] INFO tourGuide.service.TourGuideService - trackUserLocationAsync for user : internalUser909
21:40:10.455 [Test worker] INFO tourGuide.service.TourGuideService - trackUserLocationAsync for user : internalUser907
21:40:10.455 [Test worker] INFO tourGuide.service.TourGuideService - trackUserLocationAsync for user : internalUser908
21:40:10.455 [Test worker] INFO tourGuide.service.TourGuideService - trackUserLocationAsync for user : internalUser916
21:40:10.455 [Test worker] INFO tourGuide.service.TourGuideService - trackUserLocationAsync for user : internalUser917
21:40:10.455 [Test worker] INFO tourGuide.service.TourGuideService - trackUserLocationAsync for user : internalUser914
21:40:10.455 [Test worker] INFO tourGuide.service.TourGuideService - trackUserLocationAsync for user : internalUser915
21:40:10.455 [Test worker] INFO tourGuide.service.TourGuideService - trackUserLocationAsync for user : internalUser912
21:40:10.455 [Test worker] INFO tourGuide.service.TourGuideService - trackUserLocationAsync for user : internalUser913
21:40:10.455 [Test worker] INFO tourGuide.service.TourGuideService - trackUserLocationAsync for user : internalUser910
21:40:10.455 [Test worker] INFO tourGuide.service.TourGuideService - trackUserLocationAsync for user : internalUser911
21:40:10.455 [Test worker] INFO tourGuide.service.TourGuideService - trackUserLocationAsync for user : internalUser918
21:40:10.455 [Test worker] INFO tourGuide.service.TourGuideService - trackUserLocationAsync for user : internalUser919
21:40:10.460 [pool-2-thread-2] DEBUG tourGuide.service.RewardsService - calculateRewards pour user : internalUser163
21:40:10.464 [pool-2-thread-40] DEBUG tourGuide.service.RewardsService - calculateRewards pour user : internalUser197
21:40:10.464 [pool-2-thread-33] DEBUG tourGuide.service.RewardsService - calculateRewards pour user : internalUser181
21:40:10.465 [pool-2-thread-100] DEBUG tourGuide.service.RewardsService - calculateRewards pour user : internalUser194
21:40:10.465 [pool-2-thread-76] DEBUG tourGuide.service.RewardsService - calculateRewards pour user : internalUser174
21:40:10.465 [pool-2-thread-13] DEBUG tourGuide.service.RewardsService - calculateRewards pour user : internalUser169
21:40:10.466 [pool-2-thread-98] DEBUG tourGuide.service.RewardsService - calculateRewards pour user : internalUser197
21:40:10.467 [pool-2-thread-56] DEBUG tourGuide.service.RewardsService - calculateRewards pour user : internalUser125
21:40:10.467 [pool-2-thread-15] DEBUG tourGuide.service.RewardsService - calculateRewards pour user : internalUser165
21:40:10.468 [pool-2-thread-6] DEBUG tourGuide.service.RewardsService - calculateRewards pour user : internalUser161
21:40:10.468 [pool-2-thread-89] DEBUG tourGuide.service.RewardsService - calculateRewards pour user : internalUser184
21:40:10.468 [pool-2-thread-44] DEBUG tourGuide.service.RewardsService - calculateRewards pour user : internalUser193
21:40:10.469 [pool-2-thread-80] DEBUG tourGuide.service.RewardsService - calculateRewards pour user : internalUser170
21:40:10.470 [pool-2-thread-83] DEBUG tourGuide.service.RewardsService - calculateRewards pour user : internalUser179
21:40:10.470 [pool-2-thread-39] DEBUG tourGuide.service.RewardsService - calculateRewards pour user : internalUser196
21:40:10.471 [pool-2-thread-54] DEBUG tourGuide.service.RewardsService - calculateRewards pour user : internalUser369
21:40:10.471 [pool-2-thread-62] DEBUG tourGuide.service.RewardsService - calculateRewards pour user : internalUser124
21:40:10.472 [pool-2-thread-66] DEBUG tourGuide.service.RewardsService - calculateRewards pour user : internalUser122
21:40:10.477 [pool-2-thread-21] DEBUG tourGuide.service.RewardsService - calculateRewards pour user : internalUser172
21:40:10.477 [pool-2-thread-53] DEBUG tourGuide.service.RewardsService - calculateRewards pour user : internalUser127
21:40:10.477 [pool-2-thread-20] DEBUG tourGuide.service.RewardsService - calculateRewards pour user : internalUser175
21:40:10.485 [pool-2-thread-42] DEBUG tourGuide.service.RewardsService - calculateRewards pour user : internalUser195
21:40:10.495 [pool-2-thread-97] DEBUG tourGuide.service.RewardsService - calculateRewards pour user : internalUser371
21:40:10.495 [pool-2-thread-95] DEBUG tourGuide.service.RewardsService - calculateRewards pour user : internalUser188
21:40:10.496 [pool-2-thread-22] DEBUG tourGuide.service.RewardsService - calculateRewards pour user : internalUser173
21:40:10.496 [pool-2-thread-26] DEBUG tourGuide.service.RewardsService - calculateRewards pour user : internalUser179
21:40:10.497 [pool-2-thread-70] DEBUG tourGuide.service.RewardsService - calculateRewards pour user : internalUser165
21:40:10.499 [pool-2-thread-35] DEBUG tourGuide.service.RewardsService - calculateRewards pour user : internalUser180
21:40:10.499 [pool-2-thread-5] DEBUG tourGuide.service.RewardsService - calculateRewards pour user : internalUser161
21:40:10.500 [pool-2-thread-50] DEBUG tourGuide.service.RewardsService - calculateRewards pour user : internalUser120
21:40:10.500 [pool-2-thread-43] DEBUG tourGuide.service.RewardsService - calculateRewards pour user : internalUser192
21:40:10.501 [pool-2-thread-34] DEBUG tourGuide.service.RewardsService - calculateRewards pour user : internalUser182
21:40:10.501 [pool-2-thread-27] DEBUG tourGuide.service.RewardsService - calculateRewards pour user : internalUser176
21:40:10.501 [pool-2-thread-63] DEBUG tourGuide.service.RewardsService - calculateRewards pour user : internalUser366
21:40:10.501 [pool-2-thread-1] DEBUG tourGuide.service.RewardsService - calculateRewards pour user : internalUser163
21:40:10.501 [pool-2-thread-69] DEBUG tourGuide.service.RewardsService - calculateRewards pour user : internalUser130
21:40:10.502 [pool-2-thread-82] DEBUG tourGuide.service.RewardsService - calculateRewards pour user : internalUser178
21:40:10.502 [pool-2-thread-87] DEBUG tourGuide.service.RewardsService - calculateRewards pour user : internalUser186
21:40:10.502 [pool-2-thread-78] DEBUG tourGuide.service.RewardsService - calculateRewards pour user : internalUser172
21:40:10.502 [pool-2-thread-23] DEBUG tourGuide.service.RewardsService - calculateRewards pour user : internalUser170
21:40:10.503 [pool-2-thread-94] DEBUG tourGuide.service.RewardsService - calculateRewards pour user : internalUser187
21:40:10.503 [pool-2-thread-58] DEBUG tourGuide.service.RewardsService - calculateRewards pour user : internalUser126
21:40:10.503 [pool-2-thread-72] DEBUG tourGuide.service.RewardsService - calculateRewards pour user : internalUser166
21:40:10.503 [pool-2-thread-47] DEBUG tourGuide.service.RewardsService - calculateRewards pour user : internalUser198
21:40:10.524 [pool-2-thread-4] DEBUG tourGuide.service.RewardsService - calculateRewards pour user : internalUser164
21:40:10.582 [pool-2-thread-71] DEBUG tourGuide.service.RewardsService - calculateRewards pour user : internalUser372
21:40:10.583 [pool-2-thread-75] DEBUG tourGuide.service.RewardsService - calculateRewards pour user : internalUser370
21:40:10.585 [pool-2-thread-57] DEBUG tourGuide.service.RewardsService - calculateRewards pour user : internalUser367
21:40:10.588 [pool-2-thread-16] DEBUG tourGuide.service.RewardsService - calculateRewards pour user : internalUser167
21:40:10.589 [pool-2-thread-36] DEBUG tourGuide.service.RewardsService - calculateRewards pour user : internalUser189
21:40:10.589 [pool-2-thread-49] DEBUG tourGuide.service.RewardsService - calculateRewards pour user : internalUser361
21:40:10.589 [pool-2-thread-68] DEBUG tourGuide.service.RewardsService - calculateRewards pour user : internalUser129
21:40:10.590 [pool-2-thread-28] DEBUG tourGuide.service.RewardsService - calculateRewards pour user : internalUser177
21:40:10.594 [pool-2-thread-92] DEBUG tourGuide.service.RewardsService - calculateRewards pour user : internalUser180
21:40:10.595 [pool-2-thread-65] DEBUG tourGuide.service.RewardsService - calculateRewards pour user : internalUser363
21:40:10.595 [pool-2-thread-99] DEBUG tourGuide.service.RewardsService - calculateRewards pour user : internalUser138
21:40:10.595 [pool-2-thread-3] DEBUG tourGuide.service.RewardsService - calculateRewards pour user : internalUser164
21:40:10.600 [pool-2-thread-88] DEBUG tourGuide.service.RewardsService - calculateRewards pour user : internalUser183
21:40:10.601 [pool-2-thread-61] DEBUG tourGuide.service.RewardsService - calculateRewards pour user : internalUser365
21:40:10.601 [pool-2-thread-8] DEBUG tourGuide.service.RewardsService - calculateRewards pour user : internalUser160
21:40:10.602 [pool-2-thread-12] DEBUG tourGuide.service.RewardsService - calculateRewards pour user : internalUser167
21:40:10.602 [pool-2-thread-29] DEBUG tourGuide.service.RewardsService - calculateRewards pour user : internalUser185
21:40:10.602 [pool-2-thread-52] DEBUG tourGuide.service.RewardsService - calculateRewards pour user : internalUser360
21:40:10.602 [pool-2-thread-25] DEBUG tourGuide.service.RewardsService - calculateRewards pour user : internalUser178
21:40:10.603 [pool-2-thread-96] DEBUG tourGuide.service.RewardsService - calculateRewards pour user : internalUser196
21:40:10.603 [pool-2-thread-32] DEBUG tourGuide.service.RewardsService - calculateRewards pour user : internalUser184
21:40:10.605 [pool-2-thread-11] DEBUG tourGuide.service.RewardsService - calculateRewards pour user : internalUser160
21:40:10.623 [pool-2-thread-85] DEBUG tourGuide.service.RewardsService - calculateRewards pour user : internalUser177
21:40:10.624 [pool-2-thread-45] DEBUG tourGuide.service.RewardsService - calculateRewards pour user : internalUser190
21:40:10.624 [pool-2-thread-81] DEBUG tourGuide.service.RewardsService - calculateRewards pour user : internalUser171
21:40:10.625 [pool-2-thread-24] DEBUG tourGuide.service.RewardsService - calculateRewards pour user : internalUser171
21:40:10.636 [pool-2-thread-84] DEBUG tourGuide.service.RewardsService - calculateRewards pour user : internalUser176
21:40:10.643 [pool-2-thread-93] DEBUG tourGuide.service.RewardsService - calculateRewards pour user : internalUser189
21:40:10.650 [pool-2-thread-37] DEBUG tourGuide.service.RewardsService - calculateRewards pour user : internalUser187
21:40:10.665 [pool-2-thread-41] DEBUG tourGuide.service.RewardsService - calculateRewards pour user : internalUser194
21:40:10.666 [pool-2-thread-77] DEBUG tourGuide.service.RewardsService - calculateRewards pour user : internalUser175
21:40:10.666 [pool-2-thread-48] DEBUG tourGuide.service.RewardsService - calculateRewards pour user : internalUser199
21:40:10.666 [pool-2-thread-60] DEBUG tourGuide.service.RewardsService - calculateRewards pour user : internalUser123
21:40:10.666 [pool-2-thread-64] DEBUG tourGuide.service.RewardsService - calculateRewards pour user : internalUser121
21:40:10.666 [pool-2-thread-73] DEBUG tourGuide.service.RewardsService - calculateRewards pour user : internalUser131
21:40:10.666 [pool-2-thread-18] DEBUG tourGuide.service.RewardsService - calculateRewards pour user : internalUser168
21:40:10.667 [pool-2-thread-40] DEBUG tourGuide.service.RewardsService - calculateRewards pour user : internalUser139
21:40:10.706 [pool-2-thread-91] DEBUG tourGuide.service.RewardsService - calculateRewards pour user : internalUser182
21:40:10.716 [pool-2-thread-55] DEBUG tourGuide.service.RewardsService - calculateRewards pour user : internalUser128
21:40:10.718 [pool-2-thread-67] DEBUG tourGuide.service.RewardsService - calculateRewards pour user : internalUser364
21:40:10.722 [pool-2-thread-30] DEBUG tourGuide.service.RewardsService - calculateRewards pour user : internalUser186
21:40:10.723 [pool-2-thread-51] DEBUG tourGuide.service.RewardsService - calculateRewards pour user : internalUser362
21:40:10.730 [pool-2-thread-90] DEBUG tourGuide.service.RewardsService - calculateRewards pour user : internalUser181
21:40:10.731 [pool-2-thread-31] DEBUG tourGuide.service.RewardsService - calculateRewards pour user : internalUser183
21:40:10.745 [pool-2-thread-15] DEBUG tourGuide.service.RewardsService - calculateRewards pour user : internalUser379
21:40:10.765 [pool-2-thread-76] DEBUG tourGuide.service.RewardsService - calculateRewards pour user : internalUser136
21:40:10.770 [pool-2-thread-44] DEBUG tourGuide.service.RewardsService - calculateRewards pour user : internalUser195
21:40:10.770 [pool-2-thread-74] DEBUG tourGuide.service.RewardsService - calculateRewards pour user : internalUser373
21:40:10.775 [pool-2-thread-59] DEBUG tourGuide.service.RewardsService - calculateRewards pour user : internalUser368
21:40:10.783 [pool-2-thread-86] DEBUG tourGuide.service.RewardsService - calculateRewards pour user : internalUser185
21:40:10.784 [pool-2-thread-14] DEBUG tourGuide.service.RewardsService - calculateRewards pour user : internalUser168
21:40:10.785 [pool-2-thread-46] DEBUG tourGuide.service.RewardsService - calculateRewards pour user : internalUser191
21:40:10.785 [pool-2-thread-79] DEBUG tourGuide.service.RewardsService - calculateRewards pour user : internalUser173
21:40:10.836 [pool-2-thread-96] DEBUG tourGuide.service.RewardsService - calculateRewards pour user : internalUser386
21:40:10.837 [pool-2-thread-52] DEBUG tourGuide.service.RewardsService - calculateRewards pour user : internalUser122
21:40:10.837 [pool-2-thread-12] DEBUG tourGuide.service.RewardsService - calculateRewards pour user : internalUser385
21:40:10.837 [pool-2-thread-99] DEBUG tourGuide.service.RewardsService - calculateRewards pour user : internalUser368
21:40:10.837 [pool-2-thread-8] DEBUG tourGuide.service.RewardsService - calculateRewards pour user : internalUser363
21:40:10.837 [pool-2-thread-57] DEBUG tourGuide.service.RewardsService - calculateRewards pour user : internalUser380
21:40:10.837 [pool-2-thread-61] DEBUG tourGuide.service.RewardsService - calculateRewards pour user : internalUser387
21:40:10.837 [pool-2-thread-36] DEBUG tourGuide.service.RewardsService - calculateRewards pour user : internalUser147
21:40:10.837 [pool-2-thread-71] DEBUG tourGuide.service.RewardsService - calculateRewards pour user : internalUser374
21:40:10.837 [pool-2-thread-16] DEBUG tourGuide.service.RewardsService - calculateRewards pour user : internalUser382
21:40:10.837 [pool-2-thread-75] DEBUG tourGuide.service.RewardsService - calculateRewards pour user : internalUser133
21:40:10.838 [pool-2-thread-4] DEBUG tourGuide.service.RewardsService - calculateRewards pour user : internalUser361
21:40:10.855 [pool-2-thread-65] DEBUG tourGuide.service.RewardsService - calculateRewards pour user : internalUser148
21:40:10.854 [pool-2-thread-68] DEBUG tourGuide.service.RewardsService - calculateRewards pour user : internalUser149
21:40:10.855 [pool-2-thread-49] DEBUG tourGuide.service.RewardsService - calculateRewards pour user : internalUser367
21:40:10.855 [pool-2-thread-88] DEBUG tourGuide.service.RewardsService - calculateRewards pour user : internalUser365
21:40:10.854 [pool-2-thread-62] DEBUG tourGuide.service.RewardsService - calculateRewards pour user : internalUser132
21:40:10.863 [pool-2-thread-27] DEBUG tourGuide.service.RewardsService - calculateRewards pour user : internalUser366
21:40:10.854 [pool-2-thread-28] DEBUG tourGuide.service.RewardsService - calculateRewards pour user : internalUser126
21:40:10.864 [pool-2-thread-3] DEBUG tourGuide.service.RewardsService - calculateRewards pour user : internalUser145
21:40:10.854 [pool-2-thread-22] DEBUG tourGuide.service.RewardsService - calculateRewards pour user : internalUser383
21:40:10.854 [pool-2-thread-98] DEBUG tourGuide.service.RewardsService - calculateRewards pour user : internalUser125
21:40:10.853 [pool-2-thread-83] DEBUG tourGuide.service.RewardsService - calculateRewards pour user : internalUser135
21:40:10.866 [pool-2-thread-92] DEBUG tourGuide.service.RewardsService - calculateRewards pour user : internalUser123
21:40:10.852 [pool-2-thread-34] DEBUG tourGuide.service.RewardsService - calculateRewards pour user : internalUser121
21:40:10.852 [pool-2-thread-50] DEBUG tourGuide.service.RewardsService - calculateRewards pour user : internalUser146
21:40:10.844 [pool-2-thread-38] DEBUG tourGuide.service.RewardsService - calculateRewards pour user : internalUser188
21:40:10.844 [pool-2-thread-7] DEBUG tourGuide.service.RewardsService - calculateRewards pour user : internalUser162
21:40:10.844 [pool-2-thread-17] DEBUG tourGuide.service.RewardsService - calculateRewards pour user : internalUser166
21:40:10.843 [pool-2-thread-9] DEBUG tourGuide.service.RewardsService - calculateRewards pour user : internalUser162
21:40:10.843 [pool-2-thread-10] DEBUG tourGuide.service.RewardsService - calculateRewards pour user : internalUser169
21:40:10.868 [pool-2-thread-63] DEBUG tourGuide.service.RewardsService - calculateRewards pour user : internalUser388
21:40:10.843 [pool-2-thread-100] DEBUG tourGuide.service.RewardsService - calculateRewards pour user : internalUser378
21:40:10.843 [pool-2-thread-33] DEBUG tourGuide.service.RewardsService - calculateRewards pour user : internalUser137
21:40:10.843 [pool-2-thread-21] DEBUG tourGuide.service.RewardsService - calculateRewards pour user : internalUser198
21:40:10.843 [pool-2-thread-19] DEBUG tourGuide.service.RewardsService - calculateRewards pour user : internalUser174
21:40:10.843 [pool-2-thread-6] DEBUG tourGuide.service.RewardsService - calculateRewards pour user : internalUser192
21:40:10.842 [pool-2-thread-53] DEBUG tourGuide.service.RewardsService - calculateRewards pour user : internalUser191
21:40:10.843 [pool-2-thread-20] DEBUG tourGuide.service.RewardsService - calculateRewards pour user : internalUser190
21:40:10.841 [pool-2-thread-29] DEBUG tourGuide.service.RewardsService - calculateRewards pour user : internalUser199
21:40:10.840 [pool-2-thread-54] DEBUG tourGuide.service.RewardsService - calculateRewards pour user : internalUser369
21:40:10.840 [pool-2-thread-95] DEBUG tourGuide.service.RewardsService - calculateRewards pour user : internalUser375
21:40:10.840 [pool-2-thread-70] DEBUG tourGuide.service.RewardsService - calculateRewards pour user : internalUser384
21:40:10.840 [pool-2-thread-42] DEBUG tourGuide.service.RewardsService - calculateRewards pour user : internalUser362
21:40:10.840 [pool-2-thread-1] DEBUG tourGuide.service.RewardsService - calculateRewards pour user : internalUser360
21:40:10.840 [pool-2-thread-13] DEBUG tourGuide.service.RewardsService - calculateRewards pour user : internalUser377
21:40:10.839 [pool-2-thread-66] DEBUG tourGuide.service.RewardsService - calculateRewards pour user : internalUser127
21:40:10.839 [pool-2-thread-39] DEBUG tourGuide.service.RewardsService - calculateRewards pour user : internalUser128
21:40:10.839 [pool-2-thread-35] DEBUG tourGuide.service.RewardsService - calculateRewards pour user : internalUser140
21:40:10.839 [pool-2-thread-56] DEBUG tourGuide.service.RewardsService - calculateRewards pour user : internalUser134
21:40:10.839 [pool-2-thread-89] DEBUG tourGuide.service.RewardsService - calculateRewards pour user : internalUser376
21:40:10.839 [pool-2-thread-80] DEBUG tourGuide.service.RewardsService - calculateRewards pour user : internalUser193
21:40:10.838 [pool-2-thread-97] DEBUG tourGuide.service.RewardsService - calculateRewards pour user : internalUser141
21:40:10.838 [pool-2-thread-90] DEBUG tourGuide.service.RewardsService - calculateRewards pour user : internalUser389
21:40:10.838 [pool-2-thread-43] DEBUG tourGuide.service.RewardsService - calculateRewards pour user : internalUser124
21:40:10.838 [pool-2-thread-82] DEBUG tourGuide.service.RewardsService - calculateRewards pour user : internalUser144
21:40:10.838 [pool-2-thread-26] DEBUG tourGuide.service.RewardsService - calculateRewards pour user : internalUser142
21:40:10.838 [pool-2-thread-5] DEBUG tourGuide.service.RewardsService - calculateRewards pour user : internalUser381
21:40:10.838 [pool-2-thread-48] DEBUG tourGuide.service.RewardsService - calculateRewards pour user : internalUser120
21:40:10.875 [pool-2-thread-78] DEBUG tourGuide.service.RewardsService - calculateRewards pour user : internalUser143
21:40:10.891 [pool-2-thread-25] DEBUG tourGuide.service.RewardsService - calculateRewards pour user : internalUser364
21:40:10.896 [pool-2-thread-69] DEBUG tourGuide.service.RewardsService - calculateRewards pour user : internalUser129
21:40:10.899 [pool-2-thread-91] DEBUG tourGuide.service.RewardsService - calculateRewards pour user : internalUser139
21:40:10.899 [pool-2-thread-41] DEBUG tourGuide.service.RewardsService - calculateRewards pour user : internalUser376
21:40:10.901 [pool-2-thread-64] DEBUG tourGuide.service.RewardsService - calculateRewards pour user : internalUser154
21:40:10.901 [pool-2-thread-24] DEBUG tourGuide.service.RewardsService - calculateRewards pour user : internalUser379
21:40:10.902 [pool-2-thread-47] DEBUG tourGuide.service.RewardsService - calculateRewards pour user : internalUser130
21:40:10.904 [pool-2-thread-93] DEBUG tourGuide.service.RewardsService - calculateRewards pour user : internalUser390
21:40:10.906 [pool-2-thread-31] DEBUG tourGuide.service.RewardsService - calculateRewards pour user : internalUser371
21:40:10.908 [pool-2-thread-65] DEBUG tourGuide.service.RewardsService - calculateRewards pour user : internalUser560
21:40:10.913 [pool-2-thread-74] DEBUG tourGuide.service.RewardsService - calculateRewards pour user : internalUser134
21:40:10.915 [pool-2-thread-9] DEBUG tourGuide.service.RewardsService - calculateRewards pour user : internalUser578
21:40:10.915 [pool-2-thread-99] DEBUG tourGuide.service.RewardsService - calculateRewards pour user : internalUser327
21:40:10.916 [pool-2-thread-10] DEBUG tourGuide.service.RewardsService - calculateRewards pour user : internalUser569
21:40:10.917 [pool-2-thread-2] DEBUG tourGuide.service.RewardsService - calculateRewards pour user : internalUser137
21:40:10.920 [pool-2-thread-52] DEBUG tourGuide.service.RewardsService - calculateRewards pour user : internalUser562
21:40:10.921 [pool-2-thread-59] DEBUG tourGuide.service.RewardsService - calculateRewards pour user : internalUser370
21:40:10.924 [pool-2-thread-86] DEBUG tourGuide.service.RewardsService - calculateRewards pour user : internalUser103
21:40:10.928 [pool-2-thread-13] DEBUG tourGuide.service.RewardsService - calculateRewards pour user : internalUser343
21:40:10.930 [pool-2-thread-95] DEBUG tourGuide.service.RewardsService - calculateRewards pour user : internalUser573
21:40:10.930 [pool-2-thread-66] DEBUG tourGuide.service.RewardsService - calculateRewards pour user : internalUser346
21:40:10.930 [pool-2-thread-87] DEBUG tourGuide.service.RewardsService - calculateRewards pour user : internalUser152
21:40:10.931 [pool-2-thread-3] DEBUG tourGuide.service.RewardsService - calculateRewards pour user : internalUser566
21:40:10.931 [pool-2-thread-32] DEBUG tourGuide.service.RewardsService - calculateRewards pour user : internalUser136
21:40:10.931 [pool-2-thread-8] DEBUG tourGuide.service.RewardsService - calculateRewards pour user : internalUser329
21:40:10.931 [pool-2-thread-89] DEBUG tourGuide.service.RewardsService - calculateRewards pour user : internalUser9
21:40:10.931 [pool-2-thread-80] DEBUG tourGuide.service.RewardsService - calculateRewards pour user : internalUser581
21:40:10.931 [pool-2-thread-49] DEBUG tourGuide.service.RewardsService - calculateRewards pour user : internalUser326
21:40:10.931 [pool-2-thread-20] DEBUG tourGuide.service.RewardsService - calculateRewards pour user : internalUser574
21:40:10.931 [pool-2-thread-77] DEBUG tourGuide.service.RewardsService - calculateRewards pour user : internalUser396
21:40:10.931 [pool-2-thread-88] DEBUG tourGuide.service.RewardsService - calculateRewards pour user : internalUser568
21:40:10.931 [pool-2-thread-29] DEBUG tourGuide.service.RewardsService - calculateRewards pour user : internalUser336
21:40:10.932 [pool-2-thread-84] DEBUG tourGuide.service.RewardsService - calculateRewards pour user : internalUser156
21:40:10.932 [pool-2-thread-98] DEBUG tourGuide.service.RewardsService - calculateRewards pour user : internalUser563
21:40:10.932 [pool-2-thread-30] DEBUG tourGuide.service.RewardsService - calculateRewards pour user : internalUser138
21:40:10.933 [pool-2-thread-73] DEBUG tourGuide.service.RewardsService - calculateRewards pour user : internalUser399
21:40:10.933 [pool-2-thread-92] DEBUG tourGuide.service.RewardsService - calculateRewards pour user : internalUser589
21:40:10.934 [pool-2-thread-51] DEBUG tourGuide.service.RewardsService - calculateRewards pour user : internalUser392
21:40:10.935 [pool-2-thread-35] DEBUG tourGuide.service.RewardsService - calculateRewards pour user : internalUser587
21:40:10.935 [pool-2-thread-11] DEBUG tourGuide.service.RewardsService - calculateRewards pour user : internalUser378
21:40:10.936 [pool-2-thread-40] DEBUG tourGuide.service.RewardsService - calculateRewards pour user : internalUser397
21:40:10.937 [pool-2-thread-33] DEBUG tourGuide.service.RewardsService - calculateRewards pour user : internalUser347
21:40:10.937 [pool-2-thread-28] DEBUG tourGuide.service.RewardsService - calculateRewards pour user : internalUser565
21:40:10.938 [pool-2-thread-39] DEBUG tourGuide.service.RewardsService - calculateRewards pour user : internalUser104
21:40:10.938 [pool-2-thread-38] DEBUG tourGuide.service.RewardsService - calculateRewards pour user : internalUser334
21:40:10.940 [pool-2-thread-15] DEBUG tourGuide.service.RewardsService - calculateRewards pour user : internalUser150
21:40:10.940 [pool-2-thread-90] DEBUG tourGuide.service.RewardsService - calculateRewards pour user : internalUser106
21:40:10.940 [pool-2-thread-44] DEBUG tourGuide.service.RewardsService - calculateRewards pour user : internalUser395
21:40:10.940 [pool-2-thread-6] DEBUG tourGuide.service.RewardsService - calculateRewards pour user : internalUser572
21:40:10.941 [pool-2-thread-4] DEBUG tourGuide.service.RewardsService - calculateRewards pour user : internalUser325
21:40:10.941 [pool-2-thread-36] DEBUG tourGuide.service.RewardsService - calculateRewards pour user : internalUser571
21:40:10.944 [pool-2-thread-75] DEBUG tourGuide.service.RewardsService - calculateRewards pour user : internalUser338
21:40:10.944 [pool-2-thread-71] DEBUG tourGuide.service.RewardsService - calculateRewards pour user : internalUser577
21:40:10.944 [pool-2-thread-41] DEBUG tourGuide.service.RewardsService - calculateRewards pour user : internalUser584
21:40:10.945 [pool-2-thread-27] DEBUG tourGuide.service.RewardsService - calculateRewards pour user : internalUser324
21:40:10.945 [pool-2-thread-50] DEBUG tourGuide.service.RewardsService - calculateRewards pour user : internalUser561
21:40:10.945 [pool-2-thread-67] DEBUG tourGuide.service.RewardsService - calculateRewards pour user : internalUser151
21:40:10.946 [pool-2-thread-76] DEBUG tourGuide.service.RewardsService - calculateRewards pour user : internalUser373
21:40:10.946 [pool-2-thread-37] DEBUG tourGuide.service.RewardsService - calculateRewards pour user : internalUser398
21:40:10.946 [pool-2-thread-83] DEBUG tourGuide.service.RewardsService - calculateRewards pour user : internalUser322
21:40:10.948 [pool-2-thread-91] DEBUG tourGuide.service.RewardsService - calculateRewards pour user : internalUser342
21:40:10.950 [pool-2-thread-56] DEBUG tourGuide.service.RewardsService - calculateRewards pour user : internalUser580
21:40:10.951 [pool-2-thread-81] DEBUG tourGuide.service.RewardsService - calculateRewards pour user : internalUser159
21:40:10.951 [pool-2-thread-48] DEBUG tourGuide.service.RewardsService - calculateRewards pour user : internalUser105
21:40:10.952 [pool-2-thread-18] DEBUG tourGuide.service.RewardsService - calculateRewards pour user : internalUser157
21:40:10.952 [pool-2-thread-45] DEBUG tourGuide.service.RewardsService - calculateRewards pour user : internalUser158
21:40:10.952 [pool-2-thread-25] DEBUG tourGuide.service.RewardsService - calculateRewards pour user : internalUser583
21:40:10.952 [pool-2-thread-65] DEBUG tourGuide.service.RewardsService - calculateRewards pour user : internalUser2
21:40:10.955 [pool-2-thread-85] DEBUG tourGuide.service.RewardsService - calculateRewards pour user : internalUser391
21:40:10.959 [pool-2-thread-97] DEBUG tourGuide.service.RewardsService - calculateRewards pour user : internalUser348
21:40:10.960 [pool-2-thread-22] DEBUG tourGuide.service.RewardsService - calculateRewards pour user : internalUser321
21:40:10.961 [pool-2-thread-70] DEBUG tourGuide.service.RewardsService - calculateRewards pour user : internalUser575
21:40:10.961 [pool-2-thread-78] DEBUG tourGuide.service.RewardsService - calculateRewards pour user : internalUser341
21:40:10.961 [pool-2-thread-55] DEBUG tourGuide.service.RewardsService - calculateRewards pour user : internalUser393
21:40:10.962 [pool-2-thread-58] DEBUG tourGuide.service.RewardsService - calculateRewards pour user : internalUser372
21:40:10.962 [pool-2-thread-26] DEBUG tourGuide.service.RewardsService - calculateRewards pour user : internalUser585
21:40:10.963 [pool-2-thread-72] DEBUG tourGuide.service.RewardsService - calculateRewards pour user : internalUser394
21:40:10.963 [pool-2-thread-62] DEBUG tourGuide.service.RewardsService - calculateRewards pour user : internalUser323
21:40:10.964 [pool-2-thread-94] DEBUG tourGuide.service.RewardsService - calculateRewards pour user : internalUser153
21:40:10.965 [pool-2-thread-46] DEBUG tourGuide.service.RewardsService - calculateRewards pour user : internalUser588
21:40:10.965 [pool-2-thread-43] DEBUG tourGuide.service.RewardsService - calculateRewards pour user : internalUser344
21:40:10.966 [pool-2-thread-19] DEBUG tourGuide.service.RewardsService - calculateRewards pour user : internalUser340
21:40:10.970 [pool-2-thread-34] DEBUG tourGuide.service.RewardsService - calculateRewards pour user : internalUser564
21:40:10.971 [pool-2-thread-14] DEBUG tourGuide.service.RewardsService - calculateRewards pour user : internalUser345
21:40:10.976 [pool-2-thread-59] DEBUG tourGuide.service.RewardsService - calculateRewards pour user : internalUser350
21:40:10.977 [pool-2-thread-23] DEBUG tourGuide.service.RewardsService - calculateRewards pour user : internalUser131
21:40:10.978 [pool-2-thread-17] DEBUG tourGuide.service.RewardsService - calculateRewards pour user : internalUser337
21:40:10.979 [pool-2-thread-42] DEBUG tourGuide.service.RewardsService - calculateRewards pour user : internalUser332
21:40:10.981 [pool-2-thread-82] DEBUG tourGuide.service.RewardsService - calculateRewards pour user : internalUser102
21:40:10.982 [pool-2-thread-5] DEBUG tourGuide.service.RewardsService - calculateRewards pour user : internalUser101
21:40:10.983 [pool-2-thread-7] DEBUG tourGuide.service.RewardsService - calculateRewards pour user : internalUser579
21:40:10.984 [pool-2-thread-9] DEBUG tourGuide.service.RewardsService - calculateRewards pour user : internalUser0
21:40:10.984 [pool-2-thread-51] DEBUG tourGuide.service.RewardsService - calculateRewards pour user : internalUser142
21:40:10.984 [pool-2-thread-1] DEBUG tourGuide.service.RewardsService - calculateRewards pour user : internalUser335
21:40:10.984 [pool-2-thread-13] DEBUG tourGuide.service.RewardsService - calculateRewards pour user : internalUser351
21:40:10.985 [pool-2-thread-79] DEBUG tourGuide.service.RewardsService - calculateRewards pour user : internalUser576
21:40:10.989 [pool-2-thread-54] DEBUG tourGuide.service.RewardsService - calculateRewards pour user : internalUser339
21:40:10.991 [pool-2-thread-47] DEBUG tourGuide.service.RewardsService - calculateRewards pour user : internalUser349
21:40:10.997 [pool-2-thread-39] DEBUG tourGuide.service.RewardsService - calculateRewards pour user : internalUser381
21:40:11.010 [pool-2-thread-86] DEBUG tourGuide.service.RewardsService - calculateRewards pour user : internalUser592
21:40:11.011 [pool-2-thread-83] DEBUG tourGuide.service.RewardsService - calculateRewards pour user : internalUser355
21:40:11.012 [pool-2-thread-69] DEBUG tourGuide.service.RewardsService - calculateRewards pour user : internalUser100
21:40:11.012 [pool-2-thread-10] DEBUG tourGuide.service.RewardsService - calculateRewards pour user : internalUser7
21:40:11.013 [pool-2-thread-12] DEBUG tourGuide.service.RewardsService - calculateRewards pour user : internalUser320
21:40:11.014 [pool-2-thread-96] DEBUG tourGuide.service.RewardsService - calculateRewards pour user : internalUser582
21:40:11.014 [pool-2-thread-2] DEBUG tourGuide.service.RewardsService - calculateRewards pour user : internalUser6
21:40:11.014 [pool-2-thread-63] DEBUG tourGuide.service.RewardsService - calculateRewards pour user : internalUser586
21:40:11.013 [pool-2-thread-31] DEBUG tourGuide.service.RewardsService - calculateRewards pour user : internalUser3
21:40:11.015 [pool-2-thread-98] DEBUG tourGuide.service.RewardsService - calculateRewards pour user : internalUser383
21:40:11.015 [pool-2-thread-66] DEBUG tourGuide.service.RewardsService - calculateRewards pour user : internalUser590
21:40:11.015 [pool-2-thread-68] DEBUG tourGuide.service.RewardsService - calculateRewards pour user : internalUser567
21:40:11.015 [pool-2-thread-16] DEBUG tourGuide.service.RewardsService - calculateRewards pour user : internalUser330
21:40:11.015 [pool-2-thread-100] DEBUG tourGuide.service.RewardsService - calculateRewards pour user : internalUser8
21:40:11.015 [pool-2-thread-99] DEBUG tourGuide.service.RewardsService - calculateRewards pour user : internalUser5
21:40:11.016 [pool-2-thread-57] DEBUG tourGuide.service.RewardsService - calculateRewards pour user : internalUser328
21:40:11.016 [pool-2-thread-61] DEBUG tourGuide.service.RewardsService - calculateRewards pour user : internalUser570
21:40:11.016 [pool-2-thread-53] DEBUG tourGuide.service.RewardsService - calculateRewards pour user : internalUser333
21:40:11.016 [pool-2-thread-93] DEBUG tourGuide.service.RewardsService - calculateRewards pour user : internalUser108
21:40:11.017 [pool-2-thread-60] DEBUG tourGuide.service.RewardsService - calculateRewards pour user : internalUser155
21:40:11.017 [pool-2-thread-3] DEBUG tourGuide.service.RewardsService - calculateRewards pour user : internalUser375
21:40:11.017 [pool-2-thread-8] DEBUG tourGuide.service.RewardsService - calculateRewards pour user : internalUser359
21:40:11.017 [pool-2-thread-62] DEBUG tourGuide.service.RewardsService - calculateRewards pour user : internalUser118
21:40:11.017 [pool-2-thread-38] DEBUG tourGuide.service.RewardsService - calculateRewards pour user : internalUser357
21:40:11.017 [pool-2-thread-58] DEBUG tourGuide.service.RewardsService - calculateRewards pour user : internalUser595
21:40:11.018 [pool-2-thread-67] DEBUG tourGuide.service.RewardsService - calculateRewards pour user : internalUser145
21:40:11.018 [pool-2-thread-21] DEBUG tourGuide.service.RewardsService - calculateRewards pour user : internalUser331
21:40:11.019 [pool-2-thread-91] DEBUG tourGuide.service.RewardsService - calculateRewards pour user : internalUser352
21:40:11.020 [pool-2-thread-27] DEBUG tourGuide.service.RewardsService - calculateRewards pour user : internalUser148
21:40:11.023 [pool-2-thread-64] DEBUG tourGuide.service.RewardsService - calculateRewards pour user : internalUser109
21:40:11.031 [pool-2-thread-74] DEBUG tourGuide.service.RewardsService - calculateRewards pour user : internalUser1
21:40:11.031 [pool-2-thread-46] DEBUG tourGuide.service.RewardsService - calculateRewards pour user : internalUser766
21:40:11.031 [pool-2-thread-14] DEBUG tourGuide.service.RewardsService - calculateRewards pour user : internalUser522
21:40:11.031 [pool-2-thread-95] DEBUG tourGuide.service.RewardsService - calculateRewards pour user : internalUser135
21:40:11.034 [pool-2-thread-71] DEBUG tourGuide.service.RewardsService - calculateRewards pour user : internalUser149
21:40:11.034 [pool-2-thread-80] DEBUG tourGuide.service.RewardsService - calculateRewards pour user : internalUser117
21:40:11.035 [pool-2-thread-35] DEBUG tourGuide.service.RewardsService - calculateRewards pour user : internalUser384
21:40:11.036 [pool-2-thread-34] DEBUG tourGuide.service.RewardsService - calculateRewards pour user : internalUser763
21:40:11.060 [pool-2-thread-72] DEBUG tourGuide.service.RewardsService - calculateRewards pour user : internalUser119
21:40:11.061 [pool-2-thread-87] DEBUG tourGuide.service.RewardsService - calculateRewards pour user : internalUser593
21:40:11.065 [pool-2-thread-84] DEBUG tourGuide.service.RewardsService - calculateRewards pour user : internalUser114
21:40:11.065 [pool-2-thread-33] DEBUG tourGuide.service.RewardsService - calculateRewards pour user : internalUser140
21:40:11.065 [pool-2-thread-24] DEBUG tourGuide.service.RewardsService - calculateRewards pour user : internalUser107
21:40:11.065 [pool-2-thread-40] DEBUG tourGuide.service.RewardsService - calculateRewards pour user : internalUser389
21:40:11.065 [pool-2-thread-73] DEBUG tourGuide.service.RewardsService - calculateRewards pour user : internalUser356
21:40:11.065 [pool-2-thread-11] DEBUG tourGuide.service.RewardsService - calculateRewards pour user : internalUser115
21:40:11.065 [pool-2-thread-89] DEBUG tourGuide.service.RewardsService - calculateRewards pour user : internalUser133
21:40:11.066 [pool-2-thread-36] DEBUG tourGuide.service.RewardsService - calculateRewards pour user : internalUser380
21:40:11.066 [pool-2-thread-4] DEBUG tourGuide.service.RewardsService - calculateRewards pour user : internalUser596
21:40:11.066 [pool-2-thread-52] DEBUG tourGuide.service.RewardsService - calculateRewards pour user : internalUser4
21:40:11.066 [pool-2-thread-75] DEBUG tourGuide.service.RewardsService - calculateRewards pour user : internalUser113
21:40:11.068 [pool-2-thread-6] DEBUG tourGuide.service.RewardsService - calculateRewards pour user : internalUser112
21:40:11.068 [pool-2-thread-77] DEBUG tourGuide.service.RewardsService - calculateRewards pour user : internalUser132
21:40:11.068 [pool-2-thread-32] DEBUG tourGuide.service.RewardsService - calculateRewards pour user : internalUser591
21:40:11.074 [pool-2-thread-88] DEBUG tourGuide.service.RewardsService - calculateRewards pour user : internalUser116
21:40:11.075 [pool-2-thread-44] DEBUG tourGuide.service.RewardsService - calculateRewards pour user : internalUser382
21:40:11.075 [pool-2-thread-28] DEBUG tourGuide.service.RewardsService - calculateRewards pour user : internalUser599
21:40:11.075 [pool-2-thread-49] DEBUG tourGuide.service.RewardsService - calculateRewards pour user : internalUser374
21:40:11.075 [pool-2-thread-92] DEBUG tourGuide.service.RewardsService - calculateRewards pour user : internalUser141
21:40:11.075 [pool-2-thread-29] DEBUG tourGuide.service.RewardsService - calculateRewards pour user : internalUser377
21:40:11.076 [pool-2-thread-15] DEBUG tourGuide.service.RewardsService - calculateRewards pour user : internalUser354
21:40:11.076 [pool-2-thread-20] DEBUG tourGuide.service.RewardsService - calculateRewards pour user : internalUser358
21:40:11.077 [pool-2-thread-41] DEBUG tourGuide.service.RewardsService - calculateRewards pour user : internalUser147
21:40:11.079 [pool-2-thread-18] DEBUG tourGuide.service.RewardsService - calculateRewards pour user : internalUser531
21:40:11.080 [pool-2-thread-81] DEBUG tourGuide.service.RewardsService - calculateRewards pour user : internalUser533
21:40:11.087 [pool-2-thread-65] DEBUG tourGuide.service.RewardsService - calculateRewards pour user : internalUser775
21:40:11.089 [pool-2-thread-30] DEBUG tourGuide.service.RewardsService - calculateRewards pour user : internalUser598
21:40:11.089 [pool-2-thread-90] DEBUG tourGuide.service.RewardsService - calculateRewards pour user : internalUser597
21:40:11.089 [pool-2-thread-97] DEBUG tourGuide.service.RewardsService - calculateRewards pour user : internalUser387
21:40:11.090 [pool-2-thread-50] DEBUG tourGuide.service.RewardsService - calculateRewards pour user : internalUser110
21:40:11.090 [pool-2-thread-9] DEBUG tourGuide.service.RewardsService - calculateRewards pour user : internalUser525
21:40:11.090 [pool-2-thread-94] DEBUG tourGuide.service.RewardsService - calculateRewards pour user : internalUser765
21:40:11.091 [pool-2-thread-22] DEBUG tourGuide.service.RewardsService - calculateRewards pour user : internalUser594
21:40:11.091 [pool-2-thread-70] DEBUG tourGuide.service.RewardsService - calculateRewards pour user : internalUser353
21:40:11.091 [pool-2-thread-26] DEBUG tourGuide.service.RewardsService - calculateRewards pour user : internalUser523
21:40:11.092 [pool-2-thread-5] DEBUG tourGuide.service.RewardsService - calculateRewards pour user : internalUser761
21:40:11.092 [pool-2-thread-47] DEBUG tourGuide.service.RewardsService - calculateRewards pour user : internalUser535
21:40:11.093 [pool-2-thread-69] DEBUG tourGuide.service.RewardsService - calculateRewards pour user : internalUser539
21:40:11.093 [pool-2-thread-19] DEBUG tourGuide.service.RewardsService - calculateRewards pour user : internalUser521
21:40:11.093 [pool-2-thread-13] DEBUG tourGuide.service.RewardsService - calculateRewards pour user : internalUser768
21:40:11.094 [pool-2-thread-78] DEBUG tourGuide.service.RewardsService - calculateRewards pour user : internalUser111
21:40:11.099 [pool-2-thread-82] DEBUG tourGuide.service.RewardsService - calculateRewards pour user : internalUser767
21:40:11.100 [pool-2-thread-58] DEBUG tourGuide.service.RewardsService - calculateRewards pour user : internalUser303
21:40:11.101 [pool-2-thread-62] DEBUG tourGuide.service.RewardsService - calculateRewards pour user : internalUser787
21:40:11.102 [pool-2-thread-23] DEBUG tourGuide.service.RewardsService - calculateRewards pour user : internalUser760
21:40:11.103 [pool-2-thread-79] DEBUG tourGuide.service.RewardsService - calculateRewards pour user : internalUser526
21:40:11.103 [pool-2-thread-43] DEBUG tourGuide.service.RewardsService - calculateRewards pour user : internalUser524
21:40:11.104 [pool-2-thread-2] DEBUG tourGuide.service.RewardsService - calculateRewards pour user : internalUser537
21:40:11.105 [pool-2-thread-83] DEBUG tourGuide.service.RewardsService - calculateRewards pour user : internalUser770
21:40:11.105 [pool-2-thread-55] DEBUG tourGuide.service.RewardsService - calculateRewards pour user : internalUser146
21:40:11.105 [pool-2-thread-7] DEBUG tourGuide.service.RewardsService - calculateRewards pour user : internalUser764
21:40:11.106 [pool-2-thread-39] DEBUG tourGuide.service.RewardsService - calculateRewards pour user : internalUser777
21:40:11.106 [pool-2-thread-42] DEBUG tourGuide.service.RewardsService - calculateRewards pour user : internalUser769
21:40:11.106 [pool-2-thread-59] DEBUG tourGuide.service.RewardsService - calculateRewards pour user : internalUser529
21:40:11.106 [pool-2-thread-17] DEBUG tourGuide.service.RewardsService - calculateRewards pour user : internalUser527
21:40:11.106 [pool-2-thread-31] DEBUG tourGuide.service.RewardsService - calculateRewards pour user : internalUser536
21:40:11.107 [pool-2-thread-74] DEBUG tourGuide.service.RewardsService - calculateRewards pour user : internalUser301
21:40:11.107 [pool-2-thread-54] DEBUG tourGuide.service.RewardsService - calculateRewards pour user : internalUser776
21:40:11.107 [pool-2-thread-10] DEBUG tourGuide.service.RewardsService - calculateRewards pour user : internalUser538
21:40:11.107 [pool-2-thread-1] DEBUG tourGuide.service.RewardsService - calculateRewards pour user : internalUser534
21:40:11.111 [pool-2-thread-37] DEBUG tourGuide.service.RewardsService - calculateRewards pour user : internalUser762
21:40:11.111 [pool-2-thread-56] DEBUG tourGuide.service.RewardsService - calculateRewards pour user : internalUser532
21:40:11.114 [pool-2-thread-91] DEBUG tourGuide.service.RewardsService - calculateRewards pour user : internalUser546
21:40:11.115 [pool-2-thread-51] DEBUG tourGuide.service.RewardsService - calculateRewards pour user : internalUser528
21:40:11.119 [pool-2-thread-98] DEBUG tourGuide.service.RewardsService - calculateRewards pour user : internalUser780
21:40:11.120 [pool-2-thread-86] DEBUG tourGuide.service.RewardsService - calculateRewards pour user : internalUser771
21:40:11.121 [pool-2-thread-63] DEBUG tourGuide.service.RewardsService - calculateRewards pour user : internalUser778
21:40:11.122 [pool-2-thread-27] DEBUG tourGuide.service.RewardsService - calculateRewards pour user : internalUser788
21:40:11.128 [pool-2-thread-45] DEBUG tourGuide.service.RewardsService - calculateRewards pour user : internalUser772
21:40:11.130 [pool-2-thread-85] DEBUG tourGuide.service.RewardsService - calculateRewards pour user : internalUser773
21:40:11.135 [pool-2-thread-67] DEBUG tourGuide.service.RewardsService - calculateRewards pour user : internalUser304
21:40:11.135 [pool-2-thread-76] DEBUG tourGuide.service.RewardsService - calculateRewards pour user : internalUser520
21:40:11.135 [pool-2-thread-66] DEBUG tourGuide.service.RewardsService - calculateRewards pour user : internalUser779
21:40:11.135 [pool-2-thread-25] DEBUG tourGuide.service.RewardsService - calculateRewards pour user : internalUser530
21:40:11.135 [pool-2-thread-48] DEBUG tourGuide.service.RewardsService - calculateRewards pour user : internalUser774
21:40:11.135 [pool-2-thread-93] DEBUG tourGuide.service.RewardsService - calculateRewards pour user : internalUser784
21:40:11.136 [pool-2-thread-38] DEBUG tourGuide.service.RewardsService - calculateRewards pour user : internalUser545
21:40:11.137 [pool-2-thread-12] DEBUG tourGuide.service.RewardsService - calculateRewards pour user : internalUser544
21:40:11.137 [pool-2-thread-61] DEBUG tourGuide.service.RewardsService - calculateRewards pour user : internalUser540
21:40:11.137 [pool-2-thread-57] DEBUG tourGuide.service.RewardsService - calculateRewards pour user : internalUser782
21:40:11.137 [pool-2-thread-64] DEBUG tourGuide.service.RewardsService - calculateRewards pour user : internalUser305
21:40:11.137 [pool-2-thread-60] DEBUG tourGuide.service.RewardsService - calculateRewards pour user : internalUser549
21:40:11.137 [pool-2-thread-3] DEBUG tourGuide.service.RewardsService - calculateRewards pour user : internalUser307
21:40:11.137 [pool-2-thread-21] DEBUG tourGuide.service.RewardsService - calculateRewards pour user : internalUser308
21:40:11.137 [pool-2-thread-95] DEBUG tourGuide.service.RewardsService - calculateRewards pour user : internalUser543
21:40:11.138 [pool-2-thread-35] DEBUG tourGuide.service.RewardsService - calculateRewards pour user : internalUser306
21:40:11.141 [pool-2-thread-96] DEBUG tourGuide.service.RewardsService - calculateRewards pour user : internalUser786
21:40:11.141 [pool-2-thread-99] DEBUG tourGuide.service.RewardsService - calculateRewards pour user : internalUser541
21:40:11.141 [pool-2-thread-8] DEBUG tourGuide.service.RewardsService - calculateRewards pour user : internalUser309
21:40:11.141 [pool-2-thread-16] DEBUG tourGuide.service.RewardsService - calculateRewards pour user : internalUser300
21:40:11.143 [pool-2-thread-53] DEBUG tourGuide.service.RewardsService - calculateRewards pour user : internalUser781
21:40:11.146 [pool-2-thread-70] DEBUG tourGuide.service.RewardsService - calculateRewards pour user : internalUser799
21:40:11.151 [pool-2-thread-71] DEBUG tourGuide.service.RewardsService - calculateRewards pour user : internalUser547
21:40:11.152 [pool-2-thread-13] DEBUG tourGuide.service.RewardsService - calculateRewards pour user : internalUser794
21:40:11.153 [pool-2-thread-100] DEBUG tourGuide.service.RewardsService - calculateRewards pour user : internalUser783
21:40:11.154 [pool-2-thread-94] DEBUG tourGuide.service.RewardsService - calculateRewards pour user : internalUser554
21:40:11.154 [pool-2-thread-46] DEBUG tourGuide.service.RewardsService - calculateRewards pour user : internalUser302
21:40:11.155 [pool-2-thread-14] DEBUG tourGuide.service.RewardsService - calculateRewards pour user : internalUser785
21:40:11.159 [pool-2-thread-89] DEBUG tourGuide.service.RewardsService - calculateRewards pour user : internalUser795
21:40:11.160 [pool-2-thread-19] DEBUG tourGuide.service.RewardsService - calculateRewards pour user : internalUser555
21:40:11.162 [pool-2-thread-87] DEBUG tourGuide.service.RewardsService - calculateRewards pour user : internalUser791
21:40:11.162 [pool-2-thread-69] DEBUG tourGuide.service.RewardsService - calculateRewards pour user : internalUser797
21:40:11.164 [pool-2-thread-80] DEBUG tourGuide.service.RewardsService - calculateRewards pour user : internalUser789
21:40:11.164 [pool-2-thread-15] DEBUG tourGuide.service.RewardsService - calculateRewards pour user : internalUser854
21:40:11.165 [pool-2-thread-5] DEBUG tourGuide.service.RewardsService - calculateRewards pour user : internalUser796
21:40:11.168 [pool-2-thread-68] DEBUG tourGuide.service.RewardsService - calculateRewards pour user : internalUser542
21:40:11.168 [pool-2-thread-28] DEBUG tourGuide.service.RewardsService - calculateRewards pour user : internalUser848
21:40:11.168 [pool-2-thread-33] DEBUG tourGuide.service.RewardsService - calculateRewards pour user : internalUser318
21:40:11.169 [pool-2-thread-83] DEBUG tourGuide.service.RewardsService - calculateRewards pour user : internalUser849
21:40:11.169 [pool-2-thread-22] DEBUG tourGuide.service.RewardsService - calculateRewards pour user : internalUser312
21:40:11.169 [pool-2-thread-7] DEBUG tourGuide.service.RewardsService - calculateRewards pour user : internalUser845
21:40:11.169 [pool-2-thread-4] DEBUG tourGuide.service.RewardsService - calculateRewards pour user : internalUser317
21:40:11.170 [pool-2-thread-34] DEBUG tourGuide.service.RewardsService - calculateRewards pour user : internalUser548
21:40:11.170 [pool-2-thread-72] DEBUG tourGuide.service.RewardsService - calculateRewards pour user : internalUser790
21:40:11.171 [pool-2-thread-50] DEBUG tourGuide.service.RewardsService - calculateRewards pour user : internalUser315
21:40:11.172 [pool-2-thread-39] DEBUG tourGuide.service.RewardsService - calculateRewards pour user : internalUser844
21:40:11.175 [pool-2-thread-78] DEBUG tourGuide.service.RewardsService - calculateRewards pour user : internalUser552
21:40:11.176 [pool-2-thread-92] DEBUG tourGuide.service.RewardsService - calculateRewards pour user : internalUser603
21:40:11.176 [pool-2-thread-77] DEBUG tourGuide.service.RewardsService - calculateRewards pour user : internalUser842
21:40:11.177 [pool-2-thread-36] DEBUG tourGuide.service.RewardsService - calculateRewards pour user : internalUser559
21:40:11.179 [pool-2-thread-91] DEBUG tourGuide.service.RewardsService - calculateRewards pour user : internalUser615
21:40:11.179 [pool-2-thread-17] DEBUG tourGuide.service.RewardsService - calculateRewards pour user : internalUser846
21:40:11.179 [pool-2-thread-20] DEBUG tourGuide.service.RewardsService - calculateRewards pour user : internalUser610
21:40:11.180 [pool-2-thread-26] DEBUG tourGuide.service.RewardsService - calculateRewards pour user : internalUser313
21:40:11.180 [pool-2-thread-23] DEBUG tourGuide.service.RewardsService - calculateRewards pour user : internalUser606
21:40:11.180 [pool-2-thread-98] DEBUG tourGuide.service.RewardsService - calculateRewards pour user : internalUser613
21:40:11.181 [pool-2-thread-9] DEBUG tourGuide.service.RewardsService - calculateRewards pour user : internalUser798
21:40:11.181 [pool-2-thread-42] DEBUG tourGuide.service.RewardsService - calculateRewards pour user : internalUser602
21:40:11.181 [pool-2-thread-6] DEBUG tourGuide.service.RewardsService - calculateRewards pour user : internalUser601
21:40:11.182 [pool-2-thread-81] DEBUG tourGuide.service.RewardsService - calculateRewards pour user : internalUser618
21:40:11.182 [pool-2-thread-67] DEBUG tourGuide.service.RewardsService - calculateRewards pour user : internalUser621
21:40:11.185 [pool-2-thread-43] DEBUG tourGuide.service.RewardsService - calculateRewards pour user : internalUser841
21:40:11.186 [pool-2-thread-48] DEBUG tourGuide.service.RewardsService - calculateRewards pour user : internalUser865
21:40:11.186 [pool-2-thread-51] DEBUG tourGuide.service.RewardsService - calculateRewards pour user : internalUser616
21:40:11.187 [pool-2-thread-44] DEBUG tourGuide.service.RewardsService - calculateRewards pour user : internalUser609
21:40:11.189 [pool-2-thread-29] DEBUG tourGuide.service.RewardsService - calculateRewards pour user : internalUser853
21:40:11.190 [pool-2-thread-97] DEBUG tourGuide.service.RewardsService - calculateRewards pour user : internalUser557
21:40:11.191 [pool-2-thread-38] DEBUG tourGuide.service.RewardsService - calculateRewards pour user : internalUser863
21:40:11.192 [pool-2-thread-16] DEBUG tourGuide.service.RewardsService - calculateRewards pour user : internalUser626
21:40:11.193 [pool-2-thread-99] DEBUG tourGuide.service.RewardsService - calculateRewards pour user : internalUser11
21:40:11.193 [pool-2-thread-58] DEBUG tourGuide.service.RewardsService - calculateRewards pour user : internalUser553
21:40:11.194 [pool-2-thread-1] DEBUG tourGuide.service.RewardsService - calculateRewards pour user : internalUser617
21:40:11.194 [pool-2-thread-41] DEBUG tourGuide.service.RewardsService - calculateRewards pour user : internalUser850
21:40:11.195 [pool-2-thread-10] DEBUG tourGuide.service.RewardsService - calculateRewards pour user : internalUser611
21:40:11.195 [pool-2-thread-31] DEBUG tourGuide.service.RewardsService - calculateRewards pour user : internalUser852
21:40:11.196 [pool-2-thread-30] DEBUG tourGuide.service.RewardsService - calculateRewards pour user : internalUser556
21:40:11.196 [pool-2-thread-76] DEBUG tourGuide.service.RewardsService - calculateRewards pour user : internalUser862
21:40:11.196 [pool-2-thread-62] DEBUG tourGuide.service.RewardsService - calculateRewards pour user : internalUser843
21:40:11.198 [pool-2-thread-25] DEBUG tourGuide.service.RewardsService - calculateRewards pour user : internalUser623
21:40:11.198 [pool-2-thread-82] DEBUG tourGuide.service.RewardsService - calculateRewards pour user : internalUser311
21:40:11.199 [pool-2-thread-52] DEBUG tourGuide.service.RewardsService - calculateRewards pour user : internalUser558
21:40:11.200 [pool-2-thread-47] DEBUG tourGuide.service.RewardsService - calculateRewards pour user : internalUser310
21:40:11.200 [pool-2-thread-35] DEBUG tourGuide.service.RewardsService - calculateRewards pour user : internalUser12
21:40:11.201 [pool-2-thread-37] DEBUG tourGuide.service.RewardsService - calculateRewards pour user : internalUser856
21:40:11.201 [pool-2-thread-56] DEBUG tourGuide.service.RewardsService - calculateRewards pour user : internalUser857
21:40:11.202 [pool-2-thread-84] DEBUG tourGuide.service.RewardsService - calculateRewards pour user : internalUser319
21:40:11.204 [pool-2-thread-24] DEBUG tourGuide.service.RewardsService - calculateRewards pour user : internalUser793
21:40:11.204 [pool-2-thread-18] DEBUG tourGuide.service.RewardsService - calculateRewards pour user : internalUser619
21:40:11.204 [pool-2-thread-75] DEBUG tourGuide.service.RewardsService - calculateRewards pour user : internalUser316
21:40:11.204 [pool-2-thread-8] DEBUG tourGuide.service.RewardsService - calculateRewards pour user : internalUser627
21:40:11.206 [pool-2-thread-90] DEBUG tourGuide.service.RewardsService - calculateRewards pour user : internalUser314
21:40:11.206 [pool-2-thread-55] DEBUG tourGuide.service.RewardsService - calculateRewards pour user : internalUser607
21:40:11.207 [pool-2-thread-96] DEBUG tourGuide.service.RewardsService - calculateRewards pour user : internalUser868
21:40:11.209 [pool-2-thread-79] DEBUG tourGuide.service.RewardsService - calculateRewards pour user : internalUser608
21:40:11.210 [pool-2-thread-21] DEBUG tourGuide.service.RewardsService - calculateRewards pour user : internalUser861
21:40:11.211 [pool-2-thread-71] DEBUG tourGuide.service.RewardsService - calculateRewards pour user : internalUser624
21:40:11.212 [pool-2-thread-12] DEBUG tourGuide.service.RewardsService - calculateRewards pour user : internalUser628
21:40:11.212 [pool-2-thread-73] DEBUG tourGuide.service.RewardsService - calculateRewards pour user : internalUser792
21:40:11.216 [pool-2-thread-57] DEBUG tourGuide.service.RewardsService - calculateRewards pour user : internalUser18
21:40:11.216 [pool-2-thread-27] DEBUG tourGuide.service.RewardsService - calculateRewards pour user : internalUser614
21:40:11.217 [pool-2-thread-53] DEBUG tourGuide.service.RewardsService - calculateRewards pour user : internalUser869
21:40:11.218 [pool-2-thread-59] DEBUG tourGuide.service.RewardsService - calculateRewards pour user : internalUser605
21:40:11.218 [pool-2-thread-7] DEBUG tourGuide.service.RewardsService - calculateRewards pour user : internalUser872
21:40:11.218 [pool-2-thread-49] DEBUG tourGuide.service.RewardsService - calculateRewards pour user : internalUser847
21:40:11.220 [pool-2-thread-94] DEBUG tourGuide.service.RewardsService - calculateRewards pour user : internalUser867
21:40:11.220 [pool-2-thread-33] DEBUG tourGuide.service.RewardsService - calculateRewards pour user : internalUser874
21:40:11.221 [pool-2-thread-2] DEBUG tourGuide.service.RewardsService - calculateRewards pour user : internalUser604
21:40:11.223 [pool-2-thread-40] DEBUG tourGuide.service.RewardsService - calculateRewards pour user : internalUser551
21:40:11.224 [pool-2-thread-11] DEBUG tourGuide.service.RewardsService - calculateRewards pour user : internalUser550
21:40:11.224 [pool-2-thread-88] DEBUG tourGuide.service.RewardsService - calculateRewards pour user : internalUser840
21:40:11.224 [pool-2-thread-45] DEBUG tourGuide.service.RewardsService - calculateRewards pour user : internalUser622
21:40:11.224 [pool-2-thread-60] DEBUG tourGuide.service.RewardsService - calculateRewards pour user : internalUser19
21:40:11.224 [pool-2-thread-19] DEBUG tourGuide.service.RewardsService - calculateRewards pour user : internalUser633
21:40:11.225 [pool-2-thread-32] DEBUG tourGuide.service.RewardsService - calculateRewards pour user : internalUser600
21:40:11.225 [pool-2-thread-54] DEBUG tourGuide.service.RewardsService - calculateRewards pour user : internalUser612
21:40:11.225 [pool-2-thread-13] DEBUG tourGuide.service.RewardsService - calculateRewards pour user : internalUser866
21:40:11.225 [pool-2-thread-68] DEBUG tourGuide.service.RewardsService - calculateRewards pour user : internalUser630
21:40:11.227 [pool-2-thread-3] DEBUG tourGuide.service.RewardsService - calculateRewards pour user : internalUser15
21:40:11.227 [pool-2-thread-6] DEBUG tourGuide.service.RewardsService - calculateRewards pour user : internalUser806
21:40:11.228 [pool-2-thread-63] DEBUG tourGuide.service.RewardsService - calculateRewards pour user : internalUser855
21:40:11.229 [pool-2-thread-74] DEBUG tourGuide.service.RewardsService - calculateRewards pour user : internalUser851
21:40:11.230 [pool-2-thread-85] DEBUG tourGuide.service.RewardsService - calculateRewards pour user : internalUser864
21:40:11.230 [pool-2-thread-72] DEBUG tourGuide.service.RewardsService - calculateRewards pour user : internalUser29
21:40:11.231 [pool-2-thread-86] DEBUG tourGuide.service.RewardsService - calculateRewards pour user : internalUser858
21:40:11.233 [pool-2-thread-4] DEBUG tourGuide.service.RewardsService - calculateRewards pour user : internalUser26
21:40:11.234 [pool-2-thread-65] DEBUG tourGuide.service.RewardsService - calculateRewards pour user : internalUser859
21:40:11.235 [pool-2-thread-5] DEBUG tourGuide.service.RewardsService - calculateRewards pour user : internalUser631
21:40:11.236 [pool-2-thread-93] DEBUG tourGuide.service.RewardsService - calculateRewards pour user : internalUser860
21:40:11.236 [pool-2-thread-89] DEBUG tourGuide.service.RewardsService - calculateRewards pour user : internalUser873
21:40:11.237 [pool-2-thread-95] DEBUG tourGuide.service.RewardsService - calculateRewards pour user : internalUser629
21:40:11.237 [pool-2-thread-77] DEBUG tourGuide.service.RewardsService - calculateRewards pour user : internalUser879
21:40:11.239 [pool-2-thread-61] DEBUG tourGuide.service.RewardsService - calculateRewards pour user : internalUser17
21:40:11.243 [pool-2-thread-66] DEBUG tourGuide.service.RewardsService - calculateRewards pour user : internalUser620
21:40:11.244 [pool-2-thread-62] DEBUG tourGuide.service.RewardsService - calculateRewards pour user : internalUser808
21:40:11.244 [pool-2-thread-64] DEBUG tourGuide.service.RewardsService - calculateRewards pour user : internalUser16
21:40:11.245 [pool-2-thread-83] DEBUG tourGuide.service.RewardsService - calculateRewards pour user : internalUser27
21:40:11.246 [pool-2-thread-69] DEBUG tourGuide.service.RewardsService - calculateRewards pour user : internalUser875
21:40:11.247 [pool-2-thread-22] DEBUG tourGuide.service.RewardsService - calculateRewards pour user : internalUser870
21:40:11.247 [pool-2-thread-31] DEBUG tourGuide.service.RewardsService - calculateRewards pour user : internalUser30
21:40:11.248 [pool-2-thread-99] DEBUG tourGuide.service.RewardsService - calculateRewards pour user : internalUser35
21:40:11.249 [pool-2-thread-58] DEBUG tourGuide.service.RewardsService - calculateRewards pour user : internalUser803
21:40:11.251 [pool-2-thread-18] DEBUG tourGuide.service.RewardsService - calculateRewards pour user : internalUser47
21:40:11.251 [pool-2-thread-29] DEBUG tourGuide.service.RewardsService - calculateRewards pour user : internalUser34
21:40:11.251 [pool-2-thread-76] DEBUG tourGuide.service.RewardsService - calculateRewards pour user : internalUser809
21:40:11.253 [pool-2-thread-91] DEBUG tourGuide.service.RewardsService - calculateRewards pour user : internalUser25
21:40:11.254 [pool-2-thread-17] DEBUG tourGuide.service.RewardsService - calculateRewards pour user : internalUser635
21:40:11.254 [pool-2-thread-98] DEBUG tourGuide.service.RewardsService - calculateRewards pour user : internalUser636
21:40:11.254 [pool-2-thread-9] DEBUG tourGuide.service.RewardsService - calculateRewards pour user : internalUser878
21:40:11.256 [pool-2-thread-70] DEBUG tourGuide.service.RewardsService - calculateRewards pour user : internalUser14
21:40:11.257 [pool-2-thread-20] DEBUG tourGuide.service.RewardsService - calculateRewards pour user : internalUser21
21:40:11.257 [pool-2-thread-12] DEBUG tourGuide.service.RewardsService - calculateRewards pour user : internalUser42
21:40:11.257 [pool-2-thread-82] DEBUG tourGuide.service.RewardsService - calculateRewards pour user : internalUser810
21:40:11.258 [pool-2-thread-1] DEBUG tourGuide.service.RewardsService - calculateRewards pour user : internalUser801
21:40:11.258 [pool-2-thread-81] DEBUG tourGuide.service.RewardsService - calculateRewards pour user : internalUser37
21:40:11.258 [pool-2-thread-87] DEBUG tourGuide.service.RewardsService - calculateRewards pour user : internalUser634
21:40:11.259 [pool-2-thread-46] DEBUG tourGuide.service.RewardsService - calculateRewards pour user : internalUser625
21:40:11.259 [pool-2-thread-80] DEBUG tourGuide.service.RewardsService - calculateRewards pour user : internalUser632
21:40:11.259 [pool-2-thread-67] DEBUG tourGuide.service.RewardsService - calculateRewards pour user : internalUser38
21:40:11.261 [pool-2-thread-26] DEBUG tourGuide.service.RewardsService - calculateRewards pour user : internalUser877
21:40:11.261 [pool-2-thread-34] DEBUG tourGuide.service.RewardsService - calculateRewards pour user : internalUser639
21:40:11.261 [pool-2-thread-47] DEBUG tourGuide.service.RewardsService - calculateRewards pour user : internalUser48
21:40:11.262 [pool-2-thread-51] DEBUG tourGuide.service.RewardsService - calculateRewards pour user : internalUser804
21:40:11.264 [pool-2-thread-100] DEBUG tourGuide.service.RewardsService - calculateRewards pour user : internalUser13
21:40:11.265 [pool-2-thread-7] DEBUG tourGuide.service.RewardsService - calculateRewards pour user : internalUser829
21:40:11.265 [pool-2-thread-16] DEBUG tourGuide.service.RewardsService - calculateRewards pour user : internalUser36
21:40:11.267 [pool-2-thread-42] DEBUG tourGuide.service.RewardsService - calculateRewards pour user : internalUser20
21:40:11.268 [pool-2-thread-23] DEBUG tourGuide.service.RewardsService - calculateRewards pour user : internalUser24
21:40:11.268 [pool-2-thread-28] DEBUG tourGuide.service.RewardsService - calculateRewards pour user : internalUser871
21:40:11.269 [pool-2-thread-92] DEBUG tourGuide.service.RewardsService - calculateRewards pour user : internalUser637
21:40:11.269 [pool-2-thread-14] DEBUG tourGuide.service.RewardsService - calculateRewards pour user : internalUser10
21:40:11.269 [pool-2-thread-78] DEBUG tourGuide.service.RewardsService - calculateRewards pour user : internalUser22
21:40:11.270 [pool-2-thread-45] DEBUG tourGuide.service.RewardsService - calculateRewards pour user : internalUser822
21:40:11.270 [pool-2-thread-90] DEBUG tourGuide.service.RewardsService - calculateRewards pour user : internalUser811
21:40:11.271 [pool-2-thread-15] DEBUG tourGuide.service.RewardsService - calculateRewards pour user : internalUser876
21:40:11.274 [pool-2-thread-35] DEBUG tourGuide.service.RewardsService - calculateRewards pour user : internalUser818
21:40:11.275 [pool-2-thread-41] DEBUG tourGuide.service.RewardsService - calculateRewards pour user : internalUser800
21:40:11.275 [pool-2-thread-27] DEBUG tourGuide.service.RewardsService - calculateRewards pour user : internalUser820
21:40:11.275 [pool-2-thread-50] DEBUG tourGuide.service.RewardsService - calculateRewards pour user : internalUser28
21:40:11.275 [pool-2-thread-39] DEBUG tourGuide.service.RewardsService - calculateRewards pour user : internalUser23
21:40:11.276 [pool-2-thread-25] DEBUG tourGuide.service.RewardsService - calculateRewards pour user : internalUser49
21:40:11.276 [pool-2-thread-40] DEBUG tourGuide.service.RewardsService - calculateRewards pour user : internalUser55
21:40:11.278 [pool-2-thread-88] DEBUG tourGuide.service.RewardsService - calculateRewards pour user : internalUser825
21:40:11.279 [pool-2-thread-43] DEBUG tourGuide.service.RewardsService - calculateRewards pour user : internalUser807
21:40:11.279 [pool-2-thread-52] DEBUG tourGuide.service.RewardsService - calculateRewards pour user : internalUser817
21:40:11.280 [pool-2-thread-32] DEBUG tourGuide.service.RewardsService - calculateRewards pour user : internalUser54
21:40:11.280 [pool-2-thread-54] DEBUG tourGuide.service.RewardsService - calculateRewards pour user : internalUser53
21:40:11.282 [pool-2-thread-48] DEBUG tourGuide.service.RewardsService - calculateRewards pour user : internalUser39
21:40:11.282 [pool-2-thread-60] DEBUG tourGuide.service.RewardsService - calculateRewards pour user : internalUser57
21:40:11.282 [pool-2-thread-36] DEBUG tourGuide.service.RewardsService - calculateRewards pour user : internalUser638
21:40:11.283 [pool-2-thread-33] DEBUG tourGuide.service.RewardsService - calculateRewards pour user : internalUser827
21:40:11.287 [pool-2-thread-62] DEBUG tourGuide.service.RewardsService - calculateRewards pour user : internalUser153
21:40:11.288 [pool-2-thread-71] DEBUG tourGuide.service.RewardsService - calculateRewards pour user : internalUser43
21:40:11.288 [pool-2-thread-30] DEBUG tourGuide.service.RewardsService - calculateRewards pour user : internalUser31
21:40:11.289 [pool-2-thread-96] DEBUG tourGuide.service.RewardsService - calculateRewards pour user : internalUser812
21:40:11.290 [pool-2-thread-49] DEBUG tourGuide.service.RewardsService - calculateRewards pour user : internalUser59
21:40:11.291 [pool-2-thread-83] DEBUG tourGuide.service.RewardsService - calculateRewards pour user : internalUser836
21:40:11.293 [pool-2-thread-74] DEBUG tourGuide.service.RewardsService - calculateRewards pour user : internalUser832
21:40:11.294 [pool-2-thread-79] DEBUG tourGuide.service.RewardsService - calculateRewards pour user : internalUser41
21:40:11.294 [pool-2-thread-64] DEBUG tourGuide.service.RewardsService - calculateRewards pour user : internalUser66
21:40:11.294 [pool-2-thread-13] DEBUG tourGuide.service.RewardsService - calculateRewards pour user : internalUser51
21:40:11.295 [pool-2-thread-5] DEBUG tourGuide.service.RewardsService - calculateRewards pour user : internalUser144
21:40:11.296 [pool-2-thread-86] DEBUG tourGuide.service.RewardsService - calculateRewards pour user : internalUser839
21:40:11.296 [pool-2-thread-44] DEBUG tourGuide.service.RewardsService - calculateRewards pour user : internalUser805
21:40:11.296 [pool-2-thread-84] DEBUG tourGuide.service.RewardsService - calculateRewards pour user : internalUser45
21:40:11.297 [pool-2-thread-69] DEBUG tourGuide.service.RewardsService - calculateRewards pour user : internalUser395
21:40:11.297 [pool-2-thread-94] DEBUG tourGuide.service.RewardsService - calculateRewards pour user : internalUser56
21:40:11.297 [pool-2-thread-75] DEBUG tourGuide.service.RewardsService - calculateRewards pour user : internalUser814
21:40:11.298 [pool-2-thread-97] DEBUG tourGuide.service.RewardsService - calculateRewards pour user : internalUser802
21:40:11.298 [pool-2-thread-38] DEBUG tourGuide.service.RewardsService - calculateRewards pour user : internalUser33
21:40:11.299 [pool-2-thread-70] DEBUG tourGuide.service.RewardsService - calculateRewards pour user : internalUser60
21:40:11.299 [pool-2-thread-24] DEBUG tourGuide.service.RewardsService - calculateRewards pour user : internalUser44
21:40:11.299 [pool-2-thread-10] DEBUG tourGuide.service.RewardsService - calculateRewards pour user : internalUser32
21:40:11.299 [pool-2-thread-2] DEBUG tourGuide.service.RewardsService - calculateRewards pour user : internalUser824
21:40:11.300 [pool-2-thread-8] DEBUG tourGuide.service.RewardsService - calculateRewards pour user : internalUser813
21:40:11.302 [pool-2-thread-55] DEBUG tourGuide.service.RewardsService - calculateRewards pour user : internalUser46
21:40:11.302 [pool-2-thread-46] DEBUG tourGuide.service.RewardsService - calculateRewards pour user : internalUser70
21:40:11.303 [pool-2-thread-56] DEBUG tourGuide.service.RewardsService - calculateRewards pour user : internalUser816
21:40:11.303 [pool-2-thread-47] DEBUG tourGuide.service.RewardsService - calculateRewards pour user : internalUser71
21:40:11.304 [pool-2-thread-4] DEBUG tourGuide.service.RewardsService - calculateRewards pour user : internalUser385
21:40:11.305 [pool-2-thread-73] DEBUG tourGuide.service.RewardsService - calculateRewards pour user : internalUser819
21:40:11.306 [pool-2-thread-21] DEBUG tourGuide.service.RewardsService - calculateRewards pour user : internalUser40
21:40:11.306 [pool-2-thread-93] DEBUG tourGuide.service.RewardsService - calculateRewards pour user : internalUser386
21:40:11.307 [pool-2-thread-57] DEBUG tourGuide.service.RewardsService - calculateRewards pour user : internalUser821
21:40:11.307 [pool-2-thread-76] DEBUG tourGuide.service.RewardsService - calculateRewards pour user : internalUser834
21:40:11.307 [pool-2-thread-9] DEBUG tourGuide.service.RewardsService - calculateRewards pour user : internalUser65
21:40:11.309 [pool-2-thread-37] DEBUG tourGuide.service.RewardsService - calculateRewards pour user : internalUser815
21:40:11.311 [pool-2-thread-59] DEBUG tourGuide.service.RewardsService - calculateRewards pour user : internalUser826
21:40:11.312 [pool-2-thread-100] DEBUG tourGuide.service.RewardsService - calculateRewards pour user : internalUser85
21:40:11.312 [pool-2-thread-67] DEBUG tourGuide.service.RewardsService - calculateRewards pour user : internalUser75
21:40:11.313 [pool-2-thread-99] DEBUG tourGuide.service.RewardsService - calculateRewards pour user : internalUser833
21:40:11.313 [pool-2-thread-14] DEBUG tourGuide.service.RewardsService - calculateRewards pour user : internalUser83
21:40:11.313 [pool-2-thread-77] DEBUG tourGuide.service.RewardsService - calculateRewards pour user : internalUser152
21:40:11.313 [pool-2-thread-45] DEBUG tourGuide.service.RewardsService - calculateRewards pour user : internalUser96
21:40:11.315 [pool-2-thread-65] DEBUG tourGuide.service.RewardsService - calculateRewards pour user : internalUser837
21:40:11.316 [pool-2-thread-6] DEBUG tourGuide.service.RewardsService - calculateRewards pour user : internalUser50
21:40:11.316 [pool-2-thread-63] DEBUG tourGuide.service.RewardsService - calculateRewards pour user : internalUser388
21:40:11.317 [pool-2-thread-91] DEBUG tourGuide.service.RewardsService - calculateRewards pour user : internalUser62
21:40:11.317 [pool-2-thread-17] DEBUG tourGuide.service.RewardsService - calculateRewards pour user : internalUser61
21:40:11.318 [pool-2-thread-20] DEBUG tourGuide.service.RewardsService - calculateRewards pour user : internalUser77
21:40:11.318 [pool-2-thread-90] DEBUG tourGuide.service.RewardsService - calculateRewards pour user : internalUser95
21:40:11.321 [pool-2-thread-42] DEBUG tourGuide.service.RewardsService - calculateRewards pour user : internalUser86
21:40:11.322 [pool-2-thread-15] DEBUG tourGuide.service.RewardsService - calculateRewards pour user : internalUser98
21:40:11.322 [pool-2-thread-11] DEBUG tourGuide.service.RewardsService - calculateRewards pour user : internalUser823
21:40:11.324 [pool-2-thread-53] DEBUG tourGuide.service.RewardsService - calculateRewards pour user : internalUser828
21:40:11.325 [pool-2-thread-98] DEBUG tourGuide.service.RewardsService - calculateRewards pour user : internalUser64
21:40:11.325 [pool-2-thread-61] DEBUG tourGuide.service.RewardsService - calculateRewards pour user : internalUser835
21:40:11.326 [pool-2-thread-68] DEBUG tourGuide.service.RewardsService - calculateRewards pour user : internalUser52
21:40:11.331 [pool-2-thread-52] DEBUG tourGuide.service.RewardsService - calculateRewards pour user : internalUser280
21:40:11.331 [pool-2-thread-41] DEBUG tourGuide.service.RewardsService - calculateRewards pour user : internalUser94
21:40:11.331 [pool-2-thread-72] DEBUG tourGuide.service.RewardsService - calculateRewards pour user : internalUser830
21:40:11.333 [pool-2-thread-35] DEBUG tourGuide.service.RewardsService - calculateRewards pour user : internalUser97
21:40:11.333 [pool-2-thread-85] DEBUG tourGuide.service.RewardsService - calculateRewards pour user : internalUser143
21:40:11.335 [pool-2-thread-19] DEBUG tourGuide.service.RewardsService - calculateRewards pour user : internalUser58
21:40:11.335 [pool-2-thread-3] DEBUG tourGuide.service.RewardsService - calculateRewards pour user : internalUser831
21:40:11.336 [pool-2-thread-7] DEBUG tourGuide.service.RewardsService - calculateRewards pour user : internalUser87
21:40:11.339 [pool-2-thread-81] DEBUG tourGuide.service.RewardsService - calculateRewards pour user : internalUser73
21:40:11.339 [pool-2-thread-66] DEBUG tourGuide.service.RewardsService - calculateRewards pour user : internalUser394
21:40:11.339 [pool-2-thread-89] DEBUG tourGuide.service.RewardsService - calculateRewards pour user : internalUser838
21:40:11.340 [pool-2-thread-75] DEBUG tourGuide.service.RewardsService - calculateRewards pour user : internalUser248
21:40:11.341 [pool-2-thread-80] DEBUG tourGuide.service.RewardsService - calculateRewards pour user : internalUser72
21:40:11.342 [pool-2-thread-70] DEBUG tourGuide.service.RewardsService - calculateRewards pour user : internalUser244
21:40:11.342 [pool-2-thread-95] DEBUG tourGuide.service.RewardsService - calculateRewards pour user : internalUser67
21:40:11.343 [pool-2-thread-31] DEBUG tourGuide.service.RewardsService - calculateRewards pour user : internalUser150
21:40:11.343 [pool-2-thread-48] DEBUG tourGuide.service.RewardsService - calculateRewards pour user : internalUser286
21:40:11.344 [pool-2-thread-87] DEBUG tourGuide.service.RewardsService - calculateRewards pour user : internalUser74
21:40:11.345 [pool-2-thread-82] DEBUG tourGuide.service.RewardsService - calculateRewards pour user : internalUser79
21:40:11.345 [pool-2-thread-97] DEBUG tourGuide.service.RewardsService - calculateRewards pour user : internalUser246
21:40:11.346 [pool-2-thread-49] DEBUG tourGuide.service.RewardsService - calculateRewards pour user : internalUser292
21:40:11.346 [pool-2-thread-22] DEBUG tourGuide.service.RewardsService - calculateRewards pour user : internalUser69
21:40:11.347 [pool-2-thread-18] DEBUG tourGuide.service.RewardsService - calculateRewards pour user : internalUser63
21:40:11.350 [pool-2-thread-12] DEBUG tourGuide.service.RewardsService - calculateRewards pour user : internalUser78
21:40:11.350 [pool-2-thread-71] DEBUG tourGuide.service.RewardsService - calculateRewards pour user : internalUser294
21:40:11.350 [pool-2-thread-13] DEBUG tourGuide.service.RewardsService - calculateRewards pour user : internalUser298
21:40:11.350 [pool-2-thread-58] DEBUG tourGuide.service.RewardsService - calculateRewards pour user : internalUser68
21:40:11.351 [pool-2-thread-64] DEBUG tourGuide.service.RewardsService - calculateRewards pour user : internalUser240
21:40:11.351 [pool-2-thread-51] DEBUG tourGuide.service.RewardsService - calculateRewards pour user : internalUser88
21:40:11.352 [pool-2-thread-25] DEBUG tourGuide.service.RewardsService - calculateRewards pour user : internalUser284
21:40:11.352 [pool-2-thread-79] DEBUG tourGuide.service.RewardsService - calculateRewards pour user : internalUser297
21:40:11.352 [pool-2-thread-43] DEBUG tourGuide.service.RewardsService - calculateRewards pour user : internalUser283
21:40:11.353 [pool-2-thread-28] DEBUG tourGuide.service.RewardsService - calculateRewards pour user : internalUser80
21:40:11.356 [pool-2-thread-96] DEBUG tourGuide.service.RewardsService - calculateRewards pour user : internalUser291
21:40:11.357 [pool-2-thread-30] DEBUG tourGuide.service.RewardsService - calculateRewards pour user : internalUser293
21:40:11.357 [pool-2-thread-84] DEBUG tourGuide.service.RewardsService - calculateRewards pour user : internalUser483
21:40:11.358 [pool-2-thread-29] DEBUG tourGuide.service.RewardsService - calculateRewards pour user : internalUser392
21:40:11.359 [pool-2-thread-54] DEBUG tourGuide.service.RewardsService - calculateRewards pour user : internalUser288
21:40:11.359 [pool-2-thread-24] DEBUG tourGuide.service.RewardsService - calculateRewards pour user : internalUser488
21:40:11.360 [pool-2-thread-21] DEBUG tourGuide.service.RewardsService - calculateRewards pour user : internalUser493
21:40:11.360 [pool-2-thread-33] DEBUG tourGuide.service.RewardsService - calculateRewards pour user : internalUser295
21:40:11.361 [pool-2-thread-92] DEBUG tourGuide.service.RewardsService - calculateRewards pour user : internalUser82
21:40:11.361 [pool-2-thread-23] DEBUG tourGuide.service.RewardsService - calculateRewards pour user : internalUser81
21:40:11.362 [pool-2-thread-91] DEBUG tourGuide.service.RewardsService - calculateRewards pour user : internalUser253
21:40:11.362 [pool-2-thread-8] DEBUG tourGuide.service.RewardsService - calculateRewards pour user : internalUser486
21:40:11.362 [pool-2-thread-26] DEBUG tourGuide.service.RewardsService - calculateRewards pour user : internalUser89
21:40:11.364 [pool-2-thread-9] DEBUG tourGuide.service.RewardsService - calculateRewards pour user : internalUser252
21:40:11.364 [pool-2-thread-17] DEBUG tourGuide.service.RewardsService - calculateRewards pour user : internalUser495
21:40:11.365 [pool-2-thread-83] DEBUG tourGuide.service.RewardsService - calculateRewards pour user : internalUser290
21:40:11.367 [pool-2-thread-1] DEBUG tourGuide.service.RewardsService - calculateRewards pour user : internalUser76
21:40:11.370 [pool-2-thread-50] DEBUG tourGuide.service.RewardsService - calculateRewards pour user : internalUser92
21:40:11.371 [pool-2-thread-34] DEBUG tourGuide.service.RewardsService - calculateRewards pour user : internalUser90
21:40:11.371 [pool-2-thread-44] DEBUG tourGuide.service.RewardsService - calculateRewards pour user : internalUser241
21:40:11.371 [pool-2-thread-38] DEBUG tourGuide.service.RewardsService - calculateRewards pour user : internalUser249
21:40:11.373 [pool-2-thread-16] DEBUG tourGuide.service.RewardsService - calculateRewards pour user : internalUser84
21:40:11.373 [pool-2-thread-59] DEBUG tourGuide.service.RewardsService - calculateRewards pour user : internalUser492
21:40:11.374 [pool-2-thread-39] DEBUG tourGuide.service.RewardsService - calculateRewards pour user : internalUser91
21:40:11.375 [pool-2-thread-68] DEBUG tourGuide.service.RewardsService - calculateRewards pour user : internalUser159
21:40:11.375 [pool-2-thread-56] DEBUG tourGuide.service.RewardsService - calculateRewards pour user : internalUser484
21:40:11.377 [pool-2-thread-78] DEBUG tourGuide.service.RewardsService - calculateRewards pour user : internalUser99
21:40:11.378 [pool-2-thread-19] DEBUG tourGuide.service.RewardsService - calculateRewards pour user : internalUser396
21:40:11.378 [pool-2-thread-55] DEBUG tourGuide.service.RewardsService - calculateRewards pour user : internalUser487
21:40:11.378 [pool-2-thread-27] DEBUG tourGuide.service.RewardsService - calculateRewards pour user : internalUser93
21:40:11.378 [pool-2-thread-7] DEBUG tourGuide.service.RewardsService - calculateRewards pour user : internalUser397
21:40:11.379 [pool-2-thread-62] DEBUG tourGuide.service.RewardsService - calculateRewards pour user : internalUser296
21:40:11.379 [pool-2-thread-46] DEBUG tourGuide.service.RewardsService - calculateRewards pour user : internalUser245
21:40:11.379 [pool-2-thread-65] DEBUG tourGuide.service.RewardsService - calculateRewards pour user : internalUser497
21:40:11.380 [pool-2-thread-45] DEBUG tourGuide.service.RewardsService - calculateRewards pour user : internalUser499
21:40:11.380 [pool-2-thread-67] DEBUG tourGuide.service.RewardsService - calculateRewards pour user : internalUser490
21:40:11.381 [pool-2-thread-10] DEBUG tourGuide.service.RewardsService - calculateRewards pour user : internalUser489
21:40:11.381 [pool-2-thread-40] DEBUG tourGuide.service.RewardsService - calculateRewards pour user : internalUser285
21:40:11.383 [pool-2-thread-95] DEBUG tourGuide.service.RewardsService - calculateRewards pour user : internalUser565
21:40:11.384 [pool-2-thread-3] DEBUG tourGuide.service.RewardsService - calculateRewards pour user : internalUser155
21:40:11.384 [pool-2-thread-53] DEBUG tourGuide.service.RewardsService - calculateRewards pour user : internalUser390
21:40:11.386 [pool-2-thread-74] DEBUG tourGuide.service.RewardsService - calculateRewards pour user : internalUser299
21:40:11.386 [pool-2-thread-61] DEBUG tourGuide.service.RewardsService - calculateRewards pour user : internalUser158
21:40:11.386 [pool-2-thread-94] DEBUG tourGuide.service.RewardsService - calculateRewards pour user : internalUser481
21:40:11.387 [pool-2-thread-42] DEBUG tourGuide.service.RewardsService - calculateRewards pour user : internalUser262
21:40:11.387 [pool-2-thread-41] DEBUG tourGuide.service.RewardsService - calculateRewards pour user : internalUser156
21:40:11.388 [pool-2-thread-88] DEBUG tourGuide.service.RewardsService - calculateRewards pour user : internalUser282
21:40:11.390 [pool-2-thread-32] DEBUG tourGuide.service.RewardsService - calculateRewards pour user : internalUser281
21:40:11.391 [pool-2-thread-2] DEBUG tourGuide.service.RewardsService - calculateRewards pour user : internalUser247
21:40:11.391 [pool-2-thread-60] DEBUG tourGuide.service.RewardsService - calculateRewards pour user : internalUser289
21:40:11.391 [pool-2-thread-93] DEBUG tourGuide.service.RewardsService - calculateRewards pour user : internalUser251
21:40:11.392 [pool-2-thread-36] DEBUG tourGuide.service.RewardsService - calculateRewards pour user : internalUser287
21:40:11.393 [pool-2-thread-86] DEBUG tourGuide.service.RewardsService - calculateRewards pour user : internalUser480
21:40:11.394 [pool-2-thread-99] DEBUG tourGuide.service.RewardsService - calculateRewards pour user : internalUser257
21:40:11.395 [pool-2-thread-77] DEBUG tourGuide.service.RewardsService - calculateRewards pour user : internalUser255
21:40:11.396 [pool-2-thread-11] DEBUG tourGuide.service.RewardsService - calculateRewards pour user : internalUser263
21:40:11.397 [pool-2-thread-37] DEBUG tourGuide.service.RewardsService - calculateRewards pour user : internalUser250
21:40:11.398 [pool-2-thread-100] DEBUG tourGuide.service.RewardsService - calculateRewards pour user : internalUser259
21:40:11.398 [pool-2-thread-73] DEBUG tourGuide.service.RewardsService - calculateRewards pour user : internalUser485
21:40:11.399 [pool-2-thread-14] DEBUG tourGuide.service.RewardsService - calculateRewards pour user : internalUser258
21:40:11.400 [pool-2-thread-89] DEBUG tourGuide.service.RewardsService - calculateRewards pour user : internalUser560
21:40:11.400 [pool-2-thread-85] DEBUG tourGuide.service.RewardsService - calculateRewards pour user : internalUser399
21:40:11.402 [pool-2-thread-54] DEBUG tourGuide.service.RewardsService - calculateRewards pour user : internalUser275
21:40:11.402 [pool-2-thread-5] DEBUG tourGuide.service.RewardsService - calculateRewards pour user : internalUser482
21:40:11.402 [pool-2-thread-92] DEBUG tourGuide.service.RewardsService - calculateRewards pour user : internalUser681
21:40:11.403 [pool-2-thread-4] DEBUG tourGuide.service.RewardsService - calculateRewards pour user : internalUser243
21:40:11.404 [pool-2-thread-52] DEBUG tourGuide.service.RewardsService - calculateRewards pour user : internalUser398
21:40:11.404 [pool-2-thread-22] DEBUG tourGuide.service.RewardsService - calculateRewards pour user : internalUser564
21:40:11.406 [pool-2-thread-15] DEBUG tourGuide.service.RewardsService - calculateRewards pour user : internalUser393
21:40:11.407 [pool-2-thread-63] DEBUG tourGuide.service.RewardsService - calculateRewards pour user : internalUser498
21:40:11.407 [pool-2-thread-69] DEBUG tourGuide.service.RewardsService - calculateRewards pour user : internalUser151
21:40:11.410 [pool-2-thread-75] DEBUG tourGuide.service.RewardsService - calculateRewards pour user : internalUser326
21:40:11.410 [pool-2-thread-8] DEBUG tourGuide.service.RewardsService - calculateRewards pour user : internalUser688
21:40:11.410 [pool-2-thread-23] DEBUG tourGuide.service.RewardsService - calculateRewards pour user : internalUser204
21:40:11.411 [pool-2-thread-47] DEBUG tourGuide.service.RewardsService - calculateRewards pour user : internalUser242
21:40:11.412 [pool-2-thread-24] DEBUG tourGuide.service.RewardsService - calculateRewards pour user : internalUser278
21:40:11.413 [pool-2-thread-66] DEBUG tourGuide.service.RewardsService - calculateRewards pour user : internalUser325
21:40:11.414 [pool-2-thread-76] DEBUG tourGuide.service.RewardsService - calculateRewards pour user : internalUser494
21:40:11.415 [pool-2-thread-50] DEBUG tourGuide.service.RewardsService - calculateRewards pour user : internalUser686
21:40:11.415 [pool-2-thread-98] DEBUG tourGuide.service.RewardsService - calculateRewards pour user : internalUser391
21:40:11.416 [pool-2-thread-57] DEBUG tourGuide.service.RewardsService - calculateRewards pour user : internalUser491
21:40:11.417 [pool-2-thread-1] DEBUG tourGuide.service.RewardsService - calculateRewards pour user : internalUser444
21:40:11.417 [pool-2-thread-28] DEBUG tourGuide.service.RewardsService - calculateRewards pour user : internalUser271
21:40:11.417 [pool-2-thread-38] DEBUG tourGuide.service.RewardsService - calculateRewards pour user : internalUser687
21:40:11.417 [pool-2-thread-90] DEBUG tourGuide.service.RewardsService - calculateRewards pour user : internalUser496
21:40:11.417 [pool-2-thread-96] DEBUG tourGuide.service.RewardsService - calculateRewards pour user : internalUser272
21:40:11.418 [pool-2-thread-9] DEBUG tourGuide.service.RewardsService - calculateRewards pour user : internalUser689
21:40:11.418 [pool-2-thread-6] DEBUG tourGuide.service.RewardsService - calculateRewards pour user : internalUser256
21:40:11.421 [pool-2-thread-64] DEBUG tourGuide.service.RewardsService - calculateRewards pour user : internalUser264
21:40:11.422 [pool-2-thread-79] DEBUG tourGuide.service.RewardsService - calculateRewards pour user : internalUser273
21:40:11.424 [pool-2-thread-71] DEBUG tourGuide.service.RewardsService - calculateRewards pour user : internalUser269
21:40:11.424 [pool-2-thread-68] DEBUG tourGuide.service.RewardsService - calculateRewards pour user : internalUser443
21:40:11.424 [pool-2-thread-34] DEBUG tourGuide.service.RewardsService - calculateRewards pour user : internalUser203
21:40:11.424 [pool-2-thread-27] DEBUG tourGuide.service.RewardsService - calculateRewards pour user : internalUser683
21:40:11.425 [pool-2-thread-70] DEBUG tourGuide.service.RewardsService - calculateRewards pour user : internalUser323
21:40:11.427 [pool-2-thread-35] DEBUG tourGuide.service.RewardsService - calculateRewards pour user : internalUser154
21:40:11.428 [pool-2-thread-20] DEBUG tourGuide.service.RewardsService - calculateRewards pour user : internalUser254
21:40:11.429 [pool-2-thread-10] DEBUG tourGuide.service.RewardsService - calculateRewards pour user : internalUser691
21:40:11.430 [pool-2-thread-53] DEBUG tourGuide.service.RewardsService - calculateRewards pour user : internalUser692
21:40:11.431 [pool-2-thread-87] DEBUG tourGuide.service.RewardsService - calculateRewards pour user : internalUser321
21:40:11.433 [pool-2-thread-62] DEBUG tourGuide.service.RewardsService - calculateRewards pour user : internalUser209
21:40:11.434 [pool-2-thread-61] DEBUG tourGuide.service.RewardsService - calculateRewards pour user : internalUser699
21:40:11.434 [pool-2-thread-7] DEBUG tourGuide.service.RewardsService - calculateRewards pour user : internalUser441
21:40:11.435 [pool-2-thread-3] DEBUG tourGuide.service.RewardsService - calculateRewards pour user : internalUser690
21:40:11.435 [pool-2-thread-51] DEBUG tourGuide.service.RewardsService - calculateRewards pour user : internalUser267
21:40:11.436 [pool-2-thread-17] DEBUG tourGuide.service.RewardsService - calculateRewards pour user : internalUser447
21:40:11.436 [pool-2-thread-72] DEBUG tourGuide.service.RewardsService - calculateRewards pour user : internalUser157
21:40:11.437 [pool-2-thread-80] DEBUG tourGuide.service.RewardsService - calculateRewards pour user : internalUser568
21:40:11.437 [pool-2-thread-49] DEBUG tourGuide.service.RewardsService - calculateRewards pour user : internalUser561
21:40:11.438 [pool-2-thread-13] DEBUG tourGuide.service.RewardsService - calculateRewards pour user : internalUser261
21:40:11.438 [pool-2-thread-45] DEBUG tourGuide.service.RewardsService - calculateRewards pour user : internalUser207
21:40:11.440 [pool-2-thread-40] DEBUG tourGuide.service.RewardsService - calculateRewards pour user : internalUser449
21:40:11.442 [pool-2-thread-83] DEBUG tourGuide.service.RewardsService - calculateRewards pour user : internalUser202
21:40:11.442 [pool-2-thread-12] DEBUG tourGuide.service.RewardsService - calculateRewards pour user : internalUser268
21:40:11.444 [pool-2-thread-65] DEBUG tourGuide.service.RewardsService - calculateRewards pour user : internalUser206
21:40:11.444 [pool-2-thread-29] DEBUG tourGuide.service.RewardsService - calculateRewards pour user : internalUser277
21:40:11.445 [pool-2-thread-33] DEBUG tourGuide.service.RewardsService - calculateRewards pour user : internalUser276
21:40:11.445 [pool-2-thread-99] DEBUG tourGuide.service.RewardsService - calculateRewards pour user : internalUser453
21:40:11.446 [pool-2-thread-55] DEBUG tourGuide.service.RewardsService - calculateRewards pour user : internalUser682
21:40:11.447 [pool-2-thread-31] DEBUG tourGuide.service.RewardsService - calculateRewards pour user : internalUser566
21:40:11.448 [pool-2-thread-74] DEBUG tourGuide.service.RewardsService - calculateRewards pour user : internalUser215
21:40:11.449 [pool-2-thread-82] DEBUG tourGuide.service.RewardsService - calculateRewards pour user : internalUser322
21:40:11.449 [pool-2-thread-81] DEBUG tourGuide.service.RewardsService - calculateRewards pour user : internalUser567
21:40:11.449 [pool-2-thread-52] DEBUG tourGuide.service.RewardsService - calculateRewards pour user : internalUser460
21:40:11.449 [pool-2-thread-32] DEBUG tourGuide.service.RewardsService - calculateRewards pour user : internalUser455
21:40:11.449 [pool-2-thread-30] DEBUG tourGuide.service.RewardsService - calculateRewards pour user : internalUser279
21:40:11.450 [pool-2-thread-46] DEBUG tourGuide.service.RewardsService - calculateRewards pour user : internalUser208
21:40:11.450 [pool-2-thread-18] DEBUG tourGuide.service.RewardsService - calculateRewards pour user : internalUser260
21:40:11.450 [pool-2-thread-2] DEBUG tourGuide.service.RewardsService - calculateRewards pour user : internalUser697
21:40:11.450 [pool-2-thread-48] DEBUG tourGuide.service.RewardsService - calculateRewards pour user : internalUser324
21:40:11.451 [pool-2-thread-84] DEBUG tourGuide.service.RewardsService - calculateRewards pour user : internalUser270
21:40:11.451 [pool-2-thread-97] DEBUG tourGuide.service.RewardsService - calculateRewards pour user : internalUser563
21:40:11.452 [pool-2-thread-22] DEBUG tourGuide.service.RewardsService - calculateRewards pour user : internalUser218
21:40:11.454 [pool-2-thread-15] DEBUG tourGuide.service.RewardsService - calculateRewards pour user : internalUser461
21:40:11.454 [pool-2-thread-67] DEBUG tourGuide.service.RewardsService - calculateRewards pour user : internalUser448
21:40:11.454 [pool-2-thread-21] DEBUG tourGuide.service.RewardsService - calculateRewards pour user : internalUser680
21:40:11.454 [pool-2-thread-23] DEBUG tourGuide.service.RewardsService - calculateRewards pour user : internalUser469
21:40:11.456 [pool-2-thread-43] DEBUG tourGuide.service.RewardsService - calculateRewards pour user : internalUser265
21:40:11.457 [pool-2-thread-58] DEBUG tourGuide.service.RewardsService - calculateRewards pour user : internalUser266
21:40:11.457 [pool-2-thread-44] DEBUG tourGuide.service.RewardsService - calculateRewards pour user : internalUser445
21:40:11.457 [pool-2-thread-91] DEBUG tourGuide.service.RewardsService - calculateRewards pour user : internalUser446
21:40:11.458 [pool-2-thread-69] DEBUG tourGuide.service.RewardsService - calculateRewards pour user : internalUser468
21:40:11.460 [pool-2-thread-98] DEBUG tourGuide.service.RewardsService - calculateRewards pour user : internalUser223
21:40:11.460 [pool-2-thread-54] DEBUG tourGuide.service.RewardsService - calculateRewards pour user : internalUser217
21:40:11.461 [pool-2-thread-25] DEBUG tourGuide.service.RewardsService - calculateRewards pour user : internalUser274
21:40:11.462 [pool-2-thread-77] DEBUG tourGuide.service.RewardsService - calculateRewards pour user : internalUser695
21:40:11.462 [pool-2-thread-50] DEBUG tourGuide.service.RewardsService - calculateRewards pour user : internalUser464
21:40:11.463 [pool-2-thread-47] DEBUG tourGuide.service.RewardsService - calculateRewards pour user : internalUser466
21:40:11.464 [pool-2-thread-57] DEBUG tourGuide.service.RewardsService - calculateRewards pour user : internalUser465
21:40:11.464 [pool-2-thread-19] DEBUG tourGuide.service.RewardsService - calculateRewards pour user : internalUser440
21:40:11.464 [pool-2-thread-92] DEBUG tourGuide.service.RewardsService - calculateRewards pour user : internalUser219
21:40:11.464 [pool-2-thread-88] DEBUG tourGuide.service.RewardsService - calculateRewards pour user : internalUser213
21:40:11.466 [pool-2-thread-75] DEBUG tourGuide.service.RewardsService - calculateRewards pour user : internalUser224
21:40:11.466 [pool-2-thread-26] DEBUG tourGuide.service.RewardsService - calculateRewards pour user : internalUser205
21:40:11.467 [pool-2-thread-16] DEBUG tourGuide.service.RewardsService - calculateRewards pour user : internalUser442
21:40:11.467 [pool-2-thread-5] DEBUG tourGuide.service.RewardsService - calculateRewards pour user : internalUser694
21:40:11.468 [pool-2-thread-37] DEBUG tourGuide.service.RewardsService - calculateRewards pour user : internalUser454
21:40:11.470 [pool-2-thread-63] DEBUG tourGuide.service.RewardsService - calculateRewards pour user : internalUser226
21:40:11.473 [pool-2-thread-39] DEBUG tourGuide.service.RewardsService - calculateRewards pour user : internalUser684
21:40:11.473 [pool-2-thread-42] DEBUG tourGuide.service.RewardsService - calculateRewards pour user : internalUser216
21:40:11.475 [pool-2-thread-64] DEBUG tourGuide.service.RewardsService - calculateRewards pour user : internalUser230
21:40:11.475 [pool-2-thread-56] DEBUG tourGuide.service.RewardsService - calculateRewards pour user : internalUser201
21:40:11.476 [pool-2-thread-90] DEBUG tourGuide.service.RewardsService - calculateRewards pour user : internalUser220
21:40:11.476 [pool-2-thread-100] DEBUG tourGuide.service.RewardsService - calculateRewards pour user : internalUser696
21:40:11.477 [pool-2-thread-9] DEBUG tourGuide.service.RewardsService - calculateRewards pour user : internalUser229
21:40:11.477 [pool-2-thread-71] DEBUG tourGuide.service.RewardsService - calculateRewards pour user : internalUser470
21:40:11.477 [pool-2-thread-94] DEBUG tourGuide.service.RewardsService - calculateRewards pour user : internalUser457
21:40:11.479 [pool-2-thread-86] DEBUG tourGuide.service.RewardsService - calculateRewards pour user : internalUser211
21:40:11.482 [pool-2-thread-59] DEBUG tourGuide.service.RewardsService - calculateRewards pour user : internalUser200
21:40:11.483 [pool-2-thread-78] DEBUG tourGuide.service.RewardsService - calculateRewards pour user : internalUser685
21:40:11.485 [pool-2-thread-14] DEBUG tourGuide.service.RewardsService - calculateRewards pour user : internalUser693
21:40:11.485 [pool-2-thread-85] DEBUG tourGuide.service.RewardsService - calculateRewards pour user : internalUser452
21:40:11.488 [pool-2-thread-36] DEBUG tourGuide.service.RewardsService - calculateRewards pour user : internalUser698
21:40:11.489 [pool-2-thread-73] DEBUG tourGuide.service.RewardsService - calculateRewards pour user : internalUser451
21:40:11.493 [pool-2-thread-95] DEBUG tourGuide.service.RewardsService - calculateRewards pour user : internalUser450
21:40:11.494 [pool-2-thread-41] DEBUG tourGuide.service.RewardsService - calculateRewards pour user : internalUser458
21:40:11.496 [pool-2-thread-24] DEBUG tourGuide.service.RewardsService - calculateRewards pour user : internalUser225
21:40:11.498 [pool-2-thread-10] DEBUG tourGuide.service.RewardsService - calculateRewards pour user : internalUser478
21:40:11.499 [pool-2-thread-93] DEBUG tourGuide.service.RewardsService - calculateRewards pour user : internalUser214
21:40:11.502 [pool-2-thread-60] DEBUG tourGuide.service.RewardsService - calculateRewards pour user : internalUser456
21:40:11.507 [pool-2-thread-11] DEBUG tourGuide.service.RewardsService - calculateRewards pour user : internalUser212
21:40:11.509 [pool-2-thread-76] DEBUG tourGuide.service.RewardsService - calculateRewards pour user : internalUser222
21:40:11.509 [pool-2-thread-89] DEBUG tourGuide.service.RewardsService - calculateRewards pour user : internalUser210
21:40:11.512 [pool-2-thread-38] DEBUG tourGuide.service.RewardsService - calculateRewards pour user : internalUser463
21:40:11.512 [pool-2-thread-96] DEBUG tourGuide.service.RewardsService - calculateRewards pour user : internalUser221
21:40:11.513 [pool-2-thread-79] DEBUG tourGuide.service.RewardsService - calculateRewards pour user : internalUser472
21:40:11.514 [pool-2-thread-70] DEBUG tourGuide.service.RewardsService - calculateRewards pour user : internalUser235
21:40:11.514 [pool-2-thread-4] DEBUG tourGuide.service.RewardsService - calculateRewards pour user : internalUser459
21:40:11.516 [pool-2-thread-66] DEBUG tourGuide.service.RewardsService - calculateRewards pour user : internalUser467
21:40:11.516 [pool-2-thread-53] DEBUG tourGuide.service.RewardsService - calculateRewards pour user : internalUser233
21:40:11.519 [pool-2-thread-8] DEBUG tourGuide.service.RewardsService - calculateRewards pour user : internalUser227
21:40:11.521 [pool-2-thread-62] DEBUG tourGuide.service.RewardsService - calculateRewards pour user : internalUser234
21:40:11.521 [pool-2-thread-34] DEBUG tourGuide.service.RewardsService - calculateRewards pour user : internalUser238
21:40:11.522 [pool-2-thread-6] DEBUG tourGuide.service.RewardsService - calculateRewards pour user : internalUser471
21:40:11.522 [pool-2-thread-7] DEBUG tourGuide.service.RewardsService - calculateRewards pour user : internalUser231
21:40:11.523 [pool-2-thread-28] DEBUG tourGuide.service.RewardsService - calculateRewards pour user : internalUser228
21:40:11.523 [pool-2-thread-20] DEBUG tourGuide.service.RewardsService - calculateRewards pour user : internalUser236
21:40:11.528 [pool-2-thread-1] DEBUG tourGuide.service.RewardsService - calculateRewards pour user : internalUser462
21:40:11.532 [pool-2-thread-27] DEBUG tourGuide.service.RewardsService - calculateRewards pour user : internalUser237
21:40:11.538 [pool-2-thread-35] DEBUG tourGuide.service.RewardsService - calculateRewards pour user : internalUser477
21:40:11.538 [pool-2-thread-87] DEBUG tourGuide.service.RewardsService - calculateRewards pour user : internalUser475
21:40:11.540 [pool-2-thread-80] DEBUG tourGuide.service.RewardsService - calculateRewards pour user : internalUser402
21:40:11.541 [pool-2-thread-68] DEBUG tourGuide.service.RewardsService - calculateRewards pour user : internalUser479
21:40:11.546 [pool-2-thread-61] DEBUG tourGuide.service.RewardsService - calculateRewards pour user : internalUser476
21:40:11.547 [pool-2-thread-3] DEBUG tourGuide.service.RewardsService - calculateRewards pour user : internalUser473
21:40:11.548 [pool-2-thread-49] DEBUG tourGuide.service.RewardsService - calculateRewards pour user : internalUser644
21:40:11.563 [pool-2-thread-13] DEBUG tourGuide.service.RewardsService - calculateRewards pour user : internalUser886
21:40:11.566 [pool-2-thread-29] DEBUG tourGuide.service.RewardsService - calculateRewards pour user : internalUser884
21:40:11.567 [pool-2-thread-45] DEBUG tourGuide.service.RewardsService - calculateRewards pour user : internalUser403
21:40:11.569 [pool-2-thread-12] DEBUG tourGuide.service.RewardsService - calculateRewards pour user : internalUser400
21:40:11.570 [pool-2-thread-72] DEBUG tourGuide.service.RewardsService - calculateRewards pour user : internalUser239
21:40:11.572 [pool-2-thread-52] DEBUG tourGuide.service.RewardsService - calculateRewards pour user : internalUser880
21:40:11.573 [pool-2-thread-51] DEBUG tourGuide.service.RewardsService - calculateRewards pour user : internalUser232
21:40:11.580 [pool-2-thread-2] DEBUG tourGuide.service.RewardsService - calculateRewards pour user : internalUser648
21:40:11.582 [pool-2-thread-46] DEBUG tourGuide.service.RewardsService - calculateRewards pour user : internalUser409
21:40:11.583 [pool-2-thread-40] DEBUG tourGuide.service.RewardsService - calculateRewards pour user : internalUser645
21:40:11.585 [pool-2-thread-55] DEBUG tourGuide.service.RewardsService - calculateRewards pour user : internalUser885
21:40:11.585 [pool-2-thread-99] DEBUG tourGuide.service.RewardsService - calculateRewards pour user : internalUser643
21:40:11.586 [pool-2-thread-17] DEBUG tourGuide.service.RewardsService - calculateRewards pour user : internalUser474
21:40:11.603 [pool-2-thread-83] DEBUG tourGuide.service.RewardsService - calculateRewards pour user : internalUser887
21:40:11.603 [pool-2-thread-54] DEBUG tourGuide.service.RewardsService - calculateRewards pour user : internalUser898
21:40:11.604 [pool-2-thread-81] DEBUG tourGuide.service.RewardsService - calculateRewards pour user : internalUser883
21:40:11.605 [pool-2-thread-82] DEBUG tourGuide.service.RewardsService - calculateRewards pour user : internalUser641
21:40:11.608 [pool-2-thread-58] DEBUG tourGuide.service.RewardsService - calculateRewards pour user : internalUser413
21:40:11.608 [pool-2-thread-15] DEBUG tourGuide.service.RewardsService - calculateRewards pour user : internalUser888
21:40:11.610 [pool-2-thread-74] DEBUG tourGuide.service.RewardsService - calculateRewards pour user : internalUser882
21:40:11.613 [pool-2-thread-30] DEBUG tourGuide.service.RewardsService - calculateRewards pour user : internalUser408
21:40:11.614 [pool-2-thread-65] DEBUG tourGuide.service.RewardsService - calculateRewards pour user : internalUser642
21:40:11.618 [pool-2-thread-48] DEBUG tourGuide.service.RewardsService - calculateRewards pour user : internalUser407
21:40:11.620 [pool-2-thread-31] DEBUG tourGuide.service.RewardsService - calculateRewards pour user : internalUser640
21:40:11.621 [pool-2-thread-33] DEBUG tourGuide.service.RewardsService - calculateRewards pour user : internalUser401
21:40:11.622 [pool-2-thread-77] DEBUG tourGuide.service.RewardsService - calculateRewards pour user : internalUser653
21:40:11.623 [pool-2-thread-25] DEBUG tourGuide.service.RewardsService - calculateRewards pour user : internalUser411
21:40:11.624 [pool-2-thread-19] DEBUG tourGuide.service.RewardsService - calculateRewards pour user : internalUser896
21:40:11.626 [pool-2-thread-69] DEBUG tourGuide.service.RewardsService - calculateRewards pour user : internalUser414
21:40:11.627 [pool-2-thread-91] DEBUG tourGuide.service.RewardsService - calculateRewards pour user : internalUser897
21:40:11.628 [pool-2-thread-22] DEBUG tourGuide.service.RewardsService - calculateRewards pour user : internalUser646
21:40:11.631 [pool-2-thread-26] DEBUG tourGuide.service.RewardsService - calculateRewards pour user : internalUser652
21:40:11.634 [pool-2-thread-84] DEBUG tourGuide.service.RewardsService - calculateRewards pour user : internalUser649
21:40:11.635 [pool-2-thread-32] DEBUG tourGuide.service.RewardsService - calculateRewards pour user : internalUser881
21:40:11.636 [pool-2-thread-98] DEBUG tourGuide.service.RewardsService - calculateRewards pour user : internalUser656
21:40:11.637 [pool-2-thread-67] DEBUG tourGuide.service.RewardsService - calculateRewards pour user : internalUser405
21:40:11.639 [pool-2-thread-43] DEBUG tourGuide.service.RewardsService - calculateRewards pour user : internalUser890
21:40:11.640 [pool-2-thread-42] DEBUG tourGuide.service.RewardsService - calculateRewards pour user : internalUser417
21:40:11.642 [pool-2-thread-21] DEBUG tourGuide.service.RewardsService - calculateRewards pour user : internalUser647
21:40:11.642 [pool-2-thread-92] DEBUG tourGuide.service.RewardsService - calculateRewards pour user : internalUser651
21:40:11.643 [pool-2-thread-18] DEBUG tourGuide.service.RewardsService - calculateRewards pour user : internalUser406
21:40:11.650 [pool-2-thread-44] DEBUG tourGuide.service.RewardsService - calculateRewards pour user : internalUser655
21:40:11.651 [pool-2-thread-75] DEBUG tourGuide.service.RewardsService - calculateRewards pour user : internalUser410
21:40:11.653 [pool-2-thread-97] DEBUG tourGuide.service.RewardsService - calculateRewards pour user : internalUser404
21:40:11.657 [pool-2-thread-14] DEBUG tourGuide.service.RewardsService - calculateRewards pour user : internalUser667
21:40:11.658 [pool-2-thread-36] DEBUG tourGuide.service.RewardsService - calculateRewards pour user : internalUser664
21:40:11.659 [pool-2-thread-50] DEBUG tourGuide.service.RewardsService - calculateRewards pour user : internalUser895
21:40:11.662 [pool-2-thread-23] DEBUG tourGuide.service.RewardsService - calculateRewards pour user : internalUser889
21:40:11.662 [pool-2-thread-9] DEBUG tourGuide.service.RewardsService - calculateRewards pour user : internalUser899
21:40:11.662 [pool-2-thread-95] DEBUG tourGuide.service.RewardsService - calculateRewards pour user : internalUser665
21:40:11.663 [pool-2-thread-5] DEBUG tourGuide.service.RewardsService - calculateRewards pour user : internalUser891
21:40:11.665 [pool-2-thread-47] DEBUG tourGuide.service.RewardsService - calculateRewards pour user : internalUser412
21:40:11.670 [pool-2-thread-100] DEBUG tourGuide.service.RewardsService - calculateRewards pour user : internalUser657
21:40:11.672 [pool-2-thread-57] DEBUG tourGuide.service.RewardsService - calculateRewards pour user : internalUser654
21:40:11.673 [pool-2-thread-60] DEBUG tourGuide.service.RewardsService - calculateRewards pour user : internalUser660
21:40:11.674 [pool-2-thread-56] DEBUG tourGuide.service.RewardsService - calculateRewards pour user : internalUser418
21:40:11.677 [pool-2-thread-64] DEBUG tourGuide.service.RewardsService - calculateRewards pour user : internalUser659
21:40:11.677 [pool-2-thread-16] DEBUG tourGuide.service.RewardsService - calculateRewards pour user : internalUser894
21:40:11.684 [pool-2-thread-37] DEBUG tourGuide.service.RewardsService - calculateRewards pour user : internalUser650
21:40:11.685 [pool-2-thread-71] DEBUG tourGuide.service.RewardsService - calculateRewards pour user : internalUser416
21:40:11.686 [pool-2-thread-79] DEBUG tourGuide.service.RewardsService - calculateRewards pour user : internalUser427
21:40:11.688 [pool-2-thread-88] DEBUG tourGuide.service.RewardsService - calculateRewards pour user : internalUser893
21:40:11.690 [pool-2-thread-53] DEBUG tourGuide.service.RewardsService - calculateRewards pour user : internalUser677
21:40:11.692 [pool-2-thread-78] DEBUG tourGuide.service.RewardsService - calculateRewards pour user : internalUser425
21:40:11.694 [pool-2-thread-63] DEBUG tourGuide.service.RewardsService - calculateRewards pour user : internalUser892
21:40:11.696 [pool-2-thread-39] DEBUG tourGuide.service.RewardsService - calculateRewards pour user : internalUser419
21:40:11.697 [pool-2-thread-90] DEBUG tourGuide.service.RewardsService - calculateRewards pour user : internalUser415
21:40:11.700 [pool-2-thread-34] DEBUG tourGuide.service.RewardsService - calculateRewards pour user : internalUser433
21:40:11.701 [pool-2-thread-85] DEBUG tourGuide.service.RewardsService - calculateRewards pour user : internalUser422
21:40:11.703 [pool-2-thread-6] DEBUG tourGuide.service.RewardsService - calculateRewards pour user : internalUser675
21:40:11.704 [pool-2-thread-28] DEBUG tourGuide.service.RewardsService - calculateRewards pour user : internalUser676
21:40:11.705 [pool-2-thread-24] DEBUG tourGuide.service.RewardsService - calculateRewards pour user : internalUser662
21:40:11.705 [pool-2-thread-66] DEBUG tourGuide.service.RewardsService - calculateRewards pour user : internalUser435
21:40:11.707 [pool-2-thread-94] DEBUG tourGuide.service.RewardsService - calculateRewards pour user : internalUser658
21:40:11.709 [pool-2-thread-10] DEBUG tourGuide.service.RewardsService - calculateRewards pour user : internalUser421
21:40:11.709 [pool-2-thread-89] DEBUG tourGuide.service.RewardsService - calculateRewards pour user : internalUser429
21:40:11.709 [pool-2-thread-41] DEBUG tourGuide.service.RewardsService - calculateRewards pour user : internalUser420
21:40:11.711 [pool-2-thread-76] DEBUG tourGuide.service.RewardsService - calculateRewards pour user : internalUser428
21:40:11.715 [pool-2-thread-86] DEBUG tourGuide.service.RewardsService - calculateRewards pour user : internalUser424
21:40:11.717 [pool-2-thread-87] DEBUG tourGuide.service.RewardsService - calculateRewards pour user : internalUser671
21:40:11.719 [pool-2-thread-93] DEBUG tourGuide.service.RewardsService - calculateRewards pour user : internalUser663
21:40:11.721 [pool-2-thread-61] DEBUG tourGuide.service.RewardsService - calculateRewards pour user : internalUser439
21:40:11.721 [pool-2-thread-59] DEBUG tourGuide.service.RewardsService - calculateRewards pour user : internalUser666
21:40:11.721 [pool-2-thread-62] DEBUG tourGuide.service.RewardsService - calculateRewards pour user : internalUser678
21:40:11.722 [pool-2-thread-73] DEBUG tourGuide.service.RewardsService - calculateRewards pour user : internalUser423
21:40:11.725 [pool-2-thread-38] DEBUG tourGuide.service.RewardsService - calculateRewards pour user : internalUser426
21:40:11.726 [pool-2-thread-8] DEBUG tourGuide.service.RewardsService - calculateRewards pour user : internalUser436
21:40:11.727 [pool-2-thread-3] DEBUG tourGuide.service.RewardsService - calculateRewards pour user : internalUser437
21:40:11.729 [pool-2-thread-11] DEBUG tourGuide.service.RewardsService - calculateRewards pour user : internalUser661
21:40:11.732 [pool-2-thread-13] DEBUG tourGuide.service.RewardsService - calculateRewards pour user : internalUser438
21:40:11.742 [pool-2-thread-96] DEBUG tourGuide.service.RewardsService - calculateRewards pour user : internalUser668
21:40:11.743 [pool-2-thread-52] DEBUG tourGuide.service.RewardsService - calculateRewards pour user : internalUser961
21:40:11.744 [pool-2-thread-51] DEBUG tourGuide.service.RewardsService - calculateRewards pour user : internalUser720
21:40:11.744 [pool-2-thread-35] DEBUG tourGuide.service.RewardsService - calculateRewards pour user : internalUser674
21:40:11.744 [pool-2-thread-27] DEBUG tourGuide.service.RewardsService - calculateRewards pour user : internalUser432
21:40:11.748 [pool-2-thread-20] DEBUG tourGuide.service.RewardsService - calculateRewards pour user : internalUser431
21:40:11.749 [pool-2-thread-70] DEBUG tourGuide.service.RewardsService - calculateRewards pour user : internalUser669
21:40:11.750 [pool-2-thread-4] DEBUG tourGuide.service.RewardsService - calculateRewards pour user : internalUser670
21:40:11.753 [pool-2-thread-7] DEBUG tourGuide.service.RewardsService - calculateRewards pour user : internalUser434
21:40:11.756 [pool-2-thread-49] DEBUG tourGuide.service.RewardsService - calculateRewards pour user : internalUser679
21:40:11.758 [pool-2-thread-17] DEBUG tourGuide.service.RewardsService - calculateRewards pour user : internalUser728
21:40:11.759 [pool-2-thread-1] DEBUG tourGuide.service.RewardsService - calculateRewards pour user : internalUser673
21:40:11.762 [pool-2-thread-55] DEBUG tourGuide.service.RewardsService - calculateRewards pour user : internalUser727
21:40:11.762 [pool-2-thread-72] DEBUG tourGuide.service.RewardsService - calculateRewards pour user : internalUser964
21:40:11.766 [pool-2-thread-81] DEBUG tourGuide.service.RewardsService - calculateRewards pour user : internalUser726
21:40:11.767 [pool-2-thread-29] DEBUG tourGuide.service.RewardsService - calculateRewards pour user : internalUser721
21:40:11.767 [pool-2-thread-99] DEBUG tourGuide.service.RewardsService - calculateRewards pour user : internalUser969
21:40:11.768 [pool-2-thread-80] DEBUG tourGuide.service.RewardsService - calculateRewards pour user : internalUser430
21:40:11.773 [pool-2-thread-12] DEBUG tourGuide.service.RewardsService - calculateRewards pour user : internalUser722
21:40:11.778 [pool-2-thread-82] DEBUG tourGuide.service.RewardsService - calculateRewards pour user : internalUser968
21:40:11.784 [pool-2-thread-2] DEBUG tourGuide.service.RewardsService - calculateRewards pour user : internalUser962
21:40:11.784 [pool-2-thread-68] DEBUG tourGuide.service.RewardsService - calculateRewards pour user : internalUser672
21:40:11.785 [pool-2-thread-74] DEBUG tourGuide.service.RewardsService - calculateRewards pour user : internalUser724
21:40:11.788 [pool-2-thread-54] DEBUG tourGuide.service.RewardsService - calculateRewards pour user : internalUser967
21:40:11.791 [pool-2-thread-46] DEBUG tourGuide.service.RewardsService - calculateRewards pour user : internalUser960
21:40:11.793 [pool-2-thread-45] DEBUG tourGuide.service.RewardsService - calculateRewards pour user : internalUser963
21:40:11.800 [pool-2-thread-30] DEBUG tourGuide.service.RewardsService - calculateRewards pour user : internalUser966
21:40:11.804 [pool-2-thread-67] DEBUG tourGuide.service.RewardsService - calculateRewards pour user : internalUser737
21:40:11.805 [pool-2-thread-33] DEBUG tourGuide.service.RewardsService - calculateRewards pour user : internalUser730
21:40:11.805 [pool-2-thread-77] DEBUG tourGuide.service.RewardsService - calculateRewards pour user : internalUser975
21:40:11.807 [pool-2-thread-98] DEBUG tourGuide.service.RewardsService - calculateRewards pour user : internalUser978
21:40:11.807 [pool-2-thread-83] DEBUG tourGuide.service.RewardsService - calculateRewards pour user : internalUser725
21:40:11.809 [pool-2-thread-40] DEBUG tourGuide.service.RewardsService - calculateRewards pour user : internalUser729
21:40:11.809 [pool-2-thread-15] DEBUG tourGuide.service.RewardsService - calculateRewards pour user : internalUser965
21:40:11.809 [pool-2-thread-43] DEBUG tourGuide.service.RewardsService - calculateRewards pour user : internalUser979
21:40:11.812 [pool-2-thread-31] DEBUG tourGuide.service.RewardsService - calculateRewards pour user : internalUser733
21:40:11.816 [pool-2-thread-42] DEBUG tourGuide.service.RewardsService - calculateRewards pour user : internalUser734
21:40:11.820 [pool-2-thread-21] DEBUG tourGuide.service.RewardsService - calculateRewards pour user : internalUser976
21:40:11.824 [pool-2-thread-58] DEBUG tourGuide.service.RewardsService - calculateRewards pour user : internalUser723
21:40:11.824 [pool-2-thread-26] DEBUG tourGuide.service.RewardsService - calculateRewards pour user : internalUser738
21:40:11.824 [pool-2-thread-44] DEBUG tourGuide.service.RewardsService - calculateRewards pour user : internalUser501
21:40:11.825 [pool-2-thread-19] DEBUG tourGuide.service.RewardsService - calculateRewards pour user : internalUser731
21:40:11.828 [pool-2-thread-65] DEBUG tourGuide.service.RewardsService - calculateRewards pour user : internalUser732
21:40:11.828 [pool-2-thread-48] DEBUG tourGuide.service.RewardsService - calculateRewards pour user : internalUser974
21:40:11.835 [pool-2-thread-50] DEBUG tourGuide.service.RewardsService - calculateRewards pour user : internalUser986
21:40:11.838 [pool-2-thread-23] DEBUG tourGuide.service.RewardsService - calculateRewards pour user : internalUser741
21:40:11.841 [pool-2-thread-36] DEBUG tourGuide.service.RewardsService - calculateRewards pour user : internalUser744
21:40:11.842 [pool-2-thread-91] DEBUG tourGuide.service.RewardsService - calculateRewards pour user : internalUser970
21:40:11.843 [pool-2-thread-25] DEBUG tourGuide.service.RewardsService - calculateRewards pour user : internalUser972
21:40:11.845 [pool-2-thread-84] DEBUG tourGuide.service.RewardsService - calculateRewards pour user : internalUser739
21:40:11.846 [pool-2-thread-18] DEBUG tourGuide.service.RewardsService - calculateRewards pour user : internalUser977
21:40:11.847 [pool-2-thread-69] DEBUG tourGuide.service.RewardsService - calculateRewards pour user : internalUser973
21:40:11.851 [pool-2-thread-88] DEBUG tourGuide.service.RewardsService - calculateRewards pour user : internalUser747
21:40:11.852 [pool-2-thread-32] DEBUG tourGuide.service.RewardsService - calculateRewards pour user : internalUser736
21:40:11.852 [pool-2-thread-22] DEBUG tourGuide.service.RewardsService - calculateRewards pour user : internalUser971
21:40:11.853 [pool-2-thread-95] DEBUG tourGuide.service.RewardsService - calculateRewards pour user : internalUser983
21:40:11.858 [pool-2-thread-75] DEBUG tourGuide.service.RewardsService - calculateRewards pour user : internalUser743
21:40:11.862 [pool-2-thread-63] DEBUG tourGuide.service.RewardsService - calculateRewards pour user : internalUser748
21:40:11.863 [pool-2-thread-14] DEBUG tourGuide.service.RewardsService - calculateRewards pour user : internalUser502
21:40:11.866 [pool-2-thread-79] DEBUG tourGuide.service.RewardsService - calculateRewards pour user : internalUser505
21:40:11.871 [pool-2-thread-6] DEBUG tourGuide.service.RewardsService - calculateRewards pour user : internalUser746
21:40:11.872 [pool-2-thread-92] DEBUG tourGuide.service.RewardsService - calculateRewards pour user : internalUser735
21:40:11.873 [pool-2-thread-39] DEBUG tourGuide.service.RewardsService - calculateRewards pour user : internalUser503
21:40:11.876 [pool-2-thread-71] DEBUG tourGuide.service.RewardsService - calculateRewards pour user : internalUser508
21:40:11.877 [pool-2-thread-57] DEBUG tourGuide.service.RewardsService - calculateRewards pour user : internalUser740
21:40:11.879 [pool-2-thread-5] DEBUG tourGuide.service.RewardsService - calculateRewards pour user : internalUser742
21:40:11.879 [pool-2-thread-56] DEBUG tourGuide.service.RewardsService - calculateRewards pour user : internalUser980
21:40:11.880 [pool-2-thread-60] DEBUG tourGuide.service.RewardsService - calculateRewards pour user : internalUser982
21:40:11.883 [pool-2-thread-10] DEBUG tourGuide.service.RewardsService - calculateRewards pour user : internalUser513
21:40:11.883 [pool-2-thread-16] DEBUG tourGuide.service.RewardsService - calculateRewards pour user : internalUser507
21:40:11.887 [pool-2-thread-97] DEBUG tourGuide.service.RewardsService - calculateRewards pour user : internalUser985
21:40:11.887 [pool-2-thread-85] DEBUG tourGuide.service.RewardsService - calculateRewards pour user : internalUser504
21:40:11.888 [pool-2-thread-76] DEBUG tourGuide.service.RewardsService - calculateRewards pour user : internalUser510
21:40:11.888 [pool-2-thread-47] DEBUG tourGuide.service.RewardsService - calculateRewards pour user : internalUser984
21:40:11.889 [pool-2-thread-66] DEBUG tourGuide.service.RewardsService - calculateRewards pour user : internalUser754
21:40:11.893 [pool-2-thread-78] DEBUG tourGuide.service.RewardsService - calculateRewards pour user : internalUser506
21:40:11.896 [pool-2-thread-9] DEBUG tourGuide.service.RewardsService - calculateRewards pour user : internalUser500
21:40:11.896 [pool-2-thread-100] DEBUG tourGuide.service.RewardsService - calculateRewards pour user : internalUser981
21:40:11.897 [pool-2-thread-37] DEBUG tourGuide.service.RewardsService - calculateRewards pour user : internalUser749
21:40:11.898 [pool-2-thread-64] DEBUG tourGuide.service.RewardsService - calculateRewards pour user : internalUser509
21:40:11.900 [pool-2-thread-53] DEBUG tourGuide.service.RewardsService - calculateRewards pour user : internalUser989
21:40:11.903 [pool-2-thread-89] DEBUG tourGuide.service.RewardsService - calculateRewards pour user : internalUser755
21:40:11.903 [pool-2-thread-28] DEBUG tourGuide.service.RewardsService - calculateRewards pour user : internalUser988
21:40:11.905 [pool-2-thread-34] DEBUG tourGuide.service.RewardsService - calculateRewards pour user : internalUser987
21:40:11.909 [pool-2-thread-90] DEBUG tourGuide.service.RewardsService - calculateRewards pour user : internalUser745
21:40:11.910 [pool-2-thread-94] DEBUG tourGuide.service.RewardsService - calculateRewards pour user : internalUser996
21:40:11.913 [pool-2-thread-24] DEBUG tourGuide.service.RewardsService - calculateRewards pour user : internalUser512
21:40:11.917 [pool-2-thread-61] DEBUG tourGuide.service.RewardsService - calculateRewards pour user : internalUser753
21:40:11.924 [pool-2-thread-59] DEBUG tourGuide.service.RewardsService - calculateRewards pour user : internalUser995
21:40:11.926 [pool-2-thread-7] DEBUG tourGuide.service.RewardsService - calculateRewards pour user : internalUser515
21:40:11.926 [pool-2-thread-62] DEBUG tourGuide.service.RewardsService - calculateRewards pour user : internalUser750
21:40:11.928 [pool-2-thread-41] DEBUG tourGuide.service.RewardsService - calculateRewards pour user : internalUser997
21:40:11.930 [pool-2-thread-72] DEBUG tourGuide.service.RewardsService - calculateRewards pour user : internalUser928
21:40:11.930 [pool-2-thread-49] DEBUG tourGuide.service.RewardsService - calculateRewards pour user : internalUser757
21:40:11.930 [pool-2-thread-3] DEBUG tourGuide.service.RewardsService - calculateRewards pour user : internalUser990
21:40:11.935 [pool-2-thread-86] DEBUG tourGuide.service.RewardsService - calculateRewards pour user : internalUser752
21:40:11.935 [pool-2-thread-51] DEBUG tourGuide.service.RewardsService - calculateRewards pour user : internalUser758
21:40:11.940 [pool-2-thread-20] DEBUG tourGuide.service.RewardsService - calculateRewards pour user : internalUser514
21:40:11.941 [pool-2-thread-55] DEBUG tourGuide.service.RewardsService - calculateRewards pour user : internalUser927
21:40:11.941 [pool-2-thread-52] DEBUG tourGuide.service.RewardsService - calculateRewards pour user : internalUser516
21:40:11.941 [pool-2-thread-87] DEBUG tourGuide.service.RewardsService - calculateRewards pour user : internalUser994
21:40:11.942 [pool-2-thread-73] DEBUG tourGuide.service.RewardsService - calculateRewards pour user : internalUser992
21:40:11.943 [pool-2-thread-35] DEBUG tourGuide.service.RewardsService - calculateRewards pour user : internalUser759
21:40:11.945 [pool-2-thread-93] DEBUG tourGuide.service.RewardsService - calculateRewards pour user : internalUser511
21:40:11.948 [pool-2-thread-99] DEBUG tourGuide.service.RewardsService - calculateRewards pour user : internalUser923
21:40:11.952 [pool-2-thread-8] DEBUG tourGuide.service.RewardsService - calculateRewards pour user : internalUser993
21:40:11.952 [pool-2-thread-4] DEBUG tourGuide.service.RewardsService - calculateRewards pour user : internalUser998
21:40:11.954 [pool-2-thread-70] DEBUG tourGuide.service.RewardsService - calculateRewards pour user : internalUser756
21:40:11.954 [pool-2-thread-80] DEBUG tourGuide.service.RewardsService - calculateRewards pour user : internalUser924
21:40:11.955 [pool-2-thread-29] DEBUG tourGuide.service.RewardsService - calculateRewards pour user : internalUser926
21:40:11.955 [pool-2-thread-38] DEBUG tourGuide.service.RewardsService - calculateRewards pour user : internalUser751
21:40:11.956 [pool-2-thread-74] DEBUG tourGuide.service.RewardsService - calculateRewards pour user : internalUser931
21:40:11.957 [pool-2-thread-81] DEBUG tourGuide.service.RewardsService - calculateRewards pour user : internalUser925
21:40:11.963 [pool-2-thread-11] DEBUG tourGuide.service.RewardsService - calculateRewards pour user : internalUser991
21:40:11.964 [pool-2-thread-17] DEBUG tourGuide.service.RewardsService - calculateRewards pour user : internalUser999
21:40:11.964 [pool-2-thread-13] DEBUG tourGuide.service.RewardsService - calculateRewards pour user : internalUser518
21:40:11.966 [pool-2-thread-33] DEBUG tourGuide.service.RewardsService - calculateRewards pour user : internalUser935
21:40:11.966 [pool-2-thread-12] DEBUG tourGuide.service.RewardsService - calculateRewards pour user : internalUser921
21:40:11.966 [pool-2-thread-67] DEBUG tourGuide.service.RewardsService - calculateRewards pour user : internalUser934
21:40:11.969 [pool-2-thread-96] DEBUG tourGuide.service.RewardsService - calculateRewards pour user : internalUser519
21:40:11.970 [pool-2-thread-1] DEBUG tourGuide.service.RewardsService - calculateRewards pour user : internalUser920
21:40:11.971 [pool-2-thread-27] DEBUG tourGuide.service.RewardsService - calculateRewards pour user : internalUser517
21:40:11.972 [pool-2-thread-68] DEBUG tourGuide.service.RewardsService - calculateRewards pour user : internalUser930
21:40:11.972 [pool-2-thread-46] DEBUG tourGuide.service.RewardsService - calculateRewards pour user : internalUser939
21:40:11.972 [pool-2-thread-83] DEBUG tourGuide.service.RewardsService - calculateRewards pour user : internalUser941
21:40:11.981 [pool-2-thread-82] DEBUG tourGuide.service.RewardsService - calculateRewards pour user : internalUser922
21:40:11.985 [pool-2-thread-43] DEBUG tourGuide.service.RewardsService - calculateRewards pour user : internalUser940
21:40:11.986 [pool-2-thread-45] DEBUG tourGuide.service.RewardsService - calculateRewards pour user : internalUser936
21:40:11.988 [pool-2-thread-77] DEBUG tourGuide.service.RewardsService - calculateRewards pour user : internalUser932
21:40:11.999 [pool-2-thread-98] DEBUG tourGuide.service.RewardsService - calculateRewards pour user : internalUser933
21:40:12.002 [pool-2-thread-44] DEBUG tourGuide.service.RewardsService - calculateRewards pour user : internalUser706
21:40:12.008 [pool-2-thread-23] DEBUG tourGuide.service.RewardsService - calculateRewards pour user : internalUser946
21:40:12.008 [pool-2-thread-25] DEBUG tourGuide.service.RewardsService - calculateRewards pour user : internalUser702
21:40:12.010 [pool-2-thread-2] DEBUG tourGuide.service.RewardsService - calculateRewards pour user : internalUser929
21:40:12.010 [pool-2-thread-91] DEBUG tourGuide.service.RewardsService - calculateRewards pour user : internalUser943
21:40:12.010 [pool-2-thread-26] DEBUG tourGuide.service.RewardsService - calculateRewards pour user : internalUser947
21:40:12.012 [pool-2-thread-21] DEBUG tourGuide.service.RewardsService - calculateRewards pour user : internalUser708
21:40:12.015 [pool-2-thread-22] DEBUG tourGuide.service.RewardsService - calculateRewards pour user : internalUser953
21:40:12.016 [pool-2-thread-54] DEBUG tourGuide.service.RewardsService - calculateRewards pour user : internalUser938
21:40:12.017 [pool-2-thread-42] DEBUG tourGuide.service.RewardsService - calculateRewards pour user : internalUser949
21:40:12.018 [pool-2-thread-75] DEBUG tourGuide.service.RewardsService - calculateRewards pour user : internalUser951
21:40:12.020 [pool-2-thread-31] DEBUG tourGuide.service.RewardsService - calculateRewards pour user : internalUser707
21:40:12.020 [pool-2-thread-15] DEBUG tourGuide.service.RewardsService - calculateRewards pour user : internalUser942
21:40:12.021 [pool-2-thread-95] DEBUG tourGuide.service.RewardsService - calculateRewards pour user : internalUser950
21:40:12.023 [pool-2-thread-48] DEBUG tourGuide.service.RewardsService - calculateRewards pour user : internalUser945
21:40:12.023 [pool-2-thread-30] DEBUG tourGuide.service.RewardsService - calculateRewards pour user : internalUser937
21:40:12.030 [pool-2-thread-39] DEBUG tourGuide.service.RewardsService - calculateRewards pour user : internalUser959
21:40:12.034 [pool-2-thread-40] DEBUG tourGuide.service.RewardsService - calculateRewards pour user : internalUser700
21:40:12.035 [pool-2-thread-63] DEBUG tourGuide.service.RewardsService - calculateRewards pour user : internalUser718
21:40:12.036 [pool-2-thread-58] DEBUG tourGuide.service.RewardsService - calculateRewards pour user : internalUser705
21:40:12.040 [pool-2-thread-88] DEBUG tourGuide.service.RewardsService - calculateRewards pour user : internalUser952
21:40:12.045 [pool-2-thread-92] DEBUG tourGuide.service.RewardsService - calculateRewards pour user : internalUser958
21:40:12.045 [pool-2-thread-79] DEBUG tourGuide.service.RewardsService - calculateRewards pour user : internalUser716
21:40:12.050 [pool-2-thread-18] DEBUG tourGuide.service.RewardsService - calculateRewards pour user : internalUser709
21:40:12.051 [pool-2-thread-50] DEBUG tourGuide.service.RewardsService - calculateRewards pour user : internalUser704
21:40:12.054 [pool-2-thread-65] DEBUG tourGuide.service.RewardsService - calculateRewards pour user : internalUser703
21:40:12.054 [pool-2-thread-36] DEBUG tourGuide.service.RewardsService - calculateRewards pour user : internalUser701
21:40:12.055 [pool-2-thread-19] DEBUG tourGuide.service.RewardsService - calculateRewards pour user : internalUser948
21:40:12.057 [pool-2-thread-16] DEBUG tourGuide.service.RewardsService - calculateRewards pour user : internalUser713
21:40:12.060 [pool-2-thread-32] DEBUG tourGuide.service.RewardsService - calculateRewards pour user : internalUser711
21:40:12.060 [pool-2-thread-47] DEBUG tourGuide.service.RewardsService - calculateRewards pour user : internalUser903
21:40:12.062 [pool-2-thread-84] DEBUG tourGuide.service.RewardsService - calculateRewards pour user : internalUser944
21:40:12.063 [pool-2-thread-5] DEBUG tourGuide.service.RewardsService - calculateRewards pour user : internalUser715
21:40:12.068 [pool-2-thread-14] DEBUG tourGuide.service.RewardsService - calculateRewards pour user : internalUser719
21:40:12.070 [pool-2-thread-85] DEBUG tourGuide.service.RewardsService - calculateRewards pour user : internalUser905
21:40:12.071 [pool-2-thread-71] DEBUG tourGuide.service.RewardsService - calculateRewards pour user : internalUser714
21:40:12.071 [pool-2-thread-10] DEBUG tourGuide.service.RewardsService - calculateRewards pour user : internalUser954
21:40:12.074 [pool-2-thread-69] DEBUG tourGuide.service.RewardsService - calculateRewards pour user : internalUser710
21:40:12.076 [pool-2-thread-66] DEBUG tourGuide.service.RewardsService - calculateRewards pour user : internalUser906
21:40:12.077 [pool-2-thread-57] DEBUG tourGuide.service.RewardsService - calculateRewards pour user : internalUser956
21:40:12.077 [pool-2-thread-64] DEBUG tourGuide.service.RewardsService - calculateRewards pour user : internalUser907
21:40:12.078 [pool-2-thread-60] DEBUG tourGuide.service.RewardsService - calculateRewards pour user : internalUser712
21:40:12.080 [pool-2-thread-37] DEBUG tourGuide.service.RewardsService - calculateRewards pour user : internalUser909
21:40:12.083 [pool-2-thread-24] DEBUG tourGuide.service.RewardsService - calculateRewards pour user : internalUser913
21:40:12.088 [pool-2-thread-78] DEBUG tourGuide.service.RewardsService - calculateRewards pour user : internalUser901
21:40:12.088 [pool-2-thread-97] DEBUG tourGuide.service.RewardsService - calculateRewards pour user : internalUser955
21:40:12.088 [pool-2-thread-59] DEBUG tourGuide.service.RewardsService - calculateRewards pour user : internalUser911
21:40:12.095 [pool-2-thread-100] DEBUG tourGuide.service.RewardsService - calculateRewards pour user : internalUser900
21:40:12.097 [pool-2-thread-28] DEBUG tourGuide.service.RewardsService - calculateRewards pour user : internalUser917
21:40:12.098 [pool-2-thread-6] DEBUG tourGuide.service.RewardsService - calculateRewards pour user : internalUser717
21:40:12.101 [pool-2-thread-41] DEBUG tourGuide.service.RewardsService - calculateRewards pour user : internalUser320
21:40:12.102 [pool-2-thread-3] DEBUG tourGuide.service.RewardsService - calculateRewards pour user : internalUser327
21:40:12.104 [pool-2-thread-76] DEBUG tourGuide.service.RewardsService - calculateRewards pour user : internalUser904
21:40:12.107 [pool-2-thread-56] DEBUG tourGuide.service.RewardsService - calculateRewards pour user : internalUser957
21:40:12.107 [pool-2-thread-61] DEBUG tourGuide.service.RewardsService - calculateRewards pour user : internalUser910
21:40:12.110 [pool-2-thread-53] DEBUG tourGuide.service.RewardsService - calculateRewards pour user : internalUser908
21:40:12.113 [pool-2-thread-34] DEBUG tourGuide.service.RewardsService - calculateRewards pour user : internalUser914
21:40:12.115 [pool-2-thread-90] DEBUG tourGuide.service.RewardsService - calculateRewards pour user : internalUser915
21:40:12.116 [pool-2-thread-49] DEBUG tourGuide.service.RewardsService - calculateRewards pour user : internalUser329
21:40:12.124 [pool-2-thread-94] DEBUG tourGuide.service.RewardsService - calculateRewards pour user : internalUser912
21:40:12.125 [pool-2-thread-72] DEBUG tourGuide.service.RewardsService - calculateRewards pour user : internalUser562
21:40:12.126 [pool-2-thread-70] DEBUG tourGuide.service.RewardsService - calculateRewards pour user : internalUser332
21:40:12.131 [pool-2-thread-9] DEBUG tourGuide.service.RewardsService - calculateRewards pour user : internalUser902
21:40:12.132 [pool-2-thread-93] DEBUG tourGuide.service.RewardsService - calculateRewards pour user : internalUser334
21:40:12.133 [pool-2-thread-89] DEBUG tourGuide.service.RewardsService - calculateRewards pour user : internalUser916
21:40:12.135 [pool-2-thread-52] DEBUG tourGuide.service.RewardsService - calculateRewards pour user : internalUser336
21:40:12.137 [pool-2-thread-7] DEBUG tourGuide.service.RewardsService - calculateRewards pour user : internalUser918
21:40:12.139 [pool-2-thread-35] DEBUG tourGuide.service.RewardsService - calculateRewards pour user : internalUser579
21:40:12.140 [pool-2-thread-11] DEBUG tourGuide.service.RewardsService - calculateRewards pour user : internalUser331
21:40:12.142 [pool-2-thread-74] DEBUG tourGuide.service.RewardsService - calculateRewards pour user : internalUser330
21:40:12.146 [pool-2-thread-33] DEBUG tourGuide.service.RewardsService - calculateRewards pour user : internalUser339
21:40:12.146 [pool-2-thread-51] DEBUG tourGuide.service.RewardsService - calculateRewards pour user : internalUser328
21:40:12.146 [pool-2-thread-87] DEBUG tourGuide.service.RewardsService - calculateRewards pour user : internalUser578
21:40:12.148 [pool-2-thread-62] DEBUG tourGuide.service.RewardsService - calculateRewards pour user : internalUser919
21:40:12.148 [pool-2-thread-20] DEBUG tourGuide.service.RewardsService - calculateRewards pour user : internalUser570
21:40:12.149 [pool-2-thread-29] DEBUG tourGuide.service.RewardsService - calculateRewards pour user : internalUser333
21:40:12.151 [pool-2-thread-8] DEBUG tourGuide.service.RewardsService - calculateRewards pour user : internalUser335
21:40:12.152 [pool-2-thread-86] DEBUG tourGuide.service.RewardsService - calculateRewards pour user : internalUser569
21:40:12.154 [pool-2-thread-80] DEBUG tourGuide.service.RewardsService - calculateRewards pour user : internalUser574
21:40:12.156 [pool-2-thread-38] DEBUG tourGuide.service.RewardsService - calculateRewards pour user : internalUser575
21:40:12.158 [pool-2-thread-73] DEBUG tourGuide.service.RewardsService - calculateRewards pour user : internalUser337
21:40:12.160 [pool-2-thread-81] DEBUG tourGuide.service.RewardsService - calculateRewards pour user : internalUser572
21:40:12.161 [pool-2-thread-17] DEBUG tourGuide.service.RewardsService - calculateRewards pour user : internalUser573
21:40:12.162 [pool-2-thread-77] DEBUG tourGuide.service.RewardsService - calculateRewards pour user : internalUser103
21:40:12.164 [pool-2-thread-68] DEBUG tourGuide.service.RewardsService - calculateRewards pour user : internalUser580
21:40:12.165 [pool-2-thread-43] DEBUG tourGuide.service.RewardsService - calculateRewards pour user : internalUser106
21:40:12.165 [pool-2-thread-46] DEBUG tourGuide.service.RewardsService - calculateRewards pour user : internalUser105
21:40:12.166 [pool-2-thread-55] DEBUG tourGuide.service.RewardsService - calculateRewards pour user : internalUser571
21:40:12.168 [pool-2-thread-82] DEBUG tourGuide.service.RewardsService - calculateRewards pour user : internalUser589
21:40:12.177 [pool-2-thread-12] DEBUG tourGuide.service.RewardsService - calculateRewards pour user : internalUser581
21:40:12.178 [pool-2-thread-4] DEBUG tourGuide.service.RewardsService - calculateRewards pour user : internalUser577
21:40:12.180 [pool-2-thread-25] DEBUG tourGuide.service.RewardsService - calculateRewards pour user : internalUser104
21:40:12.181 [pool-2-thread-96] DEBUG tourGuide.service.RewardsService - calculateRewards pour user : internalUser582
21:40:12.182 [pool-2-thread-13] DEBUG tourGuide.service.RewardsService - calculateRewards pour user : internalUser338
21:40:12.187 [pool-2-thread-22] DEBUG tourGuide.service.RewardsService - calculateRewards pour user : internalUser102
21:40:12.187 [pool-2-thread-27] DEBUG tourGuide.service.RewardsService - calculateRewards pour user : internalUser8
21:40:12.187 [pool-2-thread-23] DEBUG tourGuide.service.RewardsService - calculateRewards pour user : internalUser346
21:40:12.188 [pool-2-thread-99] DEBUG tourGuide.service.RewardsService - calculateRewards pour user : internalUser576
21:40:12.188 [pool-2-thread-83] DEBUG tourGuide.service.RewardsService - calculateRewards pour user : internalUser347
21:40:12.193 [pool-2-thread-26] DEBUG tourGuide.service.RewardsService - calculateRewards pour user : internalUser585
21:40:12.200 [pool-2-thread-67] DEBUG tourGuide.service.RewardsService - calculateRewards pour user : internalUser340
21:40:12.200 [pool-2-thread-91] DEBUG tourGuide.service.RewardsService - calculateRewards pour user : internalUser588
21:40:12.209 [pool-2-thread-54] DEBUG tourGuide.service.RewardsService - calculateRewards pour user : internalUser344
21:40:12.210 [pool-2-thread-2] DEBUG tourGuide.service.RewardsService - calculateRewards pour user : internalUser101
21:40:12.210 [pool-2-thread-39] DEBUG tourGuide.service.RewardsService - calculateRewards pour user : internalUser107
21:40:12.212 [pool-2-thread-1] DEBUG tourGuide.service.RewardsService - calculateRewards pour user : internalUser9
21:40:12.218 [pool-2-thread-45] DEBUG tourGuide.service.RewardsService - calculateRewards pour user : internalUser348
21:40:12.219 [pool-2-thread-63] DEBUG tourGuide.service.RewardsService - calculateRewards pour user : internalUser108
21:40:12.220 [pool-3-thread-1] DEBUG tourGuide.service.TourGuideService - attractionResponsesWithRewardPoint size :1000
21:40:12.220 [pool-3-thread-1] DEBUG tourGuide.tracker.Tracker - Tracker Time Elapsed: 1 seconds.
21:40:12.221 [pool-3-thread-1] DEBUG tourGuide.tracker.Tracker - Tracker sleeping
21:40:12.222 [pool-2-thread-40] DEBUG tourGuide.service.RewardsService - calculateRewards pour user : internalUser349
21:40:12.223 [pool-2-thread-48] DEBUG tourGuide.service.RewardsService - calculateRewards pour user : internalUser584
21:40:12.225 [pool-2-thread-30] DEBUG tourGuide.service.RewardsService - calculateRewards pour user : internalUser109
21:40:12.227 [pool-2-thread-95] DEBUG tourGuide.service.RewardsService - calculateRewards pour user : internalUser342
21:40:12.229 [pool-2-thread-32] DEBUG tourGuide.service.RewardsService - calculateRewards pour user : internalUser351
21:40:12.231 [pool-2-thread-98] DEBUG tourGuide.service.RewardsService - calculateRewards pour user : internalUser345
21:40:12.233 [pool-2-thread-16] DEBUG tourGuide.service.RewardsService - calculateRewards pour user : internalUser592
21:40:12.236 [pool-2-thread-44] DEBUG tourGuide.service.RewardsService - calculateRewards pour user : internalUser587
21:40:12.237 [pool-2-thread-92] DEBUG tourGuide.service.RewardsService - calculateRewards pour user : internalUser1
21:40:12.238 [pool-2-thread-79] DEBUG tourGuide.service.RewardsService - calculateRewards pour user : internalUser0
21:40:12.242 [pool-2-thread-42] DEBUG tourGuide.service.RewardsService - calculateRewards pour user : internalUser586
21:40:12.242 [pool-2-thread-71] DEBUG tourGuide.service.RewardsService - calculateRewards pour user : internalUser358
21:40:12.245 [pool-2-thread-5] DEBUG tourGuide.service.RewardsService - calculateRewards pour user : internalUser591
21:40:12.246 [pool-2-thread-21] DEBUG tourGuide.service.RewardsService - calculateRewards pour user : internalUser343
21:40:12.247 [pool-2-thread-47] DEBUG tourGuide.service.RewardsService - calculateRewards pour user : internalUser593
21:40:12.248 [pool-2-thread-31] DEBUG tourGuide.service.RewardsService - calculateRewards pour user : internalUser583
21:40:12.249 [pool-2-thread-66] DEBUG tourGuide.service.RewardsService - calculateRewards pour user : internalUser114
21:40:12.251 [pool-2-thread-75] DEBUG tourGuide.service.RewardsService - calculateRewards pour user : internalUser341
21:40:12.253 [pool-2-thread-64] DEBUG tourGuide.service.RewardsService - calculateRewards pour user : internalUser598
21:40:12.255 [pool-2-thread-15] DEBUG tourGuide.service.RewardsService - calculateRewards pour user : internalUser100
21:40:12.258 [pool-2-thread-85] DEBUG tourGuide.service.RewardsService - calculateRewards pour user : internalUser117
21:40:12.259 [pool-2-thread-10] DEBUG tourGuide.service.RewardsService - calculateRewards pour user : internalUser359
21:40:12.262 [pool-2-thread-65] DEBUG tourGuide.service.RewardsService - calculateRewards pour user : internalUser5
21:40:12.262 [pool-2-thread-88] DEBUG tourGuide.service.RewardsService - calculateRewards pour user : internalUser2
21:40:12.264 [pool-2-thread-59] DEBUG tourGuide.service.RewardsService - calculateRewards pour user : internalUser113
21:40:12.269 [pool-2-thread-100] DEBUG tourGuide.service.RewardsService - calculateRewards pour user : internalUser355
21:40:12.271 [pool-2-thread-50] DEBUG tourGuide.service.RewardsService - calculateRewards pour user : internalUser6
21:40:12.272 [pool-2-thread-37] DEBUG tourGuide.service.RewardsService - calculateRewards pour user : internalUser599
21:40:12.274 [pool-2-thread-18] DEBUG tourGuide.service.RewardsService - calculateRewards pour user : internalUser7
21:40:12.274 [pool-2-thread-41] DEBUG tourGuide.service.RewardsService - calculateRewards pour user : internalUser352
21:40:12.275 [pool-2-thread-58] DEBUG tourGuide.service.RewardsService - calculateRewards pour user : internalUser3
21:40:12.276 [pool-2-thread-36] DEBUG tourGuide.service.RewardsService - calculateRewards pour user : internalUser4
21:40:12.279 [pool-2-thread-60] DEBUG tourGuide.service.RewardsService - calculateRewards pour user : internalUser357
21:40:12.281 [pool-2-thread-57] DEBUG tourGuide.service.RewardsService - calculateRewards pour user : internalUser115
21:40:12.282 [pool-2-thread-34] DEBUG tourGuide.service.RewardsService - calculateRewards pour user : internalUser119
21:40:12.284 [pool-2-thread-69] DEBUG tourGuide.service.RewardsService - calculateRewards pour user : internalUser356
21:40:12.285 [pool-2-thread-24] DEBUG tourGuide.service.RewardsService - calculateRewards pour user : internalUser112
21:40:12.288 [pool-2-thread-14] DEBUG tourGuide.service.RewardsService - calculateRewards pour user : internalUser116
21:40:12.290 [pool-2-thread-84] DEBUG tourGuide.service.RewardsService - calculateRewards pour user : internalUser590
21:40:12.291 [pool-2-thread-19] DEBUG tourGuide.service.RewardsService - calculateRewards pour user : internalUser350
21:40:12.295 [pool-2-thread-6] DEBUG tourGuide.service.RewardsService - calculateRewards pour user : internalUser110
21:40:12.297 [pool-2-thread-53] DEBUG tourGuide.service.RewardsService - calculateRewards pour user : internalUser118
21:40:12.302 [pool-2-thread-49] DEBUG tourGuide.service.RewardsService - calculateRewards pour user : internalUser765
21:40:12.306 [pool-2-thread-97] DEBUG tourGuide.service.RewardsService - calculateRewards pour user : internalUser596
21:40:12.310 [pool-2-thread-74] DEBUG tourGuide.service.RewardsService - calculateRewards pour user : internalUser760
21:40:12.311 [pool-2-thread-3] DEBUG tourGuide.service.RewardsService - calculateRewards pour user : internalUser594
21:40:12.317 [pool-2-thread-72] DEBUG tourGuide.service.RewardsService - calculateRewards pour user : internalUser766
21:40:12.320 [pool-2-thread-7] DEBUG tourGuide.service.RewardsService - calculateRewards pour user : internalUser520
21:40:12.324 [pool-2-thread-78] DEBUG tourGuide.service.RewardsService - calculateRewards pour user : internalUser354
21:40:12.324 [pool-2-thread-70] DEBUG tourGuide.service.RewardsService - calculateRewards pour user : internalUser521
21:40:12.324 [pool-2-thread-9] DEBUG tourGuide.service.RewardsService - calculateRewards pour user : internalUser763
21:40:12.325 [pool-2-thread-76] DEBUG tourGuide.service.RewardsService - calculateRewards pour user : internalUser111
21:40:12.329 [pool-2-thread-89] DEBUG tourGuide.service.RewardsService - calculateRewards pour user : internalUser764
21:40:12.333 [pool-2-thread-86] DEBUG tourGuide.service.RewardsService - calculateRewards pour user : internalUser534
21:40:12.333 [pool-2-thread-28] DEBUG tourGuide.service.RewardsService - calculateRewards pour user : internalUser597
21:40:12.333 [pool-2-thread-77] DEBUG tourGuide.service.RewardsService - calculateRewards pour user : internalUser533
21:40:12.334 [pool-2-thread-38] DEBUG tourGuide.service.RewardsService - calculateRewards pour user : internalUser776
21:40:12.335 [pool-2-thread-56] DEBUG tourGuide.service.RewardsService - calculateRewards pour user : internalUser353
21:40:12.337 [pool-2-thread-43] DEBUG tourGuide.service.RewardsService - calculateRewards pour user : internalUser530
21:40:12.337 [pool-2-thread-90] DEBUG tourGuide.service.RewardsService - calculateRewards pour user : internalUser523
21:40:12.340 [pool-2-thread-62] DEBUG tourGuide.service.RewardsService - calculateRewards pour user : internalUser525
21:40:12.341 [pool-2-thread-61] DEBUG tourGuide.service.RewardsService - calculateRewards pour user : internalUser595
21:40:12.343 [pool-2-thread-11] DEBUG tourGuide.service.RewardsService - calculateRewards pour user : internalUser529
21:40:12.343 [pool-2-thread-94] DEBUG tourGuide.service.RewardsService - calculateRewards pour user : internalUser524
21:40:12.347 [pool-2-thread-33] DEBUG tourGuide.service.RewardsService - calculateRewards pour user : internalUser527
21:40:12.347 [pool-2-thread-68] DEBUG tourGuide.service.RewardsService - calculateRewards pour user : internalUser775
21:40:12.350 [pool-2-thread-80] DEBUG tourGuide.service.RewardsService - calculateRewards pour user : internalUser535
21:40:12.353 [pool-2-thread-93] DEBUG tourGuide.service.RewardsService - calculateRewards pour user : internalUser522
21:40:12.355 [pool-2-thread-55] DEBUG tourGuide.service.RewardsService - calculateRewards pour user : internalUser531
21:40:12.359 [pool-2-thread-17] DEBUG tourGuide.service.RewardsService - calculateRewards pour user : internalUser774
21:40:12.361 [pool-2-thread-82] DEBUG tourGuide.service.RewardsService - calculateRewards pour user : internalUser773
21:40:12.361 [pool-2-thread-20] DEBUG tourGuide.service.RewardsService - calculateRewards pour user : internalUser767
21:40:12.364 [pool-2-thread-87] DEBUG tourGuide.service.RewardsService - calculateRewards pour user : internalUser528
21:40:12.366 [pool-2-thread-35] DEBUG tourGuide.service.RewardsService - calculateRewards pour user : internalUser762
21:40:12.366 [pool-2-thread-51] DEBUG tourGuide.service.RewardsService - calculateRewards pour user : internalUser769
21:40:12.367 [pool-2-thread-52] DEBUG tourGuide.service.RewardsService - calculateRewards pour user : internalUser761
21:40:12.373 [pool-2-thread-23] DEBUG tourGuide.service.RewardsService - calculateRewards pour user : internalUser779
21:40:12.375 [pool-2-thread-46] DEBUG tourGuide.service.RewardsService - calculateRewards pour user : internalUser772
21:40:12.376 [pool-2-thread-67] DEBUG tourGuide.service.RewardsService - calculateRewards pour user : internalUser787
21:40:12.377 [pool-2-thread-29] DEBUG tourGuide.service.RewardsService - calculateRewards pour user : internalUser526
21:40:12.378 [pool-2-thread-8] DEBUG tourGuide.service.RewardsService - calculateRewards pour user : internalUser768
21:40:12.382 [pool-2-thread-26] DEBUG tourGuide.service.RewardsService - calculateRewards pour user : internalUser545
21:40:12.382 [pool-2-thread-13] DEBUG tourGuide.service.RewardsService - calculateRewards pour user : internalUser536
21:40:12.382 [pool-2-thread-73] DEBUG tourGuide.service.RewardsService - calculateRewards pour user : internalUser777
21:40:12.387 [pool-2-thread-91] DEBUG tourGuide.service.RewardsService - calculateRewards pour user : internalUser304
21:40:12.388 [pool-2-thread-39] DEBUG tourGuide.service.RewardsService - calculateRewards pour user : internalUser301
21:40:12.393 [pool-2-thread-81] DEBUG tourGuide.service.RewardsService - calculateRewards pour user : internalUser532
21:40:12.393 [pool-2-thread-99] DEBUG tourGuide.service.RewardsService - calculateRewards pour user : internalUser303
21:40:12.393 [pool-2-thread-12] DEBUG tourGuide.service.RewardsService - calculateRewards pour user : internalUser770
21:40:12.396 [pool-2-thread-96] DEBUG tourGuide.service.RewardsService - calculateRewards pour user : internalUser539
21:40:12.400 [pool-2-thread-32] DEBUG tourGuide.service.RewardsService - calculateRewards pour user : internalUser300
21:40:12.401 [pool-2-thread-40] DEBUG tourGuide.service.RewardsService - calculateRewards pour user : internalUser544
21:40:12.402 [pool-2-thread-25] DEBUG tourGuide.service.RewardsService - calculateRewards pour user : internalUser538
21:40:12.409 [pool-2-thread-63] DEBUG tourGuide.service.RewardsService - calculateRewards pour user : internalUser302
21:40:12.410 [pool-2-thread-83] DEBUG tourGuide.service.RewardsService - calculateRewards pour user : internalUser780
21:40:12.412 [pool-2-thread-22] DEBUG tourGuide.service.RewardsService - calculateRewards pour user : internalUser778
21:40:12.412 [pool-2-thread-4] DEBUG tourGuide.service.RewardsService - calculateRewards pour user : internalUser771
21:40:12.415 [pool-2-thread-66] DEBUG tourGuide.service.RewardsService - calculateRewards pour user : internalUser789
21:40:12.415 [pool-2-thread-5] DEBUG tourGuide.service.RewardsService - calculateRewards pour user : internalUser549
21:40:12.417 [pool-2-thread-75] DEBUG tourGuide.service.RewardsService - calculateRewards pour user : internalUser306
21:40:12.418 [pool-2-thread-92] DEBUG tourGuide.service.RewardsService - calculateRewards pour user : internalUser540
21:40:12.419 [pool-2-thread-1] DEBUG tourGuide.service.RewardsService - calculateRewards pour user : internalUser543
21:40:12.420 [pool-2-thread-27] DEBUG tourGuide.service.RewardsService - calculateRewards pour user : internalUser537
21:40:12.423 [pool-2-thread-2] DEBUG tourGuide.service.RewardsService - calculateRewards pour user : internalUser788
21:40:12.424 [pool-2-thread-30] DEBUG tourGuide.service.RewardsService - calculateRewards pour user : internalUser541
21:40:12.425 [pool-2-thread-45] DEBUG tourGuide.service.RewardsService - calculateRewards pour user : internalUser785
21:40:12.426 [pool-2-thread-16] DEBUG tourGuide.service.RewardsService - calculateRewards pour user : internalUser784
21:40:12.432 [pool-2-thread-71] DEBUG tourGuide.service.RewardsService - calculateRewards pour user : internalUser307
21:40:12.435 [pool-2-thread-54] DEBUG tourGuide.service.RewardsService - calculateRewards pour user : internalUser546
21:40:12.435 [pool-2-thread-98] DEBUG tourGuide.service.RewardsService - calculateRewards pour user : internalUser542
21:40:12.436 [pool-2-thread-21] DEBUG tourGuide.service.RewardsService - calculateRewards pour user : internalUser308
21:40:12.439 [pool-2-thread-64] DEBUG tourGuide.service.RewardsService - calculateRewards pour user : internalUser548
21:40:12.439 [pool-2-thread-37] DEBUG tourGuide.service.RewardsService - calculateRewards pour user : internalUser312
21:40:12.439 [pool-2-thread-95] DEBUG tourGuide.service.RewardsService - calculateRewards pour user : internalUser783
21:40:12.440 [pool-2-thread-42] DEBUG tourGuide.service.RewardsService - calculateRewards pour user : internalUser309
21:40:12.441 [pool-2-thread-47] DEBUG tourGuide.service.RewardsService - calculateRewards pour user : internalUser547
21:40:12.443 [pool-2-thread-48] DEBUG tourGuide.service.RewardsService - calculateRewards pour user : internalUser786
21:40:12.455 [pool-2-thread-31] DEBUG tourGuide.service.RewardsService - calculateRewards pour user : internalUser305
21:40:12.455 [pool-2-thread-65] DEBUG tourGuide.service.RewardsService - calculateRewards pour user : internalUser556
21:40:12.456 [pool-2-thread-79] DEBUG tourGuide.service.RewardsService - calculateRewards pour user : internalUser782
21:40:12.458 [pool-2-thread-57] DEBUG tourGuide.service.RewardsService - calculateRewards pour user : internalUser310
21:40:12.458 [pool-2-thread-100] DEBUG tourGuide.service.RewardsService - calculateRewards pour user : internalUser557
21:40:12.460 [pool-2-thread-44] DEBUG tourGuide.service.RewardsService - calculateRewards pour user : internalUser781
21:40:12.471 [pool-2-thread-36] DEBUG tourGuide.service.RewardsService - calculateRewards pour user : internalUser555
21:40:12.474 [pool-2-thread-84] DEBUG tourGuide.service.RewardsService - calculateRewards pour user : internalUser795
21:40:12.480 [pool-2-thread-88] DEBUG tourGuide.service.RewardsService - calculateRewards pour user : internalUser798
21:40:12.481 [pool-2-thread-24] DEBUG tourGuide.service.RewardsService - calculateRewards pour user : internalUser311
21:40:12.486 [pool-2-thread-15] DEBUG tourGuide.service.RewardsService - calculateRewards pour user : internalUser790
21:40:12.488 [pool-2-thread-85] DEBUG tourGuide.service.RewardsService - calculateRewards pour user : internalUser791
21:40:12.491 [pool-2-thread-3] DEBUG tourGuide.service.RewardsService - calculateRewards pour user : internalUser316
21:40:12.492 [pool-2-thread-10] DEBUG tourGuide.service.RewardsService - calculateRewards pour user : internalUser314
21:40:12.492 [pool-2-thread-59] DEBUG tourGuide.service.RewardsService - calculateRewards pour user : internalUser315
21:40:12.493 [pool-2-thread-41] DEBUG tourGuide.service.RewardsService - calculateRewards pour user : internalUser796
21:40:12.494 [pool-2-thread-34] DEBUG tourGuide.service.RewardsService - calculateRewards pour user : internalUser552
21:40:12.499 [pool-2-thread-28] DEBUG tourGuide.service.RewardsService - calculateRewards pour user : internalUser841
21:40:12.500 [pool-2-thread-50] DEBUG tourGuide.service.RewardsService - calculateRewards pour user : internalUser799
21:40:12.501 [pool-2-thread-58] DEBUG tourGuide.service.RewardsService - calculateRewards pour user : internalUser313
21:40:12.504 [pool-2-thread-18] DEBUG tourGuide.service.RewardsService - calculateRewards pour user : internalUser554
21:40:12.508 [pool-2-thread-60] DEBUG tourGuide.service.RewardsService - calculateRewards pour user : internalUser797
21:40:12.509 [pool-2-thread-76] DEBUG tourGuide.service.RewardsService - calculateRewards pour user : internalUser601
21:40:12.511 [pool-2-thread-72] DEBUG tourGuide.service.RewardsService - calculateRewards pour user : internalUser558
21:40:12.513 [pool-2-thread-53] DEBUG tourGuide.service.RewardsService - calculateRewards pour user : internalUser551
21:40:12.513 [pool-2-thread-6] DEBUG tourGuide.service.RewardsService - calculateRewards pour user : internalUser792
21:40:12.514 [pool-2-thread-43] DEBUG tourGuide.service.RewardsService - calculateRewards pour user : internalUser607
21:40:12.516 [pool-2-thread-14] DEBUG tourGuide.service.RewardsService - calculateRewards pour user : internalUser553
21:40:12.518 [pool-2-thread-69] DEBUG tourGuide.service.RewardsService - calculateRewards pour user : internalUser794
21:40:12.519 [pool-2-thread-80] DEBUG tourGuide.service.RewardsService - calculateRewards pour user : internalUser844
21:40:12.519 [pool-2-thread-7] DEBUG tourGuide.service.RewardsService - calculateRewards pour user : internalUser317
21:40:12.523 [pool-2-thread-49] DEBUG tourGuide.service.RewardsService - calculateRewards pour user : internalUser793
21:40:12.523 [pool-2-thread-19] DEBUG tourGuide.service.RewardsService - calculateRewards pour user : internalUser550
21:40:12.524 [pool-2-thread-90] DEBUG tourGuide.service.RewardsService - calculateRewards pour user : internalUser848
21:40:12.524 [pool-2-thread-93] DEBUG tourGuide.service.RewardsService - calculateRewards pour user : internalUser603
21:40:12.525 [pool-2-thread-11] DEBUG tourGuide.service.RewardsService - calculateRewards pour user : internalUser846
21:40:12.527 [pool-2-thread-68] DEBUG tourGuide.service.RewardsService - calculateRewards pour user : internalUser602
21:40:12.528 [pool-2-thread-38] DEBUG tourGuide.service.RewardsService - calculateRewards pour user : internalUser609
21:40:12.531 [pool-2-thread-9] DEBUG tourGuide.service.RewardsService - calculateRewards pour user : internalUser842
21:40:12.531 [pool-2-thread-74] DEBUG tourGuide.service.RewardsService - calculateRewards pour user : internalUser319
21:40:12.533 [pool-2-thread-97] DEBUG tourGuide.service.RewardsService - calculateRewards pour user : internalUser318
21:40:12.536 [pool-2-thread-78] DEBUG tourGuide.service.RewardsService - calculateRewards pour user : internalUser559
21:40:12.538 [pool-2-thread-70] DEBUG tourGuide.service.RewardsService - calculateRewards pour user : internalUser600
21:40:12.541 [pool-2-thread-94] DEBUG tourGuide.service.RewardsService - calculateRewards pour user : internalUser605
21:40:12.542 [pool-2-thread-46] DEBUG tourGuide.service.RewardsService - calculateRewards pour user : internalUser619
21:40:12.542 [pool-2-thread-77] DEBUG tourGuide.service.RewardsService - calculateRewards pour user : internalUser608
21:40:12.543 [pool-2-thread-51] DEBUG tourGuide.service.RewardsService - calculateRewards pour user : internalUser851
21:40:12.546 [pool-2-thread-23] DEBUG tourGuide.service.RewardsService - calculateRewards pour user : internalUser850
21:40:12.548 [pool-2-thread-86] DEBUG tourGuide.service.RewardsService - calculateRewards pour user : internalUser840
21:40:12.549 [pool-2-thread-13] DEBUG tourGuide.service.RewardsService - calculateRewards pour user : internalUser616
21:40:12.552 [pool-2-thread-55] DEBUG tourGuide.service.RewardsService - calculateRewards pour user : internalUser845
21:40:12.553 [pool-2-thread-62] DEBUG tourGuide.service.RewardsService - calculateRewards pour user : internalUser849
21:40:12.557 [pool-2-thread-89] DEBUG tourGuide.service.RewardsService - calculateRewards pour user : internalUser843
21:40:12.560 [pool-2-thread-96] DEBUG tourGuide.service.RewardsService - calculateRewards pour user : internalUser622
21:40:12.561 [pool-2-thread-26] DEBUG tourGuide.service.RewardsService - calculateRewards pour user : internalUser615
21:40:12.561 [pool-2-thread-32] DEBUG tourGuide.service.RewardsService - calculateRewards pour user : internalUser864
21:40:12.563 [pool-2-thread-40] DEBUG tourGuide.service.RewardsService - calculateRewards pour user : internalUser623
21:40:12.564 [pool-2-thread-61] DEBUG tourGuide.service.RewardsService - calculateRewards pour user : internalUser604
21:40:12.564 [pool-2-thread-56] DEBUG tourGuide.service.RewardsService - calculateRewards pour user : internalUser606
21:40:12.565 [pool-2-thread-33] DEBUG tourGuide.service.RewardsService - calculateRewards pour user : internalUser847
21:40:12.570 [pool-2-thread-17] DEBUG tourGuide.service.RewardsService - calculateRewards pour user : internalUser611
21:40:12.572 [pool-2-thread-67] DEBUG tourGuide.service.RewardsService - calculateRewards pour user : internalUser617
21:40:12.572 [pool-2-thread-99] DEBUG tourGuide.service.RewardsService - calculateRewards pour user : internalUser614
21:40:12.575 [pool-2-thread-35] DEBUG tourGuide.service.RewardsService - calculateRewards pour user : internalUser610
21:40:12.576 [pool-2-thread-12] DEBUG tourGuide.service.RewardsService - calculateRewards pour user : internalUser856
21:40:12.580 [pool-2-thread-25] DEBUG tourGuide.service.RewardsService - calculateRewards pour user : internalUser865
21:40:12.582 [pool-2-thread-63] DEBUG tourGuide.service.RewardsService - calculateRewards pour user : internalUser620
21:40:12.582 [pool-2-thread-92] DEBUG tourGuide.service.RewardsService - calculateRewards pour user : internalUser16
21:40:12.584 [pool-2-thread-82] DEBUG tourGuide.service.RewardsService - calculateRewards pour user : internalUser612
21:40:12.585 [pool-2-thread-8] DEBUG tourGuide.service.RewardsService - calculateRewards pour user : internalUser618
21:40:12.586 [pool-2-thread-83] DEBUG tourGuide.service.RewardsService - calculateRewards pour user : internalUser862
21:40:12.587 [pool-2-thread-29] DEBUG tourGuide.service.RewardsService - calculateRewards pour user : internalUser859
21:40:12.587 [pool-2-thread-45] DEBUG tourGuide.service.RewardsService - calculateRewards pour user : internalUser629
21:40:12.589 [pool-2-thread-1] DEBUG tourGuide.service.RewardsService - calculateRewards pour user : internalUser15
21:40:12.594 [pool-2-thread-75] DEBUG tourGuide.service.RewardsService - calculateRewards pour user : internalUser861
21:40:12.594 [pool-2-thread-20] DEBUG tourGuide.service.RewardsService - calculateRewards pour user : internalUser853
21:40:12.596 [pool-2-thread-87] DEBUG tourGuide.service.RewardsService - calculateRewards pour user : internalUser854
21:40:12.598 [pool-2-thread-2] DEBUG tourGuide.service.RewardsService - calculateRewards pour user : internalUser628
21:40:12.600 [pool-2-thread-37] DEBUG tourGuide.service.RewardsService - calculateRewards pour user : internalUser14
21:40:12.600 [pool-2-thread-64] DEBUG tourGuide.service.RewardsService - calculateRewards pour user : internalUser869
21:40:12.601 [pool-2-thread-81] DEBUG tourGuide.service.RewardsService - calculateRewards pour user : internalUser855
21:40:12.605 [pool-2-thread-5] DEBUG tourGuide.service.RewardsService - calculateRewards pour user : internalUser19
21:40:12.605 [pool-2-thread-27] DEBUG tourGuide.service.RewardsService - calculateRewards pour user : internalUser18
21:40:12.606 [pool-2-thread-4] DEBUG tourGuide.service.RewardsService - calculateRewards pour user : internalUser863
21:40:12.606 [pool-2-thread-52] DEBUG tourGuide.service.RewardsService - calculateRewards pour user : internalUser852
21:40:12.612 [pool-2-thread-73] DEBUG tourGuide.service.RewardsService - calculateRewards pour user : internalUser857
21:40:12.612 [pool-2-thread-91] DEBUG tourGuide.service.RewardsService - calculateRewards pour user : internalUser858
21:40:12.613 [pool-2-thread-98] DEBUG tourGuide.service.RewardsService - calculateRewards pour user : internalUser11
21:40:12.617 [pool-2-thread-16] DEBUG tourGuide.service.RewardsService - calculateRewards pour user : internalUser12
21:40:12.619 [pool-2-thread-95] DEBUG tourGuide.service.RewardsService - calculateRewards pour user : internalUser624
21:40:12.621 [pool-2-thread-54] DEBUG tourGuide.service.RewardsService - calculateRewards pour user : internalUser868
21:40:12.622 [pool-2-thread-39] DEBUG tourGuide.service.RewardsService - calculateRewards pour user : internalUser613
21:40:12.629 [pool-2-thread-30] DEBUG tourGuide.service.RewardsService - calculateRewards pour user : internalUser17
21:40:12.632 [pool-2-thread-42] DEBUG tourGuide.service.RewardsService - calculateRewards pour user : internalUser866
21:40:12.632 [pool-2-thread-66] DEBUG tourGuide.service.RewardsService - calculateRewards pour user : internalUser860
21:40:12.638 [pool-2-thread-22] DEBUG tourGuide.service.RewardsService - calculateRewards pour user : internalUser621
21:40:12.640 [pool-2-thread-24] DEBUG tourGuide.service.RewardsService - calculateRewards pour user : internalUser874
21:40:12.640 [pool-2-thread-88] DEBUG tourGuide.service.RewardsService - calculateRewards pour user : internalUser632
21:40:12.647 [pool-2-thread-21] DEBUG tourGuide.service.RewardsService - calculateRewards pour user : internalUser627
21:40:12.648 [pool-2-thread-57] DEBUG tourGuide.service.RewardsService - calculateRewards pour user : internalUser875
21:40:12.649 [pool-2-thread-85] DEBUG tourGuide.service.RewardsService - calculateRewards pour user : internalUser630
21:40:12.651 [pool-2-thread-100] DEBUG tourGuide.service.RewardsService - calculateRewards pour user : internalUser634
21:40:12.656 [pool-2-thread-71] DEBUG tourGuide.service.RewardsService - calculateRewards pour user : internalUser626
21:40:12.658 [pool-2-thread-36] DEBUG tourGuide.service.RewardsService - calculateRewards pour user : internalUser631
21:40:12.665 [pool-2-thread-47] DEBUG tourGuide.service.RewardsService - calculateRewards pour user : internalUser13
21:40:12.667 [pool-2-thread-48] DEBUG tourGuide.service.RewardsService - calculateRewards pour user : internalUser625
21:40:12.668 [pool-2-thread-31] DEBUG tourGuide.service.RewardsService - calculateRewards pour user : internalUser867
21:40:12.671 [pool-2-thread-58] DEBUG tourGuide.service.RewardsService - calculateRewards pour user : internalUser23
21:40:12.672 [pool-2-thread-3] DEBUG tourGuide.service.RewardsService - calculateRewards pour user : internalUser872
21:40:12.673 [pool-2-thread-79] DEBUG tourGuide.service.RewardsService - calculateRewards pour user : internalUser633
21:40:12.677 [pool-2-thread-15] DEBUG tourGuide.service.RewardsService - calculateRewards pour user : internalUser871
21:40:12.678 [pool-2-thread-84] DEBUG tourGuide.service.RewardsService - calculateRewards pour user : internalUser873
21:40:12.678 [pool-2-thread-44] DEBUG tourGuide.service.RewardsService - calculateRewards pour user : internalUser876
21:40:12.680 [pool-2-thread-34] DEBUG tourGuide.service.RewardsService - calculateRewards pour user : internalUser29
21:40:12.682 [pool-2-thread-72] DEBUG tourGuide.service.RewardsService - calculateRewards pour user : internalUser638
21:40:12.683 [pool-2-thread-76] DEBUG tourGuide.service.RewardsService - calculateRewards pour user : internalUser22
21:40:12.686 [pool-2-thread-28] DEBUG tourGuide.service.RewardsService - calculateRewards pour user : internalUser639
21:40:12.687 [pool-2-thread-65] DEBUG tourGuide.service.RewardsService - calculateRewards pour user : internalUser10
21:40:12.687 [pool-2-thread-69] DEBUG tourGuide.service.RewardsService - calculateRewards pour user : internalUser636
21:40:12.694 [pool-2-thread-10] DEBUG tourGuide.service.RewardsService - calculateRewards pour user : internalUser870
21:40:12.694 [pool-2-thread-6] DEBUG tourGuide.service.RewardsService - calculateRewards pour user : internalUser635
21:40:12.695 [pool-2-thread-11] DEBUG tourGuide.service.RewardsService - calculateRewards pour user : internalUser807
21:40:12.695 [pool-2-thread-90] DEBUG tourGuide.service.RewardsService - calculateRewards pour user : internalUser806
21:40:12.697 [pool-2-thread-80] DEBUG tourGuide.service.RewardsService - calculateRewards pour user : internalUser878
21:40:12.698 [pool-2-thread-50] DEBUG tourGuide.service.RewardsService - calculateRewards pour user : internalUser28
21:40:12.700 [pool-2-thread-53] DEBUG tourGuide.service.RewardsService - calculateRewards pour user : internalUser25
21:40:12.703 [pool-2-thread-43] DEBUG tourGuide.service.RewardsService - calculateRewards pour user : internalUser877
21:40:12.708 [pool-2-thread-74] DEBUG tourGuide.service.RewardsService - calculateRewards pour user : internalUser34
21:40:12.712 [pool-2-thread-60] DEBUG tourGuide.service.RewardsService - calculateRewards pour user : internalUser879
21:40:12.712 [pool-2-thread-41] DEBUG tourGuide.service.RewardsService - calculateRewards pour user : internalUser26
21:40:12.712 [pool-2-thread-18] DEBUG tourGuide.service.RewardsService - calculateRewards pour user : internalUser637
21:40:12.715 [pool-2-thread-7] DEBUG tourGuide.service.RewardsService - calculateRewards pour user : internalUser20
21:40:12.717 [pool-2-thread-59] DEBUG tourGuide.service.RewardsService - calculateRewards pour user : internalUser27
21:40:12.721 [pool-2-thread-49] DEBUG tourGuide.service.RewardsService - calculateRewards pour user : internalUser21
21:40:12.723 [pool-2-thread-93] DEBUG tourGuide.service.RewardsService - calculateRewards pour user : internalUser37
21:40:12.724 [pool-2-thread-97] DEBUG tourGuide.service.RewardsService - calculateRewards pour user : internalUser802
21:40:12.726 [pool-2-thread-46] DEBUG tourGuide.service.RewardsService - calculateRewards pour user : internalUser35
21:40:12.728 [pool-2-thread-51] DEBUG tourGuide.service.RewardsService - calculateRewards pour user : internalUser801
21:40:12.730 [pool-2-thread-62] DEBUG tourGuide.service.RewardsService - calculateRewards pour user : internalUser809
21:40:12.731 [pool-2-thread-86] DEBUG tourGuide.service.RewardsService - calculateRewards pour user : internalUser32
21:40:12.731 [pool-2-thread-77] DEBUG tourGuide.service.RewardsService - calculateRewards pour user : internalUser800
21:40:12.731 [pool-2-thread-89] DEBUG tourGuide.service.RewardsService - calculateRewards pour user : internalUser810
21:40:12.734 [pool-2-thread-70] DEBUG tourGuide.service.RewardsService - calculateRewards pour user : internalUser803
21:40:12.735 [pool-2-thread-32] DEBUG tourGuide.service.RewardsService - calculateRewards pour user : internalUser48
21:40:12.740 [pool-2-thread-68] DEBUG tourGuide.service.RewardsService - calculateRewards pour user : internalUser804
21:40:12.743 [pool-2-thread-17] DEBUG tourGuide.service.RewardsService - calculateRewards pour user : internalUser813
21:40:12.744 [pool-2-thread-23] DEBUG tourGuide.service.RewardsService - calculateRewards pour user : internalUser30
21:40:12.745 [pool-2-thread-61] DEBUG tourGuide.service.RewardsService - calculateRewards pour user : internalUser815
21:40:12.746 [pool-2-thread-9] DEBUG tourGuide.service.RewardsService - calculateRewards pour user : internalUser805
21:40:12.746 [pool-2-thread-26] DEBUG tourGuide.service.RewardsService - calculateRewards pour user : internalUser49
21:40:12.747 [pool-2-thread-13] DEBUG tourGuide.service.RewardsService - calculateRewards pour user : internalUser31
21:40:12.748 [pool-2-thread-96] DEBUG tourGuide.service.RewardsService - calculateRewards pour user : internalUser817
21:40:12.749 [pool-2-thread-14] DEBUG tourGuide.service.RewardsService - calculateRewards pour user : internalUser24
21:40:12.750 [pool-2-thread-19] DEBUG tourGuide.service.RewardsService - calculateRewards pour user : internalUser38
21:40:12.754 [pool-2-thread-78] DEBUG tourGuide.service.RewardsService - calculateRewards pour user : internalUser33
21:40:12.757 [pool-2-thread-38] DEBUG tourGuide.service.RewardsService - calculateRewards pour user : internalUser39
21:40:12.759 [pool-2-thread-55] DEBUG tourGuide.service.RewardsService - calculateRewards pour user : internalUser808
21:40:12.765 [pool-2-thread-8] DEBUG tourGuide.service.RewardsService - calculateRewards pour user : internalUser43
21:40:12.766 [pool-2-thread-94] DEBUG tourGuide.service.RewardsService - calculateRewards pour user : internalUser36
21:40:12.772 [pool-2-thread-37] DEBUG tourGuide.service.RewardsService - calculateRewards pour user : internalUser827
21:40:12.773 [pool-2-thread-99] DEBUG tourGuide.service.RewardsService - calculateRewards pour user : internalUser814
21:40:12.773 [pool-2-thread-75] DEBUG tourGuide.service.RewardsService - calculateRewards pour user : internalUser828
21:40:12.775 [pool-2-thread-82] DEBUG tourGuide.service.RewardsService - calculateRewards pour user : internalUser40
21:40:12.776 [pool-2-thread-2] DEBUG tourGuide.service.RewardsService - calculateRewards pour user : internalUser826
21:40:12.778 [pool-2-thread-33] DEBUG tourGuide.service.RewardsService - calculateRewards pour user : internalUser45
21:40:12.780 [pool-2-thread-56] DEBUG tourGuide.service.RewardsService - calculateRewards pour user : internalUser816
21:40:12.783 [pool-2-thread-20] DEBUG tourGuide.service.RewardsService - calculateRewards pour user : internalUser59
21:40:12.785 [pool-2-thread-25] DEBUG tourGuide.service.RewardsService - calculateRewards pour user : internalUser46
21:40:12.787 [pool-2-thread-27] DEBUG tourGuide.service.RewardsService - calculateRewards pour user : internalUser825
21:40:12.790 [pool-2-thread-35] DEBUG tourGuide.service.RewardsService - calculateRewards pour user : internalUser47
21:40:12.791 [pool-2-thread-4] DEBUG tourGuide.service.RewardsService - calculateRewards pour user : internalUser58
21:40:12.791 [pool-2-thread-1] DEBUG tourGuide.service.RewardsService - calculateRewards pour user : internalUser821
21:40:12.791 [pool-2-thread-92] DEBUG tourGuide.service.RewardsService - calculateRewards pour user : internalUser41
21:40:12.795 [pool-2-thread-64] DEBUG tourGuide.service.RewardsService - calculateRewards pour user : internalUser56
21:40:12.796 [pool-2-thread-67] DEBUG tourGuide.service.RewardsService - calculateRewards pour user : internalUser44
21:40:12.797 [pool-2-thread-54] DEBUG tourGuide.service.RewardsService - calculateRewards pour user : internalUser53
21:40:12.798 [pool-2-thread-81] DEBUG tourGuide.service.RewardsService - calculateRewards pour user : internalUser824
21:40:12.798 [pool-2-thread-39] DEBUG tourGuide.service.RewardsService - calculateRewards pour user : internalUser50
21:40:12.798 [pool-2-thread-63] DEBUG tourGuide.service.RewardsService - calculateRewards pour user : internalUser812
21:40:12.799 [pool-2-thread-40] DEBUG tourGuide.service.RewardsService - calculateRewards pour user : internalUser818
21:40:12.803 [pool-2-thread-95] DEBUG tourGuide.service.RewardsService - calculateRewards pour user : internalUser54
21:40:12.807 [pool-2-thread-12] DEBUG tourGuide.service.RewardsService - calculateRewards pour user : internalUser811
21:40:12.807 [pool-2-thread-83] DEBUG tourGuide.service.RewardsService - calculateRewards pour user : internalUser819
21:40:12.809 [pool-2-thread-42] DEBUG tourGuide.service.RewardsService - calculateRewards pour user : internalUser832
21:40:12.809 [pool-2-thread-91] DEBUG tourGuide.service.RewardsService - calculateRewards pour user : internalUser823
21:40:12.812 [pool-2-thread-22] DEBUG tourGuide.service.RewardsService - calculateRewards pour user : internalUser839
21:40:12.813 [pool-2-thread-29] DEBUG tourGuide.service.RewardsService - calculateRewards pour user : internalUser42
21:40:12.814 [pool-2-thread-16] DEBUG tourGuide.service.RewardsService - calculateRewards pour user : internalUser51
21:40:12.818 [pool-2-thread-52] DEBUG tourGuide.service.RewardsService - calculateRewards pour user : internalUser822
21:40:12.819 [pool-2-thread-98] DEBUG tourGuide.service.RewardsService - calculateRewards pour user : internalUser52
21:40:12.821 [pool-2-thread-45] DEBUG tourGuide.service.RewardsService - calculateRewards pour user : internalUser820
21:40:12.828 [pool-2-thread-87] DEBUG tourGuide.service.RewardsService - calculateRewards pour user : internalUser829
21:40:12.829 [pool-2-thread-100] DEBUG tourGuide.service.RewardsService - calculateRewards pour user : internalUser836
21:40:12.832 [pool-2-thread-57] DEBUG tourGuide.service.RewardsService - calculateRewards pour user : internalUser835
21:40:12.833 [pool-2-thread-5] DEBUG tourGuide.service.RewardsService - calculateRewards pour user : internalUser55
21:40:12.833 [pool-2-thread-30] DEBUG tourGuide.service.RewardsService - calculateRewards pour user : internalUser831
21:40:12.834 [pool-2-thread-24] DEBUG tourGuide.service.RewardsService - calculateRewards pour user : internalUser837
21:40:12.837 [pool-2-thread-73] DEBUG tourGuide.service.RewardsService - calculateRewards pour user : internalUser57
21:40:12.841 [pool-2-thread-85] DEBUG tourGuide.service.RewardsService - calculateRewards pour user : internalUser66
21:40:12.841 [pool-2-thread-48] DEBUG tourGuide.service.RewardsService - calculateRewards pour user : internalUser834
21:40:12.844 [pool-2-thread-3] DEBUG tourGuide.service.RewardsService - calculateRewards pour user : internalUser65
21:40:12.847 [pool-2-thread-36] DEBUG tourGuide.service.RewardsService - calculateRewards pour user : internalUser833
21:40:12.849 [pool-2-thread-47] DEBUG tourGuide.service.RewardsService - calculateRewards pour user : internalUser68
21:40:12.853 [pool-2-thread-31] DEBUG tourGuide.service.RewardsService - calculateRewards pour user : internalUser63
21:40:12.859 [pool-2-thread-66] DEBUG tourGuide.service.RewardsService - calculateRewards pour user : internalUser830
21:40:12.862 [pool-2-thread-21] DEBUG tourGuide.service.RewardsService - calculateRewards pour user : internalUser67
21:40:12.864 [pool-2-thread-34] DEBUG tourGuide.service.RewardsService - calculateRewards pour user : internalUser77
21:40:12.867 [pool-2-thread-88] DEBUG tourGuide.service.RewardsService - calculateRewards pour user : internalUser838
21:40:12.869 [pool-2-thread-72] DEBUG tourGuide.service.RewardsService - calculateRewards pour user : internalUser79
21:40:12.869 [pool-2-thread-11] DEBUG tourGuide.service.RewardsService - calculateRewards pour user : internalUser71
21:40:12.871 [pool-2-thread-15] DEBUG tourGuide.service.RewardsService - calculateRewards pour user : internalUser61
21:40:12.873 [pool-2-thread-28] DEBUG tourGuide.service.RewardsService - calculateRewards pour user : internalUser73
21:40:12.875 [pool-2-thread-71] DEBUG tourGuide.service.RewardsService - calculateRewards pour user : internalUser69
21:40:12.875 [pool-2-thread-53] DEBUG tourGuide.service.RewardsService - calculateRewards pour user : internalUser85
21:40:12.876 [pool-2-thread-76] DEBUG tourGuide.service.RewardsService - calculateRewards pour user : internalUser74
21:40:12.877 [pool-2-thread-10] DEBUG tourGuide.service.RewardsService - calculateRewards pour user : internalUser70
21:40:12.877 [pool-2-thread-79] DEBUG tourGuide.service.RewardsService - calculateRewards pour user : internalUser64
21:40:12.881 [pool-2-thread-50] DEBUG tourGuide.service.RewardsService - calculateRewards pour user : internalUser88
21:40:12.883 [pool-2-thread-60] DEBUG tourGuide.service.RewardsService - calculateRewards pour user : internalUser86
21:40:12.883 [pool-2-thread-84] DEBUG tourGuide.service.RewardsService - calculateRewards pour user : internalUser60
21:40:12.888 [pool-2-thread-69] DEBUG tourGuide.service.RewardsService - calculateRewards pour user : internalUser75
21:40:12.889 [pool-2-thread-44] DEBUG tourGuide.service.RewardsService - calculateRewards pour user : internalUser78
21:40:12.889 [pool-2-thread-58] DEBUG tourGuide.service.RewardsService - calculateRewards pour user : internalUser62
21:40:12.891 [pool-2-thread-6] DEBUG tourGuide.service.RewardsService - calculateRewards pour user : internalUser72
21:40:12.893 [pool-2-thread-18] DEBUG tourGuide.service.RewardsService - calculateRewards pour user : internalUser80
21:40:12.899 [pool-2-thread-65] DEBUG tourGuide.service.RewardsService - calculateRewards pour user : internalUser76
21:40:12.906 [pool-2-thread-89] DEBUG tourGuide.service.RewardsService - calculateRewards pour user : internalUser93
21:40:12.906 [pool-2-thread-80] DEBUG tourGuide.service.RewardsService - calculateRewards pour user : internalUser89
21:40:12.909 [pool-2-thread-74] DEBUG tourGuide.service.RewardsService - calculateRewards pour user : internalUser87
21:40:12.910 [pool-2-thread-43] DEBUG tourGuide.service.RewardsService - calculateRewards pour user : internalUser84
21:40:12.912 [pool-2-thread-93] DEBUG tourGuide.service.RewardsService - calculateRewards pour user : internalUser96
21:40:12.914 [pool-2-thread-90] DEBUG tourGuide.service.RewardsService - calculateRewards pour user : internalUser90
21:40:12.916 [pool-2-thread-41] DEBUG tourGuide.service.RewardsService - calculateRewards pour user : internalUser81
21:40:12.916 [pool-2-thread-49] DEBUG tourGuide.service.RewardsService - calculateRewards pour user : internalUser99
21:40:12.919 [pool-2-thread-17] DEBUG tourGuide.service.RewardsService - calculateRewards pour user : internalUser283
21:40:12.922 [pool-2-thread-61] DEBUG tourGuide.service.RewardsService - calculateRewards pour user : internalUser281
21:40:12.929 [pool-2-thread-70] DEBUG tourGuide.service.RewardsService - calculateRewards pour user : internalUser285
21:40:12.929 [pool-2-thread-9] DEBUG tourGuide.service.RewardsService - calculateRewards pour user : internalUser288
21:40:12.929 [pool-2-thread-97] DEBUG tourGuide.service.RewardsService - calculateRewards pour user : internalUser95
21:40:12.930 [pool-2-thread-68] DEBUG tourGuide.service.RewardsService - calculateRewards pour user : internalUser282
21:40:12.933 [pool-2-thread-51] DEBUG tourGuide.service.RewardsService - calculateRewards pour user : internalUser97
21:40:12.935 [pool-2-thread-38] DEBUG tourGuide.service.RewardsService - calculateRewards pour user : internalUser294
21:40:12.938 [pool-2-thread-59] DEBUG tourGuide.service.RewardsService - calculateRewards pour user : internalUser82
21:40:12.940 [pool-2-thread-19] DEBUG tourGuide.service.RewardsService - calculateRewards pour user : internalUser295
21:40:12.941 [pool-2-thread-46] DEBUG tourGuide.service.RewardsService - calculateRewards pour user : internalUser98
21:40:12.941 [pool-2-thread-7] DEBUG tourGuide.service.RewardsService - calculateRewards pour user : internalUser83
21:40:12.948 [pool-2-thread-77] DEBUG tourGuide.service.RewardsService - calculateRewards pour user : internalUser94
21:40:12.949 [pool-2-thread-86] DEBUG tourGuide.service.RewardsService - calculateRewards pour user : internalUser92
21:40:12.952 [pool-2-thread-78] DEBUG tourGuide.service.RewardsService - calculateRewards pour user : internalUser293
21:40:12.953 [pool-2-thread-96] DEBUG tourGuide.service.RewardsService - calculateRewards pour user : internalUser286
21:40:12.956 [pool-2-thread-20] DEBUG tourGuide.service.RewardsService - calculateRewards pour user : internalUser480
21:40:12.961 [pool-2-thread-13] DEBUG tourGuide.service.RewardsService - calculateRewards pour user : internalUser287
21:40:12.964 [pool-2-thread-62] DEBUG tourGuide.service.RewardsService - calculateRewards pour user : internalUser91
21:40:12.967 [pool-2-thread-94] DEBUG tourGuide.service.RewardsService - calculateRewards pour user : internalUser290
21:40:12.971 [pool-2-thread-99] DEBUG tourGuide.service.RewardsService - calculateRewards pour user : internalUser297
21:40:12.973 [pool-2-thread-32] DEBUG tourGuide.service.RewardsService - calculateRewards pour user : internalUser284
21:40:12.973 [pool-2-thread-54] DEBUG tourGuide.service.RewardsService - calculateRewards pour user : internalUser486
21:40:12.973 [pool-2-thread-1] DEBUG tourGuide.service.RewardsService - calculateRewards pour user : internalUser488
21:40:12.975 [pool-2-thread-27] DEBUG tourGuide.service.RewardsService - calculateRewards pour user : internalUser248
21:40:12.977 [pool-2-thread-56] DEBUG tourGuide.service.RewardsService - calculateRewards pour user : internalUser483
21:40:12.977 [pool-2-thread-14] DEBUG tourGuide.service.RewardsService - calculateRewards pour user : internalUser296
21:40:12.978 [pool-2-thread-23] DEBUG tourGuide.service.RewardsService - calculateRewards pour user : internalUser280
21:40:12.980 [pool-2-thread-75] DEBUG tourGuide.service.RewardsService - calculateRewards pour user : internalUser298
21:40:12.980 [pool-2-thread-26] DEBUG tourGuide.service.RewardsService - calculateRewards pour user : internalUser289
21:40:12.981 [pool-2-thread-25] DEBUG tourGuide.service.RewardsService - calculateRewards pour user : internalUser481
21:40:12.982 [pool-2-thread-12] DEBUG tourGuide.service.RewardsService - calculateRewards pour user : internalUser485
21:40:12.982 [pool-2-thread-55] DEBUG tourGuide.service.RewardsService - calculateRewards pour user : internalUser291
21:40:12.983 [pool-2-thread-4] DEBUG tourGuide.service.RewardsService - calculateRewards pour user : internalUser246
21:40:12.985 [pool-2-thread-67] DEBUG tourGuide.service.RewardsService - calculateRewards pour user : internalUser244
21:40:12.990 [pool-2-thread-33] DEBUG tourGuide.service.RewardsService - calculateRewards pour user : internalUser241
21:40:12.991 [pool-2-thread-39] DEBUG tourGuide.service.RewardsService - calculateRewards pour user : internalUser487
21:40:12.991 [pool-2-thread-22] DEBUG tourGuide.service.RewardsService - calculateRewards pour user : internalUser494
21:40:12.995 [pool-2-thread-40] DEBUG tourGuide.service.RewardsService - calculateRewards pour user : internalUser484
21:40:12.996 [pool-2-thread-98] DEBUG tourGuide.service.RewardsService - calculateRewards pour user : internalUser490
21:40:13.000 [pool-2-thread-52] DEBUG tourGuide.service.RewardsService - calculateRewards pour user : internalUser492
21:40:13.001 [pool-2-thread-45] DEBUG tourGuide.service.RewardsService - calculateRewards pour user : internalUser259
21:40:13.001 [pool-2-thread-8] DEBUG tourGuide.service.RewardsService - calculateRewards pour user : internalUser292
21:40:13.003 [pool-2-thread-82] DEBUG tourGuide.service.RewardsService - calculateRewards pour user : internalUser240
21:40:13.007 [pool-2-thread-2] DEBUG tourGuide.service.RewardsService - calculateRewards pour user : internalUser482
21:40:13.009 [pool-2-thread-37] DEBUG tourGuide.service.RewardsService - calculateRewards pour user : internalUser299
21:40:13.009 [pool-2-thread-95] DEBUG tourGuide.service.RewardsService - calculateRewards pour user : internalUser243
21:40:13.010 [pool-2-thread-42] DEBUG tourGuide.service.RewardsService - calculateRewards pour user : internalUser493
21:40:13.011 [pool-2-thread-81] DEBUG tourGuide.service.RewardsService - calculateRewards pour user : internalUser245
21:40:13.016 [pool-2-thread-24] DEBUG tourGuide.service.RewardsService - calculateRewards pour user : internalUser256
21:40:13.017 [pool-2-thread-48] DEBUG tourGuide.service.RewardsService - calculateRewards pour user : internalUser495
21:40:13.018 [pool-2-thread-63] DEBUG tourGuide.service.RewardsService - calculateRewards pour user : internalUser242
21:40:13.019 [pool-2-thread-64] DEBUG tourGuide.service.RewardsService - calculateRewards pour user : internalUser489
21:40:13.021 [pool-2-thread-83] DEBUG tourGuide.service.RewardsService - calculateRewards pour user : internalUser251
21:40:13.023 [pool-2-thread-92] DEBUG tourGuide.service.RewardsService - calculateRewards pour user : internalUser247
21:40:13.024 [pool-2-thread-35] DEBUG tourGuide.service.RewardsService - calculateRewards pour user : internalUser249
21:40:13.024 [pool-2-thread-73] DEBUG tourGuide.service.RewardsService - calculateRewards pour user : internalUser498
21:40:13.026 [pool-2-thread-85] DEBUG tourGuide.service.RewardsService - calculateRewards pour user : internalUser253
21:40:13.028 [pool-2-thread-57] DEBUG tourGuide.service.RewardsService - calculateRewards pour user : internalUser258
21:40:13.030 [pool-2-thread-91] DEBUG tourGuide.service.RewardsService - calculateRewards pour user : internalUser252
21:40:13.037 [pool-2-thread-72] DEBUG tourGuide.service.RewardsService - calculateRewards pour user : internalUser266
21:40:13.039 [pool-2-thread-87] DEBUG tourGuide.service.RewardsService - calculateRewards pour user : internalUser257
21:40:13.039 [pool-2-thread-47] DEBUG tourGuide.service.RewardsService - calculateRewards pour user : internalUser262
21:40:13.044 [pool-2-thread-71] DEBUG tourGuide.service.RewardsService - calculateRewards pour user : internalUser273
21:40:13.046 [pool-2-thread-66] DEBUG tourGuide.service.RewardsService - calculateRewards pour user : internalUser260
21:40:13.048 [pool-2-thread-88] DEBUG tourGuide.service.RewardsService - calculateRewards pour user : internalUser269
21:40:13.049 [pool-2-thread-31] DEBUG tourGuide.service.RewardsService - calculateRewards pour user : internalUser263
21:40:13.056 [pool-2-thread-29] DEBUG tourGuide.service.RewardsService - calculateRewards pour user : internalUser491
21:40:13.057 [pool-2-thread-100] DEBUG tourGuide.service.RewardsService - calculateRewards pour user : internalUser499
21:40:13.059 [pool-2-thread-16] DEBUG tourGuide.service.RewardsService - calculateRewards pour user : internalUser250
21:40:13.059 [pool-2-thread-53] DEBUG tourGuide.service.RewardsService - calculateRewards pour user : internalUser274
21:40:13.060 [pool-2-thread-76] DEBUG tourGuide.service.RewardsService - calculateRewards pour user : internalUser271
21:40:13.062 [pool-2-thread-36] DEBUG tourGuide.service.RewardsService - calculateRewards pour user : internalUser496
21:40:13.064 [pool-2-thread-3] DEBUG tourGuide.service.RewardsService - calculateRewards pour user : internalUser254
21:40:13.067 [pool-2-thread-34] DEBUG tourGuide.service.RewardsService - calculateRewards pour user : internalUser268
21:40:13.070 [pool-2-thread-60] DEBUG tourGuide.service.RewardsService - calculateRewards pour user : internalUser277
21:40:13.070 [pool-2-thread-30] DEBUG tourGuide.service.RewardsService - calculateRewards pour user : internalUser497
21:40:13.072 [pool-2-thread-89] DEBUG tourGuide.service.RewardsService - calculateRewards pour user : internalUser688
21:40:13.073 [pool-2-thread-5] DEBUG tourGuide.service.RewardsService - calculateRewards pour user : internalUser255
21:40:13.073 [pool-2-thread-28] DEBUG tourGuide.service.RewardsService - calculateRewards pour user : internalUser265
21:40:13.073 [pool-2-thread-11] DEBUG tourGuide.service.RewardsService - calculateRewards pour user : internalUser267
21:40:13.075 [pool-2-thread-84] DEBUG tourGuide.service.RewardsService - calculateRewards pour user : internalUser278
21:40:13.077 [pool-2-thread-15] DEBUG tourGuide.service.RewardsService - calculateRewards pour user : internalUser264
21:40:13.079 [pool-2-thread-69] DEBUG tourGuide.service.RewardsService - calculateRewards pour user : internalUser275
21:40:13.083 [pool-2-thread-6] DEBUG tourGuide.service.RewardsService - calculateRewards pour user : internalUser681
21:40:13.084 [pool-2-thread-21] DEBUG tourGuide.service.RewardsService - calculateRewards pour user : internalUser261
21:40:13.087 [pool-2-thread-79] DEBUG tourGuide.service.RewardsService - calculateRewards pour user : internalUser270
21:40:13.090 [pool-2-thread-44] DEBUG tourGuide.service.RewardsService - calculateRewards pour user : internalUser276
21:40:13.094 [pool-2-thread-93] DEBUG tourGuide.service.RewardsService - calculateRewards pour user : internalUser202
21:40:13.097 [pool-2-thread-74] DEBUG tourGuide.service.RewardsService - calculateRewards pour user : internalUser447
21:40:13.102 [pool-2-thread-41] DEBUG tourGuide.service.RewardsService - calculateRewards pour user : internalUser686
21:40:13.106 [pool-2-thread-10] DEBUG tourGuide.service.RewardsService - calculateRewards pour user : internalUser272
21:40:13.108 [pool-2-thread-50] DEBUG tourGuide.service.RewardsService - calculateRewards pour user : internalUser279
21:40:13.111 [pool-2-thread-18] DEBUG tourGuide.service.RewardsService - calculateRewards pour user : internalUser204
21:40:13.115 [pool-2-thread-19] DEBUG tourGuide.service.RewardsService - calculateRewards pour user : internalUser682
21:40:13.117 [pool-2-thread-90] DEBUG tourGuide.service.RewardsService - calculateRewards pour user : internalUser444
21:40:13.118 [pool-2-thread-58] DEBUG tourGuide.service.RewardsService - calculateRewards pour user : internalUser680
21:40:13.126 [pool-2-thread-17] DEBUG tourGuide.service.RewardsService - calculateRewards pour user : internalUser445
21:40:13.128 [pool-2-thread-20] DEBUG tourGuide.service.RewardsService - calculateRewards pour user : internalUser207
21:40:13.129 [pool-2-thread-46] DEBUG tourGuide.service.RewardsService - calculateRewards pour user : internalUser441
21:40:13.130 [pool-2-thread-80] DEBUG tourGuide.service.RewardsService - calculateRewards pour user : internalUser205
21:40:13.134 [pool-2-thread-61] DEBUG tourGuide.service.RewardsService - calculateRewards pour user : internalUser687
21:40:13.134 [pool-2-thread-65] DEBUG tourGuide.service.RewardsService - calculateRewards pour user : internalUser446
21:40:13.137 [pool-2-thread-70] DEBUG tourGuide.service.RewardsService - calculateRewards pour user : internalUser200
21:40:13.137 [pool-2-thread-94] DEBUG tourGuide.service.RewardsService - calculateRewards pour user : internalUser450
21:40:13.139 [pool-2-thread-86] DEBUG tourGuide.service.RewardsService - calculateRewards pour user : internalUser209
21:40:13.139 [pool-2-thread-97] DEBUG tourGuide.service.RewardsService - calculateRewards pour user : internalUser684
21:40:13.140 [pool-2-thread-38] DEBUG tourGuide.service.RewardsService - calculateRewards pour user : internalUser685
21:40:13.140 [pool-2-thread-9] DEBUG tourGuide.service.RewardsService - calculateRewards pour user : internalUser442
21:40:13.141 [pool-2-thread-78] DEBUG tourGuide.service.RewardsService - calculateRewards pour user : internalUser206
21:40:13.141 [pool-2-thread-77] DEBUG tourGuide.service.RewardsService - calculateRewards pour user : internalUser208
21:40:13.142 [pool-2-thread-43] DEBUG tourGuide.service.RewardsService - calculateRewards pour user : internalUser689
21:40:13.144 [pool-2-thread-51] DEBUG tourGuide.service.RewardsService - calculateRewards pour user : internalUser443
21:40:13.147 [pool-2-thread-49] DEBUG tourGuide.service.RewardsService - calculateRewards pour user : internalUser203
21:40:13.147 [pool-2-thread-62] DEBUG tourGuide.service.RewardsService - calculateRewards pour user : internalUser691
21:40:13.150 [pool-2-thread-96] DEBUG tourGuide.service.RewardsService - calculateRewards pour user : internalUser448
21:40:13.151 [pool-2-thread-99] DEBUG tourGuide.service.RewardsService - calculateRewards pour user : internalUser692
21:40:13.153 [pool-2-thread-68] DEBUG tourGuide.service.RewardsService - calculateRewards pour user : internalUser201
21:40:13.158 [pool-2-thread-23] DEBUG tourGuide.service.RewardsService - calculateRewards pour user : internalUser213
21:40:13.159 [pool-2-thread-7] DEBUG tourGuide.service.RewardsService - calculateRewards pour user : internalUser683
21:40:13.159 [pool-2-thread-75] DEBUG tourGuide.service.RewardsService - calculateRewards pour user : internalUser455
21:40:13.163 [pool-2-thread-59] DEBUG tourGuide.service.RewardsService - calculateRewards pour user : internalUser440
21:40:13.168 [pool-2-thread-12] DEBUG tourGuide.service.RewardsService - calculateRewards pour user : internalUser456
21:40:13.168 [pool-2-thread-56] DEBUG tourGuide.service.RewardsService - calculateRewards pour user : internalUser216
21:40:13.169 [pool-2-thread-1] DEBUG tourGuide.service.RewardsService - calculateRewards pour user : internalUser457
21:40:13.170 [pool-2-thread-27] DEBUG tourGuide.service.RewardsService - calculateRewards pour user : internalUser699
21:40:13.171 [pool-2-thread-13] DEBUG tourGuide.service.RewardsService - calculateRewards pour user : internalUser449
21:40:13.175 [pool-2-thread-25] DEBUG tourGuide.service.RewardsService - calculateRewards pour user : internalUser214
21:40:13.177 [pool-2-thread-8] DEBUG tourGuide.service.RewardsService - calculateRewards pour user : internalUser452
21:40:13.178 [pool-2-thread-55] DEBUG tourGuide.service.RewardsService - calculateRewards pour user : internalUser698
21:40:13.180 [pool-2-thread-67] DEBUG tourGuide.service.RewardsService - calculateRewards pour user : internalUser453
21:40:13.181 [pool-2-thread-54] DEBUG tourGuide.service.RewardsService - calculateRewards pour user : internalUser690
21:40:13.181 [pool-2-thread-37] DEBUG tourGuide.service.RewardsService - calculateRewards pour user : internalUser217
21:40:13.182 [pool-2-thread-32] DEBUG tourGuide.service.RewardsService - calculateRewards pour user : internalUser215
21:40:13.183 [pool-2-thread-4] DEBUG tourGuide.service.RewardsService - calculateRewards pour user : internalUser211
21:40:13.187 [pool-2-thread-52] DEBUG tourGuide.service.RewardsService - calculateRewards pour user : internalUser693
21:40:13.190 [pool-2-thread-81] DEBUG tourGuide.service.RewardsService - calculateRewards pour user : internalUser460
21:40:13.195 [pool-2-thread-63] DEBUG tourGuide.service.RewardsService - calculateRewards pour user : internalUser468
21:40:13.195 [pool-2-thread-24] DEBUG tourGuide.service.RewardsService - calculateRewards pour user : internalUser226
21:40:13.197 [pool-2-thread-39] DEBUG tourGuide.service.RewardsService - calculateRewards pour user : internalUser454
21:40:13.198 [pool-2-thread-14] DEBUG tourGuide.service.RewardsService - calculateRewards pour user : internalUser458
21:40:13.204 [pool-2-thread-98] DEBUG tourGuide.service.RewardsService - calculateRewards pour user : internalUser451
21:40:13.207 [pool-2-thread-22] DEBUG tourGuide.service.RewardsService - calculateRewards pour user : internalUser212
21:40:13.207 [pool-2-thread-33] DEBUG tourGuide.service.RewardsService - calculateRewards pour user : internalUser695
21:40:13.208 [pool-2-thread-48] DEBUG tourGuide.service.RewardsService - calculateRewards pour user : internalUser461
21:40:13.209 [pool-2-thread-95] DEBUG tourGuide.service.RewardsService - calculateRewards pour user : internalUser459
21:40:13.209 [pool-2-thread-92] DEBUG tourGuide.service.RewardsService - calculateRewards pour user : internalUser469
21:40:13.210 [pool-2-thread-2] DEBUG tourGuide.service.RewardsService - calculateRewards pour user : internalUser219
21:40:13.211 [pool-2-thread-45] DEBUG tourGuide.service.RewardsService - calculateRewards pour user : internalUser210
21:40:13.213 [pool-2-thread-26] DEBUG tourGuide.service.RewardsService - calculateRewards pour user : internalUser697
21:40:13.216 [pool-2-thread-73] DEBUG tourGuide.service.RewardsService - calculateRewards pour user : internalUser225
21:40:13.216 [pool-2-thread-71] DEBUG tourGuide.service.RewardsService - calculateRewards pour user : internalUser462
21:40:13.217 [pool-2-thread-82] DEBUG tourGuide.service.RewardsService - calculateRewards pour user : internalUser694
21:40:13.223 [pool-2-thread-53] DEBUG tourGuide.service.RewardsService - calculateRewards pour user : internalUser472
21:40:13.224 [pool-2-thread-76] DEBUG tourGuide.service.RewardsService - calculateRewards pour user : internalUser237
21:40:13.225 [pool-2-thread-16] DEBUG tourGuide.service.RewardsService - calculateRewards pour user : internalUser230
21:40:13.225 [pool-2-thread-40] DEBUG tourGuide.service.RewardsService - calculateRewards pour user : internalUser696
21:40:13.231 [pool-2-thread-91] DEBUG tourGuide.service.RewardsService - calculateRewards pour user : internalUser464
21:40:13.236 [pool-2-thread-42] DEBUG tourGuide.service.RewardsService - calculateRewards pour user : internalUser218
21:40:13.238 [pool-2-thread-29] DEBUG tourGuide.service.RewardsService - calculateRewards pour user : internalUser229
21:40:13.239 [pool-2-thread-60] DEBUG tourGuide.service.RewardsService - calculateRewards pour user : internalUser235
21:40:13.239 [pool-2-thread-31] DEBUG tourGuide.service.RewardsService - calculateRewards pour user : internalUser228
21:40:13.240 [pool-2-thread-87] DEBUG tourGuide.service.RewardsService - calculateRewards pour user : internalUser465
21:40:13.241 [pool-2-thread-88] DEBUG tourGuide.service.RewardsService - calculateRewards pour user : internalUser463
21:40:13.241 [pool-2-thread-36] DEBUG tourGuide.service.RewardsService - calculateRewards pour user : internalUser470
21:40:13.241 [pool-2-thread-57] DEBUG tourGuide.service.RewardsService - calculateRewards pour user : internalUser222
21:40:13.241 [pool-2-thread-64] DEBUG tourGuide.service.RewardsService - calculateRewards pour user : internalUser227
21:40:13.243 [pool-2-thread-83] DEBUG tourGuide.service.RewardsService - calculateRewards pour user : internalUser224
21:40:13.249 [pool-2-thread-72] DEBUG tourGuide.service.RewardsService - calculateRewards pour user : internalUser223
21:40:13.249 [pool-2-thread-47] DEBUG tourGuide.service.RewardsService - calculateRewards pour user : internalUser220
21:40:13.250 [pool-2-thread-66] DEBUG tourGuide.service.RewardsService - calculateRewards pour user : internalUser221
21:40:13.250 [pool-2-thread-34] DEBUG tourGuide.service.RewardsService - calculateRewards pour user : internalUser238
21:40:13.253 [pool-2-thread-28] DEBUG tourGuide.service.RewardsService - calculateRewards pour user : internalUser233
21:40:13.257 [pool-2-thread-35] DEBUG tourGuide.service.RewardsService - calculateRewards pour user : internalUser466
21:40:13.264 [pool-2-thread-85] DEBUG tourGuide.service.RewardsService - calculateRewards pour user : internalUser467
21:40:13.271 [pool-2-thread-69] DEBUG tourGuide.service.RewardsService - calculateRewards pour user : internalUser476
21:40:13.276 [pool-2-thread-15] DEBUG tourGuide.service.RewardsService - calculateRewards pour user : internalUser231
21:40:13.284 [pool-2-thread-74] DEBUG tourGuide.service.RewardsService - calculateRewards pour user : internalUser644
21:40:13.284 [pool-2-thread-90] DEBUG tourGuide.service.RewardsService - calculateRewards pour user : internalUser642
21:40:13.285 [pool-2-thread-100] DEBUG tourGuide.service.RewardsService - calculateRewards pour user : internalUser471
21:40:13.285 [pool-2-thread-21] DEBUG tourGuide.service.RewardsService - calculateRewards pour user : internalUser232
21:40:13.292 [pool-2-thread-11] DEBUG tourGuide.service.RewardsService - calculateRewards pour user : internalUser475
21:40:13.293 [pool-2-thread-44] DEBUG tourGuide.service.RewardsService - calculateRewards pour user : internalUser239
21:40:13.294 [pool-2-thread-3] DEBUG tourGuide.service.RewardsService - calculateRewards pour user : internalUser479
21:40:13.295 [pool-2-thread-58] DEBUG tourGuide.service.RewardsService - calculateRewards pour user : internalUser884
21:40:13.297 [pool-2-thread-5] DEBUG tourGuide.service.RewardsService - calculateRewards pour user : internalUser478
21:40:13.298 [pool-2-thread-18] DEBUG tourGuide.service.RewardsService - calculateRewards pour user : internalUser887
21:40:13.298 [pool-2-thread-61] DEBUG tourGuide.service.RewardsService - calculateRewards pour user : internalUser882
21:40:13.299 [pool-2-thread-89] DEBUG tourGuide.service.RewardsService - calculateRewards pour user : internalUser236
21:40:13.300 [pool-2-thread-30] DEBUG tourGuide.service.RewardsService - calculateRewards pour user : internalUser477
21:40:13.301 [pool-2-thread-10] DEBUG tourGuide.service.RewardsService - calculateRewards pour user : internalUser403
21:40:13.304 [pool-2-thread-6] DEBUG tourGuide.service.RewardsService - calculateRewards pour user : internalUser473
21:40:13.304 [pool-2-thread-84] DEBUG tourGuide.service.RewardsService - calculateRewards pour user : internalUser234
21:40:13.309 [pool-2-thread-79] DEBUG tourGuide.service.RewardsService - calculateRewards pour user : internalUser474
21:40:13.311 [pool-2-thread-78] DEBUG tourGuide.service.RewardsService - calculateRewards pour user : internalUser648
21:40:13.315 [pool-2-thread-17] DEBUG tourGuide.service.RewardsService - calculateRewards pour user : internalUser401
21:40:13.317 [pool-2-thread-20] DEBUG tourGuide.service.RewardsService - calculateRewards pour user : internalUser643
21:40:13.320 [pool-2-thread-38] DEBUG tourGuide.service.RewardsService - calculateRewards pour user : internalUser409
21:40:13.323 [pool-2-thread-96] DEBUG tourGuide.service.RewardsService - calculateRewards pour user : internalUser405
21:40:13.324 [pool-2-thread-93] DEBUG tourGuide.service.RewardsService - calculateRewards pour user : internalUser402
21:40:13.327 [pool-2-thread-94] DEBUG tourGuide.service.RewardsService - calculateRewards pour user : internalUser880
21:40:13.329 [pool-2-thread-41] DEBUG tourGuide.service.RewardsService - calculateRewards pour user : internalUser886
21:40:13.330 [pool-2-thread-80] DEBUG tourGuide.service.RewardsService - calculateRewards pour user : internalUser640
21:40:13.331 [pool-2-thread-86] DEBUG tourGuide.service.RewardsService - calculateRewards pour user : internalUser881
21:40:13.331 [pool-2-thread-50] DEBUG tourGuide.service.RewardsService - calculateRewards pour user : internalUser645
21:40:13.333 [pool-2-thread-68] DEBUG tourGuide.service.RewardsService - calculateRewards pour user : internalUser889
21:40:13.334 [pool-2-thread-19] DEBUG tourGuide.service.RewardsService - calculateRewards pour user : internalUser400
21:40:13.335 [pool-2-thread-9] DEBUG tourGuide.service.RewardsService - calculateRewards pour user : internalUser406
21:40:13.336 [pool-2-thread-70] DEBUG tourGuide.service.RewardsService - calculateRewards pour user : internalUser883
21:40:13.344 [pool-2-thread-46] DEBUG tourGuide.service.RewardsService - calculateRewards pour user : internalUser885
21:40:13.352 [pool-2-thread-49] DEBUG tourGuide.service.RewardsService - calculateRewards pour user : internalUser646
21:40:13.353 [pool-2-thread-8] DEBUG tourGuide.service.RewardsService - calculateRewards pour user : internalUser412
21:40:13.353 [pool-2-thread-1] DEBUG tourGuide.service.RewardsService - calculateRewards pour user : internalUser411
21:40:13.355 [pool-2-thread-65] DEBUG tourGuide.service.RewardsService - calculateRewards pour user : internalUser641
21:40:13.358 [pool-2-thread-97] DEBUG tourGuide.service.RewardsService - calculateRewards pour user : internalUser408
21:40:13.359 [pool-2-thread-52] DEBUG tourGuide.service.RewardsService - calculateRewards pour user : internalUser894
21:40:13.359 [pool-2-thread-62] DEBUG tourGuide.service.RewardsService - calculateRewards pour user : internalUser888
21:40:13.360 [pool-2-thread-43] DEBUG tourGuide.service.RewardsService - calculateRewards pour user : internalUser649
21:40:13.360 [pool-2-thread-32] DEBUG tourGuide.service.RewardsService - calculateRewards pour user : internalUser410
21:40:13.362 [pool-2-thread-63] DEBUG tourGuide.service.RewardsService - calculateRewards pour user : internalUser650
21:40:13.364 [pool-2-thread-75] DEBUG tourGuide.service.RewardsService - calculateRewards pour user : internalUser655
21:40:13.367 [pool-2-thread-77] DEBUG tourGuide.service.RewardsService - calculateRewards pour user : internalUser407
21:40:13.368 [pool-2-thread-51] DEBUG tourGuide.service.RewardsService - calculateRewards pour user : internalUser404
21:40:13.369 [pool-2-thread-14] DEBUG tourGuide.service.RewardsService - calculateRewards pour user : internalUser417
21:40:13.371 [pool-2-thread-7] DEBUG tourGuide.service.RewardsService - calculateRewards pour user : internalUser413
21:40:13.372 [pool-2-thread-25] DEBUG tourGuide.service.RewardsService - calculateRewards pour user : internalUser895
21:40:13.372 [pool-2-thread-12] DEBUG tourGuide.service.RewardsService - calculateRewards pour user : internalUser414
21:40:13.375 [pool-2-thread-27] DEBUG tourGuide.service.RewardsService - calculateRewards pour user : internalUser898
21:40:13.377 [pool-2-thread-23] DEBUG tourGuide.service.RewardsService - calculateRewards pour user : internalUser890
21:40:13.377 [pool-2-thread-33] DEBUG tourGuide.service.RewardsService - calculateRewards pour user : internalUser415
21:40:13.380 [pool-2-thread-59] DEBUG tourGuide.service.RewardsService - calculateRewards pour user : internalUser897
21:40:13.388 [pool-2-thread-48] DEBUG tourGuide.service.RewardsService - calculateRewards pour user : internalUser657
21:40:13.388 [pool-2-thread-13] DEBUG tourGuide.service.RewardsService - calculateRewards pour user : internalUser653
21:40:13.390 [pool-2-thread-99] DEBUG tourGuide.service.RewardsService - calculateRewards pour user : internalUser647
21:40:13.391 [pool-2-thread-56] DEBUG tourGuide.service.RewardsService - calculateRewards pour user : internalUser656
21:40:13.400 [pool-2-thread-82] DEBUG tourGuide.service.RewardsService - calculateRewards pour user : internalUser422
21:40:13.400 [pool-2-thread-54] DEBUG tourGuide.service.RewardsService - calculateRewards pour user : internalUser651
21:40:13.401 [pool-2-thread-37] DEBUG tourGuide.service.RewardsService - calculateRewards pour user : internalUser893
21:40:13.401 [pool-2-thread-4] DEBUG tourGuide.service.RewardsService - calculateRewards pour user : internalUser652
21:40:13.402 [pool-2-thread-55] DEBUG tourGuide.service.RewardsService - calculateRewards pour user : internalUser654
21:40:13.406 [pool-2-thread-2] DEBUG tourGuide.service.RewardsService - calculateRewards pour user : internalUser658
21:40:13.406 [pool-2-thread-60] DEBUG tourGuide.service.RewardsService - calculateRewards pour user : internalUser660
21:40:13.408 [pool-2-thread-53] DEBUG tourGuide.service.RewardsService - calculateRewards pour user : internalUser664
21:40:13.411 [pool-2-thread-31] DEBUG tourGuide.service.RewardsService - calculateRewards pour user : internalUser661
21:40:13.416 [pool-2-thread-67] DEBUG tourGuide.service.RewardsService - calculateRewards pour user : internalUser896
21:40:13.416 [pool-2-thread-76] DEBUG tourGuide.service.RewardsService - calculateRewards pour user : internalUser423
21:40:13.416 [pool-2-thread-39] DEBUG tourGuide.service.RewardsService - calculateRewards pour user : internalUser419
21:40:13.417 [pool-2-thread-73] DEBUG tourGuide.service.RewardsService - calculateRewards pour user : internalUser667
21:40:13.421 [pool-2-thread-81] DEBUG tourGuide.service.RewardsService - calculateRewards pour user : internalUser891
21:40:13.424 [pool-2-thread-98] DEBUG tourGuide.service.RewardsService - calculateRewards pour user : internalUser659
21:40:13.424 [pool-2-thread-40] DEBUG tourGuide.service.RewardsService - calculateRewards pour user : internalUser420
21:40:13.425 [pool-2-thread-92] DEBUG tourGuide.service.RewardsService - calculateRewards pour user : internalUser416
21:40:13.425 [pool-2-thread-66] DEBUG tourGuide.service.RewardsService - calculateRewards pour user : internalUser677
21:40:13.428 [pool-2-thread-24] DEBUG tourGuide.service.RewardsService - calculateRewards pour user : internalUser892
21:40:13.428 [pool-2-thread-42] DEBUG tourGuide.service.RewardsService - calculateRewards pour user : internalUser421
21:40:13.430 [pool-2-thread-16] DEBUG tourGuide.service.RewardsService - calculateRewards pour user : internalUser665
21:40:13.435 [pool-2-thread-57] DEBUG tourGuide.service.RewardsService - calculateRewards pour user : internalUser668
21:40:13.435 [pool-2-thread-22] DEBUG tourGuide.service.RewardsService - calculateRewards pour user : internalUser418
21:40:13.436 [pool-2-thread-95] DEBUG tourGuide.service.RewardsService - calculateRewards pour user : internalUser899
21:40:13.437 [pool-2-thread-36] DEBUG tourGuide.service.RewardsService - calculateRewards pour user : internalUser426
21:40:13.444 [pool-2-thread-45] DEBUG tourGuide.service.RewardsService - calculateRewards pour user : internalUser424
21:40:13.444 [pool-2-thread-91] DEBUG tourGuide.service.RewardsService - calculateRewards pour user : internalUser662
21:40:13.444 [pool-2-thread-28] DEBUG tourGuide.service.RewardsService - calculateRewards pour user : internalUser678
21:40:13.444 [pool-2-thread-47] DEBUG tourGuide.service.RewardsService - calculateRewards pour user : internalUser435
21:40:13.445 [pool-2-thread-71] DEBUG tourGuide.service.RewardsService - calculateRewards pour user : internalUser425
21:40:13.446 [pool-2-thread-26] DEBUG tourGuide.service.RewardsService - calculateRewards pour user : internalUser666
21:40:13.448 [pool-2-thread-72] DEBUG tourGuide.service.RewardsService - calculateRewards pour user : internalUser670
21:40:13.452 [pool-2-thread-87] DEBUG tourGuide.service.RewardsService - calculateRewards pour user : internalUser428
21:40:13.452 [pool-2-thread-69] DEBUG tourGuide.service.RewardsService - calculateRewards pour user : internalUser434
21:40:13.454 [pool-2-thread-58] DEBUG tourGuide.service.RewardsService - calculateRewards pour user : internalUser439
21:40:13.456 [pool-2-thread-85] DEBUG tourGuide.service.RewardsService - calculateRewards pour user : internalUser675
21:40:13.466 [pool-2-thread-100] DEBUG tourGuide.service.RewardsService - calculateRewards pour user : internalUser432
21:40:13.466 [pool-2-thread-30] DEBUG tourGuide.service.RewardsService - calculateRewards pour user : internalUser963
21:40:13.466 [pool-2-thread-11] DEBUG tourGuide.service.RewardsService - calculateRewards pour user : internalUser671
21:40:13.467 [pool-2-thread-90] DEBUG tourGuide.service.RewardsService - calculateRewards pour user : internalUser673
21:40:13.468 [pool-2-thread-64] DEBUG tourGuide.service.RewardsService - calculateRewards pour user : internalUser427
21:40:13.468 [pool-2-thread-29] DEBUG tourGuide.service.RewardsService - calculateRewards pour user : internalUser663
21:40:13.472 [pool-2-thread-88] DEBUG tourGuide.service.RewardsService - calculateRewards pour user : internalUser429
21:40:13.473 [pool-2-thread-83] DEBUG tourGuide.service.RewardsService - calculateRewards pour user : internalUser669
21:40:13.477 [pool-2-thread-15] DEBUG tourGuide.service.RewardsService - calculateRewards pour user : internalUser676
21:40:13.478 [pool-2-thread-20] DEBUG tourGuide.service.RewardsService - calculateRewards pour user : internalUser729
21:40:13.479 [pool-2-thread-21] DEBUG tourGuide.service.RewardsService - calculateRewards pour user : internalUser674
21:40:13.481 [pool-2-thread-34] DEBUG tourGuide.service.RewardsService - calculateRewards pour user : internalUser436
21:40:13.485 [pool-2-thread-61] DEBUG tourGuide.service.RewardsService - calculateRewards pour user : internalUser438
21:40:13.486 [pool-2-thread-44] DEBUG tourGuide.service.RewardsService - calculateRewards pour user : internalUser430
21:40:13.487 [pool-2-thread-3] DEBUG tourGuide.service.RewardsService - calculateRewards pour user : internalUser672
21:40:13.489 [pool-2-thread-74] DEBUG tourGuide.service.RewardsService - calculateRewards pour user : internalUser431
21:40:13.491 [pool-2-thread-10] DEBUG tourGuide.service.RewardsService - calculateRewards pour user : internalUser722
21:40:13.492 [pool-2-thread-35] DEBUG tourGuide.service.RewardsService - calculateRewards pour user : internalUser433
21:40:13.496 [pool-2-thread-41] DEBUG tourGuide.service.RewardsService - calculateRewards pour user : internalUser967
21:40:13.499 [pool-2-thread-5] DEBUG tourGuide.service.RewardsService - calculateRewards pour user : internalUser437
21:40:13.499 [pool-2-thread-79] DEBUG tourGuide.service.RewardsService - calculateRewards pour user : internalUser720
21:40:13.500 [pool-2-thread-84] DEBUG tourGuide.service.RewardsService - calculateRewards pour user : internalUser961
21:40:13.507 [pool-2-thread-19] DEBUG tourGuide.service.RewardsService - calculateRewards pour user : internalUser724
21:40:13.507 [pool-2-thread-78] DEBUG tourGuide.service.RewardsService - calculateRewards pour user : internalUser962
21:40:13.509 [pool-2-thread-18] DEBUG tourGuide.service.RewardsService - calculateRewards pour user : internalUser679
21:40:13.510 [pool-2-thread-80] DEBUG tourGuide.service.RewardsService - calculateRewards pour user : internalUser726
21:40:13.514 [pool-2-thread-89] DEBUG tourGuide.service.RewardsService - calculateRewards pour user : internalUser721
21:40:13.522 [pool-2-thread-70] DEBUG tourGuide.service.RewardsService - calculateRewards pour user : internalUser732
21:40:13.526 [pool-2-thread-6] DEBUG tourGuide.service.RewardsService - calculateRewards pour user : internalUser964
21:40:13.527 [pool-2-thread-68] DEBUG tourGuide.service.RewardsService - calculateRewards pour user : internalUser965
21:40:13.533 [pool-2-thread-17] DEBUG tourGuide.service.RewardsService - calculateRewards pour user : internalUser960
21:40:13.534 [pool-2-thread-75] DEBUG tourGuide.service.RewardsService - calculateRewards pour user : internalUser736
21:40:13.536 [pool-2-thread-43] DEBUG tourGuide.service.RewardsService - calculateRewards pour user : internalUser971
21:40:13.536 [pool-2-thread-49] DEBUG tourGuide.service.RewardsService - calculateRewards pour user : internalUser733
21:40:13.539 [pool-2-thread-93] DEBUG tourGuide.service.RewardsService - calculateRewards pour user : internalUser728
21:40:13.540 [pool-2-thread-9] DEBUG tourGuide.service.RewardsService - calculateRewards pour user : internalUser966
21:40:13.542 [pool-2-thread-86] DEBUG tourGuide.service.RewardsService - calculateRewards pour user : internalUser968
21:40:13.542 [pool-2-thread-94] DEBUG tourGuide.service.RewardsService - calculateRewards pour user : internalUser725
21:40:13.546 [pool-2-thread-32] DEBUG tourGuide.service.RewardsService - calculateRewards pour user : internalUser738
21:40:13.546 [pool-2-thread-50] DEBUG tourGuide.service.RewardsService - calculateRewards pour user : internalUser723
21:40:13.547 [pool-2-thread-77] DEBUG tourGuide.service.RewardsService - calculateRewards pour user : internalUser978
21:40:13.548 [pool-2-thread-38] DEBUG tourGuide.service.RewardsService - calculateRewards pour user : internalUser727
21:40:13.550 [pool-2-thread-96] DEBUG tourGuide.service.RewardsService - calculateRewards pour user : internalUser969
21:40:13.553 [pool-2-thread-97] DEBUG tourGuide.service.RewardsService - calculateRewards pour user : internalUser731
21:40:13.556 [pool-2-thread-51] DEBUG tourGuide.service.RewardsService - calculateRewards pour user : internalUser737
21:40:13.559 [pool-2-thread-46] DEBUG tourGuide.service.RewardsService - calculateRewards pour user : internalUser974
21:40:13.562 [pool-2-thread-4] DEBUG tourGuide.service.RewardsService - calculateRewards pour user : internalUser742
21:40:13.565 [pool-2-thread-63] DEBUG tourGuide.service.RewardsService - calculateRewards pour user : internalUser739
21:40:13.566 [pool-2-thread-65] DEBUG tourGuide.service.RewardsService - calculateRewards pour user : internalUser972
21:40:13.568 [pool-2-thread-8] DEBUG tourGuide.service.RewardsService - calculateRewards pour user : internalUser975
21:40:13.568 [pool-2-thread-1] DEBUG tourGuide.service.RewardsService - calculateRewards pour user : internalUser730
21:40:13.568 [pool-2-thread-99] DEBUG tourGuide.service.RewardsService - calculateRewards pour user : internalUser986
21:40:13.569 [pool-2-thread-52] DEBUG tourGuide.service.RewardsService - calculateRewards pour user : internalUser973
21:40:13.569 [pool-2-thread-33] DEBUG tourGuide.service.RewardsService - calculateRewards pour user : internalUser743
21:40:13.569 [pool-2-thread-62] DEBUG tourGuide.service.RewardsService - calculateRewards pour user : internalUser970
21:40:13.577 [pool-2-thread-14] DEBUG tourGuide.service.RewardsService - calculateRewards pour user : internalUser979
21:40:13.577 [pool-2-thread-60] DEBUG tourGuide.service.RewardsService - calculateRewards pour user : internalUser982
21:40:13.580 [pool-2-thread-59] DEBUG tourGuide.service.RewardsService - calculateRewards pour user : internalUser985
21:40:13.580 [pool-2-thread-27] DEBUG tourGuide.service.RewardsService - calculateRewards pour user : internalUser977
21:40:13.581 [pool-2-thread-48] DEBUG tourGuide.service.RewardsService - calculateRewards pour user : internalUser502
21:40:13.582 [pool-2-thread-67] DEBUG tourGuide.service.RewardsService - calculateRewards pour user : internalUser507
21:40:13.584 [pool-2-thread-37] DEBUG tourGuide.service.RewardsService - calculateRewards pour user : internalUser984
21:40:13.585 [pool-2-thread-25] DEBUG tourGuide.service.RewardsService - calculateRewards pour user : internalUser976
21:40:13.594 [pool-2-thread-55] DEBUG tourGuide.service.RewardsService - calculateRewards pour user : internalUser981
21:40:13.597 [pool-2-thread-2] DEBUG tourGuide.service.RewardsService - calculateRewards pour user : internalUser740
21:40:13.597 [pool-2-thread-16] DEBUG tourGuide.service.RewardsService - calculateRewards pour user : internalUser504
21:40:13.597 [pool-2-thread-56] DEBUG tourGuide.service.RewardsService - calculateRewards pour user : internalUser741
21:40:13.599 [pool-2-thread-53] DEBUG tourGuide.service.RewardsService - calculateRewards pour user : internalUser980
21:40:13.600 [pool-2-thread-7] DEBUG tourGuide.service.RewardsService - calculateRewards pour user : internalUser734
21:40:13.601 [pool-2-thread-54] DEBUG tourGuide.service.RewardsService - calculateRewards pour user : internalUser500
21:40:13.601 [pool-2-thread-13] DEBUG tourGuide.service.RewardsService - calculateRewards pour user : internalUser744
21:40:13.602 [pool-2-thread-23] DEBUG tourGuide.service.RewardsService - calculateRewards pour user : internalUser501
21:40:13.603 [pool-2-thread-12] DEBUG tourGuide.service.RewardsService - calculateRewards pour user : internalUser735
21:40:13.603 [pool-2-thread-82] DEBUG tourGuide.service.RewardsService - calculateRewards pour user : internalUser983
21:40:13.604 [pool-2-thread-31] DEBUG tourGuide.service.RewardsService - calculateRewards pour user : internalUser509
21:40:13.605 [pool-2-thread-81] DEBUG tourGuide.service.RewardsService - calculateRewards pour user : internalUser747
21:40:13.605 [pool-2-thread-42] DEBUG tourGuide.service.RewardsService - calculateRewards pour user : internalUser987
21:40:13.607 [pool-2-thread-24] DEBUG tourGuide.service.RewardsService - calculateRewards pour user : internalUser745
21:40:13.610 [pool-2-thread-66] DEBUG tourGuide.service.RewardsService - calculateRewards pour user : internalUser503
21:40:13.618 [pool-2-thread-36] DEBUG tourGuide.service.RewardsService - calculateRewards pour user : internalUser754
21:40:13.620 [pool-2-thread-91] DEBUG tourGuide.service.RewardsService - calculateRewards pour user : internalUser513
21:40:13.625 [pool-2-thread-22] DEBUG tourGuide.service.RewardsService - calculateRewards pour user : internalUser512
21:40:13.628 [pool-2-thread-95] DEBUG tourGuide.service.RewardsService - calculateRewards pour user : internalUser988
21:40:13.629 [pool-2-thread-73] DEBUG tourGuide.service.RewardsService - calculateRewards pour user : internalUser505
21:40:13.629 [pool-2-thread-28] DEBUG tourGuide.service.RewardsService - calculateRewards pour user : internalUser755
21:40:13.629 [pool-2-thread-76] DEBUG tourGuide.service.RewardsService - calculateRewards pour user : internalUser749
21:40:13.637 [pool-2-thread-30] DEBUG tourGuide.service.RewardsService - calculateRewards pour user : internalUser751
21:40:13.639 [pool-2-thread-45] DEBUG tourGuide.service.RewardsService - calculateRewards pour user : internalUser996
21:40:13.640 [pool-2-thread-72] DEBUG tourGuide.service.RewardsService - calculateRewards pour user : internalUser994
21:40:13.640 [pool-2-thread-58] DEBUG tourGuide.service.RewardsService - calculateRewards pour user : internalUser995
21:40:13.642 [pool-2-thread-26] DEBUG tourGuide.service.RewardsService - calculateRewards pour user : internalUser752
21:40:13.643 [pool-2-thread-39] DEBUG tourGuide.service.RewardsService - calculateRewards pour user : internalUser508
21:40:13.643 [pool-2-thread-11] DEBUG tourGuide.service.RewardsService - calculateRewards pour user : internalUser993
21:40:13.643 [pool-2-thread-92] DEBUG tourGuide.service.RewardsService - calculateRewards pour user : internalUser748
21:40:13.645 [pool-2-thread-87] DEBUG tourGuide.service.RewardsService - calculateRewards pour user : internalUser511
21:40:13.646 [pool-2-thread-57] DEBUG tourGuide.service.RewardsService - calculateRewards pour user : internalUser746
21:40:13.646 [pool-2-thread-47] DEBUG tourGuide.service.RewardsService - calculateRewards pour user : internalUser997
21:40:13.648 [pool-2-thread-40] DEBUG tourGuide.service.RewardsService - calculateRewards pour user : internalUser989
21:40:13.650 [pool-2-thread-71] DEBUG tourGuide.service.RewardsService - calculateRewards pour user : internalUser510
21:40:13.653 [pool-2-thread-88] DEBUG tourGuide.service.RewardsService - calculateRewards pour user : internalUser516
21:40:13.655 [pool-2-thread-61] DEBUG tourGuide.service.RewardsService - calculateRewards pour user : internalUser756
21:40:13.655 [pool-2-thread-98] DEBUG tourGuide.service.RewardsService - calculateRewards pour user : internalUser506
21:40:13.656 [pool-2-thread-85] DEBUG tourGuide.service.RewardsService - calculateRewards pour user : internalUser750
21:40:13.656 [pool-2-thread-15] DEBUG tourGuide.service.RewardsService - calculateRewards pour user : internalUser758
21:40:13.656 [pool-2-thread-10] DEBUG tourGuide.service.RewardsService - calculateRewards pour user : internalUser999
21:40:13.659 [pool-2-thread-100] DEBUG tourGuide.service.RewardsService - calculateRewards pour user : internalUser992
21:40:13.660 [pool-2-thread-21] DEBUG tourGuide.service.RewardsService - calculateRewards pour user : internalUser759
21:40:13.661 [pool-2-thread-83] DEBUG tourGuide.service.RewardsService - calculateRewards pour user : internalUser519
21:40:13.665 [pool-2-thread-20] DEBUG tourGuide.service.RewardsService - calculateRewards pour user : internalUser517
21:40:13.666 [pool-2-thread-44] DEBUG tourGuide.service.RewardsService - calculateRewards pour user : internalUser998
21:40:13.669 [pool-2-thread-90] DEBUG tourGuide.service.RewardsService - calculateRewards pour user : internalUser990
21:40:13.672 [pool-2-thread-3] DEBUG tourGuide.service.RewardsService - calculateRewards pour user : internalUser757
21:40:13.673 [pool-2-thread-29] DEBUG tourGuide.service.RewardsService - calculateRewards pour user : internalUser518
21:40:13.674 [pool-2-thread-69] DEBUG tourGuide.service.RewardsService - calculateRewards pour user : internalUser753
21:40:13.685 [pool-2-thread-70] DEBUG tourGuide.service.RewardsService - calculateRewards pour user : internalUser930
21:40:13.688 [pool-2-thread-74] DEBUG tourGuide.service.RewardsService - calculateRewards pour user : internalUser515
21:40:13.690 [pool-2-thread-64] DEBUG tourGuide.service.RewardsService - calculateRewards pour user : internalUser991
21:40:13.692 [pool-2-thread-19] DEBUG tourGuide.service.RewardsService - calculateRewards pour user : internalUser923
21:40:13.701 [pool-2-thread-41] DEBUG tourGuide.service.RewardsService - calculateRewards pour user : internalUser927
21:40:13.701 [pool-2-thread-75] DEBUG tourGuide.service.RewardsService - calculateRewards pour user : internalUser936
21:40:13.704 [pool-2-thread-35] DEBUG tourGuide.service.RewardsService - calculateRewards pour user : internalUser920
21:40:13.704 [pool-2-thread-79] DEBUG tourGuide.service.RewardsService - calculateRewards pour user : internalUser926
21:40:13.706 [pool-2-thread-6] DEBUG tourGuide.service.RewardsService - calculateRewards pour user : internalUser931
21:40:13.707 [pool-2-thread-89] DEBUG tourGuide.service.RewardsService - calculateRewards pour user : internalUser929
21:40:13.709 [pool-2-thread-34] DEBUG tourGuide.service.RewardsService - calculateRewards pour user : internalUser514
21:40:13.716 [pool-2-thread-84] DEBUG tourGuide.service.RewardsService - calculateRewards pour user : internalUser925
21:40:13.718 [pool-2-thread-93] DEBUG tourGuide.service.RewardsService - calculateRewards pour user : internalUser935
21:40:13.719 [pool-2-thread-5] DEBUG tourGuide.service.RewardsService - calculateRewards pour user : internalUser928
21:40:13.720 [pool-2-thread-78] DEBUG tourGuide.service.RewardsService - calculateRewards pour user : internalUser924
21:40:13.726 [pool-2-thread-18] DEBUG tourGuide.service.RewardsService - calculateRewards pour user : internalUser921
21:40:13.728 [pool-2-thread-68] DEBUG tourGuide.service.RewardsService - calculateRewards pour user : internalUser938
21:40:13.731 [pool-2-thread-32] DEBUG tourGuide.service.RewardsService - calculateRewards pour user : internalUser700
21:40:13.732 [pool-2-thread-97] DEBUG tourGuide.service.RewardsService - calculateRewards pour user : internalUser708
21:40:13.733 [pool-2-thread-77] DEBUG tourGuide.service.RewardsService - calculateRewards pour user : internalUser940
21:40:13.734 [pool-2-thread-99] DEBUG tourGuide.service.RewardsService - calculateRewards pour user : internalUser946
21:40:13.735 [pool-2-thread-94] DEBUG tourGuide.service.RewardsService - calculateRewards pour user : internalUser941
21:40:13.740 [pool-2-thread-9] DEBUG tourGuide.service.RewardsService - calculateRewards pour user : internalUser932
21:40:13.741 [pool-2-thread-80] DEBUG tourGuide.service.RewardsService - calculateRewards pour user : internalUser922
21:40:13.742 [pool-2-thread-43] DEBUG tourGuide.service.RewardsService - calculateRewards pour user : internalUser937
21:40:13.749 [pool-2-thread-17] DEBUG tourGuide.service.RewardsService - calculateRewards pour user : internalUser939
21:40:13.750 [pool-2-thread-51] DEBUG tourGuide.service.RewardsService - calculateRewards pour user : internalUser705
21:40:13.754 [pool-2-thread-67] DEBUG tourGuide.service.RewardsService - calculateRewards pour user : internalUser953
21:40:13.755 [pool-2-thread-38] DEBUG tourGuide.service.RewardsService - calculateRewards pour user : internalUser707
21:40:13.756 [pool-2-thread-49] DEBUG tourGuide.service.RewardsService - calculateRewards pour user : internalUser934
21:40:13.757 [pool-2-thread-46] DEBUG tourGuide.service.RewardsService - calculateRewards pour user : internalUser947
21:40:13.760 [pool-2-thread-65] DEBUG tourGuide.service.RewardsService - calculateRewards pour user : internalUser948
21:40:13.760 [pool-2-thread-50] DEBUG tourGuide.service.RewardsService - calculateRewards pour user : internalUser942
21:40:13.761 [pool-2-thread-4] DEBUG tourGuide.service.RewardsService - calculateRewards pour user : internalUser706
21:40:13.767 [pool-2-thread-86] DEBUG tourGuide.service.RewardsService - calculateRewards pour user : internalUser933
21:40:13.768 [pool-2-thread-25] DEBUG tourGuide.service.RewardsService - calculateRewards pour user : internalUser951
21:40:13.768 [pool-2-thread-8] DEBUG tourGuide.service.RewardsService - calculateRewards pour user : internalUser945
21:40:13.771 [pool-2-thread-16] DEBUG tourGuide.service.RewardsService - calculateRewards pour user : internalUser716
21:40:13.773 [pool-2-thread-1] DEBUG tourGuide.service.RewardsService - calculateRewards pour user : internalUser704
21:40:13.775 [pool-2-thread-96] DEBUG tourGuide.service.RewardsService - calculateRewards pour user : internalUser949
21:40:13.775 [pool-2-thread-60] DEBUG tourGuide.service.RewardsService - calculateRewards pour user : internalUser709
21:40:13.776 [pool-2-thread-27] DEBUG tourGuide.service.RewardsService - calculateRewards pour user : internalUser952
21:40:13.776 [pool-2-thread-52] DEBUG tourGuide.service.RewardsService - calculateRewards pour user : internalUser701
21:40:13.778 [pool-2-thread-13] DEBUG tourGuide.service.RewardsService - calculateRewards pour user : internalUser956
21:40:13.779 [pool-2-thread-14] DEBUG tourGuide.service.RewardsService - calculateRewards pour user : internalUser944
21:40:13.780 [pool-2-thread-62] DEBUG tourGuide.service.RewardsService - calculateRewards pour user : internalUser702
21:40:13.783 [pool-2-thread-59] DEBUG tourGuide.service.RewardsService - calculateRewards pour user : internalUser710
21:40:13.785 [pool-2-thread-81] DEBUG tourGuide.service.RewardsService - calculateRewards pour user : internalUser713
21:40:13.789 [pool-2-thread-55] DEBUG tourGuide.service.RewardsService - calculateRewards pour user : internalUser718
21:40:13.789 [pool-2-thread-63] DEBUG tourGuide.service.RewardsService - calculateRewards pour user : internalUser703
21:40:13.793 [pool-2-thread-54] DEBUG tourGuide.service.RewardsService - calculateRewards pour user : internalUser714
21:40:13.795 [pool-2-thread-48] DEBUG tourGuide.service.RewardsService - calculateRewards pour user : internalUser711
21:40:13.797 [pool-2-thread-23] DEBUG tourGuide.service.RewardsService - calculateRewards pour user : internalUser715
21:40:13.799 [pool-2-thread-76] DEBUG tourGuide.service.RewardsService - calculateRewards pour user : internalUser907
21:40:13.801 [pool-2-thread-82] DEBUG tourGuide.service.RewardsService - calculateRewards pour user : internalUser712
21:40:13.802 [pool-2-thread-33] DEBUG tourGuide.service.RewardsService - calculateRewards pour user : internalUser943
21:40:13.802 [pool-2-thread-7] DEBUG tourGuide.service.RewardsService - calculateRewards pour user : internalUser959
21:40:13.804 [pool-2-thread-45] DEBUG tourGuide.service.RewardsService - calculateRewards pour user : internalUser916
21:40:13.806 [pool-2-thread-12] DEBUG tourGuide.service.RewardsService - calculateRewards pour user : internalUser957
21:40:13.807 [pool-2-thread-53] DEBUG tourGuide.service.RewardsService - calculateRewards pour user : internalUser717
21:40:13.808 [pool-2-thread-91] DEBUG tourGuide.service.RewardsService - calculateRewards pour user : internalUser904
21:40:13.810 [pool-2-thread-56] DEBUG tourGuide.service.RewardsService - calculateRewards pour user : internalUser958
21:40:13.810 [pool-2-thread-37] DEBUG tourGuide.service.RewardsService - calculateRewards pour user : internalUser950
21:40:13.812 [pool-2-thread-92] DEBUG tourGuide.service.RewardsService - calculateRewards pour user : internalUser910
21:40:13.814 [pool-2-thread-2] DEBUG tourGuide.service.RewardsService - calculateRewards pour user : internalUser719
21:40:13.816 [pool-2-thread-66] DEBUG tourGuide.service.RewardsService - calculateRewards pour user : internalUser906
21:40:13.817 [pool-2-thread-26] DEBUG tourGuide.service.RewardsService - calculateRewards pour user : internalUser915
21:40:13.819 [pool-2-thread-72] DEBUG tourGuide.service.RewardsService - calculateRewards pour user : internalUser917
21:40:13.830 [pool-2-thread-22] DEBUG tourGuide.service.RewardsService - calculateRewards pour user : internalUser901
21:40:13.830 [pool-2-thread-73] DEBUG tourGuide.service.RewardsService - calculateRewards pour user : internalUser900
21:40:13.830 [pool-2-thread-57] DEBUG tourGuide.service.RewardsService - calculateRewards pour user : internalUser918
21:40:13.830 [pool-2-thread-30] DEBUG tourGuide.service.RewardsService - calculateRewards pour user : internalUser908
21:40:13.830 [pool-2-thread-42] DEBUG tourGuide.service.RewardsService - calculateRewards pour user : internalUser955
21:40:13.839 [pool-2-thread-95] DEBUG tourGuide.service.RewardsService - calculateRewards pour user : internalUser902
21:40:13.842 [pool-2-thread-24] DEBUG tourGuide.service.RewardsService - calculateRewards pour user : internalUser905
21:40:13.842 [pool-2-thread-31] DEBUG tourGuide.service.RewardsService - calculateRewards pour user : internalUser954
21:40:13.842 [pool-2-thread-39] DEBUG tourGuide.service.RewardsService - calculateRewards pour user : internalUser912
21:40:13.849 [pool-2-thread-36] DEBUG tourGuide.service.RewardsService - calculateRewards pour user : internalUser903
21:40:13.851 [pool-2-thread-58] DEBUG tourGuide.service.RewardsService - calculateRewards pour user : internalUser914
21:40:13.860 [pool-2-thread-28] DEBUG tourGuide.service.RewardsService - calculateRewards pour user : internalUser909
21:40:13.864 [pool-2-thread-87] DEBUG tourGuide.service.RewardsService - calculateRewards pour user : internalUser911
21:40:13.868 [pool-2-thread-11] DEBUG tourGuide.service.RewardsService - calculateRewards pour user : internalUser913
21:40:13.879 [pool-2-thread-47] DEBUG tourGuide.service.RewardsService - calculateRewards pour user : internalUser919
21:40:13.889 [Test worker] DEBUG tourGuide.service.TourGuideService - attractionResponsesWithRewardPoint size :1000
temps highVolumeTrackLocation en ms : 3493
21:40:13.890 [Test worker] DEBUG tourGuide.service.TripPricerServiceImpl - constructor TripPricerService
21:40:13.890 [Test worker] INFO tourGuide.service.TourGuideService - TestMode enabled
21:40:13.890 [Test worker] DEBUG tourGuide.service.TourGuideService - Initializing users
21:40:13.890 [Test worker] DEBUG tourGuide.service.TourGuideService - User : 8b4ec37a-54e0-477c-980c-89069eeadd5b internalUser0
21:40:13.890 [Test worker] DEBUG tourGuide.service.TourGuideService - User : 8cadc174-a74f-4db2-9b89-ac757b726db1 internalUser1
21:40:13.890 [Test worker] DEBUG tourGuide.service.TourGuideService - User : 022e64d4-7511-4da1-a169-9ee6538fe751 internalUser2
21:40:13.890 [Test worker] DEBUG tourGuide.service.TourGuideService - User : 55e1f47b-aed6-4246-820d-71a1345a2300 internalUser3
21:40:13.890 [Test worker] DEBUG tourGuide.service.TourGuideService - User : d31f5aeb-7976-4172-9bb4-55b36cd1ca1c internalUser4
21:40:13.890 [Test worker] DEBUG tourGuide.service.TourGuideService - User : d31a85a9-dc4d-4eef-b581-576ff2ba374e internalUser5
21:40:13.890 [Test worker] DEBUG tourGuide.service.TourGuideService - User : 336187c5-3dc3-4c7b-906e-037c09b0acff internalUser6
21:40:13.891 [Test worker] DEBUG tourGuide.service.TourGuideService - User : 1af357b5-c5f6-4969-ae3f-d608b312dd26 internalUser7
21:40:13.891 [Test worker] DEBUG tourGuide.service.TourGuideService - User : 8c674f18-0181-46b8-88fc-f83c5e7dba65 internalUser8
21:40:13.891 [Test worker] DEBUG tourGuide.service.TourGuideService - User : cbf985bf-4043-47b1-869e-8e1ea32c7567 internalUser9
21:40:13.891 [Test worker] DEBUG tourGuide.service.TourGuideService - Created 10 internal test users.
21:40:13.891 [Test worker] DEBUG tourGuide.service.TourGuideService - Finished initializing users
21:40:13.891 [Test worker] INFO tourGuide.service.TourGuideService - addShutDownHook
21:40:13.891 [pool-6-thread-1] DEBUG tourGuide.tracker.Tracker - Begin Tracker. Tracking 10 users.
21:40:13.891 [pool-6-thread-1] INFO tourGuide.service.TourGuideService - trackUserLocationForAllUsers
21:40:13.891 [pool-6-thread-1] INFO tourGuide.service.TourGuideService - trackUserLocationAsync for user : internalUser9
21:40:13.892 [pool-6-thread-1] INFO tourGuide.service.TourGuideService - trackUserLocationAsync for user : internalUser8
21:40:13.892 [pool-6-thread-1] INFO tourGuide.service.TourGuideService - trackUserLocationAsync for user : internalUser3
21:40:13.892 [pool-6-thread-1] INFO tourGuide.service.TourGuideService - trackUserLocationAsync for user : internalUser2
21:40:13.892 [pool-6-thread-1] INFO tourGuide.service.TourGuideService - trackUserLocationAsync for user : internalUser1
21:40:13.892 [pool-6-thread-1] INFO tourGuide.service.TourGuideService - trackUserLocationAsync for user : internalUser0
21:40:13.892 [pool-6-thread-1] INFO tourGuide.service.TourGuideService - trackUserLocationAsync for user : internalUser7
21:40:13.892 [pool-6-thread-1] INFO tourGuide.service.TourGuideService - trackUserLocationAsync for user : internalUser6
21:40:13.892 [pool-6-thread-1] INFO tourGuide.service.TourGuideService - trackUserLocationAsync for user : internalUser5
21:40:13.893 [pool-6-thread-1] INFO tourGuide.service.TourGuideService - trackUserLocationAsync for user : internalUser4
21:40:13.901 [Test worker] DEBUG tourGuide.service.RewardsService - calculateRewards pour user : internalUser9
21:40:13.912 [Test worker] DEBUG tourGuide.service.RewardsService - calculateRewards => ******************* passage nearAttraction : internalUser9
21:40:13.940 [pool-5-thread-1] DEBUG tourGuide.service.RewardsService - calculateRewards pour user : internalUser9
21:40:13.951 [pool-5-thread-5] DEBUG tourGuide.service.RewardsService - calculateRewards pour user : internalUser1
21:40:13.951 [pool-5-thread-1] DEBUG tourGuide.service.RewardsService - calculateRewards => ******************* passage nearAttraction : internalUser9
21:40:13.965 [pool-5-thread-9] DEBUG tourGuide.service.RewardsService - calculateRewards pour user : internalUser5
21:40:13.965 [pool-5-thread-3] DEBUG tourGuide.service.RewardsService - calculateRewards pour user : internalUser3
21:40:13.978 [pool-5-thread-6] DEBUG tourGuide.service.RewardsService - calculateRewards pour user : internalUser0
21:40:13.980 [pool-5-thread-8] DEBUG tourGuide.service.RewardsService - calculateRewards pour user : internalUser6
21:40:13.983 [pool-5-thread-10] DEBUG tourGuide.service.RewardsService - calculateRewards pour user : internalUser4
21:40:13.985 [pool-5-thread-4] DEBUG tourGuide.service.RewardsService - calculateRewards pour user : internalUser2
21:40:13.985 [pool-5-thread-7] DEBUG tourGuide.service.RewardsService - calculateRewards pour user : internalUser7
21:40:13.992 [pool-5-thread-2] DEBUG tourGuide.service.RewardsService - calculateRewards pour user : internalUser8
21:40:14.333 [Test worker] DEBUG tourGuide.service.RewardsService - calculateRewards pour user : internalUser8
21:40:14.343 [Test worker] DEBUG tourGuide.service.RewardsService - calculateRewards => ******************* passage nearAttraction : internalUser8
21:40:14.558 [pool-6-thread-1] DEBUG tourGuide.service.TourGuideService - attractionResponsesWithRewardPoint size :10
21:40:14.558 [pool-6-thread-1] DEBUG tourGuide.tracker.Tracker - Tracker Time Elapsed: 0 seconds.
21:40:14.558 [pool-6-thread-1] DEBUG tourGuide.tracker.Tracker - Tracker sleeping
21:40:14.656 [Test worker] DEBUG tourGuide.service.RewardsService - calculateRewards pour user : internalUser3
21:40:14.667 [Test worker] DEBUG tourGuide.service.RewardsService - calculateRewards => ******************* passage nearAttraction : internalUser3
21:40:14.716 [Test worker] DEBUG tourGuide.service.RewardsService - calculateRewards pour user : internalUser2
21:40:14.727 [Test worker] DEBUG tourGuide.service.RewardsService - calculateRewards => ******************* passage nearAttraction : internalUser2
21:40:14.985 [Test worker] DEBUG tourGuide.service.RewardsService - calculateRewards pour user : internalUser1
21:40:14.996 [Test worker] DEBUG tourGuide.service.RewardsService - calculateRewards => ******************* passage nearAttraction : internalUser1
21:40:15.271 [Test worker] DEBUG tourGuide.service.RewardsService - calculateRewards pour user : internalUser0
21:40:15.281 [Test worker] DEBUG tourGuide.service.RewardsService - calculateRewards => ******************* passage nearAttraction : internalUser0
21:40:16.060 [Test worker] DEBUG tourGuide.service.RewardsService - calculateRewards pour user : internalUser7
21:40:16.076 [Test worker] DEBUG tourGuide.service.RewardsService - calculateRewards => ******************* passage nearAttraction : internalUser7
21:40:16.691 [Test worker] DEBUG tourGuide.service.RewardsService - calculateRewards pour user : internalUser6
21:40:16.702 [Test worker] DEBUG tourGuide.service.RewardsService - calculateRewards => ******************* passage nearAttraction : internalUser6
21:40:17.213 [Test worker] DEBUG tourGuide.service.RewardsService - calculateRewards pour user : internalUser5
21:40:17.224 [Test worker] DEBUG tourGuide.service.RewardsService - calculateRewards => ******************* passage nearAttraction : internalUser5
21:40:17.543 [Test worker] DEBUG tourGuide.service.RewardsService - calculateRewards pour user : internalUser4
21:40:17.554 [Test worker] DEBUG tourGuide.service.RewardsService - calculateRewards => ******************* passage nearAttraction : internalUser4
highVolumeGetRewards: Time Elapsed: 3 seconds.
]]></system-out>
  <system-err><![CDATA[Sep 19, 2020 9:40:10 PM org.javamoney.moneta.DefaultMonetaryContextFactory createMonetaryContextNonNullConfig
INFO: Using custom MathContext: precision=256, roundingMode=HALF_EVEN
]]></system-err>
</testsuite>
