<?xml version="1.0" encoding="UTF-8"?>
<testsuite name="tourGuide.TestPerformance" tests="1" skipped="0" failures="0" errors="0" timestamp="2020-09-05T18:08:27" hostname="PO703394" time="7.76">
  <properties/>
  <testcase name="highVolumeTrackLocation" classname="tourGuide.TestPerformance" time="7.76"/>
  <system-out><![CDATA[20:08:27.932 [Test worker] INFO tourGuide.service.TourGuideService - TestMode enabled
20:08:27.947 [Test worker] DEBUG tourGuide.service.TourGuideService - Initializing users
20:08:28.045 [Test worker] DEBUG tourGuide.service.TourGuideService - Created 100 internal test users.
20:08:28.045 [Test worker] DEBUG tourGuide.service.TourGuideService - Finished initializing users
20:08:28.049 [Test worker] INFO tourGuide.service.TourGuideService - addShutDownHook
20:08:28.053 [Test worker] INFO tourGuide.service.TourGuideService - trackUserLocation
20:08:28.053 [pool-1-thread-1] DEBUG tourGuide.tracker.Tracker - Begin Tracker. Tracking 100 users.
20:08:28.055 [pool-1-thread-1] INFO tourGuide.service.TourGuideService - trackUserLocation
20:08:28.132 [pool-1-thread-1] ERROR tourGuide.tracker.Tracker - exception tourGuideService.trackUserLocation(u) : java.util.ConcurrentModificationException
20:08:28.133 [pool-1-thread-1] DEBUG tourGuide.tracker.Tracker - Tracker Time Elapsed: 0 seconds.
20:08:28.133 [pool-1-thread-1] DEBUG tourGuide.tracker.Tracker - Tracker sleeping
20:08:28.142 [Test worker] INFO tourGuide.service.TourGuideService - trackUserLocation
20:08:28.203 [Test worker] INFO tourGuide.service.TourGuideService - trackUserLocation
20:08:28.287 [Test worker] INFO tourGuide.service.TourGuideService - trackUserLocation
20:08:28.372 [Test worker] INFO tourGuide.service.TourGuideService - trackUserLocation
20:08:28.434 [Test worker] INFO tourGuide.service.TourGuideService - trackUserLocation
20:08:28.479 [Test worker] INFO tourGuide.service.TourGuideService - trackUserLocation
20:08:28.582 [Test worker] INFO tourGuide.service.TourGuideService - trackUserLocation
20:08:28.693 [Test worker] INFO tourGuide.service.TourGuideService - trackUserLocation
20:08:28.802 [Test worker] INFO tourGuide.service.TourGuideService - trackUserLocation
20:08:28.868 [Test worker] INFO tourGuide.service.TourGuideService - trackUserLocation
20:08:28.965 [Test worker] INFO tourGuide.service.TourGuideService - trackUserLocation
20:08:29.045 [Test worker] INFO tourGuide.service.TourGuideService - trackUserLocation
20:08:29.126 [Test worker] INFO tourGuide.service.TourGuideService - trackUserLocation
20:08:29.227 [Test worker] INFO tourGuide.service.TourGuideService - trackUserLocation
20:08:29.305 [Test worker] INFO tourGuide.service.TourGuideService - trackUserLocation
20:08:29.415 [Test worker] INFO tourGuide.service.TourGuideService - trackUserLocation
20:08:29.478 [Test worker] INFO tourGuide.service.TourGuideService - trackUserLocation
20:08:29.563 [Test worker] INFO tourGuide.service.TourGuideService - trackUserLocation
20:08:29.618 [Test worker] INFO tourGuide.service.TourGuideService - trackUserLocation
20:08:29.677 [Test worker] INFO tourGuide.service.TourGuideService - trackUserLocation
20:08:29.756 [Test worker] INFO tourGuide.service.TourGuideService - trackUserLocation
20:08:29.850 [Test worker] INFO tourGuide.service.TourGuideService - trackUserLocation
20:08:29.919 [Test worker] INFO tourGuide.service.TourGuideService - trackUserLocation
20:08:29.988 [Test worker] INFO tourGuide.service.TourGuideService - trackUserLocation
20:08:30.052 [Test worker] INFO tourGuide.service.TourGuideService - trackUserLocation
20:08:30.142 [Test worker] INFO tourGuide.service.TourGuideService - trackUserLocation
20:08:30.189 [Test worker] INFO tourGuide.service.TourGuideService - trackUserLocation
20:08:30.257 [Test worker] INFO tourGuide.service.TourGuideService - trackUserLocation
20:08:30.340 [Test worker] INFO tourGuide.service.TourGuideService - trackUserLocation
20:08:30.399 [Test worker] INFO tourGuide.service.TourGuideService - trackUserLocation
20:08:30.443 [Test worker] INFO tourGuide.service.TourGuideService - trackUserLocation
20:08:30.502 [Test worker] INFO tourGuide.service.TourGuideService - trackUserLocation
20:08:30.544 [Test worker] INFO tourGuide.service.TourGuideService - trackUserLocation
20:08:30.616 [Test worker] INFO tourGuide.service.TourGuideService - trackUserLocation
20:08:30.683 [Test worker] INFO tourGuide.service.TourGuideService - trackUserLocation
20:08:30.752 [Test worker] INFO tourGuide.service.TourGuideService - trackUserLocation
20:08:30.837 [Test worker] INFO tourGuide.service.TourGuideService - trackUserLocation
20:08:30.937 [Test worker] INFO tourGuide.service.TourGuideService - trackUserLocation
20:08:30.999 [Test worker] INFO tourGuide.service.TourGuideService - trackUserLocation
20:08:31.072 [Test worker] INFO tourGuide.service.TourGuideService - trackUserLocation
20:08:31.124 [Test worker] INFO tourGuide.service.TourGuideService - trackUserLocation
20:08:31.185 [Test worker] INFO tourGuide.service.TourGuideService - trackUserLocation
20:08:31.278 [Test worker] INFO tourGuide.service.TourGuideService - trackUserLocation
20:08:31.321 [Test worker] INFO tourGuide.service.TourGuideService - trackUserLocation
20:08:31.372 [Test worker] INFO tourGuide.service.TourGuideService - trackUserLocation
20:08:31.430 [Test worker] INFO tourGuide.service.TourGuideService - trackUserLocation
20:08:31.494 [Test worker] INFO tourGuide.service.TourGuideService - trackUserLocation
20:08:31.550 [Test worker] INFO tourGuide.service.TourGuideService - trackUserLocation
20:08:31.594 [Test worker] INFO tourGuide.service.TourGuideService - trackUserLocation
20:08:31.641 [Test worker] INFO tourGuide.service.TourGuideService - trackUserLocation
20:08:31.706 [Test worker] INFO tourGuide.service.TourGuideService - trackUserLocation
20:08:31.798 [Test worker] INFO tourGuide.service.TourGuideService - trackUserLocation
20:08:31.903 [Test worker] INFO tourGuide.service.TourGuideService - trackUserLocation
20:08:32.013 [Test worker] INFO tourGuide.service.TourGuideService - trackUserLocation
20:08:32.089 [Test worker] INFO tourGuide.service.TourGuideService - trackUserLocation
20:08:32.174 [Test worker] INFO tourGuide.service.TourGuideService - trackUserLocation
20:08:32.278 [Test worker] INFO tourGuide.service.TourGuideService - trackUserLocation
20:08:32.374 [Test worker] INFO tourGuide.service.TourGuideService - trackUserLocation
20:08:32.429 [Test worker] INFO tourGuide.service.TourGuideService - trackUserLocation
20:08:32.501 [Test worker] INFO tourGuide.service.TourGuideService - trackUserLocation
20:08:32.545 [Test worker] INFO tourGuide.service.TourGuideService - trackUserLocation
20:08:32.610 [Test worker] INFO tourGuide.service.TourGuideService - trackUserLocation
20:08:32.679 [Test worker] INFO tourGuide.service.TourGuideService - trackUserLocation
20:08:32.776 [Test worker] INFO tourGuide.service.TourGuideService - trackUserLocation
20:08:32.818 [Test worker] INFO tourGuide.service.TourGuideService - trackUserLocation
20:08:32.875 [Test worker] INFO tourGuide.service.TourGuideService - trackUserLocation
20:08:32.921 [Test worker] INFO tourGuide.service.TourGuideService - trackUserLocation
20:08:32.966 [Test worker] INFO tourGuide.service.TourGuideService - trackUserLocation
20:08:33.036 [Test worker] INFO tourGuide.service.TourGuideService - trackUserLocation
20:08:33.085 [Test worker] INFO tourGuide.service.TourGuideService - trackUserLocation
20:08:33.151 [Test worker] INFO tourGuide.service.TourGuideService - trackUserLocation
20:08:33.256 [Test worker] INFO tourGuide.service.TourGuideService - trackUserLocation
20:08:33.352 [Test worker] INFO tourGuide.service.TourGuideService - trackUserLocation
20:08:33.411 [Test worker] INFO tourGuide.service.TourGuideService - trackUserLocation
20:08:33.518 [Test worker] INFO tourGuide.service.TourGuideService - trackUserLocation
20:08:33.615 [Test worker] INFO tourGuide.service.TourGuideService - trackUserLocation
20:08:33.718 [Test worker] INFO tourGuide.service.TourGuideService - trackUserLocation
20:08:33.798 [Test worker] INFO tourGuide.service.TourGuideService - trackUserLocation
20:08:33.876 [Test worker] INFO tourGuide.service.TourGuideService - trackUserLocation
20:08:33.954 [Test worker] INFO tourGuide.service.TourGuideService - trackUserLocation
20:08:34.017 [Test worker] INFO tourGuide.service.TourGuideService - trackUserLocation
20:08:34.115 [Test worker] INFO tourGuide.service.TourGuideService - trackUserLocation
20:08:34.175 [Test worker] INFO tourGuide.service.TourGuideService - trackUserLocation
20:08:34.278 [Test worker] INFO tourGuide.service.TourGuideService - trackUserLocation
20:08:34.380 [Test worker] INFO tourGuide.service.TourGuideService - trackUserLocation
20:08:34.462 [Test worker] INFO tourGuide.service.TourGuideService - trackUserLocation
20:08:34.516 [Test worker] INFO tourGuide.service.TourGuideService - trackUserLocation
20:08:34.589 [Test worker] INFO tourGuide.service.TourGuideService - trackUserLocation
20:08:34.658 [Test worker] INFO tourGuide.service.TourGuideService - trackUserLocation
20:08:34.757 [Test worker] INFO tourGuide.service.TourGuideService - trackUserLocation
20:08:34.830 [Test worker] INFO tourGuide.service.TourGuideService - trackUserLocation
20:08:34.907 [Test worker] INFO tourGuide.service.TourGuideService - trackUserLocation
20:08:34.992 [Test worker] INFO tourGuide.service.TourGuideService - trackUserLocation
20:08:35.064 [Test worker] INFO tourGuide.service.TourGuideService - trackUserLocation
20:08:35.126 [Test worker] INFO tourGuide.service.TourGuideService - trackUserLocation
20:08:35.232 [Test worker] INFO tourGuide.service.TourGuideService - trackUserLocation
20:08:35.315 [Test worker] INFO tourGuide.service.TourGuideService - trackUserLocation
20:08:35.417 [Test worker] INFO tourGuide.service.TourGuideService - trackUserLocation
20:08:35.513 [Test worker] INFO tourGuide.service.TourGuideService - trackUserLocation
highVolumeTrackLocation: Time Elapsed: 7 seconds.
]]></system-out>
  <system-err><![CDATA[Sep 05, 2020 8:08:28 PM org.javamoney.moneta.DefaultMonetaryContextFactory createMonetaryContextNonNullConfig
INFO: Using custom MathContext: precision=256, roundingMode=HALF_EVEN
]]></system-err>
</testsuite>
