<?xml version="1.0" encoding="UTF-8"?>
<testsuite name="tourGuide.TestRewardsService" tests="3" skipped="0" failures="0" errors="0" timestamp="2020-09-20T14:21:05" hostname="PO703394" time="14.633">
  <properties/>
  <testcase name="nearAllAttractions" classname="tourGuide.TestRewardsService" time="14.225"/>
  <testcase name="userGetRewards" classname="tourGuide.TestRewardsService" time="0.392"/>
  <testcase name="isWithinAttractionProximity" classname="tourGuide.TestRewardsService" time="0.015"/>
  <system-out><![CDATA[16:21:05.830 [Test worker] DEBUG tourGuide.service.TripPricerServiceImpl - constructor TripPricerService
16:21:05.830 [Test worker] INFO tourGuide.service.TourGuideService - TestMode enabled
16:21:05.830 [Test worker] DEBUG tourGuide.service.TourGuideService - Initializing users
16:21:05.830 [Test worker] DEBUG tourGuide.service.TourGuideService - User : e04e4467-1a8f-4dd8-b69c-0e575bf67b24 internalUser0
16:21:05.830 [Test worker] DEBUG tourGuide.service.TourGuideService - Created 1 internal test users.
16:21:05.830 [Test worker] DEBUG tourGuide.service.TourGuideService - Finished initializing users
16:21:05.830 [Test worker] INFO tourGuide.service.TourGuideService - addShutDownHook
16:21:05.830 [Test worker] DEBUG tourGuide.service.RewardsService - calculateRewards pour user : internalUser0
16:21:05.830 [pool-9-thread-1] DEBUG tourGuide.tracker.Tracker - Tracker stopping
16:21:05.846 [Test worker] DEBUG tourGuide.service.RewardsService - calculateRewards => ******************* passage nearAttraction : internalUser0
16:21:06.076 [Test worker] DEBUG tourGuide.service.RewardsService - calculateRewards => ******************* passage nearAttraction : internalUser0
16:21:06.402 [Test worker] DEBUG tourGuide.service.RewardsService - calculateRewards => ******************* passage nearAttraction : internalUser0
16:21:07.106 [Test worker] DEBUG tourGuide.service.RewardsService - calculateRewards => ******************* passage nearAttraction : internalUser0
16:21:07.986 [Test worker] DEBUG tourGuide.service.RewardsService - calculateRewards => ******************* passage nearAttraction : internalUser0
16:21:08.589 [Test worker] DEBUG tourGuide.service.RewardsService - calculateRewards => ******************* passage nearAttraction : internalUser0
16:21:09.575 [Test worker] DEBUG tourGuide.service.RewardsService - calculateRewards => ******************* passage nearAttraction : internalUser0
16:21:09.915 [Test worker] DEBUG tourGuide.service.RewardsService - calculateRewards => ******************* passage nearAttraction : internalUser0
16:21:10.552 [Test worker] DEBUG tourGuide.service.RewardsService - calculateRewards => ******************* passage nearAttraction : internalUser0
16:21:11.285 [Test worker] DEBUG tourGuide.service.RewardsService - calculateRewards => ******************* passage nearAttraction : internalUser0
16:21:11.959 [Test worker] DEBUG tourGuide.service.RewardsService - calculateRewards => ******************* passage nearAttraction : internalUser0
16:21:12.824 [Test worker] DEBUG tourGuide.service.RewardsService - calculateRewards => ******************* passage nearAttraction : internalUser0
16:21:13.225 [Test worker] DEBUG tourGuide.service.RewardsService - calculateRewards => ******************* passage nearAttraction : internalUser0
16:21:13.639 [Test worker] DEBUG tourGuide.service.RewardsService - calculateRewards => ******************* passage nearAttraction : internalUser0
16:21:13.662 [Test worker] DEBUG tourGuide.service.RewardsService - calculateRewards => ******************* passage nearAttraction : internalUser0
16:21:14.349 [Test worker] DEBUG tourGuide.service.RewardsService - calculateRewards => ******************* passage nearAttraction : internalUser0
16:21:14.422 [Test worker] DEBUG tourGuide.service.RewardsService - calculateRewards => ******************* passage nearAttraction : internalUser0
16:21:14.457 [Test worker] DEBUG tourGuide.service.RewardsService - calculateRewards => ******************* passage nearAttraction : internalUser0
16:21:14.932 [Test worker] DEBUG tourGuide.service.RewardsService - calculateRewards => ******************* passage nearAttraction : internalUser0
16:21:15.593 [Test worker] DEBUG tourGuide.service.RewardsService - calculateRewards => ******************* passage nearAttraction : internalUser0
16:21:16.403 [Test worker] DEBUG tourGuide.service.RewardsService - calculateRewards => ******************* passage nearAttraction : internalUser0
16:21:17.243 [Test worker] DEBUG tourGuide.service.RewardsService - calculateRewards => ******************* passage nearAttraction : internalUser0
16:21:17.715 [Test worker] DEBUG tourGuide.service.RewardsService - calculateRewards => ******************* passage nearAttraction : internalUser0
16:21:17.732 [Test worker] DEBUG tourGuide.service.RewardsService - calculateRewards => ******************* passage nearAttraction : internalUser0
16:21:18.217 [Test worker] DEBUG tourGuide.service.RewardsService - calculateRewards => ******************* passage nearAttraction : internalUser0
16:21:19.142 [Test worker] DEBUG tourGuide.service.RewardsService - calculateRewards => ******************* passage nearAttraction : internalUser0
16:21:20.042 [Test worker] DEBUG tourGuide.service.TourGuideService - getUserLocation
16:21:20.058 [Test worker] DEBUG tourGuide.service.TripPricerServiceImpl - constructor TripPricerService
16:21:20.058 [Test worker] INFO tourGuide.service.TourGuideService - TestMode enabled
16:21:20.058 [Test worker] DEBUG tourGuide.service.TourGuideService - Initializing users
16:21:20.058 [Test worker] DEBUG tourGuide.service.TourGuideService - Created 0 internal test users.
16:21:20.058 [Test worker] DEBUG tourGuide.service.TourGuideService - Finished initializing users
16:21:20.058 [Test worker] INFO tourGuide.service.TourGuideService - addShutDownHook
16:21:20.058 [pool-12-thread-1] DEBUG tourGuide.tracker.Tracker - Begin Tracker. Tracking 0 users.
16:21:20.058 [pool-12-thread-1] INFO tourGuide.service.TourGuideService - trackUserLocationForAllUsers
16:21:20.058 [pool-12-thread-1] DEBUG tourGuide.service.TourGuideService - attractionResponsesWithRewardPoint size :0
16:21:20.058 [pool-12-thread-1] DEBUG tourGuide.tracker.Tracker - visitedLocations.size : 0
16:21:20.058 [pool-12-thread-1] DEBUG tourGuide.tracker.Tracker - Tracker Time Elapsed: 0 seconds.
16:21:20.058 [pool-12-thread-1] DEBUG tourGuide.tracker.Tracker - Tracker sleeping
16:21:20.074 [Test worker] INFO tourGuide.service.TourGuideService - trackUserLocationForAllUsers
16:21:20.074 [Test worker] INFO tourGuide.service.TourGuideService - trackUserLocationAsync for user : jon
16:21:20.132 [pool-11-thread-1] DEBUG tourGuide.service.RewardsService - calculateRewards pour user : jon
16:21:20.148 [pool-11-thread-1] DEBUG tourGuide.service.RewardsService - calculateRewards => ******************* passage nearAttraction : jon
16:21:20.451 [Test worker] DEBUG tourGuide.service.TourGuideService - attractionResponsesWithRewardPoint size :1
]]></system-out>
  <system-err><![CDATA[]]></system-err>
</testsuite>
