<?xml version="1.0" encoding="UTF-8"?>
<testsuite name="tourGuide.TestPerformance" tests="2" skipped="0" failures="0" errors="0" timestamp="2020-09-20T14:20:55" hostname="PO703394" time="10.656">
  <properties/>
  <testcase name="highVolumeTrackLocation" classname="tourGuide.TestPerformance" time="4.598"/>
  <testcase name="highVolumeGetRewards" classname="tourGuide.TestPerformance" time="6.058"/>
  <system-out><![CDATA[16:20:55.447 [Test worker] DEBUG tourGuide.service.TripPricerServiceImpl - constructor TripPricerService
16:20:55.459 [Test worker] INFO tourGuide.service.TourGuideService - TestMode enabled
16:20:55.459 [Test worker] DEBUG tourGuide.service.TourGuideService - Initializing users
16:20:55.477 [Test worker] DEBUG tourGuide.service.TourGuideService - User : 45e92e40-4a17-45c1-aea9-20e555203240 internalUser0
16:20:55.479 [Test worker] DEBUG tourGuide.service.TourGuideService - User : 9e3ba99b-0bb3-4205-83f5-0506152b69be internalUser1
16:20:55.479 [Test worker] DEBUG tourGuide.service.TourGuideService - User : f79d39eb-98f5-43fc-9b9b-8c1e265ad482 internalUser2
16:20:55.479 [Test worker] DEBUG tourGuide.service.TourGuideService - User : e32bed20-fe43-4bb4-88cf-aa14c7d87f5f internalUser3
16:20:55.479 [Test worker] DEBUG tourGuide.service.TourGuideService - User : 44ce76cd-5c54-4d11-8efa-882365701a50 internalUser4
16:20:55.479 [Test worker] DEBUG tourGuide.service.TourGuideService - User : b773b0df-b011-4757-8809-c86abe2352d7 internalUser5
16:20:55.479 [Test worker] DEBUG tourGuide.service.TourGuideService - User : 9c661f15-3af9-4df2-a16e-7b3cd67c2cc0 internalUser6
16:20:55.479 [Test worker] DEBUG tourGuide.service.TourGuideService - User : ac714ff4-e850-4106-9d0b-42bb8a8b3d0e internalUser7
16:20:55.479 [Test worker] DEBUG tourGuide.service.TourGuideService - User : bcea4261-4c96-4dbc-9055-1777bcb038cb internalUser8
16:20:55.479 [Test worker] DEBUG tourGuide.service.TourGuideService - User : 33a48efb-d48f-495f-ae1e-55f342ac79a7 internalUser9
16:20:55.479 [Test worker] DEBUG tourGuide.service.TourGuideService - User : fe56a983-c6c7-4e2e-a6fc-608a7311797a internalUser10
16:20:55.479 [Test worker] DEBUG tourGuide.service.TourGuideService - User : 096bf177-02af-4e56-ad7a-0f3b269379f8 internalUser11
16:20:55.479 [Test worker] DEBUG tourGuide.service.TourGuideService - User : 36ce8f26-5131-41b5-aa0a-3885a7cb5e2e internalUser12
16:20:55.479 [Test worker] DEBUG tourGuide.service.TourGuideService - User : b0264b3d-9302-4aff-bca6-7c0f880e22ca internalUser13
16:20:55.479 [Test worker] DEBUG tourGuide.service.TourGuideService - User : 1b15c61e-2d12-4a3b-a7f7-84bab8fc247d internalUser14
16:20:55.479 [Test worker] DEBUG tourGuide.service.TourGuideService - User : b538369c-9222-449e-a7eb-dd5b23cf033e internalUser15
16:20:55.479 [Test worker] DEBUG tourGuide.service.TourGuideService - User : febdd1f3-2339-4461-bbf5-504eceda36ab internalUser16
16:20:55.479 [Test worker] DEBUG tourGuide.service.TourGuideService - User : 788d7bf1-1163-4d82-b56c-5866f9860468 internalUser17
16:20:55.487 [Test worker] DEBUG tourGuide.service.TourGuideService - User : fb6ae33c-afbd-478b-9aaf-0682593fc246 internalUser18
16:20:55.487 [Test worker] DEBUG tourGuide.service.TourGuideService - User : 916ae149-882d-47b9-9687-ce8d312c5778 internalUser19
16:20:55.487 [Test worker] DEBUG tourGuide.service.TourGuideService - User : fc977dd6-242f-4fc9-940a-9bc1c2dfa49d internalUser20
16:20:55.489 [Test worker] DEBUG tourGuide.service.TourGuideService - User : 64368c03-5928-4f6f-8255-decefdaf016a internalUser21
16:20:55.489 [Test worker] DEBUG tourGuide.service.TourGuideService - User : d88643b7-32b7-4ab0-90be-b6805528685e internalUser22
16:20:55.489 [Test worker] DEBUG tourGuide.service.TourGuideService - User : 1b8f44c4-d2aa-4ad5-b9cf-06d6aaa6f916 internalUser23
16:20:55.489 [Test worker] DEBUG tourGuide.service.TourGuideService - User : 9744cb90-0f05-4bac-bd0c-e60960a4b707 internalUser24
16:20:55.489 [Test worker] DEBUG tourGuide.service.TourGuideService - User : f280d3ff-501d-4328-a9eb-4d198da7f8c0 internalUser25
16:20:55.489 [Test worker] DEBUG tourGuide.service.TourGuideService - User : 89d72ac2-8e64-4f84-b136-0a4a214eb1eb internalUser26
16:20:55.489 [Test worker] DEBUG tourGuide.service.TourGuideService - User : 4c06330b-7624-4a0f-ab30-c16eec1c05c6 internalUser27
16:20:55.489 [Test worker] DEBUG tourGuide.service.TourGuideService - User : 8de8b329-0093-40da-9a0f-909643b804d3 internalUser28
16:20:55.489 [Test worker] DEBUG tourGuide.service.TourGuideService - User : 41a6b595-52d2-49c9-afac-7055c943b473 internalUser29
16:20:55.489 [Test worker] DEBUG tourGuide.service.TourGuideService - User : ef700a18-99dc-46c9-ad7b-6214755f355b internalUser30
16:20:55.489 [Test worker] DEBUG tourGuide.service.TourGuideService - User : 5ef93cf0-3afb-4733-b748-6d87afe78a48 internalUser31
16:20:55.497 [Test worker] DEBUG tourGuide.service.TourGuideService - User : da92fba7-5d62-45d7-b949-cc3125595caa internalUser32
16:20:55.499 [Test worker] DEBUG tourGuide.service.TourGuideService - User : 4f3a1fbb-7844-481c-a73b-ce71554916ee internalUser33
16:20:55.499 [Test worker] DEBUG tourGuide.service.TourGuideService - User : b029788d-69e0-4430-a924-aa84804b0383 internalUser34
16:20:55.499 [Test worker] DEBUG tourGuide.service.TourGuideService - User : 6e2692db-b56b-4876-9ddd-c6bef020408c internalUser35
16:20:55.499 [Test worker] DEBUG tourGuide.service.TourGuideService - User : df532699-93dd-4a7d-b9e6-c15b16af219a internalUser36
16:20:55.499 [Test worker] DEBUG tourGuide.service.TourGuideService - User : 190dd4ff-1abb-418e-9d9b-dd231c0885d1 internalUser37
16:20:55.499 [Test worker] DEBUG tourGuide.service.TourGuideService - User : 613068ca-d45c-492b-bd69-404f6412efe4 internalUser38
16:20:55.499 [Test worker] DEBUG tourGuide.service.TourGuideService - User : 6d0fde70-9d42-4731-af07-7db45f45c176 internalUser39
16:20:55.499 [Test worker] DEBUG tourGuide.service.TourGuideService - User : 6b66ac7b-3b0b-482e-8d7d-6251b8cdb8c6 internalUser40
16:20:55.499 [Test worker] DEBUG tourGuide.service.TourGuideService - User : 7fb7dabc-a0e1-4a6a-b042-40654ab2e2e4 internalUser41
16:20:55.499 [Test worker] DEBUG tourGuide.service.TourGuideService - User : a7ea1de8-806a-4a4e-a794-1b6c7a5d83c1 internalUser42
16:20:55.499 [Test worker] DEBUG tourGuide.service.TourGuideService - User : 86c9949f-c2f5-4a38-a84d-0236bd23d2be internalUser43
16:20:55.499 [Test worker] DEBUG tourGuide.service.TourGuideService - User : 6cb62c64-c5af-4b09-ba55-352b74d3ae08 internalUser44
16:20:55.499 [Test worker] DEBUG tourGuide.service.TourGuideService - User : f7334d8e-e56a-4307-96b3-9ebe77940200 internalUser45
16:20:55.499 [Test worker] DEBUG tourGuide.service.TourGuideService - User : f885d425-0c71-47bc-9a89-38476bc6fb09 internalUser46
16:20:55.509 [Test worker] DEBUG tourGuide.service.TourGuideService - User : 743c3e1d-1f36-4eb7-a10d-74d0ffbdb0c5 internalUser47
16:20:55.509 [Test worker] DEBUG tourGuide.service.TourGuideService - User : 8f0584bd-c2f4-43bf-9a30-86c7c76e81d2 internalUser48
16:20:55.509 [Test worker] DEBUG tourGuide.service.TourGuideService - User : 8d4cb85b-b993-4525-8e5f-2518ca04bb23 internalUser49
16:20:55.509 [Test worker] DEBUG tourGuide.service.TourGuideService - User : 21d72578-d512-4d38-bd1f-e3d00c30b158 internalUser50
16:20:55.509 [Test worker] DEBUG tourGuide.service.TourGuideService - User : 08c049ff-16e9-46d6-b679-a49a6899197f internalUser51
16:20:55.509 [Test worker] DEBUG tourGuide.service.TourGuideService - User : e7fd32f5-1f6f-4de4-b619-58b0ab9205af internalUser52
16:20:55.509 [Test worker] DEBUG tourGuide.service.TourGuideService - User : dab26fdd-c544-4a32-8856-9d860db3c002 internalUser53
16:20:55.509 [Test worker] DEBUG tourGuide.service.TourGuideService - User : f4947ce1-699c-4eac-a1a6-79ddd60aeeb4 internalUser54
16:20:55.509 [Test worker] DEBUG tourGuide.service.TourGuideService - User : 4adb0d01-6006-4513-adf3-2f540c501703 internalUser55
16:20:55.509 [Test worker] DEBUG tourGuide.service.TourGuideService - User : ef920221-5d47-4273-ab13-e7c2446eaecb internalUser56
16:20:55.509 [Test worker] DEBUG tourGuide.service.TourGuideService - User : 90070b19-7a98-40cf-88c4-f907dd6d866e internalUser57
16:20:55.509 [Test worker] DEBUG tourGuide.service.TourGuideService - User : e156deb2-0d8c-4947-af01-1820189a9e72 internalUser58
16:20:55.509 [Test worker] DEBUG tourGuide.service.TourGuideService - User : f13c3105-535a-4218-a5ef-e894640b39d6 internalUser59
16:20:55.509 [Test worker] DEBUG tourGuide.service.TourGuideService - User : 02a7979a-acc1-4aec-83e4-b9b05bade0a9 internalUser60
16:20:55.509 [Test worker] DEBUG tourGuide.service.TourGuideService - User : 31774d49-ab37-4a97-bbb2-999f1612dd8e internalUser61
16:20:55.509 [Test worker] DEBUG tourGuide.service.TourGuideService - User : 8fa8efb0-54ae-48bd-a3ed-79a9386141dd internalUser62
16:20:55.509 [Test worker] DEBUG tourGuide.service.TourGuideService - User : 6cc48244-973b-4cd6-a3d7-ad184450cb19 internalUser63
16:20:55.517 [Test worker] DEBUG tourGuide.service.TourGuideService - User : 1a0fc0d9-55c4-4f9e-8177-11195dcbe78b internalUser64
16:20:55.517 [Test worker] DEBUG tourGuide.service.TourGuideService - User : af15fee2-1321-4192-b90f-f5411c554104 internalUser65
16:20:55.517 [Test worker] DEBUG tourGuide.service.TourGuideService - User : abc3778e-6acf-4493-b3ad-bb339f9cd08a internalUser66
16:20:55.517 [Test worker] DEBUG tourGuide.service.TourGuideService - User : 1c0e5223-e112-4216-bcbf-779dc0693df4 internalUser67
16:20:55.517 [Test worker] DEBUG tourGuide.service.TourGuideService - User : da3bc961-3d24-4619-a8eb-0e27dee9ca1c internalUser68
16:20:55.519 [Test worker] DEBUG tourGuide.service.TourGuideService - User : be369fc7-d82e-4d18-8eef-26468fb8939a internalUser69
16:20:55.519 [Test worker] DEBUG tourGuide.service.TourGuideService - User : 2961e975-3c6a-424c-950f-3c8415bdbe89 internalUser70
16:20:55.519 [Test worker] DEBUG tourGuide.service.TourGuideService - User : 5efcf74a-f53d-4835-96e4-ed281fb1e095 internalUser71
16:20:55.519 [Test worker] DEBUG tourGuide.service.TourGuideService - User : 3ebe7a7d-64a3-4b07-9c5f-689b05e18500 internalUser72
16:20:55.519 [Test worker] DEBUG tourGuide.service.TourGuideService - User : fb917355-82e2-4a5b-8cec-fc28fb286722 internalUser73
16:20:55.519 [Test worker] DEBUG tourGuide.service.TourGuideService - User : 67876e92-8dc5-411f-8a5c-db50f882b6c2 internalUser74
16:20:55.519 [Test worker] DEBUG tourGuide.service.TourGuideService - User : f049b9c9-e217-418f-87e0-bee40243e24b internalUser75
16:20:55.519 [Test worker] DEBUG tourGuide.service.TourGuideService - User : ad3a9e56-8bfe-48e2-9b12-16292f436601 internalUser76
16:20:55.519 [Test worker] DEBUG tourGuide.service.TourGuideService - User : 6907549b-38d4-4532-8655-b5285bb698f2 internalUser77
16:20:55.519 [Test worker] DEBUG tourGuide.service.TourGuideService - User : 894257af-187c-4d02-bc58-d122e5891d95 internalUser78
16:20:55.519 [Test worker] DEBUG tourGuide.service.TourGuideService - User : 8e11c7d4-b3f3-4e90-8a6a-542c58892fae internalUser79
16:20:55.519 [Test worker] DEBUG tourGuide.service.TourGuideService - User : fa285381-dfc9-4b67-9698-c784c88d1c6e internalUser80
16:20:55.519 [Test worker] DEBUG tourGuide.service.TourGuideService - User : 8d2a8c17-8d44-4798-9865-a2982040e745 internalUser81
16:20:55.519 [Test worker] DEBUG tourGuide.service.TourGuideService - User : 94f1c25b-f52c-4b4a-b834-6e9339e7d333 internalUser82
16:20:55.519 [Test worker] DEBUG tourGuide.service.TourGuideService - User : 07e628ae-6b88-4797-bd16-942550ae1986 internalUser83
16:20:55.519 [Test worker] DEBUG tourGuide.service.TourGuideService - User : 599df0e9-61ba-4107-8bae-dea093be6533 internalUser84
16:20:55.519 [Test worker] DEBUG tourGuide.service.TourGuideService - User : ac4c8655-784e-485b-8d13-cff00c850ccf internalUser85
16:20:55.519 [Test worker] DEBUG tourGuide.service.TourGuideService - User : 13e9032e-0df7-40b9-b190-2eea35f8b652 internalUser86
16:20:55.527 [Test worker] DEBUG tourGuide.service.TourGuideService - User : 7e26f1d7-bdbd-42bf-9867-2f1bd1d62e65 internalUser87
16:20:55.527 [Test worker] DEBUG tourGuide.service.TourGuideService - User : d14816e3-2f82-4120-811e-c2c95dfffad4 internalUser88
16:20:55.527 [Test worker] DEBUG tourGuide.service.TourGuideService - User : 7c2fb08b-124e-41b9-b5e6-716e2c5e788b internalUser89
16:20:55.527 [Test worker] DEBUG tourGuide.service.TourGuideService - User : 86b67b32-b057-42a4-b332-265f0f51302d internalUser90
16:20:55.527 [Test worker] DEBUG tourGuide.service.TourGuideService - User : d52d64a9-1518-4723-8fef-161864544994 internalUser91
16:20:55.527 [Test worker] DEBUG tourGuide.service.TourGuideService - User : fcc7ec2e-eaef-45cb-a620-59cc387e7297 internalUser92
16:20:55.529 [Test worker] DEBUG tourGuide.service.TourGuideService - User : f45e1cf8-07cd-4941-99db-d64781678000 internalUser93
16:20:55.529 [Test worker] DEBUG tourGuide.service.TourGuideService - User : abe01883-b072-44b4-80b3-40f39916e951 internalUser94
16:20:55.529 [Test worker] DEBUG tourGuide.service.TourGuideService - User : 65c70283-71f5-44b1-95bd-d2c605423519 internalUser95
16:20:55.529 [Test worker] DEBUG tourGuide.service.TourGuideService - User : e6c6d4ac-a757-41ba-85c7-8fc4aeec5c59 internalUser96
16:20:55.529 [Test worker] DEBUG tourGuide.service.TourGuideService - User : 848f7ce8-44d6-4663-804d-e1769f4098ab internalUser97
16:20:55.529 [Test worker] DEBUG tourGuide.service.TourGuideService - User : dee302f3-a935-4af4-b679-2900a5b090e2 internalUser98
16:20:55.529 [Test worker] DEBUG tourGuide.service.TourGuideService - User : e6d921ba-8687-4b65-975e-d2c887786b43 internalUser99
16:20:55.529 [Test worker] DEBUG tourGuide.service.TourGuideService - User : c9eff899-6946-4a96-b690-0a58b27d7430 internalUser100
16:20:55.529 [Test worker] DEBUG tourGuide.service.TourGuideService - User : ef61c01f-7dde-4fdd-bd92-6e284f614c11 internalUser101
16:20:55.529 [Test worker] DEBUG tourGuide.service.TourGuideService - User : 7ca1bc64-4875-40ef-b536-d8857b4a7912 internalUser102
16:20:55.529 [Test worker] DEBUG tourGuide.service.TourGuideService - User : bd1b1b11-8a6f-4835-ba0f-f51a56715da8 internalUser103
16:20:55.529 [Test worker] DEBUG tourGuide.service.TourGuideService - User : cd6d5875-1bdf-4d82-b475-02aea5b542c3 internalUser104
16:20:55.529 [Test worker] DEBUG tourGuide.service.TourGuideService - User : 4fa9f0ec-f7a1-4c41-a7d0-e91909b2f6a7 internalUser105
16:20:55.529 [Test worker] DEBUG tourGuide.service.TourGuideService - User : f7321252-cbd3-4d7f-997d-859cf7dc40a8 internalUser106
16:20:55.529 [Test worker] DEBUG tourGuide.service.TourGuideService - User : d713e95b-1252-4b09-b381-9289aa954f7d internalUser107
16:20:55.529 [Test worker] DEBUG tourGuide.service.TourGuideService - User : 2b784137-3045-439b-ac0e-403d0b91c7db internalUser108
16:20:55.529 [Test worker] DEBUG tourGuide.service.TourGuideService - User : 3ca91645-9437-4fbd-831c-94a37b055e43 internalUser109
16:20:55.529 [Test worker] DEBUG tourGuide.service.TourGuideService - User : 715a3e76-4928-458c-9d43-bb11f7db58ac internalUser110
16:20:55.529 [Test worker] DEBUG tourGuide.service.TourGuideService - User : fa0b8adb-e257-4e42-9016-82358955780b internalUser111
16:20:55.529 [Test worker] DEBUG tourGuide.service.TourGuideService - User : d2670ef0-a667-4ddc-8e56-34fa8e906cdc internalUser112
16:20:55.529 [Test worker] DEBUG tourGuide.service.TourGuideService - User : 6bec047c-ac3e-424e-adb9-26de1c50810b internalUser113
16:20:55.529 [Test worker] DEBUG tourGuide.service.TourGuideService - User : 6cb31b1a-56d4-4a31-90c4-0f3c9fc64489 internalUser114
16:20:55.529 [Test worker] DEBUG tourGuide.service.TourGuideService - User : 1a21bbd4-ba34-433e-8d83-9da634d85509 internalUser115
16:20:55.529 [Test worker] DEBUG tourGuide.service.TourGuideService - User : f60a869d-748f-4ec2-ba53-f5485ec18515 internalUser116
16:20:55.529 [Test worker] DEBUG tourGuide.service.TourGuideService - User : 810e24e9-e68c-492d-b60c-ae4684b758b1 internalUser117
16:20:55.529 [Test worker] DEBUG tourGuide.service.TourGuideService - User : 3f9d9f9e-850e-496d-9357-8b4637aa9abb internalUser118
16:20:55.537 [Test worker] DEBUG tourGuide.service.TourGuideService - User : 5ef948c5-b23e-49d9-a9ea-86e2fa450372 internalUser119
16:20:55.537 [Test worker] DEBUG tourGuide.service.TourGuideService - User : 788ed666-d45a-45a4-bb82-d794186ba657 internalUser120
16:20:55.537 [Test worker] DEBUG tourGuide.service.TourGuideService - User : bc1831c2-818a-44ba-94ac-563752470938 internalUser121
16:20:55.537 [Test worker] DEBUG tourGuide.service.TourGuideService - User : 437bc426-f7f9-40cc-ab3a-64f31175cb7e internalUser122
16:20:55.537 [Test worker] DEBUG tourGuide.service.TourGuideService - User : e3c25637-9aa3-4cc5-b16e-8ad9af3460b9 internalUser123
16:20:55.537 [Test worker] DEBUG tourGuide.service.TourGuideService - User : c979e2df-ce63-4f1a-8e30-2c2cedefc976 internalUser124
16:20:55.539 [Test worker] DEBUG tourGuide.service.TourGuideService - User : 1975cf17-c90b-4206-a529-5e63bddabee9 internalUser125
16:20:55.539 [Test worker] DEBUG tourGuide.service.TourGuideService - User : 1256554e-9fa0-4d21-bf83-346b2045ce29 internalUser126
16:20:55.539 [Test worker] DEBUG tourGuide.service.TourGuideService - User : e1c2dff8-e0c8-451c-a418-621519939495 internalUser127
16:20:55.539 [Test worker] DEBUG tourGuide.service.TourGuideService - User : 327ab544-b962-4a77-ad6d-65aee5e0d9d1 internalUser128
16:20:55.539 [Test worker] DEBUG tourGuide.service.TourGuideService - User : af6d8a72-f668-4f31-93ce-20d947c2ae13 internalUser129
16:20:55.539 [Test worker] DEBUG tourGuide.service.TourGuideService - User : 761f5bb0-e728-4c82-a56f-603ad2d6e6dc internalUser130
16:20:55.539 [Test worker] DEBUG tourGuide.service.TourGuideService - User : cfbaeea3-4b3c-4d94-9500-ebaaa2f9b6ef internalUser131
16:20:55.539 [Test worker] DEBUG tourGuide.service.TourGuideService - User : 11c41036-e4a3-4d46-ab6c-da09d17cc5b8 internalUser132
16:20:55.539 [Test worker] DEBUG tourGuide.service.TourGuideService - User : c8e67416-b6cd-43b7-a9cc-dad51d772b0a internalUser133
16:20:55.539 [Test worker] DEBUG tourGuide.service.TourGuideService - User : d5e63e6d-2d3d-46c4-9c80-40344af3f6d9 internalUser134
16:20:55.539 [Test worker] DEBUG tourGuide.service.TourGuideService - User : 521b6474-5d66-40da-b719-e0c289e39933 internalUser135
16:20:55.539 [Test worker] DEBUG tourGuide.service.TourGuideService - User : 1683cf8c-ca94-43ce-87a7-e222f231f1e4 internalUser136
16:20:55.539 [Test worker] DEBUG tourGuide.service.TourGuideService - User : b751df48-6f9e-4a67-96be-06caabdd956a internalUser137
16:20:55.539 [Test worker] DEBUG tourGuide.service.TourGuideService - User : 5bf016c4-cd0c-42b9-80d8-0021fe987e9b internalUser138
16:20:55.539 [Test worker] DEBUG tourGuide.service.TourGuideService - User : 03ec82c0-9024-40ec-b610-d5bf50164094 internalUser139
16:20:55.539 [Test worker] DEBUG tourGuide.service.TourGuideService - User : bd493623-0675-463b-a5b6-471aeac583db internalUser140
16:20:55.539 [Test worker] DEBUG tourGuide.service.TourGuideService - User : e6650126-670b-481a-b10d-789890eba7d7 internalUser141
16:20:55.539 [Test worker] DEBUG tourGuide.service.TourGuideService - User : 45d2fa6d-180f-4d17-a6cb-3c1bd7518c62 internalUser142
16:20:55.539 [Test worker] DEBUG tourGuide.service.TourGuideService - User : 283e3120-d3b9-4009-81a2-772968304de0 internalUser143
16:20:55.539 [Test worker] DEBUG tourGuide.service.TourGuideService - User : 8824fd09-4ba7-4c7a-948e-f1628b43cb99 internalUser144
16:20:55.539 [Test worker] DEBUG tourGuide.service.TourGuideService - User : 5fb8f1cc-658b-4a2d-be11-d357c1d1aed0 internalUser145
16:20:55.539 [Test worker] DEBUG tourGuide.service.TourGuideService - User : 4d511319-661f-41e6-bd5d-23be33cf0613 internalUser146
16:20:55.539 [Test worker] DEBUG tourGuide.service.TourGuideService - User : be96b4f0-fad8-4174-ba61-d4752f1e6de7 internalUser147
16:20:55.547 [Test worker] DEBUG tourGuide.service.TourGuideService - User : 46cda7d5-5cc3-49b2-b3ed-5eaead07af91 internalUser148
16:20:55.547 [Test worker] DEBUG tourGuide.service.TourGuideService - User : 81960fce-cb42-4b46-8bb5-31fb0e51b1b6 internalUser149
16:20:55.549 [Test worker] DEBUG tourGuide.service.TourGuideService - User : bbfaa47f-d57b-4006-9aa6-120340d65015 internalUser150
16:20:55.549 [Test worker] DEBUG tourGuide.service.TourGuideService - User : e6830368-b854-4810-b980-054bd1ed7f33 internalUser151
16:20:55.549 [Test worker] DEBUG tourGuide.service.TourGuideService - User : e01f2d91-2670-4de1-9127-57f3e5ecd7e8 internalUser152
16:20:55.549 [Test worker] DEBUG tourGuide.service.TourGuideService - User : 8881a185-46a0-4195-b666-49101f453f61 internalUser153
16:20:55.549 [Test worker] DEBUG tourGuide.service.TourGuideService - User : 66482db2-87fd-45a4-abd2-b5962c4b06f6 internalUser154
16:20:55.549 [Test worker] DEBUG tourGuide.service.TourGuideService - User : af965376-3ec7-46ca-bb2b-2817cfba38c7 internalUser155
16:20:55.549 [Test worker] DEBUG tourGuide.service.TourGuideService - User : 96d64146-6622-47a8-90cf-13beced69a96 internalUser156
16:20:55.549 [Test worker] DEBUG tourGuide.service.TourGuideService - User : 32436dd2-48a3-42fb-a12b-b80fcac71fcc internalUser157
16:20:55.549 [Test worker] DEBUG tourGuide.service.TourGuideService - User : fb0e8a90-274b-4458-b7b3-237a0e665f09 internalUser158
16:20:55.549 [Test worker] DEBUG tourGuide.service.TourGuideService - User : 38d67536-5994-4b63-89a5-abf508f82154 internalUser159
16:20:55.549 [Test worker] DEBUG tourGuide.service.TourGuideService - User : ccaa8704-84f9-4de4-8326-2ef6770c0e0a internalUser160
16:20:55.549 [Test worker] DEBUG tourGuide.service.TourGuideService - User : 99f48a67-2118-4b73-bd24-33cb16d320aa internalUser161
16:20:55.549 [Test worker] DEBUG tourGuide.service.TourGuideService - User : 1ea34f30-1ad3-4244-9a4d-56b18df39de0 internalUser162
16:20:55.549 [Test worker] DEBUG tourGuide.service.TourGuideService - User : 486a925e-b63e-4fa4-b9fe-ac9520274b7a internalUser163
16:20:55.557 [Test worker] DEBUG tourGuide.service.TourGuideService - User : 63f8f82e-7c93-4627-b170-7e33f738cdbd internalUser164
16:20:55.559 [Test worker] DEBUG tourGuide.service.TourGuideService - User : 43d4d76e-0bbe-498d-8b22-7f44c9a197e6 internalUser165
16:20:55.559 [Test worker] DEBUG tourGuide.service.TourGuideService - User : 962fab1e-c381-4f02-ba67-892516eade64 internalUser166
16:20:55.559 [Test worker] DEBUG tourGuide.service.TourGuideService - User : 697229ba-1b33-4b3d-a769-7e1d3f4d294d internalUser167
16:20:55.559 [Test worker] DEBUG tourGuide.service.TourGuideService - User : ac8dace6-833f-4d37-bf7e-70c824cac8ff internalUser168
16:20:55.559 [Test worker] DEBUG tourGuide.service.TourGuideService - User : 8d464f63-86fe-4805-864f-8aaaf83f16ba internalUser169
16:20:55.567 [Test worker] DEBUG tourGuide.service.TourGuideService - User : 3b303ea9-8bd9-4175-8fee-9e601fd440cb internalUser170
16:20:55.567 [Test worker] DEBUG tourGuide.service.TourGuideService - User : a25c2de1-2c61-47e4-9529-9b556d6d9f6c internalUser171
16:20:55.569 [Test worker] DEBUG tourGuide.service.TourGuideService - User : 25e510a7-1bcb-4a5d-afaa-c505e19abe0e internalUser172
16:20:55.569 [Test worker] DEBUG tourGuide.service.TourGuideService - User : 0eac36be-4b11-4166-a2e9-6ac610d994df internalUser173
16:20:55.569 [Test worker] DEBUG tourGuide.service.TourGuideService - User : ad4b5b46-aad9-43d2-8f2a-3c8c2a1fc696 internalUser174
16:20:55.569 [Test worker] DEBUG tourGuide.service.TourGuideService - User : 880b388e-66af-4d47-9550-fabe6579aab4 internalUser175
16:20:55.569 [Test worker] DEBUG tourGuide.service.TourGuideService - User : 45d4ba66-758f-48ec-b28a-2e947d781d1f internalUser176
16:20:55.569 [Test worker] DEBUG tourGuide.service.TourGuideService - User : 7df6ad79-2c9a-4ff5-894e-4c99c27437ee internalUser177
16:20:55.569 [Test worker] DEBUG tourGuide.service.TourGuideService - User : 0da3fe82-efee-4483-bfb8-9d46fe639929 internalUser178
16:20:55.569 [Test worker] DEBUG tourGuide.service.TourGuideService - User : dd8e41eb-10f4-41dc-ac33-dc6080408efe internalUser179
16:20:55.569 [Test worker] DEBUG tourGuide.service.TourGuideService - User : e99b7d49-ceef-4e7b-873a-b06ed57c0e2f internalUser180
16:20:55.569 [Test worker] DEBUG tourGuide.service.TourGuideService - User : e763027b-1453-4941-8501-e699425d3882 internalUser181
16:20:55.569 [Test worker] DEBUG tourGuide.service.TourGuideService - User : 9e50eaf1-bd4e-44a7-9e32-e03e3ff29af2 internalUser182
16:20:55.569 [Test worker] DEBUG tourGuide.service.TourGuideService - User : ef966669-a422-46b0-9c65-1ff419bf5f45 internalUser183
16:20:55.569 [Test worker] DEBUG tourGuide.service.TourGuideService - User : f7990ad6-a6ea-43d1-9adb-8e1f75531433 internalUser184
16:20:55.569 [Test worker] DEBUG tourGuide.service.TourGuideService - User : 218575de-9e20-4609-bc6f-3e834899e87c internalUser185
16:20:55.569 [Test worker] DEBUG tourGuide.service.TourGuideService - User : 94e2f7de-97eb-49ac-88df-5a0057224056 internalUser186
16:20:55.569 [Test worker] DEBUG tourGuide.service.TourGuideService - User : a9e1b0d3-c3c9-4bde-863f-835e64c89b7b internalUser187
16:20:55.569 [Test worker] DEBUG tourGuide.service.TourGuideService - User : 9d550a92-eccf-426f-b002-f97d70487de7 internalUser188
16:20:55.569 [Test worker] DEBUG tourGuide.service.TourGuideService - User : 6129090c-886d-4287-aa60-8d43361be874 internalUser189
16:20:55.569 [Test worker] DEBUG tourGuide.service.TourGuideService - User : 203f9730-e124-470d-affd-08c5b95db10c internalUser190
16:20:55.569 [Test worker] DEBUG tourGuide.service.TourGuideService - User : 75a91f93-b916-4059-bed5-3f1b9c2bf1e7 internalUser191
16:20:55.569 [Test worker] DEBUG tourGuide.service.TourGuideService - User : c004d718-4c8d-4d75-974a-a3bbfaaab5a4 internalUser192
16:20:55.569 [Test worker] DEBUG tourGuide.service.TourGuideService - User : fa17c54e-168a-4cb5-a2b2-422ba517d164 internalUser193
16:20:55.577 [Test worker] DEBUG tourGuide.service.TourGuideService - User : 866ebc99-6519-4dc6-8676-66f5e4d628b1 internalUser194
16:20:55.577 [Test worker] DEBUG tourGuide.service.TourGuideService - User : d7234ba2-1e1c-4322-90a4-801df8b1458f internalUser195
16:20:55.577 [Test worker] DEBUG tourGuide.service.TourGuideService - User : 4d772ef7-b469-4c05-a25a-b08d3d592faf internalUser196
16:20:55.577 [Test worker] DEBUG tourGuide.service.TourGuideService - User : 062b22ab-b5d5-4aef-ab67-d219c2ad7231 internalUser197
16:20:55.579 [Test worker] DEBUG tourGuide.service.TourGuideService - User : ef5a790f-6dcf-4d5a-a0ab-0e4c860aa1ac internalUser198
16:20:55.579 [Test worker] DEBUG tourGuide.service.TourGuideService - User : 7f7a8082-a30a-4526-b062-1da0ecab97d9 internalUser199
16:20:55.579 [Test worker] DEBUG tourGuide.service.TourGuideService - User : 485b1d60-0383-4c27-979d-844ebc598c5e internalUser200
16:20:55.579 [Test worker] DEBUG tourGuide.service.TourGuideService - User : d8308d8d-0052-44b9-9234-615657d11c26 internalUser201
16:20:55.579 [Test worker] DEBUG tourGuide.service.TourGuideService - User : 24a3563a-b713-4702-b840-aba702390345 internalUser202
16:20:55.579 [Test worker] DEBUG tourGuide.service.TourGuideService - User : d38c65c8-4b2c-480d-9d0d-695faf3d94f8 internalUser203
16:20:55.579 [Test worker] DEBUG tourGuide.service.TourGuideService - User : bb6eadc5-3bdd-4ebb-8cef-393286712007 internalUser204
16:20:55.579 [Test worker] DEBUG tourGuide.service.TourGuideService - User : 9ac96436-222c-4e57-848a-5c3394287a18 internalUser205
16:20:55.579 [Test worker] DEBUG tourGuide.service.TourGuideService - User : cb7cb1cb-521b-455b-bb11-4c03aaa60bdd internalUser206
16:20:55.579 [Test worker] DEBUG tourGuide.service.TourGuideService - User : 421b7df5-6f65-464e-ac77-94b9fac87461 internalUser207
16:20:55.579 [Test worker] DEBUG tourGuide.service.TourGuideService - User : ffde65ee-5ece-473f-a2fc-2c471068c388 internalUser208
16:20:55.579 [Test worker] DEBUG tourGuide.service.TourGuideService - User : 9d14c5ef-2ab5-4b23-87a6-61eaef44e420 internalUser209
16:20:55.579 [Test worker] DEBUG tourGuide.service.TourGuideService - User : 92b01df0-b85e-42ba-afda-57fcd3a7591c internalUser210
16:20:55.579 [Test worker] DEBUG tourGuide.service.TourGuideService - User : a30210ca-e4de-44e8-bffa-7f6a7a765ae6 internalUser211
16:20:55.579 [Test worker] DEBUG tourGuide.service.TourGuideService - User : 017cdd57-9120-42e0-b708-12af41d6ddaf internalUser212
16:20:55.600 [Test worker] DEBUG tourGuide.service.TourGuideService - User : 7150b1af-08c5-4aa0-97b8-a5a6255e7147 internalUser213
16:20:55.600 [Test worker] DEBUG tourGuide.service.TourGuideService - User : 8be1869b-04b1-49d2-b2b1-ce0878b8720e internalUser214
16:20:55.600 [Test worker] DEBUG tourGuide.service.TourGuideService - User : 937d2054-e7e6-44b4-8779-392cf5007d07 internalUser215
16:20:55.600 [Test worker] DEBUG tourGuide.service.TourGuideService - User : e3d57cbb-b6c0-4dcd-b457-d5fee8a8dd2e internalUser216
16:20:55.608 [Test worker] DEBUG tourGuide.service.TourGuideService - User : 9b5ad00d-4762-4e08-ab21-fcb3e3e5f733 internalUser217
16:20:55.608 [Test worker] DEBUG tourGuide.service.TourGuideService - User : ee20c415-db87-400d-aed3-37daa866b7f5 internalUser218
16:20:55.608 [Test worker] DEBUG tourGuide.service.TourGuideService - User : a5dd58a6-c393-48ba-89bc-8e34c396a540 internalUser219
16:20:55.608 [Test worker] DEBUG tourGuide.service.TourGuideService - User : 246a9c88-adc9-417f-bb3a-185739042a6a internalUser220
16:20:55.610 [Test worker] DEBUG tourGuide.service.TourGuideService - User : c8278531-8a52-4961-b0fd-ef87e9e349a2 internalUser221
16:20:55.610 [Test worker] DEBUG tourGuide.service.TourGuideService - User : 02557683-b67d-4edd-b7cf-9fcfe7cf96b0 internalUser222
16:20:55.610 [Test worker] DEBUG tourGuide.service.TourGuideService - User : b83effdd-8753-4cce-a768-4d189f6c77b2 internalUser223
16:20:55.610 [Test worker] DEBUG tourGuide.service.TourGuideService - User : 6dfe1e5f-bca3-4088-a0f1-b0b66b9642dd internalUser224
16:20:55.610 [Test worker] DEBUG tourGuide.service.TourGuideService - User : 2684b804-e629-4cc9-b5d2-8cde04b7bdfc internalUser225
16:20:55.610 [Test worker] DEBUG tourGuide.service.TourGuideService - User : 60bdefad-75aa-465b-8ead-2e6085955795 internalUser226
16:20:55.610 [Test worker] DEBUG tourGuide.service.TourGuideService - User : bf60fdf3-e46b-46ee-8c9b-d54bc1478b92 internalUser227
16:20:55.610 [Test worker] DEBUG tourGuide.service.TourGuideService - User : 3ae321ef-fed9-424a-be94-1c707a1f74a1 internalUser228
16:20:55.610 [Test worker] DEBUG tourGuide.service.TourGuideService - User : 4ffd1338-0f0a-47f5-87dd-6d0eb371e5e0 internalUser229
16:20:55.610 [Test worker] DEBUG tourGuide.service.TourGuideService - User : e5465a55-e61e-4103-80b9-10b528548fc0 internalUser230
16:20:55.620 [Test worker] DEBUG tourGuide.service.TourGuideService - User : 26230bdc-3938-4973-a642-b9651e8b586e internalUser231
16:20:55.620 [Test worker] DEBUG tourGuide.service.TourGuideService - User : a240e20a-be56-458c-9f53-19cd21c96a83 internalUser232
16:20:55.620 [Test worker] DEBUG tourGuide.service.TourGuideService - User : 61578f23-9995-4a42-94ad-c68fd22261fa internalUser233
16:20:55.620 [Test worker] DEBUG tourGuide.service.TourGuideService - User : edc4aad9-6cb6-4f13-a869-a3008af29a6a internalUser234
16:20:55.620 [Test worker] DEBUG tourGuide.service.TourGuideService - User : 884fdfa5-80e4-4792-85ed-ea5a5d3efe94 internalUser235
16:20:55.620 [Test worker] DEBUG tourGuide.service.TourGuideService - User : 256a3ce3-e19d-4b6b-bcbe-8848d45fc125 internalUser236
16:20:55.620 [Test worker] DEBUG tourGuide.service.TourGuideService - User : ce74c121-1579-46d0-985d-69b4b6df95f5 internalUser237
16:20:55.628 [Test worker] DEBUG tourGuide.service.TourGuideService - User : be05f4cb-04e5-47a1-aa6b-353adf135bbd internalUser238
16:20:55.628 [Test worker] DEBUG tourGuide.service.TourGuideService - User : bbe31cbe-c0a9-47a8-8ab4-03c780ee7d98 internalUser239
16:20:55.628 [Test worker] DEBUG tourGuide.service.TourGuideService - User : 0361b862-5034-4a2f-9206-4d4b10e5b47c internalUser240
16:20:55.630 [Test worker] DEBUG tourGuide.service.TourGuideService - User : 8c330cd8-c059-408a-9dc0-abae31a0a1d7 internalUser241
16:20:55.630 [Test worker] DEBUG tourGuide.service.TourGuideService - User : 001cb92d-6c2f-4a83-84cf-36130f66936e internalUser242
16:20:55.630 [Test worker] DEBUG tourGuide.service.TourGuideService - User : 0a7274a0-4070-4646-ac9e-95fe1c71b06b internalUser243
16:20:55.630 [Test worker] DEBUG tourGuide.service.TourGuideService - User : f17b801a-1098-4e92-9fb1-86eb09d9496f internalUser244
16:20:55.630 [Test worker] DEBUG tourGuide.service.TourGuideService - User : a5265a79-e650-4706-9635-b2a7b86f319d internalUser245
16:20:55.630 [Test worker] DEBUG tourGuide.service.TourGuideService - User : adbc3531-71f3-4c90-a8ab-f20fed3235ed internalUser246
16:20:55.630 [Test worker] DEBUG tourGuide.service.TourGuideService - User : 9f387931-062b-4ff2-bf36-6128c9e307e1 internalUser247
16:20:55.630 [Test worker] DEBUG tourGuide.service.TourGuideService - User : 736d1733-77e3-4acb-83a8-fa717907aafa internalUser248
16:20:55.630 [Test worker] DEBUG tourGuide.service.TourGuideService - User : deb19d7b-3a69-4760-9585-fb588bdf65b7 internalUser249
16:20:55.630 [Test worker] DEBUG tourGuide.service.TourGuideService - User : 92ea39fd-cebc-4bf7-9863-2f93a300ba16 internalUser250
16:20:55.630 [Test worker] DEBUG tourGuide.service.TourGuideService - User : 7cfb6737-c290-4588-ab61-f2e6d632b887 internalUser251
16:20:55.630 [Test worker] DEBUG tourGuide.service.TourGuideService - User : a8cd84ca-d562-485d-abad-896d340736a9 internalUser252
16:20:55.630 [Test worker] DEBUG tourGuide.service.TourGuideService - User : 97a3d6ae-7027-4a72-8ccc-e26bc7f18783 internalUser253
16:20:55.638 [Test worker] DEBUG tourGuide.service.TourGuideService - User : 2f8980f4-d3b6-4edc-a0bb-5538955be6fc internalUser254
16:20:55.638 [Test worker] DEBUG tourGuide.service.TourGuideService - User : d3ac1d37-be81-4bb8-ac9b-0f81e6b74128 internalUser255
16:20:55.638 [Test worker] DEBUG tourGuide.service.TourGuideService - User : 70873877-b40c-4e60-ac93-1039b407bbd9 internalUser256
16:20:55.638 [Test worker] DEBUG tourGuide.service.TourGuideService - User : 2592e3a8-db46-4aad-b40c-be8887d20688 internalUser257
16:20:55.638 [Test worker] DEBUG tourGuide.service.TourGuideService - User : 6ee07f71-5465-4f40-b095-6254ffbe2e07 internalUser258
16:20:55.638 [Test worker] DEBUG tourGuide.service.TourGuideService - User : f62a67af-1ae7-4fe2-a2a9-40a2746f7ba4 internalUser259
16:20:55.638 [Test worker] DEBUG tourGuide.service.TourGuideService - User : 4927d88a-95df-483c-9bbd-63266f8c64b3 internalUser260
16:20:55.638 [Test worker] DEBUG tourGuide.service.TourGuideService - User : f3d80277-bc06-4442-9160-1308fa645cac internalUser261
16:20:55.638 [Test worker] DEBUG tourGuide.service.TourGuideService - User : 7f65302d-bcdb-4289-9479-db756153a93d internalUser262
16:20:55.640 [Test worker] DEBUG tourGuide.service.TourGuideService - User : 5f575a47-3844-44b3-a257-e97f4ddf447a internalUser263
16:20:55.640 [Test worker] DEBUG tourGuide.service.TourGuideService - User : ddf686eb-552e-45e8-b01c-afdec77e924a internalUser264
16:20:55.640 [Test worker] DEBUG tourGuide.service.TourGuideService - User : 46c5dd64-db50-44f4-9204-98a848326cbd internalUser265
16:20:55.640 [Test worker] DEBUG tourGuide.service.TourGuideService - User : d7c90535-dc50-4d11-9d99-2294c2e1d149 internalUser266
16:20:55.640 [Test worker] DEBUG tourGuide.service.TourGuideService - User : 9550b34d-8cb6-4e9f-a2c0-81177376dbc8 internalUser267
16:20:55.640 [Test worker] DEBUG tourGuide.service.TourGuideService - User : fc4f5864-da49-445d-b9bd-0b53c570dd04 internalUser268
16:20:55.640 [Test worker] DEBUG tourGuide.service.TourGuideService - User : a9cee275-e361-48a5-921b-d4da1683aeeb internalUser269
16:20:55.640 [Test worker] DEBUG tourGuide.service.TourGuideService - User : af80ee1c-82d4-463d-852c-6e4686fb12d0 internalUser270
16:20:55.640 [Test worker] DEBUG tourGuide.service.TourGuideService - User : 618c77f8-bec3-4c03-b264-aec712847a76 internalUser271
16:20:55.640 [Test worker] DEBUG tourGuide.service.TourGuideService - User : e125ad59-62ce-426b-9a67-9b54315fe7a0 internalUser272
16:20:55.640 [Test worker] DEBUG tourGuide.service.TourGuideService - User : 265fb376-f304-435f-8e0a-7405b99fdb95 internalUser273
16:20:55.640 [Test worker] DEBUG tourGuide.service.TourGuideService - User : 459fb574-6a96-4109-b929-8fcd5111e778 internalUser274
16:20:55.640 [Test worker] DEBUG tourGuide.service.TourGuideService - User : 70165f29-7b0c-402c-9b0d-7dcb49626be9 internalUser275
16:20:55.640 [Test worker] DEBUG tourGuide.service.TourGuideService - User : 9881b15f-04cb-4823-af8a-15a9ece579a3 internalUser276
16:20:55.640 [Test worker] DEBUG tourGuide.service.TourGuideService - User : 5ccdb4fd-daf7-457d-b09a-7fec62e89c76 internalUser277
16:20:55.640 [Test worker] DEBUG tourGuide.service.TourGuideService - User : 3b3634d6-6108-4621-9ca1-9158f65841bd internalUser278
16:20:55.640 [Test worker] DEBUG tourGuide.service.TourGuideService - User : f8985f90-c581-49b6-a790-f03fcc0ac58c internalUser279
16:20:55.640 [Test worker] DEBUG tourGuide.service.TourGuideService - User : 4c3a041d-0822-433f-bc20-1b3b4e34a4dc internalUser280
16:20:55.652 [Test worker] DEBUG tourGuide.service.TourGuideService - User : ae2af6ea-f994-4a14-ac77-c846676b6c4e internalUser281
16:20:55.652 [Test worker] DEBUG tourGuide.service.TourGuideService - User : 7bd0cc06-b6ad-498a-b865-a7a07e372e2d internalUser282
16:20:55.652 [Test worker] DEBUG tourGuide.service.TourGuideService - User : 83bcdfb3-1c55-4efb-9eb1-b02269246f53 internalUser283
16:20:55.652 [Test worker] DEBUG tourGuide.service.TourGuideService - User : cf43edcb-6f77-4807-9de3-10aa47c1e0e6 internalUser284
16:20:55.652 [Test worker] DEBUG tourGuide.service.TourGuideService - User : a6e9f270-7b8c-4cbf-889d-135ff9b20f59 internalUser285
16:20:55.652 [Test worker] DEBUG tourGuide.service.TourGuideService - User : 1fc5defd-ae3c-42ea-847e-1bcfbb084324 internalUser286
16:20:55.652 [Test worker] DEBUG tourGuide.service.TourGuideService - User : bd636ee1-f52e-4cf2-9eee-4e604c969b07 internalUser287
16:20:55.652 [Test worker] DEBUG tourGuide.service.TourGuideService - User : 8f102958-008b-4731-9743-c7805e8e77de internalUser288
16:20:55.652 [Test worker] DEBUG tourGuide.service.TourGuideService - User : 493e889e-1fa5-4a4c-90c5-706bc66e2eae internalUser289
16:20:55.652 [Test worker] DEBUG tourGuide.service.TourGuideService - User : c1a47f7e-9614-4756-9c80-760e8b02c09e internalUser290
16:20:55.652 [Test worker] DEBUG tourGuide.service.TourGuideService - User : 9f35bdad-15b3-4d2b-a230-a82eaaa85400 internalUser291
16:20:55.652 [Test worker] DEBUG tourGuide.service.TourGuideService - User : 0dd77f0a-6a0c-4547-a4c7-7c2d5c332c06 internalUser292
16:20:55.652 [Test worker] DEBUG tourGuide.service.TourGuideService - User : 3c02e792-cdef-4618-8820-08b0e1f459c9 internalUser293
16:20:55.652 [Test worker] DEBUG tourGuide.service.TourGuideService - User : babe1268-2db3-4aa5-98fd-d575869eab4a internalUser294
16:20:55.652 [Test worker] DEBUG tourGuide.service.TourGuideService - User : 2a6ff1b8-5f89-4888-8ae4-cd3f4191c3ee internalUser295
16:20:55.652 [Test worker] DEBUG tourGuide.service.TourGuideService - User : 1100c44f-bd07-41d1-8ee0-6ecd8c787ccc internalUser296
16:20:55.652 [Test worker] DEBUG tourGuide.service.TourGuideService - User : f2e6d02f-fbef-40c5-8802-a97591554f33 internalUser297
16:20:55.652 [Test worker] DEBUG tourGuide.service.TourGuideService - User : 1ba93507-c662-402f-a81d-c4f37bf2e661 internalUser298
16:20:55.652 [Test worker] DEBUG tourGuide.service.TourGuideService - User : ad8d6973-ce49-4fe4-b9d3-6cf7da6808ef internalUser299
16:20:55.652 [Test worker] DEBUG tourGuide.service.TourGuideService - User : 138c6f8a-29d5-4c9f-9925-9ff465bc6091 internalUser300
16:20:55.652 [Test worker] DEBUG tourGuide.service.TourGuideService - User : c9cb7ac0-eab9-4732-b608-16fdbe387c0c internalUser301
16:20:55.652 [Test worker] DEBUG tourGuide.service.TourGuideService - User : 039526ef-c5d6-4e31-b8f4-1660880cc506 internalUser302
16:20:55.652 [Test worker] DEBUG tourGuide.service.TourGuideService - User : 0052556e-f342-4464-bc9f-cc0841cdfce8 internalUser303
16:20:55.652 [Test worker] DEBUG tourGuide.service.TourGuideService - User : 4cebb601-9cdb-4285-bab7-eb4314940f48 internalUser304
16:20:55.652 [Test worker] DEBUG tourGuide.service.TourGuideService - User : 984c5b2a-5e88-49a5-a6cc-5bec51d71a45 internalUser305
16:20:55.652 [Test worker] DEBUG tourGuide.service.TourGuideService - User : 8a97a1bb-9e42-439b-a612-725b9a4d4c34 internalUser306
16:20:55.652 [Test worker] DEBUG tourGuide.service.TourGuideService - User : 7bb0b837-3899-4394-8f2e-adbc51bb5f38 internalUser307
16:20:55.652 [Test worker] DEBUG tourGuide.service.TourGuideService - User : adea5eb4-a127-480e-bcff-a2b6ee3d7cc5 internalUser308
16:20:55.652 [Test worker] DEBUG tourGuide.service.TourGuideService - User : 774eb48f-c3e6-4e4c-aaa4-37be2695e3f6 internalUser309
16:20:55.652 [Test worker] DEBUG tourGuide.service.TourGuideService - User : 59198746-c47b-4573-bae5-c8786303b2f0 internalUser310
16:20:55.652 [Test worker] DEBUG tourGuide.service.TourGuideService - User : 3cfafef5-dbf9-42fe-a95a-7726ff20ecc2 internalUser311
16:20:55.652 [Test worker] DEBUG tourGuide.service.TourGuideService - User : 1f6d13b8-686d-4619-874e-e24196eeef52 internalUser312
16:20:55.652 [Test worker] DEBUG tourGuide.service.TourGuideService - User : 070d0442-c589-4750-a650-f258f6f5eb98 internalUser313
16:20:55.652 [Test worker] DEBUG tourGuide.service.TourGuideService - User : 8c47690b-c3a9-4da3-b029-3678dcd01281 internalUser314
16:20:55.660 [Test worker] DEBUG tourGuide.service.TourGuideService - User : 77496a90-394e-47ca-8582-73de2f545937 internalUser315
16:20:55.660 [Test worker] DEBUG tourGuide.service.TourGuideService - User : 1d14f7ae-7b9f-46da-a2da-32e0d8a7ab00 internalUser316
16:20:55.660 [Test worker] DEBUG tourGuide.service.TourGuideService - User : 4a87953a-839d-43c0-9ed8-b667b3f1b32f internalUser317
16:20:55.660 [Test worker] DEBUG tourGuide.service.TourGuideService - User : 0eff4380-fafc-4244-afeb-ad30f912092a internalUser318
16:20:55.660 [Test worker] DEBUG tourGuide.service.TourGuideService - User : 333651b7-2c75-4dd2-90f1-7294f9d68dbf internalUser319
16:20:55.660 [Test worker] DEBUG tourGuide.service.TourGuideService - User : e021c3cb-d307-4648-8a79-4228a0131856 internalUser320
16:20:55.660 [Test worker] DEBUG tourGuide.service.TourGuideService - User : 4ae15fee-7db2-432e-90f6-34acca54bf46 internalUser321
16:20:55.660 [Test worker] DEBUG tourGuide.service.TourGuideService - User : f6dd65a3-f93a-4930-b89a-c81320a5f36a internalUser322
16:20:55.660 [Test worker] DEBUG tourGuide.service.TourGuideService - User : f5702a1b-c930-4ee7-bdc2-8af086d867f6 internalUser323
16:20:55.660 [Test worker] DEBUG tourGuide.service.TourGuideService - User : 5777fe0e-a96f-455b-8f7e-342384a2155a internalUser324
16:20:55.662 [Test worker] DEBUG tourGuide.service.TourGuideService - User : 10133ad7-d316-44ef-9a8e-9241feded4c4 internalUser325
16:20:55.662 [Test worker] DEBUG tourGuide.service.TourGuideService - User : b4189be9-dd51-4860-9af5-dd73aed47f34 internalUser326
16:20:55.662 [Test worker] DEBUG tourGuide.service.TourGuideService - User : 01b5a718-21fc-42b8-abfb-1deecf834608 internalUser327
16:20:55.662 [Test worker] DEBUG tourGuide.service.TourGuideService - User : 7e50b9be-a780-485b-a66a-2a6ecb6f1f5a internalUser328
16:20:55.662 [Test worker] DEBUG tourGuide.service.TourGuideService - User : cd164c00-4d8a-454b-a7cd-849ed896fded internalUser329
16:20:55.662 [Test worker] DEBUG tourGuide.service.TourGuideService - User : 1f90a485-c6c4-447d-820a-87357fc166c4 internalUser330
16:20:55.662 [Test worker] DEBUG tourGuide.service.TourGuideService - User : ed5d59c3-0781-42f6-920e-2af087402bef internalUser331
16:20:55.662 [Test worker] DEBUG tourGuide.service.TourGuideService - User : 29f67132-8779-4119-9873-2f8d55f5446c internalUser332
16:20:55.662 [Test worker] DEBUG tourGuide.service.TourGuideService - User : eaf9ceed-31d1-4a66-b181-0e2c1916eb45 internalUser333
16:20:55.662 [Test worker] DEBUG tourGuide.service.TourGuideService - User : 59fd4805-7163-46d9-9ba4-ea218d9aa69b internalUser334
16:20:55.662 [Test worker] DEBUG tourGuide.service.TourGuideService - User : 5ec63eef-434d-4855-949c-45a51061e11d internalUser335
16:20:55.662 [Test worker] DEBUG tourGuide.service.TourGuideService - User : 4436f3f1-5b58-4392-a0e1-4d8aaabb57db internalUser336
16:20:55.662 [Test worker] DEBUG tourGuide.service.TourGuideService - User : 460f797b-b480-4087-866f-8a2eeda8f84b internalUser337
16:20:55.662 [Test worker] DEBUG tourGuide.service.TourGuideService - User : ec4e2fe9-926e-4721-b969-faf6572df302 internalUser338
16:20:55.662 [Test worker] DEBUG tourGuide.service.TourGuideService - User : 043470f9-24bb-4b44-a8f2-2a45e338e3b4 internalUser339
16:20:55.662 [Test worker] DEBUG tourGuide.service.TourGuideService - User : 9005aaee-6c7d-42f1-8e92-52aadc62d338 internalUser340
16:20:55.662 [Test worker] DEBUG tourGuide.service.TourGuideService - User : b11a49f3-78bc-42d1-9233-80014e9cde30 internalUser341
16:20:55.662 [Test worker] DEBUG tourGuide.service.TourGuideService - User : 22cec836-9529-4b62-8db0-a1b2e82c234d internalUser342
16:20:55.662 [Test worker] DEBUG tourGuide.service.TourGuideService - User : a21be077-78dd-4243-a14f-40d4e925730c internalUser343
16:20:55.662 [Test worker] DEBUG tourGuide.service.TourGuideService - User : 54c1409c-9f56-4d59-a3d8-847a905e2606 internalUser344
16:20:55.662 [Test worker] DEBUG tourGuide.service.TourGuideService - User : 6198b2ae-4b31-4e5c-96c6-74a996ce0008 internalUser345
16:20:55.662 [Test worker] DEBUG tourGuide.service.TourGuideService - User : 4e142e99-b1db-4ca0-808d-2ffc32f8d96e internalUser346
16:20:55.662 [Test worker] DEBUG tourGuide.service.TourGuideService - User : 01683203-86c1-47c9-85d9-19b1e770231e internalUser347
16:20:55.662 [Test worker] DEBUG tourGuide.service.TourGuideService - User : 4dda1f3d-1165-4cd2-b2ab-50a97dedeb1b internalUser348
16:20:55.662 [Test worker] DEBUG tourGuide.service.TourGuideService - User : 561233c3-4e4d-441d-8734-4e576246a3ee internalUser349
16:20:55.662 [Test worker] DEBUG tourGuide.service.TourGuideService - User : b45e9b51-128c-4daa-898e-af646a1469fd internalUser350
16:20:55.662 [Test worker] DEBUG tourGuide.service.TourGuideService - User : 8f8aea30-a8e7-465e-a4ea-ed72774d60f7 internalUser351
16:20:55.662 [Test worker] DEBUG tourGuide.service.TourGuideService - User : 3d4ab8e1-af00-4910-bd50-5da7c80e7372 internalUser352
16:20:55.662 [Test worker] DEBUG tourGuide.service.TourGuideService - User : 770eb937-3cb7-4f20-81aa-d38af14c3a1c internalUser353
16:20:55.662 [Test worker] DEBUG tourGuide.service.TourGuideService - User : 15408574-d0ab-4c23-9a7d-61cfdafae24b internalUser354
16:20:55.670 [Test worker] DEBUG tourGuide.service.TourGuideService - User : fa36de2c-2f70-4587-aaca-8b3da5b4f5c4 internalUser355
16:20:55.670 [Test worker] DEBUG tourGuide.service.TourGuideService - User : 714c68cb-430a-45cf-8713-30f2333e403b internalUser356
16:20:55.670 [Test worker] DEBUG tourGuide.service.TourGuideService - User : 6d33ce24-2eb3-4fd8-aab8-fe5d501cd54e internalUser357
16:20:55.670 [Test worker] DEBUG tourGuide.service.TourGuideService - User : ce4ee6fd-62a5-4306-a3ac-b320def47d68 internalUser358
16:20:55.670 [Test worker] DEBUG tourGuide.service.TourGuideService - User : 6c701b81-c2c0-48cb-aa0e-2838203c8180 internalUser359
16:20:55.670 [Test worker] DEBUG tourGuide.service.TourGuideService - User : 1818c0ef-8d08-4817-a62a-a47809f055f1 internalUser360
16:20:55.670 [Test worker] DEBUG tourGuide.service.TourGuideService - User : 74ba0ed0-c727-4fe3-8340-9a180f6ac592 internalUser361
16:20:55.672 [Test worker] DEBUG tourGuide.service.TourGuideService - User : 7482eb39-1e7f-466d-a91b-e4f2a8d34959 internalUser362
16:20:55.672 [Test worker] DEBUG tourGuide.service.TourGuideService - User : 61bb8649-91ae-41aa-a940-fc9bcc16ec0f internalUser363
16:20:55.672 [Test worker] DEBUG tourGuide.service.TourGuideService - User : 1c08d288-282c-4139-a163-8e37e7e1d092 internalUser364
16:20:55.672 [Test worker] DEBUG tourGuide.service.TourGuideService - User : 319f43cd-7424-42be-a6ea-581a9bd4df94 internalUser365
16:20:55.672 [Test worker] DEBUG tourGuide.service.TourGuideService - User : 9c3d7d77-e50d-427b-9adf-4d5f63b10725 internalUser366
16:20:55.672 [Test worker] DEBUG tourGuide.service.TourGuideService - User : 380699c5-f464-407b-8179-3ea3dcf7a1a4 internalUser367
16:20:55.672 [Test worker] DEBUG tourGuide.service.TourGuideService - User : 6737cf07-a5a1-4170-8848-2729300406ec internalUser368
16:20:55.672 [Test worker] DEBUG tourGuide.service.TourGuideService - User : dfcb5367-ee74-4f64-a4c5-2293aa086fbd internalUser369
16:20:55.672 [Test worker] DEBUG tourGuide.service.TourGuideService - User : 9a9470ce-f50b-4fdf-9114-5e9485dcba50 internalUser370
16:20:55.672 [Test worker] DEBUG tourGuide.service.TourGuideService - User : cbb3bf71-a5b8-4112-be6c-ced6cfd7a77d internalUser371
16:20:55.672 [Test worker] DEBUG tourGuide.service.TourGuideService - User : 6d870714-5bb9-47b4-945f-3412ec2db685 internalUser372
16:20:55.672 [Test worker] DEBUG tourGuide.service.TourGuideService - User : 050d8c95-e9e3-4371-9d7c-4a549474c619 internalUser373
16:20:55.672 [Test worker] DEBUG tourGuide.service.TourGuideService - User : 6ec0748e-9fc8-421e-8a5d-d05a1f47a68f internalUser374
16:20:55.672 [Test worker] DEBUG tourGuide.service.TourGuideService - User : 55d86cd0-32be-4b00-888c-ae12053d5f42 internalUser375
16:20:55.672 [Test worker] DEBUG tourGuide.service.TourGuideService - User : 31eff80d-7077-425b-91d8-c68ad6931481 internalUser376
16:20:55.672 [Test worker] DEBUG tourGuide.service.TourGuideService - User : a2fb32a9-7d8a-462e-b501-4b44c68cc55a internalUser377
16:20:55.672 [Test worker] DEBUG tourGuide.service.TourGuideService - User : 58441ea5-2075-4205-a769-cffa98f5d981 internalUser378
16:20:55.672 [Test worker] DEBUG tourGuide.service.TourGuideService - User : 4647fb69-b6b8-4a68-9fca-f04a96a6a76f internalUser379
16:20:55.672 [Test worker] DEBUG tourGuide.service.TourGuideService - User : 45dd6d8f-e2ed-4738-9f4b-a574fb119538 internalUser380
16:20:55.672 [Test worker] DEBUG tourGuide.service.TourGuideService - User : 3f5cc452-fae7-4954-a8a0-f93e2a925177 internalUser381
16:20:55.672 [Test worker] DEBUG tourGuide.service.TourGuideService - User : 1f2e061d-1b91-45ff-a68e-89ef493cacaf internalUser382
16:20:55.672 [Test worker] DEBUG tourGuide.service.TourGuideService - User : 5d264a1c-8414-43e9-a2f5-4087d48a8772 internalUser383
16:20:55.680 [Test worker] DEBUG tourGuide.service.TourGuideService - User : e8ab3c39-0915-4dab-90e7-ab585897479c internalUser384
16:20:55.682 [Test worker] DEBUG tourGuide.service.TourGuideService - User : 4542a4dc-4118-4afe-a56a-589a652072b5 internalUser385
16:20:55.682 [Test worker] DEBUG tourGuide.service.TourGuideService - User : 51fe4e1f-31d6-4b8d-9277-2daef986c8a0 internalUser386
16:20:55.682 [Test worker] DEBUG tourGuide.service.TourGuideService - User : d77e05d1-4ffa-4f8a-8106-6f5f180123f8 internalUser387
16:20:55.682 [Test worker] DEBUG tourGuide.service.TourGuideService - User : 124acf00-2437-4e90-a30c-050cb81e11af internalUser388
16:20:55.682 [Test worker] DEBUG tourGuide.service.TourGuideService - User : bbfdcf19-7e6b-4351-a192-4cb94d1bb2bc internalUser389
16:20:55.682 [Test worker] DEBUG tourGuide.service.TourGuideService - User : 8139f0c7-a954-41ac-b3e7-07c50fa7863c internalUser390
16:20:55.682 [Test worker] DEBUG tourGuide.service.TourGuideService - User : 2593f1ea-3611-4bde-a95d-09c086522cec internalUser391
16:20:55.682 [Test worker] DEBUG tourGuide.service.TourGuideService - User : 93976f2d-52b0-4695-b601-f15ea28a7be7 internalUser392
16:20:55.682 [Test worker] DEBUG tourGuide.service.TourGuideService - User : d6536230-6a2e-4554-9b25-29d4c39d3d7e internalUser393
16:20:55.682 [Test worker] DEBUG tourGuide.service.TourGuideService - User : 406c7446-2af6-482a-a266-0b69a2fe4bc8 internalUser394
16:20:55.682 [Test worker] DEBUG tourGuide.service.TourGuideService - User : 0521902b-ac73-4cc7-bf38-576c8774eb99 internalUser395
16:20:55.682 [Test worker] DEBUG tourGuide.service.TourGuideService - User : 604515cb-34a3-43b3-8955-3618c5c8b337 internalUser396
16:20:55.682 [Test worker] DEBUG tourGuide.service.TourGuideService - User : 9865051e-c99f-43fb-aedd-1d451b05af3d internalUser397
16:20:55.682 [Test worker] DEBUG tourGuide.service.TourGuideService - User : a3080be5-87d5-4f70-9d0b-2568fc33d1b1 internalUser398
16:20:55.682 [Test worker] DEBUG tourGuide.service.TourGuideService - User : c0e80da6-9fe3-4df2-89ba-d363ce37cc68 internalUser399
16:20:55.682 [Test worker] DEBUG tourGuide.service.TourGuideService - User : f3ff80d2-589f-4f47-808b-c62fdc025859 internalUser400
16:20:55.682 [Test worker] DEBUG tourGuide.service.TourGuideService - User : 8a724572-3601-4b1c-91e9-c91a14e46f3f internalUser401
16:20:55.682 [Test worker] DEBUG tourGuide.service.TourGuideService - User : 3620ec89-e362-43b6-ad79-2e19f4ac3ab4 internalUser402
16:20:55.682 [Test worker] DEBUG tourGuide.service.TourGuideService - User : f03a511a-532e-4a0f-9577-f83aaa18a2bd internalUser403
16:20:55.682 [Test worker] DEBUG tourGuide.service.TourGuideService - User : e9b0e167-9a00-4dc2-a330-90bdacb979ff internalUser404
16:20:55.682 [Test worker] DEBUG tourGuide.service.TourGuideService - User : bc379cb2-6dba-450e-9d15-e90d3081931e internalUser405
16:20:55.682 [Test worker] DEBUG tourGuide.service.TourGuideService - User : fd9a4c87-ef29-412e-a92c-7fde301e9bb3 internalUser406
16:20:55.682 [Test worker] DEBUG tourGuide.service.TourGuideService - User : c09c529e-124f-425b-8869-f544a35ae9d7 internalUser407
16:20:55.682 [Test worker] DEBUG tourGuide.service.TourGuideService - User : 69cf1d28-66d7-4fc8-824c-37f9e2c0d50a internalUser408
16:20:55.682 [Test worker] DEBUG tourGuide.service.TourGuideService - User : 70793e97-a089-4a8f-a1a1-da03fad40e55 internalUser409
16:20:55.682 [Test worker] DEBUG tourGuide.service.TourGuideService - User : d974eeb9-1ef7-4ac4-9e74-cc3009a70839 internalUser410
16:20:55.682 [Test worker] DEBUG tourGuide.service.TourGuideService - User : 734171c9-1444-4636-a393-99b336729ac4 internalUser411
16:20:55.682 [Test worker] DEBUG tourGuide.service.TourGuideService - User : fef1d44d-5ccb-439c-95c5-2d33b1ef15de internalUser412
16:20:55.682 [Test worker] DEBUG tourGuide.service.TourGuideService - User : c73d1e39-7f5e-4d1a-8c8f-3c9e59c9aab5 internalUser413
16:20:55.682 [Test worker] DEBUG tourGuide.service.TourGuideService - User : e4397699-817c-4717-82b0-c1c3119228c5 internalUser414
16:20:55.682 [Test worker] DEBUG tourGuide.service.TourGuideService - User : 285eaf18-2438-4358-a758-2b75d557f5b3 internalUser415
16:20:55.682 [Test worker] DEBUG tourGuide.service.TourGuideService - User : 488734ef-58d9-4a27-9b5b-1f7b052695c8 internalUser416
16:20:55.682 [Test worker] DEBUG tourGuide.service.TourGuideService - User : 4f1d5a0a-13d6-49bb-9a63-1759c7a30bf9 internalUser417
16:20:55.682 [Test worker] DEBUG tourGuide.service.TourGuideService - User : 277c7b68-d758-498f-ad3d-22c9ada303ea internalUser418
16:20:55.682 [Test worker] DEBUG tourGuide.service.TourGuideService - User : 12f86beb-1b08-4de1-94f2-f12ae7aec6a9 internalUser419
16:20:55.682 [Test worker] DEBUG tourGuide.service.TourGuideService - User : 0f8f3ffd-2c6a-4de8-b34b-72312034c87f internalUser420
16:20:55.682 [Test worker] DEBUG tourGuide.service.TourGuideService - User : 71ce4ce1-a1b6-457c-9692-44e430a5c64c internalUser421
16:20:55.682 [Test worker] DEBUG tourGuide.service.TourGuideService - User : 4a7d0860-7326-4ab1-9357-3dcdbab9704e internalUser422
16:20:55.682 [Test worker] DEBUG tourGuide.service.TourGuideService - User : 767664ad-921d-4bb4-9e14-5ff53f1dab08 internalUser423
16:20:55.682 [Test worker] DEBUG tourGuide.service.TourGuideService - User : d5f79df6-c0e9-4a75-bdf1-9b4cfb095dfd internalUser424
16:20:55.682 [Test worker] DEBUG tourGuide.service.TourGuideService - User : a840abeb-dd0c-446c-838e-3393fe907e2c internalUser425
16:20:55.682 [Test worker] DEBUG tourGuide.service.TourGuideService - User : d6dfcb6a-6c9c-42cb-981f-4dfc3f4e802b internalUser426
16:20:55.682 [Test worker] DEBUG tourGuide.service.TourGuideService - User : 385af8ff-d9e4-4864-952b-63ee8d111a16 internalUser427
16:20:55.682 [Test worker] DEBUG tourGuide.service.TourGuideService - User : b6be0fdf-1fb6-409e-b842-952924a0a2dc internalUser428
16:20:55.682 [Test worker] DEBUG tourGuide.service.TourGuideService - User : 108305cf-396f-4eb5-a919-14e503af9e50 internalUser429
16:20:55.682 [Test worker] DEBUG tourGuide.service.TourGuideService - User : 125ca0c5-09bc-470d-b92e-146b171f170d internalUser430
16:20:55.690 [Test worker] DEBUG tourGuide.service.TourGuideService - User : 69958dca-cd12-4a34-9e05-0ccd81449ec1 internalUser431
16:20:55.690 [Test worker] DEBUG tourGuide.service.TourGuideService - User : 5cb7fabd-e9e3-4651-bc26-2edd5018bd3d internalUser432
16:20:55.690 [Test worker] DEBUG tourGuide.service.TourGuideService - User : a83f3291-fbd7-465c-97d5-7b71d3013c85 internalUser433
16:20:55.690 [Test worker] DEBUG tourGuide.service.TourGuideService - User : b70069d1-aa0d-431d-a238-abf8efc36f49 internalUser434
16:20:55.690 [Test worker] DEBUG tourGuide.service.TourGuideService - User : 800c7514-ffd7-48d0-8f00-f12552d60986 internalUser435
16:20:55.690 [Test worker] DEBUG tourGuide.service.TourGuideService - User : 93d8c445-0601-406b-bd0e-1ab8712fb1b2 internalUser436
16:20:55.692 [Test worker] DEBUG tourGuide.service.TourGuideService - User : c97b840c-c595-4cbe-944c-fa09905c5071 internalUser437
16:20:55.692 [Test worker] DEBUG tourGuide.service.TourGuideService - User : 26d814b0-4bd1-49eb-9eaa-cc4fe4726f55 internalUser438
16:20:55.692 [Test worker] DEBUG tourGuide.service.TourGuideService - User : bedef292-dcfb-4691-83f0-263c5d7864a4 internalUser439
16:20:55.692 [Test worker] DEBUG tourGuide.service.TourGuideService - User : 20701a3b-1e62-427d-b80e-3b41b6cba9b9 internalUser440
16:20:55.692 [Test worker] DEBUG tourGuide.service.TourGuideService - User : 1ac7b067-ebe8-4f8b-a789-ca8ce2ab6207 internalUser441
16:20:55.692 [Test worker] DEBUG tourGuide.service.TourGuideService - User : 432ff001-24ce-4178-898a-f294bb1fc8f6 internalUser442
16:20:55.692 [Test worker] DEBUG tourGuide.service.TourGuideService - User : 415bff14-f272-4b7e-971a-e55d02020112 internalUser443
16:20:55.692 [Test worker] DEBUG tourGuide.service.TourGuideService - User : eb66bc5a-7766-4029-8dd3-ec06c3184a73 internalUser444
16:20:55.692 [Test worker] DEBUG tourGuide.service.TourGuideService - User : 3f4c6c98-03c5-4b2e-8b64-0e69e6054c45 internalUser445
16:20:55.692 [Test worker] DEBUG tourGuide.service.TourGuideService - User : 3c4e9de6-cc2c-42e4-b5a8-4e9f85fa746b internalUser446
16:20:55.692 [Test worker] DEBUG tourGuide.service.TourGuideService - User : 44ff3b62-6f26-4692-9821-0bcf096647af internalUser447
16:20:55.692 [Test worker] DEBUG tourGuide.service.TourGuideService - User : a606422d-aae0-43a5-908e-83a158460868 internalUser448
16:20:55.692 [Test worker] DEBUG tourGuide.service.TourGuideService - User : 338963e0-f120-4021-9244-dd333e9762ae internalUser449
16:20:55.692 [Test worker] DEBUG tourGuide.service.TourGuideService - User : fd42ab39-244e-4f8e-9832-6c8150eae830 internalUser450
16:20:55.692 [Test worker] DEBUG tourGuide.service.TourGuideService - User : 7612a98e-8022-45d4-8d89-744ef9fefbf6 internalUser451
16:20:55.692 [Test worker] DEBUG tourGuide.service.TourGuideService - User : 485d1e40-0e61-4d65-890f-d741d82ea6e8 internalUser452
16:20:55.692 [Test worker] DEBUG tourGuide.service.TourGuideService - User : eacf84ac-45f1-4acf-b531-a49376525bf7 internalUser453
16:20:55.692 [Test worker] DEBUG tourGuide.service.TourGuideService - User : b8c6d037-6fda-4c7b-9fff-57f0251ac488 internalUser454
16:20:55.692 [Test worker] DEBUG tourGuide.service.TourGuideService - User : de7ed279-2537-4e37-9696-e23aee1d9033 internalUser455
16:20:55.692 [Test worker] DEBUG tourGuide.service.TourGuideService - User : 6f542e50-5b07-4bb8-a12d-895a0d0c537f internalUser456
16:20:55.692 [Test worker] DEBUG tourGuide.service.TourGuideService - User : b938e9f4-d1a0-4804-a1f9-86b6cd20a6c2 internalUser457
16:20:55.692 [Test worker] DEBUG tourGuide.service.TourGuideService - User : e083f825-0f76-4b63-9f49-f0403171444f internalUser458
16:20:55.692 [Test worker] DEBUG tourGuide.service.TourGuideService - User : 167a1abc-3e7b-4a58-9d10-03e42a22a4ad internalUser459
16:20:55.692 [Test worker] DEBUG tourGuide.service.TourGuideService - User : dc71a453-5331-4957-a316-408d7d26a536 internalUser460
16:20:55.692 [Test worker] DEBUG tourGuide.service.TourGuideService - User : 616a1681-66cf-42f3-abdc-0af1995bd078 internalUser461
16:20:55.692 [Test worker] DEBUG tourGuide.service.TourGuideService - User : 18889a69-bcaf-446c-9aa4-04a004ee96d4 internalUser462
16:20:55.692 [Test worker] DEBUG tourGuide.service.TourGuideService - User : 72ea75b1-0866-482a-a427-e67a5c1f8e32 internalUser463
16:20:55.692 [Test worker] DEBUG tourGuide.service.TourGuideService - User : 45d81bac-682e-4d36-b6e9-5b9c38e19089 internalUser464
16:20:55.692 [Test worker] DEBUG tourGuide.service.TourGuideService - User : 885a30f7-4073-42aa-8d0b-edbacddd7e4d internalUser465
16:20:55.692 [Test worker] DEBUG tourGuide.service.TourGuideService - User : bafd6573-2bc2-497d-a978-c04cbcc57a00 internalUser466
16:20:55.692 [Test worker] DEBUG tourGuide.service.TourGuideService - User : c18001ee-ae46-414b-8034-4d12b0f10fbf internalUser467
16:20:55.692 [Test worker] DEBUG tourGuide.service.TourGuideService - User : 00d074d9-55ac-4bee-8774-8289541d2908 internalUser468
16:20:55.692 [Test worker] DEBUG tourGuide.service.TourGuideService - User : 21db7f94-b136-4dc9-b9f1-14b516c00466 internalUser469
16:20:55.692 [Test worker] DEBUG tourGuide.service.TourGuideService - User : f04c318c-9a11-497e-9e99-4d6421b56c52 internalUser470
16:20:55.692 [Test worker] DEBUG tourGuide.service.TourGuideService - User : faffc34b-2c9d-4b0b-92aa-d038da7c3c30 internalUser471
16:20:55.692 [Test worker] DEBUG tourGuide.service.TourGuideService - User : 757217d3-87ec-4c99-bea6-2d0b0f0adc3d internalUser472
16:20:55.692 [Test worker] DEBUG tourGuide.service.TourGuideService - User : 3b2d7425-c45c-4cd0-9a27-5af68a37f446 internalUser473
16:20:55.692 [Test worker] DEBUG tourGuide.service.TourGuideService - User : 51b935b3-1f96-4f47-8469-a9ce28b011ce internalUser474
16:20:55.692 [Test worker] DEBUG tourGuide.service.TourGuideService - User : 566de5f9-ac1b-4d43-9d30-10dfe8adfd9a internalUser475
16:20:55.700 [Test worker] DEBUG tourGuide.service.TourGuideService - User : cef27e3a-6b68-4021-a556-32c201bc9085 internalUser476
16:20:55.700 [Test worker] DEBUG tourGuide.service.TourGuideService - User : 7fbde564-1f95-4bda-92a0-9d179db57d38 internalUser477
16:20:55.700 [Test worker] DEBUG tourGuide.service.TourGuideService - User : ed70a686-adb6-4856-8297-a8ca8544cc50 internalUser478
16:20:55.700 [Test worker] DEBUG tourGuide.service.TourGuideService - User : acd54c93-be0a-40c5-9181-38a9d7085053 internalUser479
16:20:55.700 [Test worker] DEBUG tourGuide.service.TourGuideService - User : ceaf4529-9cc8-4223-938b-c7ed5314458d internalUser480
16:20:55.700 [Test worker] DEBUG tourGuide.service.TourGuideService - User : 63b5326c-c6c9-49bb-916c-390ed759732b internalUser481
16:20:55.700 [Test worker] DEBUG tourGuide.service.TourGuideService - User : c9a94872-ef83-4ab6-b8e7-d0e7308e7d37 internalUser482
16:20:55.700 [Test worker] DEBUG tourGuide.service.TourGuideService - User : 5372faf2-ee03-4841-8be9-dc7601e97058 internalUser483
16:20:55.700 [Test worker] DEBUG tourGuide.service.TourGuideService - User : e66d5502-dbab-467b-94f2-391b1fe790f6 internalUser484
16:20:55.700 [Test worker] DEBUG tourGuide.service.TourGuideService - User : c5a5d5f8-3171-44c9-a7c1-1991d1ccd804 internalUser485
16:20:55.702 [Test worker] DEBUG tourGuide.service.TourGuideService - User : 26dc5b3b-0358-4e5b-b7a1-2b798a6979e7 internalUser486
16:20:55.702 [Test worker] DEBUG tourGuide.service.TourGuideService - User : 8623b158-4c74-4b00-8949-d76bf857f430 internalUser487
16:20:55.702 [Test worker] DEBUG tourGuide.service.TourGuideService - User : 073d4d72-11d2-46e8-82dd-78e4ee6ab497 internalUser488
16:20:55.702 [Test worker] DEBUG tourGuide.service.TourGuideService - User : d5a07074-ceb7-4ddd-8928-e73d770b3ec7 internalUser489
16:20:55.702 [Test worker] DEBUG tourGuide.service.TourGuideService - User : 6ef8768f-1a7a-4afc-86e9-e9b711549f70 internalUser490
16:20:55.702 [Test worker] DEBUG tourGuide.service.TourGuideService - User : b77e94c1-3e24-40ec-a4d3-6731ea9196f3 internalUser491
16:20:55.702 [Test worker] DEBUG tourGuide.service.TourGuideService - User : 7c6dccf4-614c-4730-acfa-6bdc2fe6be66 internalUser492
16:20:55.702 [Test worker] DEBUG tourGuide.service.TourGuideService - User : e94573ec-6a0b-460d-bfc3-d1ce3e30413e internalUser493
16:20:55.702 [Test worker] DEBUG tourGuide.service.TourGuideService - User : 9cae59ff-6362-49db-9afe-1b2fa53057ed internalUser494
16:20:55.702 [Test worker] DEBUG tourGuide.service.TourGuideService - User : 99d2d6c4-f9f9-40c3-ae5f-56b34cd3be7c internalUser495
16:20:55.702 [Test worker] DEBUG tourGuide.service.TourGuideService - User : ffe54cab-bc90-4861-952e-515a9e94e0cf internalUser496
16:20:55.702 [Test worker] DEBUG tourGuide.service.TourGuideService - User : 9ce54995-1be1-4a54-9250-97aed6a106cf internalUser497
16:20:55.702 [Test worker] DEBUG tourGuide.service.TourGuideService - User : 059d0eb0-00c9-486f-a762-9471b1ef1b04 internalUser498
16:20:55.702 [Test worker] DEBUG tourGuide.service.TourGuideService - User : ca4d6e89-44c3-45d4-8ddb-547a55325654 internalUser499
16:20:55.702 [Test worker] DEBUG tourGuide.service.TourGuideService - User : f226748e-2ba5-4fb6-b0f6-4549a6e72f3b internalUser500
16:20:55.702 [Test worker] DEBUG tourGuide.service.TourGuideService - User : 14758a2f-2cf6-42a8-b4d9-f52b0f27d72a internalUser501
16:20:55.702 [Test worker] DEBUG tourGuide.service.TourGuideService - User : 02ea6683-dcf7-40df-a914-c892b00de6fd internalUser502
16:20:55.702 [Test worker] DEBUG tourGuide.service.TourGuideService - User : 3d191f7f-e834-4c5d-b364-d9d11dd85130 internalUser503
16:20:55.702 [Test worker] DEBUG tourGuide.service.TourGuideService - User : f1a7927c-92e7-43ca-869d-2b5b8c81fc9f internalUser504
16:20:55.702 [Test worker] DEBUG tourGuide.service.TourGuideService - User : 861a2806-6964-46bf-9455-7524f487eefb internalUser505
16:20:55.702 [Test worker] DEBUG tourGuide.service.TourGuideService - User : 0ee5898e-bb7e-47e4-a834-3bf572dc5a6e internalUser506
16:20:55.702 [Test worker] DEBUG tourGuide.service.TourGuideService - User : fe6397ea-347a-4ede-8eca-617d184c8339 internalUser507
16:20:55.702 [Test worker] DEBUG tourGuide.service.TourGuideService - User : 34655f29-24af-4c4e-b71d-00e6557bbbc1 internalUser508
16:20:55.702 [Test worker] DEBUG tourGuide.service.TourGuideService - User : 235f733f-5538-430e-981a-c98136fd19fa internalUser509
16:20:55.702 [Test worker] DEBUG tourGuide.service.TourGuideService - User : 2c438358-4d58-49eb-88fa-43a0aa31ceb4 internalUser510
16:20:55.702 [Test worker] DEBUG tourGuide.service.TourGuideService - User : 75acba58-7bd7-4b7d-ad4b-83fc91e91c44 internalUser511
16:20:55.702 [Test worker] DEBUG tourGuide.service.TourGuideService - User : fd2514f0-25f9-44c1-9fff-8445d7e767db internalUser512
16:20:55.702 [Test worker] DEBUG tourGuide.service.TourGuideService - User : 7185f840-6c4c-4c9f-90ca-579aec8b25f5 internalUser513
16:20:55.702 [Test worker] DEBUG tourGuide.service.TourGuideService - User : 16eb5f22-af06-4775-bc96-d4c84474e22e internalUser514
16:20:55.702 [Test worker] DEBUG tourGuide.service.TourGuideService - User : 434d5b94-42e5-4b0d-97e6-8d1859e454c7 internalUser515
16:20:55.702 [Test worker] DEBUG tourGuide.service.TourGuideService - User : 10727b3a-1ce4-4a1a-8501-8d96e93d06ee internalUser516
16:20:55.702 [Test worker] DEBUG tourGuide.service.TourGuideService - User : 15580a58-28e1-4de9-ac59-4aaf1bcb1238 internalUser517
16:20:55.710 [Test worker] DEBUG tourGuide.service.TourGuideService - User : c3a4e6ad-c371-4dac-836f-bd5050a6e977 internalUser518
16:20:55.710 [Test worker] DEBUG tourGuide.service.TourGuideService - User : 9c51611b-098f-4667-8ac1-15a00f96cf5b internalUser519
16:20:55.710 [Test worker] DEBUG tourGuide.service.TourGuideService - User : 005e645d-3736-43dd-a123-6af2aa7149ac internalUser520
16:20:55.710 [Test worker] DEBUG tourGuide.service.TourGuideService - User : f975e416-2f5d-4dd1-8de2-058d46e1555d internalUser521
16:20:55.710 [Test worker] DEBUG tourGuide.service.TourGuideService - User : 6208058a-4f6c-446b-93ff-09456dab02a6 internalUser522
16:20:55.710 [Test worker] DEBUG tourGuide.service.TourGuideService - User : ae7a751d-1b31-4ed9-8d35-20646c39e5a7 internalUser523
16:20:55.710 [Test worker] DEBUG tourGuide.service.TourGuideService - User : b3d55adb-870b-4c06-a73b-c36677beeffc internalUser524
16:20:55.710 [Test worker] DEBUG tourGuide.service.TourGuideService - User : f7bd6315-b5a9-40bd-8e15-5173edd3b85e internalUser525
16:20:55.710 [Test worker] DEBUG tourGuide.service.TourGuideService - User : 6650e142-84f9-4505-9fa5-1861dad2749f internalUser526
16:20:55.710 [Test worker] DEBUG tourGuide.service.TourGuideService - User : 6b90ff44-e58c-4ffd-8859-44af6304ac8a internalUser527
16:20:55.712 [Test worker] DEBUG tourGuide.service.TourGuideService - User : 9a9977d8-5a36-45b1-b0c6-7aeebd21ddd2 internalUser528
16:20:55.712 [Test worker] DEBUG tourGuide.service.TourGuideService - User : afe12726-3410-49e8-ae5b-7e6bd0b103e0 internalUser529
16:20:55.712 [Test worker] DEBUG tourGuide.service.TourGuideService - User : 60d2d88d-e7d6-4687-93de-a3b07059ccde internalUser530
16:20:55.712 [Test worker] DEBUG tourGuide.service.TourGuideService - User : 059d865f-425d-4f58-9718-6d54bdd8a351 internalUser531
16:20:55.712 [Test worker] DEBUG tourGuide.service.TourGuideService - User : 430990b3-d833-4892-8b9f-7f9414d9a690 internalUser532
16:20:55.712 [Test worker] DEBUG tourGuide.service.TourGuideService - User : 62f2da8e-95ff-4c92-b9e1-58dc47a67a9d internalUser533
16:20:55.712 [Test worker] DEBUG tourGuide.service.TourGuideService - User : aee57087-b0b7-472f-b5b3-85810ca94e5a internalUser534
16:20:55.712 [Test worker] DEBUG tourGuide.service.TourGuideService - User : edde4dc1-55f8-4476-aa97-752e595ad541 internalUser535
16:20:55.712 [Test worker] DEBUG tourGuide.service.TourGuideService - User : 36bd7bab-df37-4190-be8d-b64cab525349 internalUser536
16:20:55.712 [Test worker] DEBUG tourGuide.service.TourGuideService - User : 482600fe-4115-4934-a978-4376f893ddc6 internalUser537
16:20:55.712 [Test worker] DEBUG tourGuide.service.TourGuideService - User : 7df8b8b5-a781-4caf-9d47-b885baea87fa internalUser538
16:20:55.712 [Test worker] DEBUG tourGuide.service.TourGuideService - User : f29bc262-b565-402c-9dc0-d0db9910c7a3 internalUser539
16:20:55.712 [Test worker] DEBUG tourGuide.service.TourGuideService - User : c30816a1-3e25-4afc-b724-537abc34c793 internalUser540
16:20:55.712 [Test worker] DEBUG tourGuide.service.TourGuideService - User : 4599a0af-58df-4d3a-9f90-9cca5bdb7337 internalUser541
16:20:55.712 [Test worker] DEBUG tourGuide.service.TourGuideService - User : aa77395a-4c62-4774-8fac-093b6c13058e internalUser542
16:20:55.712 [Test worker] DEBUG tourGuide.service.TourGuideService - User : 47066ac7-ba82-415e-b8d2-24e7d6765c03 internalUser543
16:20:55.712 [Test worker] DEBUG tourGuide.service.TourGuideService - User : 2c9d384f-525e-4807-8447-bdb8830bec23 internalUser544
16:20:55.712 [Test worker] DEBUG tourGuide.service.TourGuideService - User : d7d84607-1556-48f0-b193-370e1f91320e internalUser545
16:20:55.712 [Test worker] DEBUG tourGuide.service.TourGuideService - User : 9ca6f776-486e-4c49-8008-41dade9d7f79 internalUser546
16:20:55.712 [Test worker] DEBUG tourGuide.service.TourGuideService - User : 2eaafb8f-cdb8-432e-879c-2eb1f57dc317 internalUser547
16:20:55.712 [Test worker] DEBUG tourGuide.service.TourGuideService - User : 51915931-fca9-4a37-b8fa-ebdbba87a0f6 internalUser548
16:20:55.712 [Test worker] DEBUG tourGuide.service.TourGuideService - User : c4f8efbf-8be8-40e5-9786-f6ef2c3c5845 internalUser549
16:20:55.712 [Test worker] DEBUG tourGuide.service.TourGuideService - User : 7a3dc19a-e9c4-458c-9993-9ac6aad05618 internalUser550
16:20:55.712 [Test worker] DEBUG tourGuide.service.TourGuideService - User : 2ba13589-8908-4c9d-ab13-1b590a7d0e43 internalUser551
16:20:55.712 [Test worker] DEBUG tourGuide.service.TourGuideService - User : 9a8e20cc-5ba1-4676-aee4-562aa4d96422 internalUser552
16:20:55.712 [Test worker] DEBUG tourGuide.service.TourGuideService - User : b9fad3fe-433b-4182-a712-d6daa6cadcad internalUser553
16:20:55.712 [Test worker] DEBUG tourGuide.service.TourGuideService - User : 6e2e4a0a-c76a-4161-bdf0-aceb0e225317 internalUser554
16:20:55.712 [Test worker] DEBUG tourGuide.service.TourGuideService - User : ea416459-013b-4c94-904d-f12925e07304 internalUser555
16:20:55.712 [Test worker] DEBUG tourGuide.service.TourGuideService - User : 31253142-2476-4ac1-8676-86cf5304d6b0 internalUser556
16:20:55.712 [Test worker] DEBUG tourGuide.service.TourGuideService - User : c27295f6-dfc2-4f5d-a3a6-bdadc987dcd2 internalUser557
16:20:55.712 [Test worker] DEBUG tourGuide.service.TourGuideService - User : cb8f0993-109b-4a7c-b242-3340479f5763 internalUser558
16:20:55.712 [Test worker] DEBUG tourGuide.service.TourGuideService - User : d4b6bdf9-8385-4d8b-b204-2a14d5af6431 internalUser559
16:20:55.712 [Test worker] DEBUG tourGuide.service.TourGuideService - User : 1c781f03-ef49-4705-b69e-69eebd823caa internalUser560
16:20:55.712 [Test worker] DEBUG tourGuide.service.TourGuideService - User : 7bc0be53-ff5a-4a91-ab7e-2ff040daebeb internalUser561
16:20:55.712 [Test worker] DEBUG tourGuide.service.TourGuideService - User : 08167335-ea6a-4468-8d0d-839d11998864 internalUser562
16:20:55.712 [Test worker] DEBUG tourGuide.service.TourGuideService - User : 52bcd509-a503-48ec-abcc-8c245c6dbcd2 internalUser563
16:20:55.712 [Test worker] DEBUG tourGuide.service.TourGuideService - User : f1200248-fa07-437c-84a8-70940fd5f005 internalUser564
16:20:55.712 [Test worker] DEBUG tourGuide.service.TourGuideService - User : d0f3efaf-69e8-4ff3-ade5-0da137bc0d85 internalUser565
16:20:55.712 [Test worker] DEBUG tourGuide.service.TourGuideService - User : 2a1c0c8f-6a8d-40ce-9ec9-2aa7ffd6c309 internalUser566
16:20:55.712 [Test worker] DEBUG tourGuide.service.TourGuideService - User : 17c340b4-1cc2-4cd5-b6c2-db9837528df0 internalUser567
16:20:55.712 [Test worker] DEBUG tourGuide.service.TourGuideService - User : ade9a753-6764-4e9c-a46e-8cc45274de2e internalUser568
16:20:55.712 [Test worker] DEBUG tourGuide.service.TourGuideService - User : 39fe2a36-b4ed-470b-b7f4-079742abd333 internalUser569
16:20:55.722 [Test worker] DEBUG tourGuide.service.TourGuideService - User : 8121b835-bbfa-452c-98de-ffd5bb4e9ad9 internalUser570
16:20:55.722 [Test worker] DEBUG tourGuide.service.TourGuideService - User : e418c014-4898-46a2-b29a-e0a517e9263a internalUser571
16:20:55.722 [Test worker] DEBUG tourGuide.service.TourGuideService - User : 9e504d94-7d87-4c4f-97d7-f51d7e68c6b2 internalUser572
16:20:55.722 [Test worker] DEBUG tourGuide.service.TourGuideService - User : 815e58f6-55a5-455b-9989-3a00d6e7ea60 internalUser573
16:20:55.722 [Test worker] DEBUG tourGuide.service.TourGuideService - User : 2310a8b8-f5d1-4722-87a8-ca74684409e6 internalUser574
16:20:55.722 [Test worker] DEBUG tourGuide.service.TourGuideService - User : 80d55499-9ae5-43e5-8b26-f34a65932d79 internalUser575
16:20:55.732 [Test worker] DEBUG tourGuide.service.TourGuideService - User : 5d0a4ad2-ab84-49fb-9e8c-8812757611cb internalUser576
16:20:55.732 [Test worker] DEBUG tourGuide.service.TourGuideService - User : 0a9b03e1-79fb-4902-ac4f-e51cef5e3d17 internalUser577
16:20:55.732 [Test worker] DEBUG tourGuide.service.TourGuideService - User : f7faf383-f0fb-4ad4-97bb-f701ae2f80ce internalUser578
16:20:55.740 [Test worker] DEBUG tourGuide.service.TourGuideService - User : 047d2b34-9133-4bef-ab91-8d2f60a84ee1 internalUser579
16:20:55.740 [Test worker] DEBUG tourGuide.service.TourGuideService - User : 20370a38-a51a-439d-aebb-db497bfcdadf internalUser580
16:20:55.740 [Test worker] DEBUG tourGuide.service.TourGuideService - User : f5b1377c-71ce-422c-917c-f3b7b2e79e52 internalUser581
16:20:55.740 [Test worker] DEBUG tourGuide.service.TourGuideService - User : 8793f846-bd7b-4470-8e3f-0ba1e5b69ca6 internalUser582
16:20:55.742 [Test worker] DEBUG tourGuide.service.TourGuideService - User : b31b6a2f-adaa-4c2e-8e3d-9c62a2a7b595 internalUser583
16:20:55.742 [Test worker] DEBUG tourGuide.service.TourGuideService - User : 5094ee82-31f7-4078-a8c4-6af09978d0f8 internalUser584
16:20:55.742 [Test worker] DEBUG tourGuide.service.TourGuideService - User : 73c05839-f062-46bd-a299-3cbda98c0623 internalUser585
16:20:55.742 [Test worker] DEBUG tourGuide.service.TourGuideService - User : ae39e368-a86f-4ff8-b9a2-31383cfabcd4 internalUser586
16:20:55.742 [Test worker] DEBUG tourGuide.service.TourGuideService - User : 64175464-d54a-4609-88fa-7226630b6464 internalUser587
16:20:55.742 [Test worker] DEBUG tourGuide.service.TourGuideService - User : 8722786b-4e30-4b96-9897-d59a37428e5b internalUser588
16:20:55.742 [Test worker] DEBUG tourGuide.service.TourGuideService - User : 187709af-9df6-48de-a283-e546f985e9ea internalUser589
16:20:55.742 [Test worker] DEBUG tourGuide.service.TourGuideService - User : 8f30f8d4-7e33-435a-8f3f-7e2fa16a6849 internalUser590
16:20:55.742 [Test worker] DEBUG tourGuide.service.TourGuideService - User : fdfaff50-61ff-4d2c-8536-9e6c2dc0ff8d internalUser591
16:20:55.742 [Test worker] DEBUG tourGuide.service.TourGuideService - User : bcf684c1-76fc-4079-9550-fb4ebcea903d internalUser592
16:20:55.742 [Test worker] DEBUG tourGuide.service.TourGuideService - User : 489b2350-4906-4352-b046-706ebf1e16d7 internalUser593
16:20:55.742 [Test worker] DEBUG tourGuide.service.TourGuideService - User : 9477e3c6-4a42-4c73-aab3-d3e22bde7ff7 internalUser594
16:20:55.742 [Test worker] DEBUG tourGuide.service.TourGuideService - User : 67133211-9a8e-47f8-86c8-39655aed88c5 internalUser595
16:20:55.742 [Test worker] DEBUG tourGuide.service.TourGuideService - User : d8cbdf0c-5a8e-4afe-bc4d-a67a2041aa63 internalUser596
16:20:55.742 [Test worker] DEBUG tourGuide.service.TourGuideService - User : 44588d5c-c2eb-425d-9a87-b1a1977f75ea internalUser597
16:20:55.742 [Test worker] DEBUG tourGuide.service.TourGuideService - User : 2b0e6260-be37-4043-bc15-aa857f18a974 internalUser598
16:20:55.742 [Test worker] DEBUG tourGuide.service.TourGuideService - User : f6694d62-ff50-4ca8-a125-c8f9723d5a15 internalUser599
16:20:55.742 [Test worker] DEBUG tourGuide.service.TourGuideService - User : e9323bab-0437-4d95-867e-ffb71ae673e9 internalUser600
16:20:55.742 [Test worker] DEBUG tourGuide.service.TourGuideService - User : 5e610e9d-5f03-4481-9951-27374f0f265a internalUser601
16:20:55.742 [Test worker] DEBUG tourGuide.service.TourGuideService - User : 401c2f57-db36-4eee-9dd2-fad86fd503ff internalUser602
16:20:55.742 [Test worker] DEBUG tourGuide.service.TourGuideService - User : cd4fda52-0183-4c5b-8c88-cb300a56fb9f internalUser603
16:20:55.742 [Test worker] DEBUG tourGuide.service.TourGuideService - User : 6ddc4ce1-b822-46bc-8df3-9577bea87559 internalUser604
16:20:55.742 [Test worker] DEBUG tourGuide.service.TourGuideService - User : 3862ff85-34bf-4aa7-990a-a1699dd0a51d internalUser605
16:20:55.742 [Test worker] DEBUG tourGuide.service.TourGuideService - User : a9b31976-e709-4dd1-a9f0-9eaa56ecfed8 internalUser606
16:20:55.742 [Test worker] DEBUG tourGuide.service.TourGuideService - User : c167e33b-96a8-448d-8b25-0bdebc71e969 internalUser607
16:20:55.742 [Test worker] DEBUG tourGuide.service.TourGuideService - User : 11ecdbdf-92d8-4cba-9dcc-d0690d536852 internalUser608
16:20:55.742 [Test worker] DEBUG tourGuide.service.TourGuideService - User : 035fec5d-0cc6-40a4-aa6f-03aa11f7a329 internalUser609
16:20:55.742 [Test worker] DEBUG tourGuide.service.TourGuideService - User : 1aa0aed2-4e3a-4d30-878f-23c4a28fb0da internalUser610
16:20:55.742 [Test worker] DEBUG tourGuide.service.TourGuideService - User : d52860f7-e7e5-4993-8307-baee42cb6f82 internalUser611
16:20:55.742 [Test worker] DEBUG tourGuide.service.TourGuideService - User : d5d1bbf3-3020-4a6f-8ae8-d100dca0e171 internalUser612
16:20:55.742 [Test worker] DEBUG tourGuide.service.TourGuideService - User : 7431a3ed-7de1-414a-b537-177d18226d8e internalUser613
16:20:55.742 [Test worker] DEBUG tourGuide.service.TourGuideService - User : 44baa783-a844-4da8-968d-c13b35b6eec7 internalUser614
16:20:55.742 [Test worker] DEBUG tourGuide.service.TourGuideService - User : f17cb09a-ed40-48cf-80de-90bd50b55ebe internalUser615
16:20:55.742 [Test worker] DEBUG tourGuide.service.TourGuideService - User : 3369f9e0-3c7c-4ace-a69e-ebbdb21bd98e internalUser616
16:20:55.742 [Test worker] DEBUG tourGuide.service.TourGuideService - User : e2f77431-9563-44fc-9b51-334c296d3fd0 internalUser617
16:20:55.742 [Test worker] DEBUG tourGuide.service.TourGuideService - User : 9cf79b05-726b-47d1-b38b-bb8c814352ba internalUser618
16:20:55.742 [Test worker] DEBUG tourGuide.service.TourGuideService - User : abf3a648-cf17-4390-b955-b51124e23f51 internalUser619
16:20:55.742 [Test worker] DEBUG tourGuide.service.TourGuideService - User : 965509c0-34f3-4cf5-9e56-66179765358d internalUser620
16:20:55.742 [Test worker] DEBUG tourGuide.service.TourGuideService - User : 6c9be9f6-5119-42b0-bc55-3d945cba9877 internalUser621
16:20:55.742 [Test worker] DEBUG tourGuide.service.TourGuideService - User : 945c4c15-2622-46e6-99c3-de6bdd9333a9 internalUser622
16:20:55.750 [Test worker] DEBUG tourGuide.service.TourGuideService - User : 546f972d-3519-4331-bfcb-a3b0b6c46770 internalUser623
16:20:55.750 [Test worker] DEBUG tourGuide.service.TourGuideService - User : e814ffea-e9b1-42b6-9e1a-31a0ead13d45 internalUser624
16:20:55.750 [Test worker] DEBUG tourGuide.service.TourGuideService - User : 72088fe7-166f-49b1-b44a-e4d12e1c456a internalUser625
16:20:55.750 [Test worker] DEBUG tourGuide.service.TourGuideService - User : 8d2ada54-f65a-48c0-abb4-9da03cdbb10b internalUser626
16:20:55.750 [Test worker] DEBUG tourGuide.service.TourGuideService - User : 68dd374f-b4dd-4a3e-aa33-468fe54e7ef0 internalUser627
16:20:55.750 [Test worker] DEBUG tourGuide.service.TourGuideService - User : c0ca923f-d088-4499-8b71-a617c779212a internalUser628
16:20:55.750 [Test worker] DEBUG tourGuide.service.TourGuideService - User : f889ec1a-059a-471a-9260-6e129cb14a3f internalUser629
16:20:55.750 [Test worker] DEBUG tourGuide.service.TourGuideService - User : c6a58add-a16b-48ea-9f67-57c5d56ffc30 internalUser630
16:20:55.750 [Test worker] DEBUG tourGuide.service.TourGuideService - User : ace3fc16-7734-490a-81eb-9e9bb5660981 internalUser631
16:20:55.750 [Test worker] DEBUG tourGuide.service.TourGuideService - User : d926d576-7070-4da3-8bd8-c2fa55637e5f internalUser632
16:20:55.750 [Test worker] DEBUG tourGuide.service.TourGuideService - User : ea35ac9a-dcd1-4e69-8a71-5f010383e423 internalUser633
16:20:55.752 [Test worker] DEBUG tourGuide.service.TourGuideService - User : 78ebdd04-e345-4798-a87b-f71c454c6740 internalUser634
16:20:55.752 [Test worker] DEBUG tourGuide.service.TourGuideService - User : be8d2aac-1fd7-4757-8387-17b3d0307a4d internalUser635
16:20:55.752 [Test worker] DEBUG tourGuide.service.TourGuideService - User : 4bb62cc5-faf5-4616-88b0-ca0ca761ba43 internalUser636
16:20:55.752 [Test worker] DEBUG tourGuide.service.TourGuideService - User : 39859ba0-bb1e-4cea-bb9a-54a5f06264b1 internalUser637
16:20:55.752 [Test worker] DEBUG tourGuide.service.TourGuideService - User : c67ad75b-0da9-4dd8-90bb-ed1f55d60777 internalUser638
16:20:55.752 [Test worker] DEBUG tourGuide.service.TourGuideService - User : b7bc2798-ac16-463d-a846-22579ef658c9 internalUser639
16:20:55.752 [Test worker] DEBUG tourGuide.service.TourGuideService - User : 580d3319-2b49-445f-af8d-7b5cfdaf35f4 internalUser640
16:20:55.752 [Test worker] DEBUG tourGuide.service.TourGuideService - User : 24d5e122-d930-47ce-8e8b-bb8ca5118915 internalUser641
16:20:55.752 [Test worker] DEBUG tourGuide.service.TourGuideService - User : fe4aba62-04da-4ee1-8c7b-b1b4261e3b10 internalUser642
16:20:55.752 [Test worker] DEBUG tourGuide.service.TourGuideService - User : bdbb9956-96ad-4576-a0ab-03a48f9f16a2 internalUser643
16:20:55.752 [Test worker] DEBUG tourGuide.service.TourGuideService - User : 2c065e5a-b855-4d7b-86a3-754dbc9e04c5 internalUser644
16:20:55.752 [Test worker] DEBUG tourGuide.service.TourGuideService - User : 4c63e58b-5aee-434f-90bb-3df23f20cbc4 internalUser645
16:20:55.752 [Test worker] DEBUG tourGuide.service.TourGuideService - User : 6589ca59-aa77-4b64-99d5-20d1e4b2f8c6 internalUser646
16:20:55.752 [Test worker] DEBUG tourGuide.service.TourGuideService - User : f654581f-7bd5-432b-815e-7fa32e2cdcec internalUser647
16:20:55.752 [Test worker] DEBUG tourGuide.service.TourGuideService - User : 41604896-edf3-42ac-9f4f-f4c3b0968f0a internalUser648
16:20:55.752 [Test worker] DEBUG tourGuide.service.TourGuideService - User : 6612350d-4895-4d08-8b6e-a3946e0eec11 internalUser649
16:20:55.752 [Test worker] DEBUG tourGuide.service.TourGuideService - User : 938d55f4-d3bf-4ab6-b9e0-cb5cf42eaa36 internalUser650
16:20:55.752 [Test worker] DEBUG tourGuide.service.TourGuideService - User : f6aac8fe-ae68-4eb4-ada1-ff588c6ee7a6 internalUser651
16:20:55.752 [Test worker] DEBUG tourGuide.service.TourGuideService - User : 30daf725-086d-40c9-8c2b-2bd04eb0e112 internalUser652
16:20:55.752 [Test worker] DEBUG tourGuide.service.TourGuideService - User : dfcb670b-8ac8-4104-82b5-79b99a61b3f7 internalUser653
16:20:55.752 [Test worker] DEBUG tourGuide.service.TourGuideService - User : bba0152f-61ab-4438-bfc1-e9317192935a internalUser654
16:20:55.752 [Test worker] DEBUG tourGuide.service.TourGuideService - User : 68e22d9d-5d28-41a1-88e1-339fd4cc6e32 internalUser655
16:20:55.752 [Test worker] DEBUG tourGuide.service.TourGuideService - User : d15d813f-e122-4ac8-a884-645cf16ca90d internalUser656
16:20:55.752 [Test worker] DEBUG tourGuide.service.TourGuideService - User : 2995da9b-402b-434e-a868-3b455f08e8c0 internalUser657
16:20:55.752 [Test worker] DEBUG tourGuide.service.TourGuideService - User : 69071cab-2490-433e-8d89-0baf913644a9 internalUser658
16:20:55.752 [Test worker] DEBUG tourGuide.service.TourGuideService - User : 7a60164b-1099-42fa-b7bd-92c36132896e internalUser659
16:20:55.752 [Test worker] DEBUG tourGuide.service.TourGuideService - User : a9b82fd6-e7b6-43ff-a51c-774ee6a858a0 internalUser660
16:20:55.752 [Test worker] DEBUG tourGuide.service.TourGuideService - User : 9f63d630-c8d6-4372-978e-9ef410220433 internalUser661
16:20:55.752 [Test worker] DEBUG tourGuide.service.TourGuideService - User : e0310ee8-5c41-4b92-8a0a-6f8a6562f870 internalUser662
16:20:55.752 [Test worker] DEBUG tourGuide.service.TourGuideService - User : dbb07af1-83b4-4923-b116-2cbf63304f59 internalUser663
16:20:55.752 [Test worker] DEBUG tourGuide.service.TourGuideService - User : 630116ba-15c7-4c5c-a5da-57cb3a93d3ff internalUser664
16:20:55.752 [Test worker] DEBUG tourGuide.service.TourGuideService - User : f5d13ff3-d87b-4015-97ab-c6e81d80b9ab internalUser665
16:20:55.752 [Test worker] DEBUG tourGuide.service.TourGuideService - User : 7ec13c8c-6cca-43d3-b364-37ddbdbf2cc7 internalUser666
16:20:55.752 [Test worker] DEBUG tourGuide.service.TourGuideService - User : 3037875d-7540-43c5-84ed-3f5680f29a6b internalUser667
16:20:55.752 [Test worker] DEBUG tourGuide.service.TourGuideService - User : 11f7cb7d-097c-4100-a2bc-0bed17c23d57 internalUser668
16:20:55.752 [Test worker] DEBUG tourGuide.service.TourGuideService - User : 48cbc6b2-d4da-4797-b0fd-9cc3f995b9f2 internalUser669
16:20:55.752 [Test worker] DEBUG tourGuide.service.TourGuideService - User : 2e158d49-62a8-4053-ab05-5fa4771d3083 internalUser670
16:20:55.752 [Test worker] DEBUG tourGuide.service.TourGuideService - User : 2f9e3d36-d7c1-41e9-867e-09b8bd79d6d0 internalUser671
16:20:55.752 [Test worker] DEBUG tourGuide.service.TourGuideService - User : 5d2d8b78-cc44-4047-b19a-85a0c6c85b3e internalUser672
16:20:55.752 [Test worker] DEBUG tourGuide.service.TourGuideService - User : 49152a0a-36fa-460e-ad8a-b311e006ac92 internalUser673
16:20:55.752 [Test worker] DEBUG tourGuide.service.TourGuideService - User : 7ef9104b-b316-4d2c-816d-ed686cb4966e internalUser674
16:20:55.752 [Test worker] DEBUG tourGuide.service.TourGuideService - User : 5ec1a080-7330-4436-b83f-432309b42c7d internalUser675
16:20:55.752 [Test worker] DEBUG tourGuide.service.TourGuideService - User : 0e4e46af-1289-46fd-87e2-4fa58bba9e1a internalUser676
16:20:55.752 [Test worker] DEBUG tourGuide.service.TourGuideService - User : 59a10e8d-d707-492a-a835-6cfe6f68c87a internalUser677
16:20:55.752 [Test worker] DEBUG tourGuide.service.TourGuideService - User : 1a3bc76c-74c4-44fa-be9b-ff8d9a7a18d6 internalUser678
16:20:55.760 [Test worker] DEBUG tourGuide.service.TourGuideService - User : ee0fc268-001c-4267-aa6f-36f0a87478c6 internalUser679
16:20:55.760 [Test worker] DEBUG tourGuide.service.TourGuideService - User : 86a9dc64-4b99-488b-baef-175203d99d7f internalUser680
16:20:55.760 [Test worker] DEBUG tourGuide.service.TourGuideService - User : 9f4c925c-37bf-4684-9387-d9ba06dc7e06 internalUser681
16:20:55.760 [Test worker] DEBUG tourGuide.service.TourGuideService - User : 50a70f88-8550-488a-85d6-3634952cbfa9 internalUser682
16:20:55.760 [Test worker] DEBUG tourGuide.service.TourGuideService - User : 7ee1efa6-3c54-4bff-af82-90275ccef037 internalUser683
16:20:55.760 [Test worker] DEBUG tourGuide.service.TourGuideService - User : 3e40ed64-1c88-4d9e-9f85-fc38e2981f05 internalUser684
16:20:55.760 [Test worker] DEBUG tourGuide.service.TourGuideService - User : fa495915-86df-4ac6-928a-e4a21ac3ed67 internalUser685
16:20:55.760 [Test worker] DEBUG tourGuide.service.TourGuideService - User : 36c59611-7390-4986-bd47-4ed6134fb876 internalUser686
16:20:55.760 [Test worker] DEBUG tourGuide.service.TourGuideService - User : 2d50138c-4c59-48df-b7c3-b47ec224a066 internalUser687
16:20:55.760 [Test worker] DEBUG tourGuide.service.TourGuideService - User : 45c272c9-6c86-4192-b3ec-98c507746e38 internalUser688
16:20:55.760 [Test worker] DEBUG tourGuide.service.TourGuideService - User : b4088c5e-1b4b-4702-b15b-8abddc27b638 internalUser689
16:20:55.762 [Test worker] DEBUG tourGuide.service.TourGuideService - User : fbbd33d3-c27a-4bb7-b4ce-0a988b42eac2 internalUser690
16:20:55.762 [Test worker] DEBUG tourGuide.service.TourGuideService - User : 4d50da45-ed7d-4076-b911-228cc2bb4c56 internalUser691
16:20:55.762 [Test worker] DEBUG tourGuide.service.TourGuideService - User : d182c2fb-fac9-41fc-95ac-9b32d6bf7521 internalUser692
16:20:55.762 [Test worker] DEBUG tourGuide.service.TourGuideService - User : 28468300-b928-4cf8-8610-55274bdb8768 internalUser693
16:20:55.762 [Test worker] DEBUG tourGuide.service.TourGuideService - User : 10b87bfc-2498-44bd-aa45-8bc7017bf875 internalUser694
16:20:55.762 [Test worker] DEBUG tourGuide.service.TourGuideService - User : 9aeb058d-943a-4537-82ee-81298d0900f0 internalUser695
16:20:55.762 [Test worker] DEBUG tourGuide.service.TourGuideService - User : da3cde24-8d9f-4c3f-973f-c5d5f2cf48ae internalUser696
16:20:55.762 [Test worker] DEBUG tourGuide.service.TourGuideService - User : 5e0f10c9-2ed6-4184-99f9-b7c8bc1d3314 internalUser697
16:20:55.762 [Test worker] DEBUG tourGuide.service.TourGuideService - User : 1c2361aa-6ac1-49e5-8f49-5fa2c917607c internalUser698
16:20:55.762 [Test worker] DEBUG tourGuide.service.TourGuideService - User : 6594ef52-86f5-4fdf-a3ed-9527d8f11d28 internalUser699
16:20:55.762 [Test worker] DEBUG tourGuide.service.TourGuideService - User : 78e2a5c3-bd52-45fd-bde8-4dc68c64f607 internalUser700
16:20:55.762 [Test worker] DEBUG tourGuide.service.TourGuideService - User : 4c48c687-27a1-40b2-8ac3-a2ab9f74eb43 internalUser701
16:20:55.762 [Test worker] DEBUG tourGuide.service.TourGuideService - User : 1dce2645-c6d6-4271-b370-90308cbf293d internalUser702
16:20:55.762 [Test worker] DEBUG tourGuide.service.TourGuideService - User : 90a0bf01-bebd-4fc2-bd7d-65c0c5208a7f internalUser703
16:20:55.762 [Test worker] DEBUG tourGuide.service.TourGuideService - User : e0142dcc-c2d9-44bd-a0ba-6d43cb73e7c0 internalUser704
16:20:55.762 [Test worker] DEBUG tourGuide.service.TourGuideService - User : 007087c1-14d7-4c8d-9885-47ee6e6d5d6b internalUser705
16:20:55.762 [Test worker] DEBUG tourGuide.service.TourGuideService - User : c2d18883-e766-46ee-a959-302f1dda4dd3 internalUser706
16:20:55.762 [Test worker] DEBUG tourGuide.service.TourGuideService - User : 50a6ce14-282c-405c-ae65-cc322cbedb14 internalUser707
16:20:55.762 [Test worker] DEBUG tourGuide.service.TourGuideService - User : e905df8a-e3b4-43b0-953c-1fc6525b94be internalUser708
16:20:55.762 [Test worker] DEBUG tourGuide.service.TourGuideService - User : 4649a769-d281-418a-a3c1-78428e70c5ca internalUser709
16:20:55.762 [Test worker] DEBUG tourGuide.service.TourGuideService - User : 8f4a988a-f6c5-4831-94c3-b867a572953c internalUser710
16:20:55.762 [Test worker] DEBUG tourGuide.service.TourGuideService - User : beef4528-8142-479a-83a4-4e7ccc0ffa4f internalUser711
16:20:55.762 [Test worker] DEBUG tourGuide.service.TourGuideService - User : fc90c7db-e366-43c4-b447-5b425d0e6f00 internalUser712
16:20:55.762 [Test worker] DEBUG tourGuide.service.TourGuideService - User : e3c5b524-318d-4c48-ae71-ea071db33f26 internalUser713
16:20:55.762 [Test worker] DEBUG tourGuide.service.TourGuideService - User : 18d8a18f-5be3-4ae8-b75e-bb56b3dbea80 internalUser714
16:20:55.762 [Test worker] DEBUG tourGuide.service.TourGuideService - User : 93bae40d-6bc3-4ea7-827a-aedc4756bdde internalUser715
16:20:55.762 [Test worker] DEBUG tourGuide.service.TourGuideService - User : 004d26d8-f099-44a3-939d-09e71a784f59 internalUser716
16:20:55.762 [Test worker] DEBUG tourGuide.service.TourGuideService - User : 78158773-3999-4b03-bf17-216497ab5cc6 internalUser717
16:20:55.762 [Test worker] DEBUG tourGuide.service.TourGuideService - User : d018e5f9-5b57-4eab-8db6-afdc5eada618 internalUser718
16:20:55.762 [Test worker] DEBUG tourGuide.service.TourGuideService - User : 06b6bc6d-2227-4976-9e6f-2d21983280ed internalUser719
16:20:55.762 [Test worker] DEBUG tourGuide.service.TourGuideService - User : 03b96515-8817-4fe4-a866-7419c032ae85 internalUser720
16:20:55.762 [Test worker] DEBUG tourGuide.service.TourGuideService - User : a65824e7-767e-47f4-b86a-fa471338e4d2 internalUser721
16:20:55.762 [Test worker] DEBUG tourGuide.service.TourGuideService - User : 36439c3b-e842-4cb2-9da7-f8ffba16c12e internalUser722
16:20:55.762 [Test worker] DEBUG tourGuide.service.TourGuideService - User : f7e7ea87-f30f-47dc-b471-183d49b1cfc1 internalUser723
16:20:55.762 [Test worker] DEBUG tourGuide.service.TourGuideService - User : 9860d9e6-1c85-4e1b-8d5b-3e0577bfa52a internalUser724
16:20:55.762 [Test worker] DEBUG tourGuide.service.TourGuideService - User : c71b0468-8cc3-4816-93d1-0a0afe175be4 internalUser725
16:20:55.762 [Test worker] DEBUG tourGuide.service.TourGuideService - User : 99267680-d902-456a-b372-309fbd5b8f38 internalUser726
16:20:55.762 [Test worker] DEBUG tourGuide.service.TourGuideService - User : 973c8056-594c-4545-b334-594cf0378cc2 internalUser727
16:20:55.762 [Test worker] DEBUG tourGuide.service.TourGuideService - User : 12aa5534-8a68-4992-ba7b-4ada6c837145 internalUser728
16:20:55.762 [Test worker] DEBUG tourGuide.service.TourGuideService - User : 04f158a6-880a-4d25-a1d2-ddb0a7fc17a5 internalUser729
16:20:55.762 [Test worker] DEBUG tourGuide.service.TourGuideService - User : e3af87f1-629e-46d8-89bb-264f644be1a1 internalUser730
16:20:55.762 [Test worker] DEBUG tourGuide.service.TourGuideService - User : 785ecaa9-7e96-4e84-beae-9060fa1f178d internalUser731
16:20:55.762 [Test worker] DEBUG tourGuide.service.TourGuideService - User : 6bcda729-cf3e-4e4f-b593-a01b1bf6fcb8 internalUser732
16:20:55.762 [Test worker] DEBUG tourGuide.service.TourGuideService - User : c0241ba7-c8fe-489b-ad5a-d81cd95b37c4 internalUser733
16:20:55.762 [Test worker] DEBUG tourGuide.service.TourGuideService - User : 6aad5cca-e02e-47b0-94d8-0acf4e34d498 internalUser734
16:20:55.762 [Test worker] DEBUG tourGuide.service.TourGuideService - User : ca4167f7-f1f3-4840-a19f-3571b18af2d5 internalUser735
16:20:55.762 [Test worker] DEBUG tourGuide.service.TourGuideService - User : 9d148aad-9b23-4e76-b6ba-294f6595c35b internalUser736
16:20:55.762 [Test worker] DEBUG tourGuide.service.TourGuideService - User : 7e04e4f6-afb3-428b-a990-9a4a41e3bfb5 internalUser737
16:20:55.762 [Test worker] DEBUG tourGuide.service.TourGuideService - User : 65441e9d-0ae5-4890-8ff1-3c41fd493bae internalUser738
16:20:55.762 [Test worker] DEBUG tourGuide.service.TourGuideService - User : ca5ac4df-95a7-43bb-a792-fe157d0918f1 internalUser739
16:20:55.762 [Test worker] DEBUG tourGuide.service.TourGuideService - User : 3edd521b-6ed9-4b79-a93c-bd765929888b internalUser740
16:20:55.762 [Test worker] DEBUG tourGuide.service.TourGuideService - User : f5c3a773-3351-407b-ade9-4acb7136bf0b internalUser741
16:20:55.762 [Test worker] DEBUG tourGuide.service.TourGuideService - User : 100a6546-9ff2-4914-b974-71b1ea579da6 internalUser742
16:20:55.762 [Test worker] DEBUG tourGuide.service.TourGuideService - User : 5e518e43-7660-4d0e-a587-b2453e1a2d48 internalUser743
16:20:55.762 [Test worker] DEBUG tourGuide.service.TourGuideService - User : bdf74a1f-9980-46c5-a175-d24f4f2fffa5 internalUser744
16:20:55.762 [Test worker] DEBUG tourGuide.service.TourGuideService - User : 784be396-b7f7-4439-802a-6d9a96250b13 internalUser745
16:20:55.762 [Test worker] DEBUG tourGuide.service.TourGuideService - User : ee82d0a2-65b6-432a-8f24-2720b9f23fa8 internalUser746
16:20:55.762 [Test worker] DEBUG tourGuide.service.TourGuideService - User : 88a2ee02-b0c8-4d2e-bc14-860b348d73c7 internalUser747
16:20:55.770 [Test worker] DEBUG tourGuide.service.TourGuideService - User : 1693151f-be7a-4471-a329-95cab4ab1589 internalUser748
16:20:55.771 [Test worker] DEBUG tourGuide.service.TourGuideService - User : 7bd7362e-6ea1-4292-a541-0855875476ef internalUser749
16:20:55.771 [Test worker] DEBUG tourGuide.service.TourGuideService - User : 3ed6f9c9-df0b-45b0-9986-1f66b6899d20 internalUser750
16:20:55.771 [Test worker] DEBUG tourGuide.service.TourGuideService - User : 5c2a59b4-af2d-40cf-9894-17bca461f077 internalUser751
16:20:55.771 [Test worker] DEBUG tourGuide.service.TourGuideService - User : fb086d1a-78eb-4ca7-a09a-44d20d4eaa47 internalUser752
16:20:55.771 [Test worker] DEBUG tourGuide.service.TourGuideService - User : 5a1a8efe-bedc-4fe0-9336-4875ea8b80fa internalUser753
16:20:55.771 [Test worker] DEBUG tourGuide.service.TourGuideService - User : b4b88d0a-2635-4c46-810d-7daad667f5ee internalUser754
16:20:55.771 [Test worker] DEBUG tourGuide.service.TourGuideService - User : 45f994e6-e9c6-4294-ba18-0108590e3bb4 internalUser755
16:20:55.771 [Test worker] DEBUG tourGuide.service.TourGuideService - User : d92f3cb3-dabf-471f-8a5f-47d5e83ac6b1 internalUser756
16:20:55.771 [Test worker] DEBUG tourGuide.service.TourGuideService - User : de266601-c2fb-42ea-8242-84b428e29711 internalUser757
16:20:55.771 [Test worker] DEBUG tourGuide.service.TourGuideService - User : 8f37604e-1cfe-4ab0-b948-b85c94620923 internalUser758
16:20:55.771 [Test worker] DEBUG tourGuide.service.TourGuideService - User : f340972b-314a-43dd-89c3-144eb6036e48 internalUser759
16:20:55.771 [Test worker] DEBUG tourGuide.service.TourGuideService - User : 92795fb8-4989-429f-b30d-00d66ef57cf4 internalUser760
16:20:55.773 [Test worker] DEBUG tourGuide.service.TourGuideService - User : 9c92230a-1bb7-4a83-a245-eefabd708ce7 internalUser761
16:20:55.773 [Test worker] DEBUG tourGuide.service.TourGuideService - User : b3975277-5858-4cbf-92d0-af600480ffe7 internalUser762
16:20:55.773 [Test worker] DEBUG tourGuide.service.TourGuideService - User : 4c92f42b-fa8f-4eab-ac03-c4db6a97c532 internalUser763
16:20:55.773 [Test worker] DEBUG tourGuide.service.TourGuideService - User : a0f069f0-4665-497a-b02d-87a4a744cb92 internalUser764
16:20:55.773 [Test worker] DEBUG tourGuide.service.TourGuideService - User : 9bea16f0-91cd-4e81-b85c-97e22e4ba6c1 internalUser765
16:20:55.773 [Test worker] DEBUG tourGuide.service.TourGuideService - User : 2e7ad8bd-8161-4d85-80ca-0bbbbff9c3d1 internalUser766
16:20:55.773 [Test worker] DEBUG tourGuide.service.TourGuideService - User : 0f75fbaf-173a-4bbb-8e4e-49a30d45f24f internalUser767
16:20:55.773 [Test worker] DEBUG tourGuide.service.TourGuideService - User : c337e62e-dd5c-4977-b3c7-577041b7f0d7 internalUser768
16:20:55.773 [Test worker] DEBUG tourGuide.service.TourGuideService - User : 52bf1659-1d0a-4a93-ba03-15fc3fc7e165 internalUser769
16:20:55.773 [Test worker] DEBUG tourGuide.service.TourGuideService - User : ac74b618-1bb8-44ef-b370-f36a4620f4a3 internalUser770
16:20:55.773 [Test worker] DEBUG tourGuide.service.TourGuideService - User : f8fafa2d-a5d8-4629-b952-7de80ebdc66f internalUser771
16:20:55.773 [Test worker] DEBUG tourGuide.service.TourGuideService - User : 9f9916a9-9f2a-4364-bee7-809f9afb365f internalUser772
16:20:55.773 [Test worker] DEBUG tourGuide.service.TourGuideService - User : c223b9c3-a546-420e-ac00-979ecafa1823 internalUser773
16:20:55.773 [Test worker] DEBUG tourGuide.service.TourGuideService - User : 8901e568-423a-4e58-ab10-07d843bafc85 internalUser774
16:20:55.773 [Test worker] DEBUG tourGuide.service.TourGuideService - User : c5917aaf-cc45-4546-8c25-a6a04eec3354 internalUser775
16:20:55.773 [Test worker] DEBUG tourGuide.service.TourGuideService - User : 0c5dcc12-934b-4afc-9f06-36dd3ce0eaf4 internalUser776
16:20:55.773 [Test worker] DEBUG tourGuide.service.TourGuideService - User : 5c5466b4-44c0-49c7-a135-6ee64a1cd751 internalUser777
16:20:55.773 [Test worker] DEBUG tourGuide.service.TourGuideService - User : 6edc365e-f20f-42ae-8fea-2fee7bb25b74 internalUser778
16:20:55.773 [Test worker] DEBUG tourGuide.service.TourGuideService - User : b15d738f-a584-407d-bad5-822d155dbce3 internalUser779
16:20:55.773 [Test worker] DEBUG tourGuide.service.TourGuideService - User : a32e005d-9c59-4ea7-a992-ec0c0032112f internalUser780
16:20:55.773 [Test worker] DEBUG tourGuide.service.TourGuideService - User : e4f3b5d1-bd95-4523-b444-815ae58beb89 internalUser781
16:20:55.773 [Test worker] DEBUG tourGuide.service.TourGuideService - User : ef0f8f1b-91e1-4e5c-8947-32f9e73ef39a internalUser782
16:20:55.773 [Test worker] DEBUG tourGuide.service.TourGuideService - User : b1692838-70cf-44f3-928f-caa14b608aff internalUser783
16:20:55.773 [Test worker] DEBUG tourGuide.service.TourGuideService - User : 2e694cfd-5ce7-46da-9e6f-47ed73a8c0e2 internalUser784
16:20:55.773 [Test worker] DEBUG tourGuide.service.TourGuideService - User : 7b873ca3-20e0-4732-b9ce-b1fc25a1beb6 internalUser785
16:20:55.773 [Test worker] DEBUG tourGuide.service.TourGuideService - User : 46220377-0288-4d22-bdd7-ed9cc80f67ec internalUser786
16:20:55.773 [Test worker] DEBUG tourGuide.service.TourGuideService - User : a178a06c-1cab-4808-97d2-837432453d89 internalUser787
16:20:55.773 [Test worker] DEBUG tourGuide.service.TourGuideService - User : 8de53635-dcbd-4494-8725-148be7132d47 internalUser788
16:20:55.773 [Test worker] DEBUG tourGuide.service.TourGuideService - User : cbf6a8e1-f27e-41d9-abf6-cfef884ee32e internalUser789
16:20:55.773 [Test worker] DEBUG tourGuide.service.TourGuideService - User : dc940aca-fc51-46ae-837e-719609faf024 internalUser790
16:20:55.773 [Test worker] DEBUG tourGuide.service.TourGuideService - User : 991b196b-f3b7-4a2d-8488-dc8081775fe2 internalUser791
16:20:55.773 [Test worker] DEBUG tourGuide.service.TourGuideService - User : 8f781965-0bf6-48ef-bee0-0cde9a89d340 internalUser792
16:20:55.773 [Test worker] DEBUG tourGuide.service.TourGuideService - User : 387504c0-9236-4f53-b0ba-b38a19424541 internalUser793
16:20:55.773 [Test worker] DEBUG tourGuide.service.TourGuideService - User : 742d191c-8f43-4d3d-a40e-31ab4f6d4a9d internalUser794
16:20:55.773 [Test worker] DEBUG tourGuide.service.TourGuideService - User : 7c596c21-a6eb-49f3-b014-26ed0155125c internalUser795
16:20:55.773 [Test worker] DEBUG tourGuide.service.TourGuideService - User : d2307177-0918-4972-a13c-da149f2bd750 internalUser796
16:20:55.773 [Test worker] DEBUG tourGuide.service.TourGuideService - User : cf010415-2a4c-4444-990b-7ea7f6bc2fc6 internalUser797
16:20:55.773 [Test worker] DEBUG tourGuide.service.TourGuideService - User : ad45b2e6-56ed-40fe-9577-cd4129306989 internalUser798
16:20:55.773 [Test worker] DEBUG tourGuide.service.TourGuideService - User : 8659bba7-47d8-4e89-b0af-fe8ad0fe2864 internalUser799
16:20:55.773 [Test worker] DEBUG tourGuide.service.TourGuideService - User : 5b0ff90c-9630-474d-8441-275e8e4f1e1f internalUser800
16:20:55.773 [Test worker] DEBUG tourGuide.service.TourGuideService - User : 0be15965-520f-4e19-8f46-cb1c093964f4 internalUser801
16:20:55.773 [Test worker] DEBUG tourGuide.service.TourGuideService - User : 631c989c-116b-4d64-8913-b9c21cd01aa5 internalUser802
16:20:55.773 [Test worker] DEBUG tourGuide.service.TourGuideService - User : faaba15e-d454-468a-8ee4-67faaa1e81f4 internalUser803
16:20:55.773 [Test worker] DEBUG tourGuide.service.TourGuideService - User : e9fc1a32-d144-431c-8544-9296564db43d internalUser804
16:20:55.773 [Test worker] DEBUG tourGuide.service.TourGuideService - User : 9a2d0085-d311-4a17-8eab-42cf37f1cf1d internalUser805
16:20:55.773 [Test worker] DEBUG tourGuide.service.TourGuideService - User : b3bcbd06-66a9-4a28-b6a3-3301267458af internalUser806
16:20:55.773 [Test worker] DEBUG tourGuide.service.TourGuideService - User : b11f23e4-3400-4ff5-bca0-72bdacad50ad internalUser807
16:20:55.773 [Test worker] DEBUG tourGuide.service.TourGuideService - User : 73fcb9e0-2bda-4ba3-9a8b-d70b577e9610 internalUser808
16:20:55.773 [Test worker] DEBUG tourGuide.service.TourGuideService - User : 9d0b0400-8790-46cc-beef-c26d9618b18a internalUser809
16:20:55.773 [Test worker] DEBUG tourGuide.service.TourGuideService - User : 199b9b46-3f7c-4be4-bfc3-85d3a30857c8 internalUser810
16:20:55.773 [Test worker] DEBUG tourGuide.service.TourGuideService - User : f9dfb2f5-e9a4-4ca8-9ba3-ed3423387a0d internalUser811
16:20:55.773 [Test worker] DEBUG tourGuide.service.TourGuideService - User : 25d54dd6-1d79-4b8d-b0c6-8d184816fd4e internalUser812
16:20:55.773 [Test worker] DEBUG tourGuide.service.TourGuideService - User : e5e4f005-64ce-4900-9932-dc30e0834c81 internalUser813
16:20:55.773 [Test worker] DEBUG tourGuide.service.TourGuideService - User : deacd475-07ea-4608-825b-9f1a23927157 internalUser814
16:20:55.781 [Test worker] DEBUG tourGuide.service.TourGuideService - User : dba158ce-a1a4-4f25-a95a-416303062992 internalUser815
16:20:55.781 [Test worker] DEBUG tourGuide.service.TourGuideService - User : 93b910a0-1d5d-4462-ae7d-f3a63cdbeea5 internalUser816
16:20:55.781 [Test worker] DEBUG tourGuide.service.TourGuideService - User : 381a1d41-a017-4ca9-881a-877d3f5d69db internalUser817
16:20:55.781 [Test worker] DEBUG tourGuide.service.TourGuideService - User : c40be871-0648-49be-a05d-22579a778904 internalUser818
16:20:55.781 [Test worker] DEBUG tourGuide.service.TourGuideService - User : cf5beb2a-0924-4060-a3c7-c2ffbfb130fa internalUser819
16:20:55.781 [Test worker] DEBUG tourGuide.service.TourGuideService - User : e2bc0ebd-f117-47c3-a25e-8c2ff589bb39 internalUser820
16:20:55.781 [Test worker] DEBUG tourGuide.service.TourGuideService - User : beab9014-8ab2-4c6c-afba-947c2cad902b internalUser821
16:20:55.781 [Test worker] DEBUG tourGuide.service.TourGuideService - User : 6cb48634-e928-46f1-a2d6-c170a2db600c internalUser822
16:20:55.781 [Test worker] DEBUG tourGuide.service.TourGuideService - User : facfe5bc-8123-434b-ad38-dc05b3703a40 internalUser823
16:20:55.781 [Test worker] DEBUG tourGuide.service.TourGuideService - User : 6b185efb-79fc-4d54-befa-8da0c63da698 internalUser824
16:20:55.783 [Test worker] DEBUG tourGuide.service.TourGuideService - User : 6d922997-da29-4d08-870c-09c465049322 internalUser825
16:20:55.783 [Test worker] DEBUG tourGuide.service.TourGuideService - User : 450d4f36-be19-4a7a-ad95-03ac38821f72 internalUser826
16:20:55.783 [Test worker] DEBUG tourGuide.service.TourGuideService - User : df46eedf-ecad-4aa3-bd84-078924ae33cb internalUser827
16:20:55.783 [Test worker] DEBUG tourGuide.service.TourGuideService - User : 9a8ebb35-235e-4499-a52d-3026c15523a6 internalUser828
16:20:55.783 [Test worker] DEBUG tourGuide.service.TourGuideService - User : 3fa28e88-ea63-4aa8-b47c-574556c2af82 internalUser829
16:20:55.783 [Test worker] DEBUG tourGuide.service.TourGuideService - User : ac49227d-61dc-4db0-8db6-bd0a33767d1a internalUser830
16:20:55.783 [Test worker] DEBUG tourGuide.service.TourGuideService - User : ab9a8873-3df9-4e42-89b7-456873ddee16 internalUser831
16:20:55.783 [Test worker] DEBUG tourGuide.service.TourGuideService - User : d833421f-95ab-4e7b-aa27-5769bbf043c0 internalUser832
16:20:55.783 [Test worker] DEBUG tourGuide.service.TourGuideService - User : d3a3880b-d9ca-4d45-9c31-65ed7e4c1f42 internalUser833
16:20:55.783 [Test worker] DEBUG tourGuide.service.TourGuideService - User : 58f6e1ed-44fc-4d48-8768-31cb8e4b513c internalUser834
16:20:55.783 [Test worker] DEBUG tourGuide.service.TourGuideService - User : f5974c14-efd5-4f6d-a0ff-93d5198950b4 internalUser835
16:20:55.783 [Test worker] DEBUG tourGuide.service.TourGuideService - User : 6e8495b7-4811-4ef7-af60-a662636b0d77 internalUser836
16:20:55.783 [Test worker] DEBUG tourGuide.service.TourGuideService - User : dac0d8a1-8e6b-414e-9923-ba26d8ca3410 internalUser837
16:20:55.783 [Test worker] DEBUG tourGuide.service.TourGuideService - User : 13ec3dae-5526-40e5-91cf-6b5c04a80934 internalUser838
16:20:55.783 [Test worker] DEBUG tourGuide.service.TourGuideService - User : 1f2b76bb-55d6-495e-a434-aaef66add203 internalUser839
16:20:55.783 [Test worker] DEBUG tourGuide.service.TourGuideService - User : 4b3b7b77-df13-4cc6-bcb4-850970843eab internalUser840
16:20:55.783 [Test worker] DEBUG tourGuide.service.TourGuideService - User : 1fc25259-7e7b-49f0-8b21-605e0e514eab internalUser841
16:20:55.783 [Test worker] DEBUG tourGuide.service.TourGuideService - User : 69fb1997-c6cd-45e5-bf02-86a9f33f3a0a internalUser842
16:20:55.783 [Test worker] DEBUG tourGuide.service.TourGuideService - User : dbdc78f6-d975-45f6-ac17-27ec9cd7b69f internalUser843
16:20:55.783 [Test worker] DEBUG tourGuide.service.TourGuideService - User : 7398bb07-c30e-449b-ad8f-97275b3c7aa2 internalUser844
16:20:55.783 [Test worker] DEBUG tourGuide.service.TourGuideService - User : dd5ebbcc-06ab-4b2c-899a-7b195fa6f634 internalUser845
16:20:55.783 [Test worker] DEBUG tourGuide.service.TourGuideService - User : 55f3f9ae-bdab-4d61-8496-38f39146a650 internalUser846
16:20:55.783 [Test worker] DEBUG tourGuide.service.TourGuideService - User : b26e3f03-aa03-4d25-997a-22a7cf232234 internalUser847
16:20:55.783 [Test worker] DEBUG tourGuide.service.TourGuideService - User : ec294456-02aa-43d3-ba1e-c8346c62b609 internalUser848
16:20:55.783 [Test worker] DEBUG tourGuide.service.TourGuideService - User : ddaad014-59cf-4290-a70f-22803796897c internalUser849
16:20:55.783 [Test worker] DEBUG tourGuide.service.TourGuideService - User : 676008ae-6021-42c4-ac3a-3fb26da1ce6c internalUser850
16:20:55.783 [Test worker] DEBUG tourGuide.service.TourGuideService - User : b610f1b8-8d29-4506-8c64-756f5eaa9eb4 internalUser851
16:20:55.783 [Test worker] DEBUG tourGuide.service.TourGuideService - User : 1beef5e8-ae34-4287-8d39-6916f90c779c internalUser852
16:20:55.783 [Test worker] DEBUG tourGuide.service.TourGuideService - User : 55492a5a-85fd-4602-9951-7bff10436d91 internalUser853
16:20:55.783 [Test worker] DEBUG tourGuide.service.TourGuideService - User : 9219bbb0-53e7-4bcb-a5e1-f7e073fe030c internalUser854
16:20:55.783 [Test worker] DEBUG tourGuide.service.TourGuideService - User : ab80277c-5a1c-444a-a328-f6baccd2486d internalUser855
16:20:55.783 [Test worker] DEBUG tourGuide.service.TourGuideService - User : a25c8862-6356-4d09-8193-1e6758b5cc94 internalUser856
16:20:55.783 [Test worker] DEBUG tourGuide.service.TourGuideService - User : 50cc218f-7529-4c09-90ed-0479bc4c266c internalUser857
16:20:55.783 [Test worker] DEBUG tourGuide.service.TourGuideService - User : ca511f86-a47b-4ca9-87b9-783b4a8cace1 internalUser858
16:20:55.783 [Test worker] DEBUG tourGuide.service.TourGuideService - User : 57500794-a129-4d85-a5d9-3a343c0fe262 internalUser859
16:20:55.791 [Test worker] DEBUG tourGuide.service.TourGuideService - User : d32baacf-ab37-4648-858f-6d7a58ca919a internalUser860
16:20:55.791 [Test worker] DEBUG tourGuide.service.TourGuideService - User : b6814331-23df-42b3-bb8d-a84ef4704084 internalUser861
16:20:55.791 [Test worker] DEBUG tourGuide.service.TourGuideService - User : 7a430666-ecc9-427e-825d-b2409d9fc88f internalUser862
16:20:55.791 [Test worker] DEBUG tourGuide.service.TourGuideService - User : ea08640a-e2fd-4fb9-b358-36183661492e internalUser863
16:20:55.791 [Test worker] DEBUG tourGuide.service.TourGuideService - User : 107f4d01-5509-4b40-a5ab-3242e9df9aca internalUser864
16:20:55.791 [Test worker] DEBUG tourGuide.service.TourGuideService - User : 9426a29c-c8f1-48e5-b524-5bd0a250c9ba internalUser865
16:20:55.791 [Test worker] DEBUG tourGuide.service.TourGuideService - User : 09124c22-bc50-4e31-91be-42a4f3bb32e6 internalUser866
16:20:55.791 [Test worker] DEBUG tourGuide.service.TourGuideService - User : 1df09c92-d5f5-4e5f-8672-ebc9edd36716 internalUser867
16:20:55.791 [Test worker] DEBUG tourGuide.service.TourGuideService - User : e1b2b5d9-1a5b-4e02-b242-8d3632914527 internalUser868
16:20:55.791 [Test worker] DEBUG tourGuide.service.TourGuideService - User : e31e7b58-2a35-4789-9440-cd317f69df85 internalUser869
16:20:55.791 [Test worker] DEBUG tourGuide.service.TourGuideService - User : 4e893e1a-2988-4607-b6bf-415a00ef6cdd internalUser870
16:20:55.791 [Test worker] DEBUG tourGuide.service.TourGuideService - User : 45a2280a-d679-4d5e-af5e-e870f480d960 internalUser871
16:20:55.791 [Test worker] DEBUG tourGuide.service.TourGuideService - User : f2e8f0d9-272a-4954-a011-dd7fbc680188 internalUser872
16:20:55.791 [Test worker] DEBUG tourGuide.service.TourGuideService - User : 855dd191-9ee4-4d41-a7b3-8a3043d8a5e4 internalUser873
16:20:55.791 [Test worker] DEBUG tourGuide.service.TourGuideService - User : 83df0294-072d-4704-ba43-701bce9bba5e internalUser874
16:20:55.793 [Test worker] DEBUG tourGuide.service.TourGuideService - User : b863835f-1fd1-4db3-bea2-8b0e683e1b33 internalUser875
16:20:55.793 [Test worker] DEBUG tourGuide.service.TourGuideService - User : f85546fa-3990-42e3-a113-9339e0329ff9 internalUser876
16:20:55.793 [Test worker] DEBUG tourGuide.service.TourGuideService - User : cbc15137-777f-4052-a8bf-9b81fd1926aa internalUser877
16:20:55.793 [Test worker] DEBUG tourGuide.service.TourGuideService - User : bbd1abbb-b070-4271-8a9b-59abef51601a internalUser878
16:20:55.793 [Test worker] DEBUG tourGuide.service.TourGuideService - User : 0fb331b8-a908-49d0-83e1-6296c3d96185 internalUser879
16:20:55.793 [Test worker] DEBUG tourGuide.service.TourGuideService - User : e1a8c89b-669e-4190-a991-b1198defead0 internalUser880
16:20:55.793 [Test worker] DEBUG tourGuide.service.TourGuideService - User : df27c9bd-4228-4f39-b6a6-d3997a1adce4 internalUser881
16:20:55.793 [Test worker] DEBUG tourGuide.service.TourGuideService - User : da91f8a7-10ea-4c83-8775-ecfc08beda9c internalUser882
16:20:55.793 [Test worker] DEBUG tourGuide.service.TourGuideService - User : 305dc7e7-0f5c-4ae7-a77f-d60d15eb88d5 internalUser883
16:20:55.793 [Test worker] DEBUG tourGuide.service.TourGuideService - User : d3b1a951-5168-4e36-bf14-ac2932d13367 internalUser884
16:20:55.793 [Test worker] DEBUG tourGuide.service.TourGuideService - User : 32fd7385-9e66-4e73-aba6-2eb4bd5cabd2 internalUser885
16:20:55.793 [Test worker] DEBUG tourGuide.service.TourGuideService - User : 8c24876e-2f7c-4ffa-8152-7f4f615e35a4 internalUser886
16:20:55.793 [Test worker] DEBUG tourGuide.service.TourGuideService - User : b0ac13ba-82f1-4f9e-84b1-23f6ea3546fe internalUser887
16:20:55.793 [Test worker] DEBUG tourGuide.service.TourGuideService - User : a20badd6-8e45-40fd-9e11-b2a5ab3a3321 internalUser888
16:20:55.793 [Test worker] DEBUG tourGuide.service.TourGuideService - User : 2f7a982f-a9f5-4dcf-95bc-37df8cb959c7 internalUser889
16:20:55.793 [Test worker] DEBUG tourGuide.service.TourGuideService - User : 92f7773c-c913-492e-9b93-584c27aa7459 internalUser890
16:20:55.793 [Test worker] DEBUG tourGuide.service.TourGuideService - User : 322aab4c-eae3-46ee-90e4-a46a7cb04c2f internalUser891
16:20:55.793 [Test worker] DEBUG tourGuide.service.TourGuideService - User : 1db379ef-9bc7-4146-9399-515b78520705 internalUser892
16:20:55.793 [Test worker] DEBUG tourGuide.service.TourGuideService - User : cabd44d2-1fff-4e91-a63b-9a60325d2d96 internalUser893
16:20:55.793 [Test worker] DEBUG tourGuide.service.TourGuideService - User : 81b6a9d7-ab85-4b72-a6bd-32d45bc4ff91 internalUser894
16:20:55.793 [Test worker] DEBUG tourGuide.service.TourGuideService - User : 29e89947-352c-4983-8dee-cd5d88d97daa internalUser895
16:20:55.793 [Test worker] DEBUG tourGuide.service.TourGuideService - User : 0d5cbf64-3ce4-4efe-a80d-b3b9b639cc5e internalUser896
16:20:55.793 [Test worker] DEBUG tourGuide.service.TourGuideService - User : c11c0c7c-ccf3-4a3e-a825-0834c1c2bb53 internalUser897
16:20:55.793 [Test worker] DEBUG tourGuide.service.TourGuideService - User : c5fe5949-ad3b-453b-92dd-0d97334155be internalUser898
16:20:55.793 [Test worker] DEBUG tourGuide.service.TourGuideService - User : 9af38726-929d-4309-a452-c954a716fbc8 internalUser899
16:20:55.793 [Test worker] DEBUG tourGuide.service.TourGuideService - User : 7685525b-8cc9-4ce2-8fa0-44eefc407d76 internalUser900
16:20:55.793 [Test worker] DEBUG tourGuide.service.TourGuideService - User : c1ee717a-0350-4bb2-93e9-c436f8aa162c internalUser901
16:20:55.793 [Test worker] DEBUG tourGuide.service.TourGuideService - User : 627d85a0-d089-4054-b9da-a98e5c712c72 internalUser902
16:20:55.793 [Test worker] DEBUG tourGuide.service.TourGuideService - User : 143a5685-f68f-470b-a903-9cab3b3f93ab internalUser903
16:20:55.793 [Test worker] DEBUG tourGuide.service.TourGuideService - User : 2cf382be-94df-4168-83ee-94888e79ea25 internalUser904
16:20:55.793 [Test worker] DEBUG tourGuide.service.TourGuideService - User : aef3d584-a9c5-4008-8f08-38cbf7cb84a9 internalUser905
16:20:55.793 [Test worker] DEBUG tourGuide.service.TourGuideService - User : 8f49592c-7596-439c-9e27-62888173780f internalUser906
16:20:55.793 [Test worker] DEBUG tourGuide.service.TourGuideService - User : 9f23d6fa-1c49-4ac4-a32d-2fcb1ceb38c9 internalUser907
16:20:55.793 [Test worker] DEBUG tourGuide.service.TourGuideService - User : cd594612-3b6c-4902-b88e-291af36e6dab internalUser908
16:20:55.793 [Test worker] DEBUG tourGuide.service.TourGuideService - User : 646402f7-12ee-4dc5-aa42-8089e79a5b3b internalUser909
16:20:55.793 [Test worker] DEBUG tourGuide.service.TourGuideService - User : 29576139-1bba-49e3-9f3b-82c6ba4d28c3 internalUser910
16:20:55.793 [Test worker] DEBUG tourGuide.service.TourGuideService - User : 5a236dc3-2705-4af9-8cb9-3bec287d1bf2 internalUser911
16:20:55.793 [Test worker] DEBUG tourGuide.service.TourGuideService - User : 5a74dc41-2bfb-484e-a2e1-cffe83c4a146 internalUser912
16:20:55.793 [Test worker] DEBUG tourGuide.service.TourGuideService - User : 681360e1-f339-46de-9b90-7669970af8f8 internalUser913
16:20:55.793 [Test worker] DEBUG tourGuide.service.TourGuideService - User : 9668eb01-5d1d-4cf8-b893-9fb70cf8c693 internalUser914
16:20:55.793 [Test worker] DEBUG tourGuide.service.TourGuideService - User : 3b5d8095-624a-432c-9a7d-32ab6c927a9b internalUser915
16:20:55.793 [Test worker] DEBUG tourGuide.service.TourGuideService - User : 92978718-00cd-4da8-9915-d5eb8079102a internalUser916
16:20:55.793 [Test worker] DEBUG tourGuide.service.TourGuideService - User : 771d7a87-dbbf-48e5-acd2-1e8a4bc82abd internalUser917
16:20:55.793 [Test worker] DEBUG tourGuide.service.TourGuideService - User : c101d42d-e2b0-4ea6-93fd-3fd09a2299e8 internalUser918
16:20:55.793 [Test worker] DEBUG tourGuide.service.TourGuideService - User : b516d165-d591-482e-8047-08033cac00bf internalUser919
16:20:55.793 [Test worker] DEBUG tourGuide.service.TourGuideService - User : 9c3249db-e730-47ee-851c-6f187a1aeabe internalUser920
16:20:55.793 [Test worker] DEBUG tourGuide.service.TourGuideService - User : d0bfd148-1ba9-4268-bfb2-7b36a69ccf11 internalUser921
16:20:55.793 [Test worker] DEBUG tourGuide.service.TourGuideService - User : 43d9c02f-74ac-415e-a941-8675b4ee9427 internalUser922
16:20:55.793 [Test worker] DEBUG tourGuide.service.TourGuideService - User : cf55f5fd-99cd-49b0-b7cb-889a5df3c379 internalUser923
16:20:55.793 [Test worker] DEBUG tourGuide.service.TourGuideService - User : 46e1b4db-5759-4ea7-947b-4516d3b603ff internalUser924
16:20:55.793 [Test worker] DEBUG tourGuide.service.TourGuideService - User : 08c26535-fd5b-4773-b129-d02e074502bf internalUser925
16:20:55.793 [Test worker] DEBUG tourGuide.service.TourGuideService - User : 6023c05b-1cd1-4e76-82f2-8b33edcbc79f internalUser926
16:20:55.793 [Test worker] DEBUG tourGuide.service.TourGuideService - User : 14c9320e-8f87-4d35-a7a4-e2b58868af4c internalUser927
16:20:55.793 [Test worker] DEBUG tourGuide.service.TourGuideService - User : 2a131650-d759-4d17-a8aa-800158d89530 internalUser928
16:20:55.793 [Test worker] DEBUG tourGuide.service.TourGuideService - User : 5607cd32-250d-44d4-9dec-ef2b93f013be internalUser929
16:20:55.793 [Test worker] DEBUG tourGuide.service.TourGuideService - User : e899f4c9-ba35-480d-9f06-4684833f7a7a internalUser930
16:20:55.793 [Test worker] DEBUG tourGuide.service.TourGuideService - User : 3df10781-95b9-49f0-be60-1e9b0d48f939 internalUser931
16:20:55.793 [Test worker] DEBUG tourGuide.service.TourGuideService - User : c81c086d-0fb5-487f-b6a3-be47bcabb839 internalUser932
16:20:55.793 [Test worker] DEBUG tourGuide.service.TourGuideService - User : 829ac818-8dc6-4f9e-9a81-2a0c850c31e4 internalUser933
16:20:55.793 [Test worker] DEBUG tourGuide.service.TourGuideService - User : cfe3be54-15cc-47c2-8342-24d10401de1b internalUser934
16:20:55.801 [Test worker] DEBUG tourGuide.service.TourGuideService - User : 18c28317-3233-4d81-a8c0-bc25b478caf5 internalUser935
16:20:55.801 [Test worker] DEBUG tourGuide.service.TourGuideService - User : 986d086f-8311-403a-b39f-190bc498d65f internalUser936
16:20:55.801 [Test worker] DEBUG tourGuide.service.TourGuideService - User : b0c66851-6c19-4652-ade4-29d38f0015b4 internalUser937
16:20:55.801 [Test worker] DEBUG tourGuide.service.TourGuideService - User : 38aaf0c2-97f7-4188-a292-f8ef2e72f1ee internalUser938
16:20:55.801 [Test worker] DEBUG tourGuide.service.TourGuideService - User : 2193242b-e4a9-4ace-94f0-baa4209d2f39 internalUser939
16:20:55.801 [Test worker] DEBUG tourGuide.service.TourGuideService - User : 19ba932c-ef26-42dc-9815-58b69ac9d449 internalUser940
16:20:55.801 [Test worker] DEBUG tourGuide.service.TourGuideService - User : 45d750b4-4e73-479b-8b72-dd8156299b9d internalUser941
16:20:55.801 [Test worker] DEBUG tourGuide.service.TourGuideService - User : 4035f447-28ab-4d81-80dc-798b7efaf5d7 internalUser942
16:20:55.801 [Test worker] DEBUG tourGuide.service.TourGuideService - User : 4f249a2f-e10e-41d8-81b2-068e2ae75160 internalUser943
16:20:55.801 [Test worker] DEBUG tourGuide.service.TourGuideService - User : 6c47eb9f-8a1a-4168-9b21-1b2e2c5c0ff5 internalUser944
16:20:55.801 [Test worker] DEBUG tourGuide.service.TourGuideService - User : fcf9ab5e-af36-45c6-aa29-18d6ded08280 internalUser945
16:20:55.801 [Test worker] DEBUG tourGuide.service.TourGuideService - User : 02c07761-2819-4d97-b887-0e1fd1a9809b internalUser946
16:20:55.801 [Test worker] DEBUG tourGuide.service.TourGuideService - User : 66999838-56c7-4d42-8441-f1d3c23efe87 internalUser947
16:20:55.803 [Test worker] DEBUG tourGuide.service.TourGuideService - User : 11759652-0be7-4052-8cab-5e373ca901fa internalUser948
16:20:55.803 [Test worker] DEBUG tourGuide.service.TourGuideService - User : 9f54d8b8-3fbd-4100-9b0b-021d1168a338 internalUser949
16:20:55.803 [Test worker] DEBUG tourGuide.service.TourGuideService - User : b8233a50-fff9-4cf9-b480-309f3ff1dc71 internalUser950
16:20:55.803 [Test worker] DEBUG tourGuide.service.TourGuideService - User : d1828d32-e9ae-45e4-b4a1-7eea2de3fbde internalUser951
16:20:55.803 [Test worker] DEBUG tourGuide.service.TourGuideService - User : 4003a229-d355-4f5b-9d6b-e276ddd81c5b internalUser952
16:20:55.803 [Test worker] DEBUG tourGuide.service.TourGuideService - User : 9769a5b2-0b0b-4461-8bb9-70c3cf1deb41 internalUser953
16:20:55.803 [Test worker] DEBUG tourGuide.service.TourGuideService - User : f071be84-9a8b-4ae7-8d13-0c6af7c5f63c internalUser954
16:20:55.803 [Test worker] DEBUG tourGuide.service.TourGuideService - User : 3d4cc553-ff46-432f-9831-d4ea54d288a4 internalUser955
16:20:55.803 [Test worker] DEBUG tourGuide.service.TourGuideService - User : 8bc1d705-7ff1-4696-b7c8-1c134ec05ee4 internalUser956
16:20:55.803 [Test worker] DEBUG tourGuide.service.TourGuideService - User : 3a2cc450-951c-4c28-a822-a0a1d2b3de00 internalUser957
16:20:55.803 [Test worker] DEBUG tourGuide.service.TourGuideService - User : 30ac74e8-f073-4547-9987-b81e365c4845 internalUser958
16:20:55.803 [Test worker] DEBUG tourGuide.service.TourGuideService - User : 6b0c9ad2-cc16-41ac-83b0-a5b0023cb906 internalUser959
16:20:55.803 [Test worker] DEBUG tourGuide.service.TourGuideService - User : b09956f5-bcf8-43b4-891a-d4c888f3e2b9 internalUser960
16:20:55.803 [Test worker] DEBUG tourGuide.service.TourGuideService - User : 8126dffe-afb6-4617-b143-5b1d49fba7f0 internalUser961
16:20:55.803 [Test worker] DEBUG tourGuide.service.TourGuideService - User : 3a37dd8b-fac1-45bf-95e6-e51943f860a6 internalUser962
16:20:55.803 [Test worker] DEBUG tourGuide.service.TourGuideService - User : cd682fc1-7344-44c0-9372-d3c0c542d204 internalUser963
16:20:55.803 [Test worker] DEBUG tourGuide.service.TourGuideService - User : 820c449c-5c1b-4d85-b4cb-2eba5f68d503 internalUser964
16:20:55.803 [Test worker] DEBUG tourGuide.service.TourGuideService - User : 13c7d2b7-add8-4c47-9c7d-a899a1edd224 internalUser965
16:20:55.803 [Test worker] DEBUG tourGuide.service.TourGuideService - User : 04c7e0b6-9fcc-4f14-bf27-43922d8206ff internalUser966
16:20:55.803 [Test worker] DEBUG tourGuide.service.TourGuideService - User : 709e79f4-81d9-4118-82a3-cc3b41e09a44 internalUser967
16:20:55.803 [Test worker] DEBUG tourGuide.service.TourGuideService - User : d3231fde-740b-42a3-a9f8-ce1811ce56db internalUser968
16:20:55.803 [Test worker] DEBUG tourGuide.service.TourGuideService - User : f47f49a0-ff78-46f0-867c-928154dc1efd internalUser969
16:20:55.803 [Test worker] DEBUG tourGuide.service.TourGuideService - User : 96412a04-0b33-4932-992c-976ec5104835 internalUser970
16:20:55.803 [Test worker] DEBUG tourGuide.service.TourGuideService - User : 589bb8bb-ada5-46f5-813f-47374149e290 internalUser971
16:20:55.803 [Test worker] DEBUG tourGuide.service.TourGuideService - User : 14805541-e06b-4667-89dc-d4cb2477c90a internalUser972
16:20:55.803 [Test worker] DEBUG tourGuide.service.TourGuideService - User : 977e9736-c3f1-4a6b-bd3a-e8c383a02ff0 internalUser973
16:20:55.803 [Test worker] DEBUG tourGuide.service.TourGuideService - User : 4f2d9577-95f0-4f5a-88c3-c47adca65794 internalUser974
16:20:55.803 [Test worker] DEBUG tourGuide.service.TourGuideService - User : 2184e272-0dbe-4dff-b752-7ff0643e01e5 internalUser975
16:20:55.803 [Test worker] DEBUG tourGuide.service.TourGuideService - User : fa23485f-fd1d-41f9-b10d-32fa4e5f18d9 internalUser976
16:20:55.803 [Test worker] DEBUG tourGuide.service.TourGuideService - User : 794b26b8-0076-427a-b777-1f9a91998666 internalUser977
16:20:55.803 [Test worker] DEBUG tourGuide.service.TourGuideService - User : 1024ac3f-84f1-43eb-b478-e672d1462561 internalUser978
16:20:55.803 [Test worker] DEBUG tourGuide.service.TourGuideService - User : 55c62175-49d1-4814-ab28-99710cbd5007 internalUser979
16:20:55.803 [Test worker] DEBUG tourGuide.service.TourGuideService - User : aafaff42-b9ef-483d-b78a-588d00a9e581 internalUser980
16:20:55.803 [Test worker] DEBUG tourGuide.service.TourGuideService - User : 0d8f3537-9095-402f-bfcd-bae1869d3df3 internalUser981
16:20:55.803 [Test worker] DEBUG tourGuide.service.TourGuideService - User : aef04864-9f71-4559-bf54-c4c4213b0fe2 internalUser982
16:20:55.803 [Test worker] DEBUG tourGuide.service.TourGuideService - User : 514e21b7-48a2-4906-92fa-fb3420691f58 internalUser983
16:20:55.803 [Test worker] DEBUG tourGuide.service.TourGuideService - User : 65969d0f-1cdc-4ce0-8d03-8b282213a8f3 internalUser984
16:20:55.803 [Test worker] DEBUG tourGuide.service.TourGuideService - User : 725f3211-c67a-4ccd-8706-daebcbfd27fd internalUser985
16:20:55.803 [Test worker] DEBUG tourGuide.service.TourGuideService - User : b92e5d5c-f3b7-4ad2-b0b7-69bd85e98355 internalUser986
16:20:55.803 [Test worker] DEBUG tourGuide.service.TourGuideService - User : a7008a56-1d81-4cfc-b199-8d1cbe3bb7d0 internalUser987
16:20:55.803 [Test worker] DEBUG tourGuide.service.TourGuideService - User : ac8f6adb-17bf-4182-9b5b-99d2c3fdab38 internalUser988
16:20:55.803 [Test worker] DEBUG tourGuide.service.TourGuideService - User : 2e21d8b7-0180-45f4-be2c-5c7ee4b2e320 internalUser989
16:20:55.803 [Test worker] DEBUG tourGuide.service.TourGuideService - User : f275563e-f159-4d24-90b6-42ee004d36b7 internalUser990
16:20:55.803 [Test worker] DEBUG tourGuide.service.TourGuideService - User : fbc0aa29-589d-47a1-823b-98bdeba423bf internalUser991
16:20:55.803 [Test worker] DEBUG tourGuide.service.TourGuideService - User : ec72bff4-0193-4f80-868b-db715c30da46 internalUser992
16:20:55.803 [Test worker] DEBUG tourGuide.service.TourGuideService - User : 8e2bf747-d7db-415a-a1ac-9773b8e098ee internalUser993
16:20:55.803 [Test worker] DEBUG tourGuide.service.TourGuideService - User : ec1c4f8c-63d4-40b9-a6a6-0eebf560976b internalUser994
16:20:55.803 [Test worker] DEBUG tourGuide.service.TourGuideService - User : 088ea7c4-20bb-432b-b813-9702f7c89267 internalUser995
16:20:55.803 [Test worker] DEBUG tourGuide.service.TourGuideService - User : 17cdc74e-43cb-4e3c-bf6d-5fc4a61bacc7 internalUser996
16:20:55.803 [Test worker] DEBUG tourGuide.service.TourGuideService - User : f2f32ed1-4653-4c12-8bea-d343ac75dfb1 internalUser997
16:20:55.803 [Test worker] DEBUG tourGuide.service.TourGuideService - User : fdf8965f-d5c0-4081-86b3-86df28956ded internalUser998
16:20:55.803 [Test worker] DEBUG tourGuide.service.TourGuideService - User : 3000be3f-6af1-43dc-bf8d-85d7a785cfb8 internalUser999
16:20:55.803 [Test worker] DEBUG tourGuide.service.TourGuideService - Created 1000 internal test users.
16:20:55.803 [Test worker] DEBUG tourGuide.service.TourGuideService - Finished initializing users
16:20:55.813 [Test worker] INFO tourGuide.service.TourGuideService - addShutDownHook
16:20:55.823 [Test worker] INFO tourGuide.service.TourGuideService - trackUserLocationForAllUsers
16:20:55.823 [Test worker] INFO tourGuide.service.TourGuideService - trackUserLocationAsync for user : internalUser163
16:20:55.831 [Test worker] INFO tourGuide.service.TourGuideService - trackUserLocationAsync for user : internalUser164
16:20:55.833 [Test worker] INFO tourGuide.service.TourGuideService - trackUserLocationAsync for user : internalUser161
16:20:55.833 [Test worker] INFO tourGuide.service.TourGuideService - trackUserLocationAsync for user : internalUser162
16:20:55.833 [Test worker] INFO tourGuide.service.TourGuideService - trackUserLocationAsync for user : internalUser160
16:20:55.833 [Test worker] INFO tourGuide.service.TourGuideService - trackUserLocationAsync for user : internalUser169
16:20:55.833 [Test worker] INFO tourGuide.service.TourGuideService - trackUserLocationAsync for user : internalUser167
16:20:55.833 [Test worker] INFO tourGuide.service.TourGuideService - trackUserLocationAsync for user : internalUser168
16:20:55.833 [Test worker] INFO tourGuide.service.TourGuideService - trackUserLocationAsync for user : internalUser165
16:20:55.833 [Test worker] INFO tourGuide.service.TourGuideService - trackUserLocationAsync for user : internalUser166
16:20:55.833 [Test worker] INFO tourGuide.service.TourGuideService - trackUserLocationAsync for user : internalUser174
16:20:55.833 [Test worker] INFO tourGuide.service.TourGuideService - trackUserLocationAsync for user : internalUser175
16:20:55.833 [Test worker] INFO tourGuide.service.TourGuideService - trackUserLocationAsync for user : internalUser172
16:20:55.833 [Test worker] INFO tourGuide.service.TourGuideService - trackUserLocationAsync for user : internalUser173
16:20:55.833 [Test worker] INFO tourGuide.service.TourGuideService - trackUserLocationAsync for user : internalUser170
16:20:55.833 [Test worker] INFO tourGuide.service.TourGuideService - trackUserLocationAsync for user : internalUser171
16:20:55.833 [Test worker] INFO tourGuide.service.TourGuideService - trackUserLocationAsync for user : internalUser178
16:20:55.833 [Test worker] INFO tourGuide.service.TourGuideService - trackUserLocationAsync for user : internalUser179
16:20:55.833 [Test worker] INFO tourGuide.service.TourGuideService - trackUserLocationAsync for user : internalUser176
16:20:55.833 [Test worker] INFO tourGuide.service.TourGuideService - trackUserLocationAsync for user : internalUser177
16:20:55.833 [Test worker] INFO tourGuide.service.TourGuideService - trackUserLocationAsync for user : internalUser185
16:20:55.833 [Test worker] INFO tourGuide.service.TourGuideService - trackUserLocationAsync for user : internalUser186
16:20:55.833 [Test worker] INFO tourGuide.service.TourGuideService - trackUserLocationAsync for user : internalUser183
16:20:55.833 [Test worker] INFO tourGuide.service.TourGuideService - trackUserLocationAsync for user : internalUser184
16:20:55.841 [Test worker] INFO tourGuide.service.TourGuideService - trackUserLocationAsync for user : internalUser181
16:20:55.841 [Test worker] INFO tourGuide.service.TourGuideService - trackUserLocationAsync for user : internalUser182
16:20:55.841 [Test worker] INFO tourGuide.service.TourGuideService - trackUserLocationAsync for user : internalUser180
16:20:55.841 [Test worker] INFO tourGuide.service.TourGuideService - trackUserLocationAsync for user : internalUser189
16:20:55.841 [Test worker] INFO tourGuide.service.TourGuideService - trackUserLocationAsync for user : internalUser187
16:20:55.841 [Test worker] INFO tourGuide.service.TourGuideService - trackUserLocationAsync for user : internalUser188
16:20:55.841 [Test worker] INFO tourGuide.service.TourGuideService - trackUserLocationAsync for user : internalUser196
16:20:55.841 [Test worker] INFO tourGuide.service.TourGuideService - trackUserLocationAsync for user : internalUser197
16:20:55.841 [Test worker] INFO tourGuide.service.TourGuideService - trackUserLocationAsync for user : internalUser194
16:20:55.843 [Test worker] INFO tourGuide.service.TourGuideService - trackUserLocationAsync for user : internalUser195
16:20:55.843 [Test worker] INFO tourGuide.service.TourGuideService - trackUserLocationAsync for user : internalUser192
16:20:55.843 [Test worker] INFO tourGuide.service.TourGuideService - trackUserLocationAsync for user : internalUser193
16:20:55.843 [Test worker] INFO tourGuide.service.TourGuideService - trackUserLocationAsync for user : internalUser190
16:20:55.843 [Test worker] INFO tourGuide.service.TourGuideService - trackUserLocationAsync for user : internalUser191
16:20:55.843 [Test worker] INFO tourGuide.service.TourGuideService - trackUserLocationAsync for user : internalUser198
16:20:55.843 [Test worker] INFO tourGuide.service.TourGuideService - trackUserLocationAsync for user : internalUser199
16:20:55.843 [Test worker] INFO tourGuide.service.TourGuideService - trackUserLocationAsync for user : internalUser361
16:20:55.843 [Test worker] INFO tourGuide.service.TourGuideService - trackUserLocationAsync for user : internalUser120
16:20:55.843 [Test worker] INFO tourGuide.service.TourGuideService - trackUserLocationAsync for user : internalUser362
16:20:55.843 [Test worker] INFO tourGuide.service.TourGuideService - trackUserLocationAsync for user : internalUser360
16:20:55.843 [Test worker] INFO tourGuide.service.TourGuideService - trackUserLocationAsync for user : internalUser127
16:20:55.843 [Test worker] INFO tourGuide.service.TourGuideService - trackUserLocationAsync for user : internalUser369
16:20:55.843 [Test worker] INFO tourGuide.service.TourGuideService - trackUserLocationAsync for user : internalUser128
16:20:55.843 [Test worker] INFO tourGuide.service.TourGuideService - trackUserLocationAsync for user : internalUser125
16:20:55.843 [Test worker] INFO tourGuide.service.TourGuideService - trackUserLocationAsync for user : internalUser367
16:20:55.843 [Test worker] INFO tourGuide.service.TourGuideService - trackUserLocationAsync for user : internalUser126
16:20:55.843 [Test worker] INFO tourGuide.service.TourGuideService - trackUserLocationAsync for user : internalUser368
16:20:55.843 [Test worker] INFO tourGuide.service.TourGuideService - trackUserLocationAsync for user : internalUser123
16:20:55.843 [Test worker] INFO tourGuide.service.TourGuideService - trackUserLocationAsync for user : internalUser365
16:20:55.843 [Test worker] INFO tourGuide.service.TourGuideService - trackUserLocationAsync for user : internalUser124
16:20:55.843 [Test worker] INFO tourGuide.service.TourGuideService - trackUserLocationAsync for user : internalUser366
16:20:55.843 [Test worker] INFO tourGuide.service.TourGuideService - trackUserLocationAsync for user : internalUser121
16:20:55.843 [Test worker] INFO tourGuide.service.TourGuideService - trackUserLocationAsync for user : internalUser363
16:20:55.843 [Test worker] INFO tourGuide.service.TourGuideService - trackUserLocationAsync for user : internalUser122
16:20:55.843 [Test worker] INFO tourGuide.service.TourGuideService - trackUserLocationAsync for user : internalUser364
16:20:55.843 [Test worker] INFO tourGuide.service.TourGuideService - trackUserLocationAsync for user : internalUser129
16:20:55.843 [Test worker] INFO tourGuide.service.TourGuideService - trackUserLocationAsync for user : internalUser130
16:20:55.843 [Test worker] INFO tourGuide.service.TourGuideService - trackUserLocationAsync for user : internalUser372
16:20:55.843 [Test worker] INFO tourGuide.service.TourGuideService - trackUserLocationAsync for user : internalUser131
16:20:55.843 [Test worker] INFO tourGuide.service.TourGuideService - trackUserLocationAsync for user : internalUser373
16:20:55.843 [Test worker] INFO tourGuide.service.TourGuideService - trackUserLocationAsync for user : internalUser370
16:20:55.843 [Test worker] INFO tourGuide.service.TourGuideService - trackUserLocationAsync for user : internalUser371
16:20:55.843 [Test worker] INFO tourGuide.service.TourGuideService - trackUserLocationAsync for user : internalUser138
16:20:55.843 [Test worker] INFO tourGuide.service.TourGuideService - trackUserLocationAsync for user : internalUser139
16:20:55.843 [Test worker] INFO tourGuide.service.TourGuideService - trackUserLocationAsync for user : internalUser136
16:20:55.843 [Test worker] INFO tourGuide.service.TourGuideService - trackUserLocationAsync for user : internalUser378
16:20:55.843 [Test worker] INFO tourGuide.service.TourGuideService - trackUserLocationAsync for user : internalUser137
16:20:55.843 [Test worker] INFO tourGuide.service.TourGuideService - trackUserLocationAsync for user : internalUser379
16:20:55.851 [Test worker] INFO tourGuide.service.TourGuideService - trackUserLocationAsync for user : internalUser134
16:20:55.851 [Test worker] INFO tourGuide.service.TourGuideService - trackUserLocationAsync for user : internalUser376
16:20:55.851 [Test worker] INFO tourGuide.service.TourGuideService - trackUserLocationAsync for user : internalUser135
16:20:55.851 [Test worker] INFO tourGuide.service.TourGuideService - trackUserLocationAsync for user : internalUser377
16:20:55.851 [Test worker] INFO tourGuide.service.TourGuideService - trackUserLocationAsync for user : internalUser132
16:20:55.851 [Test worker] INFO tourGuide.service.TourGuideService - trackUserLocationAsync for user : internalUser374
16:20:55.851 [Test worker] INFO tourGuide.service.TourGuideService - trackUserLocationAsync for user : internalUser133
16:20:55.851 [Test worker] INFO tourGuide.service.TourGuideService - trackUserLocationAsync for user : internalUser375
16:20:55.851 [Test worker] INFO tourGuide.service.TourGuideService - trackUserLocationAsync for user : internalUser141
16:20:55.851 [Test worker] INFO tourGuide.service.TourGuideService - trackUserLocationAsync for user : internalUser383
16:20:55.853 [Test worker] INFO tourGuide.service.TourGuideService - trackUserLocationAsync for user : internalUser142
16:20:55.853 [Test worker] INFO tourGuide.service.TourGuideService - trackUserLocationAsync for user : internalUser384
16:20:55.853 [Test worker] INFO tourGuide.service.TourGuideService - trackUserLocationAsync for user : internalUser381
16:20:55.853 [Test worker] INFO tourGuide.service.TourGuideService - trackUserLocationAsync for user : internalUser140
16:20:55.853 [Test worker] INFO tourGuide.service.TourGuideService - trackUserLocationAsync for user : internalUser382
16:20:55.853 [Test worker] INFO tourGuide.service.TourGuideService - trackUserLocationAsync for user : internalUser380
16:20:55.853 [Test worker] INFO tourGuide.service.TourGuideService - trackUserLocationAsync for user : internalUser149
16:20:55.853 [Test worker] INFO tourGuide.service.TourGuideService - trackUserLocationAsync for user : internalUser147
16:20:55.853 [Test worker] INFO tourGuide.service.TourGuideService - trackUserLocationAsync for user : internalUser389
16:20:55.853 [Test worker] INFO tourGuide.service.TourGuideService - trackUserLocationAsync for user : internalUser148
16:20:55.853 [Test worker] INFO tourGuide.service.TourGuideService - trackUserLocationAsync for user : internalUser145
16:20:55.853 [Test worker] INFO tourGuide.service.TourGuideService - trackUserLocationAsync for user : internalUser387
16:20:55.853 [Test worker] INFO tourGuide.service.TourGuideService - trackUserLocationAsync for user : internalUser146
16:20:55.853 [Test worker] INFO tourGuide.service.TourGuideService - trackUserLocationAsync for user : internalUser388
16:20:55.853 [Test worker] INFO tourGuide.service.TourGuideService - trackUserLocationAsync for user : internalUser143
16:20:55.853 [Test worker] INFO tourGuide.service.TourGuideService - trackUserLocationAsync for user : internalUser385
16:20:55.853 [Test worker] INFO tourGuide.service.TourGuideService - trackUserLocationAsync for user : internalUser144
16:20:55.853 [Test worker] INFO tourGuide.service.TourGuideService - trackUserLocationAsync for user : internalUser386
16:20:55.853 [Test worker] INFO tourGuide.service.TourGuideService - trackUserLocationAsync for user : internalUser152
16:20:55.853 [Test worker] INFO tourGuide.service.TourGuideService - trackUserLocationAsync for user : internalUser394
16:20:55.853 [Test worker] INFO tourGuide.service.TourGuideService - trackUserLocationAsync for user : internalUser153
16:20:55.853 [Test worker] INFO tourGuide.service.TourGuideService - trackUserLocationAsync for user : internalUser395
16:20:55.853 [Test worker] INFO tourGuide.service.TourGuideService - trackUserLocationAsync for user : internalUser150
16:20:55.853 [Test worker] INFO tourGuide.service.TourGuideService - trackUserLocationAsync for user : internalUser392
16:20:55.853 [Test worker] INFO tourGuide.service.TourGuideService - trackUserLocationAsync for user : internalUser151
16:20:55.853 [Test worker] INFO tourGuide.service.TourGuideService - trackUserLocationAsync for user : internalUser393
16:20:55.853 [Test worker] INFO tourGuide.service.TourGuideService - trackUserLocationAsync for user : internalUser390
16:20:55.853 [Test worker] INFO tourGuide.service.TourGuideService - trackUserLocationAsync for user : internalUser391
16:20:55.853 [Test worker] INFO tourGuide.service.TourGuideService - trackUserLocationAsync for user : internalUser158
16:20:55.853 [Test worker] INFO tourGuide.service.TourGuideService - trackUserLocationAsync for user : internalUser159
16:20:55.853 [Test worker] INFO tourGuide.service.TourGuideService - trackUserLocationAsync for user : internalUser156
16:20:55.853 [Test worker] INFO tourGuide.service.TourGuideService - trackUserLocationAsync for user : internalUser398
16:20:55.853 [Test worker] INFO tourGuide.service.TourGuideService - trackUserLocationAsync for user : internalUser157
16:20:55.853 [Test worker] INFO tourGuide.service.TourGuideService - trackUserLocationAsync for user : internalUser399
16:20:55.853 [Test worker] INFO tourGuide.service.TourGuideService - trackUserLocationAsync for user : internalUser154
16:20:55.853 [Test worker] INFO tourGuide.service.TourGuideService - trackUserLocationAsync for user : internalUser396
16:20:55.853 [Test worker] INFO tourGuide.service.TourGuideService - trackUserLocationAsync for user : internalUser155
16:20:55.853 [Test worker] INFO tourGuide.service.TourGuideService - trackUserLocationAsync for user : internalUser397
16:20:55.853 [Test worker] INFO tourGuide.service.TourGuideService - trackUserLocationAsync for user : internalUser560
16:20:55.853 [Test worker] INFO tourGuide.service.TourGuideService - trackUserLocationAsync for user : internalUser325
16:20:55.853 [Test worker] INFO tourGuide.service.TourGuideService - trackUserLocationAsync for user : internalUser567
16:20:55.853 [Test worker] INFO tourGuide.service.TourGuideService - trackUserLocationAsync for user : internalUser326
16:20:55.853 [Test worker] INFO tourGuide.service.TourGuideService - trackUserLocationAsync for user : internalUser568
16:20:55.853 [Test worker] INFO tourGuide.service.TourGuideService - trackUserLocationAsync for user : internalUser323
16:20:55.853 [Test worker] INFO tourGuide.service.TourGuideService - trackUserLocationAsync for user : internalUser565
16:20:55.853 [Test worker] INFO tourGuide.service.TourGuideService - trackUserLocationAsync for user : internalUser324
16:20:55.853 [Test worker] INFO tourGuide.service.TourGuideService - trackUserLocationAsync for user : internalUser566
16:20:55.853 [Test worker] INFO tourGuide.service.TourGuideService - trackUserLocationAsync for user : internalUser321
16:20:55.853 [Test worker] INFO tourGuide.service.TourGuideService - trackUserLocationAsync for user : internalUser563
16:20:55.853 [Test worker] INFO tourGuide.service.TourGuideService - trackUserLocationAsync for user : internalUser322
16:20:55.853 [Test worker] INFO tourGuide.service.TourGuideService - trackUserLocationAsync for user : internalUser564
16:20:55.853 [Test worker] INFO tourGuide.service.TourGuideService - trackUserLocationAsync for user : internalUser561
16:20:55.853 [Test worker] INFO tourGuide.service.TourGuideService - trackUserLocationAsync for user : internalUser320
16:20:55.853 [Test worker] INFO tourGuide.service.TourGuideService - trackUserLocationAsync for user : internalUser562
16:20:55.853 [Test worker] INFO tourGuide.service.TourGuideService - trackUserLocationAsync for user : internalUser329
16:20:55.853 [Test worker] INFO tourGuide.service.TourGuideService - trackUserLocationAsync for user : internalUser327
16:20:55.853 [Test worker] INFO tourGuide.service.TourGuideService - trackUserLocationAsync for user : internalUser569
16:20:55.853 [Test worker] INFO tourGuide.service.TourGuideService - trackUserLocationAsync for user : internalUser328
16:20:55.853 [Test worker] INFO tourGuide.service.TourGuideService - trackUserLocationAsync for user : internalUser570
16:20:55.853 [Test worker] INFO tourGuide.service.TourGuideService - trackUserLocationAsync for user : internalUser571
16:20:55.853 [Test worker] INFO tourGuide.service.TourGuideService - trackUserLocationAsync for user : internalUser336
16:20:55.853 [Test worker] INFO tourGuide.service.TourGuideService - trackUserLocationAsync for user : internalUser578
16:20:55.853 [Test worker] INFO tourGuide.service.TourGuideService - trackUserLocationAsync for user : internalUser337
16:20:55.853 [Test worker] INFO tourGuide.service.TourGuideService - trackUserLocationAsync for user : internalUser579
16:20:55.861 [Test worker] INFO tourGuide.service.TourGuideService - trackUserLocationAsync for user : internalUser334
16:20:55.861 [Test worker] INFO tourGuide.service.TourGuideService - trackUserLocationAsync for user : internalUser576
16:20:55.861 [Test worker] INFO tourGuide.service.TourGuideService - trackUserLocationAsync for user : internalUser335
16:20:55.862 [Test worker] INFO tourGuide.service.TourGuideService - trackUserLocationAsync for user : internalUser577
16:20:55.862 [Test worker] INFO tourGuide.service.TourGuideService - trackUserLocationAsync for user : internalUser332
16:20:55.862 [Test worker] INFO tourGuide.service.TourGuideService - trackUserLocationAsync for user : internalUser574
16:20:55.862 [Test worker] INFO tourGuide.service.TourGuideService - trackUserLocationAsync for user : internalUser333
16:20:55.862 [Test worker] INFO tourGuide.service.TourGuideService - trackUserLocationAsync for user : internalUser575
16:20:55.862 [Test worker] INFO tourGuide.service.TourGuideService - trackUserLocationAsync for user : internalUser330
16:20:55.862 [Test worker] INFO tourGuide.service.TourGuideService - trackUserLocationAsync for user : internalUser572
16:20:55.862 [Test worker] INFO tourGuide.service.TourGuideService - trackUserLocationAsync for user : internalUser331
16:20:55.862 [Test worker] INFO tourGuide.service.TourGuideService - trackUserLocationAsync for user : internalUser573
16:20:55.872 [Test worker] INFO tourGuide.service.TourGuideService - trackUserLocationAsync for user : internalUser338
16:20:55.872 [Test worker] INFO tourGuide.service.TourGuideService - trackUserLocationAsync for user : internalUser339
16:20:55.872 [Test worker] INFO tourGuide.service.TourGuideService - trackUserLocationAsync for user : internalUser581
16:20:55.872 [Test worker] INFO tourGuide.service.TourGuideService - trackUserLocationAsync for user : internalUser340
16:20:55.872 [Test worker] INFO tourGuide.service.TourGuideService - trackUserLocationAsync for user : internalUser582
16:20:55.872 [Test worker] INFO tourGuide.service.TourGuideService - trackUserLocationAsync for user : internalUser9
16:20:55.872 [Test worker] INFO tourGuide.service.TourGuideService - trackUserLocationAsync for user : internalUser8
16:20:55.872 [Test worker] INFO tourGuide.service.TourGuideService - trackUserLocationAsync for user : internalUser580
16:20:55.872 [Test worker] INFO tourGuide.service.TourGuideService - trackUserLocationAsync for user : internalUser105
16:20:55.872 [Test worker] INFO tourGuide.service.TourGuideService - trackUserLocationAsync for user : internalUser347
16:20:55.872 [Test worker] INFO tourGuide.service.TourGuideService - trackUserLocationAsync for user : internalUser589
16:20:55.872 [pool-3-thread-1] DEBUG tourGuide.tracker.Tracker - Begin Tracker. Tracking 1000 users.
16:20:55.872 [pool-3-thread-1] INFO tourGuide.service.TourGuideService - trackUserLocationForAllUsers
16:20:55.872 [pool-3-thread-1] INFO tourGuide.service.TourGuideService - trackUserLocationAsync for user : internalUser163
16:20:55.872 [pool-3-thread-1] INFO tourGuide.service.TourGuideService - trackUserLocationAsync for user : internalUser164
16:20:55.874 [pool-3-thread-1] INFO tourGuide.service.TourGuideService - trackUserLocationAsync for user : internalUser161
16:20:55.874 [pool-3-thread-1] INFO tourGuide.service.TourGuideService - trackUserLocationAsync for user : internalUser162
16:20:55.874 [pool-3-thread-1] INFO tourGuide.service.TourGuideService - trackUserLocationAsync for user : internalUser160
16:20:55.874 [pool-3-thread-1] INFO tourGuide.service.TourGuideService - trackUserLocationAsync for user : internalUser169
16:20:55.874 [pool-3-thread-1] INFO tourGuide.service.TourGuideService - trackUserLocationAsync for user : internalUser167
16:20:55.874 [pool-3-thread-1] INFO tourGuide.service.TourGuideService - trackUserLocationAsync for user : internalUser168
16:20:55.874 [pool-3-thread-1] INFO tourGuide.service.TourGuideService - trackUserLocationAsync for user : internalUser165
16:20:55.874 [pool-3-thread-1] INFO tourGuide.service.TourGuideService - trackUserLocationAsync for user : internalUser166
16:20:55.874 [pool-3-thread-1] INFO tourGuide.service.TourGuideService - trackUserLocationAsync for user : internalUser174
16:20:55.874 [pool-3-thread-1] INFO tourGuide.service.TourGuideService - trackUserLocationAsync for user : internalUser175
16:20:55.874 [pool-3-thread-1] INFO tourGuide.service.TourGuideService - trackUserLocationAsync for user : internalUser172
16:20:55.874 [pool-3-thread-1] INFO tourGuide.service.TourGuideService - trackUserLocationAsync for user : internalUser173
16:20:55.874 [pool-3-thread-1] INFO tourGuide.service.TourGuideService - trackUserLocationAsync for user : internalUser170
16:20:55.874 [pool-3-thread-1] INFO tourGuide.service.TourGuideService - trackUserLocationAsync for user : internalUser171
16:20:55.874 [pool-3-thread-1] INFO tourGuide.service.TourGuideService - trackUserLocationAsync for user : internalUser178
16:20:55.874 [pool-3-thread-1] INFO tourGuide.service.TourGuideService - trackUserLocationAsync for user : internalUser179
16:20:55.874 [pool-3-thread-1] INFO tourGuide.service.TourGuideService - trackUserLocationAsync for user : internalUser176
16:20:55.874 [pool-3-thread-1] INFO tourGuide.service.TourGuideService - trackUserLocationAsync for user : internalUser177
16:20:55.874 [pool-3-thread-1] INFO tourGuide.service.TourGuideService - trackUserLocationAsync for user : internalUser185
16:20:55.874 [pool-3-thread-1] INFO tourGuide.service.TourGuideService - trackUserLocationAsync for user : internalUser186
16:20:55.874 [pool-3-thread-1] INFO tourGuide.service.TourGuideService - trackUserLocationAsync for user : internalUser183
16:20:55.874 [pool-3-thread-1] INFO tourGuide.service.TourGuideService - trackUserLocationAsync for user : internalUser184
16:20:55.874 [pool-3-thread-1] INFO tourGuide.service.TourGuideService - trackUserLocationAsync for user : internalUser181
16:20:55.874 [pool-3-thread-1] INFO tourGuide.service.TourGuideService - trackUserLocationAsync for user : internalUser182
16:20:55.874 [pool-3-thread-1] INFO tourGuide.service.TourGuideService - trackUserLocationAsync for user : internalUser180
16:20:55.874 [pool-3-thread-1] INFO tourGuide.service.TourGuideService - trackUserLocationAsync for user : internalUser189
16:20:55.874 [pool-3-thread-1] INFO tourGuide.service.TourGuideService - trackUserLocationAsync for user : internalUser187
16:20:55.874 [pool-3-thread-1] INFO tourGuide.service.TourGuideService - trackUserLocationAsync for user : internalUser188
16:20:55.874 [pool-3-thread-1] INFO tourGuide.service.TourGuideService - trackUserLocationAsync for user : internalUser196
16:20:55.874 [pool-3-thread-1] INFO tourGuide.service.TourGuideService - trackUserLocationAsync for user : internalUser197
16:20:55.874 [pool-3-thread-1] INFO tourGuide.service.TourGuideService - trackUserLocationAsync for user : internalUser194
16:20:55.874 [pool-3-thread-1] INFO tourGuide.service.TourGuideService - trackUserLocationAsync for user : internalUser195
16:20:55.874 [pool-3-thread-1] INFO tourGuide.service.TourGuideService - trackUserLocationAsync for user : internalUser192
16:20:55.874 [pool-3-thread-1] INFO tourGuide.service.TourGuideService - trackUserLocationAsync for user : internalUser193
16:20:55.874 [pool-3-thread-1] INFO tourGuide.service.TourGuideService - trackUserLocationAsync for user : internalUser190
16:20:55.874 [pool-3-thread-1] INFO tourGuide.service.TourGuideService - trackUserLocationAsync for user : internalUser191
16:20:55.874 [pool-3-thread-1] INFO tourGuide.service.TourGuideService - trackUserLocationAsync for user : internalUser198
16:20:55.874 [pool-3-thread-1] INFO tourGuide.service.TourGuideService - trackUserLocationAsync for user : internalUser199
16:20:55.874 [pool-3-thread-1] INFO tourGuide.service.TourGuideService - trackUserLocationAsync for user : internalUser361
16:20:55.874 [pool-3-thread-1] INFO tourGuide.service.TourGuideService - trackUserLocationAsync for user : internalUser120
16:20:55.874 [pool-3-thread-1] INFO tourGuide.service.TourGuideService - trackUserLocationAsync for user : internalUser362
16:20:55.874 [pool-3-thread-1] INFO tourGuide.service.TourGuideService - trackUserLocationAsync for user : internalUser360
16:20:55.874 [Test worker] INFO tourGuide.service.TourGuideService - trackUserLocationAsync for user : internalUser106
16:20:55.874 [pool-3-thread-1] INFO tourGuide.service.TourGuideService - trackUserLocationAsync for user : internalUser127
16:20:55.874 [pool-3-thread-1] INFO tourGuide.service.TourGuideService - trackUserLocationAsync for user : internalUser369
16:20:55.874 [pool-3-thread-1] INFO tourGuide.service.TourGuideService - trackUserLocationAsync for user : internalUser128
16:20:55.874 [pool-3-thread-1] INFO tourGuide.service.TourGuideService - trackUserLocationAsync for user : internalUser125
16:20:55.874 [pool-3-thread-1] INFO tourGuide.service.TourGuideService - trackUserLocationAsync for user : internalUser367
16:20:55.874 [pool-3-thread-1] INFO tourGuide.service.TourGuideService - trackUserLocationAsync for user : internalUser126
16:20:55.874 [pool-3-thread-1] INFO tourGuide.service.TourGuideService - trackUserLocationAsync for user : internalUser368
16:20:55.874 [pool-3-thread-1] INFO tourGuide.service.TourGuideService - trackUserLocationAsync for user : internalUser123
16:20:55.874 [pool-3-thread-1] INFO tourGuide.service.TourGuideService - trackUserLocationAsync for user : internalUser365
16:20:55.874 [pool-3-thread-1] INFO tourGuide.service.TourGuideService - trackUserLocationAsync for user : internalUser124
16:20:55.874 [pool-3-thread-1] INFO tourGuide.service.TourGuideService - trackUserLocationAsync for user : internalUser366
16:20:55.874 [pool-3-thread-1] INFO tourGuide.service.TourGuideService - trackUserLocationAsync for user : internalUser121
16:20:55.874 [Test worker] INFO tourGuide.service.TourGuideService - trackUserLocationAsync for user : internalUser348
16:20:55.874 [pool-3-thread-1] INFO tourGuide.service.TourGuideService - trackUserLocationAsync for user : internalUser363
16:20:55.874 [pool-3-thread-1] INFO tourGuide.service.TourGuideService - trackUserLocationAsync for user : internalUser122
16:20:55.874 [pool-3-thread-1] INFO tourGuide.service.TourGuideService - trackUserLocationAsync for user : internalUser364
16:20:55.874 [pool-3-thread-1] INFO tourGuide.service.TourGuideService - trackUserLocationAsync for user : internalUser129
16:20:55.874 [pool-3-thread-1] INFO tourGuide.service.TourGuideService - trackUserLocationAsync for user : internalUser130
16:20:55.874 [pool-3-thread-1] INFO tourGuide.service.TourGuideService - trackUserLocationAsync for user : internalUser372
16:20:55.874 [pool-3-thread-1] INFO tourGuide.service.TourGuideService - trackUserLocationAsync for user : internalUser131
16:20:55.874 [pool-3-thread-1] INFO tourGuide.service.TourGuideService - trackUserLocationAsync for user : internalUser373
16:20:55.874 [pool-3-thread-1] INFO tourGuide.service.TourGuideService - trackUserLocationAsync for user : internalUser370
16:20:55.874 [pool-3-thread-1] INFO tourGuide.service.TourGuideService - trackUserLocationAsync for user : internalUser371
16:20:55.874 [pool-3-thread-1] INFO tourGuide.service.TourGuideService - trackUserLocationAsync for user : internalUser138
16:20:55.874 [pool-3-thread-1] INFO tourGuide.service.TourGuideService - trackUserLocationAsync for user : internalUser139
16:20:55.874 [pool-3-thread-1] INFO tourGuide.service.TourGuideService - trackUserLocationAsync for user : internalUser136
16:20:55.874 [pool-3-thread-1] INFO tourGuide.service.TourGuideService - trackUserLocationAsync for user : internalUser378
16:20:55.874 [pool-3-thread-1] INFO tourGuide.service.TourGuideService - trackUserLocationAsync for user : internalUser137
16:20:55.874 [pool-3-thread-1] INFO tourGuide.service.TourGuideService - trackUserLocationAsync for user : internalUser379
16:20:55.874 [pool-3-thread-1] INFO tourGuide.service.TourGuideService - trackUserLocationAsync for user : internalUser134
16:20:55.874 [pool-3-thread-1] INFO tourGuide.service.TourGuideService - trackUserLocationAsync for user : internalUser376
16:20:55.874 [pool-3-thread-1] INFO tourGuide.service.TourGuideService - trackUserLocationAsync for user : internalUser135
16:20:55.874 [pool-3-thread-1] INFO tourGuide.service.TourGuideService - trackUserLocationAsync for user : internalUser377
16:20:55.874 [pool-3-thread-1] INFO tourGuide.service.TourGuideService - trackUserLocationAsync for user : internalUser132
16:20:55.874 [pool-3-thread-1] INFO tourGuide.service.TourGuideService - trackUserLocationAsync for user : internalUser374
16:20:55.874 [pool-3-thread-1] INFO tourGuide.service.TourGuideService - trackUserLocationAsync for user : internalUser133
16:20:55.874 [pool-3-thread-1] INFO tourGuide.service.TourGuideService - trackUserLocationAsync for user : internalUser375
16:20:55.874 [pool-3-thread-1] INFO tourGuide.service.TourGuideService - trackUserLocationAsync for user : internalUser141
16:20:55.874 [pool-3-thread-1] INFO tourGuide.service.TourGuideService - trackUserLocationAsync for user : internalUser383
16:20:55.874 [pool-3-thread-1] INFO tourGuide.service.TourGuideService - trackUserLocationAsync for user : internalUser142
16:20:55.874 [pool-3-thread-1] INFO tourGuide.service.TourGuideService - trackUserLocationAsync for user : internalUser384
16:20:55.874 [pool-3-thread-1] INFO tourGuide.service.TourGuideService - trackUserLocationAsync for user : internalUser381
16:20:55.874 [pool-3-thread-1] INFO tourGuide.service.TourGuideService - trackUserLocationAsync for user : internalUser140
16:20:55.874 [pool-3-thread-1] INFO tourGuide.service.TourGuideService - trackUserLocationAsync for user : internalUser382
16:20:55.874 [pool-3-thread-1] INFO tourGuide.service.TourGuideService - trackUserLocationAsync for user : internalUser380
16:20:55.874 [pool-3-thread-1] INFO tourGuide.service.TourGuideService - trackUserLocationAsync for user : internalUser149
16:20:55.874 [pool-3-thread-1] INFO tourGuide.service.TourGuideService - trackUserLocationAsync for user : internalUser147
16:20:55.874 [pool-3-thread-1] INFO tourGuide.service.TourGuideService - trackUserLocationAsync for user : internalUser389
16:20:55.874 [pool-3-thread-1] INFO tourGuide.service.TourGuideService - trackUserLocationAsync for user : internalUser148
16:20:55.874 [pool-3-thread-1] INFO tourGuide.service.TourGuideService - trackUserLocationAsync for user : internalUser145
16:20:55.874 [pool-3-thread-1] INFO tourGuide.service.TourGuideService - trackUserLocationAsync for user : internalUser387
16:20:55.874 [pool-3-thread-1] INFO tourGuide.service.TourGuideService - trackUserLocationAsync for user : internalUser146
16:20:55.874 [pool-3-thread-1] INFO tourGuide.service.TourGuideService - trackUserLocationAsync for user : internalUser388
16:20:55.874 [pool-3-thread-1] INFO tourGuide.service.TourGuideService - trackUserLocationAsync for user : internalUser143
16:20:55.874 [pool-3-thread-1] INFO tourGuide.service.TourGuideService - trackUserLocationAsync for user : internalUser385
16:20:55.874 [pool-3-thread-1] INFO tourGuide.service.TourGuideService - trackUserLocationAsync for user : internalUser144
16:20:55.874 [pool-3-thread-1] INFO tourGuide.service.TourGuideService - trackUserLocationAsync for user : internalUser386
16:20:55.874 [pool-3-thread-1] INFO tourGuide.service.TourGuideService - trackUserLocationAsync for user : internalUser152
16:20:55.874 [pool-3-thread-1] INFO tourGuide.service.TourGuideService - trackUserLocationAsync for user : internalUser394
16:20:55.874 [pool-3-thread-1] INFO tourGuide.service.TourGuideService - trackUserLocationAsync for user : internalUser153
16:20:55.874 [pool-3-thread-1] INFO tourGuide.service.TourGuideService - trackUserLocationAsync for user : internalUser395
16:20:55.874 [pool-3-thread-1] INFO tourGuide.service.TourGuideService - trackUserLocationAsync for user : internalUser150
16:20:55.884 [pool-3-thread-1] INFO tourGuide.service.TourGuideService - trackUserLocationAsync for user : internalUser392
16:20:55.884 [pool-3-thread-1] INFO tourGuide.service.TourGuideService - trackUserLocationAsync for user : internalUser151
16:20:55.884 [pool-3-thread-1] INFO tourGuide.service.TourGuideService - trackUserLocationAsync for user : internalUser393
16:20:55.884 [pool-3-thread-1] INFO tourGuide.service.TourGuideService - trackUserLocationAsync for user : internalUser390
16:20:55.884 [pool-3-thread-1] INFO tourGuide.service.TourGuideService - trackUserLocationAsync for user : internalUser391
16:20:55.884 [pool-3-thread-1] INFO tourGuide.service.TourGuideService - trackUserLocationAsync for user : internalUser158
16:20:55.884 [pool-3-thread-1] INFO tourGuide.service.TourGuideService - trackUserLocationAsync for user : internalUser159
16:20:55.884 [pool-3-thread-1] INFO tourGuide.service.TourGuideService - trackUserLocationAsync for user : internalUser156
16:20:55.884 [pool-3-thread-1] INFO tourGuide.service.TourGuideService - trackUserLocationAsync for user : internalUser398
16:20:55.884 [pool-3-thread-1] INFO tourGuide.service.TourGuideService - trackUserLocationAsync for user : internalUser157
16:20:55.884 [pool-3-thread-1] INFO tourGuide.service.TourGuideService - trackUserLocationAsync for user : internalUser399
16:20:55.884 [pool-3-thread-1] INFO tourGuide.service.TourGuideService - trackUserLocationAsync for user : internalUser154
16:20:55.884 [pool-3-thread-1] INFO tourGuide.service.TourGuideService - trackUserLocationAsync for user : internalUser396
16:20:55.884 [pool-3-thread-1] INFO tourGuide.service.TourGuideService - trackUserLocationAsync for user : internalUser155
16:20:55.884 [pool-3-thread-1] INFO tourGuide.service.TourGuideService - trackUserLocationAsync for user : internalUser397
16:20:55.884 [pool-3-thread-1] INFO tourGuide.service.TourGuideService - trackUserLocationAsync for user : internalUser560
16:20:55.884 [pool-3-thread-1] INFO tourGuide.service.TourGuideService - trackUserLocationAsync for user : internalUser325
16:20:55.884 [pool-3-thread-1] INFO tourGuide.service.TourGuideService - trackUserLocationAsync for user : internalUser567
16:20:55.884 [pool-3-thread-1] INFO tourGuide.service.TourGuideService - trackUserLocationAsync for user : internalUser326
16:20:55.884 [pool-3-thread-1] INFO tourGuide.service.TourGuideService - trackUserLocationAsync for user : internalUser568
16:20:55.884 [pool-3-thread-1] INFO tourGuide.service.TourGuideService - trackUserLocationAsync for user : internalUser323
16:20:55.884 [pool-3-thread-1] INFO tourGuide.service.TourGuideService - trackUserLocationAsync for user : internalUser565
16:20:55.884 [pool-3-thread-1] INFO tourGuide.service.TourGuideService - trackUserLocationAsync for user : internalUser324
16:20:55.884 [pool-3-thread-1] INFO tourGuide.service.TourGuideService - trackUserLocationAsync for user : internalUser566
16:20:55.884 [pool-3-thread-1] INFO tourGuide.service.TourGuideService - trackUserLocationAsync for user : internalUser321
16:20:55.892 [pool-3-thread-1] INFO tourGuide.service.TourGuideService - trackUserLocationAsync for user : internalUser563
16:20:55.892 [pool-3-thread-1] INFO tourGuide.service.TourGuideService - trackUserLocationAsync for user : internalUser322
16:20:55.892 [pool-3-thread-1] INFO tourGuide.service.TourGuideService - trackUserLocationAsync for user : internalUser564
16:20:55.892 [pool-3-thread-1] INFO tourGuide.service.TourGuideService - trackUserLocationAsync for user : internalUser561
16:20:55.892 [pool-3-thread-1] INFO tourGuide.service.TourGuideService - trackUserLocationAsync for user : internalUser320
16:20:55.892 [pool-3-thread-1] INFO tourGuide.service.TourGuideService - trackUserLocationAsync for user : internalUser562
16:20:55.892 [pool-3-thread-1] INFO tourGuide.service.TourGuideService - trackUserLocationAsync for user : internalUser329
16:20:55.892 [pool-3-thread-1] INFO tourGuide.service.TourGuideService - trackUserLocationAsync for user : internalUser327
16:20:55.892 [pool-3-thread-1] INFO tourGuide.service.TourGuideService - trackUserLocationAsync for user : internalUser569
16:20:55.892 [pool-3-thread-1] INFO tourGuide.service.TourGuideService - trackUserLocationAsync for user : internalUser328
16:20:55.892 [pool-3-thread-1] INFO tourGuide.service.TourGuideService - trackUserLocationAsync for user : internalUser570
16:20:55.892 [pool-3-thread-1] INFO tourGuide.service.TourGuideService - trackUserLocationAsync for user : internalUser571
16:20:55.892 [pool-3-thread-1] INFO tourGuide.service.TourGuideService - trackUserLocationAsync for user : internalUser336
16:20:55.892 [pool-3-thread-1] INFO tourGuide.service.TourGuideService - trackUserLocationAsync for user : internalUser578
16:20:55.892 [pool-3-thread-1] INFO tourGuide.service.TourGuideService - trackUserLocationAsync for user : internalUser337
16:20:55.892 [pool-3-thread-1] INFO tourGuide.service.TourGuideService - trackUserLocationAsync for user : internalUser579
16:20:55.892 [pool-3-thread-1] INFO tourGuide.service.TourGuideService - trackUserLocationAsync for user : internalUser334
16:20:55.892 [pool-3-thread-1] INFO tourGuide.service.TourGuideService - trackUserLocationAsync for user : internalUser576
16:20:55.892 [pool-3-thread-1] INFO tourGuide.service.TourGuideService - trackUserLocationAsync for user : internalUser335
16:20:55.892 [pool-3-thread-1] INFO tourGuide.service.TourGuideService - trackUserLocationAsync for user : internalUser577
16:20:55.892 [pool-3-thread-1] INFO tourGuide.service.TourGuideService - trackUserLocationAsync for user : internalUser332
16:20:55.892 [pool-3-thread-1] INFO tourGuide.service.TourGuideService - trackUserLocationAsync for user : internalUser574
16:20:55.892 [pool-3-thread-1] INFO tourGuide.service.TourGuideService - trackUserLocationAsync for user : internalUser333
16:20:55.892 [pool-3-thread-1] INFO tourGuide.service.TourGuideService - trackUserLocationAsync for user : internalUser575
16:20:55.892 [pool-3-thread-1] INFO tourGuide.service.TourGuideService - trackUserLocationAsync for user : internalUser330
16:20:55.892 [pool-3-thread-1] INFO tourGuide.service.TourGuideService - trackUserLocationAsync for user : internalUser572
16:20:55.892 [pool-3-thread-1] INFO tourGuide.service.TourGuideService - trackUserLocationAsync for user : internalUser331
16:20:55.892 [pool-3-thread-1] INFO tourGuide.service.TourGuideService - trackUserLocationAsync for user : internalUser573
16:20:55.892 [pool-3-thread-1] INFO tourGuide.service.TourGuideService - trackUserLocationAsync for user : internalUser338
16:20:55.892 [pool-3-thread-1] INFO tourGuide.service.TourGuideService - trackUserLocationAsync for user : internalUser339
16:20:55.892 [pool-3-thread-1] INFO tourGuide.service.TourGuideService - trackUserLocationAsync for user : internalUser581
16:20:55.892 [pool-3-thread-1] INFO tourGuide.service.TourGuideService - trackUserLocationAsync for user : internalUser340
16:20:55.892 [pool-3-thread-1] INFO tourGuide.service.TourGuideService - trackUserLocationAsync for user : internalUser582
16:20:55.892 [pool-3-thread-1] INFO tourGuide.service.TourGuideService - trackUserLocationAsync for user : internalUser9
16:20:55.892 [pool-3-thread-1] INFO tourGuide.service.TourGuideService - trackUserLocationAsync for user : internalUser8
16:20:55.892 [pool-3-thread-1] INFO tourGuide.service.TourGuideService - trackUserLocationAsync for user : internalUser580
16:20:55.892 [pool-3-thread-1] INFO tourGuide.service.TourGuideService - trackUserLocationAsync for user : internalUser105
16:20:55.892 [pool-3-thread-1] INFO tourGuide.service.TourGuideService - trackUserLocationAsync for user : internalUser347
16:20:55.892 [pool-3-thread-1] INFO tourGuide.service.TourGuideService - trackUserLocationAsync for user : internalUser589
16:20:55.892 [pool-3-thread-1] INFO tourGuide.service.TourGuideService - trackUserLocationAsync for user : internalUser106
16:20:55.892 [pool-3-thread-1] INFO tourGuide.service.TourGuideService - trackUserLocationAsync for user : internalUser348
16:20:55.892 [pool-3-thread-1] INFO tourGuide.service.TourGuideService - trackUserLocationAsync for user : internalUser103
16:20:55.892 [pool-3-thread-1] INFO tourGuide.service.TourGuideService - trackUserLocationAsync for user : internalUser345
16:20:55.892 [pool-3-thread-1] INFO tourGuide.service.TourGuideService - trackUserLocationAsync for user : internalUser587
16:20:55.892 [pool-3-thread-1] INFO tourGuide.service.TourGuideService - trackUserLocationAsync for user : internalUser104
16:20:55.892 [pool-3-thread-1] INFO tourGuide.service.TourGuideService - trackUserLocationAsync for user : internalUser346
16:20:55.892 [pool-3-thread-1] INFO tourGuide.service.TourGuideService - trackUserLocationAsync for user : internalUser588
16:20:55.894 [pool-3-thread-1] INFO tourGuide.service.TourGuideService - trackUserLocationAsync for user : internalUser101
16:20:55.894 [pool-3-thread-1] INFO tourGuide.service.TourGuideService - trackUserLocationAsync for user : internalUser343
16:20:55.894 [pool-3-thread-1] INFO tourGuide.service.TourGuideService - trackUserLocationAsync for user : internalUser585
16:20:55.894 [pool-3-thread-1] INFO tourGuide.service.TourGuideService - trackUserLocationAsync for user : internalUser102
16:20:55.894 [pool-3-thread-1] INFO tourGuide.service.TourGuideService - trackUserLocationAsync for user : internalUser344
16:20:55.894 [pool-3-thread-1] INFO tourGuide.service.TourGuideService - trackUserLocationAsync for user : internalUser586
16:20:55.894 [pool-3-thread-1] INFO tourGuide.service.TourGuideService - trackUserLocationAsync for user : internalUser341
16:20:55.894 [pool-3-thread-1] INFO tourGuide.service.TourGuideService - trackUserLocationAsync for user : internalUser583
16:20:55.894 [pool-3-thread-1] INFO tourGuide.service.TourGuideService - trackUserLocationAsync for user : internalUser100
16:20:55.894 [pool-3-thread-1] INFO tourGuide.service.TourGuideService - trackUserLocationAsync for user : internalUser342
16:20:55.894 [pool-3-thread-1] INFO tourGuide.service.TourGuideService - trackUserLocationAsync for user : internalUser584
16:20:55.894 [pool-3-thread-1] INFO tourGuide.service.TourGuideService - trackUserLocationAsync for user : internalUser109
16:20:55.894 [pool-3-thread-1] INFO tourGuide.service.TourGuideService - trackUserLocationAsync for user : internalUser107
16:20:55.894 [pool-3-thread-1] INFO tourGuide.service.TourGuideService - trackUserLocationAsync for user : internalUser349
16:20:55.894 [pool-3-thread-1] INFO tourGuide.service.TourGuideService - trackUserLocationAsync for user : internalUser108
16:20:55.894 [pool-3-thread-1] INFO tourGuide.service.TourGuideService - trackUserLocationAsync for user : internalUser3
16:20:55.894 [pool-3-thread-1] INFO tourGuide.service.TourGuideService - trackUserLocationAsync for user : internalUser2
16:20:55.894 [pool-3-thread-1] INFO tourGuide.service.TourGuideService - trackUserLocationAsync for user : internalUser1
16:20:55.894 [pool-3-thread-1] INFO tourGuide.service.TourGuideService - trackUserLocationAsync for user : internalUser0
16:20:55.894 [pool-3-thread-1] INFO tourGuide.service.TourGuideService - trackUserLocationAsync for user : internalUser7
16:20:55.894 [pool-3-thread-1] INFO tourGuide.service.TourGuideService - trackUserLocationAsync for user : internalUser6
16:20:55.894 [pool-3-thread-1] INFO tourGuide.service.TourGuideService - trackUserLocationAsync for user : internalUser5
16:20:55.894 [pool-3-thread-1] INFO tourGuide.service.TourGuideService - trackUserLocationAsync for user : internalUser4
16:20:55.894 [pool-3-thread-1] INFO tourGuide.service.TourGuideService - trackUserLocationAsync for user : internalUser350
16:20:55.894 [pool-3-thread-1] INFO tourGuide.service.TourGuideService - trackUserLocationAsync for user : internalUser592
16:20:55.894 [pool-3-thread-1] INFO tourGuide.service.TourGuideService - trackUserLocationAsync for user : internalUser351
16:20:55.894 [pool-3-thread-1] INFO tourGuide.service.TourGuideService - trackUserLocationAsync for user : internalUser593
16:20:55.894 [pool-3-thread-1] INFO tourGuide.service.TourGuideService - trackUserLocationAsync for user : internalUser590
16:20:55.894 [pool-3-thread-1] INFO tourGuide.service.TourGuideService - trackUserLocationAsync for user : internalUser591
16:20:55.894 [pool-3-thread-1] INFO tourGuide.service.TourGuideService - trackUserLocationAsync for user : internalUser116
16:20:55.894 [pool-3-thread-1] INFO tourGuide.service.TourGuideService - trackUserLocationAsync for user : internalUser358
16:20:55.894 [pool-3-thread-1] INFO tourGuide.service.TourGuideService - trackUserLocationAsync for user : internalUser117
16:20:55.894 [pool-3-thread-1] INFO tourGuide.service.TourGuideService - trackUserLocationAsync for user : internalUser359
16:20:55.894 [pool-3-thread-1] INFO tourGuide.service.TourGuideService - trackUserLocationAsync for user : internalUser114
16:20:55.894 [pool-3-thread-1] INFO tourGuide.service.TourGuideService - trackUserLocationAsync for user : internalUser356
16:20:55.894 [pool-3-thread-1] INFO tourGuide.service.TourGuideService - trackUserLocationAsync for user : internalUser598
16:20:55.894 [pool-3-thread-1] INFO tourGuide.service.TourGuideService - trackUserLocationAsync for user : internalUser115
16:20:55.894 [pool-3-thread-1] INFO tourGuide.service.TourGuideService - trackUserLocationAsync for user : internalUser357
16:20:55.894 [pool-3-thread-1] INFO tourGuide.service.TourGuideService - trackUserLocationAsync for user : internalUser599
16:20:55.894 [pool-3-thread-1] INFO tourGuide.service.TourGuideService - trackUserLocationAsync for user : internalUser112
16:20:55.894 [pool-3-thread-1] INFO tourGuide.service.TourGuideService - trackUserLocationAsync for user : internalUser354
16:20:55.894 [pool-3-thread-1] INFO tourGuide.service.TourGuideService - trackUserLocationAsync for user : internalUser596
16:20:55.894 [pool-3-thread-1] INFO tourGuide.service.TourGuideService - trackUserLocationAsync for user : internalUser113
16:20:55.894 [pool-3-thread-1] INFO tourGuide.service.TourGuideService - trackUserLocationAsync for user : internalUser355
16:20:55.894 [pool-3-thread-1] INFO tourGuide.service.TourGuideService - trackUserLocationAsync for user : internalUser597
16:20:55.896 [pool-3-thread-1] INFO tourGuide.service.TourGuideService - trackUserLocationAsync for user : internalUser110
16:20:55.896 [pool-3-thread-1] INFO tourGuide.service.TourGuideService - trackUserLocationAsync for user : internalUser352
16:20:55.896 [pool-3-thread-1] INFO tourGuide.service.TourGuideService - trackUserLocationAsync for user : internalUser594
16:20:55.896 [pool-3-thread-1] INFO tourGuide.service.TourGuideService - trackUserLocationAsync for user : internalUser111
16:20:55.896 [pool-3-thread-1] INFO tourGuide.service.TourGuideService - trackUserLocationAsync for user : internalUser353
16:20:55.896 [pool-3-thread-1] INFO tourGuide.service.TourGuideService - trackUserLocationAsync for user : internalUser595
16:20:55.896 [pool-3-thread-1] INFO tourGuide.service.TourGuideService - trackUserLocationAsync for user : internalUser118
16:20:55.896 [pool-3-thread-1] INFO tourGuide.service.TourGuideService - trackUserLocationAsync for user : internalUser119
16:20:55.896 [pool-3-thread-1] INFO tourGuide.service.TourGuideService - trackUserLocationAsync for user : internalUser523
16:20:55.897 [pool-3-thread-1] INFO tourGuide.service.TourGuideService - trackUserLocationAsync for user : internalUser765
16:20:55.897 [pool-3-thread-1] INFO tourGuide.service.TourGuideService - trackUserLocationAsync for user : internalUser524
16:20:55.897 [pool-3-thread-1] INFO tourGuide.service.TourGuideService - trackUserLocationAsync for user : internalUser766
16:20:55.897 [pool-3-thread-1] INFO tourGuide.service.TourGuideService - trackUserLocationAsync for user : internalUser521
16:20:55.897 [pool-3-thread-1] INFO tourGuide.service.TourGuideService - trackUserLocationAsync for user : internalUser763
16:20:55.897 [pool-3-thread-1] INFO tourGuide.service.TourGuideService - trackUserLocationAsync for user : internalUser522
16:20:55.897 [pool-3-thread-1] INFO tourGuide.service.TourGuideService - trackUserLocationAsync for user : internalUser764
16:20:55.897 [pool-3-thread-1] INFO tourGuide.service.TourGuideService - trackUserLocationAsync for user : internalUser761
16:20:55.897 [pool-3-thread-1] INFO tourGuide.service.TourGuideService - trackUserLocationAsync for user : internalUser520
16:20:55.897 [pool-3-thread-1] INFO tourGuide.service.TourGuideService - trackUserLocationAsync for user : internalUser762
16:20:55.897 [pool-3-thread-1] INFO tourGuide.service.TourGuideService - trackUserLocationAsync for user : internalUser760
16:20:55.897 [pool-3-thread-1] INFO tourGuide.service.TourGuideService - trackUserLocationAsync for user : internalUser529
16:20:55.897 [pool-3-thread-1] INFO tourGuide.service.TourGuideService - trackUserLocationAsync for user : internalUser527
16:20:55.897 [pool-3-thread-1] INFO tourGuide.service.TourGuideService - trackUserLocationAsync for user : internalUser769
16:20:55.897 [pool-3-thread-1] INFO tourGuide.service.TourGuideService - trackUserLocationAsync for user : internalUser528
16:20:55.897 [pool-3-thread-1] INFO tourGuide.service.TourGuideService - trackUserLocationAsync for user : internalUser525
16:20:55.897 [pool-3-thread-1] INFO tourGuide.service.TourGuideService - trackUserLocationAsync for user : internalUser767
16:20:55.897 [pool-3-thread-1] INFO tourGuide.service.TourGuideService - trackUserLocationAsync for user : internalUser526
16:20:55.897 [pool-3-thread-1] INFO tourGuide.service.TourGuideService - trackUserLocationAsync for user : internalUser768
16:20:55.897 [pool-3-thread-1] INFO tourGuide.service.TourGuideService - trackUserLocationAsync for user : internalUser534
16:20:55.897 [pool-3-thread-1] INFO tourGuide.service.TourGuideService - trackUserLocationAsync for user : internalUser776
16:20:55.897 [pool-3-thread-1] INFO tourGuide.service.TourGuideService - trackUserLocationAsync for user : internalUser535
16:20:55.897 [pool-3-thread-1] INFO tourGuide.service.TourGuideService - trackUserLocationAsync for user : internalUser777
16:20:55.897 [pool-3-thread-1] INFO tourGuide.service.TourGuideService - trackUserLocationAsync for user : internalUser532
16:20:55.897 [pool-3-thread-1] INFO tourGuide.service.TourGuideService - trackUserLocationAsync for user : internalUser774
16:20:55.897 [pool-3-thread-1] INFO tourGuide.service.TourGuideService - trackUserLocationAsync for user : internalUser533
16:20:55.897 [pool-3-thread-1] INFO tourGuide.service.TourGuideService - trackUserLocationAsync for user : internalUser775
16:20:55.898 [pool-3-thread-1] INFO tourGuide.service.TourGuideService - trackUserLocationAsync for user : internalUser530
16:20:55.898 [pool-3-thread-1] INFO tourGuide.service.TourGuideService - trackUserLocationAsync for user : internalUser772
16:20:55.898 [pool-3-thread-1] INFO tourGuide.service.TourGuideService - trackUserLocationAsync for user : internalUser531
16:20:55.898 [pool-3-thread-1] INFO tourGuide.service.TourGuideService - trackUserLocationAsync for user : internalUser773
16:20:55.898 [pool-3-thread-1] INFO tourGuide.service.TourGuideService - trackUserLocationAsync for user : internalUser770
16:20:55.898 [pool-3-thread-1] INFO tourGuide.service.TourGuideService - trackUserLocationAsync for user : internalUser771
16:20:55.898 [pool-3-thread-1] INFO tourGuide.service.TourGuideService - trackUserLocationAsync for user : internalUser538
16:20:55.898 [pool-3-thread-1] INFO tourGuide.service.TourGuideService - trackUserLocationAsync for user : internalUser539
16:20:55.898 [pool-3-thread-1] INFO tourGuide.service.TourGuideService - trackUserLocationAsync for user : internalUser536
16:20:55.898 [pool-3-thread-1] INFO tourGuide.service.TourGuideService - trackUserLocationAsync for user : internalUser778
16:20:55.898 [pool-3-thread-1] INFO tourGuide.service.TourGuideService - trackUserLocationAsync for user : internalUser537
16:20:55.898 [pool-3-thread-1] INFO tourGuide.service.TourGuideService - trackUserLocationAsync for user : internalUser779
16:20:55.898 [pool-3-thread-1] INFO tourGuide.service.TourGuideService - trackUserLocationAsync for user : internalUser780
16:20:55.898 [pool-3-thread-1] INFO tourGuide.service.TourGuideService - trackUserLocationAsync for user : internalUser303
16:20:55.898 [pool-3-thread-1] INFO tourGuide.service.TourGuideService - trackUserLocationAsync for user : internalUser545
16:20:55.898 [pool-3-thread-1] INFO tourGuide.service.TourGuideService - trackUserLocationAsync for user : internalUser787
16:20:55.898 [pool-3-thread-1] INFO tourGuide.service.TourGuideService - trackUserLocationAsync for user : internalUser304
16:20:55.898 [pool-3-thread-1] INFO tourGuide.service.TourGuideService - trackUserLocationAsync for user : internalUser546
16:20:55.898 [pool-3-thread-1] INFO tourGuide.service.TourGuideService - trackUserLocationAsync for user : internalUser788
16:20:55.898 [pool-3-thread-1] INFO tourGuide.service.TourGuideService - trackUserLocationAsync for user : internalUser301
16:20:55.898 [pool-3-thread-1] INFO tourGuide.service.TourGuideService - trackUserLocationAsync for user : internalUser543
16:20:55.898 [pool-3-thread-1] INFO tourGuide.service.TourGuideService - trackUserLocationAsync for user : internalUser785
16:20:55.898 [pool-3-thread-1] INFO tourGuide.service.TourGuideService - trackUserLocationAsync for user : internalUser302
16:20:55.898 [pool-3-thread-1] INFO tourGuide.service.TourGuideService - trackUserLocationAsync for user : internalUser544
16:20:55.898 [pool-3-thread-1] INFO tourGuide.service.TourGuideService - trackUserLocationAsync for user : internalUser786
16:20:55.898 [pool-3-thread-1] INFO tourGuide.service.TourGuideService - trackUserLocationAsync for user : internalUser541
16:20:55.898 [pool-3-thread-1] INFO tourGuide.service.TourGuideService - trackUserLocationAsync for user : internalUser783
16:20:55.899 [pool-3-thread-1] INFO tourGuide.service.TourGuideService - trackUserLocationAsync for user : internalUser300
16:20:55.899 [pool-3-thread-1] INFO tourGuide.service.TourGuideService - trackUserLocationAsync for user : internalUser542
16:20:55.899 [pool-3-thread-1] INFO tourGuide.service.TourGuideService - trackUserLocationAsync for user : internalUser784
16:20:55.899 [pool-3-thread-1] INFO tourGuide.service.TourGuideService - trackUserLocationAsync for user : internalUser781
16:20:55.899 [pool-3-thread-1] INFO tourGuide.service.TourGuideService - trackUserLocationAsync for user : internalUser540
16:20:55.899 [pool-3-thread-1] INFO tourGuide.service.TourGuideService - trackUserLocationAsync for user : internalUser782
16:20:55.899 [pool-3-thread-1] INFO tourGuide.service.TourGuideService - trackUserLocationAsync for user : internalUser309
16:20:55.899 [pool-3-thread-1] INFO tourGuide.service.TourGuideService - trackUserLocationAsync for user : internalUser307
16:20:55.899 [pool-3-thread-1] INFO tourGuide.service.TourGuideService - trackUserLocationAsync for user : internalUser549
16:20:55.899 [pool-3-thread-1] INFO tourGuide.service.TourGuideService - trackUserLocationAsync for user : internalUser308
16:20:55.899 [pool-3-thread-1] INFO tourGuide.service.TourGuideService - trackUserLocationAsync for user : internalUser305
16:20:55.899 [pool-3-thread-1] INFO tourGuide.service.TourGuideService - trackUserLocationAsync for user : internalUser547
16:20:55.899 [pool-3-thread-1] INFO tourGuide.service.TourGuideService - trackUserLocationAsync for user : internalUser789
16:20:55.899 [pool-3-thread-1] INFO tourGuide.service.TourGuideService - trackUserLocationAsync for user : internalUser306
16:20:55.899 [pool-3-thread-1] INFO tourGuide.service.TourGuideService - trackUserLocationAsync for user : internalUser548
16:20:55.899 [pool-3-thread-1] INFO tourGuide.service.TourGuideService - trackUserLocationAsync for user : internalUser790
16:20:55.899 [pool-3-thread-1] INFO tourGuide.service.TourGuideService - trackUserLocationAsync for user : internalUser791
16:20:55.899 [pool-3-thread-1] INFO tourGuide.service.TourGuideService - trackUserLocationAsync for user : internalUser314
16:20:55.899 [pool-3-thread-1] INFO tourGuide.service.TourGuideService - trackUserLocationAsync for user : internalUser556
16:20:55.900 [pool-3-thread-1] INFO tourGuide.service.TourGuideService - trackUserLocationAsync for user : internalUser798
16:20:55.900 [pool-3-thread-1] INFO tourGuide.service.TourGuideService - trackUserLocationAsync for user : internalUser315
16:20:55.900 [pool-3-thread-1] INFO tourGuide.service.TourGuideService - trackUserLocationAsync for user : internalUser557
16:20:55.900 [pool-3-thread-1] INFO tourGuide.service.TourGuideService - trackUserLocationAsync for user : internalUser799
16:20:55.900 [pool-3-thread-1] INFO tourGuide.service.TourGuideService - trackUserLocationAsync for user : internalUser312
16:20:55.900 [pool-3-thread-1] INFO tourGuide.service.TourGuideService - trackUserLocationAsync for user : internalUser554
16:20:55.900 [pool-3-thread-1] INFO tourGuide.service.TourGuideService - trackUserLocationAsync for user : internalUser796
16:20:55.900 [pool-3-thread-1] INFO tourGuide.service.TourGuideService - trackUserLocationAsync for user : internalUser313
16:20:55.900 [pool-3-thread-1] INFO tourGuide.service.TourGuideService - trackUserLocationAsync for user : internalUser555
16:20:55.902 [pool-3-thread-1] INFO tourGuide.service.TourGuideService - trackUserLocationAsync for user : internalUser797
16:20:55.902 [pool-3-thread-1] INFO tourGuide.service.TourGuideService - trackUserLocationAsync for user : internalUser310
16:20:55.902 [pool-3-thread-1] INFO tourGuide.service.TourGuideService - trackUserLocationAsync for user : internalUser552
16:20:55.902 [pool-3-thread-1] INFO tourGuide.service.TourGuideService - trackUserLocationAsync for user : internalUser794
16:20:55.902 [pool-3-thread-1] INFO tourGuide.service.TourGuideService - trackUserLocationAsync for user : internalUser311
16:20:55.902 [pool-3-thread-1] INFO tourGuide.service.TourGuideService - trackUserLocationAsync for user : internalUser553
16:20:55.902 [pool-3-thread-1] INFO tourGuide.service.TourGuideService - trackUserLocationAsync for user : internalUser795
16:20:55.902 [pool-3-thread-1] INFO tourGuide.service.TourGuideService - trackUserLocationAsync for user : internalUser550
16:20:55.902 [pool-3-thread-1] INFO tourGuide.service.TourGuideService - trackUserLocationAsync for user : internalUser792
16:20:55.902 [pool-3-thread-1] INFO tourGuide.service.TourGuideService - trackUserLocationAsync for user : internalUser551
16:20:55.902 [pool-3-thread-1] INFO tourGuide.service.TourGuideService - trackUserLocationAsync for user : internalUser793
16:20:55.902 [pool-3-thread-1] INFO tourGuide.service.TourGuideService - trackUserLocationAsync for user : internalUser318
16:20:55.902 [pool-3-thread-1] INFO tourGuide.service.TourGuideService - trackUserLocationAsync for user : internalUser319
16:20:55.902 [pool-3-thread-1] INFO tourGuide.service.TourGuideService - trackUserLocationAsync for user : internalUser316
16:20:55.902 [pool-3-thread-1] INFO tourGuide.service.TourGuideService - trackUserLocationAsync for user : internalUser558
16:20:55.902 [pool-3-thread-1] INFO tourGuide.service.TourGuideService - trackUserLocationAsync for user : internalUser317
16:20:55.902 [pool-3-thread-1] INFO tourGuide.service.TourGuideService - trackUserLocationAsync for user : internalUser559
16:20:55.902 [pool-3-thread-1] INFO tourGuide.service.TourGuideService - trackUserLocationAsync for user : internalUser600
16:20:55.902 [pool-3-thread-1] INFO tourGuide.service.TourGuideService - trackUserLocationAsync for user : internalUser842
16:20:55.902 [pool-3-thread-1] INFO tourGuide.service.TourGuideService - trackUserLocationAsync for user : internalUser601
16:20:55.902 [pool-3-thread-1] INFO tourGuide.service.TourGuideService - trackUserLocationAsync for user : internalUser843
16:20:55.902 [pool-3-thread-1] INFO tourGuide.service.TourGuideService - trackUserLocationAsync for user : internalUser840
16:20:55.902 [pool-3-thread-1] INFO tourGuide.service.TourGuideService - trackUserLocationAsync for user : internalUser841
16:20:55.902 [pool-3-thread-1] INFO tourGuide.service.TourGuideService - trackUserLocationAsync for user : internalUser608
16:20:55.902 [pool-3-thread-1] INFO tourGuide.service.TourGuideService - trackUserLocationAsync for user : internalUser609
16:20:55.902 [pool-3-thread-1] INFO tourGuide.service.TourGuideService - trackUserLocationAsync for user : internalUser606
16:20:55.903 [Test worker] INFO tourGuide.service.TourGuideService - trackUserLocationAsync for user : internalUser103
16:20:55.908 [Test worker] INFO tourGuide.service.TourGuideService - trackUserLocationAsync for user : internalUser345
16:20:55.909 [Test worker] INFO tourGuide.service.TourGuideService - trackUserLocationAsync for user : internalUser587
16:20:55.909 [Test worker] INFO tourGuide.service.TourGuideService - trackUserLocationAsync for user : internalUser104
16:20:55.909 [Test worker] INFO tourGuide.service.TourGuideService - trackUserLocationAsync for user : internalUser346
16:20:55.909 [Test worker] INFO tourGuide.service.TourGuideService - trackUserLocationAsync for user : internalUser588
16:20:55.909 [Test worker] INFO tourGuide.service.TourGuideService - trackUserLocationAsync for user : internalUser101
16:20:55.909 [Test worker] INFO tourGuide.service.TourGuideService - trackUserLocationAsync for user : internalUser343
16:20:55.909 [Test worker] INFO tourGuide.service.TourGuideService - trackUserLocationAsync for user : internalUser585
16:20:55.909 [Test worker] INFO tourGuide.service.TourGuideService - trackUserLocationAsync for user : internalUser102
16:20:55.909 [Test worker] INFO tourGuide.service.TourGuideService - trackUserLocationAsync for user : internalUser344
16:20:55.909 [Test worker] INFO tourGuide.service.TourGuideService - trackUserLocationAsync for user : internalUser586
16:20:55.909 [Test worker] INFO tourGuide.service.TourGuideService - trackUserLocationAsync for user : internalUser341
16:20:55.909 [Test worker] INFO tourGuide.service.TourGuideService - trackUserLocationAsync for user : internalUser583
16:20:55.909 [Test worker] INFO tourGuide.service.TourGuideService - trackUserLocationAsync for user : internalUser100
16:20:55.909 [Test worker] INFO tourGuide.service.TourGuideService - trackUserLocationAsync for user : internalUser342
16:20:55.909 [Test worker] INFO tourGuide.service.TourGuideService - trackUserLocationAsync for user : internalUser584
16:20:55.910 [Test worker] INFO tourGuide.service.TourGuideService - trackUserLocationAsync for user : internalUser109
16:20:55.910 [Test worker] INFO tourGuide.service.TourGuideService - trackUserLocationAsync for user : internalUser107
16:20:55.910 [Test worker] INFO tourGuide.service.TourGuideService - trackUserLocationAsync for user : internalUser349
16:20:55.910 [Test worker] INFO tourGuide.service.TourGuideService - trackUserLocationAsync for user : internalUser108
16:20:55.910 [Test worker] INFO tourGuide.service.TourGuideService - trackUserLocationAsync for user : internalUser3
16:20:55.910 [Test worker] INFO tourGuide.service.TourGuideService - trackUserLocationAsync for user : internalUser2
16:20:55.910 [Test worker] INFO tourGuide.service.TourGuideService - trackUserLocationAsync for user : internalUser1
16:20:55.910 [Test worker] INFO tourGuide.service.TourGuideService - trackUserLocationAsync for user : internalUser0
16:20:55.910 [Test worker] INFO tourGuide.service.TourGuideService - trackUserLocationAsync for user : internalUser7
16:20:55.910 [Test worker] INFO tourGuide.service.TourGuideService - trackUserLocationAsync for user : internalUser6
16:20:55.910 [Test worker] INFO tourGuide.service.TourGuideService - trackUserLocationAsync for user : internalUser5
16:20:55.910 [Test worker] INFO tourGuide.service.TourGuideService - trackUserLocationAsync for user : internalUser4
16:20:55.910 [Test worker] INFO tourGuide.service.TourGuideService - trackUserLocationAsync for user : internalUser350
16:20:55.910 [Test worker] INFO tourGuide.service.TourGuideService - trackUserLocationAsync for user : internalUser592
16:20:55.910 [Test worker] INFO tourGuide.service.TourGuideService - trackUserLocationAsync for user : internalUser351
16:20:55.910 [Test worker] INFO tourGuide.service.TourGuideService - trackUserLocationAsync for user : internalUser593
16:20:55.910 [Test worker] INFO tourGuide.service.TourGuideService - trackUserLocationAsync for user : internalUser590
16:20:55.910 [Test worker] INFO tourGuide.service.TourGuideService - trackUserLocationAsync for user : internalUser591
16:20:55.910 [Test worker] INFO tourGuide.service.TourGuideService - trackUserLocationAsync for user : internalUser116
16:20:55.910 [Test worker] INFO tourGuide.service.TourGuideService - trackUserLocationAsync for user : internalUser358
16:20:55.910 [Test worker] INFO tourGuide.service.TourGuideService - trackUserLocationAsync for user : internalUser117
16:20:55.910 [Test worker] INFO tourGuide.service.TourGuideService - trackUserLocationAsync for user : internalUser359
16:20:55.910 [Test worker] INFO tourGuide.service.TourGuideService - trackUserLocationAsync for user : internalUser114
16:20:55.910 [Test worker] INFO tourGuide.service.TourGuideService - trackUserLocationAsync for user : internalUser356
16:20:55.910 [Test worker] INFO tourGuide.service.TourGuideService - trackUserLocationAsync for user : internalUser598
16:20:55.910 [Test worker] INFO tourGuide.service.TourGuideService - trackUserLocationAsync for user : internalUser115
16:20:55.910 [Test worker] INFO tourGuide.service.TourGuideService - trackUserLocationAsync for user : internalUser357
16:20:55.910 [Test worker] INFO tourGuide.service.TourGuideService - trackUserLocationAsync for user : internalUser599
16:20:55.911 [Test worker] INFO tourGuide.service.TourGuideService - trackUserLocationAsync for user : internalUser112
16:20:55.911 [Test worker] INFO tourGuide.service.TourGuideService - trackUserLocationAsync for user : internalUser354
16:20:55.911 [Test worker] INFO tourGuide.service.TourGuideService - trackUserLocationAsync for user : internalUser596
16:20:55.911 [Test worker] INFO tourGuide.service.TourGuideService - trackUserLocationAsync for user : internalUser113
16:20:55.911 [Test worker] INFO tourGuide.service.TourGuideService - trackUserLocationAsync for user : internalUser355
16:20:55.911 [Test worker] INFO tourGuide.service.TourGuideService - trackUserLocationAsync for user : internalUser597
16:20:55.911 [Test worker] INFO tourGuide.service.TourGuideService - trackUserLocationAsync for user : internalUser110
16:20:55.911 [Test worker] INFO tourGuide.service.TourGuideService - trackUserLocationAsync for user : internalUser352
16:20:55.911 [Test worker] INFO tourGuide.service.TourGuideService - trackUserLocationAsync for user : internalUser594
16:20:55.911 [Test worker] INFO tourGuide.service.TourGuideService - trackUserLocationAsync for user : internalUser111
16:20:55.911 [Test worker] INFO tourGuide.service.TourGuideService - trackUserLocationAsync for user : internalUser353
16:20:55.911 [Test worker] INFO tourGuide.service.TourGuideService - trackUserLocationAsync for user : internalUser595
16:20:55.911 [Test worker] INFO tourGuide.service.TourGuideService - trackUserLocationAsync for user : internalUser118
16:20:55.911 [Test worker] INFO tourGuide.service.TourGuideService - trackUserLocationAsync for user : internalUser119
16:20:55.911 [Test worker] INFO tourGuide.service.TourGuideService - trackUserLocationAsync for user : internalUser523
16:20:55.911 [Test worker] INFO tourGuide.service.TourGuideService - trackUserLocationAsync for user : internalUser765
16:20:55.911 [Test worker] INFO tourGuide.service.TourGuideService - trackUserLocationAsync for user : internalUser524
16:20:55.911 [Test worker] INFO tourGuide.service.TourGuideService - trackUserLocationAsync for user : internalUser766
16:20:55.911 [Test worker] INFO tourGuide.service.TourGuideService - trackUserLocationAsync for user : internalUser521
16:20:55.911 [Test worker] INFO tourGuide.service.TourGuideService - trackUserLocationAsync for user : internalUser763
16:20:55.911 [Test worker] INFO tourGuide.service.TourGuideService - trackUserLocationAsync for user : internalUser522
16:20:55.911 [Test worker] INFO tourGuide.service.TourGuideService - trackUserLocationAsync for user : internalUser764
16:20:55.911 [Test worker] INFO tourGuide.service.TourGuideService - trackUserLocationAsync for user : internalUser761
16:20:55.911 [Test worker] INFO tourGuide.service.TourGuideService - trackUserLocationAsync for user : internalUser520
16:20:55.909 [pool-3-thread-1] INFO tourGuide.service.TourGuideService - trackUserLocationAsync for user : internalUser848
16:20:55.912 [Test worker] INFO tourGuide.service.TourGuideService - trackUserLocationAsync for user : internalUser762
16:20:55.912 [pool-3-thread-1] INFO tourGuide.service.TourGuideService - trackUserLocationAsync for user : internalUser607
16:20:55.912 [Test worker] INFO tourGuide.service.TourGuideService - trackUserLocationAsync for user : internalUser760
16:20:55.912 [Test worker] INFO tourGuide.service.TourGuideService - trackUserLocationAsync for user : internalUser529
16:20:55.912 [Test worker] INFO tourGuide.service.TourGuideService - trackUserLocationAsync for user : internalUser527
16:20:55.912 [Test worker] INFO tourGuide.service.TourGuideService - trackUserLocationAsync for user : internalUser769
16:20:55.912 [pool-3-thread-1] INFO tourGuide.service.TourGuideService - trackUserLocationAsync for user : internalUser849
16:20:55.912 [pool-3-thread-1] INFO tourGuide.service.TourGuideService - trackUserLocationAsync for user : internalUser604
16:20:55.912 [pool-3-thread-1] INFO tourGuide.service.TourGuideService - trackUserLocationAsync for user : internalUser846
16:20:55.912 [pool-3-thread-1] INFO tourGuide.service.TourGuideService - trackUserLocationAsync for user : internalUser605
16:20:55.912 [Test worker] INFO tourGuide.service.TourGuideService - trackUserLocationAsync for user : internalUser528
16:20:55.912 [Test worker] INFO tourGuide.service.TourGuideService - trackUserLocationAsync for user : internalUser525
16:20:55.912 [pool-3-thread-1] INFO tourGuide.service.TourGuideService - trackUserLocationAsync for user : internalUser847
16:20:55.912 [Test worker] INFO tourGuide.service.TourGuideService - trackUserLocationAsync for user : internalUser767
16:20:55.912 [Test worker] INFO tourGuide.service.TourGuideService - trackUserLocationAsync for user : internalUser526
16:20:55.912 [pool-3-thread-1] INFO tourGuide.service.TourGuideService - trackUserLocationAsync for user : internalUser602
16:20:55.912 [Test worker] INFO tourGuide.service.TourGuideService - trackUserLocationAsync for user : internalUser768
16:20:55.912 [Test worker] INFO tourGuide.service.TourGuideService - trackUserLocationAsync for user : internalUser534
16:20:55.912 [pool-3-thread-1] INFO tourGuide.service.TourGuideService - trackUserLocationAsync for user : internalUser844
16:20:55.912 [pool-3-thread-1] INFO tourGuide.service.TourGuideService - trackUserLocationAsync for user : internalUser603
16:20:55.912 [pool-3-thread-1] INFO tourGuide.service.TourGuideService - trackUserLocationAsync for user : internalUser845
16:20:55.912 [pool-3-thread-1] INFO tourGuide.service.TourGuideService - trackUserLocationAsync for user : internalUser611
16:20:55.912 [Test worker] INFO tourGuide.service.TourGuideService - trackUserLocationAsync for user : internalUser776
16:20:55.913 [Test worker] INFO tourGuide.service.TourGuideService - trackUserLocationAsync for user : internalUser535
16:20:55.913 [Test worker] INFO tourGuide.service.TourGuideService - trackUserLocationAsync for user : internalUser777
16:20:55.913 [Test worker] INFO tourGuide.service.TourGuideService - trackUserLocationAsync for user : internalUser532
16:20:55.913 [Test worker] INFO tourGuide.service.TourGuideService - trackUserLocationAsync for user : internalUser774
16:20:55.913 [Test worker] INFO tourGuide.service.TourGuideService - trackUserLocationAsync for user : internalUser533
16:20:55.913 [Test worker] INFO tourGuide.service.TourGuideService - trackUserLocationAsync for user : internalUser775
16:20:55.913 [Test worker] INFO tourGuide.service.TourGuideService - trackUserLocationAsync for user : internalUser530
16:20:55.913 [Test worker] INFO tourGuide.service.TourGuideService - trackUserLocationAsync for user : internalUser772
16:20:55.913 [Test worker] INFO tourGuide.service.TourGuideService - trackUserLocationAsync for user : internalUser531
16:20:55.913 [Test worker] INFO tourGuide.service.TourGuideService - trackUserLocationAsync for user : internalUser773
16:20:55.913 [Test worker] INFO tourGuide.service.TourGuideService - trackUserLocationAsync for user : internalUser770
16:20:55.913 [Test worker] INFO tourGuide.service.TourGuideService - trackUserLocationAsync for user : internalUser771
16:20:55.913 [Test worker] INFO tourGuide.service.TourGuideService - trackUserLocationAsync for user : internalUser538
16:20:55.913 [Test worker] INFO tourGuide.service.TourGuideService - trackUserLocationAsync for user : internalUser539
16:20:55.913 [Test worker] INFO tourGuide.service.TourGuideService - trackUserLocationAsync for user : internalUser536
16:20:55.913 [Test worker] INFO tourGuide.service.TourGuideService - trackUserLocationAsync for user : internalUser778
16:20:55.913 [Test worker] INFO tourGuide.service.TourGuideService - trackUserLocationAsync for user : internalUser537
16:20:55.913 [Test worker] INFO tourGuide.service.TourGuideService - trackUserLocationAsync for user : internalUser779
16:20:55.913 [Test worker] INFO tourGuide.service.TourGuideService - trackUserLocationAsync for user : internalUser780
16:20:55.913 [Test worker] INFO tourGuide.service.TourGuideService - trackUserLocationAsync for user : internalUser303
16:20:55.913 [Test worker] INFO tourGuide.service.TourGuideService - trackUserLocationAsync for user : internalUser545
16:20:55.913 [Test worker] INFO tourGuide.service.TourGuideService - trackUserLocationAsync for user : internalUser787
16:20:55.913 [Test worker] INFO tourGuide.service.TourGuideService - trackUserLocationAsync for user : internalUser304
16:20:55.913 [Test worker] INFO tourGuide.service.TourGuideService - trackUserLocationAsync for user : internalUser546
16:20:55.913 [Test worker] INFO tourGuide.service.TourGuideService - trackUserLocationAsync for user : internalUser788
16:20:55.913 [Test worker] INFO tourGuide.service.TourGuideService - trackUserLocationAsync for user : internalUser301
16:20:55.913 [Test worker] INFO tourGuide.service.TourGuideService - trackUserLocationAsync for user : internalUser543
16:20:55.913 [Test worker] INFO tourGuide.service.TourGuideService - trackUserLocationAsync for user : internalUser785
16:20:55.913 [Test worker] INFO tourGuide.service.TourGuideService - trackUserLocationAsync for user : internalUser302
16:20:55.914 [Test worker] INFO tourGuide.service.TourGuideService - trackUserLocationAsync for user : internalUser544
16:20:55.914 [Test worker] INFO tourGuide.service.TourGuideService - trackUserLocationAsync for user : internalUser786
16:20:55.914 [Test worker] INFO tourGuide.service.TourGuideService - trackUserLocationAsync for user : internalUser541
16:20:55.914 [Test worker] INFO tourGuide.service.TourGuideService - trackUserLocationAsync for user : internalUser783
16:20:55.914 [Test worker] INFO tourGuide.service.TourGuideService - trackUserLocationAsync for user : internalUser300
16:20:55.912 [pool-3-thread-1] INFO tourGuide.service.TourGuideService - trackUserLocationAsync for user : internalUser853
16:20:55.914 [Test worker] INFO tourGuide.service.TourGuideService - trackUserLocationAsync for user : internalUser542
16:20:55.914 [pool-3-thread-1] INFO tourGuide.service.TourGuideService - trackUserLocationAsync for user : internalUser612
16:20:55.914 [pool-3-thread-1] INFO tourGuide.service.TourGuideService - trackUserLocationAsync for user : internalUser854
16:20:55.914 [pool-3-thread-1] INFO tourGuide.service.TourGuideService - trackUserLocationAsync for user : internalUser851
16:20:55.914 [Test worker] INFO tourGuide.service.TourGuideService - trackUserLocationAsync for user : internalUser784
16:20:55.914 [Test worker] INFO tourGuide.service.TourGuideService - trackUserLocationAsync for user : internalUser781
16:20:55.914 [Test worker] INFO tourGuide.service.TourGuideService - trackUserLocationAsync for user : internalUser540
16:20:55.914 [Test worker] INFO tourGuide.service.TourGuideService - trackUserLocationAsync for user : internalUser782
16:20:55.914 [Test worker] INFO tourGuide.service.TourGuideService - trackUserLocationAsync for user : internalUser309
16:20:55.914 [Test worker] INFO tourGuide.service.TourGuideService - trackUserLocationAsync for user : internalUser307
16:20:55.914 [Test worker] INFO tourGuide.service.TourGuideService - trackUserLocationAsync for user : internalUser549
16:20:55.914 [Test worker] INFO tourGuide.service.TourGuideService - trackUserLocationAsync for user : internalUser308
16:20:55.914 [Test worker] INFO tourGuide.service.TourGuideService - trackUserLocationAsync for user : internalUser305
16:20:55.914 [Test worker] INFO tourGuide.service.TourGuideService - trackUserLocationAsync for user : internalUser547
16:20:55.914 [Test worker] INFO tourGuide.service.TourGuideService - trackUserLocationAsync for user : internalUser789
16:20:55.914 [Test worker] INFO tourGuide.service.TourGuideService - trackUserLocationAsync for user : internalUser306
16:20:55.914 [Test worker] INFO tourGuide.service.TourGuideService - trackUserLocationAsync for user : internalUser548
16:20:55.914 [Test worker] INFO tourGuide.service.TourGuideService - trackUserLocationAsync for user : internalUser790
16:20:55.914 [Test worker] INFO tourGuide.service.TourGuideService - trackUserLocationAsync for user : internalUser791
16:20:55.914 [Test worker] INFO tourGuide.service.TourGuideService - trackUserLocationAsync for user : internalUser314
16:20:55.914 [pool-3-thread-1] INFO tourGuide.service.TourGuideService - trackUserLocationAsync for user : internalUser610
16:20:55.915 [Test worker] INFO tourGuide.service.TourGuideService - trackUserLocationAsync for user : internalUser556
16:20:55.915 [pool-3-thread-1] INFO tourGuide.service.TourGuideService - trackUserLocationAsync for user : internalUser852
16:20:55.915 [Test worker] INFO tourGuide.service.TourGuideService - trackUserLocationAsync for user : internalUser798
16:20:55.915 [Test worker] INFO tourGuide.service.TourGuideService - trackUserLocationAsync for user : internalUser315
16:20:55.915 [Test worker] INFO tourGuide.service.TourGuideService - trackUserLocationAsync for user : internalUser557
16:20:55.915 [Test worker] INFO tourGuide.service.TourGuideService - trackUserLocationAsync for user : internalUser799
16:20:55.915 [Test worker] INFO tourGuide.service.TourGuideService - trackUserLocationAsync for user : internalUser312
16:20:55.915 [Test worker] INFO tourGuide.service.TourGuideService - trackUserLocationAsync for user : internalUser554
16:20:55.915 [Test worker] INFO tourGuide.service.TourGuideService - trackUserLocationAsync for user : internalUser796
16:20:55.915 [Test worker] INFO tourGuide.service.TourGuideService - trackUserLocationAsync for user : internalUser313
16:20:55.915 [Test worker] INFO tourGuide.service.TourGuideService - trackUserLocationAsync for user : internalUser555
16:20:55.915 [Test worker] INFO tourGuide.service.TourGuideService - trackUserLocationAsync for user : internalUser797
16:20:55.915 [Test worker] INFO tourGuide.service.TourGuideService - trackUserLocationAsync for user : internalUser310
16:20:55.915 [Test worker] INFO tourGuide.service.TourGuideService - trackUserLocationAsync for user : internalUser552
16:20:55.915 [Test worker] INFO tourGuide.service.TourGuideService - trackUserLocationAsync for user : internalUser794
16:20:55.915 [Test worker] INFO tourGuide.service.TourGuideService - trackUserLocationAsync for user : internalUser311
16:20:55.915 [Test worker] INFO tourGuide.service.TourGuideService - trackUserLocationAsync for user : internalUser553
16:20:55.915 [Test worker] INFO tourGuide.service.TourGuideService - trackUserLocationAsync for user : internalUser795
16:20:55.915 [Test worker] INFO tourGuide.service.TourGuideService - trackUserLocationAsync for user : internalUser550
16:20:55.915 [Test worker] INFO tourGuide.service.TourGuideService - trackUserLocationAsync for user : internalUser792
16:20:55.915 [Test worker] INFO tourGuide.service.TourGuideService - trackUserLocationAsync for user : internalUser551
16:20:55.915 [Test worker] INFO tourGuide.service.TourGuideService - trackUserLocationAsync for user : internalUser793
16:20:55.915 [Test worker] INFO tourGuide.service.TourGuideService - trackUserLocationAsync for user : internalUser318
16:20:55.916 [Test worker] INFO tourGuide.service.TourGuideService - trackUserLocationAsync for user : internalUser319
16:20:55.918 [Test worker] INFO tourGuide.service.TourGuideService - trackUserLocationAsync for user : internalUser316
16:20:55.918 [Test worker] INFO tourGuide.service.TourGuideService - trackUserLocationAsync for user : internalUser558
16:20:55.918 [Test worker] INFO tourGuide.service.TourGuideService - trackUserLocationAsync for user : internalUser317
16:20:55.918 [Test worker] INFO tourGuide.service.TourGuideService - trackUserLocationAsync for user : internalUser559
16:20:55.918 [Test worker] INFO tourGuide.service.TourGuideService - trackUserLocationAsync for user : internalUser600
16:20:55.918 [Test worker] INFO tourGuide.service.TourGuideService - trackUserLocationAsync for user : internalUser842
16:20:55.918 [Test worker] INFO tourGuide.service.TourGuideService - trackUserLocationAsync for user : internalUser601
16:20:55.918 [Test worker] INFO tourGuide.service.TourGuideService - trackUserLocationAsync for user : internalUser843
16:20:55.918 [Test worker] INFO tourGuide.service.TourGuideService - trackUserLocationAsync for user : internalUser840
16:20:55.918 [Test worker] INFO tourGuide.service.TourGuideService - trackUserLocationAsync for user : internalUser841
16:20:55.918 [Test worker] INFO tourGuide.service.TourGuideService - trackUserLocationAsync for user : internalUser608
16:20:55.918 [Test worker] INFO tourGuide.service.TourGuideService - trackUserLocationAsync for user : internalUser609
16:20:55.918 [Test worker] INFO tourGuide.service.TourGuideService - trackUserLocationAsync for user : internalUser606
16:20:55.918 [Test worker] INFO tourGuide.service.TourGuideService - trackUserLocationAsync for user : internalUser848
16:20:55.919 [Test worker] INFO tourGuide.service.TourGuideService - trackUserLocationAsync for user : internalUser607
16:20:55.919 [Test worker] INFO tourGuide.service.TourGuideService - trackUserLocationAsync for user : internalUser849
16:20:55.919 [Test worker] INFO tourGuide.service.TourGuideService - trackUserLocationAsync for user : internalUser604
16:20:55.919 [Test worker] INFO tourGuide.service.TourGuideService - trackUserLocationAsync for user : internalUser846
16:20:55.919 [Test worker] INFO tourGuide.service.TourGuideService - trackUserLocationAsync for user : internalUser605
16:20:55.919 [Test worker] INFO tourGuide.service.TourGuideService - trackUserLocationAsync for user : internalUser847
16:20:55.919 [Test worker] INFO tourGuide.service.TourGuideService - trackUserLocationAsync for user : internalUser602
16:20:55.919 [Test worker] INFO tourGuide.service.TourGuideService - trackUserLocationAsync for user : internalUser844
16:20:55.919 [Test worker] INFO tourGuide.service.TourGuideService - trackUserLocationAsync for user : internalUser603
16:20:55.919 [Test worker] INFO tourGuide.service.TourGuideService - trackUserLocationAsync for user : internalUser845
16:20:55.919 [Test worker] INFO tourGuide.service.TourGuideService - trackUserLocationAsync for user : internalUser611
16:20:55.919 [Test worker] INFO tourGuide.service.TourGuideService - trackUserLocationAsync for user : internalUser853
16:20:55.919 [Test worker] INFO tourGuide.service.TourGuideService - trackUserLocationAsync for user : internalUser612
16:20:55.919 [Test worker] INFO tourGuide.service.TourGuideService - trackUserLocationAsync for user : internalUser854
16:20:55.919 [Test worker] INFO tourGuide.service.TourGuideService - trackUserLocationAsync for user : internalUser851
16:20:55.919 [Test worker] INFO tourGuide.service.TourGuideService - trackUserLocationAsync for user : internalUser610
16:20:55.919 [Test worker] INFO tourGuide.service.TourGuideService - trackUserLocationAsync for user : internalUser852
16:20:55.919 [Test worker] INFO tourGuide.service.TourGuideService - trackUserLocationAsync for user : internalUser850
16:20:55.919 [Test worker] INFO tourGuide.service.TourGuideService - trackUserLocationAsync for user : internalUser619
16:20:55.919 [Test worker] INFO tourGuide.service.TourGuideService - trackUserLocationAsync for user : internalUser617
16:20:55.919 [Test worker] INFO tourGuide.service.TourGuideService - trackUserLocationAsync for user : internalUser859
16:20:55.919 [Test worker] INFO tourGuide.service.TourGuideService - trackUserLocationAsync for user : internalUser618
16:20:55.919 [Test worker] INFO tourGuide.service.TourGuideService - trackUserLocationAsync for user : internalUser615
16:20:55.919 [Test worker] INFO tourGuide.service.TourGuideService - trackUserLocationAsync for user : internalUser857
16:20:55.919 [Test worker] INFO tourGuide.service.TourGuideService - trackUserLocationAsync for user : internalUser616
16:20:55.919 [Test worker] INFO tourGuide.service.TourGuideService - trackUserLocationAsync for user : internalUser858
16:20:55.919 [Test worker] INFO tourGuide.service.TourGuideService - trackUserLocationAsync for user : internalUser613
16:20:55.920 [Test worker] INFO tourGuide.service.TourGuideService - trackUserLocationAsync for user : internalUser855
16:20:55.920 [Test worker] INFO tourGuide.service.TourGuideService - trackUserLocationAsync for user : internalUser614
16:20:55.920 [Test worker] INFO tourGuide.service.TourGuideService - trackUserLocationAsync for user : internalUser856
16:20:55.920 [Test worker] INFO tourGuide.service.TourGuideService - trackUserLocationAsync for user : internalUser622
16:20:55.920 [Test worker] INFO tourGuide.service.TourGuideService - trackUserLocationAsync for user : internalUser864
16:20:55.921 [Test worker] INFO tourGuide.service.TourGuideService - trackUserLocationAsync for user : internalUser623
16:20:55.921 [Test worker] INFO tourGuide.service.TourGuideService - trackUserLocationAsync for user : internalUser865
16:20:55.921 [Test worker] INFO tourGuide.service.TourGuideService - trackUserLocationAsync for user : internalUser620
16:20:55.921 [Test worker] INFO tourGuide.service.TourGuideService - trackUserLocationAsync for user : internalUser862
16:20:55.921 [Test worker] INFO tourGuide.service.TourGuideService - trackUserLocationAsync for user : internalUser621
16:20:55.921 [Test worker] INFO tourGuide.service.TourGuideService - trackUserLocationAsync for user : internalUser863
16:20:55.921 [Test worker] INFO tourGuide.service.TourGuideService - trackUserLocationAsync for user : internalUser860
16:20:55.921 [Test worker] INFO tourGuide.service.TourGuideService - trackUserLocationAsync for user : internalUser19
16:20:55.921 [Test worker] INFO tourGuide.service.TourGuideService - trackUserLocationAsync for user : internalUser861
16:20:55.921 [Test worker] INFO tourGuide.service.TourGuideService - trackUserLocationAsync for user : internalUser16
16:20:55.921 [Test worker] INFO tourGuide.service.TourGuideService - trackUserLocationAsync for user : internalUser15
16:20:55.921 [Test worker] INFO tourGuide.service.TourGuideService - trackUserLocationAsync for user : internalUser18
16:20:55.921 [Test worker] INFO tourGuide.service.TourGuideService - trackUserLocationAsync for user : internalUser628
16:20:55.921 [Test worker] INFO tourGuide.service.TourGuideService - trackUserLocationAsync for user : internalUser17
16:20:55.922 [Test worker] INFO tourGuide.service.TourGuideService - trackUserLocationAsync for user : internalUser629
16:20:55.922 [Test worker] INFO tourGuide.service.TourGuideService - trackUserLocationAsync for user : internalUser12
16:20:55.922 [Test worker] INFO tourGuide.service.TourGuideService - trackUserLocationAsync for user : internalUser626
16:20:55.922 [Test worker] INFO tourGuide.service.TourGuideService - trackUserLocationAsync for user : internalUser868
16:20:55.922 [Test worker] INFO tourGuide.service.TourGuideService - trackUserLocationAsync for user : internalUser11
16:20:55.922 [Test worker] INFO tourGuide.service.TourGuideService - trackUserLocationAsync for user : internalUser627
16:20:55.922 [Test worker] INFO tourGuide.service.TourGuideService - trackUserLocationAsync for user : internalUser869
16:20:55.922 [Test worker] INFO tourGuide.service.TourGuideService - trackUserLocationAsync for user : internalUser14
16:20:55.922 [Test worker] INFO tourGuide.service.TourGuideService - trackUserLocationAsync for user : internalUser624
16:20:55.922 [Test worker] INFO tourGuide.service.TourGuideService - trackUserLocationAsync for user : internalUser866
16:20:55.922 [Test worker] INFO tourGuide.service.TourGuideService - trackUserLocationAsync for user : internalUser13
16:20:55.922 [Test worker] INFO tourGuide.service.TourGuideService - trackUserLocationAsync for user : internalUser625
16:20:55.922 [Test worker] INFO tourGuide.service.TourGuideService - trackUserLocationAsync for user : internalUser867
16:20:55.922 [Test worker] INFO tourGuide.service.TourGuideService - trackUserLocationAsync for user : internalUser10
16:20:55.922 [Test worker] INFO tourGuide.service.TourGuideService - trackUserLocationAsync for user : internalUser633
16:20:55.922 [Test worker] INFO tourGuide.service.TourGuideService - trackUserLocationAsync for user : internalUser875
16:20:55.922 [Test worker] INFO tourGuide.service.TourGuideService - trackUserLocationAsync for user : internalUser634
16:20:55.922 [Test worker] INFO tourGuide.service.TourGuideService - trackUserLocationAsync for user : internalUser876
16:20:55.922 [Test worker] INFO tourGuide.service.TourGuideService - trackUserLocationAsync for user : internalUser631
16:20:55.922 [Test worker] INFO tourGuide.service.TourGuideService - trackUserLocationAsync for user : internalUser873
16:20:55.922 [Test worker] INFO tourGuide.service.TourGuideService - trackUserLocationAsync for user : internalUser632
16:20:55.922 [Test worker] INFO tourGuide.service.TourGuideService - trackUserLocationAsync for user : internalUser874
16:20:55.922 [Test worker] INFO tourGuide.service.TourGuideService - trackUserLocationAsync for user : internalUser871
16:20:55.922 [Test worker] INFO tourGuide.service.TourGuideService - trackUserLocationAsync for user : internalUser630
16:20:55.923 [Test worker] INFO tourGuide.service.TourGuideService - trackUserLocationAsync for user : internalUser872
16:20:55.923 [Test worker] INFO tourGuide.service.TourGuideService - trackUserLocationAsync for user : internalUser870
16:20:55.923 [Test worker] INFO tourGuide.service.TourGuideService - trackUserLocationAsync for user : internalUser27
16:20:55.923 [Test worker] INFO tourGuide.service.TourGuideService - trackUserLocationAsync for user : internalUser26
16:20:55.923 [Test worker] INFO tourGuide.service.TourGuideService - trackUserLocationAsync for user : internalUser29
16:20:55.923 [Test worker] INFO tourGuide.service.TourGuideService - trackUserLocationAsync for user : internalUser639
16:20:55.923 [Test worker] INFO tourGuide.service.TourGuideService - trackUserLocationAsync for user : internalUser28
16:20:55.923 [Test worker] INFO tourGuide.service.TourGuideService - trackUserLocationAsync for user : internalUser23
16:20:55.923 [Test worker] INFO tourGuide.service.TourGuideService - trackUserLocationAsync for user : internalUser637
16:20:55.923 [Test worker] INFO tourGuide.service.TourGuideService - trackUserLocationAsync for user : internalUser879
16:20:55.923 [Test worker] INFO tourGuide.service.TourGuideService - trackUserLocationAsync for user : internalUser22
16:20:55.923 [Test worker] INFO tourGuide.service.TourGuideService - trackUserLocationAsync for user : internalUser638
16:20:55.923 [Test worker] INFO tourGuide.service.TourGuideService - trackUserLocationAsync for user : internalUser25
16:20:55.923 [Test worker] INFO tourGuide.service.TourGuideService - trackUserLocationAsync for user : internalUser635
16:20:55.923 [Test worker] INFO tourGuide.service.TourGuideService - trackUserLocationAsync for user : internalUser877
16:20:55.923 [Test worker] INFO tourGuide.service.TourGuideService - trackUserLocationAsync for user : internalUser24
16:20:55.923 [Test worker] INFO tourGuide.service.TourGuideService - trackUserLocationAsync for user : internalUser636
16:20:55.923 [Test worker] INFO tourGuide.service.TourGuideService - trackUserLocationAsync for user : internalUser878
16:20:55.923 [Test worker] INFO tourGuide.service.TourGuideService - trackUserLocationAsync for user : internalUser21
16:20:55.923 [Test worker] INFO tourGuide.service.TourGuideService - trackUserLocationAsync for user : internalUser20
16:20:55.923 [Test worker] INFO tourGuide.service.TourGuideService - trackUserLocationAsync for user : internalUser38
16:20:55.923 [Test worker] INFO tourGuide.service.TourGuideService - trackUserLocationAsync for user : internalUser806
16:20:55.923 [Test worker] INFO tourGuide.service.TourGuideService - trackUserLocationAsync for user : internalUser37
16:20:55.923 [Test worker] INFO tourGuide.service.TourGuideService - trackUserLocationAsync for user : internalUser807
16:20:55.924 [Test worker] INFO tourGuide.service.TourGuideService - trackUserLocationAsync for user : internalUser804
16:20:55.924 [Test worker] INFO tourGuide.service.TourGuideService - trackUserLocationAsync for user : internalUser39
16:20:55.924 [Test worker] INFO tourGuide.service.TourGuideService - trackUserLocationAsync for user : internalUser805
16:20:55.924 [Test worker] INFO tourGuide.service.TourGuideService - trackUserLocationAsync for user : internalUser34
16:20:55.924 [Test worker] INFO tourGuide.service.TourGuideService - trackUserLocationAsync for user : internalUser802
16:20:55.924 [Test worker] INFO tourGuide.service.TourGuideService - trackUserLocationAsync for user : internalUser33
16:20:55.924 [Test worker] INFO tourGuide.service.TourGuideService - trackUserLocationAsync for user : internalUser803
16:20:55.924 [Test worker] INFO tourGuide.service.TourGuideService - trackUserLocationAsync for user : internalUser36
16:20:55.924 [Test worker] INFO tourGuide.service.TourGuideService - trackUserLocationAsync for user : internalUser800
16:20:55.924 [Test worker] INFO tourGuide.service.TourGuideService - trackUserLocationAsync for user : internalUser35
16:20:55.924 [Test worker] INFO tourGuide.service.TourGuideService - trackUserLocationAsync for user : internalUser801
16:20:55.924 [Test worker] INFO tourGuide.service.TourGuideService - trackUserLocationAsync for user : internalUser30
16:20:55.924 [Test worker] INFO tourGuide.service.TourGuideService - trackUserLocationAsync for user : internalUser32
16:20:55.924 [Test worker] INFO tourGuide.service.TourGuideService - trackUserLocationAsync for user : internalUser31
16:20:55.924 [Test worker] INFO tourGuide.service.TourGuideService - trackUserLocationAsync for user : internalUser808
16:20:55.925 [Test worker] INFO tourGuide.service.TourGuideService - trackUserLocationAsync for user : internalUser809
16:20:55.925 [Test worker] INFO tourGuide.service.TourGuideService - trackUserLocationAsync for user : internalUser810
16:20:55.925 [Test worker] INFO tourGuide.service.TourGuideService - trackUserLocationAsync for user : internalUser49
16:20:55.925 [Test worker] INFO tourGuide.service.TourGuideService - trackUserLocationAsync for user : internalUser817
16:20:55.925 [Test worker] INFO tourGuide.service.TourGuideService - trackUserLocationAsync for user : internalUser48
16:20:55.925 [Test worker] INFO tourGuide.service.TourGuideService - trackUserLocationAsync for user : internalUser818
16:20:55.925 [Test worker] INFO tourGuide.service.TourGuideService - trackUserLocationAsync for user : internalUser815
16:20:55.925 [Test worker] INFO tourGuide.service.TourGuideService - trackUserLocationAsync for user : internalUser816
16:20:55.925 [Test worker] INFO tourGuide.service.TourGuideService - trackUserLocationAsync for user : internalUser45
16:20:55.925 [Test worker] INFO tourGuide.service.TourGuideService - trackUserLocationAsync for user : internalUser813
16:20:55.925 [Test worker] INFO tourGuide.service.TourGuideService - trackUserLocationAsync for user : internalUser44
16:20:55.925 [Test worker] INFO tourGuide.service.TourGuideService - trackUserLocationAsync for user : internalUser814
16:20:55.925 [Test worker] INFO tourGuide.service.TourGuideService - trackUserLocationAsync for user : internalUser47
16:20:55.925 [Test worker] INFO tourGuide.service.TourGuideService - trackUserLocationAsync for user : internalUser811
16:20:55.925 [Test worker] INFO tourGuide.service.TourGuideService - trackUserLocationAsync for user : internalUser46
16:20:55.925 [Test worker] INFO tourGuide.service.TourGuideService - trackUserLocationAsync for user : internalUser812
16:20:55.925 [Test worker] INFO tourGuide.service.TourGuideService - trackUserLocationAsync for user : internalUser41
16:20:55.925 [Test worker] INFO tourGuide.service.TourGuideService - trackUserLocationAsync for user : internalUser40
16:20:55.925 [Test worker] INFO tourGuide.service.TourGuideService - trackUserLocationAsync for user : internalUser43
16:20:55.925 [Test worker] INFO tourGuide.service.TourGuideService - trackUserLocationAsync for user : internalUser42
16:20:55.925 [Test worker] INFO tourGuide.service.TourGuideService - trackUserLocationAsync for user : internalUser819
16:20:55.925 [Test worker] INFO tourGuide.service.TourGuideService - trackUserLocationAsync for user : internalUser820
16:20:55.915 [pool-3-thread-1] INFO tourGuide.service.TourGuideService - trackUserLocationAsync for user : internalUser850
16:20:55.926 [pool-3-thread-1] INFO tourGuide.service.TourGuideService - trackUserLocationAsync for user : internalUser619
16:20:55.926 [pool-3-thread-1] INFO tourGuide.service.TourGuideService - trackUserLocationAsync for user : internalUser617
16:20:55.926 [pool-3-thread-1] INFO tourGuide.service.TourGuideService - trackUserLocationAsync for user : internalUser859
16:20:55.926 [pool-3-thread-1] INFO tourGuide.service.TourGuideService - trackUserLocationAsync for user : internalUser618
16:20:55.926 [pool-3-thread-1] INFO tourGuide.service.TourGuideService - trackUserLocationAsync for user : internalUser615
16:20:55.926 [pool-3-thread-1] INFO tourGuide.service.TourGuideService - trackUserLocationAsync for user : internalUser857
16:20:55.926 [pool-3-thread-1] INFO tourGuide.service.TourGuideService - trackUserLocationAsync for user : internalUser616
16:20:55.926 [pool-3-thread-1] INFO tourGuide.service.TourGuideService - trackUserLocationAsync for user : internalUser858
16:20:55.926 [pool-3-thread-1] INFO tourGuide.service.TourGuideService - trackUserLocationAsync for user : internalUser613
16:20:55.926 [pool-3-thread-1] INFO tourGuide.service.TourGuideService - trackUserLocationAsync for user : internalUser855
16:20:55.926 [pool-3-thread-1] INFO tourGuide.service.TourGuideService - trackUserLocationAsync for user : internalUser614
16:20:55.926 [pool-3-thread-1] INFO tourGuide.service.TourGuideService - trackUserLocationAsync for user : internalUser856
16:20:55.926 [pool-3-thread-1] INFO tourGuide.service.TourGuideService - trackUserLocationAsync for user : internalUser622
16:20:55.926 [pool-3-thread-1] INFO tourGuide.service.TourGuideService - trackUserLocationAsync for user : internalUser864
16:20:55.926 [pool-3-thread-1] INFO tourGuide.service.TourGuideService - trackUserLocationAsync for user : internalUser623
16:20:55.926 [pool-3-thread-1] INFO tourGuide.service.TourGuideService - trackUserLocationAsync for user : internalUser865
16:20:55.926 [pool-3-thread-1] INFO tourGuide.service.TourGuideService - trackUserLocationAsync for user : internalUser620
16:20:55.926 [Test worker] INFO tourGuide.service.TourGuideService - trackUserLocationAsync for user : internalUser821
16:20:55.927 [Test worker] INFO tourGuide.service.TourGuideService - trackUserLocationAsync for user : internalUser828
16:20:55.927 [Test worker] INFO tourGuide.service.TourGuideService - trackUserLocationAsync for user : internalUser59
16:20:55.927 [Test worker] INFO tourGuide.service.TourGuideService - trackUserLocationAsync for user : internalUser829
16:20:55.927 [Test worker] INFO tourGuide.service.TourGuideService - trackUserLocationAsync for user : internalUser826
16:20:55.927 [Test worker] INFO tourGuide.service.TourGuideService - trackUserLocationAsync for user : internalUser827
16:20:55.927 [Test worker] INFO tourGuide.service.TourGuideService - trackUserLocationAsync for user : internalUser56
16:20:55.927 [Test worker] INFO tourGuide.service.TourGuideService - trackUserLocationAsync for user : internalUser824
16:20:55.927 [Test worker] INFO tourGuide.service.TourGuideService - trackUserLocationAsync for user : internalUser55
16:20:55.928 [Test worker] INFO tourGuide.service.TourGuideService - trackUserLocationAsync for user : internalUser825
16:20:55.928 [Test worker] INFO tourGuide.service.TourGuideService - trackUserLocationAsync for user : internalUser58
16:20:55.928 [Test worker] INFO tourGuide.service.TourGuideService - trackUserLocationAsync for user : internalUser822
16:20:55.928 [Test worker] INFO tourGuide.service.TourGuideService - trackUserLocationAsync for user : internalUser57
16:20:55.928 [Test worker] INFO tourGuide.service.TourGuideService - trackUserLocationAsync for user : internalUser823
16:20:55.928 [Test worker] INFO tourGuide.service.TourGuideService - trackUserLocationAsync for user : internalUser52
16:20:55.928 [Test worker] INFO tourGuide.service.TourGuideService - trackUserLocationAsync for user : internalUser51
16:20:55.928 [Test worker] INFO tourGuide.service.TourGuideService - trackUserLocationAsync for user : internalUser54
16:20:55.928 [Test worker] INFO tourGuide.service.TourGuideService - trackUserLocationAsync for user : internalUser53
16:20:55.928 [Test worker] INFO tourGuide.service.TourGuideService - trackUserLocationAsync for user : internalUser50
16:20:55.928 [Test worker] INFO tourGuide.service.TourGuideService - trackUserLocationAsync for user : internalUser831
16:20:55.928 [Test worker] INFO tourGuide.service.TourGuideService - trackUserLocationAsync for user : internalUser832
16:20:55.928 [Test worker] INFO tourGuide.service.TourGuideService - trackUserLocationAsync for user : internalUser830
16:20:55.928 [Test worker] INFO tourGuide.service.TourGuideService - trackUserLocationAsync for user : internalUser839
16:20:55.928 [Test worker] INFO tourGuide.service.TourGuideService - trackUserLocationAsync for user : internalUser837
16:20:55.928 [Test worker] INFO tourGuide.service.TourGuideService - trackUserLocationAsync for user : internalUser838
16:20:55.928 [Test worker] INFO tourGuide.service.TourGuideService - trackUserLocationAsync for user : internalUser67
16:20:55.928 [Test worker] INFO tourGuide.service.TourGuideService - trackUserLocationAsync for user : internalUser835
16:20:55.928 [Test worker] INFO tourGuide.service.TourGuideService - trackUserLocationAsync for user : internalUser66
16:20:55.928 [Test worker] INFO tourGuide.service.TourGuideService - trackUserLocationAsync for user : internalUser836
16:20:55.928 [Test worker] INFO tourGuide.service.TourGuideService - trackUserLocationAsync for user : internalUser69
16:20:55.928 [Test worker] INFO tourGuide.service.TourGuideService - trackUserLocationAsync for user : internalUser833
16:20:55.928 [Test worker] INFO tourGuide.service.TourGuideService - trackUserLocationAsync for user : internalUser68
16:20:55.928 [Test worker] INFO tourGuide.service.TourGuideService - trackUserLocationAsync for user : internalUser834
16:20:55.928 [Test worker] INFO tourGuide.service.TourGuideService - trackUserLocationAsync for user : internalUser63
16:20:55.928 [Test worker] INFO tourGuide.service.TourGuideService - trackUserLocationAsync for user : internalUser62
16:20:55.928 [Test worker] INFO tourGuide.service.TourGuideService - trackUserLocationAsync for user : internalUser65
16:20:55.928 [Test worker] INFO tourGuide.service.TourGuideService - trackUserLocationAsync for user : internalUser64
16:20:55.928 [Test worker] INFO tourGuide.service.TourGuideService - trackUserLocationAsync for user : internalUser61
16:20:55.928 [Test worker] INFO tourGuide.service.TourGuideService - trackUserLocationAsync for user : internalUser60
16:20:55.929 [Test worker] INFO tourGuide.service.TourGuideService - trackUserLocationAsync for user : internalUser78
16:20:55.929 [Test worker] INFO tourGuide.service.TourGuideService - trackUserLocationAsync for user : internalUser77
16:20:55.929 [Test worker] INFO tourGuide.service.TourGuideService - trackUserLocationAsync for user : internalUser79
16:20:55.929 [Test worker] INFO tourGuide.service.TourGuideService - trackUserLocationAsync for user : internalUser74
16:20:55.929 [Test worker] INFO tourGuide.service.TourGuideService - trackUserLocationAsync for user : internalUser73
16:20:55.929 [Test worker] INFO tourGuide.service.TourGuideService - trackUserLocationAsync for user : internalUser76
16:20:55.929 [Test worker] INFO tourGuide.service.TourGuideService - trackUserLocationAsync for user : internalUser75
16:20:55.929 [Test worker] INFO tourGuide.service.TourGuideService - trackUserLocationAsync for user : internalUser70
16:20:55.929 [Test worker] INFO tourGuide.service.TourGuideService - trackUserLocationAsync for user : internalUser72
16:20:55.929 [Test worker] INFO tourGuide.service.TourGuideService - trackUserLocationAsync for user : internalUser71
16:20:55.929 [Test worker] INFO tourGuide.service.TourGuideService - trackUserLocationAsync for user : internalUser90
16:20:55.929 [Test worker] INFO tourGuide.service.TourGuideService - trackUserLocationAsync for user : internalUser89
16:20:55.929 [Test worker] INFO tourGuide.service.TourGuideService - trackUserLocationAsync for user : internalUser88
16:20:55.929 [Test worker] INFO tourGuide.service.TourGuideService - trackUserLocationAsync for user : internalUser85
16:20:55.929 [Test worker] INFO tourGuide.service.TourGuideService - trackUserLocationAsync for user : internalUser84
16:20:55.929 [Test worker] INFO tourGuide.service.TourGuideService - trackUserLocationAsync for user : internalUser87
16:20:55.929 [Test worker] INFO tourGuide.service.TourGuideService - trackUserLocationAsync for user : internalUser86
16:20:55.929 [Test worker] INFO tourGuide.service.TourGuideService - trackUserLocationAsync for user : internalUser81
16:20:55.929 [Test worker] INFO tourGuide.service.TourGuideService - trackUserLocationAsync for user : internalUser80
16:20:55.929 [Test worker] INFO tourGuide.service.TourGuideService - trackUserLocationAsync for user : internalUser83
16:20:55.929 [Test worker] INFO tourGuide.service.TourGuideService - trackUserLocationAsync for user : internalUser82
16:20:55.929 [Test worker] INFO tourGuide.service.TourGuideService - trackUserLocationAsync for user : internalUser99
16:20:55.929 [Test worker] INFO tourGuide.service.TourGuideService - trackUserLocationAsync for user : internalUser96
16:20:55.929 [Test worker] INFO tourGuide.service.TourGuideService - trackUserLocationAsync for user : internalUser95
16:20:55.929 [Test worker] INFO tourGuide.service.TourGuideService - trackUserLocationAsync for user : internalUser98
16:20:55.929 [Test worker] INFO tourGuide.service.TourGuideService - trackUserLocationAsync for user : internalUser97
16:20:55.929 [Test worker] INFO tourGuide.service.TourGuideService - trackUserLocationAsync for user : internalUser92
16:20:55.929 [Test worker] INFO tourGuide.service.TourGuideService - trackUserLocationAsync for user : internalUser91
16:20:55.929 [Test worker] INFO tourGuide.service.TourGuideService - trackUserLocationAsync for user : internalUser94
16:20:55.930 [Test worker] INFO tourGuide.service.TourGuideService - trackUserLocationAsync for user : internalUser93
16:20:55.930 [Test worker] INFO tourGuide.service.TourGuideService - trackUserLocationAsync for user : internalUser284
16:20:55.930 [Test worker] INFO tourGuide.service.TourGuideService - trackUserLocationAsync for user : internalUser285
16:20:55.930 [Test worker] INFO tourGuide.service.TourGuideService - trackUserLocationAsync for user : internalUser282
16:20:55.930 [Test worker] INFO tourGuide.service.TourGuideService - trackUserLocationAsync for user : internalUser283
16:20:55.930 [Test worker] INFO tourGuide.service.TourGuideService - trackUserLocationAsync for user : internalUser280
16:20:55.930 [Test worker] INFO tourGuide.service.TourGuideService - trackUserLocationAsync for user : internalUser281
16:20:55.930 [Test worker] INFO tourGuide.service.TourGuideService - trackUserLocationAsync for user : internalUser288
16:20:55.930 [Test worker] INFO tourGuide.service.TourGuideService - trackUserLocationAsync for user : internalUser289
16:20:55.930 [Test worker] INFO tourGuide.service.TourGuideService - trackUserLocationAsync for user : internalUser286
16:20:55.930 [Test worker] INFO tourGuide.service.TourGuideService - trackUserLocationAsync for user : internalUser287
16:20:55.930 [Test worker] INFO tourGuide.service.TourGuideService - trackUserLocationAsync for user : internalUser295
16:20:55.930 [Test worker] INFO tourGuide.service.TourGuideService - trackUserLocationAsync for user : internalUser296
16:20:55.930 [Test worker] INFO tourGuide.service.TourGuideService - trackUserLocationAsync for user : internalUser293
16:20:55.930 [Test worker] INFO tourGuide.service.TourGuideService - trackUserLocationAsync for user : internalUser294
16:20:55.930 [Test worker] INFO tourGuide.service.TourGuideService - trackUserLocationAsync for user : internalUser291
16:20:55.930 [Test worker] INFO tourGuide.service.TourGuideService - trackUserLocationAsync for user : internalUser292
16:20:55.930 [Test worker] INFO tourGuide.service.TourGuideService - trackUserLocationAsync for user : internalUser290
16:20:55.930 [Test worker] INFO tourGuide.service.TourGuideService - trackUserLocationAsync for user : internalUser299
16:20:55.930 [Test worker] INFO tourGuide.service.TourGuideService - trackUserLocationAsync for user : internalUser297
16:20:55.930 [Test worker] INFO tourGuide.service.TourGuideService - trackUserLocationAsync for user : internalUser298
16:20:55.930 [Test worker] INFO tourGuide.service.TourGuideService - trackUserLocationAsync for user : internalUser240
16:20:55.930 [Test worker] INFO tourGuide.service.TourGuideService - trackUserLocationAsync for user : internalUser482
16:20:55.930 [Test worker] INFO tourGuide.service.TourGuideService - trackUserLocationAsync for user : internalUser241
16:20:55.930 [Test worker] INFO tourGuide.service.TourGuideService - trackUserLocationAsync for user : internalUser483
16:20:55.930 [Test worker] INFO tourGuide.service.TourGuideService - trackUserLocationAsync for user : internalUser480
16:20:55.930 [Test worker] INFO tourGuide.service.TourGuideService - trackUserLocationAsync for user : internalUser481
16:20:55.930 [Test worker] INFO tourGuide.service.TourGuideService - trackUserLocationAsync for user : internalUser248
16:20:55.930 [Test worker] INFO tourGuide.service.TourGuideService - trackUserLocationAsync for user : internalUser249
16:20:55.930 [Test worker] INFO tourGuide.service.TourGuideService - trackUserLocationAsync for user : internalUser246
16:20:55.930 [Test worker] INFO tourGuide.service.TourGuideService - trackUserLocationAsync for user : internalUser488
16:20:55.931 [Test worker] INFO tourGuide.service.TourGuideService - trackUserLocationAsync for user : internalUser247
16:20:55.931 [Test worker] INFO tourGuide.service.TourGuideService - trackUserLocationAsync for user : internalUser489
16:20:55.931 [Test worker] INFO tourGuide.service.TourGuideService - trackUserLocationAsync for user : internalUser244
16:20:55.931 [Test worker] INFO tourGuide.service.TourGuideService - trackUserLocationAsync for user : internalUser486
16:20:55.931 [Test worker] INFO tourGuide.service.TourGuideService - trackUserLocationAsync for user : internalUser245
16:20:55.931 [Test worker] INFO tourGuide.service.TourGuideService - trackUserLocationAsync for user : internalUser487
16:20:55.931 [Test worker] INFO tourGuide.service.TourGuideService - trackUserLocationAsync for user : internalUser242
16:20:55.931 [Test worker] INFO tourGuide.service.TourGuideService - trackUserLocationAsync for user : internalUser484
16:20:55.931 [Test worker] INFO tourGuide.service.TourGuideService - trackUserLocationAsync for user : internalUser243
16:20:55.931 [Test worker] INFO tourGuide.service.TourGuideService - trackUserLocationAsync for user : internalUser485
16:20:55.931 [Test worker] INFO tourGuide.service.TourGuideService - trackUserLocationAsync for user : internalUser251
16:20:55.931 [Test worker] INFO tourGuide.service.TourGuideService - trackUserLocationAsync for user : internalUser493
16:20:55.931 [Test worker] INFO tourGuide.service.TourGuideService - trackUserLocationAsync for user : internalUser252
16:20:55.931 [Test worker] INFO tourGuide.service.TourGuideService - trackUserLocationAsync for user : internalUser494
16:20:55.931 [Test worker] INFO tourGuide.service.TourGuideService - trackUserLocationAsync for user : internalUser491
16:20:55.931 [Test worker] INFO tourGuide.service.TourGuideService - trackUserLocationAsync for user : internalUser250
16:20:55.931 [Test worker] INFO tourGuide.service.TourGuideService - trackUserLocationAsync for user : internalUser492
16:20:55.931 [Test worker] INFO tourGuide.service.TourGuideService - trackUserLocationAsync for user : internalUser490
16:20:55.931 [Test worker] INFO tourGuide.service.TourGuideService - trackUserLocationAsync for user : internalUser259
16:20:55.931 [Test worker] INFO tourGuide.service.TourGuideService - trackUserLocationAsync for user : internalUser257
16:20:55.931 [Test worker] INFO tourGuide.service.TourGuideService - trackUserLocationAsync for user : internalUser499
16:20:55.931 [Test worker] INFO tourGuide.service.TourGuideService - trackUserLocationAsync for user : internalUser258
16:20:55.931 [Test worker] INFO tourGuide.service.TourGuideService - trackUserLocationAsync for user : internalUser255
16:20:55.931 [Test worker] INFO tourGuide.service.TourGuideService - trackUserLocationAsync for user : internalUser497
16:20:55.931 [Test worker] INFO tourGuide.service.TourGuideService - trackUserLocationAsync for user : internalUser256
16:20:55.931 [Test worker] INFO tourGuide.service.TourGuideService - trackUserLocationAsync for user : internalUser498
16:20:55.931 [Test worker] INFO tourGuide.service.TourGuideService - trackUserLocationAsync for user : internalUser253
16:20:55.931 [Test worker] INFO tourGuide.service.TourGuideService - trackUserLocationAsync for user : internalUser495
16:20:55.931 [Test worker] INFO tourGuide.service.TourGuideService - trackUserLocationAsync for user : internalUser254
16:20:55.931 [Test worker] INFO tourGuide.service.TourGuideService - trackUserLocationAsync for user : internalUser496
16:20:55.931 [Test worker] INFO tourGuide.service.TourGuideService - trackUserLocationAsync for user : internalUser262
16:20:55.932 [Test worker] INFO tourGuide.service.TourGuideService - trackUserLocationAsync for user : internalUser263
16:20:55.932 [Test worker] INFO tourGuide.service.TourGuideService - trackUserLocationAsync for user : internalUser260
16:20:55.932 [Test worker] INFO tourGuide.service.TourGuideService - trackUserLocationAsync for user : internalUser261
16:20:55.932 [Test worker] INFO tourGuide.service.TourGuideService - trackUserLocationAsync for user : internalUser268
16:20:55.932 [Test worker] INFO tourGuide.service.TourGuideService - trackUserLocationAsync for user : internalUser269
16:20:55.932 [Test worker] INFO tourGuide.service.TourGuideService - trackUserLocationAsync for user : internalUser266
16:20:55.932 [Test worker] INFO tourGuide.service.TourGuideService - trackUserLocationAsync for user : internalUser267
16:20:55.932 [Test worker] INFO tourGuide.service.TourGuideService - trackUserLocationAsync for user : internalUser264
16:20:55.932 [Test worker] INFO tourGuide.service.TourGuideService - trackUserLocationAsync for user : internalUser265
16:20:55.932 [Test worker] INFO tourGuide.service.TourGuideService - trackUserLocationAsync for user : internalUser273
16:20:55.932 [Test worker] INFO tourGuide.service.TourGuideService - trackUserLocationAsync for user : internalUser274
16:20:55.932 [Test worker] INFO tourGuide.service.TourGuideService - trackUserLocationAsync for user : internalUser271
16:20:55.932 [Test worker] INFO tourGuide.service.TourGuideService - trackUserLocationAsync for user : internalUser272
16:20:55.932 [Test worker] INFO tourGuide.service.TourGuideService - trackUserLocationAsync for user : internalUser270
16:20:55.932 [Test worker] INFO tourGuide.service.TourGuideService - trackUserLocationAsync for user : internalUser279
16:20:55.932 [Test worker] INFO tourGuide.service.TourGuideService - trackUserLocationAsync for user : internalUser277
16:20:55.932 [Test worker] INFO tourGuide.service.TourGuideService - trackUserLocationAsync for user : internalUser278
16:20:55.932 [Test worker] INFO tourGuide.service.TourGuideService - trackUserLocationAsync for user : internalUser275
16:20:55.932 [Test worker] INFO tourGuide.service.TourGuideService - trackUserLocationAsync for user : internalUser276
16:20:55.932 [Test worker] INFO tourGuide.service.TourGuideService - trackUserLocationAsync for user : internalUser680
16:20:55.932 [Test worker] INFO tourGuide.service.TourGuideService - trackUserLocationAsync for user : internalUser681
16:20:55.932 [Test worker] INFO tourGuide.service.TourGuideService - trackUserLocationAsync for user : internalUser204
16:20:55.932 [Test worker] INFO tourGuide.service.TourGuideService - trackUserLocationAsync for user : internalUser446
16:20:55.932 [Test worker] INFO tourGuide.service.TourGuideService - trackUserLocationAsync for user : internalUser688
16:20:55.932 [Test worker] INFO tourGuide.service.TourGuideService - trackUserLocationAsync for user : internalUser205
16:20:55.932 [Test worker] INFO tourGuide.service.TourGuideService - trackUserLocationAsync for user : internalUser447
16:20:55.932 [Test worker] INFO tourGuide.service.TourGuideService - trackUserLocationAsync for user : internalUser689
16:20:55.932 [Test worker] INFO tourGuide.service.TourGuideService - trackUserLocationAsync for user : internalUser202
16:20:55.932 [Test worker] INFO tourGuide.service.TourGuideService - trackUserLocationAsync for user : internalUser444
16:20:55.932 [Test worker] INFO tourGuide.service.TourGuideService - trackUserLocationAsync for user : internalUser686
16:20:55.933 [Test worker] INFO tourGuide.service.TourGuideService - trackUserLocationAsync for user : internalUser203
16:20:55.933 [Test worker] INFO tourGuide.service.TourGuideService - trackUserLocationAsync for user : internalUser445
16:20:55.933 [Test worker] INFO tourGuide.service.TourGuideService - trackUserLocationAsync for user : internalUser687
16:20:55.933 [Test worker] INFO tourGuide.service.TourGuideService - trackUserLocationAsync for user : internalUser200
16:20:55.933 [Test worker] INFO tourGuide.service.TourGuideService - trackUserLocationAsync for user : internalUser442
16:20:55.933 [Test worker] INFO tourGuide.service.TourGuideService - trackUserLocationAsync for user : internalUser684
16:20:55.933 [Test worker] INFO tourGuide.service.TourGuideService - trackUserLocationAsync for user : internalUser201
16:20:55.933 [Test worker] INFO tourGuide.service.TourGuideService - trackUserLocationAsync for user : internalUser443
16:20:55.933 [Test worker] INFO tourGuide.service.TourGuideService - trackUserLocationAsync for user : internalUser685
16:20:55.936 [Test worker] INFO tourGuide.service.TourGuideService - trackUserLocationAsync for user : internalUser440
16:20:55.936 [Test worker] INFO tourGuide.service.TourGuideService - trackUserLocationAsync for user : internalUser682
16:20:55.936 [Test worker] INFO tourGuide.service.TourGuideService - trackUserLocationAsync for user : internalUser441
16:20:55.936 [Test worker] INFO tourGuide.service.TourGuideService - trackUserLocationAsync for user : internalUser683
16:20:55.937 [Test worker] INFO tourGuide.service.TourGuideService - trackUserLocationAsync for user : internalUser208
16:20:55.937 [Test worker] INFO tourGuide.service.TourGuideService - trackUserLocationAsync for user : internalUser209
16:20:55.937 [Test worker] INFO tourGuide.service.TourGuideService - trackUserLocationAsync for user : internalUser206
16:20:55.937 [Test worker] INFO tourGuide.service.TourGuideService - trackUserLocationAsync for user : internalUser448
16:20:55.937 [Test worker] INFO tourGuide.service.TourGuideService - trackUserLocationAsync for user : internalUser207
16:20:55.937 [Test worker] INFO tourGuide.service.TourGuideService - trackUserLocationAsync for user : internalUser449
16:20:55.937 [Test worker] INFO tourGuide.service.TourGuideService - trackUserLocationAsync for user : internalUser691
16:20:55.937 [Test worker] INFO tourGuide.service.TourGuideService - trackUserLocationAsync for user : internalUser450
16:20:55.937 [Test worker] INFO tourGuide.service.TourGuideService - trackUserLocationAsync for user : internalUser692
16:20:55.937 [Test worker] INFO tourGuide.service.TourGuideService - trackUserLocationAsync for user : internalUser690
16:20:55.937 [Test worker] INFO tourGuide.service.TourGuideService - trackUserLocationAsync for user : internalUser215
16:20:55.937 [Test worker] INFO tourGuide.service.TourGuideService - trackUserLocationAsync for user : internalUser457
16:20:55.937 [Test worker] INFO tourGuide.service.TourGuideService - trackUserLocationAsync for user : internalUser699
16:20:55.937 [Test worker] INFO tourGuide.service.TourGuideService - trackUserLocationAsync for user : internalUser216
16:20:55.937 [Test worker] INFO tourGuide.service.TourGuideService - trackUserLocationAsync for user : internalUser458
16:20:55.937 [Test worker] INFO tourGuide.service.TourGuideService - trackUserLocationAsync for user : internalUser213
16:20:55.937 [Test worker] INFO tourGuide.service.TourGuideService - trackUserLocationAsync for user : internalUser455
16:20:55.937 [Test worker] INFO tourGuide.service.TourGuideService - trackUserLocationAsync for user : internalUser697
16:20:55.937 [Test worker] INFO tourGuide.service.TourGuideService - trackUserLocationAsync for user : internalUser214
16:20:55.937 [Test worker] INFO tourGuide.service.TourGuideService - trackUserLocationAsync for user : internalUser456
16:20:55.937 [Test worker] INFO tourGuide.service.TourGuideService - trackUserLocationAsync for user : internalUser698
16:20:55.937 [Test worker] INFO tourGuide.service.TourGuideService - trackUserLocationAsync for user : internalUser211
16:20:55.937 [Test worker] INFO tourGuide.service.TourGuideService - trackUserLocationAsync for user : internalUser453
16:20:55.938 [Test worker] INFO tourGuide.service.TourGuideService - trackUserLocationAsync for user : internalUser695
16:20:55.938 [Test worker] INFO tourGuide.service.TourGuideService - trackUserLocationAsync for user : internalUser212
16:20:55.938 [Test worker] INFO tourGuide.service.TourGuideService - trackUserLocationAsync for user : internalUser454
16:20:55.938 [Test worker] INFO tourGuide.service.TourGuideService - trackUserLocationAsync for user : internalUser696
16:20:55.938 [Test worker] INFO tourGuide.service.TourGuideService - trackUserLocationAsync for user : internalUser451
16:20:55.938 [Test worker] INFO tourGuide.service.TourGuideService - trackUserLocationAsync for user : internalUser693
16:20:55.938 [Test worker] INFO tourGuide.service.TourGuideService - trackUserLocationAsync for user : internalUser210
16:20:55.938 [Test worker] INFO tourGuide.service.TourGuideService - trackUserLocationAsync for user : internalUser452
16:20:55.938 [Test worker] INFO tourGuide.service.TourGuideService - trackUserLocationAsync for user : internalUser694
16:20:55.938 [Test worker] INFO tourGuide.service.TourGuideService - trackUserLocationAsync for user : internalUser219
16:20:55.943 [Test worker] INFO tourGuide.service.TourGuideService - trackUserLocationAsync for user : internalUser217
16:20:55.944 [Test worker] INFO tourGuide.service.TourGuideService - trackUserLocationAsync for user : internalUser459
16:20:55.944 [Test worker] INFO tourGuide.service.TourGuideService - trackUserLocationAsync for user : internalUser218
16:20:55.944 [Test worker] INFO tourGuide.service.TourGuideService - trackUserLocationAsync for user : internalUser460
16:20:55.944 [Test worker] INFO tourGuide.service.TourGuideService - trackUserLocationAsync for user : internalUser461
16:20:55.944 [Test worker] INFO tourGuide.service.TourGuideService - trackUserLocationAsync for user : internalUser226
16:20:55.944 [Test worker] INFO tourGuide.service.TourGuideService - trackUserLocationAsync for user : internalUser468
16:20:55.944 [Test worker] INFO tourGuide.service.TourGuideService - trackUserLocationAsync for user : internalUser227
16:20:55.944 [Test worker] INFO tourGuide.service.TourGuideService - trackUserLocationAsync for user : internalUser469
16:20:55.944 [Test worker] INFO tourGuide.service.TourGuideService - trackUserLocationAsync for user : internalUser224
16:20:55.944 [Test worker] INFO tourGuide.service.TourGuideService - trackUserLocationAsync for user : internalUser466
16:20:55.944 [Test worker] INFO tourGuide.service.TourGuideService - trackUserLocationAsync for user : internalUser225
16:20:55.944 [Test worker] INFO tourGuide.service.TourGuideService - trackUserLocationAsync for user : internalUser467
16:20:55.944 [Test worker] INFO tourGuide.service.TourGuideService - trackUserLocationAsync for user : internalUser222
16:20:55.944 [Test worker] INFO tourGuide.service.TourGuideService - trackUserLocationAsync for user : internalUser464
16:20:55.944 [Test worker] INFO tourGuide.service.TourGuideService - trackUserLocationAsync for user : internalUser223
16:20:55.944 [Test worker] INFO tourGuide.service.TourGuideService - trackUserLocationAsync for user : internalUser465
16:20:55.944 [Test worker] INFO tourGuide.service.TourGuideService - trackUserLocationAsync for user : internalUser220
16:20:55.944 [Test worker] INFO tourGuide.service.TourGuideService - trackUserLocationAsync for user : internalUser462
16:20:55.944 [Test worker] INFO tourGuide.service.TourGuideService - trackUserLocationAsync for user : internalUser221
16:20:55.944 [Test worker] INFO tourGuide.service.TourGuideService - trackUserLocationAsync for user : internalUser463
16:20:55.944 [Test worker] INFO tourGuide.service.TourGuideService - trackUserLocationAsync for user : internalUser228
16:20:55.944 [Test worker] INFO tourGuide.service.TourGuideService - trackUserLocationAsync for user : internalUser229
16:20:55.944 [Test worker] INFO tourGuide.service.TourGuideService - trackUserLocationAsync for user : internalUser471
16:20:55.944 [Test worker] INFO tourGuide.service.TourGuideService - trackUserLocationAsync for user : internalUser230
16:20:55.944 [Test worker] INFO tourGuide.service.TourGuideService - trackUserLocationAsync for user : internalUser472
16:20:55.944 [Test worker] INFO tourGuide.service.TourGuideService - trackUserLocationAsync for user : internalUser470
16:20:55.944 [Test worker] INFO tourGuide.service.TourGuideService - trackUserLocationAsync for user : internalUser237
16:20:55.944 [Test worker] INFO tourGuide.service.TourGuideService - trackUserLocationAsync for user : internalUser479
16:20:55.945 [Test worker] INFO tourGuide.service.TourGuideService - trackUserLocationAsync for user : internalUser238
16:20:55.945 [Test worker] INFO tourGuide.service.TourGuideService - trackUserLocationAsync for user : internalUser235
16:20:55.945 [Test worker] INFO tourGuide.service.TourGuideService - trackUserLocationAsync for user : internalUser477
16:20:55.945 [Test worker] INFO tourGuide.service.TourGuideService - trackUserLocationAsync for user : internalUser236
16:20:55.945 [Test worker] INFO tourGuide.service.TourGuideService - trackUserLocationAsync for user : internalUser478
16:20:55.945 [Test worker] INFO tourGuide.service.TourGuideService - trackUserLocationAsync for user : internalUser233
16:20:55.945 [Test worker] INFO tourGuide.service.TourGuideService - trackUserLocationAsync for user : internalUser475
16:20:55.945 [Test worker] INFO tourGuide.service.TourGuideService - trackUserLocationAsync for user : internalUser234
16:20:55.945 [Test worker] INFO tourGuide.service.TourGuideService - trackUserLocationAsync for user : internalUser476
16:20:55.945 [Test worker] INFO tourGuide.service.TourGuideService - trackUserLocationAsync for user : internalUser231
16:20:55.945 [Test worker] INFO tourGuide.service.TourGuideService - trackUserLocationAsync for user : internalUser473
16:20:55.945 [Test worker] INFO tourGuide.service.TourGuideService - trackUserLocationAsync for user : internalUser232
16:20:55.945 [Test worker] INFO tourGuide.service.TourGuideService - trackUserLocationAsync for user : internalUser474
16:20:55.945 [Test worker] INFO tourGuide.service.TourGuideService - trackUserLocationAsync for user : internalUser239
16:20:55.945 [Test worker] INFO tourGuide.service.TourGuideService - trackUserLocationAsync for user : internalUser402
16:20:55.945 [Test worker] INFO tourGuide.service.TourGuideService - trackUserLocationAsync for user : internalUser644
16:20:55.945 [Test worker] INFO tourGuide.service.TourGuideService - trackUserLocationAsync for user : internalUser886
16:20:55.945 [Test worker] INFO tourGuide.service.TourGuideService - trackUserLocationAsync for user : internalUser403
16:20:55.945 [Test worker] INFO tourGuide.service.TourGuideService - trackUserLocationAsync for user : internalUser645
16:20:55.945 [Test worker] INFO tourGuide.service.TourGuideService - trackUserLocationAsync for user : internalUser887
16:20:55.945 [Test worker] INFO tourGuide.service.TourGuideService - trackUserLocationAsync for user : internalUser400
16:20:55.945 [Test worker] INFO tourGuide.service.TourGuideService - trackUserLocationAsync for user : internalUser642
16:20:55.945 [Test worker] INFO tourGuide.service.TourGuideService - trackUserLocationAsync for user : internalUser884
16:20:55.945 [Test worker] INFO tourGuide.service.TourGuideService - trackUserLocationAsync for user : internalUser401
16:20:55.945 [Test worker] INFO tourGuide.service.TourGuideService - trackUserLocationAsync for user : internalUser643
16:20:55.945 [Test worker] INFO tourGuide.service.TourGuideService - trackUserLocationAsync for user : internalUser885
16:20:55.945 [Test worker] INFO tourGuide.service.TourGuideService - trackUserLocationAsync for user : internalUser640
16:20:55.945 [Test worker] INFO tourGuide.service.TourGuideService - trackUserLocationAsync for user : internalUser882
16:20:55.945 [Test worker] INFO tourGuide.service.TourGuideService - trackUserLocationAsync for user : internalUser641
16:20:55.945 [Test worker] INFO tourGuide.service.TourGuideService - trackUserLocationAsync for user : internalUser883
16:20:55.945 [Test worker] INFO tourGuide.service.TourGuideService - trackUserLocationAsync for user : internalUser880
16:20:55.945 [Test worker] INFO tourGuide.service.TourGuideService - trackUserLocationAsync for user : internalUser881
16:20:55.946 [Test worker] INFO tourGuide.service.TourGuideService - trackUserLocationAsync for user : internalUser408
16:20:55.946 [Test worker] INFO tourGuide.service.TourGuideService - trackUserLocationAsync for user : internalUser409
16:20:55.946 [Test worker] INFO tourGuide.service.TourGuideService - trackUserLocationAsync for user : internalUser406
16:20:55.946 [Test worker] INFO tourGuide.service.TourGuideService - trackUserLocationAsync for user : internalUser648
16:20:55.946 [Test worker] INFO tourGuide.service.TourGuideService - trackUserLocationAsync for user : internalUser407
16:20:55.946 [Test worker] INFO tourGuide.service.TourGuideService - trackUserLocationAsync for user : internalUser649
16:20:55.946 [Test worker] INFO tourGuide.service.TourGuideService - trackUserLocationAsync for user : internalUser404
16:20:55.946 [Test worker] INFO tourGuide.service.TourGuideService - trackUserLocationAsync for user : internalUser646
16:20:55.946 [Test worker] INFO tourGuide.service.TourGuideService - trackUserLocationAsync for user : internalUser888
16:20:55.946 [Test worker] INFO tourGuide.service.TourGuideService - trackUserLocationAsync for user : internalUser405
16:20:55.946 [Test worker] INFO tourGuide.service.TourGuideService - trackUserLocationAsync for user : internalUser647
16:20:55.946 [Test worker] INFO tourGuide.service.TourGuideService - trackUserLocationAsync for user : internalUser889
16:20:55.946 [Test worker] INFO tourGuide.service.TourGuideService - trackUserLocationAsync for user : internalUser890
16:20:55.946 [Test worker] INFO tourGuide.service.TourGuideService - trackUserLocationAsync for user : internalUser413
16:20:55.946 [Test worker] INFO tourGuide.service.TourGuideService - trackUserLocationAsync for user : internalUser655
16:20:55.946 [Test worker] INFO tourGuide.service.TourGuideService - trackUserLocationAsync for user : internalUser897
16:20:55.946 [Test worker] INFO tourGuide.service.TourGuideService - trackUserLocationAsync for user : internalUser414
16:20:55.946 [Test worker] INFO tourGuide.service.TourGuideService - trackUserLocationAsync for user : internalUser656
16:20:55.946 [Test worker] INFO tourGuide.service.TourGuideService - trackUserLocationAsync for user : internalUser898
16:20:55.946 [Test worker] INFO tourGuide.service.TourGuideService - trackUserLocationAsync for user : internalUser411
16:20:55.946 [Test worker] INFO tourGuide.service.TourGuideService - trackUserLocationAsync for user : internalUser653
16:20:55.946 [Test worker] INFO tourGuide.service.TourGuideService - trackUserLocationAsync for user : internalUser895
16:20:55.946 [Test worker] INFO tourGuide.service.TourGuideService - trackUserLocationAsync for user : internalUser412
16:20:55.946 [Test worker] INFO tourGuide.service.TourGuideService - trackUserLocationAsync for user : internalUser654
16:20:55.946 [Test worker] INFO tourGuide.service.TourGuideService - trackUserLocationAsync for user : internalUser896
16:20:55.946 [Test worker] INFO tourGuide.service.TourGuideService - trackUserLocationAsync for user : internalUser651
16:20:55.946 [Test worker] INFO tourGuide.service.TourGuideService - trackUserLocationAsync for user : internalUser893
16:20:55.946 [Test worker] INFO tourGuide.service.TourGuideService - trackUserLocationAsync for user : internalUser410
16:20:55.946 [Test worker] INFO tourGuide.service.TourGuideService - trackUserLocationAsync for user : internalUser652
16:20:55.947 [Test worker] INFO tourGuide.service.TourGuideService - trackUserLocationAsync for user : internalUser894
16:20:55.947 [Test worker] INFO tourGuide.service.TourGuideService - trackUserLocationAsync for user : internalUser891
16:20:55.947 [Test worker] INFO tourGuide.service.TourGuideService - trackUserLocationAsync for user : internalUser650
16:20:55.947 [Test worker] INFO tourGuide.service.TourGuideService - trackUserLocationAsync for user : internalUser892
16:20:55.947 [Test worker] INFO tourGuide.service.TourGuideService - trackUserLocationAsync for user : internalUser419
16:20:55.947 [Test worker] INFO tourGuide.service.TourGuideService - trackUserLocationAsync for user : internalUser417
16:20:55.947 [Test worker] INFO tourGuide.service.TourGuideService - trackUserLocationAsync for user : internalUser659
16:20:55.947 [Test worker] INFO tourGuide.service.TourGuideService - trackUserLocationAsync for user : internalUser418
16:20:55.947 [Test worker] INFO tourGuide.service.TourGuideService - trackUserLocationAsync for user : internalUser415
16:20:55.947 [Test worker] INFO tourGuide.service.TourGuideService - trackUserLocationAsync for user : internalUser657
16:20:55.947 [Test worker] INFO tourGuide.service.TourGuideService - trackUserLocationAsync for user : internalUser899
16:20:55.947 [Test worker] INFO tourGuide.service.TourGuideService - trackUserLocationAsync for user : internalUser416
16:20:55.947 [Test worker] INFO tourGuide.service.TourGuideService - trackUserLocationAsync for user : internalUser658
16:20:55.947 [Test worker] INFO tourGuide.service.TourGuideService - trackUserLocationAsync for user : internalUser424
16:20:55.947 [Test worker] INFO tourGuide.service.TourGuideService - trackUserLocationAsync for user : internalUser666
16:20:55.947 [Test worker] INFO tourGuide.service.TourGuideService - trackUserLocationAsync for user : internalUser425
16:20:55.947 [Test worker] INFO tourGuide.service.TourGuideService - trackUserLocationAsync for user : internalUser667
16:20:55.947 [Test worker] INFO tourGuide.service.TourGuideService - trackUserLocationAsync for user : internalUser422
16:20:55.947 [Test worker] INFO tourGuide.service.TourGuideService - trackUserLocationAsync for user : internalUser664
16:20:55.947 [Test worker] INFO tourGuide.service.TourGuideService - trackUserLocationAsync for user : internalUser423
16:20:55.947 [Test worker] INFO tourGuide.service.TourGuideService - trackUserLocationAsync for user : internalUser665
16:20:55.947 [Test worker] INFO tourGuide.service.TourGuideService - trackUserLocationAsync for user : internalUser420
16:20:55.947 [Test worker] INFO tourGuide.service.TourGuideService - trackUserLocationAsync for user : internalUser662
16:20:55.947 [Test worker] INFO tourGuide.service.TourGuideService - trackUserLocationAsync for user : internalUser421
16:20:55.947 [Test worker] INFO tourGuide.service.TourGuideService - trackUserLocationAsync for user : internalUser663
16:20:55.947 [Test worker] INFO tourGuide.service.TourGuideService - trackUserLocationAsync for user : internalUser660
16:20:55.947 [Test worker] INFO tourGuide.service.TourGuideService - trackUserLocationAsync for user : internalUser661
16:20:55.947 [Test worker] INFO tourGuide.service.TourGuideService - trackUserLocationAsync for user : internalUser428
16:20:55.947 [Test worker] INFO tourGuide.service.TourGuideService - trackUserLocationAsync for user : internalUser429
16:20:55.948 [Test worker] INFO tourGuide.service.TourGuideService - trackUserLocationAsync for user : internalUser426
16:20:55.948 [Test worker] INFO tourGuide.service.TourGuideService - trackUserLocationAsync for user : internalUser668
16:20:55.948 [Test worker] INFO tourGuide.service.TourGuideService - trackUserLocationAsync for user : internalUser427
16:20:55.948 [Test worker] INFO tourGuide.service.TourGuideService - trackUserLocationAsync for user : internalUser669
16:20:55.948 [Test worker] INFO tourGuide.service.TourGuideService - trackUserLocationAsync for user : internalUser670
16:20:55.948 [Test worker] INFO tourGuide.service.TourGuideService - trackUserLocationAsync for user : internalUser435
16:20:55.948 [Test worker] INFO tourGuide.service.TourGuideService - trackUserLocationAsync for user : internalUser677
16:20:55.948 [Test worker] INFO tourGuide.service.TourGuideService - trackUserLocationAsync for user : internalUser436
16:20:55.948 [Test worker] INFO tourGuide.service.TourGuideService - trackUserLocationAsync for user : internalUser678
16:20:55.948 [Test worker] INFO tourGuide.service.TourGuideService - trackUserLocationAsync for user : internalUser433
16:20:55.948 [Test worker] INFO tourGuide.service.TourGuideService - trackUserLocationAsync for user : internalUser675
16:20:55.948 [Test worker] INFO tourGuide.service.TourGuideService - trackUserLocationAsync for user : internalUser434
16:20:55.948 [Test worker] INFO tourGuide.service.TourGuideService - trackUserLocationAsync for user : internalUser676
16:20:55.948 [Test worker] INFO tourGuide.service.TourGuideService - trackUserLocationAsync for user : internalUser431
16:20:55.948 [Test worker] INFO tourGuide.service.TourGuideService - trackUserLocationAsync for user : internalUser673
16:20:55.948 [Test worker] INFO tourGuide.service.TourGuideService - trackUserLocationAsync for user : internalUser432
16:20:55.948 [Test worker] INFO tourGuide.service.TourGuideService - trackUserLocationAsync for user : internalUser674
16:20:55.948 [Test worker] INFO tourGuide.service.TourGuideService - trackUserLocationAsync for user : internalUser671
16:20:55.948 [Test worker] INFO tourGuide.service.TourGuideService - trackUserLocationAsync for user : internalUser430
16:20:55.948 [Test worker] INFO tourGuide.service.TourGuideService - trackUserLocationAsync for user : internalUser672
16:20:55.948 [Test worker] INFO tourGuide.service.TourGuideService - trackUserLocationAsync for user : internalUser439
16:20:55.948 [Test worker] INFO tourGuide.service.TourGuideService - trackUserLocationAsync for user : internalUser437
16:20:55.926 [pool-3-thread-1] INFO tourGuide.service.TourGuideService - trackUserLocationAsync for user : internalUser862
16:20:55.948 [Test worker] INFO tourGuide.service.TourGuideService - trackUserLocationAsync for user : internalUser679
16:20:55.948 [pool-3-thread-1] INFO tourGuide.service.TourGuideService - trackUserLocationAsync for user : internalUser621
16:20:55.948 [pool-3-thread-1] INFO tourGuide.service.TourGuideService - trackUserLocationAsync for user : internalUser863
16:20:55.949 [pool-3-thread-1] INFO tourGuide.service.TourGuideService - trackUserLocationAsync for user : internalUser860
16:20:55.949 [pool-3-thread-1] INFO tourGuide.service.TourGuideService - trackUserLocationAsync for user : internalUser19
16:20:55.948 [Test worker] INFO tourGuide.service.TourGuideService - trackUserLocationAsync for user : internalUser438
16:20:55.949 [Test worker] INFO tourGuide.service.TourGuideService - trackUserLocationAsync for user : internalUser721
16:20:55.949 [Test worker] INFO tourGuide.service.TourGuideService - trackUserLocationAsync for user : internalUser963
16:20:55.949 [pool-3-thread-1] INFO tourGuide.service.TourGuideService - trackUserLocationAsync for user : internalUser861
16:20:55.949 [pool-3-thread-1] INFO tourGuide.service.TourGuideService - trackUserLocationAsync for user : internalUser16
16:20:55.949 [Test worker] INFO tourGuide.service.TourGuideService - trackUserLocationAsync for user : internalUser722
16:20:55.949 [pool-3-thread-1] INFO tourGuide.service.TourGuideService - trackUserLocationAsync for user : internalUser15
16:20:55.949 [pool-3-thread-1] INFO tourGuide.service.TourGuideService - trackUserLocationAsync for user : internalUser18
16:20:55.949 [Test worker] INFO tourGuide.service.TourGuideService - trackUserLocationAsync for user : internalUser964
16:20:55.949 [Test worker] INFO tourGuide.service.TourGuideService - trackUserLocationAsync for user : internalUser961
16:20:55.949 [pool-3-thread-1] INFO tourGuide.service.TourGuideService - trackUserLocationAsync for user : internalUser628
16:20:55.949 [pool-3-thread-1] INFO tourGuide.service.TourGuideService - trackUserLocationAsync for user : internalUser17
16:20:55.949 [Test worker] INFO tourGuide.service.TourGuideService - trackUserLocationAsync for user : internalUser720
16:20:55.949 [Test worker] INFO tourGuide.service.TourGuideService - trackUserLocationAsync for user : internalUser962
16:20:55.949 [Test worker] INFO tourGuide.service.TourGuideService - trackUserLocationAsync for user : internalUser960
16:20:55.949 [Test worker] INFO tourGuide.service.TourGuideService - trackUserLocationAsync for user : internalUser729
16:20:55.949 [pool-3-thread-1] INFO tourGuide.service.TourGuideService - trackUserLocationAsync for user : internalUser629
16:20:55.949 [pool-3-thread-1] INFO tourGuide.service.TourGuideService - trackUserLocationAsync for user : internalUser12
16:20:55.949 [Test worker] INFO tourGuide.service.TourGuideService - trackUserLocationAsync for user : internalUser727
16:20:55.949 [pool-3-thread-1] INFO tourGuide.service.TourGuideService - trackUserLocationAsync for user : internalUser626
16:20:55.949 [pool-3-thread-1] INFO tourGuide.service.TourGuideService - trackUserLocationAsync for user : internalUser868
16:20:55.949 [Test worker] INFO tourGuide.service.TourGuideService - trackUserLocationAsync for user : internalUser969
16:20:55.949 [Test worker] INFO tourGuide.service.TourGuideService - trackUserLocationAsync for user : internalUser728
16:20:55.949 [Test worker] INFO tourGuide.service.TourGuideService - trackUserLocationAsync for user : internalUser725
16:20:55.949 [pool-3-thread-1] INFO tourGuide.service.TourGuideService - trackUserLocationAsync for user : internalUser11
16:20:55.950 [pool-3-thread-1] INFO tourGuide.service.TourGuideService - trackUserLocationAsync for user : internalUser627
16:20:55.950 [pool-3-thread-1] INFO tourGuide.service.TourGuideService - trackUserLocationAsync for user : internalUser869
16:20:55.950 [pool-3-thread-1] INFO tourGuide.service.TourGuideService - trackUserLocationAsync for user : internalUser14
16:20:55.950 [pool-3-thread-1] INFO tourGuide.service.TourGuideService - trackUserLocationAsync for user : internalUser624
16:20:55.950 [pool-3-thread-1] INFO tourGuide.service.TourGuideService - trackUserLocationAsync for user : internalUser866
16:20:55.950 [pool-3-thread-1] INFO tourGuide.service.TourGuideService - trackUserLocationAsync for user : internalUser13
16:20:55.950 [pool-3-thread-1] INFO tourGuide.service.TourGuideService - trackUserLocationAsync for user : internalUser625
16:20:55.950 [pool-3-thread-1] INFO tourGuide.service.TourGuideService - trackUserLocationAsync for user : internalUser867
16:20:55.950 [pool-3-thread-1] INFO tourGuide.service.TourGuideService - trackUserLocationAsync for user : internalUser10
16:20:55.950 [pool-3-thread-1] INFO tourGuide.service.TourGuideService - trackUserLocationAsync for user : internalUser633
16:20:55.950 [pool-3-thread-1] INFO tourGuide.service.TourGuideService - trackUserLocationAsync for user : internalUser875
16:20:55.950 [pool-3-thread-1] INFO tourGuide.service.TourGuideService - trackUserLocationAsync for user : internalUser634
16:20:55.950 [pool-3-thread-1] INFO tourGuide.service.TourGuideService - trackUserLocationAsync for user : internalUser876
16:20:55.950 [pool-3-thread-1] INFO tourGuide.service.TourGuideService - trackUserLocationAsync for user : internalUser631
16:20:55.950 [pool-3-thread-1] INFO tourGuide.service.TourGuideService - trackUserLocationAsync for user : internalUser873
16:20:55.950 [pool-3-thread-1] INFO tourGuide.service.TourGuideService - trackUserLocationAsync for user : internalUser632
16:20:55.950 [pool-3-thread-1] INFO tourGuide.service.TourGuideService - trackUserLocationAsync for user : internalUser874
16:20:55.950 [pool-3-thread-1] INFO tourGuide.service.TourGuideService - trackUserLocationAsync for user : internalUser871
16:20:55.950 [pool-3-thread-1] INFO tourGuide.service.TourGuideService - trackUserLocationAsync for user : internalUser630
16:20:55.951 [pool-3-thread-1] INFO tourGuide.service.TourGuideService - trackUserLocationAsync for user : internalUser872
16:20:55.951 [pool-3-thread-1] INFO tourGuide.service.TourGuideService - trackUserLocationAsync for user : internalUser870
16:20:55.951 [pool-3-thread-1] INFO tourGuide.service.TourGuideService - trackUserLocationAsync for user : internalUser27
16:20:55.951 [pool-3-thread-1] INFO tourGuide.service.TourGuideService - trackUserLocationAsync for user : internalUser26
16:20:55.951 [pool-3-thread-1] INFO tourGuide.service.TourGuideService - trackUserLocationAsync for user : internalUser29
16:20:55.951 [pool-3-thread-1] INFO tourGuide.service.TourGuideService - trackUserLocationAsync for user : internalUser639
16:20:55.951 [pool-3-thread-1] INFO tourGuide.service.TourGuideService - trackUserLocationAsync for user : internalUser28
16:20:55.951 [pool-3-thread-1] INFO tourGuide.service.TourGuideService - trackUserLocationAsync for user : internalUser23
16:20:55.951 [pool-3-thread-1] INFO tourGuide.service.TourGuideService - trackUserLocationAsync for user : internalUser637
16:20:55.951 [pool-3-thread-1] INFO tourGuide.service.TourGuideService - trackUserLocationAsync for user : internalUser879
16:20:55.951 [pool-3-thread-1] INFO tourGuide.service.TourGuideService - trackUserLocationAsync for user : internalUser22
16:20:55.951 [pool-3-thread-1] INFO tourGuide.service.TourGuideService - trackUserLocationAsync for user : internalUser638
16:20:55.951 [pool-3-thread-1] INFO tourGuide.service.TourGuideService - trackUserLocationAsync for user : internalUser25
16:20:55.951 [pool-3-thread-1] INFO tourGuide.service.TourGuideService - trackUserLocationAsync for user : internalUser635
16:20:55.951 [pool-3-thread-1] INFO tourGuide.service.TourGuideService - trackUserLocationAsync for user : internalUser877
16:20:55.951 [pool-3-thread-1] INFO tourGuide.service.TourGuideService - trackUserLocationAsync for user : internalUser24
16:20:55.951 [pool-3-thread-1] INFO tourGuide.service.TourGuideService - trackUserLocationAsync for user : internalUser636
16:20:55.951 [pool-3-thread-1] INFO tourGuide.service.TourGuideService - trackUserLocationAsync for user : internalUser878
16:20:55.951 [pool-3-thread-1] INFO tourGuide.service.TourGuideService - trackUserLocationAsync for user : internalUser21
16:20:55.951 [pool-3-thread-1] INFO tourGuide.service.TourGuideService - trackUserLocationAsync for user : internalUser20
16:20:55.951 [pool-3-thread-1] INFO tourGuide.service.TourGuideService - trackUserLocationAsync for user : internalUser38
16:20:55.951 [pool-3-thread-1] INFO tourGuide.service.TourGuideService - trackUserLocationAsync for user : internalUser806
16:20:55.951 [pool-3-thread-1] INFO tourGuide.service.TourGuideService - trackUserLocationAsync for user : internalUser37
16:20:55.951 [pool-3-thread-1] INFO tourGuide.service.TourGuideService - trackUserLocationAsync for user : internalUser807
16:20:55.951 [pool-3-thread-1] INFO tourGuide.service.TourGuideService - trackUserLocationAsync for user : internalUser804
16:20:55.951 [pool-3-thread-1] INFO tourGuide.service.TourGuideService - trackUserLocationAsync for user : internalUser39
16:20:55.951 [pool-3-thread-1] INFO tourGuide.service.TourGuideService - trackUserLocationAsync for user : internalUser805
16:20:55.951 [pool-3-thread-1] INFO tourGuide.service.TourGuideService - trackUserLocationAsync for user : internalUser34
16:20:55.951 [pool-3-thread-1] INFO tourGuide.service.TourGuideService - trackUserLocationAsync for user : internalUser802
16:20:55.952 [pool-3-thread-1] INFO tourGuide.service.TourGuideService - trackUserLocationAsync for user : internalUser33
16:20:55.952 [pool-3-thread-1] INFO tourGuide.service.TourGuideService - trackUserLocationAsync for user : internalUser803
16:20:55.952 [pool-3-thread-1] INFO tourGuide.service.TourGuideService - trackUserLocationAsync for user : internalUser36
16:20:55.952 [pool-3-thread-1] INFO tourGuide.service.TourGuideService - trackUserLocationAsync for user : internalUser800
16:20:55.952 [pool-3-thread-1] INFO tourGuide.service.TourGuideService - trackUserLocationAsync for user : internalUser35
16:20:55.952 [pool-3-thread-1] INFO tourGuide.service.TourGuideService - trackUserLocationAsync for user : internalUser801
16:20:55.952 [pool-3-thread-1] INFO tourGuide.service.TourGuideService - trackUserLocationAsync for user : internalUser30
16:20:55.952 [pool-3-thread-1] INFO tourGuide.service.TourGuideService - trackUserLocationAsync for user : internalUser32
16:20:55.952 [pool-3-thread-1] INFO tourGuide.service.TourGuideService - trackUserLocationAsync for user : internalUser31
16:20:55.952 [pool-3-thread-1] INFO tourGuide.service.TourGuideService - trackUserLocationAsync for user : internalUser808
16:20:55.952 [pool-3-thread-1] INFO tourGuide.service.TourGuideService - trackUserLocationAsync for user : internalUser809
16:20:55.952 [pool-3-thread-1] INFO tourGuide.service.TourGuideService - trackUserLocationAsync for user : internalUser810
16:20:55.952 [pool-3-thread-1] INFO tourGuide.service.TourGuideService - trackUserLocationAsync for user : internalUser49
16:20:55.952 [pool-3-thread-1] INFO tourGuide.service.TourGuideService - trackUserLocationAsync for user : internalUser817
16:20:55.952 [pool-3-thread-1] INFO tourGuide.service.TourGuideService - trackUserLocationAsync for user : internalUser48
16:20:55.952 [pool-3-thread-1] INFO tourGuide.service.TourGuideService - trackUserLocationAsync for user : internalUser818
16:20:55.952 [pool-3-thread-1] INFO tourGuide.service.TourGuideService - trackUserLocationAsync for user : internalUser815
16:20:55.952 [pool-3-thread-1] INFO tourGuide.service.TourGuideService - trackUserLocationAsync for user : internalUser816
16:20:55.952 [pool-3-thread-1] INFO tourGuide.service.TourGuideService - trackUserLocationAsync for user : internalUser45
16:20:55.952 [pool-3-thread-1] INFO tourGuide.service.TourGuideService - trackUserLocationAsync for user : internalUser813
16:20:55.952 [pool-3-thread-1] INFO tourGuide.service.TourGuideService - trackUserLocationAsync for user : internalUser44
16:20:55.952 [pool-3-thread-1] INFO tourGuide.service.TourGuideService - trackUserLocationAsync for user : internalUser814
16:20:55.952 [pool-3-thread-1] INFO tourGuide.service.TourGuideService - trackUserLocationAsync for user : internalUser47
16:20:55.952 [pool-3-thread-1] INFO tourGuide.service.TourGuideService - trackUserLocationAsync for user : internalUser811
16:20:55.952 [pool-3-thread-1] INFO tourGuide.service.TourGuideService - trackUserLocationAsync for user : internalUser46
16:20:55.952 [pool-3-thread-1] INFO tourGuide.service.TourGuideService - trackUserLocationAsync for user : internalUser812
16:20:55.952 [pool-3-thread-1] INFO tourGuide.service.TourGuideService - trackUserLocationAsync for user : internalUser41
16:20:55.952 [pool-3-thread-1] INFO tourGuide.service.TourGuideService - trackUserLocationAsync for user : internalUser40
16:20:55.952 [pool-3-thread-1] INFO tourGuide.service.TourGuideService - trackUserLocationAsync for user : internalUser43
16:20:55.952 [pool-3-thread-1] INFO tourGuide.service.TourGuideService - trackUserLocationAsync for user : internalUser42
16:20:55.952 [pool-3-thread-1] INFO tourGuide.service.TourGuideService - trackUserLocationAsync for user : internalUser819
16:20:55.953 [pool-3-thread-1] INFO tourGuide.service.TourGuideService - trackUserLocationAsync for user : internalUser820
16:20:55.953 [pool-3-thread-1] INFO tourGuide.service.TourGuideService - trackUserLocationAsync for user : internalUser821
16:20:55.953 [pool-3-thread-1] INFO tourGuide.service.TourGuideService - trackUserLocationAsync for user : internalUser828
16:20:55.953 [pool-3-thread-1] INFO tourGuide.service.TourGuideService - trackUserLocationAsync for user : internalUser59
16:20:55.953 [pool-3-thread-1] INFO tourGuide.service.TourGuideService - trackUserLocationAsync for user : internalUser829
16:20:55.953 [pool-3-thread-1] INFO tourGuide.service.TourGuideService - trackUserLocationAsync for user : internalUser826
16:20:55.953 [pool-3-thread-1] INFO tourGuide.service.TourGuideService - trackUserLocationAsync for user : internalUser827
16:20:55.953 [pool-3-thread-1] INFO tourGuide.service.TourGuideService - trackUserLocationAsync for user : internalUser56
16:20:55.953 [pool-3-thread-1] INFO tourGuide.service.TourGuideService - trackUserLocationAsync for user : internalUser824
16:20:55.953 [pool-3-thread-1] INFO tourGuide.service.TourGuideService - trackUserLocationAsync for user : internalUser55
16:20:55.953 [pool-3-thread-1] INFO tourGuide.service.TourGuideService - trackUserLocationAsync for user : internalUser825
16:20:55.953 [pool-3-thread-1] INFO tourGuide.service.TourGuideService - trackUserLocationAsync for user : internalUser58
16:20:55.953 [pool-3-thread-1] INFO tourGuide.service.TourGuideService - trackUserLocationAsync for user : internalUser822
16:20:55.953 [pool-3-thread-1] INFO tourGuide.service.TourGuideService - trackUserLocationAsync for user : internalUser57
16:20:55.953 [pool-3-thread-1] INFO tourGuide.service.TourGuideService - trackUserLocationAsync for user : internalUser823
16:20:55.953 [pool-3-thread-1] INFO tourGuide.service.TourGuideService - trackUserLocationAsync for user : internalUser52
16:20:55.953 [pool-3-thread-1] INFO tourGuide.service.TourGuideService - trackUserLocationAsync for user : internalUser51
16:20:55.953 [pool-3-thread-1] INFO tourGuide.service.TourGuideService - trackUserLocationAsync for user : internalUser54
16:20:55.953 [pool-3-thread-1] INFO tourGuide.service.TourGuideService - trackUserLocationAsync for user : internalUser53
16:20:55.953 [pool-3-thread-1] INFO tourGuide.service.TourGuideService - trackUserLocationAsync for user : internalUser50
16:20:55.953 [pool-3-thread-1] INFO tourGuide.service.TourGuideService - trackUserLocationAsync for user : internalUser831
16:20:55.953 [pool-3-thread-1] INFO tourGuide.service.TourGuideService - trackUserLocationAsync for user : internalUser832
16:20:55.953 [pool-3-thread-1] INFO tourGuide.service.TourGuideService - trackUserLocationAsync for user : internalUser830
16:20:55.953 [pool-3-thread-1] INFO tourGuide.service.TourGuideService - trackUserLocationAsync for user : internalUser839
16:20:55.953 [pool-3-thread-1] INFO tourGuide.service.TourGuideService - trackUserLocationAsync for user : internalUser837
16:20:55.953 [pool-3-thread-1] INFO tourGuide.service.TourGuideService - trackUserLocationAsync for user : internalUser838
16:20:55.953 [pool-3-thread-1] INFO tourGuide.service.TourGuideService - trackUserLocationAsync for user : internalUser67
16:20:55.953 [pool-3-thread-1] INFO tourGuide.service.TourGuideService - trackUserLocationAsync for user : internalUser835
16:20:55.953 [pool-3-thread-1] INFO tourGuide.service.TourGuideService - trackUserLocationAsync for user : internalUser66
16:20:55.953 [pool-3-thread-1] INFO tourGuide.service.TourGuideService - trackUserLocationAsync for user : internalUser836
16:20:55.953 [pool-3-thread-1] INFO tourGuide.service.TourGuideService - trackUserLocationAsync for user : internalUser69
16:20:55.953 [pool-3-thread-1] INFO tourGuide.service.TourGuideService - trackUserLocationAsync for user : internalUser833
16:20:55.954 [pool-3-thread-1] INFO tourGuide.service.TourGuideService - trackUserLocationAsync for user : internalUser68
16:20:55.954 [pool-3-thread-1] INFO tourGuide.service.TourGuideService - trackUserLocationAsync for user : internalUser834
16:20:55.954 [pool-3-thread-1] INFO tourGuide.service.TourGuideService - trackUserLocationAsync for user : internalUser63
16:20:55.954 [pool-3-thread-1] INFO tourGuide.service.TourGuideService - trackUserLocationAsync for user : internalUser62
16:20:55.954 [pool-3-thread-1] INFO tourGuide.service.TourGuideService - trackUserLocationAsync for user : internalUser65
16:20:55.954 [pool-3-thread-1] INFO tourGuide.service.TourGuideService - trackUserLocationAsync for user : internalUser64
16:20:55.954 [pool-3-thread-1] INFO tourGuide.service.TourGuideService - trackUserLocationAsync for user : internalUser61
16:20:55.954 [pool-3-thread-1] INFO tourGuide.service.TourGuideService - trackUserLocationAsync for user : internalUser60
16:20:55.954 [pool-3-thread-1] INFO tourGuide.service.TourGuideService - trackUserLocationAsync for user : internalUser78
16:20:55.954 [pool-3-thread-1] INFO tourGuide.service.TourGuideService - trackUserLocationAsync for user : internalUser77
16:20:55.954 [pool-3-thread-1] INFO tourGuide.service.TourGuideService - trackUserLocationAsync for user : internalUser79
16:20:55.954 [pool-3-thread-1] INFO tourGuide.service.TourGuideService - trackUserLocationAsync for user : internalUser74
16:20:55.954 [pool-3-thread-1] INFO tourGuide.service.TourGuideService - trackUserLocationAsync for user : internalUser73
16:20:55.954 [pool-3-thread-1] INFO tourGuide.service.TourGuideService - trackUserLocationAsync for user : internalUser76
16:20:55.954 [pool-3-thread-1] INFO tourGuide.service.TourGuideService - trackUserLocationAsync for user : internalUser75
16:20:55.954 [pool-3-thread-1] INFO tourGuide.service.TourGuideService - trackUserLocationAsync for user : internalUser70
16:20:55.954 [pool-3-thread-1] INFO tourGuide.service.TourGuideService - trackUserLocationAsync for user : internalUser72
16:20:55.954 [pool-3-thread-1] INFO tourGuide.service.TourGuideService - trackUserLocationAsync for user : internalUser71
16:20:55.954 [pool-3-thread-1] INFO tourGuide.service.TourGuideService - trackUserLocationAsync for user : internalUser90
16:20:55.954 [pool-3-thread-1] INFO tourGuide.service.TourGuideService - trackUserLocationAsync for user : internalUser89
16:20:55.954 [pool-3-thread-1] INFO tourGuide.service.TourGuideService - trackUserLocationAsync for user : internalUser88
16:20:55.954 [pool-3-thread-1] INFO tourGuide.service.TourGuideService - trackUserLocationAsync for user : internalUser85
16:20:55.954 [pool-3-thread-1] INFO tourGuide.service.TourGuideService - trackUserLocationAsync for user : internalUser84
16:20:55.954 [pool-3-thread-1] INFO tourGuide.service.TourGuideService - trackUserLocationAsync for user : internalUser87
16:20:55.954 [pool-3-thread-1] INFO tourGuide.service.TourGuideService - trackUserLocationAsync for user : internalUser86
16:20:55.954 [pool-3-thread-1] INFO tourGuide.service.TourGuideService - trackUserLocationAsync for user : internalUser81
16:20:55.954 [pool-3-thread-1] INFO tourGuide.service.TourGuideService - trackUserLocationAsync for user : internalUser80
16:20:55.954 [pool-3-thread-1] INFO tourGuide.service.TourGuideService - trackUserLocationAsync for user : internalUser83
16:20:55.954 [pool-3-thread-1] INFO tourGuide.service.TourGuideService - trackUserLocationAsync for user : internalUser82
16:20:55.954 [pool-3-thread-1] INFO tourGuide.service.TourGuideService - trackUserLocationAsync for user : internalUser99
16:20:55.954 [pool-3-thread-1] INFO tourGuide.service.TourGuideService - trackUserLocationAsync for user : internalUser96
16:20:55.955 [pool-3-thread-1] INFO tourGuide.service.TourGuideService - trackUserLocationAsync for user : internalUser95
16:20:55.955 [pool-3-thread-1] INFO tourGuide.service.TourGuideService - trackUserLocationAsync for user : internalUser98
16:20:55.952 [Test worker] INFO tourGuide.service.TourGuideService - trackUserLocationAsync for user : internalUser967
16:20:55.955 [pool-3-thread-1] INFO tourGuide.service.TourGuideService - trackUserLocationAsync for user : internalUser97
16:20:55.955 [Test worker] INFO tourGuide.service.TourGuideService - trackUserLocationAsync for user : internalUser726
16:20:55.955 [Test worker] INFO tourGuide.service.TourGuideService - trackUserLocationAsync for user : internalUser968
16:20:55.955 [pool-3-thread-1] INFO tourGuide.service.TourGuideService - trackUserLocationAsync for user : internalUser92
16:20:55.960 [pool-2-thread-28] DEBUG tourGuide.service.RewardsService - calculateRewards pour user : internalUser189
16:20:55.957 [pool-2-thread-40] DEBUG tourGuide.service.RewardsService - calculateRewards pour user : internalUser199
16:20:55.960 [pool-3-thread-1] INFO tourGuide.service.TourGuideService - trackUserLocationAsync for user : internalUser91
16:20:55.960 [pool-3-thread-1] INFO tourGuide.service.TourGuideService - trackUserLocationAsync for user : internalUser94
16:20:55.960 [pool-3-thread-1] INFO tourGuide.service.TourGuideService - trackUserLocationAsync for user : internalUser93
16:20:55.960 [pool-3-thread-1] INFO tourGuide.service.TourGuideService - trackUserLocationAsync for user : internalUser284
16:20:55.960 [pool-3-thread-1] INFO tourGuide.service.TourGuideService - trackUserLocationAsync for user : internalUser285
16:20:55.960 [Test worker] INFO tourGuide.service.TourGuideService - trackUserLocationAsync for user : internalUser723
16:20:55.958 [pool-2-thread-37] DEBUG tourGuide.service.RewardsService - calculateRewards pour user : internalUser190
16:20:55.958 [pool-2-thread-48] DEBUG tourGuide.service.RewardsService - calculateRewards pour user : internalUser125
16:20:55.958 [pool-2-thread-21] DEBUG tourGuide.service.RewardsService - calculateRewards pour user : internalUser185
16:20:55.958 [pool-2-thread-33] DEBUG tourGuide.service.RewardsService - calculateRewards pour user : internalUser194
16:20:55.958 [pool-2-thread-8] DEBUG tourGuide.service.RewardsService - calculateRewards pour user : internalUser168
16:20:55.959 [pool-2-thread-13] DEBUG tourGuide.service.RewardsService - calculateRewards pour user : internalUser172
16:20:55.959 [pool-2-thread-5] DEBUG tourGuide.service.RewardsService - calculateRewards pour user : internalUser160
16:20:55.959 [pool-2-thread-16] DEBUG tourGuide.service.RewardsService - calculateRewards pour user : internalUser171
16:20:55.959 [pool-2-thread-17] DEBUG tourGuide.service.RewardsService - calculateRewards pour user : internalUser178
16:20:55.959 [pool-2-thread-9] DEBUG tourGuide.service.RewardsService - calculateRewards pour user : internalUser165
16:20:55.960 [pool-3-thread-1] INFO tourGuide.service.TourGuideService - trackUserLocationAsync for user : internalUser282
16:20:55.960 [Test worker] INFO tourGuide.service.TourGuideService - trackUserLocationAsync for user : internalUser965
16:20:55.961 [pool-3-thread-1] INFO tourGuide.service.TourGuideService - trackUserLocationAsync for user : internalUser283
16:20:55.962 [pool-3-thread-1] INFO tourGuide.service.TourGuideService - trackUserLocationAsync for user : internalUser280
16:20:55.962 [pool-3-thread-1] INFO tourGuide.service.TourGuideService - trackUserLocationAsync for user : internalUser281
16:20:55.962 [pool-3-thread-1] INFO tourGuide.service.TourGuideService - trackUserLocationAsync for user : internalUser288
16:20:55.962 [pool-3-thread-1] INFO tourGuide.service.TourGuideService - trackUserLocationAsync for user : internalUser289
16:20:55.962 [pool-3-thread-1] INFO tourGuide.service.TourGuideService - trackUserLocationAsync for user : internalUser286
16:20:55.962 [pool-3-thread-1] INFO tourGuide.service.TourGuideService - trackUserLocationAsync for user : internalUser287
16:20:55.962 [pool-3-thread-1] INFO tourGuide.service.TourGuideService - trackUserLocationAsync for user : internalUser295
16:20:55.962 [pool-3-thread-1] INFO tourGuide.service.TourGuideService - trackUserLocationAsync for user : internalUser296
16:20:55.962 [pool-3-thread-1] INFO tourGuide.service.TourGuideService - trackUserLocationAsync for user : internalUser293
16:20:55.962 [pool-3-thread-1] INFO tourGuide.service.TourGuideService - trackUserLocationAsync for user : internalUser294
16:20:55.962 [pool-3-thread-1] INFO tourGuide.service.TourGuideService - trackUserLocationAsync for user : internalUser291
16:20:55.962 [pool-3-thread-1] INFO tourGuide.service.TourGuideService - trackUserLocationAsync for user : internalUser292
16:20:55.962 [pool-3-thread-1] INFO tourGuide.service.TourGuideService - trackUserLocationAsync for user : internalUser290
16:20:55.962 [pool-3-thread-1] INFO tourGuide.service.TourGuideService - trackUserLocationAsync for user : internalUser299
16:20:55.962 [pool-3-thread-1] INFO tourGuide.service.TourGuideService - trackUserLocationAsync for user : internalUser297
16:20:55.962 [pool-3-thread-1] INFO tourGuide.service.TourGuideService - trackUserLocationAsync for user : internalUser298
16:20:55.962 [pool-3-thread-1] INFO tourGuide.service.TourGuideService - trackUserLocationAsync for user : internalUser240
16:20:55.962 [pool-3-thread-1] INFO tourGuide.service.TourGuideService - trackUserLocationAsync for user : internalUser482
16:20:55.963 [pool-3-thread-1] INFO tourGuide.service.TourGuideService - trackUserLocationAsync for user : internalUser241
16:20:55.963 [pool-3-thread-1] INFO tourGuide.service.TourGuideService - trackUserLocationAsync for user : internalUser483
16:20:55.963 [pool-3-thread-1] INFO tourGuide.service.TourGuideService - trackUserLocationAsync for user : internalUser480
16:20:55.963 [pool-3-thread-1] INFO tourGuide.service.TourGuideService - trackUserLocationAsync for user : internalUser481
16:20:55.963 [pool-3-thread-1] INFO tourGuide.service.TourGuideService - trackUserLocationAsync for user : internalUser248
16:20:55.963 [pool-3-thread-1] INFO tourGuide.service.TourGuideService - trackUserLocationAsync for user : internalUser249
16:20:55.963 [pool-3-thread-1] INFO tourGuide.service.TourGuideService - trackUserLocationAsync for user : internalUser246
16:20:55.963 [pool-3-thread-1] INFO tourGuide.service.TourGuideService - trackUserLocationAsync for user : internalUser488
16:20:55.963 [pool-3-thread-1] INFO tourGuide.service.TourGuideService - trackUserLocationAsync for user : internalUser247
16:20:55.963 [pool-3-thread-1] INFO tourGuide.service.TourGuideService - trackUserLocationAsync for user : internalUser489
16:20:55.963 [pool-3-thread-1] INFO tourGuide.service.TourGuideService - trackUserLocationAsync for user : internalUser244
16:20:55.963 [pool-3-thread-1] INFO tourGuide.service.TourGuideService - trackUserLocationAsync for user : internalUser486
16:20:55.963 [pool-3-thread-1] INFO tourGuide.service.TourGuideService - trackUserLocationAsync for user : internalUser245
16:20:55.963 [pool-3-thread-1] INFO tourGuide.service.TourGuideService - trackUserLocationAsync for user : internalUser487
16:20:55.963 [pool-3-thread-1] INFO tourGuide.service.TourGuideService - trackUserLocationAsync for user : internalUser242
16:20:55.963 [pool-3-thread-1] INFO tourGuide.service.TourGuideService - trackUserLocationAsync for user : internalUser484
16:20:55.963 [pool-3-thread-1] INFO tourGuide.service.TourGuideService - trackUserLocationAsync for user : internalUser243
16:20:55.963 [pool-3-thread-1] INFO tourGuide.service.TourGuideService - trackUserLocationAsync for user : internalUser485
16:20:55.963 [pool-3-thread-1] INFO tourGuide.service.TourGuideService - trackUserLocationAsync for user : internalUser251
16:20:55.963 [pool-3-thread-1] INFO tourGuide.service.TourGuideService - trackUserLocationAsync for user : internalUser493
16:20:55.963 [pool-3-thread-1] INFO tourGuide.service.TourGuideService - trackUserLocationAsync for user : internalUser252
16:20:55.963 [pool-3-thread-1] INFO tourGuide.service.TourGuideService - trackUserLocationAsync for user : internalUser494
16:20:55.963 [pool-3-thread-1] INFO tourGuide.service.TourGuideService - trackUserLocationAsync for user : internalUser491
16:20:55.963 [pool-3-thread-1] INFO tourGuide.service.TourGuideService - trackUserLocationAsync for user : internalUser250
16:20:55.963 [pool-3-thread-1] INFO tourGuide.service.TourGuideService - trackUserLocationAsync for user : internalUser492
16:20:55.963 [pool-3-thread-1] INFO tourGuide.service.TourGuideService - trackUserLocationAsync for user : internalUser490
16:20:55.963 [pool-3-thread-1] INFO tourGuide.service.TourGuideService - trackUserLocationAsync for user : internalUser259
16:20:55.962 [Test worker] INFO tourGuide.service.TourGuideService - trackUserLocationAsync for user : internalUser724
16:20:55.963 [pool-3-thread-1] INFO tourGuide.service.TourGuideService - trackUserLocationAsync for user : internalUser257
16:20:55.963 [Test worker] INFO tourGuide.service.TourGuideService - trackUserLocationAsync for user : internalUser966
16:20:55.964 [pool-3-thread-1] INFO tourGuide.service.TourGuideService - trackUserLocationAsync for user : internalUser499
16:20:55.964 [Test worker] INFO tourGuide.service.TourGuideService - trackUserLocationAsync for user : internalUser732
16:20:55.964 [pool-3-thread-1] INFO tourGuide.service.TourGuideService - trackUserLocationAsync for user : internalUser258
16:20:55.964 [pool-3-thread-1] INFO tourGuide.service.TourGuideService - trackUserLocationAsync for user : internalUser255
16:20:55.964 [pool-3-thread-1] INFO tourGuide.service.TourGuideService - trackUserLocationAsync for user : internalUser497
16:20:55.964 [pool-3-thread-1] INFO tourGuide.service.TourGuideService - trackUserLocationAsync for user : internalUser256
16:20:55.964 [pool-3-thread-1] INFO tourGuide.service.TourGuideService - trackUserLocationAsync for user : internalUser498
16:20:55.964 [pool-3-thread-1] INFO tourGuide.service.TourGuideService - trackUserLocationAsync for user : internalUser253
16:20:55.964 [pool-3-thread-1] INFO tourGuide.service.TourGuideService - trackUserLocationAsync for user : internalUser495
16:20:55.964 [Test worker] INFO tourGuide.service.TourGuideService - trackUserLocationAsync for user : internalUser974
16:20:55.964 [Test worker] INFO tourGuide.service.TourGuideService - trackUserLocationAsync for user : internalUser733
16:20:55.964 [pool-3-thread-1] INFO tourGuide.service.TourGuideService - trackUserLocationAsync for user : internalUser254
16:20:55.964 [pool-3-thread-1] INFO tourGuide.service.TourGuideService - trackUserLocationAsync for user : internalUser496
16:20:55.964 [pool-3-thread-1] INFO tourGuide.service.TourGuideService - trackUserLocationAsync for user : internalUser262
16:20:55.964 [pool-3-thread-1] INFO tourGuide.service.TourGuideService - trackUserLocationAsync for user : internalUser263
16:20:55.964 [pool-3-thread-1] INFO tourGuide.service.TourGuideService - trackUserLocationAsync for user : internalUser260
16:20:55.964 [pool-3-thread-1] INFO tourGuide.service.TourGuideService - trackUserLocationAsync for user : internalUser261
16:20:55.964 [pool-3-thread-1] INFO tourGuide.service.TourGuideService - trackUserLocationAsync for user : internalUser268
16:20:55.964 [pool-3-thread-1] INFO tourGuide.service.TourGuideService - trackUserLocationAsync for user : internalUser269
16:20:55.964 [pool-3-thread-1] INFO tourGuide.service.TourGuideService - trackUserLocationAsync for user : internalUser266
16:20:55.964 [pool-3-thread-1] INFO tourGuide.service.TourGuideService - trackUserLocationAsync for user : internalUser267
16:20:55.964 [pool-3-thread-1] INFO tourGuide.service.TourGuideService - trackUserLocationAsync for user : internalUser264
16:20:55.964 [Test worker] INFO tourGuide.service.TourGuideService - trackUserLocationAsync for user : internalUser975
16:20:55.964 [Test worker] INFO tourGuide.service.TourGuideService - trackUserLocationAsync for user : internalUser730
16:20:55.964 [pool-3-thread-1] INFO tourGuide.service.TourGuideService - trackUserLocationAsync for user : internalUser265
16:20:55.964 [Test worker] INFO tourGuide.service.TourGuideService - trackUserLocationAsync for user : internalUser972
16:20:55.964 [Test worker] INFO tourGuide.service.TourGuideService - trackUserLocationAsync for user : internalUser731
16:20:55.964 [pool-3-thread-1] INFO tourGuide.service.TourGuideService - trackUserLocationAsync for user : internalUser273
16:20:55.964 [pool-3-thread-1] INFO tourGuide.service.TourGuideService - trackUserLocationAsync for user : internalUser274
16:20:55.964 [pool-3-thread-1] INFO tourGuide.service.TourGuideService - trackUserLocationAsync for user : internalUser271
16:20:55.964 [pool-3-thread-1] INFO tourGuide.service.TourGuideService - trackUserLocationAsync for user : internalUser272
16:20:55.964 [Test worker] INFO tourGuide.service.TourGuideService - trackUserLocationAsync for user : internalUser973
16:20:55.965 [pool-3-thread-1] INFO tourGuide.service.TourGuideService - trackUserLocationAsync for user : internalUser270
16:20:55.965 [Test worker] INFO tourGuide.service.TourGuideService - trackUserLocationAsync for user : internalUser970
16:20:55.965 [Test worker] INFO tourGuide.service.TourGuideService - trackUserLocationAsync for user : internalUser971
16:20:55.965 [pool-3-thread-1] INFO tourGuide.service.TourGuideService - trackUserLocationAsync for user : internalUser279
16:20:55.965 [pool-3-thread-1] INFO tourGuide.service.TourGuideService - trackUserLocationAsync for user : internalUser277
16:20:55.965 [pool-3-thread-1] INFO tourGuide.service.TourGuideService - trackUserLocationAsync for user : internalUser278
16:20:55.965 [pool-3-thread-1] INFO tourGuide.service.TourGuideService - trackUserLocationAsync for user : internalUser275
16:20:55.965 [Test worker] INFO tourGuide.service.TourGuideService - trackUserLocationAsync for user : internalUser738
16:20:55.965 [Test worker] INFO tourGuide.service.TourGuideService - trackUserLocationAsync for user : internalUser739
16:20:55.965 [pool-3-thread-1] INFO tourGuide.service.TourGuideService - trackUserLocationAsync for user : internalUser276
16:20:55.965 [pool-3-thread-1] INFO tourGuide.service.TourGuideService - trackUserLocationAsync for user : internalUser680
16:20:55.965 [Test worker] INFO tourGuide.service.TourGuideService - trackUserLocationAsync for user : internalUser736
16:20:55.965 [Test worker] INFO tourGuide.service.TourGuideService - trackUserLocationAsync for user : internalUser978
16:20:55.965 [pool-3-thread-1] INFO tourGuide.service.TourGuideService - trackUserLocationAsync for user : internalUser681
16:20:55.965 [pool-3-thread-1] INFO tourGuide.service.TourGuideService - trackUserLocationAsync for user : internalUser204
16:20:55.965 [pool-3-thread-1] INFO tourGuide.service.TourGuideService - trackUserLocationAsync for user : internalUser446
16:20:55.965 [pool-3-thread-1] INFO tourGuide.service.TourGuideService - trackUserLocationAsync for user : internalUser688
16:20:55.965 [Test worker] INFO tourGuide.service.TourGuideService - trackUserLocationAsync for user : internalUser737
16:20:55.965 [Test worker] INFO tourGuide.service.TourGuideService - trackUserLocationAsync for user : internalUser979
16:20:55.965 [pool-3-thread-1] INFO tourGuide.service.TourGuideService - trackUserLocationAsync for user : internalUser205
16:20:55.965 [pool-3-thread-1] INFO tourGuide.service.TourGuideService - trackUserLocationAsync for user : internalUser447
16:20:55.965 [pool-3-thread-1] INFO tourGuide.service.TourGuideService - trackUserLocationAsync for user : internalUser689
16:20:55.965 [pool-3-thread-1] INFO tourGuide.service.TourGuideService - trackUserLocationAsync for user : internalUser202
16:20:55.965 [Test worker] INFO tourGuide.service.TourGuideService - trackUserLocationAsync for user : internalUser734
16:20:55.965 [Test worker] INFO tourGuide.service.TourGuideService - trackUserLocationAsync for user : internalUser976
16:20:55.965 [Test worker] INFO tourGuide.service.TourGuideService - trackUserLocationAsync for user : internalUser735
16:20:55.965 [pool-3-thread-1] INFO tourGuide.service.TourGuideService - trackUserLocationAsync for user : internalUser444
16:20:55.965 [pool-3-thread-1] INFO tourGuide.service.TourGuideService - trackUserLocationAsync for user : internalUser686
16:20:55.965 [Test worker] INFO tourGuide.service.TourGuideService - trackUserLocationAsync for user : internalUser977
16:20:55.966 [Test worker] INFO tourGuide.service.TourGuideService - trackUserLocationAsync for user : internalUser501
16:20:55.966 [Test worker] INFO tourGuide.service.TourGuideService - trackUserLocationAsync for user : internalUser743
16:20:55.966 [Test worker] INFO tourGuide.service.TourGuideService - trackUserLocationAsync for user : internalUser985
16:20:55.965 [pool-3-thread-1] INFO tourGuide.service.TourGuideService - trackUserLocationAsync for user : internalUser203
16:20:55.966 [Test worker] INFO tourGuide.service.TourGuideService - trackUserLocationAsync for user : internalUser502
16:20:55.966 [pool-3-thread-1] INFO tourGuide.service.TourGuideService - trackUserLocationAsync for user : internalUser445
16:20:55.966 [Test worker] INFO tourGuide.service.TourGuideService - trackUserLocationAsync for user : internalUser744
16:20:55.966 [pool-3-thread-1] INFO tourGuide.service.TourGuideService - trackUserLocationAsync for user : internalUser687
16:20:55.966 [Test worker] INFO tourGuide.service.TourGuideService - trackUserLocationAsync for user : internalUser986
16:20:55.966 [pool-3-thread-1] INFO tourGuide.service.TourGuideService - trackUserLocationAsync for user : internalUser200
16:20:55.966 [Test worker] INFO tourGuide.service.TourGuideService - trackUserLocationAsync for user : internalUser741
16:20:55.966 [pool-3-thread-1] INFO tourGuide.service.TourGuideService - trackUserLocationAsync for user : internalUser442
16:20:55.966 [Test worker] INFO tourGuide.service.TourGuideService - trackUserLocationAsync for user : internalUser983
16:20:55.966 [Test worker] INFO tourGuide.service.TourGuideService - trackUserLocationAsync for user : internalUser500
16:20:55.966 [pool-3-thread-1] INFO tourGuide.service.TourGuideService - trackUserLocationAsync for user : internalUser684
16:20:55.966 [Test worker] INFO tourGuide.service.TourGuideService - trackUserLocationAsync for user : internalUser742
16:20:55.966 [pool-3-thread-1] INFO tourGuide.service.TourGuideService - trackUserLocationAsync for user : internalUser201
16:20:55.966 [Test worker] INFO tourGuide.service.TourGuideService - trackUserLocationAsync for user : internalUser984
16:20:55.966 [Test worker] INFO tourGuide.service.TourGuideService - trackUserLocationAsync for user : internalUser981
16:20:55.966 [pool-3-thread-1] INFO tourGuide.service.TourGuideService - trackUserLocationAsync for user : internalUser443
16:20:55.966 [Test worker] INFO tourGuide.service.TourGuideService - trackUserLocationAsync for user : internalUser740
16:20:55.966 [pool-3-thread-1] INFO tourGuide.service.TourGuideService - trackUserLocationAsync for user : internalUser685
16:20:55.966 [Test worker] INFO tourGuide.service.TourGuideService - trackUserLocationAsync for user : internalUser982
16:20:55.966 [pool-3-thread-1] INFO tourGuide.service.TourGuideService - trackUserLocationAsync for user : internalUser440
16:20:55.966 [Test worker] INFO tourGuide.service.TourGuideService - trackUserLocationAsync for user : internalUser980
16:20:55.966 [pool-3-thread-1] INFO tourGuide.service.TourGuideService - trackUserLocationAsync for user : internalUser682
16:20:55.966 [Test worker] INFO tourGuide.service.TourGuideService - trackUserLocationAsync for user : internalUser509
16:20:55.967 [pool-3-thread-1] INFO tourGuide.service.TourGuideService - trackUserLocationAsync for user : internalUser441
16:20:55.967 [Test worker] INFO tourGuide.service.TourGuideService - trackUserLocationAsync for user : internalUser507
16:20:55.967 [pool-3-thread-1] INFO tourGuide.service.TourGuideService - trackUserLocationAsync for user : internalUser683
16:20:55.967 [Test worker] INFO tourGuide.service.TourGuideService - trackUserLocationAsync for user : internalUser749
16:20:55.967 [pool-3-thread-1] INFO tourGuide.service.TourGuideService - trackUserLocationAsync for user : internalUser208
16:20:55.967 [Test worker] INFO tourGuide.service.TourGuideService - trackUserLocationAsync for user : internalUser508
16:20:55.967 [pool-3-thread-1] INFO tourGuide.service.TourGuideService - trackUserLocationAsync for user : internalUser209
16:20:55.967 [Test worker] INFO tourGuide.service.TourGuideService - trackUserLocationAsync for user : internalUser505
16:20:55.967 [pool-3-thread-1] INFO tourGuide.service.TourGuideService - trackUserLocationAsync for user : internalUser206
16:20:55.967 [Test worker] INFO tourGuide.service.TourGuideService - trackUserLocationAsync for user : internalUser747
16:20:55.967 [pool-3-thread-1] INFO tourGuide.service.TourGuideService - trackUserLocationAsync for user : internalUser448
16:20:55.967 [Test worker] INFO tourGuide.service.TourGuideService - trackUserLocationAsync for user : internalUser989
16:20:55.967 [pool-3-thread-1] INFO tourGuide.service.TourGuideService - trackUserLocationAsync for user : internalUser207
16:20:55.967 [Test worker] INFO tourGuide.service.TourGuideService - trackUserLocationAsync for user : internalUser506
16:20:55.967 [pool-3-thread-1] INFO tourGuide.service.TourGuideService - trackUserLocationAsync for user : internalUser449
16:20:55.967 [Test worker] INFO tourGuide.service.TourGuideService - trackUserLocationAsync for user : internalUser748
16:20:55.967 [pool-3-thread-1] INFO tourGuide.service.TourGuideService - trackUserLocationAsync for user : internalUser691
16:20:55.967 [Test worker] INFO tourGuide.service.TourGuideService - trackUserLocationAsync for user : internalUser503
16:20:55.967 [pool-3-thread-1] INFO tourGuide.service.TourGuideService - trackUserLocationAsync for user : internalUser450
16:20:55.967 [Test worker] INFO tourGuide.service.TourGuideService - trackUserLocationAsync for user : internalUser745
16:20:55.967 [pool-3-thread-1] INFO tourGuide.service.TourGuideService - trackUserLocationAsync for user : internalUser692
16:20:55.967 [Test worker] INFO tourGuide.service.TourGuideService - trackUserLocationAsync for user : internalUser987
16:20:55.967 [pool-3-thread-1] INFO tourGuide.service.TourGuideService - trackUserLocationAsync for user : internalUser690
16:20:55.967 [Test worker] INFO tourGuide.service.TourGuideService - trackUserLocationAsync for user : internalUser504
16:20:55.967 [pool-3-thread-1] INFO tourGuide.service.TourGuideService - trackUserLocationAsync for user : internalUser215
16:20:55.967 [Test worker] INFO tourGuide.service.TourGuideService - trackUserLocationAsync for user : internalUser746
16:20:55.967 [pool-3-thread-1] INFO tourGuide.service.TourGuideService - trackUserLocationAsync for user : internalUser457
16:20:55.968 [Test worker] INFO tourGuide.service.TourGuideService - trackUserLocationAsync for user : internalUser988
16:20:55.968 [pool-3-thread-1] INFO tourGuide.service.TourGuideService - trackUserLocationAsync for user : internalUser699
16:20:55.968 [pool-2-thread-29] DEBUG tourGuide.service.RewardsService - calculateRewards pour user : internalUser187
16:20:55.968 [Test worker] INFO tourGuide.service.TourGuideService - trackUserLocationAsync for user : internalUser512
16:20:55.968 [pool-3-thread-1] INFO tourGuide.service.TourGuideService - trackUserLocationAsync for user : internalUser216
16:20:55.968 [Test worker] INFO tourGuide.service.TourGuideService - trackUserLocationAsync for user : internalUser754
16:20:55.968 [pool-3-thread-1] INFO tourGuide.service.TourGuideService - trackUserLocationAsync for user : internalUser458
16:20:55.968 [pool-3-thread-1] INFO tourGuide.service.TourGuideService - trackUserLocationAsync for user : internalUser213
16:20:55.968 [Test worker] INFO tourGuide.service.TourGuideService - trackUserLocationAsync for user : internalUser996
16:20:55.968 [pool-3-thread-1] INFO tourGuide.service.TourGuideService - trackUserLocationAsync for user : internalUser455
16:20:55.968 [Test worker] INFO tourGuide.service.TourGuideService - trackUserLocationAsync for user : internalUser513
16:20:55.968 [pool-3-thread-1] INFO tourGuide.service.TourGuideService - trackUserLocationAsync for user : internalUser697
16:20:55.968 [Test worker] INFO tourGuide.service.TourGuideService - trackUserLocationAsync for user : internalUser755
16:20:55.968 [pool-3-thread-1] INFO tourGuide.service.TourGuideService - trackUserLocationAsync for user : internalUser214
16:20:55.968 [Test worker] INFO tourGuide.service.TourGuideService - trackUserLocationAsync for user : internalUser997
16:20:55.968 [pool-3-thread-1] INFO tourGuide.service.TourGuideService - trackUserLocationAsync for user : internalUser456
16:20:55.968 [Test worker] INFO tourGuide.service.TourGuideService - trackUserLocationAsync for user : internalUser510
16:20:55.968 [pool-3-thread-1] INFO tourGuide.service.TourGuideService - trackUserLocationAsync for user : internalUser698
16:20:55.968 [Test worker] INFO tourGuide.service.TourGuideService - trackUserLocationAsync for user : internalUser752
16:20:55.968 [pool-3-thread-1] INFO tourGuide.service.TourGuideService - trackUserLocationAsync for user : internalUser211
16:20:55.968 [Test worker] INFO tourGuide.service.TourGuideService - trackUserLocationAsync for user : internalUser994
16:20:55.968 [pool-3-thread-1] INFO tourGuide.service.TourGuideService - trackUserLocationAsync for user : internalUser453
16:20:55.968 [Test worker] INFO tourGuide.service.TourGuideService - trackUserLocationAsync for user : internalUser511
16:20:55.968 [Test worker] INFO tourGuide.service.TourGuideService - trackUserLocationAsync for user : internalUser753
16:20:55.968 [pool-3-thread-1] INFO tourGuide.service.TourGuideService - trackUserLocationAsync for user : internalUser695
16:20:55.968 [Test worker] INFO tourGuide.service.TourGuideService - trackUserLocationAsync for user : internalUser995
16:20:55.968 [pool-3-thread-1] INFO tourGuide.service.TourGuideService - trackUserLocationAsync for user : internalUser212
16:20:55.969 [Test worker] INFO tourGuide.service.TourGuideService - trackUserLocationAsync for user : internalUser750
16:20:55.969 [pool-3-thread-1] INFO tourGuide.service.TourGuideService - trackUserLocationAsync for user : internalUser454
16:20:55.969 [Test worker] INFO tourGuide.service.TourGuideService - trackUserLocationAsync for user : internalUser992
16:20:55.969 [pool-3-thread-1] INFO tourGuide.service.TourGuideService - trackUserLocationAsync for user : internalUser696
16:20:55.969 [Test worker] INFO tourGuide.service.TourGuideService - trackUserLocationAsync for user : internalUser751
16:20:55.969 [pool-3-thread-1] INFO tourGuide.service.TourGuideService - trackUserLocationAsync for user : internalUser451
16:20:55.969 [Test worker] INFO tourGuide.service.TourGuideService - trackUserLocationAsync for user : internalUser993
16:20:55.969 [pool-3-thread-1] INFO tourGuide.service.TourGuideService - trackUserLocationAsync for user : internalUser693
16:20:55.969 [pool-3-thread-1] INFO tourGuide.service.TourGuideService - trackUserLocationAsync for user : internalUser210
16:20:55.969 [pool-3-thread-1] INFO tourGuide.service.TourGuideService - trackUserLocationAsync for user : internalUser452
16:20:55.969 [pool-3-thread-1] INFO tourGuide.service.TourGuideService - trackUserLocationAsync for user : internalUser694
16:20:55.969 [pool-3-thread-1] INFO tourGuide.service.TourGuideService - trackUserLocationAsync for user : internalUser219
16:20:55.969 [pool-3-thread-1] INFO tourGuide.service.TourGuideService - trackUserLocationAsync for user : internalUser217
16:20:55.969 [Test worker] INFO tourGuide.service.TourGuideService - trackUserLocationAsync for user : internalUser990
16:20:55.969 [pool-3-thread-1] INFO tourGuide.service.TourGuideService - trackUserLocationAsync for user : internalUser459
16:20:55.969 [Test worker] INFO tourGuide.service.TourGuideService - trackUserLocationAsync for user : internalUser991
16:20:55.969 [pool-3-thread-1] INFO tourGuide.service.TourGuideService - trackUserLocationAsync for user : internalUser218
16:20:55.969 [Test worker] INFO tourGuide.service.TourGuideService - trackUserLocationAsync for user : internalUser518
16:20:55.969 [pool-3-thread-1] INFO tourGuide.service.TourGuideService - trackUserLocationAsync for user : internalUser460
16:20:55.969 [Test worker] INFO tourGuide.service.TourGuideService - trackUserLocationAsync for user : internalUser519
16:20:55.969 [pool-3-thread-1] INFO tourGuide.service.TourGuideService - trackUserLocationAsync for user : internalUser461
16:20:55.969 [pool-3-thread-1] INFO tourGuide.service.TourGuideService - trackUserLocationAsync for user : internalUser226
16:20:55.969 [Test worker] INFO tourGuide.service.TourGuideService - trackUserLocationAsync for user : internalUser516
16:20:55.969 [Test worker] INFO tourGuide.service.TourGuideService - trackUserLocationAsync for user : internalUser758
16:20:55.969 [pool-3-thread-1] INFO tourGuide.service.TourGuideService - trackUserLocationAsync for user : internalUser468
16:20:55.969 [pool-3-thread-1] INFO tourGuide.service.TourGuideService - trackUserLocationAsync for user : internalUser227
16:20:55.969 [Test worker] INFO tourGuide.service.TourGuideService - trackUserLocationAsync for user : internalUser517
16:20:55.970 [pool-3-thread-1] INFO tourGuide.service.TourGuideService - trackUserLocationAsync for user : internalUser469
16:20:55.970 [pool-3-thread-1] INFO tourGuide.service.TourGuideService - trackUserLocationAsync for user : internalUser224
16:20:55.970 [Test worker] INFO tourGuide.service.TourGuideService - trackUserLocationAsync for user : internalUser759
16:20:55.970 [pool-3-thread-1] INFO tourGuide.service.TourGuideService - trackUserLocationAsync for user : internalUser466
16:20:55.970 [Test worker] INFO tourGuide.service.TourGuideService - trackUserLocationAsync for user : internalUser514
16:20:55.970 [pool-3-thread-1] INFO tourGuide.service.TourGuideService - trackUserLocationAsync for user : internalUser225
16:20:55.970 [Test worker] INFO tourGuide.service.TourGuideService - trackUserLocationAsync for user : internalUser756
16:20:55.970 [pool-3-thread-1] INFO tourGuide.service.TourGuideService - trackUserLocationAsync for user : internalUser467
16:20:55.970 [Test worker] INFO tourGuide.service.TourGuideService - trackUserLocationAsync for user : internalUser998
16:20:55.970 [pool-3-thread-1] INFO tourGuide.service.TourGuideService - trackUserLocationAsync for user : internalUser222
16:20:55.970 [Test worker] INFO tourGuide.service.TourGuideService - trackUserLocationAsync for user : internalUser515
16:20:55.970 [pool-3-thread-1] INFO tourGuide.service.TourGuideService - trackUserLocationAsync for user : internalUser464
16:20:55.970 [Test worker] INFO tourGuide.service.TourGuideService - trackUserLocationAsync for user : internalUser757
16:20:55.970 [pool-3-thread-1] INFO tourGuide.service.TourGuideService - trackUserLocationAsync for user : internalUser223
16:20:55.970 [Test worker] INFO tourGuide.service.TourGuideService - trackUserLocationAsync for user : internalUser999
16:20:55.970 [pool-3-thread-1] INFO tourGuide.service.TourGuideService - trackUserLocationAsync for user : internalUser465
16:20:55.970 [pool-3-thread-1] INFO tourGuide.service.TourGuideService - trackUserLocationAsync for user : internalUser220
16:20:55.970 [pool-3-thread-1] INFO tourGuide.service.TourGuideService - trackUserLocationAsync for user : internalUser462
16:20:55.970 [pool-3-thread-1] INFO tourGuide.service.TourGuideService - trackUserLocationAsync for user : internalUser221
16:20:55.970 [pool-3-thread-1] INFO tourGuide.service.TourGuideService - trackUserLocationAsync for user : internalUser463
16:20:55.970 [pool-3-thread-1] INFO tourGuide.service.TourGuideService - trackUserLocationAsync for user : internalUser228
16:20:55.970 [pool-3-thread-1] INFO tourGuide.service.TourGuideService - trackUserLocationAsync for user : internalUser229
16:20:55.970 [pool-3-thread-1] INFO tourGuide.service.TourGuideService - trackUserLocationAsync for user : internalUser471
16:20:55.970 [pool-3-thread-1] INFO tourGuide.service.TourGuideService - trackUserLocationAsync for user : internalUser230
16:20:55.971 [pool-3-thread-1] INFO tourGuide.service.TourGuideService - trackUserLocationAsync for user : internalUser472
16:20:55.971 [pool-3-thread-1] INFO tourGuide.service.TourGuideService - trackUserLocationAsync for user : internalUser470
16:20:55.971 [pool-3-thread-1] INFO tourGuide.service.TourGuideService - trackUserLocationAsync for user : internalUser237
16:20:55.971 [pool-3-thread-1] INFO tourGuide.service.TourGuideService - trackUserLocationAsync for user : internalUser479
16:20:55.971 [pool-3-thread-1] INFO tourGuide.service.TourGuideService - trackUserLocationAsync for user : internalUser238
16:20:55.971 [pool-3-thread-1] INFO tourGuide.service.TourGuideService - trackUserLocationAsync for user : internalUser235
16:20:55.971 [pool-3-thread-1] INFO tourGuide.service.TourGuideService - trackUserLocationAsync for user : internalUser477
16:20:55.971 [pool-3-thread-1] INFO tourGuide.service.TourGuideService - trackUserLocationAsync for user : internalUser236
16:20:55.971 [pool-3-thread-1] INFO tourGuide.service.TourGuideService - trackUserLocationAsync for user : internalUser478
16:20:55.971 [pool-3-thread-1] INFO tourGuide.service.TourGuideService - trackUserLocationAsync for user : internalUser233
16:20:55.971 [pool-3-thread-1] INFO tourGuide.service.TourGuideService - trackUserLocationAsync for user : internalUser475
16:20:55.971 [pool-3-thread-1] INFO tourGuide.service.TourGuideService - trackUserLocationAsync for user : internalUser234
16:20:55.971 [pool-3-thread-1] INFO tourGuide.service.TourGuideService - trackUserLocationAsync for user : internalUser476
16:20:55.971 [pool-3-thread-1] INFO tourGuide.service.TourGuideService - trackUserLocationAsync for user : internalUser231
16:20:55.971 [pool-3-thread-1] INFO tourGuide.service.TourGuideService - trackUserLocationAsync for user : internalUser473
16:20:55.971 [pool-3-thread-1] INFO tourGuide.service.TourGuideService - trackUserLocationAsync for user : internalUser232
16:20:55.971 [pool-3-thread-1] INFO tourGuide.service.TourGuideService - trackUserLocationAsync for user : internalUser474
16:20:55.971 [pool-3-thread-1] INFO tourGuide.service.TourGuideService - trackUserLocationAsync for user : internalUser239
16:20:55.971 [pool-3-thread-1] INFO tourGuide.service.TourGuideService - trackUserLocationAsync for user : internalUser402
16:20:55.971 [pool-3-thread-1] INFO tourGuide.service.TourGuideService - trackUserLocationAsync for user : internalUser644
16:20:55.971 [pool-3-thread-1] INFO tourGuide.service.TourGuideService - trackUserLocationAsync for user : internalUser886
16:20:55.971 [pool-3-thread-1] INFO tourGuide.service.TourGuideService - trackUserLocationAsync for user : internalUser403
16:20:55.972 [pool-3-thread-1] INFO tourGuide.service.TourGuideService - trackUserLocationAsync for user : internalUser645
16:20:55.972 [pool-3-thread-1] INFO tourGuide.service.TourGuideService - trackUserLocationAsync for user : internalUser887
16:20:55.972 [pool-3-thread-1] INFO tourGuide.service.TourGuideService - trackUserLocationAsync for user : internalUser400
16:20:55.972 [pool-3-thread-1] INFO tourGuide.service.TourGuideService - trackUserLocationAsync for user : internalUser642
16:20:55.972 [pool-3-thread-1] INFO tourGuide.service.TourGuideService - trackUserLocationAsync for user : internalUser884
16:20:55.972 [pool-3-thread-1] INFO tourGuide.service.TourGuideService - trackUserLocationAsync for user : internalUser401
16:20:55.972 [pool-3-thread-1] INFO tourGuide.service.TourGuideService - trackUserLocationAsync for user : internalUser643
16:20:55.972 [pool-3-thread-1] INFO tourGuide.service.TourGuideService - trackUserLocationAsync for user : internalUser885
16:20:55.972 [pool-3-thread-1] INFO tourGuide.service.TourGuideService - trackUserLocationAsync for user : internalUser640
16:20:55.972 [pool-3-thread-1] INFO tourGuide.service.TourGuideService - trackUserLocationAsync for user : internalUser882
16:20:55.972 [pool-3-thread-1] INFO tourGuide.service.TourGuideService - trackUserLocationAsync for user : internalUser641
16:20:55.972 [pool-3-thread-1] INFO tourGuide.service.TourGuideService - trackUserLocationAsync for user : internalUser883
16:20:55.972 [pool-3-thread-1] INFO tourGuide.service.TourGuideService - trackUserLocationAsync for user : internalUser880
16:20:55.972 [pool-3-thread-1] INFO tourGuide.service.TourGuideService - trackUserLocationAsync for user : internalUser881
16:20:55.972 [pool-3-thread-1] INFO tourGuide.service.TourGuideService - trackUserLocationAsync for user : internalUser408
16:20:55.972 [pool-3-thread-1] INFO tourGuide.service.TourGuideService - trackUserLocationAsync for user : internalUser409
16:20:55.972 [pool-3-thread-1] INFO tourGuide.service.TourGuideService - trackUserLocationAsync for user : internalUser406
16:20:55.972 [pool-3-thread-1] INFO tourGuide.service.TourGuideService - trackUserLocationAsync for user : internalUser648
16:20:55.972 [pool-3-thread-1] INFO tourGuide.service.TourGuideService - trackUserLocationAsync for user : internalUser407
16:20:55.972 [pool-3-thread-1] INFO tourGuide.service.TourGuideService - trackUserLocationAsync for user : internalUser649
16:20:55.972 [pool-3-thread-1] INFO tourGuide.service.TourGuideService - trackUserLocationAsync for user : internalUser404
16:20:55.972 [pool-3-thread-1] INFO tourGuide.service.TourGuideService - trackUserLocationAsync for user : internalUser646
16:20:55.972 [pool-3-thread-1] INFO tourGuide.service.TourGuideService - trackUserLocationAsync for user : internalUser888
16:20:55.972 [pool-3-thread-1] INFO tourGuide.service.TourGuideService - trackUserLocationAsync for user : internalUser405
16:20:55.972 [pool-3-thread-1] INFO tourGuide.service.TourGuideService - trackUserLocationAsync for user : internalUser647
16:20:55.972 [pool-3-thread-1] INFO tourGuide.service.TourGuideService - trackUserLocationAsync for user : internalUser889
16:20:55.973 [pool-3-thread-1] INFO tourGuide.service.TourGuideService - trackUserLocationAsync for user : internalUser890
16:20:55.973 [pool-3-thread-1] INFO tourGuide.service.TourGuideService - trackUserLocationAsync for user : internalUser413
16:20:55.973 [pool-3-thread-1] INFO tourGuide.service.TourGuideService - trackUserLocationAsync for user : internalUser655
16:20:55.973 [pool-3-thread-1] INFO tourGuide.service.TourGuideService - trackUserLocationAsync for user : internalUser897
16:20:55.973 [pool-3-thread-1] INFO tourGuide.service.TourGuideService - trackUserLocationAsync for user : internalUser414
16:20:55.973 [pool-3-thread-1] INFO tourGuide.service.TourGuideService - trackUserLocationAsync for user : internalUser656
16:20:55.973 [pool-3-thread-1] INFO tourGuide.service.TourGuideService - trackUserLocationAsync for user : internalUser898
16:20:55.973 [pool-3-thread-1] INFO tourGuide.service.TourGuideService - trackUserLocationAsync for user : internalUser411
16:20:55.973 [pool-3-thread-1] INFO tourGuide.service.TourGuideService - trackUserLocationAsync for user : internalUser653
16:20:55.973 [pool-3-thread-1] INFO tourGuide.service.TourGuideService - trackUserLocationAsync for user : internalUser895
16:20:55.973 [pool-3-thread-1] INFO tourGuide.service.TourGuideService - trackUserLocationAsync for user : internalUser412
16:20:55.973 [pool-3-thread-1] INFO tourGuide.service.TourGuideService - trackUserLocationAsync for user : internalUser654
16:20:55.973 [pool-3-thread-1] INFO tourGuide.service.TourGuideService - trackUserLocationAsync for user : internalUser896
16:20:55.973 [pool-3-thread-1] INFO tourGuide.service.TourGuideService - trackUserLocationAsync for user : internalUser651
16:20:55.973 [pool-3-thread-1] INFO tourGuide.service.TourGuideService - trackUserLocationAsync for user : internalUser893
16:20:55.973 [pool-3-thread-1] INFO tourGuide.service.TourGuideService - trackUserLocationAsync for user : internalUser410
16:20:55.973 [pool-3-thread-1] INFO tourGuide.service.TourGuideService - trackUserLocationAsync for user : internalUser652
16:20:55.973 [pool-3-thread-1] INFO tourGuide.service.TourGuideService - trackUserLocationAsync for user : internalUser894
16:20:55.973 [pool-3-thread-1] INFO tourGuide.service.TourGuideService - trackUserLocationAsync for user : internalUser891
16:20:55.973 [pool-3-thread-1] INFO tourGuide.service.TourGuideService - trackUserLocationAsync for user : internalUser650
16:20:55.973 [pool-3-thread-1] INFO tourGuide.service.TourGuideService - trackUserLocationAsync for user : internalUser892
16:20:55.973 [pool-3-thread-1] INFO tourGuide.service.TourGuideService - trackUserLocationAsync for user : internalUser419
16:20:55.973 [pool-3-thread-1] INFO tourGuide.service.TourGuideService - trackUserLocationAsync for user : internalUser417
16:20:55.973 [pool-3-thread-1] INFO tourGuide.service.TourGuideService - trackUserLocationAsync for user : internalUser659
16:20:55.973 [pool-3-thread-1] INFO tourGuide.service.TourGuideService - trackUserLocationAsync for user : internalUser418
16:20:55.974 [pool-3-thread-1] INFO tourGuide.service.TourGuideService - trackUserLocationAsync for user : internalUser415
16:20:55.974 [pool-3-thread-1] INFO tourGuide.service.TourGuideService - trackUserLocationAsync for user : internalUser657
16:20:55.974 [pool-3-thread-1] INFO tourGuide.service.TourGuideService - trackUserLocationAsync for user : internalUser899
16:20:55.974 [pool-3-thread-1] INFO tourGuide.service.TourGuideService - trackUserLocationAsync for user : internalUser416
16:20:55.974 [pool-3-thread-1] INFO tourGuide.service.TourGuideService - trackUserLocationAsync for user : internalUser658
16:20:55.974 [pool-3-thread-1] INFO tourGuide.service.TourGuideService - trackUserLocationAsync for user : internalUser424
16:20:55.974 [pool-3-thread-1] INFO tourGuide.service.TourGuideService - trackUserLocationAsync for user : internalUser666
16:20:55.974 [pool-3-thread-1] INFO tourGuide.service.TourGuideService - trackUserLocationAsync for user : internalUser425
16:20:55.974 [pool-3-thread-1] INFO tourGuide.service.TourGuideService - trackUserLocationAsync for user : internalUser667
16:20:55.974 [pool-3-thread-1] INFO tourGuide.service.TourGuideService - trackUserLocationAsync for user : internalUser422
16:20:55.974 [pool-3-thread-1] INFO tourGuide.service.TourGuideService - trackUserLocationAsync for user : internalUser664
16:20:55.974 [pool-3-thread-1] INFO tourGuide.service.TourGuideService - trackUserLocationAsync for user : internalUser423
16:20:55.974 [pool-3-thread-1] INFO tourGuide.service.TourGuideService - trackUserLocationAsync for user : internalUser665
16:20:55.974 [pool-3-thread-1] INFO tourGuide.service.TourGuideService - trackUserLocationAsync for user : internalUser420
16:20:55.974 [pool-3-thread-1] INFO tourGuide.service.TourGuideService - trackUserLocationAsync for user : internalUser662
16:20:55.974 [pool-3-thread-1] INFO tourGuide.service.TourGuideService - trackUserLocationAsync for user : internalUser421
16:20:55.974 [pool-3-thread-1] INFO tourGuide.service.TourGuideService - trackUserLocationAsync for user : internalUser663
16:20:55.974 [pool-3-thread-1] INFO tourGuide.service.TourGuideService - trackUserLocationAsync for user : internalUser660
16:20:55.974 [pool-3-thread-1] INFO tourGuide.service.TourGuideService - trackUserLocationAsync for user : internalUser661
16:20:55.974 [pool-3-thread-1] INFO tourGuide.service.TourGuideService - trackUserLocationAsync for user : internalUser428
16:20:55.974 [pool-3-thread-1] INFO tourGuide.service.TourGuideService - trackUserLocationAsync for user : internalUser429
16:20:55.974 [pool-3-thread-1] INFO tourGuide.service.TourGuideService - trackUserLocationAsync for user : internalUser426
16:20:55.974 [pool-3-thread-1] INFO tourGuide.service.TourGuideService - trackUserLocationAsync for user : internalUser668
16:20:55.974 [pool-3-thread-1] INFO tourGuide.service.TourGuideService - trackUserLocationAsync for user : internalUser427
16:20:55.974 [pool-3-thread-1] INFO tourGuide.service.TourGuideService - trackUserLocationAsync for user : internalUser669
16:20:55.975 [pool-3-thread-1] INFO tourGuide.service.TourGuideService - trackUserLocationAsync for user : internalUser670
16:20:55.975 [pool-3-thread-1] INFO tourGuide.service.TourGuideService - trackUserLocationAsync for user : internalUser435
16:20:55.975 [pool-3-thread-1] INFO tourGuide.service.TourGuideService - trackUserLocationAsync for user : internalUser677
16:20:55.975 [pool-3-thread-1] INFO tourGuide.service.TourGuideService - trackUserLocationAsync for user : internalUser436
16:20:55.975 [pool-3-thread-1] INFO tourGuide.service.TourGuideService - trackUserLocationAsync for user : internalUser678
16:20:55.975 [pool-3-thread-1] INFO tourGuide.service.TourGuideService - trackUserLocationAsync for user : internalUser433
16:20:55.975 [pool-3-thread-1] INFO tourGuide.service.TourGuideService - trackUserLocationAsync for user : internalUser675
16:20:55.975 [pool-3-thread-1] INFO tourGuide.service.TourGuideService - trackUserLocationAsync for user : internalUser434
16:20:55.975 [pool-3-thread-1] INFO tourGuide.service.TourGuideService - trackUserLocationAsync for user : internalUser676
16:20:55.975 [pool-3-thread-1] INFO tourGuide.service.TourGuideService - trackUserLocationAsync for user : internalUser431
16:20:55.975 [pool-3-thread-1] INFO tourGuide.service.TourGuideService - trackUserLocationAsync for user : internalUser673
16:20:55.975 [pool-3-thread-1] INFO tourGuide.service.TourGuideService - trackUserLocationAsync for user : internalUser432
16:20:55.975 [pool-3-thread-1] INFO tourGuide.service.TourGuideService - trackUserLocationAsync for user : internalUser674
16:20:55.977 [pool-3-thread-1] INFO tourGuide.service.TourGuideService - trackUserLocationAsync for user : internalUser671
16:20:55.977 [pool-3-thread-1] INFO tourGuide.service.TourGuideService - trackUserLocationAsync for user : internalUser430
16:20:55.977 [pool-3-thread-1] INFO tourGuide.service.TourGuideService - trackUserLocationAsync for user : internalUser672
16:20:55.977 [pool-3-thread-1] INFO tourGuide.service.TourGuideService - trackUserLocationAsync for user : internalUser439
16:20:55.977 [pool-3-thread-1] INFO tourGuide.service.TourGuideService - trackUserLocationAsync for user : internalUser437
16:20:55.977 [pool-3-thread-1] INFO tourGuide.service.TourGuideService - trackUserLocationAsync for user : internalUser679
16:20:55.977 [pool-3-thread-1] INFO tourGuide.service.TourGuideService - trackUserLocationAsync for user : internalUser438
16:20:55.977 [pool-3-thread-1] INFO tourGuide.service.TourGuideService - trackUserLocationAsync for user : internalUser721
16:20:55.977 [pool-3-thread-1] INFO tourGuide.service.TourGuideService - trackUserLocationAsync for user : internalUser963
16:20:55.977 [pool-3-thread-1] INFO tourGuide.service.TourGuideService - trackUserLocationAsync for user : internalUser722
16:20:55.977 [pool-3-thread-1] INFO tourGuide.service.TourGuideService - trackUserLocationAsync for user : internalUser964
16:20:55.977 [pool-3-thread-1] INFO tourGuide.service.TourGuideService - trackUserLocationAsync for user : internalUser961
16:20:55.977 [pool-3-thread-1] INFO tourGuide.service.TourGuideService - trackUserLocationAsync for user : internalUser720
16:20:55.977 [pool-3-thread-1] INFO tourGuide.service.TourGuideService - trackUserLocationAsync for user : internalUser962
16:20:55.977 [pool-3-thread-1] INFO tourGuide.service.TourGuideService - trackUserLocationAsync for user : internalUser960
16:20:55.978 [pool-3-thread-1] INFO tourGuide.service.TourGuideService - trackUserLocationAsync for user : internalUser729
16:20:55.980 [pool-3-thread-1] INFO tourGuide.service.TourGuideService - trackUserLocationAsync for user : internalUser727
16:20:55.981 [pool-3-thread-1] INFO tourGuide.service.TourGuideService - trackUserLocationAsync for user : internalUser969
16:20:55.981 [pool-3-thread-1] INFO tourGuide.service.TourGuideService - trackUserLocationAsync for user : internalUser728
16:20:55.981 [pool-3-thread-1] INFO tourGuide.service.TourGuideService - trackUserLocationAsync for user : internalUser725
16:20:55.981 [pool-3-thread-1] INFO tourGuide.service.TourGuideService - trackUserLocationAsync for user : internalUser967
16:20:55.981 [pool-3-thread-1] INFO tourGuide.service.TourGuideService - trackUserLocationAsync for user : internalUser726
16:20:55.981 [pool-3-thread-1] INFO tourGuide.service.TourGuideService - trackUserLocationAsync for user : internalUser968
16:20:55.981 [pool-3-thread-1] INFO tourGuide.service.TourGuideService - trackUserLocationAsync for user : internalUser723
16:20:55.981 [pool-3-thread-1] INFO tourGuide.service.TourGuideService - trackUserLocationAsync for user : internalUser965
16:20:55.981 [pool-3-thread-1] INFO tourGuide.service.TourGuideService - trackUserLocationAsync for user : internalUser724
16:20:55.981 [pool-3-thread-1] INFO tourGuide.service.TourGuideService - trackUserLocationAsync for user : internalUser966
16:20:55.981 [pool-3-thread-1] INFO tourGuide.service.TourGuideService - trackUserLocationAsync for user : internalUser732
16:20:55.981 [pool-3-thread-1] INFO tourGuide.service.TourGuideService - trackUserLocationAsync for user : internalUser974
16:20:55.981 [pool-3-thread-1] INFO tourGuide.service.TourGuideService - trackUserLocationAsync for user : internalUser733
16:20:55.981 [pool-3-thread-1] INFO tourGuide.service.TourGuideService - trackUserLocationAsync for user : internalUser975
16:20:55.981 [pool-3-thread-1] INFO tourGuide.service.TourGuideService - trackUserLocationAsync for user : internalUser730
16:20:55.981 [pool-3-thread-1] INFO tourGuide.service.TourGuideService - trackUserLocationAsync for user : internalUser972
16:20:55.981 [pool-3-thread-1] INFO tourGuide.service.TourGuideService - trackUserLocationAsync for user : internalUser731
16:20:55.981 [pool-3-thread-1] INFO tourGuide.service.TourGuideService - trackUserLocationAsync for user : internalUser973
16:20:55.981 [pool-3-thread-1] INFO tourGuide.service.TourGuideService - trackUserLocationAsync for user : internalUser970
16:20:55.981 [pool-3-thread-1] INFO tourGuide.service.TourGuideService - trackUserLocationAsync for user : internalUser971
16:20:55.981 [pool-3-thread-1] INFO tourGuide.service.TourGuideService - trackUserLocationAsync for user : internalUser738
16:20:55.981 [pool-3-thread-1] INFO tourGuide.service.TourGuideService - trackUserLocationAsync for user : internalUser739
16:20:55.982 [pool-3-thread-1] INFO tourGuide.service.TourGuideService - trackUserLocationAsync for user : internalUser736
16:20:55.982 [pool-3-thread-1] INFO tourGuide.service.TourGuideService - trackUserLocationAsync for user : internalUser978
16:20:55.982 [pool-3-thread-1] INFO tourGuide.service.TourGuideService - trackUserLocationAsync for user : internalUser737
16:20:55.982 [pool-3-thread-1] INFO tourGuide.service.TourGuideService - trackUserLocationAsync for user : internalUser979
16:20:55.982 [pool-3-thread-1] INFO tourGuide.service.TourGuideService - trackUserLocationAsync for user : internalUser734
16:20:55.982 [pool-3-thread-1] INFO tourGuide.service.TourGuideService - trackUserLocationAsync for user : internalUser976
16:20:55.982 [pool-3-thread-1] INFO tourGuide.service.TourGuideService - trackUserLocationAsync for user : internalUser735
16:20:55.982 [pool-3-thread-1] INFO tourGuide.service.TourGuideService - trackUserLocationAsync for user : internalUser977
16:20:55.982 [pool-3-thread-1] INFO tourGuide.service.TourGuideService - trackUserLocationAsync for user : internalUser501
16:20:55.982 [pool-3-thread-1] INFO tourGuide.service.TourGuideService - trackUserLocationAsync for user : internalUser743
16:20:55.982 [pool-3-thread-1] INFO tourGuide.service.TourGuideService - trackUserLocationAsync for user : internalUser985
16:20:55.982 [pool-3-thread-1] INFO tourGuide.service.TourGuideService - trackUserLocationAsync for user : internalUser502
16:20:55.982 [pool-3-thread-1] INFO tourGuide.service.TourGuideService - trackUserLocationAsync for user : internalUser744
16:20:55.982 [pool-3-thread-1] INFO tourGuide.service.TourGuideService - trackUserLocationAsync for user : internalUser986
16:20:55.982 [pool-3-thread-1] INFO tourGuide.service.TourGuideService - trackUserLocationAsync for user : internalUser741
16:20:55.982 [pool-3-thread-1] INFO tourGuide.service.TourGuideService - trackUserLocationAsync for user : internalUser983
16:20:55.982 [pool-3-thread-1] INFO tourGuide.service.TourGuideService - trackUserLocationAsync for user : internalUser500
16:20:55.982 [pool-3-thread-1] INFO tourGuide.service.TourGuideService - trackUserLocationAsync for user : internalUser742
16:20:55.982 [pool-3-thread-1] INFO tourGuide.service.TourGuideService - trackUserLocationAsync for user : internalUser984
16:20:55.982 [pool-3-thread-1] INFO tourGuide.service.TourGuideService - trackUserLocationAsync for user : internalUser981
16:20:55.982 [pool-3-thread-1] INFO tourGuide.service.TourGuideService - trackUserLocationAsync for user : internalUser740
16:20:55.982 [pool-3-thread-1] INFO tourGuide.service.TourGuideService - trackUserLocationAsync for user : internalUser982
16:20:55.982 [pool-3-thread-1] INFO tourGuide.service.TourGuideService - trackUserLocationAsync for user : internalUser980
16:20:55.982 [pool-3-thread-1] INFO tourGuide.service.TourGuideService - trackUserLocationAsync for user : internalUser509
16:20:55.982 [pool-3-thread-1] INFO tourGuide.service.TourGuideService - trackUserLocationAsync for user : internalUser507
16:20:55.982 [pool-3-thread-1] INFO tourGuide.service.TourGuideService - trackUserLocationAsync for user : internalUser749
16:20:55.982 [pool-3-thread-1] INFO tourGuide.service.TourGuideService - trackUserLocationAsync for user : internalUser508
16:20:55.983 [pool-3-thread-1] INFO tourGuide.service.TourGuideService - trackUserLocationAsync for user : internalUser505
16:20:55.983 [pool-3-thread-1] INFO tourGuide.service.TourGuideService - trackUserLocationAsync for user : internalUser747
16:20:55.983 [pool-2-thread-44] DEBUG tourGuide.service.RewardsService - calculateRewards pour user : internalUser360
16:20:55.970 [Test worker] INFO tourGuide.service.TourGuideService - trackUserLocationAsync for user : internalUser920
16:20:55.983 [Test worker] INFO tourGuide.service.TourGuideService - trackUserLocationAsync for user : internalUser927
16:20:55.983 [Test worker] INFO tourGuide.service.TourGuideService - trackUserLocationAsync for user : internalUser928
16:20:55.983 [Test worker] INFO tourGuide.service.TourGuideService - trackUserLocationAsync for user : internalUser925
16:20:55.983 [Test worker] INFO tourGuide.service.TourGuideService - trackUserLocationAsync for user : internalUser926
16:20:55.983 [Test worker] INFO tourGuide.service.TourGuideService - trackUserLocationAsync for user : internalUser923
16:20:55.983 [Test worker] INFO tourGuide.service.TourGuideService - trackUserLocationAsync for user : internalUser924
16:20:55.983 [Test worker] INFO tourGuide.service.TourGuideService - trackUserLocationAsync for user : internalUser921
16:20:55.983 [Test worker] INFO tourGuide.service.TourGuideService - trackUserLocationAsync for user : internalUser922
16:20:55.983 [Test worker] INFO tourGuide.service.TourGuideService - trackUserLocationAsync for user : internalUser929
16:20:55.983 [Test worker] INFO tourGuide.service.TourGuideService - trackUserLocationAsync for user : internalUser930
16:20:55.983 [Test worker] INFO tourGuide.service.TourGuideService - trackUserLocationAsync for user : internalUser931
16:20:55.983 [Test worker] INFO tourGuide.service.TourGuideService - trackUserLocationAsync for user : internalUser938
16:20:55.983 [Test worker] INFO tourGuide.service.TourGuideService - trackUserLocationAsync for user : internalUser939
16:20:55.983 [Test worker] INFO tourGuide.service.TourGuideService - trackUserLocationAsync for user : internalUser936
16:20:55.983 [pool-3-thread-1] INFO tourGuide.service.TourGuideService - trackUserLocationAsync for user : internalUser989
16:20:55.983 [Test worker] INFO tourGuide.service.TourGuideService - trackUserLocationAsync for user : internalUser937
16:20:55.983 [pool-3-thread-1] INFO tourGuide.service.TourGuideService - trackUserLocationAsync for user : internalUser506
16:20:55.984 [Test worker] INFO tourGuide.service.TourGuideService - trackUserLocationAsync for user : internalUser934
16:20:55.984 [pool-3-thread-1] INFO tourGuide.service.TourGuideService - trackUserLocationAsync for user : internalUser748
16:20:55.984 [Test worker] INFO tourGuide.service.TourGuideService - trackUserLocationAsync for user : internalUser935
16:20:55.984 [pool-3-thread-1] INFO tourGuide.service.TourGuideService - trackUserLocationAsync for user : internalUser503
16:20:55.984 [Test worker] INFO tourGuide.service.TourGuideService - trackUserLocationAsync for user : internalUser932
16:20:55.984 [pool-3-thread-1] INFO tourGuide.service.TourGuideService - trackUserLocationAsync for user : internalUser745
16:20:55.984 [Test worker] INFO tourGuide.service.TourGuideService - trackUserLocationAsync for user : internalUser933
16:20:55.984 [pool-3-thread-1] INFO tourGuide.service.TourGuideService - trackUserLocationAsync for user : internalUser987
16:20:55.984 [Test worker] INFO tourGuide.service.TourGuideService - trackUserLocationAsync for user : internalUser941
16:20:55.984 [pool-3-thread-1] INFO tourGuide.service.TourGuideService - trackUserLocationAsync for user : internalUser504
16:20:55.984 [Test worker] INFO tourGuide.service.TourGuideService - trackUserLocationAsync for user : internalUser700
16:20:55.984 [pool-3-thread-1] INFO tourGuide.service.TourGuideService - trackUserLocationAsync for user : internalUser746
16:20:55.984 [Test worker] INFO tourGuide.service.TourGuideService - trackUserLocationAsync for user : internalUser942
16:20:55.984 [pool-3-thread-1] INFO tourGuide.service.TourGuideService - trackUserLocationAsync for user : internalUser988
16:20:55.984 [Test worker] INFO tourGuide.service.TourGuideService - trackUserLocationAsync for user : internalUser940
16:20:55.984 [pool-3-thread-1] INFO tourGuide.service.TourGuideService - trackUserLocationAsync for user : internalUser512
16:20:55.984 [Test worker] INFO tourGuide.service.TourGuideService - trackUserLocationAsync for user : internalUser707
16:20:55.984 [Test worker] INFO tourGuide.service.TourGuideService - trackUserLocationAsync for user : internalUser949
16:20:55.984 [Test worker] INFO tourGuide.service.TourGuideService - trackUserLocationAsync for user : internalUser708
16:20:55.984 [Test worker] INFO tourGuide.service.TourGuideService - trackUserLocationAsync for user : internalUser705
16:20:55.984 [Test worker] INFO tourGuide.service.TourGuideService - trackUserLocationAsync for user : internalUser947
16:20:55.984 [pool-3-thread-1] INFO tourGuide.service.TourGuideService - trackUserLocationAsync for user : internalUser754
16:20:55.984 [Test worker] INFO tourGuide.service.TourGuideService - trackUserLocationAsync for user : internalUser706
16:20:55.985 [Test worker] INFO tourGuide.service.TourGuideService - trackUserLocationAsync for user : internalUser948
16:20:55.985 [Test worker] INFO tourGuide.service.TourGuideService - trackUserLocationAsync for user : internalUser703
16:20:55.985 [Test worker] INFO tourGuide.service.TourGuideService - trackUserLocationAsync for user : internalUser945
16:20:55.985 [Test worker] INFO tourGuide.service.TourGuideService - trackUserLocationAsync for user : internalUser704
16:20:55.985 [Test worker] INFO tourGuide.service.TourGuideService - trackUserLocationAsync for user : internalUser946
16:20:55.985 [Test worker] INFO tourGuide.service.TourGuideService - trackUserLocationAsync for user : internalUser701
16:20:55.985 [Test worker] INFO tourGuide.service.TourGuideService - trackUserLocationAsync for user : internalUser943
16:20:55.985 [Test worker] INFO tourGuide.service.TourGuideService - trackUserLocationAsync for user : internalUser702
16:20:55.985 [Test worker] INFO tourGuide.service.TourGuideService - trackUserLocationAsync for user : internalUser944
16:20:55.985 [Test worker] INFO tourGuide.service.TourGuideService - trackUserLocationAsync for user : internalUser709
16:20:55.985 [Test worker] INFO tourGuide.service.TourGuideService - trackUserLocationAsync for user : internalUser710
16:20:55.985 [Test worker] INFO tourGuide.service.TourGuideService - trackUserLocationAsync for user : internalUser952
16:20:55.985 [Test worker] INFO tourGuide.service.TourGuideService - trackUserLocationAsync for user : internalUser711
16:20:55.985 [Test worker] INFO tourGuide.service.TourGuideService - trackUserLocationAsync for user : internalUser953
16:20:55.985 [Test worker] INFO tourGuide.service.TourGuideService - trackUserLocationAsync for user : internalUser950
16:20:55.985 [Test worker] INFO tourGuide.service.TourGuideService - trackUserLocationAsync for user : internalUser951
16:20:55.985 [Test worker] INFO tourGuide.service.TourGuideService - trackUserLocationAsync for user : internalUser718
16:20:55.985 [Test worker] INFO tourGuide.service.TourGuideService - trackUserLocationAsync for user : internalUser719
16:20:55.985 [Test worker] INFO tourGuide.service.TourGuideService - trackUserLocationAsync for user : internalUser716
16:20:55.985 [Test worker] INFO tourGuide.service.TourGuideService - trackUserLocationAsync for user : internalUser958
16:20:55.985 [Test worker] INFO tourGuide.service.TourGuideService - trackUserLocationAsync for user : internalUser717
16:20:55.985 [Test worker] INFO tourGuide.service.TourGuideService - trackUserLocationAsync for user : internalUser959
16:20:55.985 [Test worker] INFO tourGuide.service.TourGuideService - trackUserLocationAsync for user : internalUser714
16:20:55.985 [Test worker] INFO tourGuide.service.TourGuideService - trackUserLocationAsync for user : internalUser956
16:20:55.985 [Test worker] INFO tourGuide.service.TourGuideService - trackUserLocationAsync for user : internalUser715
16:20:55.985 [Test worker] INFO tourGuide.service.TourGuideService - trackUserLocationAsync for user : internalUser957
16:20:55.985 [Test worker] INFO tourGuide.service.TourGuideService - trackUserLocationAsync for user : internalUser712
16:20:55.985 [Test worker] INFO tourGuide.service.TourGuideService - trackUserLocationAsync for user : internalUser954
16:20:55.985 [Test worker] INFO tourGuide.service.TourGuideService - trackUserLocationAsync for user : internalUser713
16:20:55.985 [Test worker] INFO tourGuide.service.TourGuideService - trackUserLocationAsync for user : internalUser955
16:20:55.986 [Test worker] INFO tourGuide.service.TourGuideService - trackUserLocationAsync for user : internalUser905
16:20:55.986 [Test worker] INFO tourGuide.service.TourGuideService - trackUserLocationAsync for user : internalUser906
16:20:55.986 [Test worker] INFO tourGuide.service.TourGuideService - trackUserLocationAsync for user : internalUser903
16:20:55.986 [Test worker] INFO tourGuide.service.TourGuideService - trackUserLocationAsync for user : internalUser904
16:20:55.986 [Test worker] INFO tourGuide.service.TourGuideService - trackUserLocationAsync for user : internalUser901
16:20:55.986 [Test worker] INFO tourGuide.service.TourGuideService - trackUserLocationAsync for user : internalUser902
16:20:55.986 [Test worker] INFO tourGuide.service.TourGuideService - trackUserLocationAsync for user : internalUser900
16:20:55.986 [Test worker] INFO tourGuide.service.TourGuideService - trackUserLocationAsync for user : internalUser909
16:20:55.986 [Test worker] INFO tourGuide.service.TourGuideService - trackUserLocationAsync for user : internalUser907
16:20:55.986 [Test worker] INFO tourGuide.service.TourGuideService - trackUserLocationAsync for user : internalUser908
16:20:55.986 [Test worker] INFO tourGuide.service.TourGuideService - trackUserLocationAsync for user : internalUser916
16:20:55.986 [Test worker] INFO tourGuide.service.TourGuideService - trackUserLocationAsync for user : internalUser917
16:20:55.986 [Test worker] INFO tourGuide.service.TourGuideService - trackUserLocationAsync for user : internalUser914
16:20:55.986 [Test worker] INFO tourGuide.service.TourGuideService - trackUserLocationAsync for user : internalUser915
16:20:55.986 [Test worker] INFO tourGuide.service.TourGuideService - trackUserLocationAsync for user : internalUser912
16:20:55.986 [Test worker] INFO tourGuide.service.TourGuideService - trackUserLocationAsync for user : internalUser913
16:20:55.986 [Test worker] INFO tourGuide.service.TourGuideService - trackUserLocationAsync for user : internalUser910
16:20:55.986 [Test worker] INFO tourGuide.service.TourGuideService - trackUserLocationAsync for user : internalUser911
16:20:55.986 [Test worker] INFO tourGuide.service.TourGuideService - trackUserLocationAsync for user : internalUser918
16:20:55.986 [Test worker] INFO tourGuide.service.TourGuideService - trackUserLocationAsync for user : internalUser919
16:20:55.985 [pool-3-thread-1] INFO tourGuide.service.TourGuideService - trackUserLocationAsync for user : internalUser996
16:20:55.989 [pool-3-thread-1] INFO tourGuide.service.TourGuideService - trackUserLocationAsync for user : internalUser513
16:20:55.989 [pool-3-thread-1] INFO tourGuide.service.TourGuideService - trackUserLocationAsync for user : internalUser755
16:20:55.989 [pool-3-thread-1] INFO tourGuide.service.TourGuideService - trackUserLocationAsync for user : internalUser997
16:20:55.989 [pool-3-thread-1] INFO tourGuide.service.TourGuideService - trackUserLocationAsync for user : internalUser510
16:20:55.990 [pool-3-thread-1] INFO tourGuide.service.TourGuideService - trackUserLocationAsync for user : internalUser752
16:20:55.990 [pool-3-thread-1] INFO tourGuide.service.TourGuideService - trackUserLocationAsync for user : internalUser994
16:20:55.990 [pool-3-thread-1] INFO tourGuide.service.TourGuideService - trackUserLocationAsync for user : internalUser511
16:20:55.990 [pool-3-thread-1] INFO tourGuide.service.TourGuideService - trackUserLocationAsync for user : internalUser753
16:20:55.990 [pool-3-thread-1] INFO tourGuide.service.TourGuideService - trackUserLocationAsync for user : internalUser995
16:20:55.990 [pool-3-thread-1] INFO tourGuide.service.TourGuideService - trackUserLocationAsync for user : internalUser750
16:20:55.990 [pool-3-thread-1] INFO tourGuide.service.TourGuideService - trackUserLocationAsync for user : internalUser992
16:20:55.990 [pool-3-thread-1] INFO tourGuide.service.TourGuideService - trackUserLocationAsync for user : internalUser751
16:20:55.990 [pool-3-thread-1] INFO tourGuide.service.TourGuideService - trackUserLocationAsync for user : internalUser993
16:20:55.990 [pool-3-thread-1] INFO tourGuide.service.TourGuideService - trackUserLocationAsync for user : internalUser990
16:20:55.990 [pool-3-thread-1] INFO tourGuide.service.TourGuideService - trackUserLocationAsync for user : internalUser991
16:20:55.990 [pool-3-thread-1] INFO tourGuide.service.TourGuideService - trackUserLocationAsync for user : internalUser518
16:20:55.990 [pool-3-thread-1] INFO tourGuide.service.TourGuideService - trackUserLocationAsync for user : internalUser519
16:20:55.990 [pool-3-thread-1] INFO tourGuide.service.TourGuideService - trackUserLocationAsync for user : internalUser516
16:20:55.990 [pool-3-thread-1] INFO tourGuide.service.TourGuideService - trackUserLocationAsync for user : internalUser758
16:20:55.991 [pool-3-thread-1] INFO tourGuide.service.TourGuideService - trackUserLocationAsync for user : internalUser517
16:20:55.991 [pool-3-thread-1] INFO tourGuide.service.TourGuideService - trackUserLocationAsync for user : internalUser759
16:20:55.991 [pool-3-thread-1] INFO tourGuide.service.TourGuideService - trackUserLocationAsync for user : internalUser514
16:20:55.991 [pool-3-thread-1] INFO tourGuide.service.TourGuideService - trackUserLocationAsync for user : internalUser756
16:20:55.991 [pool-3-thread-1] INFO tourGuide.service.TourGuideService - trackUserLocationAsync for user : internalUser998
16:20:55.991 [pool-3-thread-1] INFO tourGuide.service.TourGuideService - trackUserLocationAsync for user : internalUser515
16:20:55.991 [pool-3-thread-1] INFO tourGuide.service.TourGuideService - trackUserLocationAsync for user : internalUser757
16:20:55.991 [pool-3-thread-1] INFO tourGuide.service.TourGuideService - trackUserLocationAsync for user : internalUser999
16:20:55.992 [pool-3-thread-1] INFO tourGuide.service.TourGuideService - trackUserLocationAsync for user : internalUser920
16:20:55.992 [pool-3-thread-1] INFO tourGuide.service.TourGuideService - trackUserLocationAsync for user : internalUser927
16:20:55.992 [pool-3-thread-1] INFO tourGuide.service.TourGuideService - trackUserLocationAsync for user : internalUser928
16:20:55.992 [pool-3-thread-1] INFO tourGuide.service.TourGuideService - trackUserLocationAsync for user : internalUser925
16:20:55.992 [pool-3-thread-1] INFO tourGuide.service.TourGuideService - trackUserLocationAsync for user : internalUser926
16:20:55.992 [pool-3-thread-1] INFO tourGuide.service.TourGuideService - trackUserLocationAsync for user : internalUser923
16:20:55.992 [pool-3-thread-1] INFO tourGuide.service.TourGuideService - trackUserLocationAsync for user : internalUser924
16:20:55.992 [pool-3-thread-1] INFO tourGuide.service.TourGuideService - trackUserLocationAsync for user : internalUser921
16:20:55.992 [pool-3-thread-1] INFO tourGuide.service.TourGuideService - trackUserLocationAsync for user : internalUser922
16:20:55.992 [pool-3-thread-1] INFO tourGuide.service.TourGuideService - trackUserLocationAsync for user : internalUser929
16:20:55.992 [pool-3-thread-1] INFO tourGuide.service.TourGuideService - trackUserLocationAsync for user : internalUser930
16:20:55.992 [pool-3-thread-1] INFO tourGuide.service.TourGuideService - trackUserLocationAsync for user : internalUser931
16:20:55.992 [pool-3-thread-1] INFO tourGuide.service.TourGuideService - trackUserLocationAsync for user : internalUser938
16:20:55.992 [pool-3-thread-1] INFO tourGuide.service.TourGuideService - trackUserLocationAsync for user : internalUser939
16:20:55.992 [pool-3-thread-1] INFO tourGuide.service.TourGuideService - trackUserLocationAsync for user : internalUser936
16:20:55.992 [pool-3-thread-1] INFO tourGuide.service.TourGuideService - trackUserLocationAsync for user : internalUser937
16:20:55.993 [pool-3-thread-1] INFO tourGuide.service.TourGuideService - trackUserLocationAsync for user : internalUser934
16:20:55.993 [pool-3-thread-1] INFO tourGuide.service.TourGuideService - trackUserLocationAsync for user : internalUser935
16:20:55.993 [pool-3-thread-1] INFO tourGuide.service.TourGuideService - trackUserLocationAsync for user : internalUser932
16:20:55.993 [pool-3-thread-1] INFO tourGuide.service.TourGuideService - trackUserLocationAsync for user : internalUser933
16:20:55.999 [pool-3-thread-1] INFO tourGuide.service.TourGuideService - trackUserLocationAsync for user : internalUser941
16:20:55.999 [pool-3-thread-1] INFO tourGuide.service.TourGuideService - trackUserLocationAsync for user : internalUser700
16:20:55.999 [pool-3-thread-1] INFO tourGuide.service.TourGuideService - trackUserLocationAsync for user : internalUser942
16:20:55.999 [pool-3-thread-1] INFO tourGuide.service.TourGuideService - trackUserLocationAsync for user : internalUser940
16:20:55.999 [pool-3-thread-1] INFO tourGuide.service.TourGuideService - trackUserLocationAsync for user : internalUser707
16:20:55.999 [pool-3-thread-1] INFO tourGuide.service.TourGuideService - trackUserLocationAsync for user : internalUser949
16:20:55.999 [pool-3-thread-1] INFO tourGuide.service.TourGuideService - trackUserLocationAsync for user : internalUser708
16:20:55.999 [pool-3-thread-1] INFO tourGuide.service.TourGuideService - trackUserLocationAsync for user : internalUser705
16:20:55.999 [pool-3-thread-1] INFO tourGuide.service.TourGuideService - trackUserLocationAsync for user : internalUser947
16:20:55.999 [pool-3-thread-1] INFO tourGuide.service.TourGuideService - trackUserLocationAsync for user : internalUser706
16:20:55.999 [pool-3-thread-1] INFO tourGuide.service.TourGuideService - trackUserLocationAsync for user : internalUser948
16:20:55.999 [pool-2-thread-1] DEBUG tourGuide.service.RewardsService - calculateRewards pour user : internalUser163
16:20:55.999 [pool-3-thread-1] INFO tourGuide.service.TourGuideService - trackUserLocationAsync for user : internalUser703
16:20:55.999 [pool-3-thread-1] INFO tourGuide.service.TourGuideService - trackUserLocationAsync for user : internalUser945
16:20:55.999 [pool-3-thread-1] INFO tourGuide.service.TourGuideService - trackUserLocationAsync for user : internalUser704
16:20:56.000 [pool-3-thread-1] INFO tourGuide.service.TourGuideService - trackUserLocationAsync for user : internalUser946
16:20:56.000 [pool-3-thread-1] INFO tourGuide.service.TourGuideService - trackUserLocationAsync for user : internalUser701
16:20:56.000 [pool-3-thread-1] INFO tourGuide.service.TourGuideService - trackUserLocationAsync for user : internalUser943
16:20:56.000 [pool-3-thread-1] INFO tourGuide.service.TourGuideService - trackUserLocationAsync for user : internalUser702
16:20:56.000 [pool-3-thread-1] INFO tourGuide.service.TourGuideService - trackUserLocationAsync for user : internalUser944
16:20:56.000 [pool-3-thread-1] INFO tourGuide.service.TourGuideService - trackUserLocationAsync for user : internalUser709
16:20:56.000 [pool-3-thread-1] INFO tourGuide.service.TourGuideService - trackUserLocationAsync for user : internalUser710
16:20:56.000 [pool-3-thread-1] INFO tourGuide.service.TourGuideService - trackUserLocationAsync for user : internalUser952
16:20:56.000 [pool-3-thread-1] INFO tourGuide.service.TourGuideService - trackUserLocationAsync for user : internalUser711
16:20:56.000 [pool-2-thread-49] DEBUG tourGuide.service.RewardsService - calculateRewards pour user : internalUser367
16:20:56.000 [pool-2-thread-32] DEBUG tourGuide.service.RewardsService - calculateRewards pour user : internalUser197
16:20:56.000 [pool-3-thread-1] INFO tourGuide.service.TourGuideService - trackUserLocationAsync for user : internalUser953
16:20:56.000 [pool-3-thread-1] INFO tourGuide.service.TourGuideService - trackUserLocationAsync for user : internalUser950
16:20:56.000 [pool-3-thread-1] INFO tourGuide.service.TourGuideService - trackUserLocationAsync for user : internalUser951
16:20:56.000 [pool-3-thread-1] INFO tourGuide.service.TourGuideService - trackUserLocationAsync for user : internalUser718
16:20:56.000 [pool-3-thread-1] INFO tourGuide.service.TourGuideService - trackUserLocationAsync for user : internalUser719
16:20:56.000 [pool-3-thread-1] INFO tourGuide.service.TourGuideService - trackUserLocationAsync for user : internalUser716
16:20:56.000 [pool-3-thread-1] INFO tourGuide.service.TourGuideService - trackUserLocationAsync for user : internalUser958
16:20:56.000 [pool-3-thread-1] INFO tourGuide.service.TourGuideService - trackUserLocationAsync for user : internalUser717
16:20:56.000 [pool-3-thread-1] INFO tourGuide.service.TourGuideService - trackUserLocationAsync for user : internalUser959
16:20:56.000 [pool-3-thread-1] INFO tourGuide.service.TourGuideService - trackUserLocationAsync for user : internalUser714
16:20:56.000 [pool-3-thread-1] INFO tourGuide.service.TourGuideService - trackUserLocationAsync for user : internalUser956
16:20:56.000 [pool-3-thread-1] INFO tourGuide.service.TourGuideService - trackUserLocationAsync for user : internalUser715
16:20:56.001 [pool-3-thread-1] INFO tourGuide.service.TourGuideService - trackUserLocationAsync for user : internalUser957
16:20:56.001 [pool-3-thread-1] INFO tourGuide.service.TourGuideService - trackUserLocationAsync for user : internalUser712
16:20:56.001 [pool-3-thread-1] INFO tourGuide.service.TourGuideService - trackUserLocationAsync for user : internalUser954
16:20:56.001 [pool-3-thread-1] INFO tourGuide.service.TourGuideService - trackUserLocationAsync for user : internalUser713
16:20:56.001 [pool-3-thread-1] INFO tourGuide.service.TourGuideService - trackUserLocationAsync for user : internalUser955
16:20:56.001 [pool-3-thread-1] INFO tourGuide.service.TourGuideService - trackUserLocationAsync for user : internalUser905
16:20:56.001 [pool-3-thread-1] INFO tourGuide.service.TourGuideService - trackUserLocationAsync for user : internalUser906
16:20:56.001 [pool-3-thread-1] INFO tourGuide.service.TourGuideService - trackUserLocationAsync for user : internalUser903
16:20:56.001 [pool-3-thread-1] INFO tourGuide.service.TourGuideService - trackUserLocationAsync for user : internalUser904
16:20:56.001 [pool-3-thread-1] INFO tourGuide.service.TourGuideService - trackUserLocationAsync for user : internalUser901
16:20:56.001 [pool-3-thread-1] INFO tourGuide.service.TourGuideService - trackUserLocationAsync for user : internalUser902
16:20:56.001 [pool-3-thread-1] INFO tourGuide.service.TourGuideService - trackUserLocationAsync for user : internalUser900
16:20:56.001 [pool-3-thread-1] INFO tourGuide.service.TourGuideService - trackUserLocationAsync for user : internalUser909
16:20:56.001 [pool-3-thread-1] INFO tourGuide.service.TourGuideService - trackUserLocationAsync for user : internalUser907
16:20:56.001 [pool-3-thread-1] INFO tourGuide.service.TourGuideService - trackUserLocationAsync for user : internalUser908
16:20:56.001 [pool-3-thread-1] INFO tourGuide.service.TourGuideService - trackUserLocationAsync for user : internalUser916
16:20:56.001 [pool-3-thread-1] INFO tourGuide.service.TourGuideService - trackUserLocationAsync for user : internalUser917
16:20:56.001 [pool-3-thread-1] INFO tourGuide.service.TourGuideService - trackUserLocationAsync for user : internalUser914
16:20:56.001 [pool-3-thread-1] INFO tourGuide.service.TourGuideService - trackUserLocationAsync for user : internalUser915
16:20:56.001 [pool-3-thread-1] INFO tourGuide.service.TourGuideService - trackUserLocationAsync for user : internalUser912
16:20:56.001 [pool-3-thread-1] INFO tourGuide.service.TourGuideService - trackUserLocationAsync for user : internalUser913
16:20:56.001 [pool-3-thread-1] INFO tourGuide.service.TourGuideService - trackUserLocationAsync for user : internalUser910
16:20:56.001 [pool-3-thread-1] INFO tourGuide.service.TourGuideService - trackUserLocationAsync for user : internalUser911
16:20:56.001 [pool-2-thread-12] DEBUG tourGuide.service.RewardsService - calculateRewards pour user : internalUser175
16:20:56.001 [pool-3-thread-1] INFO tourGuide.service.TourGuideService - trackUserLocationAsync for user : internalUser918
16:20:56.001 [pool-3-thread-1] INFO tourGuide.service.TourGuideService - trackUserLocationAsync for user : internalUser919
16:20:56.003 [pool-2-thread-41] DEBUG tourGuide.service.RewardsService - calculateRewards pour user : internalUser361
16:20:56.003 [pool-2-thread-4] DEBUG tourGuide.service.RewardsService - calculateRewards pour user : internalUser162
16:20:56.004 [pool-2-thread-36] DEBUG tourGuide.service.RewardsService - calculateRewards pour user : internalUser193
16:20:56.004 [pool-2-thread-25] DEBUG tourGuide.service.RewardsService - calculateRewards pour user : internalUser181
16:20:56.003 [pool-2-thread-45] DEBUG tourGuide.service.RewardsService - calculateRewards pour user : internalUser127
16:20:56.003 [pool-2-thread-24] DEBUG tourGuide.service.RewardsService - calculateRewards pour user : internalUser184
16:20:56.004 [pool-2-thread-20] DEBUG tourGuide.service.RewardsService - calculateRewards pour user : internalUser177
16:20:56.009 [pool-2-thread-52] DEBUG tourGuide.service.RewardsService - calculateRewards pour user : internalUser123
16:20:56.025 [pool-2-thread-9] DEBUG tourGuide.service.RewardsService - calculateRewards pour user : internalUser394
16:20:56.028 [pool-2-thread-56] DEBUG tourGuide.service.RewardsService - calculateRewards pour user : internalUser121
16:20:56.032 [pool-2-thread-18] DEBUG tourGuide.service.RewardsService - calculateRewards pour user : internalUser179
16:20:56.032 [pool-2-thread-69] DEBUG tourGuide.service.RewardsService - calculateRewards pour user : internalUser136
16:20:56.040 [pool-2-thread-54] DEBUG tourGuide.service.RewardsService - calculateRewards pour user : internalUser124
16:20:56.040 [pool-2-thread-60] DEBUG tourGuide.service.RewardsService - calculateRewards pour user : internalUser129
16:20:56.040 [pool-2-thread-88] DEBUG tourGuide.service.RewardsService - calculateRewards pour user : internalUser380
16:20:56.041 [pool-2-thread-40] DEBUG tourGuide.service.RewardsService - calculateRewards pour user : internalUser150
16:20:56.041 [pool-2-thread-33] DEBUG tourGuide.service.RewardsService - calculateRewards pour user : internalUser390
16:20:56.041 [pool-2-thread-58] DEBUG tourGuide.service.RewardsService - calculateRewards pour user : internalUser122
16:20:56.042 [pool-2-thread-82] DEBUG tourGuide.service.RewardsService - calculateRewards pour user : internalUser383
16:20:56.042 [pool-2-thread-26] DEBUG tourGuide.service.RewardsService - calculateRewards pour user : internalUser182
16:20:56.043 [pool-2-thread-8] DEBUG tourGuide.service.RewardsService - calculateRewards pour user : internalUser151
16:20:56.044 [pool-2-thread-43] DEBUG tourGuide.service.RewardsService - calculateRewards pour user : internalUser362
16:20:56.044 [pool-2-thread-100] DEBUG tourGuide.service.RewardsService - calculateRewards pour user : internalUser386
16:20:56.046 [pool-2-thread-29] DEBUG tourGuide.service.RewardsService - calculateRewards pour user : internalUser153
16:20:56.046 [pool-2-thread-42] DEBUG tourGuide.service.RewardsService - calculateRewards pour user : internalUser120
16:20:56.046 [pool-2-thread-53] DEBUG tourGuide.service.RewardsService - calculateRewards pour user : internalUser365
16:20:56.047 [pool-2-thread-21] DEBUG tourGuide.service.RewardsService - calculateRewards pour user : internalUser393
16:20:56.047 [pool-2-thread-64] DEBUG tourGuide.service.RewardsService - calculateRewards pour user : internalUser373
16:20:56.049 [pool-2-thread-14] DEBUG tourGuide.service.RewardsService - calculateRewards pour user : internalUser173
16:20:56.049 [pool-2-thread-35] DEBUG tourGuide.service.RewardsService - calculateRewards pour user : internalUser192
16:20:56.050 [pool-2-thread-63] DEBUG tourGuide.service.RewardsService - calculateRewards pour user : internalUser131
16:20:56.051 [pool-2-thread-76] DEBUG tourGuide.service.RewardsService - calculateRewards pour user : internalUser377
16:20:56.051 [pool-2-thread-30] DEBUG tourGuide.service.RewardsService - calculateRewards pour user : internalUser188
16:20:56.051 [pool-2-thread-51] DEBUG tourGuide.service.RewardsService - calculateRewards pour user : internalUser368
16:20:56.052 [pool-2-thread-3] DEBUG tourGuide.service.RewardsService - calculateRewards pour user : internalUser161
16:20:56.052 [pool-2-thread-81] DEBUG tourGuide.service.RewardsService - calculateRewards pour user : internalUser141
16:20:56.053 [pool-2-thread-17] DEBUG tourGuide.service.RewardsService - calculateRewards pour user : internalUser391
16:20:56.053 [pool-2-thread-85] DEBUG tourGuide.service.RewardsService - calculateRewards pour user : internalUser381
16:20:56.053 [pool-2-thread-71] DEBUG tourGuide.service.RewardsService - calculateRewards pour user : internalUser137
16:20:56.053 [pool-2-thread-12] DEBUG tourGuide.service.RewardsService - calculateRewards pour user : internalUser568
16:20:56.054 [pool-2-thread-37] DEBUG tourGuide.service.RewardsService - calculateRewards pour user : internalUser159
16:20:56.056 [pool-2-thread-62] DEBUG tourGuide.service.RewardsService - calculateRewards pour user : internalUser372
16:20:56.057 [pool-2-thread-46] DEBUG tourGuide.service.RewardsService - calculateRewards pour user : internalUser369
16:20:56.058 [pool-2-thread-65] DEBUG tourGuide.service.RewardsService - calculateRewards pour user : internalUser370
16:20:56.060 [pool-2-thread-7] DEBUG tourGuide.service.RewardsService - calculateRewards pour user : internalUser167
16:20:56.060 [pool-2-thread-92] DEBUG tourGuide.service.RewardsService - calculateRewards pour user : internalUser148
16:20:56.061 [pool-2-thread-50] DEBUG tourGuide.service.RewardsService - calculateRewards pour user : internalUser126
16:20:56.062 [pool-2-thread-31] DEBUG tourGuide.service.RewardsService - calculateRewards pour user : internalUser196
16:20:56.063 [pool-2-thread-20] DEBUG tourGuide.service.RewardsService - calculateRewards pour user : internalUser397
16:20:56.063 [pool-2-thread-39] DEBUG tourGuide.service.RewardsService - calculateRewards pour user : internalUser198
16:20:56.065 [pool-2-thread-22] DEBUG tourGuide.service.RewardsService - calculateRewards pour user : internalUser186
16:20:56.065 [pool-2-thread-77] DEBUG tourGuide.service.RewardsService - calculateRewards pour user : internalUser132
16:20:56.065 [pool-2-thread-67] DEBUG tourGuide.service.RewardsService - calculateRewards pour user : internalUser138
16:20:56.066 [pool-2-thread-1] DEBUG tourGuide.service.RewardsService - calculateRewards pour user : internalUser326
16:20:56.068 [pool-2-thread-45] DEBUG tourGuide.service.RewardsService - calculateRewards pour user : internalUser325
16:20:56.068 [pool-2-thread-2] DEBUG tourGuide.service.RewardsService - calculateRewards pour user : internalUser164
16:20:56.069 [pool-2-thread-79] DEBUG tourGuide.service.RewardsService - calculateRewards pour user : internalUser133
16:20:56.070 [pool-2-thread-41] DEBUG tourGuide.service.RewardsService - calculateRewards pour user : internalUser567
16:20:56.071 [pool-2-thread-27] DEBUG tourGuide.service.RewardsService - calculateRewards pour user : internalUser180
16:20:56.071 [pool-2-thread-59] DEBUG tourGuide.service.RewardsService - calculateRewards pour user : internalUser364
16:20:56.072 [pool-2-thread-98] DEBUG tourGuide.service.RewardsService - calculateRewards pour user : internalUser385
16:20:56.072 [pool-2-thread-11] DEBUG tourGuide.service.RewardsService - calculateRewards pour user : internalUser174
16:20:56.072 [pool-2-thread-48] DEBUG tourGuide.service.RewardsService - calculateRewards pour user : internalUser152
16:20:56.072 [pool-2-thread-80] DEBUG tourGuide.service.RewardsService - calculateRewards pour user : internalUser375
16:20:56.072 [pool-2-thread-84] DEBUG tourGuide.service.RewardsService - calculateRewards pour user : internalUser384
16:20:56.073 [pool-2-thread-61] DEBUG tourGuide.service.RewardsService - calculateRewards pour user : internalUser130
16:20:56.073 [pool-2-thread-52] DEBUG tourGuide.service.RewardsService - calculateRewards pour user : internalUser323
16:20:56.074 [pool-2-thread-91] DEBUG tourGuide.service.RewardsService - calculateRewards pour user : internalUser389
16:20:56.075 [pool-2-thread-89] DEBUG tourGuide.service.RewardsService - calculateRewards pour user : internalUser149
16:20:56.075 [pool-2-thread-44] DEBUG tourGuide.service.RewardsService - calculateRewards pour user : internalUser392
16:20:56.076 [pool-2-thread-90] DEBUG tourGuide.service.RewardsService - calculateRewards pour user : internalUser147
16:20:56.076 [pool-2-thread-78] DEBUG tourGuide.service.RewardsService - calculateRewards pour user : internalUser374
16:20:56.077 [pool-2-thread-16] DEBUG tourGuide.service.RewardsService - calculateRewards pour user : internalUser395
16:20:56.077 [pool-2-thread-4] DEBUG tourGuide.service.RewardsService - calculateRewards pour user : internalUser154
16:20:56.077 [pool-2-thread-75] DEBUG tourGuide.service.RewardsService - calculateRewards pour user : internalUser135
16:20:56.077 [pool-2-thread-28] DEBUG tourGuide.service.RewardsService - calculateRewards pour user : internalUser155
16:20:56.079 [pool-2-thread-38] DEBUG tourGuide.service.RewardsService - calculateRewards pour user : internalUser191
16:20:56.079 [pool-2-thread-87] DEBUG tourGuide.service.RewardsService - calculateRewards pour user : internalUser382
16:20:56.079 [pool-2-thread-83] DEBUG tourGuide.service.RewardsService - calculateRewards pour user : internalUser142
16:20:56.079 [pool-2-thread-23] DEBUG tourGuide.service.RewardsService - calculateRewards pour user : internalUser183
16:20:56.080 [pool-2-thread-5] DEBUG tourGuide.service.RewardsService - calculateRewards pour user : internalUser156
16:20:56.080 [pool-2-thread-32] DEBUG tourGuide.service.RewardsService - calculateRewards pour user : internalUser157
16:20:56.081 [pool-2-thread-73] DEBUG tourGuide.service.RewardsService - calculateRewards pour user : internalUser134
16:20:56.082 [pool-2-thread-74] DEBUG tourGuide.service.RewardsService - calculateRewards pour user : internalUser376
16:20:56.083 [pool-2-thread-10] DEBUG tourGuide.service.RewardsService - calculateRewards pour user : internalUser166
16:20:56.084 [pool-2-thread-93] DEBUG tourGuide.service.RewardsService - calculateRewards pour user : internalUser145
16:20:56.085 [pool-2-thread-9] DEBUG tourGuide.service.RewardsService - calculateRewards pour user : internalUser324
16:20:56.085 [pool-2-thread-56] DEBUG tourGuide.service.RewardsService - calculateRewards pour user : internalUser565
16:20:56.085 [pool-2-thread-19] DEBUG tourGuide.service.RewardsService - calculateRewards pour user : internalUser176
16:20:56.085 [pool-2-thread-15] DEBUG tourGuide.service.RewardsService - calculateRewards pour user : internalUser170
16:20:56.086 [pool-2-thread-49] DEBUG tourGuide.service.RewardsService - calculateRewards pour user : internalUser398
16:20:56.086 [pool-2-thread-40] DEBUG tourGuide.service.RewardsService - calculateRewards pour user : internalUser563
16:20:56.086 [pool-2-thread-47] DEBUG tourGuide.service.RewardsService - calculateRewards pour user : internalUser128
16:20:56.088 [pool-2-thread-99] DEBUG tourGuide.service.RewardsService - calculateRewards pour user : internalUser144
16:20:56.089 [pool-2-thread-13] DEBUG tourGuide.service.RewardsService - calculateRewards pour user : internalUser158
16:20:56.090 [pool-2-thread-86] DEBUG tourGuide.service.RewardsService - calculateRewards pour user : internalUser140
16:20:56.091 [pool-2-thread-36] DEBUG tourGuide.service.RewardsService - calculateRewards pour user : internalUser399
16:20:56.091 [pool-2-thread-94] DEBUG tourGuide.service.RewardsService - calculateRewards pour user : internalUser387
16:20:56.091 [pool-2-thread-24] DEBUG tourGuide.service.RewardsService - calculateRewards pour user : internalUser560
16:20:56.093 [pool-2-thread-66] DEBUG tourGuide.service.RewardsService - calculateRewards pour user : internalUser371
16:20:56.093 [pool-2-thread-6] DEBUG tourGuide.service.RewardsService - calculateRewards pour user : internalUser169
16:20:56.093 [pool-2-thread-57] DEBUG tourGuide.service.RewardsService - calculateRewards pour user : internalUser363
16:20:56.094 [pool-2-thread-55] DEBUG tourGuide.service.RewardsService - calculateRewards pour user : internalUser366
16:20:56.094 [pool-2-thread-95] DEBUG tourGuide.service.RewardsService - calculateRewards pour user : internalUser146
16:20:56.094 [pool-2-thread-18] DEBUG tourGuide.service.RewardsService - calculateRewards pour user : internalUser566
16:20:56.094 [pool-2-thread-96] DEBUG tourGuide.service.RewardsService - calculateRewards pour user : internalUser388
16:20:56.095 [pool-2-thread-70] DEBUG tourGuide.service.RewardsService - calculateRewards pour user : internalUser378
16:20:56.097 [pool-2-thread-72] DEBUG tourGuide.service.RewardsService - calculateRewards pour user : internalUser379
16:20:56.098 [pool-2-thread-25] DEBUG tourGuide.service.RewardsService - calculateRewards pour user : internalUser396
16:20:56.100 [pool-2-thread-53] DEBUG tourGuide.service.RewardsService - calculateRewards pour user : internalUser336
16:20:56.100 [pool-2-thread-97] DEBUG tourGuide.service.RewardsService - calculateRewards pour user : internalUser143
16:20:56.101 [pool-2-thread-29] DEBUG tourGuide.service.RewardsService - calculateRewards pour user : internalUser571
16:20:56.101 [pool-2-thread-68] DEBUG tourGuide.service.RewardsService - calculateRewards pour user : internalUser139
16:20:56.102 [pool-2-thread-26] DEBUG tourGuide.service.RewardsService - calculateRewards pour user : internalUser329
16:20:56.103 [pool-2-thread-12] DEBUG tourGuide.service.RewardsService - calculateRewards pour user : internalUser575
16:20:56.103 [pool-2-thread-34] DEBUG tourGuide.service.RewardsService - calculateRewards pour user : internalUser195
16:20:56.105 [pool-2-thread-69] DEBUG tourGuide.service.RewardsService - calculateRewards pour user : internalUser321
16:20:56.107 [pool-2-thread-85] DEBUG tourGuide.service.RewardsService - calculateRewards pour user : internalUser573
16:20:56.109 [pool-2-thread-8] DEBUG tourGuide.service.RewardsService - calculateRewards pour user : internalUser569
16:20:56.110 [pool-2-thread-88] DEBUG tourGuide.service.RewardsService - calculateRewards pour user : internalUser322
16:20:56.111 [pool-2-thread-31] DEBUG tourGuide.service.RewardsService - calculateRewards pour user : internalUser580
16:20:56.112 [pool-2-thread-60] DEBUG tourGuide.service.RewardsService - calculateRewards pour user : internalUser564
16:20:56.113 [pool-2-thread-54] DEBUG tourGuide.service.RewardsService - calculateRewards pour user : internalUser561
16:20:56.114 [pool-2-thread-98] DEBUG tourGuide.service.RewardsService - calculateRewards pour user : internalUser172
16:20:56.114 [pool-2-thread-42] DEBUG tourGuide.service.RewardsService - calculateRewards pour user : internalUser578
16:20:56.119 [pool-2-thread-82] DEBUG tourGuide.service.RewardsService - calculateRewards pour user : internalUser562
16:20:56.120 [pool-2-thread-46] DEBUG tourGuide.service.RewardsService - calculateRewards pour user : internalUser581
16:20:56.122 [pool-2-thread-81] DEBUG tourGuide.service.RewardsService - calculateRewards pour user : internalUser572
16:20:56.123 [pool-2-thread-20] DEBUG tourGuide.service.RewardsService - calculateRewards pour user : internalUser347
16:20:56.124 [pool-2-thread-35] DEBUG tourGuide.service.RewardsService - calculateRewards pour user : internalUser576
16:20:56.124 [pool-2-thread-3] DEBUG tourGuide.service.RewardsService - calculateRewards pour user : internalUser333
16:20:56.125 [pool-2-thread-2] DEBUG tourGuide.service.RewardsService - calculateRewards pour user : internalUser160
16:20:56.126 [pool-2-thread-89] DEBUG tourGuide.service.RewardsService - calculateRewards pour user : internalUser177
16:20:56.125 [pool-2-thread-62] DEBUG tourGuide.service.RewardsService - calculateRewards pour user : internalUser339
16:20:56.127 [pool-2-thread-79] DEBUG tourGuide.service.RewardsService - calculateRewards pour user : internalUser167
16:20:56.127 [pool-2-thread-83] DEBUG tourGuide.service.RewardsService - calculateRewards pour user : internalUser189
16:20:56.128 [pool-2-thread-77] DEBUG tourGuide.service.RewardsService - calculateRewards pour user : internalUser164
16:20:56.129 [pool-2-thread-58] DEBUG tourGuide.service.RewardsService - calculateRewards pour user : internalUser327
16:20:56.129 [pool-2-thread-50] DEBUG tourGuide.service.RewardsService - calculateRewards pour user : internalUser8
16:20:56.130 [pool-2-thread-30] DEBUG tourGuide.service.RewardsService - calculateRewards pour user : internalUser574
16:20:56.132 [pool-2-thread-99] DEBUG tourGuide.service.RewardsService - calculateRewards pour user : internalUser362
16:20:56.133 [pool-2-thread-39] DEBUG tourGuide.service.RewardsService - calculateRewards pour user : internalUser105
16:20:56.134 [pool-2-thread-100] DEBUG tourGuide.service.RewardsService - calculateRewards pour user : internalUser328
16:20:56.136 [pool-2-thread-43] DEBUG tourGuide.service.RewardsService - calculateRewards pour user : internalUser570
16:20:56.136 [pool-2-thread-71] DEBUG tourGuide.service.RewardsService - calculateRewards pour user : internalUser330
16:20:56.138 [pool-2-thread-36] DEBUG tourGuide.service.RewardsService - calculateRewards pour user : internalUser369
16:20:56.140 [pool-2-thread-37] DEBUG tourGuide.service.RewardsService - calculateRewards pour user : internalUser338
16:20:56.140 [pool-2-thread-24] DEBUG tourGuide.service.RewardsService - calculateRewards pour user : internalUser128
16:20:56.141 [pool-2-thread-45] DEBUG tourGuide.service.RewardsService - calculateRewards pour user : internalUser169
16:20:56.141 [pool-2-thread-16] DEBUG tourGuide.service.RewardsService - calculateRewards pour user : internalUser181
16:20:56.141 [pool-2-thread-21] DEBUG tourGuide.service.RewardsService - calculateRewards pour user : internalUser579
16:20:56.142 [pool-2-thread-33] DEBUG tourGuide.service.RewardsService - calculateRewards pour user : internalUser320
16:20:56.143 [pool-2-thread-4] DEBUG tourGuide.service.RewardsService - calculateRewards pour user : internalUser183
16:20:56.143 [pool-2-thread-32] DEBUG tourGuide.service.RewardsService - calculateRewards pour user : internalUser188
16:20:56.143 [pool-2-thread-48] DEBUG tourGuide.service.RewardsService - calculateRewards pour user : internalUser175
16:20:56.143 [pool-2-thread-23] DEBUG tourGuide.service.RewardsService - calculateRewards pour user : internalUser180
16:20:56.147 [pool-2-thread-14] DEBUG tourGuide.service.RewardsService - calculateRewards pour user : internalUser334
16:20:56.148 [pool-2-thread-51] DEBUG tourGuide.service.RewardsService - calculateRewards pour user : internalUser577
16:20:56.149 [pool-2-thread-90] DEBUG tourGuide.service.RewardsService - calculateRewards pour user : internalUser186
16:20:56.151 [pool-2-thread-17] DEBUG tourGuide.service.RewardsService - calculateRewards pour user : internalUser331
16:20:56.153 [pool-2-thread-63] DEBUG tourGuide.service.RewardsService - calculateRewards pour user : internalUser335
16:20:56.153 [pool-2-thread-7] DEBUG tourGuide.service.RewardsService - calculateRewards pour user : internalUser9
16:20:56.153 [pool-2-thread-74] DEBUG tourGuide.service.RewardsService - calculateRewards pour user : internalUser194
16:20:56.154 [pool-2-thread-18] DEBUG tourGuide.service.RewardsService - calculateRewards pour user : internalUser123
16:20:56.157 [pool-2-thread-64] DEBUG tourGuide.service.RewardsService - calculateRewards pour user : internalUser337
16:20:56.157 [pool-2-thread-1] DEBUG tourGuide.service.RewardsService - calculateRewards pour user : internalUser162
16:20:56.159 [pool-2-thread-76] DEBUG tourGuide.service.RewardsService - calculateRewards pour user : internalUser332
16:20:56.160 [pool-2-thread-96] DEBUG tourGuide.service.RewardsService - calculateRewards pour user : internalUser365
16:20:56.160 [pool-2-thread-8] DEBUG tourGuide.service.RewardsService - calculateRewards pour user : internalUser138
16:20:56.161 [pool-2-thread-61] DEBUG tourGuide.service.RewardsService - calculateRewards pour user : internalUser170
16:20:56.161 [pool-2-thread-49] DEBUG tourGuide.service.RewardsService - calculateRewards pour user : internalUser120
16:20:56.161 [pool-2-thread-13] DEBUG tourGuide.service.RewardsService - calculateRewards pour user : internalUser360
16:20:56.161 [pool-2-thread-97] DEBUG tourGuide.service.RewardsService - calculateRewards pour user : internalUser122
16:20:56.161 [pool-2-thread-5] DEBUG tourGuide.service.RewardsService - calculateRewards pour user : internalUser196
16:20:56.161 [pool-2-thread-52] DEBUG tourGuide.service.RewardsService - calculateRewards pour user : internalUser171
16:20:56.161 [pool-2-thread-53] DEBUG tourGuide.service.RewardsService - calculateRewards pour user : internalUser364
16:20:56.162 [pool-2-thread-38] DEBUG tourGuide.service.RewardsService - calculateRewards pour user : internalUser187
16:20:56.163 [pool-2-thread-91] DEBUG tourGuide.service.RewardsService - calculateRewards pour user : internalUser179
16:20:56.163 [pool-2-thread-19] DEBUG tourGuide.service.RewardsService - calculateRewards pour user : internalUser191
16:20:56.163 [pool-2-thread-94] DEBUG tourGuide.service.RewardsService - calculateRewards pour user : internalUser125
16:20:56.164 [pool-2-thread-55] DEBUG tourGuide.service.RewardsService - calculateRewards pour user : internalUser366
16:20:56.165 [pool-2-thread-41] DEBUG tourGuide.service.RewardsService - calculateRewards pour user : internalUser168
16:20:56.165 [pool-2-thread-28] DEBUG tourGuide.service.RewardsService - calculateRewards pour user : internalUser182
16:20:56.165 [pool-2-thread-73] DEBUG tourGuide.service.RewardsService - calculateRewards pour user : internalUser197
16:20:56.167 [pool-2-thread-26] DEBUG tourGuide.service.RewardsService - calculateRewards pour user : internalUser372
16:20:56.168 [pool-2-thread-22] DEBUG tourGuide.service.RewardsService - calculateRewards pour user : internalUser161
16:20:56.168 [pool-2-thread-65] DEBUG tourGuide.service.RewardsService - calculateRewards pour user : internalUser340
16:20:56.169 [pool-2-thread-3] DEBUG tourGuide.service.RewardsService - calculateRewards pour user : internalUser377
16:20:56.170 [pool-2-thread-92] DEBUG tourGuide.service.RewardsService - calculateRewards pour user : internalUser582
16:20:56.170 [pool-2-thread-86] DEBUG tourGuide.service.RewardsService - calculateRewards pour user : internalUser127
16:20:56.170 [pool-2-thread-75] DEBUG tourGuide.service.RewardsService - calculateRewards pour user : internalUser184
16:20:56.171 [pool-2-thread-11] DEBUG tourGuide.service.RewardsService - calculateRewards pour user : internalUser173
16:20:56.172 [pool-2-thread-40] DEBUG tourGuide.service.RewardsService - calculateRewards pour user : internalUser361
16:20:56.172 [pool-2-thread-44] DEBUG tourGuide.service.RewardsService - calculateRewards pour user : internalUser176
16:20:56.172 [pool-2-thread-67] DEBUG tourGuide.service.RewardsService - calculateRewards pour user : internalUser163
16:20:56.172 [pool-2-thread-84] DEBUG tourGuide.service.RewardsService - calculateRewards pour user : internalUser178
16:20:56.173 [pool-2-thread-93] DEBUG tourGuide.service.RewardsService - calculateRewards pour user : internalUser192
16:20:56.173 [pool-2-thread-98] DEBUG tourGuide.service.RewardsService - calculateRewards pour user : internalUser134
16:20:56.175 [pool-2-thread-27] DEBUG tourGuide.service.RewardsService - calculateRewards pour user : internalUser166
16:20:56.176 [pool-2-thread-87] DEBUG tourGuide.service.RewardsService - calculateRewards pour user : internalUser589
16:20:56.177 [pool-2-thread-59] DEBUG tourGuide.service.RewardsService - calculateRewards pour user : internalUser165
16:20:56.177 [pool-2-thread-35] DEBUG tourGuide.service.RewardsService - calculateRewards pour user : internalUser383
16:20:56.177 [pool-2-thread-10] DEBUG tourGuide.service.RewardsService - calculateRewards pour user : internalUser195
16:20:56.180 [pool-2-thread-80] DEBUG tourGuide.service.RewardsService - calculateRewards pour user : internalUser174
16:20:56.180 [pool-2-thread-89] DEBUG tourGuide.service.RewardsService - calculateRewards pour user : internalUser375
16:20:56.182 [pool-2-thread-15] DEBUG tourGuide.service.RewardsService - calculateRewards pour user : internalUser198
16:20:56.182 [pool-2-thread-78] DEBUG tourGuide.service.RewardsService - calculateRewards pour user : internalUser185
16:20:56.183 [pool-2-thread-72] DEBUG tourGuide.service.RewardsService - calculateRewards pour user : internalUser121
16:20:56.184 [pool-2-thread-50] DEBUG tourGuide.service.RewardsService - calculateRewards pour user : internalUser374
16:20:56.185 [pool-2-thread-57] DEBUG tourGuide.service.RewardsService - calculateRewards pour user : internalUser126
16:20:56.186 [pool-2-thread-99] DEBUG tourGuide.service.RewardsService - calculateRewards pour user : internalUser380
16:20:56.186 [pool-2-thread-77] DEBUG tourGuide.service.RewardsService - calculateRewards pour user : internalUser141
16:20:56.187 [pool-2-thread-6] DEBUG tourGuide.service.RewardsService - calculateRewards pour user : internalUser367
16:20:56.191 [pool-2-thread-47] DEBUG tourGuide.service.RewardsService - calculateRewards pour user : internalUser199
16:20:56.192 [pool-2-thread-54] DEBUG tourGuide.service.RewardsService - calculateRewards pour user : internalUser379
16:20:56.192 [pool-2-thread-56] DEBUG tourGuide.service.RewardsService - calculateRewards pour user : internalUser190
16:20:56.195 [pool-2-thread-4] DEBUG tourGuide.service.RewardsService - calculateRewards pour user : internalUser152
16:20:56.195 [pool-2-thread-7] DEBUG tourGuide.service.RewardsService - calculateRewards pour user : internalUser393
16:20:56.196 [pool-2-thread-9] DEBUG tourGuide.service.RewardsService - calculateRewards pour user : internalUser193
16:20:56.196 [pool-2-thread-25] DEBUG tourGuide.service.RewardsService - calculateRewards pour user : internalUser363
16:20:56.197 [pool-2-thread-2] DEBUG tourGuide.service.RewardsService - calculateRewards pour user : internalUser142
16:20:56.197 [pool-2-thread-32] DEBUG tourGuide.service.RewardsService - calculateRewards pour user : internalUser394
16:20:56.198 [pool-2-thread-82] DEBUG tourGuide.service.RewardsService - calculateRewards pour user : internalUser376
16:20:56.200 [pool-2-thread-70] DEBUG tourGuide.service.RewardsService - calculateRewards pour user : internalUser106
16:20:56.200 [pool-2-thread-71] DEBUG tourGuide.service.RewardsService - calculateRewards pour user : internalUser389
16:20:56.200 [pool-2-thread-16] DEBUG tourGuide.service.RewardsService - calculateRewards pour user : internalUser385
16:20:56.201 [pool-2-thread-66] DEBUG tourGuide.service.RewardsService - calculateRewards pour user : internalUser368
16:20:56.202 [pool-2-thread-85] DEBUG tourGuide.service.RewardsService - calculateRewards pour user : internalUser371
16:20:56.202 [pool-2-thread-34] DEBUG tourGuide.service.RewardsService - calculateRewards pour user : internalUser373
16:20:56.203 [pool-2-thread-20] DEBUG tourGuide.service.RewardsService - calculateRewards pour user : internalUser133
16:20:56.203 [pool-2-thread-60] DEBUG tourGuide.service.RewardsService - calculateRewards pour user : internalUser378
16:20:56.204 [pool-2-thread-39] DEBUG tourGuide.service.RewardsService - calculateRewards pour user : internalUser149
16:20:56.204 [pool-2-thread-62] DEBUG tourGuide.service.RewardsService - calculateRewards pour user : internalUser384
16:20:56.205 [pool-2-thread-81] DEBUG tourGuide.service.RewardsService - calculateRewards pour user : internalUser348
16:20:56.205 [pool-2-thread-23] DEBUG tourGuide.service.RewardsService - calculateRewards pour user : internalUser148
16:20:56.205 [pool-2-thread-95] DEBUG tourGuide.service.RewardsService - calculateRewards pour user : internalUser124
16:20:56.206 [pool-2-thread-36] DEBUG tourGuide.service.RewardsService - calculateRewards pour user : internalUser387
16:20:56.207 [pool-2-thread-100] DEBUG tourGuide.service.RewardsService - calculateRewards pour user : internalUser145
16:20:56.208 [pool-2-thread-68] DEBUG tourGuide.service.RewardsService - calculateRewards pour user : internalUser129
16:20:56.208 [pool-2-thread-31] DEBUG tourGuide.service.RewardsService - calculateRewards pour user : internalUser139
16:20:56.208 [pool-2-thread-12] DEBUG tourGuide.service.RewardsService - calculateRewards pour user : internalUser131
16:20:56.208 [pool-2-thread-90] DEBUG tourGuide.service.RewardsService - calculateRewards pour user : internalUser392
16:20:56.208 [pool-2-thread-73] DEBUG tourGuide.service.RewardsService - calculateRewards pour user : internalUser321
16:20:56.209 [pool-2-thread-45] DEBUG tourGuide.service.RewardsService - calculateRewards pour user : internalUser144
16:20:56.210 [pool-2-thread-29] DEBUG tourGuide.service.RewardsService - calculateRewards pour user : internalUser130
16:20:56.210 [pool-2-thread-88] DEBUG tourGuide.service.RewardsService - calculateRewards pour user : internalUser136
16:20:56.213 [pool-2-thread-42] DEBUG tourGuide.service.RewardsService - calculateRewards pour user : internalUser137
16:20:56.213 [pool-2-thread-69] DEBUG tourGuide.service.RewardsService - calculateRewards pour user : internalUser370
16:20:56.214 [pool-2-thread-40] DEBUG tourGuide.service.RewardsService - calculateRewards pour user : internalUser336
16:20:56.214 [pool-2-thread-21] DEBUG tourGuide.service.RewardsService - calculateRewards pour user : internalUser143
16:20:56.215 [pool-2-thread-84] DEBUG tourGuide.service.RewardsService - calculateRewards pour user : internalUser571
16:20:56.215 [pool-2-thread-51] DEBUG tourGuide.service.RewardsService - calculateRewards pour user : internalUser150
16:20:56.217 [pool-2-thread-46] DEBUG tourGuide.service.RewardsService - calculateRewards pour user : internalUser135
16:20:56.217 [pool-2-thread-86] DEBUG tourGuide.service.RewardsService - calculateRewards pour user : internalUser329
16:20:56.218 [pool-2-thread-52] DEBUG tourGuide.service.RewardsService - calculateRewards pour user : internalUser397
16:20:56.220 [pool-2-thread-97] DEBUG tourGuide.service.RewardsService - calculateRewards pour user : internalUser155
16:20:56.221 [pool-2-thread-58] DEBUG tourGuide.service.RewardsService - calculateRewards pour user : internalUser140
16:20:56.224 [pool-2-thread-43] DEBUG tourGuide.service.RewardsService - calculateRewards pour user : internalUser147
16:20:56.225 [pool-2-thread-17] DEBUG tourGuide.service.RewardsService - calculateRewards pour user : internalUser158
16:20:56.226 [pool-2-thread-83] DEBUG tourGuide.service.RewardsService - calculateRewards pour user : internalUser381
16:20:56.227 [pool-2-thread-35] DEBUG tourGuide.service.RewardsService - calculateRewards pour user : internalUser577
16:20:56.229 [pool-2-thread-27] DEBUG tourGuide.service.RewardsService - calculateRewards pour user : internalUser579
16:20:56.231 [pool-2-thread-79] DEBUG tourGuide.service.RewardsService - calculateRewards pour user : internalUser132
16:20:56.231 [pool-2-thread-5] DEBUG tourGuide.service.RewardsService - calculateRewards pour user : internalUser560
16:20:56.231 [pool-2-thread-33] DEBUG tourGuide.service.RewardsService - calculateRewards pour user : internalUser386
16:20:56.233 [pool-2-thread-1] DEBUG tourGuide.service.RewardsService - calculateRewards pour user : internalUser156
16:20:56.234 [pool-2-thread-15] DEBUG tourGuide.service.RewardsService - calculateRewards pour user : internalUser575
16:20:56.235 [pool-2-thread-24] DEBUG tourGuide.service.RewardsService - calculateRewards pour user : internalUser146
16:20:56.235 [pool-2-thread-14] DEBUG tourGuide.service.RewardsService - calculateRewards pour user : internalUser395
16:20:56.236 [pool-2-thread-13] DEBUG tourGuide.service.RewardsService - calculateRewards pour user : internalUser325
16:20:56.237 [pool-2-thread-94] DEBUG tourGuide.service.RewardsService - calculateRewards pour user : internalUser568
16:20:56.239 [pool-2-thread-54] DEBUG tourGuide.service.RewardsService - calculateRewards pour user : internalUser582
16:20:56.239 [pool-2-thread-30] DEBUG tourGuide.service.RewardsService - calculateRewards pour user : internalUser382
16:20:56.239 [pool-2-thread-63] DEBUG tourGuide.service.RewardsService - calculateRewards pour user : internalUser390
16:20:56.239 [pool-2-thread-74] DEBUG tourGuide.service.RewardsService - calculateRewards pour user : internalUser151
16:20:56.240 [pool-2-thread-19] DEBUG tourGuide.service.RewardsService - calculateRewards pour user : internalUser326
16:20:56.240 [pool-2-thread-53] DEBUG tourGuide.service.RewardsService - calculateRewards pour user : internalUser396
16:20:56.240 [pool-2-thread-8] DEBUG tourGuide.service.RewardsService - calculateRewards pour user : internalUser157
16:20:56.240 [pool-2-thread-56] DEBUG tourGuide.service.RewardsService - calculateRewards pour user : internalUser340
16:20:56.240 [pool-2-thread-32] DEBUG tourGuide.service.RewardsService - calculateRewards pour user : internalUser347
16:20:56.241 [pool-2-thread-96] DEBUG tourGuide.service.RewardsService - calculateRewards pour user : internalUser399
16:20:56.241 [pool-2-thread-37] DEBUG tourGuide.service.RewardsService - calculateRewards pour user : internalUser388
16:20:56.241 [pool-2-thread-38] DEBUG tourGuide.service.RewardsService - calculateRewards pour user : internalUser323
16:20:56.241 [pool-2-thread-50] DEBUG tourGuide.service.RewardsService - calculateRewards pour user : internalUser572
16:20:56.242 [pool-2-thread-18] DEBUG tourGuide.service.RewardsService - calculateRewards pour user : internalUser391
16:20:56.243 [pool-2-thread-28] DEBUG tourGuide.service.RewardsService - calculateRewards pour user : internalUser563
16:20:56.243 [pool-2-thread-2] DEBUG tourGuide.service.RewardsService - calculateRewards pour user : internalUser589
16:20:56.244 [pool-2-thread-80] DEBUG tourGuide.service.RewardsService - calculateRewards pour user : internalUser574
16:20:56.244 [pool-2-thread-49] DEBUG tourGuide.service.RewardsService - calculateRewards pour user : internalUser567
16:20:56.245 [pool-2-thread-72] DEBUG tourGuide.service.RewardsService - calculateRewards pour user : internalUser330
16:20:56.245 [pool-2-thread-99] DEBUG tourGuide.service.RewardsService - calculateRewards pour user : internalUser573
16:20:56.246 [pool-2-thread-6] DEBUG tourGuide.service.RewardsService - calculateRewards pour user : internalUser339
16:20:56.246 [pool-2-thread-81] DEBUG tourGuide.service.RewardsService - calculateRewards pour user : internalUser586
16:20:56.247 [pool-2-thread-64] DEBUG tourGuide.service.RewardsService - calculateRewards pour user : internalUser159
16:20:56.248 [pool-2-thread-47] DEBUG tourGuide.service.RewardsService - calculateRewards pour user : internalUser581
16:20:56.248 [pool-2-thread-57] DEBUG tourGuide.service.RewardsService - calculateRewards pour user : internalUser331
16:20:56.249 [pool-2-thread-89] DEBUG tourGuide.service.RewardsService - calculateRewards pour user : internalUser332
16:20:56.249 [pool-2-thread-66] DEBUG tourGuide.service.RewardsService - calculateRewards pour user : internalUser587
16:20:56.249 [pool-2-thread-61] DEBUG tourGuide.service.RewardsService - calculateRewards pour user : internalUser154
16:20:56.250 [pool-2-thread-22] DEBUG tourGuide.service.RewardsService - calculateRewards pour user : internalUser561
16:20:56.250 [pool-2-thread-48] DEBUG tourGuide.service.RewardsService - calculateRewards pour user : internalUser153
16:20:56.252 [pool-2-thread-3] DEBUG tourGuide.service.RewardsService - calculateRewards pour user : internalUser320
16:20:56.252 [pool-2-thread-68] DEBUG tourGuide.service.RewardsService - calculateRewards pour user : internalUser107
16:20:56.253 [pool-2-thread-34] DEBUG tourGuide.service.RewardsService - calculateRewards pour user : internalUser104
16:20:56.253 [pool-2-thread-41] DEBUG tourGuide.service.RewardsService - calculateRewards pour user : internalUser566
16:20:56.253 [pool-2-thread-100] DEBUG tourGuide.service.RewardsService - calculateRewards pour user : internalUser583
16:20:56.254 [pool-2-thread-60] DEBUG tourGuide.service.RewardsService - calculateRewards pour user : internalUser101
16:20:56.255 [pool-2-thread-29] DEBUG tourGuide.service.RewardsService - calculateRewards pour user : internalUser108
16:20:56.256 [pool-2-thread-73] DEBUG tourGuide.service.RewardsService - calculateRewards pour user : internalUser584
16:20:56.256 [pool-2-thread-98] DEBUG tourGuide.service.RewardsService - calculateRewards pour user : internalUser337
16:20:56.256 [pool-2-thread-59] DEBUG tourGuide.service.RewardsService - calculateRewards pour user : internalUser335
16:20:56.257 [pool-2-thread-78] DEBUG tourGuide.service.RewardsService - calculateRewards pour user : internalUser333
16:20:56.258 [pool-2-thread-36] DEBUG tourGuide.service.RewardsService - calculateRewards pour user : internalUser341
16:20:56.259 [pool-2-thread-16] DEBUG tourGuide.service.RewardsService - calculateRewards pour user : internalUser103
16:20:56.259 [pool-2-thread-76] DEBUG tourGuide.service.RewardsService - calculateRewards pour user : internalUser398
16:20:56.261 [pool-2-thread-86] DEBUG tourGuide.service.RewardsService - calculateRewards pour user : internalUser350
16:20:56.261 [pool-2-thread-71] DEBUG tourGuide.service.RewardsService - calculateRewards pour user : internalUser348
16:20:56.263 [pool-2-thread-65] DEBUG tourGuide.service.RewardsService - calculateRewards pour user : internalUser564
16:20:56.265 [pool-2-thread-7] DEBUG tourGuide.service.RewardsService - calculateRewards pour user : internalUser9
16:20:56.267 [pool-2-thread-40] DEBUG tourGuide.service.RewardsService - calculateRewards pour user : internalUser7
16:20:56.267 [pool-2-thread-55] DEBUG tourGuide.service.RewardsService - calculateRewards pour user : internalUser324
16:20:56.267 [pool-2-thread-82] DEBUG tourGuide.service.RewardsService - calculateRewards pour user : internalUser106
16:20:56.267 [pool-2-thread-58] DEBUG tourGuide.service.RewardsService - calculateRewards pour user : internalUser593
16:20:56.268 [pool-2-thread-75] DEBUG tourGuide.service.RewardsService - calculateRewards pour user : internalUser327
16:20:56.270 [pool-2-thread-12] DEBUG tourGuide.service.RewardsService - calculateRewards pour user : internalUser342
16:20:56.270 [pool-2-thread-4] DEBUG tourGuide.service.RewardsService - calculateRewards pour user : internalUser8
16:20:56.271 [pool-2-thread-21] DEBUG tourGuide.service.RewardsService - calculateRewards pour user : internalUser0
16:20:56.272 [pool-2-thread-44] DEBUG tourGuide.service.RewardsService - calculateRewards pour user : internalUser328
16:20:56.272 [pool-2-thread-93] DEBUG tourGuide.service.RewardsService - calculateRewards pour user : internalUser578
16:20:56.272 [pool-2-thread-10] DEBUG tourGuide.service.RewardsService - calculateRewards pour user : internalUser576
16:20:56.273 [pool-2-thread-91] DEBUG tourGuide.service.RewardsService - calculateRewards pour user : internalUser565
16:20:56.273 [pool-2-thread-69] DEBUG tourGuide.service.RewardsService - calculateRewards pour user : internalUser2
16:20:56.274 [pool-2-thread-25] DEBUG tourGuide.service.RewardsService - calculateRewards pour user : internalUser580
16:20:56.274 [pool-2-thread-11] DEBUG tourGuide.service.RewardsService - calculateRewards pour user : internalUser569
16:20:56.274 [pool-2-thread-26] DEBUG tourGuide.service.RewardsService - calculateRewards pour user : internalUser322
16:20:56.275 [pool-2-thread-92] DEBUG tourGuide.service.RewardsService - calculateRewards pour user : internalUser562
16:20:56.277 [pool-2-thread-87] DEBUG tourGuide.service.RewardsService - calculateRewards pour user : internalUser334
16:20:56.277 [pool-2-thread-23] DEBUG tourGuide.service.RewardsService - calculateRewards pour user : internalUser344
16:20:56.278 [pool-2-thread-42] DEBUG tourGuide.service.RewardsService - calculateRewards pour user : internalUser1
16:20:56.278 [pool-2-thread-33] DEBUG tourGuide.service.RewardsService - calculateRewards pour user : internalUser356
16:20:56.278 [pool-2-thread-67] DEBUG tourGuide.service.RewardsService - calculateRewards pour user : internalUser570
16:20:56.279 [pool-2-thread-83] DEBUG tourGuide.service.RewardsService - calculateRewards pour user : internalUser116
16:20:56.282 [pool-2-thread-20] DEBUG tourGuide.service.RewardsService - calculateRewards pour user : internalUser588
16:20:56.283 [pool-2-thread-51] DEBUG tourGuide.service.RewardsService - calculateRewards pour user : internalUser6
16:20:56.284 [pool-2-thread-8] DEBUG tourGuide.service.RewardsService - calculateRewards pour user : internalUser352
16:20:56.284 [pool-2-thread-43] DEBUG tourGuide.service.RewardsService - calculateRewards pour user : internalUser590
16:20:56.284 [pool-2-thread-70] DEBUG tourGuide.service.RewardsService - calculateRewards pour user : internalUser345
16:20:56.285 [pool-2-thread-17] DEBUG tourGuide.service.RewardsService - calculateRewards pour user : internalUser591
16:20:56.287 [pool-2-thread-77] DEBUG tourGuide.service.RewardsService - calculateRewards pour user : internalUser338
16:20:56.289 [pool-2-thread-45] DEBUG tourGuide.service.RewardsService - calculateRewards pour user : internalUser349
16:20:56.291 [pool-2-thread-39] DEBUG tourGuide.service.RewardsService - calculateRewards pour user : internalUser585
16:20:56.292 [pool-2-thread-19] DEBUG tourGuide.service.RewardsService - calculateRewards pour user : internalUser111
16:20:56.294 [pool-2-thread-84] DEBUG tourGuide.service.RewardsService - calculateRewards pour user : internalUser5
16:20:56.294 [pool-2-thread-88] DEBUG tourGuide.service.RewardsService - calculateRewards pour user : internalUser3
16:20:56.295 [pool-2-thread-90] DEBUG tourGuide.service.RewardsService - calculateRewards pour user : internalUser100
16:20:56.295 [pool-2-thread-72] DEBUG tourGuide.service.RewardsService - calculateRewards pour user : internalUser522
16:20:56.296 [pool-2-thread-62] DEBUG tourGuide.service.RewardsService - calculateRewards pour user : internalUser343
16:20:56.296 [pool-2-thread-94] DEBUG tourGuide.service.RewardsService - calculateRewards pour user : internalUser354
16:20:56.296 [pool-2-thread-14] DEBUG tourGuide.service.RewardsService - calculateRewards pour user : internalUser599
16:20:56.296 [pool-2-thread-80] DEBUG tourGuide.service.RewardsService - calculateRewards pour user : internalUser763
16:20:56.296 [pool-2-thread-9] DEBUG tourGuide.service.RewardsService - calculateRewards pour user : internalUser105
16:20:56.297 [pool-2-thread-85] DEBUG tourGuide.service.RewardsService - calculateRewards pour user : internalUser346
16:20:56.298 [pool-2-thread-99] DEBUG tourGuide.service.RewardsService - calculateRewards pour user : internalUser764
16:20:56.298 [pool-2-thread-31] DEBUG tourGuide.service.RewardsService - calculateRewards pour user : internalUser109
16:20:56.298 [pool-2-thread-61] DEBUG tourGuide.service.RewardsService - calculateRewards pour user : internalUser528
16:20:56.299 [pool-2-thread-3] DEBUG tourGuide.service.RewardsService - calculateRewards pour user : internalUser768
16:20:56.302 [pool-2-thread-54] DEBUG tourGuide.service.RewardsService - calculateRewards pour user : internalUser113
16:20:56.302 [pool-2-thread-96] DEBUG tourGuide.service.RewardsService - calculateRewards pour user : internalUser119
16:20:56.303 [pool-2-thread-97] DEBUG tourGuide.service.RewardsService - calculateRewards pour user : internalUser351
16:20:56.304 [pool-2-thread-81] DEBUG tourGuide.service.RewardsService - calculateRewards pour user : internalUser761
16:20:56.304 [pool-2-thread-78] DEBUG tourGuide.service.RewardsService - calculateRewards pour user : internalUser530
16:20:56.305 [pool-2-thread-2] DEBUG tourGuide.service.RewardsService - calculateRewards pour user : internalUser524
16:20:56.306 [pool-2-thread-53] DEBUG tourGuide.service.RewardsService - calculateRewards pour user : internalUser110
16:20:56.307 [pool-2-thread-47] DEBUG tourGuide.service.RewardsService - calculateRewards pour user : internalUser529
16:20:56.308 [pool-2-thread-7] DEBUG tourGuide.service.RewardsService - calculateRewards pour user : internalUser539
16:20:56.308 [pool-2-thread-73] DEBUG tourGuide.service.RewardsService - calculateRewards pour user : internalUser774
16:20:56.308 [pool-2-thread-95] DEBUG tourGuide.service.RewardsService - calculateRewards pour user : internalUser102
16:20:56.309 [pool-2-thread-30] DEBUG tourGuide.service.RewardsService - calculateRewards pour user : internalUser597
16:20:56.309 [pool-2-thread-66] DEBUG tourGuide.service.RewardsService - calculateRewards pour user : internalUser527
16:20:56.309 [pool-2-thread-1] DEBUG tourGuide.service.RewardsService - calculateRewards pour user : internalUser598
16:20:56.310 [pool-2-thread-82] DEBUG tourGuide.service.RewardsService - calculateRewards pour user : internalUser779
16:20:56.312 [pool-2-thread-64] DEBUG tourGuide.service.RewardsService - calculateRewards pour user : internalUser762
16:20:56.313 [pool-2-thread-40] DEBUG tourGuide.service.RewardsService - calculateRewards pour user : internalUser778
16:20:56.313 [pool-2-thread-48] DEBUG tourGuide.service.RewardsService - calculateRewards pour user : internalUser525
16:20:56.313 [pool-2-thread-100] DEBUG tourGuide.service.RewardsService - calculateRewards pour user : internalUser534
16:20:56.314 [pool-2-thread-59] DEBUG tourGuide.service.RewardsService - calculateRewards pour user : internalUser533
16:20:56.314 [pool-2-thread-46] DEBUG tourGuide.service.RewardsService - calculateRewards pour user : internalUser4
16:20:56.314 [pool-2-thread-38] DEBUG tourGuide.service.RewardsService - calculateRewards pour user : internalUser523
16:20:56.315 [pool-2-thread-35] DEBUG tourGuide.service.RewardsService - calculateRewards pour user : internalUser358
16:20:56.315 [pool-2-thread-2] DEBUG tourGuide.service.RewardsService - calculateRewards => ******************* passage nearAttraction : internalUser524
16:20:56.318 [pool-2-thread-52] DEBUG tourGuide.service.RewardsService - calculateRewards pour user : internalUser592
16:20:56.319 [pool-2-thread-22] DEBUG tourGuide.service.RewardsService - calculateRewards pour user : internalUser767
16:20:56.320 [pool-2-thread-57] DEBUG tourGuide.service.RewardsService - calculateRewards pour user : internalUser760
16:20:56.320 [pool-2-thread-28] DEBUG tourGuide.service.RewardsService - calculateRewards pour user : internalUser766
16:20:56.320 [pool-2-thread-65] DEBUG tourGuide.service.RewardsService - calculateRewards pour user : internalUser538
16:20:56.329 [pool-2-thread-37] DEBUG tourGuide.service.RewardsService - calculateRewards pour user : internalUser595
16:20:56.329 [pool-2-thread-79] DEBUG tourGuide.service.RewardsService - calculateRewards pour user : internalUser114
16:20:56.329 [pool-2-thread-15] DEBUG tourGuide.service.RewardsService - calculateRewards pour user : internalUser115
16:20:56.330 [pool-2-thread-98] DEBUG tourGuide.service.RewardsService - calculateRewards pour user : internalUser775
16:20:56.330 [pool-2-thread-21] DEBUG tourGuide.service.RewardsService - calculateRewards pour user : internalUser787
16:20:56.330 [pool-2-thread-68] DEBUG tourGuide.service.RewardsService - calculateRewards pour user : internalUser526
16:20:56.330 [pool-2-thread-75] DEBUG tourGuide.service.RewardsService - calculateRewards pour user : internalUser780
16:20:56.330 [pool-2-thread-24] DEBUG tourGuide.service.RewardsService - calculateRewards pour user : internalUser357
16:20:56.330 [pool-2-thread-26] DEBUG tourGuide.service.RewardsService - calculateRewards pour user : internalUser544
16:20:56.330 [pool-2-thread-23] DEBUG tourGuide.service.RewardsService - calculateRewards pour user : internalUser541
16:20:56.330 [pool-2-thread-32] DEBUG tourGuide.service.RewardsService - calculateRewards pour user : internalUser594
16:20:56.330 [pool-2-thread-25] DEBUG tourGuide.service.RewardsService - calculateRewards pour user : internalUser302
16:20:56.330 [pool-2-thread-5] DEBUG tourGuide.service.RewardsService - calculateRewards pour user : internalUser359
16:20:56.330 [pool-2-thread-87] DEBUG tourGuide.service.RewardsService - calculateRewards pour user : internalUser783
16:20:56.331 [pool-2-thread-63] DEBUG tourGuide.service.RewardsService - calculateRewards pour user : internalUser355
16:20:56.331 [pool-2-thread-89] DEBUG tourGuide.service.RewardsService - calculateRewards pour user : internalUser769
16:20:56.332 [pool-2-thread-11] DEBUG tourGuide.service.RewardsService - calculateRewards pour user : internalUser785
16:20:56.334 [pool-2-thread-18] DEBUG tourGuide.service.RewardsService - calculateRewards pour user : internalUser765
16:20:56.337 [pool-2-thread-6] DEBUG tourGuide.service.RewardsService - calculateRewards pour user : internalUser520
16:20:56.338 [pool-2-thread-27] DEBUG tourGuide.service.RewardsService - calculateRewards pour user : internalUser117
16:20:56.338 [pool-2-thread-41] DEBUG tourGuide.service.RewardsService - calculateRewards pour user : internalUser535
16:20:56.340 [pool-2-thread-92] DEBUG tourGuide.service.RewardsService - calculateRewards pour user : internalUser786
16:20:56.340 [pool-2-thread-60] DEBUG tourGuide.service.RewardsService - calculateRewards pour user : internalUser777
16:20:56.340 [pool-2-thread-12] DEBUG tourGuide.service.RewardsService - calculateRewards pour user : internalUser303
16:20:56.340 [pool-2-thread-34] DEBUG tourGuide.service.RewardsService - calculateRewards pour user : internalUser776
16:20:56.341 [pool-2-thread-49] DEBUG tourGuide.service.RewardsService - calculateRewards pour user : internalUser521
16:20:56.342 [pool-2-thread-13] DEBUG tourGuide.service.RewardsService - calculateRewards pour user : internalUser112
16:20:56.342 [pool-2-thread-58] DEBUG tourGuide.service.RewardsService - calculateRewards pour user : internalUser536
16:20:56.343 [pool-2-thread-71] DEBUG tourGuide.service.RewardsService - calculateRewards pour user : internalUser771
16:20:56.344 [pool-2-thread-29] DEBUG tourGuide.service.RewardsService - calculateRewards pour user : internalUser532
16:20:56.344 [pool-2-thread-42] DEBUG tourGuide.service.RewardsService - calculateRewards pour user : internalUser542
16:20:56.344 [pool-2-thread-88] DEBUG tourGuide.service.RewardsService - calculateRewards pour user : internalUser790
16:20:56.345 [pool-2-thread-56] DEBUG tourGuide.service.RewardsService - calculateRewards pour user : internalUser353
16:20:56.347 [pool-2-thread-50] DEBUG tourGuide.service.RewardsService - calculateRewards pour user : internalUser118
16:20:56.347 [pool-2-thread-4] DEBUG tourGuide.service.RewardsService - calculateRewards pour user : internalUser545
16:20:56.348 [pool-2-thread-74] DEBUG tourGuide.service.RewardsService - calculateRewards pour user : internalUser596
16:20:56.350 [pool-2-thread-10] DEBUG tourGuide.service.RewardsService - calculateRewards pour user : internalUser546
16:20:56.350 [pool-2-thread-84] DEBUG tourGuide.service.RewardsService - calculateRewards pour user : internalUser548
16:20:56.350 [pool-2-thread-3] DEBUG tourGuide.service.RewardsService - calculateRewards pour user : internalUser555
16:20:56.351 [pool-2-thread-61] DEBUG tourGuide.service.RewardsService - calculateRewards pour user : internalUser313
16:20:56.353 [pool-2-thread-17] DEBUG tourGuide.service.RewardsService - calculateRewards pour user : internalUser308
16:20:56.354 [pool-2-thread-16] DEBUG tourGuide.service.RewardsService - calculateRewards pour user : internalUser531
16:20:56.355 [pool-2-thread-55] DEBUG tourGuide.service.RewardsService - calculateRewards pour user : internalUser537
16:20:56.356 [pool-2-thread-44] DEBUG tourGuide.service.RewardsService - calculateRewards pour user : internalUser788
16:20:56.357 [pool-2-thread-78] DEBUG tourGuide.service.RewardsService - calculateRewards pour user : internalUser311
16:20:56.357 [pool-2-thread-14] DEBUG tourGuide.service.RewardsService - calculateRewards pour user : internalUser798
16:20:56.357 [pool-2-thread-95] DEBUG tourGuide.service.RewardsService - calculateRewards pour user : internalUser550
16:20:56.358 [pool-2-thread-9] DEBUG tourGuide.service.RewardsService - calculateRewards pour user : internalUser799
16:20:56.359 [pool-2-thread-20] DEBUG tourGuide.service.RewardsService - calculateRewards pour user : internalUser540
16:20:56.361 [pool-2-thread-36] DEBUG tourGuide.service.RewardsService - calculateRewards pour user : internalUser772
16:20:56.363 [pool-2-thread-48] DEBUG tourGuide.service.RewardsService - calculateRewards pour user : internalUser600
16:20:56.364 [pool-2-thread-99] DEBUG tourGuide.service.RewardsService - calculateRewards pour user : internalUser796
16:20:56.364 [pool-2-thread-70] DEBUG tourGuide.service.RewardsService - calculateRewards pour user : internalUser307
16:20:56.366 [pool-2-thread-67] DEBUG tourGuide.service.RewardsService - calculateRewards pour user : internalUser784
16:20:56.367 [pool-2-thread-83] DEBUG tourGuide.service.RewardsService - calculateRewards pour user : internalUser781
16:20:56.367 [pool-2-thread-65] DEBUG tourGuide.service.RewardsService - calculateRewards pour user : internalUser609
16:20:56.369 [pool-2-thread-30] DEBUG tourGuide.service.RewardsService - calculateRewards pour user : internalUser319
16:20:56.370 [pool-2-thread-86] DEBUG tourGuide.service.RewardsService - calculateRewards pour user : internalUser770
16:20:56.370 [pool-2-thread-76] DEBUG tourGuide.service.RewardsService - calculateRewards pour user : internalUser773
16:20:56.371 [pool-2-thread-8] DEBUG tourGuide.service.RewardsService - calculateRewards pour user : internalUser549
16:20:56.372 [pool-2-thread-7] DEBUG tourGuide.service.RewardsService - calculateRewards pour user : internalUser551
16:20:56.372 [pool-2-thread-62] DEBUG tourGuide.service.RewardsService - calculateRewards pour user : internalUser557
16:20:56.372 [pool-2-thread-24] DEBUG tourGuide.service.RewardsService - calculateRewards pour user : internalUser585
16:20:56.373 [pool-2-thread-31] DEBUG tourGuide.service.RewardsService - calculateRewards pour user : internalUser554
16:20:56.373 [pool-2-thread-43] DEBUG tourGuide.service.RewardsService - calculateRewards pour user : internalUser309
16:20:56.373 [pool-2-thread-69] DEBUG tourGuide.service.RewardsService - calculateRewards pour user : internalUser301
16:20:56.374 [pool-2-thread-77] DEBUG tourGuide.service.RewardsService - calculateRewards pour user : internalUser305
16:20:56.375 [pool-2-thread-54] DEBUG tourGuide.service.RewardsService - calculateRewards pour user : internalUser797
16:20:56.375 [pool-2-thread-15] DEBUG tourGuide.service.RewardsService - calculateRewards pour user : internalUser344
16:20:56.376 [pool-2-thread-47] DEBUG tourGuide.service.RewardsService - calculateRewards pour user : internalUser553
16:20:56.377 [pool-2-thread-93] DEBUG tourGuide.service.RewardsService - calculateRewards pour user : internalUser304
16:20:56.378 [pool-2-thread-53] DEBUG tourGuide.service.RewardsService - calculateRewards pour user : internalUser795
16:20:56.378 [pool-2-thread-100] DEBUG tourGuide.service.RewardsService - calculateRewards pour user : internalUser558
16:20:56.378 [pool-2-thread-21] DEBUG tourGuide.service.RewardsService - calculateRewards pour user : internalUser346
16:20:56.379 [pool-2-thread-45] DEBUG tourGuide.service.RewardsService - calculateRewards pour user : internalUser547
16:20:56.379 [pool-2-thread-85] DEBUG tourGuide.service.RewardsService - calculateRewards pour user : internalUser312
16:20:56.381 [pool-2-thread-79] DEBUG tourGuide.service.RewardsService - calculateRewards pour user : internalUser586
16:20:56.382 [pool-2-thread-94] DEBUG tourGuide.service.RewardsService - calculateRewards pour user : internalUser315
16:20:56.383 [pool-2-thread-33] DEBUG tourGuide.service.RewardsService - calculateRewards pour user : internalUser300
16:20:56.385 [pool-2-thread-91] DEBUG tourGuide.service.RewardsService - calculateRewards pour user : internalUser543
16:20:56.386 [pool-2-thread-72] DEBUG tourGuide.service.RewardsService - calculateRewards pour user : internalUser791
16:20:56.387 [pool-2-thread-32] DEBUG tourGuide.service.RewardsService - calculateRewards pour user : internalUser104
16:20:56.387 [pool-2-thread-37] DEBUG tourGuide.service.RewardsService - calculateRewards pour user : internalUser341
16:20:56.389 [pool-2-thread-39] DEBUG tourGuide.service.RewardsService - calculateRewards pour user : internalUser789
16:20:56.389 [pool-2-thread-26] DEBUG tourGuide.service.RewardsService - calculateRewards pour user : internalUser584
16:20:56.390 [pool-2-thread-80] DEBUG tourGuide.service.RewardsService - calculateRewards pour user : internalUser556
16:20:56.391 [pool-2-thread-2] DEBUG tourGuide.service.RewardsService - calculateRewards pour user : internalUser345
16:20:56.391 [pool-2-thread-64] DEBUG tourGuide.service.RewardsService - calculateRewards pour user : internalUser601
16:20:56.391 [pool-2-thread-60] DEBUG tourGuide.service.RewardsService - calculateRewards pour user : internalUser7
16:20:56.392 [pool-2-thread-81] DEBUG tourGuide.service.RewardsService - calculateRewards pour user : internalUser794
16:20:56.393 [pool-2-thread-51] DEBUG tourGuide.service.RewardsService - calculateRewards pour user : internalUser782
16:20:56.394 [pool-2-thread-88] DEBUG tourGuide.service.RewardsService - calculateRewards pour user : internalUser351
16:20:56.394 [pool-2-thread-59] DEBUG tourGuide.service.RewardsService - calculateRewards pour user : internalUser842
16:20:56.395 [pool-2-thread-71] DEBUG tourGuide.service.RewardsService - calculateRewards pour user : internalUser592
16:20:56.395 [pool-2-thread-18] DEBUG tourGuide.service.RewardsService - calculateRewards pour user : internalUser349
16:20:56.395 [pool-2-thread-50] DEBUG tourGuide.service.RewardsService - calculateRewards pour user : internalUser358
16:20:56.396 [pool-2-thread-28] DEBUG tourGuide.service.RewardsService - calculateRewards pour user : internalUser103
16:20:56.397 [pool-2-thread-19] DEBUG tourGuide.service.RewardsService - calculateRewards pour user : internalUser306
16:20:56.398 [pool-2-thread-35] DEBUG tourGuide.service.RewardsService - calculateRewards pour user : internalUser843
16:20:56.401 [pool-2-thread-34] DEBUG tourGuide.service.RewardsService - calculateRewards pour user : internalUser1
16:20:56.402 [pool-2-thread-98] DEBUG tourGuide.service.RewardsService - calculateRewards pour user : internalUser583
16:20:56.403 [pool-2-thread-89] DEBUG tourGuide.service.RewardsService - calculateRewards pour user : internalUser342
16:20:56.403 [pool-2-thread-84] DEBUG tourGuide.service.RewardsService - calculateRewards pour user : internalUser356
16:20:56.403 [pool-2-thread-96] DEBUG tourGuide.service.RewardsService - calculateRewards pour user : internalUser310
16:20:56.404 [pool-2-thread-41] DEBUG tourGuide.service.RewardsService - calculateRewards pour user : internalUser2
16:20:56.404 [pool-2-thread-58] DEBUG tourGuide.service.RewardsService - calculateRewards pour user : internalUser350
16:20:56.405 [pool-2-thread-55] DEBUG tourGuide.service.RewardsService - calculateRewards pour user : internalUser599
16:20:56.405 [pool-2-thread-90] DEBUG tourGuide.service.RewardsService - calculateRewards pour user : internalUser314
16:20:56.405 [pool-2-thread-9] DEBUG tourGuide.service.RewardsService - calculateRewards pour user : internalUser355
16:20:56.407 [pool-2-thread-56] DEBUG tourGuide.service.RewardsService - calculateRewards pour user : internalUser591
16:20:56.407 [pool-2-thread-12] DEBUG tourGuide.service.RewardsService - calculateRewards pour user : internalUser6
16:20:56.407 [pool-2-thread-10] DEBUG tourGuide.service.RewardsService - calculateRewards pour user : internalUser114
16:20:56.409 [pool-2-thread-46] DEBUG tourGuide.service.RewardsService - calculateRewards pour user : internalUser317
16:20:56.410 [pool-2-thread-75] DEBUG tourGuide.service.RewardsService - calculateRewards pour user : internalUser100
16:20:56.410 [pool-2-thread-66] DEBUG tourGuide.service.RewardsService - calculateRewards pour user : internalUser318
16:20:56.412 [pool-2-thread-82] DEBUG tourGuide.service.RewardsService - calculateRewards pour user : internalUser316
16:20:56.412 [pool-2-thread-25] DEBUG tourGuide.service.RewardsService - calculateRewards pour user : internalUser343
16:20:56.412 [pool-2-thread-57] DEBUG tourGuide.service.RewardsService - calculateRewards pour user : internalUser606
16:20:56.414 [pool-2-thread-97] DEBUG tourGuide.service.RewardsService - calculateRewards pour user : internalUser552
16:20:56.414 [pool-2-thread-63] DEBUG tourGuide.service.RewardsService - calculateRewards pour user : internalUser109
16:20:56.416 [pool-2-thread-30] DEBUG tourGuide.service.RewardsService - calculateRewards pour user : internalUser119
16:20:56.418 [pool-2-thread-24] DEBUG tourGuide.service.RewardsService - calculateRewards pour user : internalUser763
16:20:56.419 [pool-2-thread-73] DEBUG tourGuide.service.RewardsService - calculateRewards pour user : internalUser792
16:20:56.420 [pool-2-thread-1] DEBUG tourGuide.service.RewardsService - calculateRewards pour user : internalUser793
16:20:56.421 [pool-2-thread-95] DEBUG tourGuide.service.RewardsService - calculateRewards pour user : internalUser354
16:20:56.421 [pool-2-thread-67] DEBUG tourGuide.service.RewardsService - calculateRewards pour user : internalUser353
16:20:56.422 [pool-2-thread-38] DEBUG tourGuide.service.RewardsService - calculateRewards pour user : internalUser559
16:20:56.423 [pool-2-thread-22] DEBUG tourGuide.service.RewardsService - calculateRewards pour user : internalUser608
16:20:56.423 [pool-2-thread-44] DEBUG tourGuide.service.RewardsService - calculateRewards pour user : internalUser112
16:20:56.423 [pool-2-thread-68] DEBUG tourGuide.service.RewardsService - calculateRewards pour user : internalUser587
16:20:56.424 [pool-2-thread-3] DEBUG tourGuide.service.RewardsService - calculateRewards pour user : internalUser359
16:20:56.425 [pool-2-thread-27] DEBUG tourGuide.service.RewardsService - calculateRewards pour user : internalUser3
16:20:56.425 [pool-2-thread-53] DEBUG tourGuide.service.RewardsService - calculateRewards pour user : internalUser769
16:20:56.426 [pool-2-thread-49] DEBUG tourGuide.service.RewardsService - calculateRewards pour user : internalUser5
16:20:56.426 [pool-2-thread-86] DEBUG tourGuide.service.RewardsService - calculateRewards pour user : internalUser765
16:20:56.427 [pool-2-thread-52] DEBUG tourGuide.service.RewardsService - calculateRewards pour user : internalUser841
16:20:56.428 [pool-2-thread-16] DEBUG tourGuide.service.RewardsService - calculateRewards pour user : internalUser357
16:20:56.429 [pool-2-thread-13] DEBUG tourGuide.service.RewardsService - calculateRewards pour user : internalUser4
16:20:56.429 [pool-2-thread-40] DEBUG tourGuide.service.RewardsService - calculateRewards pour user : internalUser840
16:20:56.430 [pool-2-thread-32] DEBUG tourGuide.service.RewardsService - calculateRewards pour user : internalUser767
16:20:56.431 [pool-2-thread-7] DEBUG tourGuide.service.RewardsService - calculateRewards pour user : internalUser766
16:20:56.431 [pool-2-thread-6] DEBUG tourGuide.service.RewardsService - calculateRewards pour user : internalUser108
16:20:56.432 [pool-2-thread-4] DEBUG tourGuide.service.RewardsService - calculateRewards pour user : internalUser116
16:20:56.433 [pool-2-thread-87] DEBUG tourGuide.service.RewardsService - calculateRewards pour user : internalUser588
16:20:56.434 [pool-2-thread-62] DEBUG tourGuide.service.RewardsService - calculateRewards pour user : internalUser521
16:20:56.435 [pool-2-thread-23] DEBUG tourGuide.service.RewardsService - calculateRewards pour user : internalUser102
16:20:56.437 [pool-2-thread-61] DEBUG tourGuide.service.RewardsService - calculateRewards pour user : internalUser598
16:20:56.438 [pool-2-thread-31] DEBUG tourGuide.service.RewardsService - calculateRewards pour user : internalUser761
16:20:56.440 [pool-2-thread-11] DEBUG tourGuide.service.RewardsService - calculateRewards pour user : internalUser107
16:20:56.441 [pool-2-thread-5] DEBUG tourGuide.service.RewardsService - calculateRewards pour user : internalUser101
16:20:56.442 [pool-2-thread-88] DEBUG tourGuide.service.RewardsService - calculateRewards pour user : internalUser777
16:20:56.443 [pool-2-thread-28] DEBUG tourGuide.service.RewardsService - calculateRewards pour user : internalUser775
16:20:56.444 [pool-2-thread-79] DEBUG tourGuide.service.RewardsService - calculateRewards pour user : internalUser846
16:20:56.446 [pool-2-thread-42] DEBUG tourGuide.service.RewardsService - calculateRewards pour user : internalUser593
16:20:56.446 [pool-2-thread-20] DEBUG tourGuide.service.RewardsService - calculateRewards pour user : internalUser597
16:20:56.446 [pool-2-thread-54] DEBUG tourGuide.service.RewardsService - calculateRewards pour user : internalUser762
16:20:56.447 [pool-2-thread-69] DEBUG tourGuide.service.RewardsService - calculateRewards pour user : internalUser522
16:20:56.447 [pool-2-thread-59] DEBUG tourGuide.service.RewardsService - calculateRewards pour user : internalUser535
16:20:56.448 [pool-2-thread-92] DEBUG tourGuide.service.RewardsService - calculateRewards pour user : internalUser0
16:20:56.448 [pool-2-thread-89] DEBUG tourGuide.service.RewardsService - calculateRewards pour user : internalUser538
16:20:56.449 [pool-2-thread-72] DEBUG tourGuide.service.RewardsService - calculateRewards pour user : internalUser847
16:20:56.450 [pool-2-thread-8] DEBUG tourGuide.service.RewardsService - calculateRewards pour user : internalUser524
16:20:56.450 [pool-2-thread-9] DEBUG tourGuide.service.RewardsService - calculateRewards pour user : internalUser779
16:20:56.450 [pool-2-thread-70] DEBUG tourGuide.service.RewardsService - calculateRewards pour user : internalUser111
16:20:56.451 [pool-2-thread-74] DEBUG tourGuide.service.RewardsService - calculateRewards pour user : internalUser117
16:20:56.454 [pool-2-thread-29] DEBUG tourGuide.service.RewardsService - calculateRewards pour user : internalUser590
16:20:56.454 [pool-2-thread-47] DEBUG tourGuide.service.RewardsService - calculateRewards pour user : internalUser607
16:20:56.454 [pool-2-thread-56] DEBUG tourGuide.service.RewardsService - calculateRewards pour user : internalUser545
16:20:56.455 [pool-2-thread-48] DEBUG tourGuide.service.RewardsService - calculateRewards pour user : internalUser352
16:20:56.455 [pool-2-thread-51] DEBUG tourGuide.service.RewardsService - calculateRewards pour user : internalUser776
16:20:56.456 [pool-2-thread-17] DEBUG tourGuide.service.RewardsService - calculateRewards pour user : internalUser115
16:20:56.459 [pool-2-thread-78] DEBUG tourGuide.service.RewardsService - calculateRewards pour user : internalUser113
16:20:56.459 [pool-2-thread-99] DEBUG tourGuide.service.RewardsService - calculateRewards pour user : internalUser594
16:20:56.460 [pool-2-thread-14] DEBUG tourGuide.service.RewardsService - calculateRewards pour user : internalUser596
16:20:56.461 [pool-2-thread-39] DEBUG tourGuide.service.RewardsService - calculateRewards pour user : internalUser602
16:20:56.462 [pool-2-thread-96] DEBUG tourGuide.service.RewardsService - calculateRewards pour user : internalUser770
16:20:56.464 [pool-2-thread-35] DEBUG tourGuide.service.RewardsService - calculateRewards pour user : internalUser772
16:20:56.464 [pool-2-thread-38] DEBUG tourGuide.service.RewardsService - calculateRewards pour user : internalUser542
16:20:56.465 [pool-2-thread-25] DEBUG tourGuide.service.RewardsService - calculateRewards pour user : internalUser543
16:20:56.465 [pool-2-thread-44] DEBUG tourGuide.service.RewardsService - calculateRewards pour user : internalUser612
16:20:56.467 [pool-2-thread-83] DEBUG tourGuide.service.RewardsService - calculateRewards pour user : internalUser595
16:20:56.468 [pool-2-thread-41] DEBUG tourGuide.service.RewardsService - calculateRewards pour user : internalUser539
16:20:56.468 [pool-2-thread-75] DEBUG tourGuide.service.RewardsService - calculateRewards pour user : internalUser546
16:20:56.469 [pool-2-thread-85] DEBUG tourGuide.service.RewardsService - calculateRewards pour user : internalUser604
16:20:56.469 [pool-2-thread-36] DEBUG tourGuide.service.RewardsService - calculateRewards pour user : internalUser110
16:20:56.469 [pool-2-thread-64] DEBUG tourGuide.service.RewardsService - calculateRewards pour user : internalUser844
16:20:56.470 [pool-2-thread-60] DEBUG tourGuide.service.RewardsService - calculateRewards pour user : internalUser845
16:20:56.470 [pool-2-thread-77] DEBUG tourGuide.service.RewardsService - calculateRewards pour user : internalUser520
16:20:56.471 [pool-2-thread-84] DEBUG tourGuide.service.RewardsService - calculateRewards pour user : internalUser771
16:20:56.472 [pool-2-thread-65] DEBUG tourGuide.service.RewardsService - calculateRewards pour user : internalUser118
16:20:56.472 [pool-2-thread-52] DEBUG tourGuide.service.RewardsService - calculateRewards pour user : internalUser307
16:20:56.473 [pool-2-thread-27] DEBUG tourGuide.service.RewardsService - calculateRewards pour user : internalUser540
16:20:56.473 [pool-2-thread-50] DEBUG tourGuide.service.RewardsService - calculateRewards pour user : internalUser533
16:20:56.474 [pool-2-thread-53] DEBUG tourGuide.service.RewardsService - calculateRewards pour user : internalUser781
16:20:56.475 [pool-2-thread-76] DEBUG tourGuide.service.RewardsService - calculateRewards pour user : internalUser523
16:20:56.475 [pool-2-thread-93] DEBUG tourGuide.service.RewardsService - calculateRewards pour user : internalUser760
16:20:56.476 [pool-2-thread-43] DEBUG tourGuide.service.RewardsService - calculateRewards pour user : internalUser764
16:20:56.477 [pool-2-thread-45] DEBUG tourGuide.service.RewardsService - calculateRewards pour user : internalUser849
16:20:56.478 [pool-2-thread-21] DEBUG tourGuide.service.RewardsService - calculateRewards pour user : internalUser527
16:20:56.478 [pool-2-thread-15] DEBUG tourGuide.service.RewardsService - calculateRewards pour user : internalUser848
16:20:56.479 [pool-2-thread-37] DEBUG tourGuide.service.RewardsService - calculateRewards pour user : internalUser526
16:20:56.480 [pool-2-thread-100] DEBUG tourGuide.service.RewardsService - calculateRewards pour user : internalUser529
16:20:56.481 [pool-2-thread-73] DEBUG tourGuide.service.RewardsService - calculateRewards pour user : internalUser541
16:20:56.481 [pool-2-thread-91] DEBUG tourGuide.service.RewardsService - calculateRewards pour user : internalUser525
16:20:56.481 [pool-2-thread-68] DEBUG tourGuide.service.RewardsService - calculateRewards pour user : internalUser851
16:20:56.482 [pool-2-thread-80] DEBUG tourGuide.service.RewardsService - calculateRewards pour user : internalUser534
16:20:56.483 [pool-2-thread-33] DEBUG tourGuide.service.RewardsService - calculateRewards pour user : internalUser528
16:20:56.484 [pool-2-thread-94] DEBUG tourGuide.service.RewardsService - calculateRewards pour user : internalUser605
16:20:56.484 [pool-2-thread-66] DEBUG tourGuide.service.RewardsService - calculateRewards pour user : internalUser304
16:20:56.485 [pool-2-thread-97] DEBUG tourGuide.service.RewardsService - calculateRewards pour user : internalUser785
16:20:56.486 [pool-2-thread-95] DEBUG tourGuide.service.RewardsService - calculateRewards pour user : internalUser853
16:20:56.487 [pool-2-thread-26] DEBUG tourGuide.service.RewardsService - calculateRewards pour user : internalUser768
16:20:56.488 [pool-2-thread-82] DEBUG tourGuide.service.RewardsService - calculateRewards pour user : internalUser301
16:20:56.489 [pool-2-thread-18] DEBUG tourGuide.service.RewardsService - calculateRewards pour user : internalUser774
16:20:56.489 [pool-2-thread-4] DEBUG tourGuide.service.RewardsService - calculateRewards pour user : internalUser548
16:20:56.496 [pool-2-thread-13] DEBUG tourGuide.service.RewardsService - calculateRewards pour user : internalUser305
16:20:56.496 [pool-2-thread-81] DEBUG tourGuide.service.RewardsService - calculateRewards pour user : internalUser611
16:20:56.496 [pool-2-thread-55] DEBUG tourGuide.service.RewardsService - calculateRewards pour user : internalUser537
16:20:56.496 [pool-2-thread-98] DEBUG tourGuide.service.RewardsService - calculateRewards pour user : internalUser773
16:20:56.496 [pool-2-thread-34] DEBUG tourGuide.service.RewardsService - calculateRewards pour user : internalUser531
16:20:56.498 [pool-2-thread-2] DEBUG tourGuide.service.RewardsService - calculateRewards pour user : internalUser603
16:20:56.499 [pool-2-thread-86] DEBUG tourGuide.service.RewardsService - calculateRewards pour user : internalUser309
16:20:56.500 [pool-2-thread-10] DEBUG tourGuide.service.RewardsService - calculateRewards pour user : internalUser780
16:20:56.501 [pool-2-thread-63] DEBUG tourGuide.service.RewardsService - calculateRewards pour user : internalUser302
16:20:56.502 [pool-2-thread-46] DEBUG tourGuide.service.RewardsService - calculateRewards pour user : internalUser787
16:20:56.503 [pool-2-thread-87] DEBUG tourGuide.service.RewardsService - calculateRewards pour user : internalUser790
16:20:56.503 [pool-2-thread-71] DEBUG tourGuide.service.RewardsService - calculateRewards pour user : internalUser532
16:20:56.504 [pool-2-thread-90] DEBUG tourGuide.service.RewardsService - calculateRewards pour user : internalUser778
16:20:56.505 [pool-2-thread-67] DEBUG tourGuide.service.RewardsService - calculateRewards pour user : internalUser300
16:20:56.506 [pool-2-thread-7] DEBUG tourGuide.service.RewardsService - calculateRewards pour user : internalUser306
16:20:56.507 [pool-2-thread-19] DEBUG tourGuide.service.RewardsService - calculateRewards pour user : internalUser530
16:20:56.507 [pool-2-thread-58] DEBUG tourGuide.service.RewardsService - calculateRewards pour user : internalUser536
16:20:56.511 [pool-2-thread-11] DEBUG tourGuide.service.RewardsService - calculateRewards pour user : internalUser852
16:20:56.513 [pool-2-thread-28] DEBUG tourGuide.service.RewardsService - calculateRewards pour user : internalUser557
16:20:56.514 [pool-2-thread-12] DEBUG tourGuide.service.RewardsService - calculateRewards pour user : internalUser303
16:20:56.514 [pool-2-thread-1] DEBUG tourGuide.service.RewardsService - calculateRewards pour user : internalUser783
16:20:56.518 [pool-2-thread-30] DEBUG tourGuide.service.RewardsService - calculateRewards pour user : internalUser544
16:20:56.519 [pool-2-thread-42] DEBUG tourGuide.service.RewardsService - calculateRewards pour user : internalUser312
16:20:56.521 [pool-2-thread-3] DEBUG tourGuide.service.RewardsService - calculateRewards pour user : internalUser784
16:20:56.522 [pool-2-thread-24] DEBUG tourGuide.service.RewardsService - calculateRewards pour user : internalUser786
16:20:56.522 [pool-2-thread-16] DEBUG tourGuide.service.RewardsService - calculateRewards pour user : internalUser549
16:20:56.523 [pool-2-thread-57] DEBUG tourGuide.service.RewardsService - calculateRewards pour user : internalUser788
16:20:56.527 [pool-2-thread-6] DEBUG tourGuide.service.RewardsService - calculateRewards pour user : internalUser789
16:20:56.527 [pool-2-thread-32] DEBUG tourGuide.service.RewardsService - calculateRewards pour user : internalUser547
16:20:56.528 [pool-2-thread-49] DEBUG tourGuide.service.RewardsService - calculateRewards pour user : internalUser782
16:20:56.533 [pool-2-thread-22] DEBUG tourGuide.service.RewardsService - calculateRewards pour user : internalUser854
16:20:56.535 [pool-2-thread-61] DEBUG tourGuide.service.RewardsService - calculateRewards pour user : internalUser610
16:20:56.538 [pool-2-thread-88] DEBUG tourGuide.service.RewardsService - calculateRewards pour user : internalUser315
16:20:56.543 [pool-2-thread-8] DEBUG tourGuide.service.RewardsService - calculateRewards pour user : internalUser794
16:20:56.544 [pool-2-thread-23] DEBUG tourGuide.service.RewardsService - calculateRewards pour user : internalUser314
16:20:56.544 [pool-2-thread-40] DEBUG tourGuide.service.RewardsService - calculateRewards pour user : internalUser308
16:20:56.545 [pool-2-thread-62] DEBUG tourGuide.service.RewardsService - calculateRewards pour user : internalUser791
16:20:56.550 [pool-2-thread-54] DEBUG tourGuide.service.RewardsService - calculateRewards pour user : internalUser796
16:20:56.551 [pool-2-thread-92] DEBUG tourGuide.service.RewardsService - calculateRewards pour user : internalUser797
16:20:56.553 [pool-2-thread-20] DEBUG tourGuide.service.RewardsService - calculateRewards pour user : internalUser554
16:20:56.557 [pool-2-thread-74] DEBUG tourGuide.service.RewardsService - calculateRewards pour user : internalUser795
16:20:56.558 [pool-2-thread-79] DEBUG tourGuide.service.RewardsService - calculateRewards pour user : internalUser799
16:20:56.558 [pool-2-thread-59] DEBUG tourGuide.service.RewardsService - calculateRewards pour user : internalUser555
16:20:56.560 [pool-2-thread-31] DEBUG tourGuide.service.RewardsService - calculateRewards pour user : internalUser556
16:20:56.561 [pool-2-thread-5] DEBUG tourGuide.service.RewardsService - calculateRewards pour user : internalUser798
16:20:56.570 [pool-2-thread-89] DEBUG tourGuide.service.RewardsService - calculateRewards pour user : internalUser310
16:20:56.571 [pool-2-thread-17] DEBUG tourGuide.service.RewardsService - calculateRewards pour user : internalUser319
16:20:56.573 [pool-2-thread-69] DEBUG tourGuide.service.RewardsService - calculateRewards pour user : internalUser313
16:20:56.576 [pool-2-thread-51] DEBUG tourGuide.service.RewardsService - calculateRewards pour user : internalUser318
16:20:56.577 [pool-2-thread-29] DEBUG tourGuide.service.RewardsService - calculateRewards pour user : internalUser550
16:20:56.582 [pool-2-thread-14] DEBUG tourGuide.service.RewardsService - calculateRewards pour user : internalUser601
16:20:56.586 [pool-2-thread-35] DEBUG tourGuide.service.RewardsService - calculateRewards pour user : internalUser317
16:20:56.586 [pool-2-thread-48] DEBUG tourGuide.service.RewardsService - calculateRewards pour user : internalUser793
16:20:56.588 [pool-2-thread-72] DEBUG tourGuide.service.RewardsService - calculateRewards pour user : internalUser552
16:20:56.595 [pool-2-thread-9] DEBUG tourGuide.service.RewardsService - calculateRewards pour user : internalUser311
16:20:56.605 [pool-2-thread-70] DEBUG tourGuide.service.RewardsService - calculateRewards pour user : internalUser553
16:20:56.606 [pool-2-thread-78] DEBUG tourGuide.service.RewardsService - calculateRewards pour user : internalUser316
16:20:56.607 [pool-2-thread-84] DEBUG tourGuide.service.RewardsService - calculateRewards pour user : internalUser846
16:20:56.609 [pool-2-thread-44] DEBUG tourGuide.service.RewardsService - calculateRewards pour user : internalUser840
16:20:56.609 [pool-2-thread-56] DEBUG tourGuide.service.RewardsService - calculateRewards pour user : internalUser551
16:20:56.615 [pool-2-thread-38] DEBUG tourGuide.service.RewardsService - calculateRewards pour user : internalUser559
16:20:56.619 [pool-2-thread-60] DEBUG tourGuide.service.RewardsService - calculateRewards pour user : internalUser849
16:20:56.620 [pool-2-thread-50] DEBUG tourGuide.service.RewardsService - calculateRewards pour user : internalUser844
16:20:56.620 [pool-2-thread-77] DEBUG tourGuide.service.RewardsService - calculateRewards pour user : internalUser604
16:20:56.624 [pool-2-thread-47] DEBUG tourGuide.service.RewardsService - calculateRewards pour user : internalUser792
16:20:56.626 [pool-2-thread-99] DEBUG tourGuide.service.RewardsService - calculateRewards pour user : internalUser558
16:20:56.626 [pool-2-thread-36] DEBUG tourGuide.service.RewardsService - calculateRewards pour user : internalUser848
16:20:56.631 [pool-2-thread-76] DEBUG tourGuide.service.RewardsService - calculateRewards pour user : internalUser845
16:20:56.633 [pool-2-thread-52] DEBUG tourGuide.service.RewardsService - calculateRewards pour user : internalUser847
16:20:56.637 [pool-2-thread-25] DEBUG tourGuide.service.RewardsService - calculateRewards pour user : internalUser843
16:20:56.639 [pool-2-thread-96] DEBUG tourGuide.service.RewardsService - calculateRewards pour user : internalUser842
16:20:56.639 [pool-2-thread-39] DEBUG tourGuide.service.RewardsService - calculateRewards pour user : internalUser600
16:20:56.640 [pool-2-thread-27] DEBUG tourGuide.service.RewardsService - calculateRewards pour user : internalUser602
16:20:56.641 [pool-2-thread-65] DEBUG tourGuide.service.RewardsService - calculateRewards pour user : internalUser605
16:20:56.642 [pool-2-thread-75] DEBUG tourGuide.service.RewardsService - calculateRewards pour user : internalUser609
16:20:56.643 [pool-2-thread-100] DEBUG tourGuide.service.RewardsService - calculateRewards pour user : internalUser852
16:20:56.644 [pool-2-thread-43] DEBUG tourGuide.service.RewardsService - calculateRewards pour user : internalUser853
16:20:56.644 [pool-2-thread-21] DEBUG tourGuide.service.RewardsService - calculateRewards pour user : internalUser854
16:20:56.645 [pool-2-thread-91] DEBUG tourGuide.service.RewardsService - calculateRewards pour user : internalUser619
16:20:56.648 [pool-2-thread-64] DEBUG tourGuide.service.RewardsService - calculateRewards pour user : internalUser607
16:20:56.648 [pool-2-thread-41] DEBUG tourGuide.service.RewardsService - calculateRewards pour user : internalUser608
16:20:56.650 [pool-2-thread-83] DEBUG tourGuide.service.RewardsService - calculateRewards pour user : internalUser606
16:20:56.659 [pool-2-thread-97] DEBUG tourGuide.service.RewardsService - calculateRewards pour user : internalUser616
16:20:56.660 [pool-2-thread-80] DEBUG tourGuide.service.RewardsService - calculateRewards pour user : internalUser859
16:20:56.663 [pool-2-thread-93] DEBUG tourGuide.service.RewardsService - calculateRewards pour user : internalUser611
16:20:56.665 [pool-2-thread-85] DEBUG tourGuide.service.RewardsService - calculateRewards pour user : internalUser841
16:20:56.666 [pool-2-thread-33] DEBUG tourGuide.service.RewardsService - calculateRewards pour user : internalUser618
16:20:56.667 [pool-2-thread-66] DEBUG tourGuide.service.RewardsService - calculateRewards pour user : internalUser857
16:20:56.670 [pool-2-thread-4] DEBUG tourGuide.service.RewardsService - calculateRewards pour user : internalUser856
16:20:56.672 [pool-2-thread-26] DEBUG tourGuide.service.RewardsService - calculateRewards pour user : internalUser613
16:20:56.675 [pool-2-thread-18] DEBUG tourGuide.service.RewardsService - calculateRewards pour user : internalUser614
16:20:56.678 [pool-2-thread-55] DEBUG tourGuide.service.RewardsService - calculateRewards pour user : internalUser623
16:20:56.678 [pool-2-thread-53] DEBUG tourGuide.service.RewardsService - calculateRewards pour user : internalUser603
16:20:56.679 [pool-2-thread-94] DEBUG tourGuide.service.RewardsService - calculateRewards pour user : internalUser615
16:20:56.685 [pool-2-thread-46] DEBUG tourGuide.service.RewardsService - calculateRewards pour user : internalUser19
16:20:56.686 [pool-2-thread-28] DEBUG tourGuide.service.RewardsService - calculateRewards pour user : internalUser626
16:20:56.686 [pool-2-thread-7] DEBUG tourGuide.service.RewardsService - calculateRewards pour user : internalUser628
16:20:56.688 [pool-2-thread-45] DEBUG tourGuide.service.RewardsService - calculateRewards pour user : internalUser612
16:20:56.688 [pool-2-thread-37] DEBUG tourGuide.service.RewardsService - calculateRewards pour user : internalUser610
16:20:56.690 [pool-2-thread-68] DEBUG tourGuide.service.RewardsService - calculateRewards pour user : internalUser617
16:20:56.690 [pool-2-thread-87] DEBUG tourGuide.service.RewardsService - calculateRewards pour user : internalUser861
16:20:56.691 [pool-2-thread-95] DEBUG tourGuide.service.RewardsService - calculateRewards pour user : internalUser858
16:20:56.692 [pool-2-thread-86] DEBUG tourGuide.service.RewardsService - calculateRewards pour user : internalUser621
16:20:56.694 [pool-2-thread-98] DEBUG tourGuide.service.RewardsService - calculateRewards pour user : internalUser865
16:20:56.695 [pool-2-thread-19] DEBUG tourGuide.service.RewardsService - calculateRewards pour user : internalUser17
16:20:56.695 [pool-2-thread-15] DEBUG tourGuide.service.RewardsService - calculateRewards pour user : internalUser851
16:20:56.700 [pool-2-thread-73] DEBUG tourGuide.service.RewardsService - calculateRewards pour user : internalUser850
16:20:56.702 [pool-2-thread-82] DEBUG tourGuide.service.RewardsService - calculateRewards pour user : internalUser855
16:20:56.708 [pool-2-thread-61] DEBUG tourGuide.service.RewardsService - calculateRewards pour user : internalUser875
16:20:56.708 [pool-2-thread-3] DEBUG tourGuide.service.RewardsService - calculateRewards pour user : internalUser14
16:20:56.710 [pool-2-thread-24] DEBUG tourGuide.service.RewardsService - calculateRewards pour user : internalUser866
16:20:56.711 [pool-2-thread-10] DEBUG tourGuide.service.RewardsService - calculateRewards pour user : internalUser863
16:20:56.713 [pool-2-thread-2] DEBUG tourGuide.service.RewardsService - calculateRewards pour user : internalUser862
16:20:56.717 [pool-2-thread-16] DEBUG tourGuide.service.RewardsService - calculateRewards pour user : internalUser624
16:20:56.718 [pool-2-thread-8] DEBUG tourGuide.service.RewardsService - calculateRewards pour user : internalUser876
16:20:56.720 [pool-2-thread-81] DEBUG tourGuide.service.RewardsService - calculateRewards pour user : internalUser864
16:20:56.723 [pool-2-thread-34] DEBUG tourGuide.service.RewardsService - calculateRewards pour user : internalUser620
16:20:56.724 [pool-2-thread-13] DEBUG tourGuide.service.RewardsService - calculateRewards pour user : internalUser622
16:20:56.725 [pool-2-thread-58] DEBUG tourGuide.service.RewardsService - calculateRewards pour user : internalUser629
16:20:56.728 [pool-2-thread-63] DEBUG tourGuide.service.RewardsService - calculateRewards pour user : internalUser860
16:20:56.729 [pool-2-thread-67] DEBUG tourGuide.service.RewardsService - calculateRewards pour user : internalUser18
16:20:56.733 [pool-2-thread-22] DEBUG tourGuide.service.RewardsService - calculateRewards pour user : internalUser633
16:20:56.733 [pool-2-thread-11] DEBUG tourGuide.service.RewardsService - calculateRewards pour user : internalUser12
16:20:56.733 [pool-2-thread-42] DEBUG tourGuide.service.RewardsService - calculateRewards pour user : internalUser869
16:20:56.733 [pool-2-thread-5] DEBUG tourGuide.service.RewardsService - calculateRewards pour user : internalUser29
16:20:56.735 [pool-2-thread-90] DEBUG tourGuide.service.RewardsService - calculateRewards pour user : internalUser15
16:20:56.737 [pool-2-thread-92] DEBUG tourGuide.service.RewardsService - calculateRewards pour user : internalUser871
16:20:56.738 [pool-2-thread-54] DEBUG tourGuide.service.RewardsService - calculateRewards pour user : internalUser874
16:20:56.742 [pool-2-thread-71] DEBUG tourGuide.service.RewardsService - calculateRewards pour user : internalUser16
16:20:56.744 [pool-2-thread-69] DEBUG tourGuide.service.RewardsService - calculateRewards pour user : internalUser23
16:20:56.747 [pool-2-thread-1] DEBUG tourGuide.service.RewardsService - calculateRewards pour user : internalUser11
16:20:56.748 [pool-2-thread-62] DEBUG tourGuide.service.RewardsService - calculateRewards pour user : internalUser632
16:20:56.750 [pool-2-thread-29] DEBUG tourGuide.service.RewardsService - calculateRewards pour user : internalUser879
16:20:56.751 [pool-2-thread-40] DEBUG tourGuide.service.RewardsService - calculateRewards pour user : internalUser873
16:20:56.753 [pool-2-thread-12] DEBUG tourGuide.service.RewardsService - calculateRewards pour user : internalUser868
16:20:56.753 [pool-2-thread-49] DEBUG tourGuide.service.RewardsService - calculateRewards pour user : internalUser10
16:20:56.754 [pool-2-thread-30] DEBUG tourGuide.service.RewardsService - calculateRewards pour user : internalUser627
16:20:56.755 [pool-2-thread-57] DEBUG tourGuide.service.RewardsService - calculateRewards pour user : internalUser13
16:20:56.755 [pool-2-thread-6] DEBUG tourGuide.service.RewardsService - calculateRewards pour user : internalUser867
16:20:56.760 [pool-2-thread-79] DEBUG tourGuide.service.RewardsService - calculateRewards pour user : internalUser870
16:20:56.762 [pool-2-thread-32] DEBUG tourGuide.service.RewardsService - calculateRewards pour user : internalUser625
16:20:56.766 [pool-2-thread-20] DEBUG tourGuide.service.RewardsService - calculateRewards pour user : internalUser630
16:20:56.770 [pool-2-thread-70] DEBUG tourGuide.service.RewardsService - calculateRewards pour user : internalUser24
16:20:56.771 [pool-2-thread-23] DEBUG tourGuide.service.RewardsService - calculateRewards pour user : internalUser631
16:20:56.774 [pool-2-thread-88] DEBUG tourGuide.service.RewardsService - calculateRewards pour user : internalUser634
16:20:56.779 [pool-2-thread-59] DEBUG tourGuide.service.RewardsService - calculateRewards pour user : internalUser27
16:20:56.783 [pool-2-thread-74] DEBUG tourGuide.service.RewardsService - calculateRewards pour user : internalUser872
16:20:56.785 [pool-2-thread-44] DEBUG tourGuide.service.RewardsService - calculateRewards pour user : internalUser21
16:20:56.796 [pool-2-thread-39] DEBUG tourGuide.service.RewardsService - calculateRewards pour user : internalUser36
16:20:56.797 [pool-2-thread-17] DEBUG tourGuide.service.RewardsService - calculateRewards pour user : internalUser28
16:20:56.797 [pool-2-thread-31] DEBUG tourGuide.service.RewardsService - calculateRewards pour user : internalUser26
16:20:56.797 [pool-2-thread-50] DEBUG tourGuide.service.RewardsService - calculateRewards pour user : internalUser37
16:20:56.798 [pool-2-thread-14] DEBUG tourGuide.service.RewardsService - calculateRewards pour user : internalUser22
16:20:56.798 [pool-2-thread-9] DEBUG tourGuide.service.RewardsService - calculateRewards pour user : internalUser877
16:20:56.799 [pool-2-thread-96] DEBUG tourGuide.service.RewardsService - calculateRewards pour user : internalUser803
16:20:56.800 [pool-2-thread-56] DEBUG tourGuide.service.RewardsService - calculateRewards pour user : internalUser20
16:20:56.804 [pool-2-thread-35] DEBUG tourGuide.service.RewardsService - calculateRewards pour user : internalUser638
16:20:56.804 [pool-2-thread-76] DEBUG tourGuide.service.RewardsService - calculateRewards pour user : internalUser34
16:20:56.806 [pool-2-thread-51] DEBUG tourGuide.service.RewardsService - calculateRewards pour user : internalUser637
16:20:56.806 [pool-2-thread-25] DEBUG tourGuide.service.RewardsService - calculateRewards pour user : internalUser33
16:20:56.807 [pool-2-thread-89] DEBUG tourGuide.service.RewardsService - calculateRewards pour user : internalUser639
16:20:56.807 [pool-2-thread-84] DEBUG tourGuide.service.RewardsService - calculateRewards pour user : internalUser878
16:20:56.811 [pool-2-thread-38] DEBUG tourGuide.service.RewardsService - calculateRewards pour user : internalUser38
16:20:56.814 [pool-2-thread-48] DEBUG tourGuide.service.RewardsService - calculateRewards pour user : internalUser25
16:20:56.816 [pool-2-thread-72] DEBUG tourGuide.service.RewardsService - calculateRewards pour user : internalUser635
16:20:56.819 [pool-2-thread-97] DEBUG tourGuide.service.RewardsService - calculateRewards pour user : internalUser817
16:20:56.820 [pool-2-thread-41] DEBUG tourGuide.service.RewardsService - calculateRewards pour user : internalUser810
16:20:56.823 [pool-2-thread-60] DEBUG tourGuide.service.RewardsService - calculateRewards pour user : internalUser806
16:20:56.824 [pool-2-thread-36] DEBUG tourGuide.service.RewardsService - calculateRewards pour user : internalUser805
16:20:56.826 [pool-2-thread-99] DEBUG tourGuide.service.RewardsService - calculateRewards pour user : internalUser39
16:20:56.827 [pool-2-thread-78] DEBUG tourGuide.service.RewardsService - calculateRewards pour user : internalUser636
16:20:56.829 [pool-2-thread-52] DEBUG tourGuide.service.RewardsService - calculateRewards pour user : internalUser802
16:20:56.831 [pool-2-thread-85] DEBUG tourGuide.service.RewardsService - calculateRewards pour user : internalUser815
16:20:56.834 [pool-2-thread-83] DEBUG tourGuide.service.RewardsService - calculateRewards pour user : internalUser49
16:20:56.835 [pool-2-thread-66] DEBUG tourGuide.service.RewardsService - calculateRewards pour user : internalUser45
16:20:56.837 [pool-2-thread-75] DEBUG tourGuide.service.RewardsService - calculateRewards pour user : internalUser801
16:20:56.839 [pool-2-thread-4] DEBUG tourGuide.service.RewardsService - calculateRewards pour user : internalUser813
16:20:56.841 [pool-2-thread-77] DEBUG tourGuide.service.RewardsService - calculateRewards pour user : internalUser807
16:20:56.842 [pool-2-thread-21] DEBUG tourGuide.service.RewardsService - calculateRewards pour user : internalUser31
16:20:56.843 [pool-2-thread-65] DEBUG tourGuide.service.RewardsService - calculateRewards pour user : internalUser35
16:20:56.844 [pool-2-thread-100] DEBUG tourGuide.service.RewardsService - calculateRewards pour user : internalUser30
16:20:56.846 [pool-2-thread-18] DEBUG tourGuide.service.RewardsService - calculateRewards pour user : internalUser814
16:20:56.849 [pool-2-thread-7] DEBUG tourGuide.service.RewardsService - calculateRewards pour user : internalUser40
16:20:56.853 [pool-2-thread-55] DEBUG tourGuide.service.RewardsService - calculateRewards pour user : internalUser47
16:20:56.853 [pool-2-thread-47] DEBUG tourGuide.service.RewardsService - calculateRewards pour user : internalUser804
16:20:56.862 [pool-2-thread-27] DEBUG tourGuide.service.RewardsService - calculateRewards pour user : internalUser800
16:20:56.864 [pool-2-thread-15] DEBUG tourGuide.service.RewardsService - calculateRewards pour user : internalUser618
16:20:56.867 [pool-2-thread-61] DEBUG tourGuide.service.RewardsService - calculateRewards pour user : internalUser616
16:20:56.868 [pool-2-thread-64] DEBUG tourGuide.service.RewardsService - calculateRewards pour user : internalUser809
16:20:56.868 [pool-2-thread-80] DEBUG tourGuide.service.RewardsService - calculateRewards pour user : internalUser48
16:20:56.871 [pool-2-thread-43] DEBUG tourGuide.service.RewardsService - calculateRewards pour user : internalUser32
16:20:56.874 [pool-2-thread-91] DEBUG tourGuide.service.RewardsService - calculateRewards pour user : internalUser808
16:20:56.880 [pool-2-thread-33] DEBUG tourGuide.service.RewardsService - calculateRewards pour user : internalUser816
16:20:56.881 [pool-2-thread-28] DEBUG tourGuide.service.RewardsService - calculateRewards pour user : internalUser41
16:20:56.882 [pool-2-thread-93] DEBUG tourGuide.service.RewardsService - calculateRewards pour user : internalUser818
16:20:56.883 [pool-2-thread-2] DEBUG tourGuide.service.RewardsService - calculateRewards pour user : internalUser614
16:20:56.887 [pool-2-thread-87] DEBUG tourGuide.service.RewardsService - calculateRewards pour user : internalUser820
16:20:56.890 [pool-2-thread-73] DEBUG tourGuide.service.RewardsService - calculateRewards pour user : internalUser615
16:20:56.893 [pool-2-thread-46] DEBUG tourGuide.service.RewardsService - calculateRewards pour user : internalUser812
16:20:56.896 [pool-2-thread-26] DEBUG tourGuide.service.RewardsService - calculateRewards pour user : internalUser44
16:20:56.899 [pool-2-thread-94] DEBUG tourGuide.service.RewardsService - calculateRewards pour user : internalUser46
16:20:56.899 [pool-2-thread-37] DEBUG tourGuide.service.RewardsService - calculateRewards pour user : internalUser43
16:20:56.900 [pool-2-thread-42] DEBUG tourGuide.service.RewardsService - calculateRewards pour user : internalUser826
16:20:56.900 [pool-2-thread-53] DEBUG tourGuide.service.RewardsService - calculateRewards pour user : internalUser811
16:20:56.902 [pool-2-thread-63] DEBUG tourGuide.service.RewardsService - calculateRewards pour user : internalUser821
16:20:56.904 [pool-2-thread-68] DEBUG tourGuide.service.RewardsService - calculateRewards pour user : internalUser819
16:20:56.905 [pool-2-thread-58] DEBUG tourGuide.service.RewardsService - calculateRewards pour user : internalUser620
16:20:56.906 [pool-2-thread-98] DEBUG tourGuide.service.RewardsService - calculateRewards pour user : internalUser617
16:20:56.909 [pool-2-thread-24] DEBUG tourGuide.service.RewardsService - calculateRewards pour user : internalUser613
16:20:56.911 [pool-2-thread-95] DEBUG tourGuide.service.RewardsService - calculateRewards pour user : internalUser850
16:20:56.912 [pool-2-thread-10] DEBUG tourGuide.service.RewardsService - calculateRewards pour user : internalUser855
16:20:56.913 [pool-2-thread-45] DEBUG tourGuide.service.RewardsService - calculateRewards pour user : internalUser42
16:20:56.914 [pool-2-thread-8] DEBUG tourGuide.service.RewardsService - calculateRewards pour user : internalUser622
16:20:56.915 [pool-2-thread-92] DEBUG tourGuide.service.RewardsService - calculateRewards pour user : internalUser55
16:20:56.915 [pool-2-thread-81] DEBUG tourGuide.service.RewardsService - calculateRewards pour user : internalUser864
16:20:56.916 [pool-2-thread-86] DEBUG tourGuide.service.RewardsService - calculateRewards pour user : internalUser619
16:20:56.917 [pool-2-thread-22] DEBUG tourGuide.service.RewardsService - calculateRewards pour user : internalUser59
16:20:56.922 [pool-2-thread-16] DEBUG tourGuide.service.RewardsService - calculateRewards pour user : internalUser856
16:20:56.923 [pool-2-thread-3] DEBUG tourGuide.service.RewardsService - calculateRewards pour user : internalUser858
16:20:56.923 [pool-2-thread-54] DEBUG tourGuide.service.RewardsService - calculateRewards pour user : internalUser824
16:20:56.928 [pool-2-thread-19] DEBUG tourGuide.service.RewardsService - calculateRewards pour user : internalUser859
16:20:56.929 [pool-2-thread-11] DEBUG tourGuide.service.RewardsService - calculateRewards pour user : internalUser829
16:20:56.930 [pool-2-thread-30] DEBUG tourGuide.service.RewardsService - calculateRewards pour user : internalUser53
16:20:56.931 [pool-2-thread-82] DEBUG tourGuide.service.RewardsService - calculateRewards pour user : internalUser857
16:20:56.935 [pool-2-thread-5] DEBUG tourGuide.service.RewardsService - calculateRewards pour user : internalUser827
16:20:56.937 [pool-2-thread-20] DEBUG tourGuide.service.RewardsService - calculateRewards pour user : internalUser839
16:20:56.938 [pool-2-thread-34] DEBUG tourGuide.service.RewardsService - calculateRewards pour user : internalUser623
16:20:56.938 [pool-2-thread-40] DEBUG tourGuide.service.RewardsService - calculateRewards pour user : internalUser52
16:20:56.941 [pool-2-thread-62] DEBUG tourGuide.service.RewardsService - calculateRewards pour user : internalUser57
16:20:56.942 [pool-2-thread-67] DEBUG tourGuide.service.RewardsService - calculateRewards pour user : internalUser828
16:20:56.947 [pool-2-thread-49] DEBUG tourGuide.service.RewardsService - calculateRewards pour user : internalUser54
16:20:56.947 [pool-2-thread-23] DEBUG tourGuide.service.RewardsService - calculateRewards pour user : internalUser838
16:20:56.948 [pool-2-thread-13] DEBUG tourGuide.service.RewardsService - calculateRewards pour user : internalUser865
16:20:56.951 [pool-2-thread-71] DEBUG tourGuide.service.RewardsService - calculateRewards pour user : internalUser825
16:20:56.953 [pool-2-thread-90] DEBUG tourGuide.service.RewardsService - calculateRewards pour user : internalUser56
16:20:56.953 [pool-2-thread-88] DEBUG tourGuide.service.RewardsService - calculateRewards pour user : internalUser67
16:20:56.955 [pool-2-thread-69] DEBUG tourGuide.service.RewardsService - calculateRewards pour user : internalUser58
16:20:56.962 [pool-2-thread-9] DEBUG tourGuide.service.RewardsService - calculateRewards pour user : internalUser62
16:20:56.966 [pool-2-thread-12] DEBUG tourGuide.service.RewardsService - calculateRewards pour user : internalUser51
16:20:56.969 [pool-2-thread-32] DEBUG tourGuide.service.RewardsService - calculateRewards pour user : internalUser830
16:20:56.969 [pool-2-thread-6] DEBUG tourGuide.service.RewardsService - calculateRewards pour user : internalUser831
16:20:56.972 [pool-2-thread-59] DEBUG tourGuide.service.RewardsService - calculateRewards pour user : internalUser835
16:20:56.973 [pool-2-thread-84] DEBUG tourGuide.service.RewardsService - calculateRewards pour user : internalUser74
16:20:56.975 [pool-2-thread-14] DEBUG tourGuide.service.RewardsService - calculateRewards pour user : internalUser63
16:20:56.975 [pool-2-thread-1] DEBUG tourGuide.service.RewardsService - calculateRewards pour user : internalUser822
16:20:56.976 [pool-2-thread-17] DEBUG tourGuide.service.RewardsService - calculateRewards pour user : internalUser833
16:20:56.977 [pool-2-thread-79] DEBUG tourGuide.service.RewardsService - calculateRewards pour user : internalUser832
16:20:56.979 [pool-2-thread-25] DEBUG tourGuide.service.RewardsService - calculateRewards pour user : internalUser77
16:20:56.980 [pool-2-thread-97] DEBUG tourGuide.service.RewardsService - calculateRewards pour user : internalUser70
16:20:56.981 [pool-2-thread-29] DEBUG tourGuide.service.RewardsService - calculateRewards pour user : internalUser823
16:20:56.981 [pool-2-thread-44] DEBUG tourGuide.service.RewardsService - calculateRewards pour user : internalUser836
16:20:56.983 [pool-2-thread-74] DEBUG tourGuide.service.RewardsService - calculateRewards pour user : internalUser66
16:20:56.984 [pool-2-thread-51] DEBUG tourGuide.service.RewardsService - calculateRewards pour user : internalUser78
16:20:56.985 [pool-2-thread-57] DEBUG tourGuide.service.RewardsService - calculateRewards pour user : internalUser50
16:20:56.985 [pool-2-thread-99] DEBUG tourGuide.service.RewardsService - calculateRewards pour user : internalUser89
16:20:56.987 [pool-2-thread-76] DEBUG tourGuide.service.RewardsService - calculateRewards pour user : internalUser60
16:20:56.987 [pool-2-thread-31] DEBUG tourGuide.service.RewardsService - calculateRewards pour user : internalUser68
16:20:56.987 [pool-2-thread-35] DEBUG tourGuide.service.RewardsService - calculateRewards pour user : internalUser61
16:20:56.988 [pool-2-thread-50] DEBUG tourGuide.service.RewardsService - calculateRewards pour user : internalUser834
16:20:56.991 [pool-2-thread-60] DEBUG tourGuide.service.RewardsService - calculateRewards pour user : internalUser71
16:20:56.993 [pool-2-thread-56] DEBUG tourGuide.service.RewardsService - calculateRewards pour user : internalUser64
16:20:57.000 [pool-2-thread-52] DEBUG tourGuide.service.RewardsService - calculateRewards pour user : internalUser85
16:20:57.003 [pool-2-thread-70] DEBUG tourGuide.service.RewardsService - calculateRewards pour user : internalUser837
16:20:57.004 [pool-2-thread-78] DEBUG tourGuide.service.RewardsService - calculateRewards pour user : internalUser88
16:20:57.004 [pool-2-thread-48] DEBUG tourGuide.service.RewardsService - calculateRewards pour user : internalUser76
16:20:57.005 [pool-2-thread-39] DEBUG tourGuide.service.RewardsService - calculateRewards pour user : internalUser69
16:20:57.009 [pool-2-thread-85] DEBUG tourGuide.service.RewardsService - calculateRewards pour user : internalUser84
16:20:57.015 [pool-2-thread-96] DEBUG tourGuide.service.RewardsService - calculateRewards pour user : internalUser65
16:20:57.017 [pool-2-thread-38] DEBUG tourGuide.service.RewardsService - calculateRewards pour user : internalUser73
16:20:57.022 [pool-2-thread-4] DEBUG tourGuide.service.RewardsService - calculateRewards pour user : internalUser80
16:20:57.028 [pool-2-thread-89] DEBUG tourGuide.service.RewardsService - calculateRewards pour user : internalUser79
16:20:57.029 [pool-2-thread-47] DEBUG tourGuide.service.RewardsService - calculateRewards pour user : internalUser92
16:20:57.039 [pool-2-thread-7] DEBUG tourGuide.service.RewardsService - calculateRewards pour user : internalUser98
16:20:57.041 [pool-2-thread-83] DEBUG tourGuide.service.RewardsService - calculateRewards pour user : internalUser87
16:20:57.042 [pool-2-thread-33] DEBUG tourGuide.service.RewardsService - calculateRewards pour user : internalUser280
16:20:57.043 [pool-2-thread-72] DEBUG tourGuide.service.RewardsService - calculateRewards pour user : internalUser75
16:20:57.044 [pool-2-thread-61] DEBUG tourGuide.service.RewardsService - calculateRewards pour user : internalUser93
16:20:57.044 [pool-2-thread-66] DEBUG tourGuide.service.RewardsService - calculateRewards pour user : internalUser86
16:20:57.044 [pool-2-thread-36] DEBUG tourGuide.service.RewardsService - calculateRewards pour user : internalUser90
16:20:57.045 [pool-2-thread-64] DEBUG tourGuide.service.RewardsService - calculateRewards pour user : internalUser284
16:20:57.045 [pool-2-thread-21] DEBUG tourGuide.service.RewardsService - calculateRewards pour user : internalUser82
16:20:57.046 [pool-2-thread-75] DEBUG tourGuide.service.RewardsService - calculateRewards pour user : internalUser81
16:20:57.046 [pool-2-thread-41] DEBUG tourGuide.service.RewardsService - calculateRewards pour user : internalUser72
16:20:57.048 [pool-2-thread-18] DEBUG tourGuide.service.RewardsService - calculateRewards pour user : internalUser95
16:20:57.049 [pool-2-thread-100] DEBUG tourGuide.service.RewardsService - calculateRewards pour user : internalUser96
16:20:57.054 [pool-2-thread-28] DEBUG tourGuide.service.RewardsService - calculateRewards pour user : internalUser281
16:20:57.055 [pool-2-thread-27] DEBUG tourGuide.service.RewardsService - calculateRewards pour user : internalUser91
16:20:57.059 [pool-2-thread-55] DEBUG tourGuide.service.RewardsService - calculateRewards pour user : internalUser97
16:20:57.064 [pool-2-thread-94] DEBUG tourGuide.service.RewardsService - calculateRewards pour user : internalUser293
16:20:57.065 [pool-2-thread-77] DEBUG tourGuide.service.RewardsService - calculateRewards pour user : internalUser83
16:20:57.065 [pool-2-thread-65] DEBUG tourGuide.service.RewardsService - calculateRewards pour user : internalUser99
16:20:57.069 [pool-2-thread-93] DEBUG tourGuide.service.RewardsService - calculateRewards pour user : internalUser288
16:20:57.071 [pool-2-thread-80] DEBUG tourGuide.service.RewardsService - calculateRewards pour user : internalUser285
16:20:57.073 [pool-2-thread-15] DEBUG tourGuide.service.RewardsService - calculateRewards pour user : internalUser94
16:20:57.076 [pool-2-thread-95] DEBUG tourGuide.service.RewardsService - calculateRewards pour user : internalUser482
16:20:57.078 [pool-2-thread-91] DEBUG tourGuide.service.RewardsService - calculateRewards pour user : internalUser283
16:20:57.079 [pool-2-thread-73] DEBUG tourGuide.service.RewardsService - calculateRewards pour user : internalUser287
16:20:57.084 [pool-2-thread-98] DEBUG tourGuide.service.RewardsService - calculateRewards pour user : internalUser298
16:20:57.090 [pool-2-thread-26] DEBUG tourGuide.service.RewardsService - calculateRewards pour user : internalUser296
16:20:57.096 [pool-2-thread-63] DEBUG tourGuide.service.RewardsService - calculateRewards pour user : internalUser290
16:20:57.098 [pool-2-thread-92] DEBUG tourGuide.service.RewardsService - calculateRewards pour user : internalUser481
16:20:57.099 [pool-2-thread-81] DEBUG tourGuide.service.RewardsService - calculateRewards pour user : internalUser248
16:20:57.100 [pool-2-thread-2] DEBUG tourGuide.service.RewardsService - calculateRewards pour user : internalUser289
16:20:57.101 [pool-2-thread-87] DEBUG tourGuide.service.RewardsService - calculateRewards pour user : internalUser286
16:20:57.101 [pool-2-thread-43] DEBUG tourGuide.service.RewardsService - calculateRewards pour user : internalUser282
16:20:57.105 [pool-2-thread-68] DEBUG tourGuide.service.RewardsService - calculateRewards pour user : internalUser299
16:20:57.106 [pool-2-thread-24] DEBUG tourGuide.service.RewardsService - calculateRewards pour user : internalUser240
16:20:57.108 [pool-2-thread-53] DEBUG tourGuide.service.RewardsService - calculateRewards pour user : internalUser292
16:20:57.109 [pool-2-thread-20] DEBUG tourGuide.service.RewardsService - calculateRewards pour user : internalUser484
16:20:57.109 [pool-2-thread-16] DEBUG tourGuide.service.RewardsService - calculateRewards pour user : internalUser488
16:20:57.110 [pool-2-thread-46] DEBUG tourGuide.service.RewardsService - calculateRewards pour user : internalUser295
16:20:57.111 [pool-2-thread-42] DEBUG tourGuide.service.RewardsService - calculateRewards pour user : internalUser291
16:20:57.112 [pool-2-thread-37] DEBUG tourGuide.service.RewardsService - calculateRewards pour user : internalUser294
16:20:57.113 [pool-2-thread-5] DEBUG tourGuide.service.RewardsService - calculateRewards pour user : internalUser242
16:20:57.113 [pool-2-thread-86] DEBUG tourGuide.service.RewardsService - calculateRewards pour user : internalUser249
16:20:57.114 [pool-2-thread-58] DEBUG tourGuide.service.RewardsService - calculateRewards pour user : internalUser297
16:20:57.115 [pool-2-thread-8] DEBUG tourGuide.service.RewardsService - calculateRewards pour user : internalUser480
16:20:57.118 [pool-2-thread-30] DEBUG tourGuide.service.RewardsService - calculateRewards pour user : internalUser245
16:20:57.118 [pool-2-thread-3] DEBUG tourGuide.service.RewardsService - calculateRewards pour user : internalUser247
16:20:57.119 [pool-2-thread-40] DEBUG tourGuide.service.RewardsService - calculateRewards pour user : internalUser485
16:20:57.123 [pool-2-thread-54] DEBUG tourGuide.service.RewardsService - calculateRewards pour user : internalUser489
16:20:57.125 [pool-2-thread-13] DEBUG tourGuide.service.RewardsService - calculateRewards pour user : internalUser491
16:20:57.133 [pool-2-thread-84] DEBUG tourGuide.service.RewardsService - calculateRewards pour user : internalUser256
16:20:57.133 [pool-2-thread-62] DEBUG tourGuide.service.RewardsService - calculateRewards pour user : internalUser251
16:20:57.135 [pool-2-thread-69] DEBUG tourGuide.service.RewardsService - calculateRewards pour user : internalUser259
16:20:57.136 [pool-2-thread-71] DEBUG tourGuide.service.RewardsService - calculateRewards pour user : internalUser250
16:20:57.139 [pool-2-thread-6] DEBUG tourGuide.service.RewardsService - calculateRewards pour user : internalUser255
16:20:57.142 [pool-2-thread-45] DEBUG tourGuide.service.RewardsService - calculateRewards pour user : internalUser483
16:20:57.144 [pool-2-thread-10] DEBUG tourGuide.service.RewardsService - calculateRewards pour user : internalUser241
16:20:57.144 [pool-2-thread-67] DEBUG tourGuide.service.RewardsService - calculateRewards pour user : internalUser493
16:20:57.144 [pool-2-thread-11] DEBUG tourGuide.service.RewardsService - calculateRewards pour user : internalUser486
16:20:57.145 [pool-2-thread-82] DEBUG tourGuide.service.RewardsService - calculateRewards pour user : internalUser487
16:20:57.145 [pool-2-thread-88] DEBUG tourGuide.service.RewardsService - calculateRewards pour user : internalUser490
16:20:57.146 [pool-2-thread-19] DEBUG tourGuide.service.RewardsService - calculateRewards pour user : internalUser244
16:20:57.152 [pool-2-thread-59] DEBUG tourGuide.service.RewardsService - calculateRewards pour user : internalUser497
16:20:57.156 [pool-2-thread-12] DEBUG tourGuide.service.RewardsService - calculateRewards pour user : internalUser499
16:20:57.159 [pool-2-thread-22] DEBUG tourGuide.service.RewardsService - calculateRewards pour user : internalUser246
16:20:57.164 [pool-2-thread-9] DEBUG tourGuide.service.RewardsService - calculateRewards pour user : internalUser257
16:20:57.166 [pool-2-thread-31] DEBUG tourGuide.service.RewardsService - calculateRewards pour user : internalUser264
16:20:57.170 [pool-2-thread-32] DEBUG tourGuide.service.RewardsService - calculateRewards pour user : internalUser258
16:20:57.171 [pool-2-thread-1] DEBUG tourGuide.service.RewardsService - calculateRewards pour user : internalUser253
16:20:57.173 [pool-2-thread-29] DEBUG tourGuide.service.RewardsService - calculateRewards pour user : internalUser263
16:20:57.174 [pool-2-thread-34] DEBUG tourGuide.service.RewardsService - calculateRewards pour user : internalUser243
16:20:57.174 [pool-2-thread-49] DEBUG tourGuide.service.RewardsService - calculateRewards pour user : internalUser252
16:20:57.180 [pool-2-thread-90] DEBUG tourGuide.service.RewardsService - calculateRewards pour user : internalUser492
16:20:57.183 [pool-2-thread-23] DEBUG tourGuide.service.RewardsService - calculateRewards pour user : internalUser494
16:20:57.184 [pool-2-thread-70] DEBUG tourGuide.service.RewardsService - calculateRewards pour user : internalUser270
16:20:57.185 [pool-2-thread-14] DEBUG tourGuide.service.RewardsService - calculateRewards pour user : internalUser498
16:20:57.186 [pool-2-thread-96] DEBUG tourGuide.service.RewardsService - calculateRewards pour user : internalUser276
16:20:57.187 [pool-2-thread-50] DEBUG tourGuide.service.RewardsService - calculateRewards pour user : internalUser273
16:20:57.190 [pool-2-thread-17] DEBUG tourGuide.service.RewardsService - calculateRewards pour user : internalUser495
16:20:57.192 [pool-2-thread-25] DEBUG tourGuide.service.RewardsService - calculateRewards pour user : internalUser496
16:20:57.193 [pool-2-thread-60] DEBUG tourGuide.service.RewardsService - calculateRewards pour user : internalUser274
16:20:57.193 [pool-2-thread-48] DEBUG tourGuide.service.RewardsService - calculateRewards pour user : internalUser277
16:20:57.193 [pool-2-thread-97] DEBUG tourGuide.service.RewardsService - calculateRewards pour user : internalUser262
16:20:57.198 [pool-2-thread-79] DEBUG tourGuide.service.RewardsService - calculateRewards pour user : internalUser254
16:20:57.199 [pool-2-thread-89] DEBUG tourGuide.service.RewardsService - calculateRewards pour user : internalUser204
16:20:57.199 [pool-2-thread-56] DEBUG tourGuide.service.RewardsService - calculateRewards pour user : internalUser271
16:20:57.204 [pool-2-thread-85] DEBUG tourGuide.service.RewardsService - calculateRewards pour user : internalUser275
16:20:57.207 [pool-2-thread-72] DEBUG tourGuide.service.RewardsService - calculateRewards pour user : internalUser689
16:20:57.209 [pool-2-thread-74] DEBUG tourGuide.service.RewardsService - calculateRewards pour user : internalUser261
16:20:57.210 [pool-2-thread-76] DEBUG tourGuide.service.RewardsService - calculateRewards pour user : internalUser267
16:20:57.210 [pool-2-thread-51] DEBUG tourGuide.service.RewardsService - calculateRewards pour user : internalUser268
16:20:57.211 [pool-2-thread-38] DEBUG tourGuide.service.RewardsService - calculateRewards pour user : internalUser680
16:20:57.211 [pool-2-thread-44] DEBUG tourGuide.service.RewardsService - calculateRewards pour user : internalUser260
16:20:57.213 [pool-2-thread-57] DEBUG tourGuide.service.RewardsService - calculateRewards pour user : internalUser269
16:20:57.216 [pool-2-thread-35] DEBUG tourGuide.service.RewardsService - calculateRewards pour user : internalUser265
16:20:57.219 [pool-2-thread-39] DEBUG tourGuide.service.RewardsService - calculateRewards pour user : internalUser278
16:20:57.220 [pool-2-thread-99] DEBUG tourGuide.service.RewardsService - calculateRewards pour user : internalUser266
16:20:57.220 [pool-2-thread-21] DEBUG tourGuide.service.RewardsService - calculateRewards pour user : internalUser445
16:20:57.221 [pool-2-thread-41] DEBUG tourGuide.service.RewardsService - calculateRewards pour user : internalUser200
16:20:57.222 [pool-2-thread-7] DEBUG tourGuide.service.RewardsService - calculateRewards pour user : internalUser688
16:20:57.222 [pool-2-thread-83] DEBUG tourGuide.service.RewardsService - calculateRewards pour user : internalUser205
16:20:57.227 [pool-2-thread-61] DEBUG tourGuide.service.RewardsService - calculateRewards pour user : internalUser202
16:20:57.227 [pool-2-thread-47] DEBUG tourGuide.service.RewardsService - calculateRewards pour user : internalUser446
16:20:57.234 [pool-2-thread-4] DEBUG tourGuide.service.RewardsService - calculateRewards pour user : internalUser681
16:20:57.234 [pool-2-thread-100] DEBUG tourGuide.service.RewardsService - calculateRewards pour user : internalUser684
16:20:57.238 [pool-2-thread-28] DEBUG tourGuide.service.RewardsService - calculateRewards pour user : internalUser201
16:20:57.239 [pool-2-thread-52] DEBUG tourGuide.service.RewardsService - calculateRewards pour user : internalUser272
16:20:57.241 [pool-2-thread-77] DEBUG tourGuide.service.RewardsService - calculateRewards pour user : internalUser682
16:20:57.242 [pool-2-thread-78] DEBUG tourGuide.service.RewardsService - calculateRewards pour user : internalUser279
16:20:57.247 [pool-2-thread-73] DEBUG tourGuide.service.RewardsService - calculateRewards pour user : internalUser207
16:20:57.253 [pool-2-thread-36] DEBUG tourGuide.service.RewardsService - calculateRewards pour user : internalUser686
16:20:57.255 [pool-2-thread-94] DEBUG tourGuide.service.RewardsService - calculateRewards pour user : internalUser440
16:20:57.259 [pool-2-thread-33] DEBUG tourGuide.service.RewardsService - calculateRewards pour user : internalUser447
16:20:57.259 [pool-2-thread-55] DEBUG tourGuide.service.RewardsService - calculateRewards pour user : internalUser685
16:20:57.260 [pool-2-thread-18] DEBUG tourGuide.service.RewardsService - calculateRewards pour user : internalUser442
16:20:57.261 [pool-2-thread-43] DEBUG tourGuide.service.RewardsService - calculateRewards pour user : internalUser699
16:20:57.261 [pool-2-thread-64] DEBUG tourGuide.service.RewardsService - calculateRewards pour user : internalUser203
16:20:57.261 [pool-2-thread-27] DEBUG tourGuide.service.RewardsService - calculateRewards pour user : internalUser443
16:20:57.264 [pool-2-thread-2] DEBUG tourGuide.service.RewardsService - calculateRewards pour user : internalUser215
16:20:57.264 [pool-2-thread-66] DEBUG tourGuide.service.RewardsService - calculateRewards pour user : internalUser444
16:20:57.264 [pool-2-thread-26] DEBUG tourGuide.service.RewardsService - calculateRewards pour user : internalUser691
16:20:57.267 [pool-2-thread-92] DEBUG tourGuide.service.RewardsService - calculateRewards pour user : internalUser692
16:20:57.271 [pool-2-thread-53] DEBUG tourGuide.service.RewardsService - calculateRewards pour user : internalUser213
16:20:57.273 [pool-2-thread-75] DEBUG tourGuide.service.RewardsService - calculateRewards pour user : internalUser687
16:20:57.277 [pool-2-thread-65] DEBUG tourGuide.service.RewardsService - calculateRewards pour user : internalUser441
16:20:57.277 [pool-2-thread-91] DEBUG tourGuide.service.RewardsService - calculateRewards pour user : internalUser448
16:20:57.277 [pool-2-thread-86] DEBUG tourGuide.service.RewardsService - calculateRewards pour user : internalUser453
16:20:57.279 [pool-2-thread-16] DEBUG tourGuide.service.RewardsService - calculateRewards pour user : internalUser697
16:20:57.281 [pool-2-thread-80] DEBUG tourGuide.service.RewardsService - calculateRewards pour user : internalUser208
16:20:57.283 [pool-2-thread-95] DEBUG tourGuide.service.RewardsService - calculateRewards pour user : internalUser206
16:20:57.290 [pool-2-thread-63] DEBUG tourGuide.service.RewardsService - calculateRewards pour user : internalUser450
16:20:57.292 [pool-2-thread-20] DEBUG tourGuide.service.RewardsService - calculateRewards pour user : internalUser455
16:20:57.293 [pool-2-thread-40] DEBUG tourGuide.service.RewardsService - calculateRewards pour user : internalUser696
16:20:57.297 [pool-2-thread-46] DEBUG tourGuide.service.RewardsService - calculateRewards pour user : internalUser214
16:20:57.299 [pool-2-thread-24] DEBUG tourGuide.service.RewardsService - calculateRewards pour user : internalUser458
16:20:57.299 [pool-2-thread-42] DEBUG tourGuide.service.RewardsService - calculateRewards pour user : internalUser456
16:20:57.301 [pool-2-thread-87] DEBUG tourGuide.service.RewardsService - calculateRewards pour user : internalUser457
16:20:57.301 [pool-2-thread-15] DEBUG tourGuide.service.RewardsService - calculateRewards pour user : internalUser209
16:20:57.304 [pool-2-thread-93] DEBUG tourGuide.service.RewardsService - calculateRewards pour user : internalUser683
16:20:57.308 [pool-2-thread-13] DEBUG tourGuide.service.RewardsService - calculateRewards pour user : internalUser210
16:20:57.312 [pool-2-thread-98] DEBUG tourGuide.service.RewardsService - calculateRewards pour user : internalUser449
16:20:57.313 [pool-2-thread-69] DEBUG tourGuide.service.RewardsService - calculateRewards pour user : internalUser219
16:20:57.315 [pool-2-thread-54] DEBUG tourGuide.service.RewardsService - calculateRewards pour user : internalUser693
16:20:57.315 [pool-2-thread-84] DEBUG tourGuide.service.RewardsService - calculateRewards pour user : internalUser452
16:20:57.316 [pool-2-thread-68] DEBUG tourGuide.service.RewardsService - calculateRewards pour user : internalUser216
16:20:57.319 [pool-2-thread-81] DEBUG tourGuide.service.RewardsService - calculateRewards pour user : internalUser690
16:20:57.319 [pool-2-thread-8] DEBUG tourGuide.service.RewardsService - calculateRewards pour user : internalUser212
16:20:57.324 [pool-2-thread-6] DEBUG tourGuide.service.RewardsService - calculateRewards pour user : internalUser459
16:20:57.326 [pool-2-thread-11] DEBUG tourGuide.service.RewardsService - calculateRewards pour user : internalUser226
16:20:57.330 [pool-2-thread-67] DEBUG tourGuide.service.RewardsService - calculateRewards pour user : internalUser461
16:20:57.331 [pool-2-thread-3] DEBUG tourGuide.service.RewardsService - calculateRewards pour user : internalUser451
16:20:57.331 [pool-2-thread-19] DEBUG tourGuide.service.RewardsService - calculateRewards pour user : internalUser469
16:20:57.333 [pool-2-thread-5] DEBUG tourGuide.service.RewardsService - calculateRewards pour user : internalUser211
16:20:57.334 [pool-2-thread-59] DEBUG tourGuide.service.RewardsService - calculateRewards pour user : internalUser224
16:20:57.335 [pool-2-thread-37] DEBUG tourGuide.service.RewardsService - calculateRewards pour user : internalUser698
16:20:57.336 [pool-2-thread-32] DEBUG tourGuide.service.RewardsService - calculateRewards pour user : internalUser464
16:20:57.336 [pool-2-thread-82] DEBUG tourGuide.service.RewardsService - calculateRewards pour user : internalUser468
16:20:57.341 [pool-2-thread-34] DEBUG tourGuide.service.RewardsService - calculateRewards pour user : internalUser220
16:20:57.343 [pool-2-thread-30] DEBUG tourGuide.service.RewardsService - calculateRewards pour user : internalUser454
16:20:57.347 [pool-2-thread-70] DEBUG tourGuide.service.RewardsService - calculateRewards pour user : internalUser228
16:20:57.347 [pool-2-thread-9] DEBUG tourGuide.service.RewardsService - calculateRewards pour user : internalUser467
16:20:57.347 [pool-2-thread-58] DEBUG tourGuide.service.RewardsService - calculateRewards pour user : internalUser695
16:20:57.348 [pool-2-thread-29] DEBUG tourGuide.service.RewardsService - calculateRewards pour user : internalUser465
16:20:57.356 [pool-2-thread-10] DEBUG tourGuide.service.RewardsService - calculateRewards pour user : internalUser460
16:20:57.359 [pool-2-thread-62] DEBUG tourGuide.service.RewardsService - calculateRewards pour user : internalUser694
16:20:57.359 [pool-2-thread-49] DEBUG tourGuide.service.RewardsService - calculateRewards pour user : internalUser462
16:20:57.359 [pool-2-thread-90] DEBUG tourGuide.service.RewardsService - calculateRewards pour user : internalUser221
16:20:57.364 [pool-2-thread-88] DEBUG tourGuide.service.RewardsService - calculateRewards pour user : internalUser227
16:20:57.366 [pool-2-thread-12] DEBUG tourGuide.service.RewardsService - calculateRewards pour user : internalUser466
16:20:57.366 [pool-2-thread-71] DEBUG tourGuide.service.RewardsService - calculateRewards pour user : internalUser217
16:20:57.368 [pool-2-thread-89] DEBUG tourGuide.service.RewardsService - calculateRewards pour user : internalUser477
16:20:57.368 [pool-2-thread-22] DEBUG tourGuide.service.RewardsService - calculateRewards pour user : internalUser225
16:20:57.370 [pool-2-thread-31] DEBUG tourGuide.service.RewardsService - calculateRewards pour user : internalUser222
16:20:57.375 [pool-2-thread-45] DEBUG tourGuide.service.RewardsService - calculateRewards pour user : internalUser218
16:20:57.379 [pool-2-thread-14] DEBUG tourGuide.service.RewardsService - calculateRewards pour user : internalUser229
16:20:57.382 [pool-2-thread-38] DEBUG tourGuide.service.RewardsService - calculateRewards pour user : internalUser231
16:20:57.384 [pool-2-thread-97] DEBUG tourGuide.service.RewardsService - calculateRewards pour user : internalUser238
16:20:57.387 [pool-2-thread-48] DEBUG tourGuide.service.RewardsService - calculateRewards pour user : internalUser479
16:20:57.389 [pool-2-thread-17] DEBUG tourGuide.service.RewardsService - calculateRewards pour user : internalUser472
16:20:57.389 [pool-2-thread-85] DEBUG tourGuide.service.RewardsService - calculateRewards pour user : internalUser478
16:20:57.390 [pool-2-thread-50] DEBUG tourGuide.service.RewardsService - calculateRewards pour user : internalUser230
16:20:57.390 [pool-2-thread-79] DEBUG tourGuide.service.RewardsService - calculateRewards pour user : internalUser235
16:20:57.393 [pool-2-thread-96] DEBUG tourGuide.service.RewardsService - calculateRewards pour user : internalUser471
16:20:57.396 [pool-2-thread-44] DEBUG tourGuide.service.RewardsService - calculateRewards pour user : internalUser473
16:20:57.398 [pool-2-thread-1] DEBUG tourGuide.service.RewardsService - calculateRewards pour user : internalUser223
16:20:57.398 [pool-2-thread-39] DEBUG tourGuide.service.RewardsService - calculateRewards pour user : internalUser239
16:20:57.405 [pool-2-thread-25] DEBUG tourGuide.service.RewardsService - calculateRewards pour user : internalUser470
16:20:57.405 [pool-2-thread-21] DEBUG tourGuide.service.RewardsService - calculateRewards pour user : internalUser644
16:20:57.407 [pool-2-thread-23] DEBUG tourGuide.service.RewardsService - calculateRewards pour user : internalUser463
16:20:57.407 [pool-2-thread-4] DEBUG tourGuide.service.RewardsService - calculateRewards pour user : internalUser642
16:20:57.409 [pool-2-thread-74] DEBUG tourGuide.service.RewardsService - calculateRewards pour user : internalUser475
16:20:57.411 [pool-2-thread-72] DEBUG tourGuide.service.RewardsService - calculateRewards pour user : internalUser233
16:20:57.418 [pool-2-thread-99] DEBUG tourGuide.service.RewardsService - calculateRewards pour user : internalUser402
16:20:57.418 [pool-2-thread-77] DEBUG tourGuide.service.RewardsService - calculateRewards pour user : internalUser885
16:20:57.420 [pool-2-thread-60] DEBUG tourGuide.service.RewardsService - calculateRewards pour user : internalUser237
16:20:57.423 [pool-2-thread-35] DEBUG tourGuide.service.RewardsService - calculateRewards pour user : internalUser474
16:20:57.427 [pool-2-thread-100] DEBUG tourGuide.service.RewardsService - calculateRewards pour user : internalUser884
16:20:57.431 [pool-2-thread-57] DEBUG tourGuide.service.RewardsService - calculateRewards pour user : internalUser232
16:20:57.431 [pool-2-thread-73] DEBUG tourGuide.service.RewardsService - calculateRewards pour user : internalUser882
16:20:57.436 [pool-2-thread-56] DEBUG tourGuide.service.RewardsService - calculateRewards pour user : internalUser236
16:20:57.438 [pool-2-thread-51] DEBUG tourGuide.service.RewardsService - calculateRewards pour user : internalUser476
16:20:57.438 [pool-2-thread-66] DEBUG tourGuide.service.RewardsService - calculateRewards pour user : internalUser649
16:20:57.443 [pool-2-thread-76] DEBUG tourGuide.service.RewardsService - calculateRewards pour user : internalUser234
16:20:57.446 [pool-2-thread-41] DEBUG tourGuide.service.RewardsService - calculateRewards pour user : internalUser886
16:20:57.448 [pool-2-thread-55] DEBUG tourGuide.service.RewardsService - calculateRewards pour user : internalUser881
16:20:57.448 [pool-2-thread-83] DEBUG tourGuide.service.RewardsService - calculateRewards pour user : internalUser645
16:20:57.448 [pool-2-thread-52] DEBUG tourGuide.service.RewardsService - calculateRewards pour user : internalUser643
16:20:57.450 [pool-2-thread-7] DEBUG tourGuide.service.RewardsService - calculateRewards pour user : internalUser403
16:20:57.450 [pool-2-thread-61] DEBUG tourGuide.service.RewardsService - calculateRewards pour user : internalUser887
16:20:57.452 [pool-2-thread-91] DEBUG tourGuide.service.RewardsService - calculateRewards pour user : internalUser889
16:20:57.458 [pool-2-thread-94] DEBUG tourGuide.service.RewardsService - calculateRewards pour user : internalUser883
16:20:57.458 [pool-2-thread-33] DEBUG tourGuide.service.RewardsService - calculateRewards pour user : internalUser880
16:20:57.458 [pool-2-thread-95] DEBUG tourGuide.service.RewardsService - calculateRewards pour user : internalUser897
16:20:57.460 [pool-2-thread-28] DEBUG tourGuide.service.RewardsService - calculateRewards pour user : internalUser401
16:20:57.462 [pool-2-thread-18] DEBUG tourGuide.service.RewardsService - calculateRewards pour user : internalUser408
16:20:57.462 [pool-2-thread-86] DEBUG tourGuide.service.RewardsService - calculateRewards pour user : internalUser890
16:20:57.464 [pool-2-thread-47] DEBUG tourGuide.service.RewardsService - calculateRewards pour user : internalUser400
16:20:57.464 [pool-2-thread-2] DEBUG tourGuide.service.RewardsService - calculateRewards pour user : internalUser407
16:20:57.469 [pool-2-thread-65] DEBUG tourGuide.service.RewardsService - calculateRewards pour user : internalUser647
16:20:57.471 [pool-2-thread-36] DEBUG tourGuide.service.RewardsService - calculateRewards pour user : internalUser641
16:20:57.473 [pool-2-thread-15] DEBUG tourGuide.service.RewardsService - calculateRewards pour user : internalUser654
16:20:57.475 [pool-2-thread-43] DEBUG tourGuide.service.RewardsService - calculateRewards pour user : internalUser409
16:20:57.477 [pool-2-thread-46] DEBUG tourGuide.service.RewardsService - calculateRewards pour user : internalUser411
16:20:57.480 [pool-2-thread-78] DEBUG tourGuide.service.RewardsService - calculateRewards pour user : internalUser640
16:20:57.482 [pool-2-thread-13] DEBUG tourGuide.service.RewardsService - calculateRewards pour user : internalUser651
16:20:57.484 [pool-2-thread-40] DEBUG tourGuide.service.RewardsService - calculateRewards pour user : internalUser656
16:20:57.485 [pool-2-thread-26] DEBUG tourGuide.service.RewardsService - calculateRewards pour user : internalUser404
16:20:57.485 [pool-2-thread-93] DEBUG tourGuide.service.RewardsService - calculateRewards pour user : internalUser896
16:20:57.487 [pool-2-thread-20] DEBUG tourGuide.service.RewardsService - calculateRewards pour user : internalUser898
16:20:57.488 [pool-2-thread-24] DEBUG tourGuide.service.RewardsService - calculateRewards pour user : internalUser653
16:20:57.493 [pool-2-thread-63] DEBUG tourGuide.service.RewardsService - calculateRewards pour user : internalUser414
16:20:57.494 [pool-2-thread-6] DEBUG tourGuide.service.RewardsService - calculateRewards pour user : internalUser419
16:20:57.494 [pool-2-thread-92] DEBUG tourGuide.service.RewardsService - calculateRewards pour user : internalUser646
16:20:57.495 [pool-2-thread-27] DEBUG tourGuide.service.RewardsService - calculateRewards pour user : internalUser648
16:20:57.497 [pool-2-thread-64] DEBUG tourGuide.service.RewardsService - calculateRewards pour user : internalUser406
16:20:57.500 [pool-2-thread-75] DEBUG tourGuide.service.RewardsService - calculateRewards pour user : internalUser405
16:20:57.503 [pool-2-thread-53] DEBUG tourGuide.service.RewardsService - calculateRewards pour user : internalUser888
16:20:57.504 [pool-2-thread-67] DEBUG tourGuide.service.RewardsService - calculateRewards pour user : internalUser659
16:20:57.505 [pool-2-thread-80] DEBUG tourGuide.service.RewardsService - calculateRewards pour user : internalUser655
16:20:57.509 [pool-2-thread-59] DEBUG tourGuide.service.RewardsService - calculateRewards pour user : internalUser899
16:20:57.511 [pool-2-thread-42] DEBUG tourGuide.service.RewardsService - calculateRewards pour user : internalUser895
16:20:57.511 [pool-2-thread-16] DEBUG tourGuide.service.RewardsService - calculateRewards pour user : internalUser413
16:20:57.514 [pool-2-thread-54] DEBUG tourGuide.service.RewardsService - calculateRewards pour user : internalUser652
16:20:57.515 [pool-2-thread-68] DEBUG tourGuide.service.RewardsService - calculateRewards pour user : internalUser891
16:20:57.516 [pool-2-thread-82] DEBUG tourGuide.service.RewardsService - calculateRewards pour user : internalUser424
16:20:57.516 [pool-2-thread-32] DEBUG tourGuide.service.RewardsService - calculateRewards pour user : internalUser658
16:20:57.521 [pool-2-thread-19] DEBUG tourGuide.service.RewardsService - calculateRewards pour user : internalUser418
16:20:57.521 [pool-2-thread-98] DEBUG tourGuide.service.RewardsService - calculateRewards pour user : internalUser893
16:20:57.522 [pool-2-thread-69] DEBUG tourGuide.service.RewardsService - calculateRewards pour user : internalUser410
16:20:57.523 [pool-2-thread-81] DEBUG tourGuide.service.RewardsService - calculateRewards pour user : internalUser650
16:20:57.529 [pool-2-thread-87] DEBUG tourGuide.service.RewardsService - calculateRewards pour user : internalUser412
16:20:57.530 [pool-2-thread-71] DEBUG tourGuide.service.RewardsService - calculateRewards pour user : internalUser661
16:20:57.531 [pool-2-thread-88] DEBUG tourGuide.service.RewardsService - calculateRewards pour user : internalUser663
16:20:57.535 [pool-2-thread-30] DEBUG tourGuide.service.RewardsService - calculateRewards pour user : internalUser666
16:20:57.536 [pool-2-thread-49] DEBUG tourGuide.service.RewardsService - calculateRewards pour user : internalUser662
16:20:57.536 [pool-2-thread-37] DEBUG tourGuide.service.RewardsService - calculateRewards pour user : internalUser416
16:20:57.537 [pool-2-thread-84] DEBUG tourGuide.service.RewardsService - calculateRewards pour user : internalUser894
16:20:57.537 [pool-2-thread-70] DEBUG tourGuide.service.RewardsService - calculateRewards pour user : internalUser422
16:20:57.538 [pool-2-thread-90] DEBUG tourGuide.service.RewardsService - calculateRewards pour user : internalUser421
16:20:57.541 [pool-2-thread-11] DEBUG tourGuide.service.RewardsService - calculateRewards pour user : internalUser417
16:20:57.543 [pool-2-thread-9] DEBUG tourGuide.service.RewardsService - calculateRewards pour user : internalUser667
16:20:57.545 [pool-2-thread-45] DEBUG tourGuide.service.RewardsService - calculateRewards pour user : internalUser668
16:20:57.549 [pool-2-thread-8] DEBUG tourGuide.service.RewardsService - calculateRewards pour user : internalUser892
16:20:57.549 [pool-2-thread-48] DEBUG tourGuide.service.RewardsService - calculateRewards pour user : internalUser435
16:20:57.552 [pool-2-thread-14] DEBUG tourGuide.service.RewardsService - calculateRewards pour user : internalUser427
16:20:57.552 [pool-2-thread-31] DEBUG tourGuide.service.RewardsService - calculateRewards pour user : internalUser426
16:20:57.555 [pool-2-thread-85] DEBUG tourGuide.service.RewardsService - calculateRewards pour user : internalUser436
16:20:57.559 [pool-2-thread-89] DEBUG tourGuide.service.RewardsService - calculateRewards pour user : internalUser428
16:20:57.561 [pool-2-thread-10] DEBUG tourGuide.service.RewardsService - calculateRewards pour user : internalUser665
16:20:57.562 [pool-2-thread-5] DEBUG tourGuide.service.RewardsService - calculateRewards pour user : internalUser657
16:20:57.564 [pool-2-thread-29] DEBUG tourGuide.service.RewardsService - calculateRewards pour user : internalUser423
16:20:57.565 [pool-2-thread-3] DEBUG tourGuide.service.RewardsService - calculateRewards pour user : internalUser415
16:20:57.565 [pool-2-thread-44] DEBUG tourGuide.service.RewardsService - calculateRewards pour user : internalUser434
16:20:57.567 [pool-2-thread-58] DEBUG tourGuide.service.RewardsService - calculateRewards pour user : internalUser664
16:20:57.571 [pool-2-thread-22] DEBUG tourGuide.service.RewardsService - calculateRewards pour user : internalUser429
16:20:57.574 [pool-2-thread-12] DEBUG tourGuide.service.RewardsService - calculateRewards pour user : internalUser660
16:20:57.575 [pool-2-thread-97] DEBUG tourGuide.service.RewardsService - calculateRewards pour user : internalUser670
16:20:57.578 [pool-2-thread-34] DEBUG tourGuide.service.RewardsService - calculateRewards pour user : internalUser425
16:20:57.584 [pool-2-thread-38] DEBUG tourGuide.service.RewardsService - calculateRewards pour user : internalUser669
16:20:57.586 [pool-2-thread-39] DEBUG tourGuide.service.RewardsService - calculateRewards pour user : internalUser431
16:20:57.588 [pool-2-thread-62] DEBUG tourGuide.service.RewardsService - calculateRewards pour user : internalUser420
16:20:57.588 [pool-2-thread-79] DEBUG tourGuide.service.RewardsService - calculateRewards pour user : internalUser433
16:20:57.589 [pool-2-thread-77] DEBUG tourGuide.service.RewardsService - calculateRewards pour user : internalUser437
16:20:57.591 [pool-2-thread-25] DEBUG tourGuide.service.RewardsService - calculateRewards pour user : internalUser673
16:20:57.593 [pool-2-thread-4] DEBUG tourGuide.service.RewardsService - calculateRewards pour user : internalUser430
16:20:57.595 [pool-2-thread-72] DEBUG tourGuide.service.RewardsService - calculateRewards pour user : internalUser672
16:20:57.595 [pool-2-thread-96] DEBUG tourGuide.service.RewardsService - calculateRewards pour user : internalUser675
16:20:57.597 [pool-2-thread-56] DEBUG tourGuide.service.RewardsService - calculateRewards pour user : internalUser19
16:20:57.597 [pool-2-thread-60] DEBUG tourGuide.service.RewardsService - calculateRewards pour user : internalUser862
16:20:57.607 [pool-2-thread-23] DEBUG tourGuide.service.RewardsService - calculateRewards pour user : internalUser674
16:20:57.608 [pool-2-thread-50] DEBUG tourGuide.service.RewardsService - calculateRewards pour user : internalUser678
16:20:57.610 [pool-2-thread-17] DEBUG tourGuide.service.RewardsService - calculateRewards pour user : internalUser677
16:20:57.611 [pool-2-thread-1] DEBUG tourGuide.service.RewardsService - calculateRewards pour user : internalUser676
16:20:57.613 [pool-2-thread-55] DEBUG tourGuide.service.RewardsService - calculateRewards pour user : internalUser722
16:20:57.619 [pool-2-thread-35] DEBUG tourGuide.service.RewardsService - calculateRewards pour user : internalUser679
16:20:57.621 [pool-2-thread-57] DEBUG tourGuide.service.RewardsService - calculateRewards pour user : internalUser863
16:20:57.625 [pool-2-thread-99] DEBUG tourGuide.service.RewardsService - calculateRewards pour user : internalUser439
16:20:57.625 [pool-2-thread-52] DEBUG tourGuide.service.RewardsService - calculateRewards pour user : internalUser15
16:20:57.628 [pool-2-thread-83] DEBUG tourGuide.service.RewardsService - calculateRewards pour user : internalUser16
16:20:57.630 [pool-2-thread-61] DEBUG tourGuide.service.RewardsService - calculateRewards pour user : internalUser18
16:20:57.630 [pool-2-thread-51] DEBUG tourGuide.service.RewardsService - calculateRewards pour user : internalUser438
16:20:57.632 [pool-2-thread-94] DEBUG tourGuide.service.RewardsService - calculateRewards pour user : internalUser628
16:20:57.632 [pool-2-thread-21] DEBUG tourGuide.service.RewardsService - calculateRewards pour user : internalUser432
16:20:57.634 [pool-2-thread-100] DEBUG tourGuide.service.RewardsService - calculateRewards pour user : internalUser621
16:20:57.636 [pool-2-thread-73] DEBUG tourGuide.service.RewardsService - calculateRewards pour user : internalUser860
16:20:57.639 [pool-2-thread-74] DEBUG tourGuide.service.RewardsService - calculateRewards pour user : internalUser671
16:20:57.640 [pool-2-thread-65] DEBUG tourGuide.service.RewardsService - calculateRewards pour user : internalUser727
16:20:57.643 [pool-2-thread-91] DEBUG tourGuide.service.RewardsService - calculateRewards pour user : internalUser961
16:20:57.648 [pool-2-thread-76] DEBUG tourGuide.service.RewardsService - calculateRewards pour user : internalUser963
16:20:57.649 [pool-2-thread-47] DEBUG tourGuide.service.RewardsService - calculateRewards pour user : internalUser629
16:20:57.650 [pool-2-thread-66] DEBUG tourGuide.service.RewardsService - calculateRewards pour user : internalUser721
16:20:57.650 [pool-2-thread-28] DEBUG tourGuide.service.RewardsService - calculateRewards pour user : internalUser962
16:20:57.652 [pool-2-thread-2] DEBUG tourGuide.service.RewardsService - calculateRewards pour user : internalUser12
16:20:57.652 [pool-2-thread-18] DEBUG tourGuide.service.RewardsService - calculateRewards pour user : internalUser729
16:20:57.654 [pool-2-thread-7] DEBUG tourGuide.service.RewardsService - calculateRewards pour user : internalUser964
16:20:57.661 [pool-2-thread-95] DEBUG tourGuide.service.RewardsService - calculateRewards pour user : internalUser17
16:20:57.663 [pool-2-thread-41] DEBUG tourGuide.service.RewardsService - calculateRewards pour user : internalUser861
16:20:57.665 [pool-2-thread-33] DEBUG tourGuide.service.RewardsService - calculateRewards pour user : internalUser720
16:20:57.665 [pool-2-thread-43] DEBUG tourGuide.service.RewardsService - calculateRewards pour user : internalUser969
16:20:57.670 [pool-2-thread-93] DEBUG tourGuide.service.RewardsService - calculateRewards pour user : internalUser14
16:20:57.671 [pool-2-thread-36] DEBUG tourGuide.service.RewardsService - calculateRewards pour user : internalUser626
16:20:57.673 [pool-2-thread-86] DEBUG tourGuide.service.RewardsService - calculateRewards pour user : internalUser960
16:20:57.678 [pool-2-thread-20] DEBUG tourGuide.service.RewardsService - calculateRewards pour user : internalUser624
16:20:57.681 [pool-2-thread-78] DEBUG tourGuide.service.RewardsService - calculateRewards pour user : internalUser725
16:20:57.681 [pool-2-thread-59] DEBUG tourGuide.service.RewardsService - calculateRewards pour user : internalUser873
16:20:57.683 [pool-2-thread-13] DEBUG tourGuide.service.RewardsService - calculateRewards pour user : internalUser11
16:20:57.683 [pool-2-thread-24] DEBUG tourGuide.service.RewardsService - calculateRewards pour user : internalUser866
16:20:57.689 [pool-2-thread-63] DEBUG tourGuide.service.RewardsService - calculateRewards pour user : internalUser13
16:20:57.691 [pool-2-thread-46] DEBUG tourGuide.service.RewardsService - calculateRewards pour user : internalUser728
16:20:57.694 [pool-2-thread-40] DEBUG tourGuide.service.RewardsService - calculateRewards pour user : internalUser627
16:20:57.696 [pool-2-thread-6] DEBUG tourGuide.service.RewardsService - calculateRewards pour user : internalUser625
16:20:57.696 [pool-2-thread-19] DEBUG tourGuide.service.RewardsService - calculateRewards pour user : internalUser27
16:20:57.696 [pool-2-thread-15] DEBUG tourGuide.service.RewardsService - calculateRewards pour user : internalUser868
16:20:57.699 [pool-2-thread-92] DEBUG tourGuide.service.RewardsService - calculateRewards pour user : internalUser867
16:20:57.699 [pool-2-thread-16] DEBUG tourGuide.service.RewardsService - calculateRewards pour user : internalUser874
16:20:57.700 [pool-2-thread-54] DEBUG tourGuide.service.RewardsService - calculateRewards pour user : internalUser871
16:20:57.702 [pool-2-thread-26] DEBUG tourGuide.service.RewardsService - calculateRewards pour user : internalUser869
16:20:57.703 [pool-2-thread-67] DEBUG tourGuide.service.RewardsService - calculateRewards pour user : internalUser876
16:20:57.708 [pool-2-thread-32] DEBUG tourGuide.service.RewardsService - calculateRewards pour user : internalUser870
16:20:57.708 [pool-2-thread-64] DEBUG tourGuide.service.RewardsService - calculateRewards pour user : internalUser633
16:20:57.710 [pool-2-thread-70] DEBUG tourGuide.service.RewardsService - calculateRewards pour user : internalUser635
16:20:57.712 [pool-2-thread-98] DEBUG tourGuide.service.RewardsService - calculateRewards pour user : internalUser26
16:20:57.712 [pool-2-thread-27] DEBUG tourGuide.service.RewardsService - calculateRewards pour user : internalUser10
16:20:57.714 [pool-2-thread-53] DEBUG tourGuide.service.RewardsService - calculateRewards pour user : internalUser634
16:20:57.718 [pool-2-thread-49] DEBUG tourGuide.service.RewardsService - calculateRewards pour user : internalUser22
16:20:57.718 [pool-2-thread-87] DEBUG tourGuide.service.RewardsService - calculateRewards pour user : internalUser28
16:20:57.720 [pool-2-thread-37] DEBUG tourGuide.service.RewardsService - calculateRewards pour user : internalUser25
16:20:57.720 [pool-2-thread-82] DEBUG tourGuide.service.RewardsService - calculateRewards pour user : internalUser872
16:20:57.720 [pool-2-thread-80] DEBUG tourGuide.service.RewardsService - calculateRewards pour user : internalUser631
16:20:57.721 [pool-2-thread-9] DEBUG tourGuide.service.RewardsService - calculateRewards pour user : internalUser636
16:20:57.723 [pool-2-thread-42] DEBUG tourGuide.service.RewardsService - calculateRewards pour user : internalUser632
16:20:57.725 [pool-2-thread-75] DEBUG tourGuide.service.RewardsService - calculateRewards pour user : internalUser875
16:20:57.725 [pool-2-thread-71] DEBUG tourGuide.service.RewardsService - calculateRewards pour user : internalUser23
16:20:57.726 [pool-2-thread-45] DEBUG tourGuide.service.RewardsService - calculateRewards pour user : internalUser878
16:20:57.726 [pool-2-thread-84] DEBUG tourGuide.service.RewardsService - calculateRewards pour user : internalUser638
16:20:57.731 [pool-2-thread-8] DEBUG tourGuide.service.RewardsService - calculateRewards pour user : internalUser21
16:20:57.731 [pool-2-thread-11] DEBUG tourGuide.service.RewardsService - calculateRewards pour user : internalUser24
16:20:57.742 [pool-2-thread-68] DEBUG tourGuide.service.RewardsService - calculateRewards pour user : internalUser630
16:20:57.744 [pool-2-thread-69] DEBUG tourGuide.service.RewardsService - calculateRewards pour user : internalUser639
16:20:57.748 [pool-2-thread-30] DEBUG tourGuide.service.RewardsService - calculateRewards pour user : internalUser879
16:20:57.748 [pool-2-thread-89] DEBUG tourGuide.service.RewardsService - calculateRewards pour user : internalUser804
16:20:57.748 [pool-2-thread-90] DEBUG tourGuide.service.RewardsService - calculateRewards pour user : internalUser877
16:20:57.748 [pool-2-thread-3] DEBUG tourGuide.service.RewardsService - calculateRewards pour user : internalUser805
16:20:57.748 [pool-2-thread-12] DEBUG tourGuide.service.RewardsService - calculateRewards pour user : internalUser36
16:20:57.754 [pool-2-thread-29] DEBUG tourGuide.service.RewardsService - calculateRewards pour user : internalUser34
16:20:57.756 [pool-2-thread-31] DEBUG tourGuide.service.RewardsService - calculateRewards pour user : internalUser806
16:20:57.759 [pool-2-thread-81] DEBUG tourGuide.service.RewardsService - calculateRewards pour user : internalUser29
16:20:57.768 [pool-2-thread-88] DEBUG tourGuide.service.RewardsService - calculateRewards pour user : internalUser637
16:20:57.770 [pool-2-thread-44] DEBUG tourGuide.service.RewardsService - calculateRewards pour user : internalUser802
16:20:57.772 [pool-2-thread-4] DEBUG tourGuide.service.RewardsService - calculateRewards pour user : internalUser810
16:20:57.776 [pool-2-thread-14] DEBUG tourGuide.service.RewardsService - calculateRewards pour user : internalUser38
16:20:57.779 [pool-2-thread-85] DEBUG tourGuide.service.RewardsService - calculateRewards pour user : internalUser37
16:20:57.783 [pool-2-thread-48] DEBUG tourGuide.service.RewardsService - calculateRewards pour user : internalUser20
16:20:57.784 [pool-2-thread-56] DEBUG tourGuide.service.RewardsService - calculateRewards pour user : internalUser48
16:20:57.786 [pool-2-thread-23] DEBUG tourGuide.service.RewardsService - calculateRewards pour user : internalUser815
16:20:57.788 [pool-2-thread-34] DEBUG tourGuide.service.RewardsService - calculateRewards pour user : internalUser35
16:20:57.788 [pool-2-thread-72] DEBUG tourGuide.service.RewardsService - calculateRewards pour user : internalUser49
16:20:57.788 [pool-2-thread-99] DEBUG tourGuide.service.RewardsService - calculateRewards pour user : internalUser811
16:20:57.790 [pool-2-thread-25] DEBUG tourGuide.service.RewardsService - calculateRewards pour user : internalUser809
16:20:57.792 [pool-2-thread-35] DEBUG tourGuide.service.RewardsService - calculateRewards pour user : internalUser814
16:20:57.793 [pool-2-thread-10] DEBUG tourGuide.service.RewardsService - calculateRewards pour user : internalUser807
16:20:57.794 [pool-2-thread-22] DEBUG tourGuide.service.RewardsService - calculateRewards pour user : internalUser803
16:20:57.796 [pool-2-thread-60] DEBUG tourGuide.service.RewardsService - calculateRewards pour user : internalUser818
16:20:57.796 [pool-2-thread-38] DEBUG tourGuide.service.RewardsService - calculateRewards pour user : internalUser801
16:20:57.797 [pool-2-thread-62] DEBUG tourGuide.service.RewardsService - calculateRewards pour user : internalUser32
16:20:57.798 [pool-2-thread-5] DEBUG tourGuide.service.RewardsService - calculateRewards pour user : internalUser39
16:20:57.799 [pool-2-thread-52] DEBUG tourGuide.service.RewardsService - calculateRewards pour user : internalUser46
16:20:57.802 [pool-2-thread-1] DEBUG tourGuide.service.RewardsService - calculateRewards pour user : internalUser813
16:20:57.802 [pool-2-thread-97] DEBUG tourGuide.service.RewardsService - calculateRewards pour user : internalUser800
16:20:57.803 [pool-2-thread-58] DEBUG tourGuide.service.RewardsService - calculateRewards pour user : internalUser33
16:20:57.806 [pool-2-thread-57] DEBUG tourGuide.service.RewardsService - calculateRewards pour user : internalUser47
16:20:57.808 [pool-2-thread-55] DEBUG tourGuide.service.RewardsService - calculateRewards pour user : internalUser44
16:20:57.810 [pool-2-thread-79] DEBUG tourGuide.service.RewardsService - calculateRewards pour user : internalUser31
16:20:57.811 [pool-2-thread-65] DEBUG tourGuide.service.RewardsService - calculateRewards pour user : internalUser828
16:20:57.816 [pool-2-thread-77] DEBUG tourGuide.service.RewardsService - calculateRewards pour user : internalUser808
16:20:57.816 [pool-2-thread-39] DEBUG tourGuide.service.RewardsService - calculateRewards pour user : internalUser30
16:20:57.820 [pool-2-thread-96] DEBUG tourGuide.service.RewardsService - calculateRewards pour user : internalUser817
16:20:57.820 [pool-2-thread-50] DEBUG tourGuide.service.RewardsService - calculateRewards pour user : internalUser816
16:20:57.820 [pool-2-thread-17] DEBUG tourGuide.service.RewardsService - calculateRewards pour user : internalUser45
16:20:57.820 [pool-2-thread-91] DEBUG tourGuide.service.RewardsService - calculateRewards pour user : internalUser59
16:20:57.829 [pool-2-thread-51] DEBUG tourGuide.service.RewardsService - calculateRewards pour user : internalUser40
16:20:57.831 [pool-2-thread-28] DEBUG tourGuide.service.RewardsService - calculateRewards pour user : internalUser56
16:20:57.834 [pool-2-thread-83] DEBUG tourGuide.service.RewardsService - calculateRewards pour user : internalUser812
16:20:57.836 [pool-2-thread-100] DEBUG tourGuide.service.RewardsService - calculateRewards pour user : internalUser819
16:20:57.841 [pool-2-thread-21] DEBUG tourGuide.service.RewardsService - calculateRewards pour user : internalUser43
16:20:57.842 [pool-2-thread-47] DEBUG tourGuide.service.RewardsService - calculateRewards pour user : internalUser826
16:20:57.843 [pool-2-thread-76] DEBUG tourGuide.service.RewardsService - calculateRewards pour user : internalUser829
16:20:57.847 [pool-2-thread-36] DEBUG tourGuide.service.RewardsService - calculateRewards pour user : internalUser51
16:20:57.847 [pool-2-thread-18] DEBUG tourGuide.service.RewardsService - calculateRewards pour user : internalUser55
16:20:57.848 [pool-2-thread-59] DEBUG tourGuide.service.RewardsService - calculateRewards pour user : internalUser831
16:20:57.849 [pool-2-thread-2] DEBUG tourGuide.service.RewardsService - calculateRewards pour user : internalUser824
16:20:57.852 [pool-2-thread-86] DEBUG tourGuide.service.RewardsService - calculateRewards pour user : internalUser54
16:20:57.853 [pool-2-thread-74] DEBUG tourGuide.service.RewardsService - calculateRewards pour user : internalUser821
16:20:57.855 [pool-2-thread-73] DEBUG tourGuide.service.RewardsService - calculateRewards pour user : internalUser820
16:20:57.859 [pool-2-thread-6] DEBUG tourGuide.service.RewardsService - calculateRewards pour user : internalUser67
16:20:57.860 [pool-2-thread-61] DEBUG tourGuide.service.RewardsService - calculateRewards pour user : internalUser41
16:20:57.860 [pool-2-thread-95] DEBUG tourGuide.service.RewardsService - calculateRewards pour user : internalUser58
16:20:57.862 [pool-2-thread-41] DEBUG tourGuide.service.RewardsService - calculateRewards pour user : internalUser822
16:20:57.864 [pool-2-thread-24] DEBUG tourGuide.service.RewardsService - calculateRewards pour user : internalUser830
16:20:57.866 [pool-2-thread-15] DEBUG tourGuide.service.RewardsService - calculateRewards pour user : internalUser835
16:20:57.867 [pool-2-thread-94] DEBUG tourGuide.service.RewardsService - calculateRewards pour user : internalUser42
16:20:57.870 [pool-2-thread-40] DEBUG tourGuide.service.RewardsService - calculateRewards pour user : internalUser838
16:20:57.870 [pool-2-thread-13] DEBUG tourGuide.service.RewardsService - calculateRewards pour user : internalUser832
16:20:57.871 [pool-2-thread-63] DEBUG tourGuide.service.RewardsService - calculateRewards pour user : internalUser839
16:20:57.873 [pool-2-thread-67] DEBUG tourGuide.service.RewardsService - calculateRewards pour user : internalUser834
16:20:57.879 [pool-2-thread-19] DEBUG tourGuide.service.RewardsService - calculateRewards pour user : internalUser66
16:20:57.881 [pool-2-thread-93] DEBUG tourGuide.service.RewardsService - calculateRewards pour user : internalUser52
16:20:57.885 [pool-2-thread-46] DEBUG tourGuide.service.RewardsService - calculateRewards pour user : internalUser837
16:20:57.885 [pool-2-thread-32] DEBUG tourGuide.service.RewardsService - calculateRewards pour user : internalUser63
16:20:57.885 [pool-2-thread-54] DEBUG tourGuide.service.RewardsService - calculateRewards pour user : internalUser69
16:20:57.885 [pool-2-thread-7] DEBUG tourGuide.service.RewardsService - calculateRewards pour user : internalUser825
16:20:57.887 [pool-2-thread-66] DEBUG tourGuide.service.RewardsService - calculateRewards pour user : internalUser827
16:20:57.888 [pool-2-thread-53] DEBUG tourGuide.service.RewardsService - calculateRewards pour user : internalUser60
16:20:57.889 [pool-2-thread-16] DEBUG tourGuide.service.RewardsService - calculateRewards pour user : internalUser68
16:20:57.890 [pool-2-thread-98] DEBUG tourGuide.service.RewardsService - calculateRewards pour user : internalUser64
16:20:57.892 [pool-2-thread-78] DEBUG tourGuide.service.RewardsService - calculateRewards pour user : internalUser50
16:20:57.894 [pool-2-thread-92] DEBUG tourGuide.service.RewardsService - calculateRewards pour user : internalUser836
16:20:57.896 [pool-2-thread-43] DEBUG tourGuide.service.RewardsService - calculateRewards pour user : internalUser823
16:20:57.896 [pool-2-thread-27] DEBUG tourGuide.service.RewardsService - calculateRewards pour user : internalUser61
16:20:57.901 [pool-2-thread-33] DEBUG tourGuide.service.RewardsService - calculateRewards pour user : internalUser57
16:20:57.902 [pool-2-thread-20] DEBUG tourGuide.service.RewardsService - calculateRewards pour user : internalUser53
16:20:57.905 [pool-2-thread-64] DEBUG tourGuide.service.RewardsService - calculateRewards pour user : internalUser62
16:20:57.909 [pool-2-thread-75] DEBUG tourGuide.service.RewardsService - calculateRewards pour user : internalUser70
16:20:57.912 [pool-2-thread-26] DEBUG tourGuide.service.RewardsService - calculateRewards pour user : internalUser833
16:20:57.919 [pool-2-thread-82] DEBUG tourGuide.service.RewardsService - calculateRewards pour user : internalUser74
16:20:57.926 [pool-2-thread-45] DEBUG tourGuide.service.RewardsService - calculateRewards pour user : internalUser72
16:20:57.929 [pool-2-thread-70] DEBUG tourGuide.service.RewardsService - calculateRewards pour user : internalUser65
16:20:57.932 [pool-2-thread-8] DEBUG tourGuide.service.RewardsService - calculateRewards pour user : internalUser89
16:20:57.932 [pool-2-thread-44] DEBUG tourGuide.service.RewardsService - calculateRewards pour user : internalUser98
16:20:57.940 [pool-2-thread-84] DEBUG tourGuide.service.RewardsService - calculateRewards pour user : internalUser90
16:20:57.940 [pool-2-thread-12] DEBUG tourGuide.service.RewardsService - calculateRewards pour user : internalUser83
16:20:57.945 [pool-2-thread-68] DEBUG tourGuide.service.RewardsService - calculateRewards pour user : internalUser84
16:20:57.945 [pool-2-thread-49] DEBUG tourGuide.service.RewardsService - calculateRewards pour user : internalUser78
16:20:57.945 [pool-2-thread-48] DEBUG tourGuide.service.RewardsService - calculateRewards pour user : internalUser968
16:20:57.946 [pool-2-thread-89] DEBUG tourGuide.service.RewardsService - calculateRewards pour user : internalUser87
16:20:57.946 [pool-2-thread-87] DEBUG tourGuide.service.RewardsService - calculateRewards pour user : internalUser77
16:20:57.947 [pool-2-thread-9] DEBUG tourGuide.service.RewardsService - calculateRewards pour user : internalUser76
16:20:57.948 [pool-2-thread-42] DEBUG tourGuide.service.RewardsService - calculateRewards pour user : internalUser75
16:20:57.949 [pool-2-thread-71] DEBUG tourGuide.service.RewardsService - calculateRewards pour user : internalUser71
16:20:57.952 [pool-2-thread-14] DEBUG tourGuide.service.RewardsService - calculateRewards pour user : internalUser726
16:20:57.952 [pool-2-thread-37] DEBUG tourGuide.service.RewardsService - calculateRewards pour user : internalUser79
16:20:57.952 [pool-2-thread-80] DEBUG tourGuide.service.RewardsService - calculateRewards pour user : internalUser73
16:20:57.954 [pool-2-thread-69] DEBUG tourGuide.service.RewardsService - calculateRewards pour user : internalUser85
16:20:57.956 [pool-2-thread-88] DEBUG tourGuide.service.RewardsService - calculateRewards pour user : internalUser95
16:20:57.958 [pool-2-thread-90] DEBUG tourGuide.service.RewardsService - calculateRewards pour user : internalUser81
16:20:57.960 [pool-2-thread-11] DEBUG tourGuide.service.RewardsService - calculateRewards pour user : internalUser88
16:20:57.963 [pool-2-thread-81] DEBUG tourGuide.service.RewardsService - calculateRewards pour user : internalUser99
16:20:57.963 [pool-2-thread-29] DEBUG tourGuide.service.RewardsService - calculateRewards pour user : internalUser82
16:20:57.972 [pool-2-thread-30] DEBUG tourGuide.service.RewardsService - calculateRewards pour user : internalUser86
16:20:57.974 [pool-2-thread-23] DEBUG tourGuide.service.RewardsService - calculateRewards pour user : internalUser91
16:20:57.976 [pool-2-thread-56] DEBUG tourGuide.service.RewardsService - calculateRewards pour user : internalUser92
16:20:57.980 [pool-2-thread-31] DEBUG tourGuide.service.RewardsService - calculateRewards pour user : internalUser96
16:20:57.981 [pool-2-thread-62] DEBUG tourGuide.service.RewardsService - calculateRewards pour user : internalUser288
16:20:57.985 [pool-2-thread-57] DEBUG tourGuide.service.RewardsService - calculateRewards pour user : internalUser296
16:20:57.986 [pool-2-thread-38] DEBUG tourGuide.service.RewardsService - calculateRewards pour user : internalUser280
16:20:57.988 [pool-2-thread-35] DEBUG tourGuide.service.RewardsService - calculateRewards pour user : internalUser723
16:20:57.990 [pool-2-thread-3] DEBUG tourGuide.service.RewardsService - calculateRewards pour user : internalUser80
16:20:57.991 [pool-2-thread-77] DEBUG tourGuide.service.RewardsService - calculateRewards pour user : internalUser292
16:20:57.991 [pool-2-thread-58] DEBUG tourGuide.service.RewardsService - calculateRewards pour user : internalUser295
16:20:57.992 [pool-2-thread-25] DEBUG tourGuide.service.RewardsService - calculateRewards pour user : internalUser285
16:20:57.996 [pool-2-thread-4] DEBUG tourGuide.service.RewardsService - calculateRewards pour user : internalUser967
16:20:57.999 [pool-2-thread-72] DEBUG tourGuide.service.RewardsService - calculateRewards pour user : internalUser93
16:20:57.999 [pool-2-thread-34] DEBUG tourGuide.service.RewardsService - calculateRewards pour user : internalUser94
16:20:58.000 [pool-2-thread-85] DEBUG tourGuide.service.RewardsService - calculateRewards pour user : internalUser97
16:20:58.002 [pool-2-thread-10] DEBUG tourGuide.service.RewardsService - calculateRewards pour user : internalUser282
16:20:58.003 [pool-2-thread-22] DEBUG tourGuide.service.RewardsService - calculateRewards pour user : internalUser965
16:20:58.004 [pool-2-thread-5] DEBUG tourGuide.service.RewardsService - calculateRewards pour user : internalUser281
16:20:58.006 [pool-2-thread-52] DEBUG tourGuide.service.RewardsService - calculateRewards pour user : internalUser289
16:20:58.007 [pool-2-thread-99] DEBUG tourGuide.service.RewardsService - calculateRewards pour user : internalUser284
16:20:58.007 [pool-2-thread-79] DEBUG tourGuide.service.RewardsService - calculateRewards pour user : internalUser294
16:20:58.008 [pool-2-thread-1] DEBUG tourGuide.service.RewardsService - calculateRewards pour user : internalUser286
16:20:58.008 [pool-2-thread-47] DEBUG tourGuide.service.RewardsService - calculateRewards pour user : internalUser248
16:20:58.014 [pool-2-thread-97] DEBUG tourGuide.service.RewardsService - calculateRewards pour user : internalUser287
16:20:58.022 [pool-2-thread-60] DEBUG tourGuide.service.RewardsService - calculateRewards pour user : internalUser283
16:20:58.025 [pool-2-thread-55] DEBUG tourGuide.service.RewardsService - calculateRewards pour user : internalUser293
16:20:58.026 [pool-2-thread-39] DEBUG tourGuide.service.RewardsService - calculateRewards pour user : internalUser290
16:20:58.027 [pool-2-thread-65] DEBUG tourGuide.service.RewardsService - calculateRewards pour user : internalUser291
16:20:58.027 [pool-2-thread-76] DEBUG tourGuide.service.RewardsService - calculateRewards pour user : internalUser249
16:20:58.027 [pool-2-thread-36] DEBUG tourGuide.service.RewardsService - calculateRewards pour user : internalUser246
16:20:58.031 [pool-2-thread-18] DEBUG tourGuide.service.RewardsService - calculateRewards pour user : internalUser488
16:20:58.034 [pool-2-thread-40] DEBUG tourGuide.service.RewardsService - calculateRewards pour user : internalUser252
16:20:58.037 [pool-2-thread-91] DEBUG tourGuide.service.RewardsService - calculateRewards pour user : internalUser240
16:20:58.041 [pool-2-thread-13] DEBUG tourGuide.service.RewardsService - calculateRewards pour user : internalUser494
16:20:58.042 [pool-2-thread-94] DEBUG tourGuide.service.RewardsService - calculateRewards pour user : internalUser251
16:20:58.044 [pool-2-thread-17] DEBUG tourGuide.service.RewardsService - calculateRewards pour user : internalUser298
16:20:58.044 [pool-2-thread-86] DEBUG tourGuide.service.RewardsService - calculateRewards pour user : internalUser244
16:20:58.044 [pool-2-thread-28] DEBUG tourGuide.service.RewardsService - calculateRewards pour user : internalUser241
16:20:58.047 [pool-2-thread-2] DEBUG tourGuide.service.RewardsService - calculateRewards pour user : internalUser489
16:20:58.047 [pool-2-thread-100] DEBUG tourGuide.service.RewardsService - calculateRewards pour user : internalUser480
16:20:58.048 [pool-2-thread-51] DEBUG tourGuide.service.RewardsService - calculateRewards pour user : internalUser482
16:20:58.053 [pool-2-thread-73] DEBUG tourGuide.service.RewardsService - calculateRewards pour user : internalUser245
16:20:58.054 [pool-2-thread-21] DEBUG tourGuide.service.RewardsService - calculateRewards pour user : internalUser481
16:20:58.054 [pool-2-thread-41] DEBUG tourGuide.service.RewardsService - calculateRewards pour user : internalUser243
16:20:58.055 [pool-2-thread-50] DEBUG tourGuide.service.RewardsService - calculateRewards pour user : internalUser299
16:20:58.056 [pool-2-thread-96] DEBUG tourGuide.service.RewardsService - calculateRewards pour user : internalUser297
16:20:58.058 [pool-2-thread-15] DEBUG tourGuide.service.RewardsService - calculateRewards pour user : internalUser493
16:20:58.060 [pool-2-thread-95] DEBUG tourGuide.service.RewardsService - calculateRewards pour user : internalUser484
16:20:58.061 [pool-2-thread-98] DEBUG tourGuide.service.RewardsService - calculateRewards pour user : internalUser255
16:20:58.061 [pool-2-thread-16] DEBUG tourGuide.service.RewardsService - calculateRewards pour user : internalUser258
16:20:58.063 [pool-2-thread-83] DEBUG tourGuide.service.RewardsService - calculateRewards pour user : internalUser483
16:20:58.067 [pool-2-thread-93] DEBUG tourGuide.service.RewardsService - calculateRewards pour user : internalUser490
16:20:58.074 [pool-2-thread-43] DEBUG tourGuide.service.RewardsService - calculateRewards pour user : internalUser498
16:20:58.074 [pool-2-thread-20] DEBUG tourGuide.service.RewardsService - calculateRewards pour user : internalUser495
16:20:58.075 [pool-2-thread-59] DEBUG tourGuide.service.RewardsService - calculateRewards pour user : internalUser247
16:20:58.076 [pool-2-thread-6] DEBUG tourGuide.service.RewardsService - calculateRewards pour user : internalUser487
16:20:58.078 [pool-2-thread-33] DEBUG tourGuide.service.RewardsService - calculateRewards pour user : internalUser974
16:20:58.078 [pool-2-thread-27] DEBUG tourGuide.service.RewardsService - calculateRewards pour user : internalUser253
16:20:58.079 [pool-2-thread-74] DEBUG tourGuide.service.RewardsService - calculateRewards pour user : internalUser486
16:20:58.080 [pool-2-thread-7] DEBUG tourGuide.service.RewardsService - calculateRewards pour user : internalUser966
16:20:58.084 [pool-2-thread-32] DEBUG tourGuide.service.RewardsService - calculateRewards pour user : internalUser257
16:20:58.086 [pool-2-thread-19] DEBUG tourGuide.service.RewardsService - calculateRewards pour user : internalUser492
16:20:58.086 [pool-2-thread-26] DEBUG tourGuide.service.RewardsService - calculateRewards pour user : internalUser496
16:20:58.086 [pool-2-thread-54] DEBUG tourGuide.service.RewardsService - calculateRewards pour user : internalUser724
16:20:58.088 [pool-2-thread-61] DEBUG tourGuide.service.RewardsService - calculateRewards pour user : internalUser242
16:20:58.088 [pool-2-thread-75] DEBUG tourGuide.service.RewardsService - calculateRewards pour user : internalUser254
16:20:58.090 [pool-2-thread-63] DEBUG tourGuide.service.RewardsService - calculateRewards pour user : internalUser491
16:20:58.093 [pool-2-thread-24] DEBUG tourGuide.service.RewardsService - calculateRewards pour user : internalUser485
16:20:58.093 [pool-2-thread-67] DEBUG tourGuide.service.RewardsService - calculateRewards pour user : internalUser250
16:20:58.096 [pool-2-thread-46] DEBUG tourGuide.service.RewardsService - calculateRewards pour user : internalUser259
16:20:58.096 [pool-2-thread-92] DEBUG tourGuide.service.RewardsService - calculateRewards pour user : internalUser256
16:20:58.098 [pool-2-thread-78] DEBUG tourGuide.service.RewardsService - calculateRewards pour user : internalUser497
16:20:58.100 [pool-2-thread-44] DEBUG tourGuide.service.RewardsService - calculateRewards pour user : internalUser268
16:20:58.100 [pool-2-thread-53] DEBUG tourGuide.service.RewardsService - calculateRewards pour user : internalUser732
16:20:58.107 [pool-2-thread-64] DEBUG tourGuide.service.RewardsService - calculateRewards pour user : internalUser733
16:20:58.114 [pool-2-thread-89] DEBUG tourGuide.service.RewardsService - calculateRewards pour user : internalUser730
16:20:58.119 [pool-2-thread-84] DEBUG tourGuide.service.RewardsService - calculateRewards pour user : internalUser269
16:20:58.119 [pool-2-thread-70] DEBUG tourGuide.service.RewardsService - calculateRewards pour user : internalUser260
16:20:58.119 [pool-2-thread-66] DEBUG tourGuide.service.RewardsService - calculateRewards pour user : internalUser499
16:20:58.119 [pool-2-thread-69] DEBUG tourGuide.service.RewardsService - calculateRewards pour user : internalUser973
16:20:58.123 [pool-2-thread-48] DEBUG tourGuide.service.RewardsService - calculateRewards pour user : internalUser975
16:20:58.128 [pool-2-thread-49] DEBUG tourGuide.service.RewardsService - calculateRewards pour user : internalUser267
16:20:58.132 [pool-2-thread-68] DEBUG tourGuide.service.RewardsService - calculateRewards pour user : internalUser264
16:20:58.132 [pool-2-thread-82] DEBUG tourGuide.service.RewardsService - calculateRewards pour user : internalUser262
16:20:58.134 [pool-2-thread-30] DEBUG tourGuide.service.RewardsService - calculateRewards pour user : internalUser275
16:20:58.139 [pool-2-thread-45] DEBUG tourGuide.service.RewardsService - calculateRewards pour user : internalUser263
16:20:58.140 [pool-2-thread-37] DEBUG tourGuide.service.RewardsService - calculateRewards pour user : internalUser271
16:20:58.143 [pool-2-thread-29] DEBUG tourGuide.service.RewardsService - calculateRewards pour user : internalUser277
16:20:58.144 [pool-2-thread-8] DEBUG tourGuide.service.RewardsService - calculateRewards pour user : internalUser261
16:20:58.146 [pool-2-thread-56] DEBUG tourGuide.service.RewardsService - calculateRewards pour user : internalUser738
16:20:58.146 [pool-2-thread-88] DEBUG tourGuide.service.RewardsService - calculateRewards pour user : internalUser270
16:20:58.148 [pool-2-thread-12] DEBUG tourGuide.service.RewardsService - calculateRewards pour user : internalUser266
16:20:58.150 [pool-2-thread-87] DEBUG tourGuide.service.RewardsService - calculateRewards pour user : internalUser972
16:20:58.151 [pool-2-thread-14] DEBUG tourGuide.service.RewardsService - calculateRewards pour user : internalUser274
16:20:58.152 [pool-2-thread-90] DEBUG tourGuide.service.RewardsService - calculateRewards pour user : internalUser970
16:20:58.153 [pool-2-thread-42] DEBUG tourGuide.service.RewardsService - calculateRewards pour user : internalUser273
16:20:58.154 [pool-2-thread-38] DEBUG tourGuide.service.RewardsService - calculateRewards pour user : internalUser736
16:20:58.154 [pool-2-thread-3] DEBUG tourGuide.service.RewardsService - calculateRewards pour user : internalUser681
16:20:58.154 [pool-2-thread-35] DEBUG tourGuide.service.RewardsService - calculateRewards pour user : internalUser978
16:20:58.158 [pool-2-thread-80] DEBUG tourGuide.service.RewardsService - calculateRewards pour user : internalUser272
16:20:58.160 [pool-2-thread-77] DEBUG tourGuide.service.RewardsService - calculateRewards pour user : internalUser204
16:20:58.165 [pool-2-thread-71] DEBUG tourGuide.service.RewardsService - calculateRewards pour user : internalUser731
16:20:58.172 [pool-2-thread-85] DEBUG tourGuide.service.RewardsService - calculateRewards pour user : internalUser447
16:20:58.173 [pool-2-thread-9] DEBUG tourGuide.service.RewardsService - calculateRewards pour user : internalUser265
16:20:58.174 [pool-2-thread-11] DEBUG tourGuide.service.RewardsService - calculateRewards pour user : internalUser971
16:20:58.176 [pool-2-thread-4] DEBUG tourGuide.service.RewardsService - calculateRewards pour user : internalUser737
16:20:58.177 [pool-2-thread-81] DEBUG tourGuide.service.RewardsService - calculateRewards pour user : internalUser279
16:20:58.177 [pool-2-thread-25] DEBUG tourGuide.service.RewardsService - calculateRewards pour user : internalUser688
16:20:58.179 [pool-2-thread-23] DEBUG tourGuide.service.RewardsService - calculateRewards pour user : internalUser278
16:20:58.179 [pool-2-thread-47] DEBUG tourGuide.service.RewardsService - calculateRewards pour user : internalUser977
16:20:58.187 [pool-2-thread-57] DEBUG tourGuide.service.RewardsService - calculateRewards pour user : internalUser680
16:20:58.191 [pool-2-thread-62] DEBUG tourGuide.service.RewardsService - calculateRewards pour user : internalUser276
16:20:58.194 [pool-2-thread-34] DEBUG tourGuide.service.RewardsService - calculateRewards pour user : internalUser205
16:20:58.195 [pool-2-thread-10] DEBUG tourGuide.service.RewardsService - calculateRewards pour user : internalUser689
16:20:58.195 [pool-2-thread-60] DEBUG tourGuide.service.RewardsService - calculateRewards pour user : internalUser743
16:20:58.198 [pool-2-thread-79] DEBUG tourGuide.service.RewardsService - calculateRewards pour user : internalUser735
16:20:58.201 [pool-2-thread-72] DEBUG tourGuide.service.RewardsService - calculateRewards pour user : internalUser979
16:20:58.201 [pool-2-thread-52] DEBUG tourGuide.service.RewardsService - calculateRewards pour user : internalUser976
16:20:58.206 [pool-2-thread-1] DEBUG tourGuide.service.RewardsService - calculateRewards pour user : internalUser686
16:20:58.212 [pool-2-thread-13] DEBUG tourGuide.service.RewardsService - calculateRewards pour user : internalUser741
16:20:58.212 [pool-2-thread-31] DEBUG tourGuide.service.RewardsService - calculateRewards pour user : internalUser739
16:20:58.216 [pool-2-thread-99] DEBUG tourGuide.service.RewardsService - calculateRewards pour user : internalUser444
16:20:58.218 [pool-2-thread-65] DEBUG tourGuide.service.RewardsService - calculateRewards pour user : internalUser502
16:20:58.218 [pool-2-thread-55] DEBUG tourGuide.service.RewardsService - calculateRewards pour user : internalUser985
16:20:58.218 [pool-2-thread-97] DEBUG tourGuide.service.RewardsService - calculateRewards pour user : internalUser501
16:20:58.219 [pool-2-thread-5] DEBUG tourGuide.service.RewardsService - calculateRewards pour user : internalUser734
16:20:58.220 [pool-2-thread-40] DEBUG tourGuide.service.RewardsService - calculateRewards pour user : internalUser986
16:20:58.220 [pool-2-thread-58] DEBUG tourGuide.service.RewardsService - calculateRewards pour user : internalUser446
16:20:58.223 [pool-2-thread-22] DEBUG tourGuide.service.RewardsService - calculateRewards pour user : internalUser202
16:20:58.228 [pool-2-thread-18] DEBUG tourGuide.service.RewardsService - calculateRewards pour user : internalUser687
16:20:58.230 [pool-2-thread-100] DEBUG tourGuide.service.RewardsService - calculateRewards pour user : internalUser201
16:20:58.230 [pool-2-thread-17] DEBUG tourGuide.service.RewardsService - calculateRewards pour user : internalUser983
16:20:58.232 [pool-2-thread-41] DEBUG tourGuide.service.RewardsService - calculateRewards pour user : internalUser443
16:20:58.232 [pool-2-thread-96] DEBUG tourGuide.service.RewardsService - calculateRewards pour user : internalUser982
16:20:58.234 [pool-2-thread-94] DEBUG tourGuide.service.RewardsService - calculateRewards pour user : internalUser442
16:20:58.238 [pool-2-thread-28] DEBUG tourGuide.service.RewardsService - calculateRewards pour user : internalUser684
16:20:58.238 [pool-2-thread-21] DEBUG tourGuide.service.RewardsService - calculateRewards pour user : internalUser740
16:20:58.241 [pool-2-thread-95] DEBUG tourGuide.service.RewardsService - calculateRewards pour user : internalUser980
16:20:58.248 [pool-2-thread-36] DEBUG tourGuide.service.RewardsService - calculateRewards pour user : internalUser445
16:20:58.249 [pool-2-thread-93] DEBUG tourGuide.service.RewardsService - calculateRewards pour user : internalUser507
16:20:58.251 [pool-2-thread-2] DEBUG tourGuide.service.RewardsService - calculateRewards pour user : internalUser742
16:20:58.253 [pool-2-thread-76] DEBUG tourGuide.service.RewardsService - calculateRewards pour user : internalUser744
16:20:58.255 [pool-2-thread-83] DEBUG tourGuide.service.RewardsService - calculateRewards pour user : internalUser441
16:20:58.257 [pool-2-thread-39] DEBUG tourGuide.service.RewardsService - calculateRewards pour user : internalUser203
16:20:58.257 [pool-2-thread-98] DEBUG tourGuide.service.RewardsService - calculateRewards pour user : internalUser682
16:20:58.259 [pool-2-thread-27] DEBUG tourGuide.service.RewardsService - calculateRewards pour user : internalUser505
16:20:58.259 [pool-2-thread-20] DEBUG tourGuide.service.RewardsService - calculateRewards pour user : internalUser749
16:20:58.259 [pool-2-thread-91] DEBUG tourGuide.service.RewardsService - calculateRewards pour user : internalUser200
16:20:58.264 [pool-2-thread-50] DEBUG tourGuide.service.RewardsService - calculateRewards pour user : internalUser685
16:20:58.264 [pool-2-thread-86] DEBUG tourGuide.service.RewardsService - calculateRewards pour user : internalUser500
16:20:58.265 [pool-2-thread-59] DEBUG tourGuide.service.RewardsService - calculateRewards pour user : internalUser508
16:20:58.269 [pool-2-thread-19] DEBUG tourGuide.service.RewardsService - calculateRewards pour user : internalUser989
16:20:58.271 [pool-2-thread-46] DEBUG tourGuide.service.RewardsService - calculateRewards pour user : internalUser745
16:20:58.272 [pool-2-thread-26] DEBUG tourGuide.service.RewardsService - calculateRewards pour user : internalUser207
16:20:58.272 [pool-2-thread-73] DEBUG tourGuide.service.RewardsService - calculateRewards pour user : internalUser981
16:20:58.274 [pool-2-thread-15] DEBUG tourGuide.service.RewardsService - calculateRewards pour user : internalUser440
16:20:58.274 [pool-2-thread-92] DEBUG tourGuide.service.RewardsService - calculateRewards pour user : internalUser692
16:20:58.275 [pool-2-thread-54] DEBUG tourGuide.service.RewardsService - calculateRewards pour user : internalUser506
16:20:58.277 [pool-2-thread-43] DEBUG tourGuide.service.RewardsService - calculateRewards pour user : internalUser683
16:20:58.279 [pool-2-thread-51] DEBUG tourGuide.service.RewardsService - calculateRewards pour user : internalUser984
16:20:58.280 [pool-2-thread-44] DEBUG tourGuide.service.RewardsService - calculateRewards pour user : internalUser690
16:20:58.287 [pool-2-thread-16] DEBUG tourGuide.service.RewardsService - calculateRewards pour user : internalUser509
16:20:58.290 [pool-2-thread-33] DEBUG tourGuide.service.RewardsService - calculateRewards pour user : internalUser209
16:20:58.291 [pool-2-thread-24] DEBUG tourGuide.service.RewardsService - calculateRewards pour user : internalUser503
16:20:58.292 [pool-2-thread-53] DEBUG tourGuide.service.RewardsService - calculateRewards pour user : internalUser504
16:20:58.293 [pool-2-thread-67] DEBUG tourGuide.service.RewardsService - calculateRewards pour user : internalUser450
16:20:58.297 [pool-2-thread-63] DEBUG tourGuide.service.RewardsService - calculateRewards pour user : internalUser691
16:20:58.297 [pool-2-thread-61] DEBUG tourGuide.service.RewardsService - calculateRewards pour user : internalUser449
16:20:58.298 [pool-2-thread-78] DEBUG tourGuide.service.RewardsService - calculateRewards pour user : internalUser987
16:20:58.303 [pool-2-thread-49] DEBUG tourGuide.service.RewardsService - calculateRewards pour user : internalUser754
16:20:58.304 [pool-2-thread-6] DEBUG tourGuide.service.RewardsService - calculateRewards pour user : internalUser208
16:20:58.306 [pool-2-thread-7] DEBUG tourGuide.service.RewardsService - calculateRewards pour user : internalUser747
16:20:58.309 [pool-2-thread-89] DEBUG tourGuide.service.RewardsService - calculateRewards pour user : internalUser746
16:20:58.311 [pool-2-thread-64] DEBUG tourGuide.service.RewardsService - calculateRewards pour user : internalUser215
16:20:58.312 [pool-2-thread-70] DEBUG tourGuide.service.RewardsService - calculateRewards pour user : internalUser988
16:20:58.312 [pool-2-thread-66] DEBUG tourGuide.service.RewardsService - calculateRewards pour user : internalUser512
16:20:58.313 [pool-2-thread-74] DEBUG tourGuide.service.RewardsService - calculateRewards pour user : internalUser206
16:20:58.313 [pool-2-thread-37] DEBUG tourGuide.service.RewardsService - calculateRewards pour user : internalUser513
16:20:58.316 [pool-2-thread-12] DEBUG tourGuide.service.RewardsService - calculateRewards pour user : internalUser214
16:20:58.318 [pool-2-thread-32] DEBUG tourGuide.service.RewardsService - calculateRewards pour user : internalUser448
16:20:58.324 [pool-2-thread-75] DEBUG tourGuide.service.RewardsService - calculateRewards pour user : internalUser748
16:20:58.330 [pool-2-thread-68] DEBUG tourGuide.service.RewardsService - calculateRewards pour user : internalUser996
16:20:58.330 [pool-2-thread-30] DEBUG tourGuide.service.RewardsService - calculateRewards pour user : internalUser458
16:20:58.331 [pool-2-thread-29] DEBUG tourGuide.service.RewardsService - calculateRewards pour user : internalUser697
16:20:58.333 [pool-2-thread-42] DEBUG tourGuide.service.RewardsService - calculateRewards pour user : internalUser994
16:20:58.336 [pool-2-thread-77] DEBUG tourGuide.service.RewardsService - calculateRewards pour user : internalUser695
16:20:58.338 [pool-2-thread-69] DEBUG tourGuide.service.RewardsService - calculateRewards pour user : internalUser699
16:20:58.340 [pool-2-thread-87] DEBUG tourGuide.service.RewardsService - calculateRewards pour user : internalUser755
16:20:58.343 [pool-2-thread-38] DEBUG tourGuide.service.RewardsService - calculateRewards pour user : internalUser211
16:20:58.345 [pool-2-thread-88] DEBUG tourGuide.service.RewardsService - calculateRewards pour user : internalUser456
16:20:58.348 [pool-2-thread-45] DEBUG tourGuide.service.RewardsService - calculateRewards pour user : internalUser455
16:20:58.351 [pool-2-thread-14] DEBUG tourGuide.service.RewardsService - calculateRewards pour user : internalUser698
16:20:58.351 [pool-2-thread-84] DEBUG tourGuide.service.RewardsService - calculateRewards pour user : internalUser457
16:20:58.353 [pool-2-thread-48] DEBUG tourGuide.service.RewardsService - calculateRewards pour user : internalUser216
16:20:58.355 [pool-2-thread-80] DEBUG tourGuide.service.RewardsService - calculateRewards pour user : internalUser753
16:20:58.355 [pool-2-thread-85] DEBUG tourGuide.service.RewardsService - calculateRewards pour user : internalUser212
16:20:58.357 [pool-2-thread-82] DEBUG tourGuide.service.RewardsService - calculateRewards pour user : internalUser213
16:20:58.364 [pool-2-thread-81] DEBUG tourGuide.service.RewardsService - calculateRewards pour user : internalUser696
16:20:58.370 [pool-2-thread-4] DEBUG tourGuide.service.RewardsService - calculateRewards pour user : internalUser992
16:20:58.370 [pool-2-thread-34] DEBUG tourGuide.service.RewardsService - calculateRewards pour user : internalUser694
16:20:58.372 [pool-2-thread-56] DEBUG tourGuide.service.RewardsService - calculateRewards pour user : internalUser997
16:20:58.374 [pool-2-thread-3] DEBUG tourGuide.service.RewardsService - calculateRewards pour user : internalUser453
16:20:58.374 [pool-2-thread-72] DEBUG tourGuide.service.RewardsService - calculateRewards pour user : internalUser990
16:20:58.381 [pool-2-thread-11] DEBUG tourGuide.service.RewardsService - calculateRewards pour user : internalUser454
16:20:58.381 [pool-2-thread-31] DEBUG tourGuide.service.RewardsService - calculateRewards pour user : internalUser518
16:20:58.383 [pool-2-thread-1] DEBUG tourGuide.service.RewardsService - calculateRewards pour user : internalUser991
16:20:58.385 [pool-2-thread-9] DEBUG tourGuide.service.RewardsService - calculateRewards pour user : internalUser750
16:20:58.386 [pool-2-thread-8] DEBUG tourGuide.service.RewardsService - calculateRewards pour user : internalUser510
16:20:58.387 [pool-2-thread-57] DEBUG tourGuide.service.RewardsService - calculateRewards pour user : internalUser693
16:20:58.387 [pool-2-thread-35] DEBUG tourGuide.service.RewardsService - calculateRewards pour user : internalUser511
16:20:58.389 [pool-2-thread-23] DEBUG tourGuide.service.RewardsService - calculateRewards pour user : internalUser451
16:20:58.389 [pool-2-thread-90] DEBUG tourGuide.service.RewardsService - calculateRewards pour user : internalUser752
16:20:58.392 [pool-2-thread-40] DEBUG tourGuide.service.RewardsService - calculateRewards pour user : internalUser758
16:20:58.394 [pool-2-thread-5] DEBUG tourGuide.service.RewardsService - calculateRewards pour user : internalUser516
16:20:58.396 [pool-2-thread-58] DEBUG tourGuide.service.RewardsService - calculateRewards pour user : internalUser468
16:20:58.396 [pool-2-thread-55] DEBUG tourGuide.service.RewardsService - calculateRewards pour user : internalUser461
16:20:58.400 [pool-2-thread-47] DEBUG tourGuide.service.RewardsService - calculateRewards pour user : internalUser993
16:20:58.400 [pool-2-thread-13] DEBUG tourGuide.service.RewardsService - calculateRewards pour user : internalUser218
16:20:58.403 [pool-2-thread-65] DEBUG tourGuide.service.RewardsService - calculateRewards pour user : internalUser519
16:20:58.403 [pool-2-thread-71] DEBUG tourGuide.service.RewardsService - calculateRewards pour user : internalUser995
16:20:58.405 [pool-2-thread-25] DEBUG tourGuide.service.RewardsService - calculateRewards pour user : internalUser751
16:20:58.406 [pool-2-thread-97] DEBUG tourGuide.service.RewardsService - calculateRewards pour user : internalUser226
16:20:58.410 [pool-2-thread-79] DEBUG tourGuide.service.RewardsService - calculateRewards pour user : internalUser217
16:20:58.412 [pool-2-thread-28] DEBUG tourGuide.service.RewardsService - calculateRewards pour user : internalUser225
16:20:58.413 [pool-2-thread-52] DEBUG tourGuide.service.RewardsService - calculateRewards pour user : internalUser459
16:20:58.413 [pool-2-thread-94] DEBUG tourGuide.service.RewardsService - calculateRewards pour user : internalUser466
16:20:58.416 [pool-2-thread-22] DEBUG tourGuide.service.RewardsService - calculateRewards pour user : internalUser227
16:20:58.416 [pool-2-thread-62] DEBUG tourGuide.service.RewardsService - calculateRewards pour user : internalUser210
16:20:58.418 [pool-2-thread-76] DEBUG tourGuide.service.RewardsService - calculateRewards pour user : internalUser464
16:20:58.423 [pool-2-thread-60] DEBUG tourGuide.service.RewardsService - calculateRewards pour user : internalUser219
16:20:58.427 [pool-2-thread-96] DEBUG tourGuide.service.RewardsService - calculateRewards pour user : internalUser514
16:20:58.428 [pool-2-thread-10] DEBUG tourGuide.service.RewardsService - calculateRewards pour user : internalUser452
16:20:58.435 [pool-2-thread-98] DEBUG tourGuide.service.RewardsService - calculateRewards pour user : internalUser999
16:20:58.436 [pool-2-thread-17] DEBUG tourGuide.service.RewardsService - calculateRewards pour user : internalUser224
16:20:58.437 [pool-2-thread-93] DEBUG tourGuide.service.RewardsService - calculateRewards pour user : internalUser222
16:20:58.438 [pool-2-thread-95] DEBUG tourGuide.service.RewardsService - calculateRewards pour user : internalUser467
16:20:58.441 [pool-2-thread-100] DEBUG tourGuide.service.RewardsService - calculateRewards pour user : internalUser469
16:20:58.442 [pool-2-thread-19] DEBUG tourGuide.service.RewardsService - calculateRewards pour user : internalUser229
16:20:58.444 [pool-2-thread-99] DEBUG tourGuide.service.RewardsService - calculateRewards pour user : internalUser460
16:20:58.444 [pool-2-thread-26] DEBUG tourGuide.service.RewardsService - calculateRewards pour user : internalUser472
16:20:58.445 [pool-2-thread-21] DEBUG tourGuide.service.RewardsService - calculateRewards pour user : internalUser756
16:20:58.456 [pool-2-thread-41] DEBUG tourGuide.service.RewardsService - calculateRewards pour user : internalUser759
16:20:58.458 [pool-2-thread-2] DEBUG tourGuide.service.RewardsService - calculateRewards pour user : internalUser515
16:20:58.459 [pool-2-thread-27] DEBUG tourGuide.service.RewardsService - calculateRewards pour user : internalUser465
16:20:58.460 [pool-2-thread-83] DEBUG tourGuide.service.RewardsService - calculateRewards pour user : internalUser757
16:20:58.460 [pool-2-thread-18] DEBUG tourGuide.service.RewardsService - calculateRewards pour user : internalUser517
16:20:58.466 [pool-2-thread-67] DEBUG tourGuide.service.RewardsService - calculateRewards pour user : internalUser234
16:20:58.467 [pool-2-thread-20] DEBUG tourGuide.service.RewardsService - calculateRewards pour user : internalUser220
16:20:58.471 [pool-2-thread-39] DEBUG tourGuide.service.RewardsService - calculateRewards pour user : internalUser223
16:20:58.471 [pool-2-thread-63] DEBUG tourGuide.service.RewardsService - calculateRewards pour user : internalUser476
16:20:58.472 [pool-2-thread-73] DEBUG tourGuide.service.RewardsService - calculateRewards pour user : internalUser230
16:20:58.472 [pool-2-thread-46] DEBUG tourGuide.service.RewardsService - calculateRewards pour user : internalUser471
16:20:58.472 [pool-2-thread-15] DEBUG tourGuide.service.RewardsService - calculateRewards pour user : internalUser470
16:20:58.473 [pool-2-thread-61] DEBUG tourGuide.service.RewardsService - calculateRewards pour user : internalUser231
16:20:58.474 [pool-2-thread-36] DEBUG tourGuide.service.RewardsService - calculateRewards pour user : internalUser998
16:20:58.479 [pool-2-thread-92] DEBUG tourGuide.service.RewardsService - calculateRewards pour user : internalUser237
16:20:58.480 [pool-2-thread-89] DEBUG tourGuide.service.RewardsService - calculateRewards pour user : internalUser402
16:20:58.481 [pool-2-thread-54] DEBUG tourGuide.service.RewardsService - calculateRewards pour user : internalUser479
16:20:58.482 [pool-2-thread-86] DEBUG tourGuide.service.RewardsService - calculateRewards pour user : internalUser463
16:20:58.487 [pool-2-thread-24] DEBUG tourGuide.service.RewardsService - calculateRewards pour user : internalUser478
16:20:58.489 [pool-2-thread-53] DEBUG tourGuide.service.RewardsService - calculateRewards pour user : internalUser475
16:20:58.489 [pool-2-thread-49] DEBUG tourGuide.service.RewardsService - calculateRewards pour user : internalUser232
16:20:58.489 [pool-2-thread-70] DEBUG tourGuide.service.RewardsService - calculateRewards pour user : internalUser886
16:20:58.492 [pool-2-thread-59] DEBUG tourGuide.service.RewardsService - calculateRewards pour user : internalUser228
16:20:58.495 [pool-2-thread-91] DEBUG tourGuide.service.RewardsService - calculateRewards pour user : internalUser462
16:20:58.497 [pool-2-thread-44] DEBUG tourGuide.service.RewardsService - calculateRewards pour user : internalUser477
16:20:58.500 [pool-2-thread-50] DEBUG tourGuide.service.RewardsService - calculateRewards pour user : internalUser221
16:20:58.502 [pool-2-thread-75] DEBUG tourGuide.service.RewardsService - calculateRewards pour user : internalUser884
16:20:58.508 [pool-2-thread-78] DEBUG tourGuide.service.RewardsService - calculateRewards pour user : internalUser473
16:20:58.514 [pool-2-thread-12] DEBUG tourGuide.service.RewardsService - calculateRewards pour user : internalUser400
16:20:58.515 [pool-2-thread-51] DEBUG tourGuide.service.RewardsService - calculateRewards pour user : internalUser238
16:20:58.516 [pool-2-thread-43] DEBUG tourGuide.service.RewardsService - calculateRewards pour user : internalUser235
16:20:58.516 [pool-2-thread-16] DEBUG tourGuide.service.RewardsService - calculateRewards pour user : internalUser236
16:20:58.516 [pool-2-thread-7] DEBUG tourGuide.service.RewardsService - calculateRewards pour user : internalUser239
16:20:58.517 [pool-2-thread-29] DEBUG tourGuide.service.RewardsService - calculateRewards pour user : internalUser885
16:20:58.521 [pool-2-thread-33] DEBUG tourGuide.service.RewardsService - calculateRewards pour user : internalUser233
16:20:58.522 [pool-2-thread-37] DEBUG tourGuide.service.RewardsService - calculateRewards pour user : internalUser887
16:20:58.522 [pool-2-thread-42] DEBUG tourGuide.service.RewardsService - calculateRewards pour user : internalUser640
16:20:58.523 [pool-2-thread-88] DEBUG tourGuide.service.RewardsService - calculateRewards pour user : internalUser881
16:20:58.523 [pool-2-thread-68] DEBUG tourGuide.service.RewardsService - calculateRewards pour user : internalUser401
16:20:58.525 [pool-2-thread-87] DEBUG tourGuide.service.RewardsService - calculateRewards pour user : internalUser883
16:20:58.527 [pool-2-thread-38] DEBUG tourGuide.service.RewardsService - calculateRewards pour user : internalUser880
16:20:58.527 [pool-2-thread-6] DEBUG tourGuide.service.RewardsService - calculateRewards pour user : internalUser474
16:20:58.529 [pool-2-thread-32] DEBUG tourGuide.service.RewardsService - calculateRewards pour user : internalUser642
16:20:58.530 [pool-2-thread-80] DEBUG tourGuide.service.RewardsService - calculateRewards pour user : internalUser407
16:20:58.531 [pool-2-thread-14] DEBUG tourGuide.service.RewardsService - calculateRewards pour user : internalUser409
16:20:58.532 [pool-2-thread-74] DEBUG tourGuide.service.RewardsService - calculateRewards pour user : internalUser645
16:20:58.532 [pool-2-thread-4] DEBUG tourGuide.service.RewardsService - calculateRewards pour user : internalUser888
16:20:58.539 [pool-2-thread-82] DEBUG tourGuide.service.RewardsService - calculateRewards pour user : internalUser404
16:20:58.541 [pool-2-thread-69] DEBUG tourGuide.service.RewardsService - calculateRewards pour user : internalUser641
16:20:58.541 [pool-2-thread-3] DEBUG tourGuide.service.RewardsService - calculateRewards pour user : internalUser889
16:20:58.544 [pool-2-thread-64] DEBUG tourGuide.service.RewardsService - calculateRewards pour user : internalUser644
16:20:58.544 [pool-2-thread-81] DEBUG tourGuide.service.RewardsService - calculateRewards pour user : internalUser646
16:20:58.546 [pool-2-thread-84] DEBUG tourGuide.service.RewardsService - calculateRewards pour user : internalUser406
16:20:58.548 [pool-2-thread-66] DEBUG tourGuide.service.RewardsService - calculateRewards pour user : internalUser403
16:20:58.550 [pool-2-thread-1] DEBUG tourGuide.service.RewardsService - calculateRewards pour user : internalUser897
16:20:58.555 [pool-2-thread-90] DEBUG tourGuide.service.RewardsService - calculateRewards pour user : internalUser895
16:20:58.561 [pool-2-thread-9] DEBUG tourGuide.service.RewardsService - calculateRewards pour user : internalUser414
16:20:58.561 [pool-2-thread-77] DEBUG tourGuide.service.RewardsService - calculateRewards pour user : internalUser882
16:20:58.563 [pool-2-thread-48] DEBUG tourGuide.service.RewardsService - calculateRewards pour user : internalUser648
16:20:58.565 [pool-2-thread-40] DEBUG tourGuide.service.RewardsService - calculateRewards pour user : internalUser412
16:20:58.565 [pool-2-thread-30] DEBUG tourGuide.service.RewardsService - calculateRewards pour user : internalUser643
16:20:58.566 [pool-2-thread-11] DEBUG tourGuide.service.RewardsService - calculateRewards pour user : internalUser413
16:20:58.575 [pool-2-thread-55] DEBUG tourGuide.service.RewardsService - calculateRewards pour user : internalUser896
16:20:58.576 [pool-2-thread-31] DEBUG tourGuide.service.RewardsService - calculateRewards pour user : internalUser655
16:20:58.578 [pool-2-thread-23] DEBUG tourGuide.service.RewardsService - calculateRewards pour user : internalUser653
16:20:58.579 [pool-2-thread-65] DEBUG tourGuide.service.RewardsService - calculateRewards pour user : internalUser652
16:20:58.580 [pool-2-thread-58] DEBUG tourGuide.service.RewardsService - calculateRewards pour user : internalUser651
16:20:58.583 [pool-2-thread-94] DEBUG tourGuide.service.RewardsService - calculateRewards pour user : internalUser659
16:20:58.584 [pool-2-thread-85] DEBUG tourGuide.service.RewardsService - calculateRewards pour user : internalUser649
16:20:58.585 [pool-2-thread-45] DEBUG tourGuide.service.RewardsService - calculateRewards pour user : internalUser408
16:20:58.587 [pool-2-thread-34] DEBUG tourGuide.service.RewardsService - calculateRewards pour user : internalUser405
16:20:58.589 [pool-2-thread-97] DEBUG tourGuide.service.RewardsService - calculateRewards pour user : internalUser650
16:20:58.599 [pool-2-thread-56] DEBUG tourGuide.service.RewardsService - calculateRewards pour user : internalUser647
16:20:58.600 [pool-2-thread-8] DEBUG tourGuide.service.RewardsService - calculateRewards pour user : internalUser656
16:20:58.600 [pool-2-thread-57] DEBUG tourGuide.service.RewardsService - calculateRewards pour user : internalUser411
16:20:58.600 [pool-2-thread-72] DEBUG tourGuide.service.RewardsService - calculateRewards pour user : internalUser890
16:20:58.602 [pool-2-thread-5] DEBUG tourGuide.service.RewardsService - calculateRewards pour user : internalUser654
16:20:58.603 [pool-2-thread-95] DEBUG tourGuide.service.RewardsService - calculateRewards pour user : internalUser667
16:20:58.605 [pool-2-thread-47] DEBUG tourGuide.service.RewardsService - calculateRewards pour user : internalUser893
16:20:58.605 [pool-2-thread-62] DEBUG tourGuide.service.RewardsService - calculateRewards pour user : internalUser415
16:20:58.607 [pool-2-thread-28] DEBUG tourGuide.service.RewardsService - calculateRewards pour user : internalUser892
16:20:58.614 [pool-2-thread-13] DEBUG tourGuide.service.RewardsService - calculateRewards pour user : internalUser410
16:20:58.615 [pool-2-thread-35] DEBUG tourGuide.service.RewardsService - calculateRewards pour user : internalUser898
16:20:58.616 [pool-2-thread-22] DEBUG tourGuide.service.RewardsService - calculateRewards pour user : internalUser418
16:20:58.617 [pool-2-thread-21] DEBUG tourGuide.service.RewardsService - calculateRewards pour user : internalUser420
16:20:58.620 [pool-2-thread-41] DEBUG tourGuide.service.RewardsService - calculateRewards pour user : internalUser662
16:20:58.622 [pool-2-thread-52] DEBUG tourGuide.service.RewardsService - calculateRewards pour user : internalUser417
16:20:58.623 [pool-2-thread-26] DEBUG tourGuide.service.RewardsService - calculateRewards pour user : internalUser665
16:20:58.625 [pool-2-thread-71] DEBUG tourGuide.service.RewardsService - calculateRewards pour user : internalUser894
16:20:58.626 [pool-2-thread-17] DEBUG tourGuide.service.RewardsService - calculateRewards pour user : internalUser666
16:20:58.631 [pool-2-thread-18] DEBUG tourGuide.service.RewardsService - calculateRewards pour user : internalUser661
16:20:58.631 [pool-2-thread-96] DEBUG tourGuide.service.RewardsService - calculateRewards pour user : internalUser416
16:20:58.633 [pool-2-thread-25] DEBUG tourGuide.service.RewardsService - calculateRewards pour user : internalUser891
16:20:58.636 [pool-2-thread-93] DEBUG tourGuide.service.RewardsService - calculateRewards pour user : internalUser425
16:20:58.636 [pool-2-thread-76] DEBUG tourGuide.service.RewardsService - calculateRewards pour user : internalUser657
16:20:58.636 [pool-2-thread-19] DEBUG tourGuide.service.RewardsService - calculateRewards pour user : internalUser664
16:20:58.638 [pool-2-thread-79] DEBUG tourGuide.service.RewardsService - calculateRewards pour user : internalUser419
16:20:58.643 [pool-2-thread-60] DEBUG tourGuide.service.RewardsService - calculateRewards pour user : internalUser899
16:20:58.649 [pool-2-thread-20] DEBUG tourGuide.service.RewardsService - calculateRewards pour user : internalUser429
16:20:58.649 [pool-2-thread-89] DEBUG tourGuide.service.RewardsService - calculateRewards pour user : internalUser678
16:20:58.654 [pool-2-thread-39] DEBUG tourGuide.service.RewardsService - calculateRewards pour user : internalUser426
16:20:58.656 [pool-2-thread-73] DEBUG tourGuide.service.RewardsService - calculateRewards pour user : internalUser668
16:20:58.659 [pool-2-thread-10] DEBUG tourGuide.service.RewardsService - calculateRewards pour user : internalUser658
16:20:58.661 [pool-2-thread-15] DEBUG tourGuide.service.RewardsService - calculateRewards pour user : internalUser435
16:20:58.663 [pool-2-thread-98] DEBUG tourGuide.service.RewardsService - calculateRewards pour user : internalUser424
16:20:58.663 [pool-2-thread-99] DEBUG tourGuide.service.RewardsService - calculateRewards pour user : internalUser423
16:20:58.665 [pool-2-thread-91] DEBUG tourGuide.service.RewardsService - calculateRewards pour user : internalUser674
16:20:58.666 [pool-2-thread-53] DEBUG tourGuide.service.RewardsService - calculateRewards pour user : internalUser676
16:20:58.668 [pool-2-thread-100] DEBUG tourGuide.service.RewardsService - calculateRewards pour user : internalUser422
16:20:58.669 [pool-2-thread-54] DEBUG tourGuide.service.RewardsService - calculateRewards pour user : internalUser675
16:20:58.671 [pool-2-thread-27] DEBUG tourGuide.service.RewardsService - calculateRewards pour user : internalUser663
16:20:58.673 [pool-2-thread-83] DEBUG tourGuide.service.RewardsService - calculateRewards pour user : internalUser660
16:20:58.673 [pool-2-thread-61] DEBUG tourGuide.service.RewardsService - calculateRewards pour user : internalUser670
16:20:58.678 [pool-2-thread-24] DEBUG tourGuide.service.RewardsService - calculateRewards pour user : internalUser434
16:20:58.682 [pool-2-thread-2] DEBUG tourGuide.service.RewardsService - calculateRewards pour user : internalUser421
16:20:58.684 [pool-2-thread-46] DEBUG tourGuide.service.RewardsService - calculateRewards pour user : internalUser669
16:20:58.686 [pool-2-thread-67] DEBUG tourGuide.service.RewardsService - calculateRewards pour user : internalUser428
16:20:58.686 [pool-2-thread-36] DEBUG tourGuide.service.RewardsService - calculateRewards pour user : internalUser677
16:20:58.688 [pool-2-thread-86] DEBUG tourGuide.service.RewardsService - calculateRewards pour user : internalUser433
16:20:58.688 [pool-2-thread-49] DEBUG tourGuide.service.RewardsService - calculateRewards pour user : internalUser431
16:20:58.691 [pool-2-thread-59] DEBUG tourGuide.service.RewardsService - calculateRewards pour user : internalUser432
16:20:58.691 [pool-2-thread-63] DEBUG tourGuide.service.RewardsService - calculateRewards pour user : internalUser427
16:20:58.697 [pool-2-thread-33] DEBUG tourGuide.service.RewardsService - calculateRewards pour user : internalUser964
16:20:58.697 [pool-2-thread-37] DEBUG tourGuide.service.RewardsService - calculateRewards pour user : internalUser720
16:20:58.699 [pool-2-thread-78] DEBUG tourGuide.service.RewardsService - calculateRewards pour user : internalUser439
16:20:58.699 [pool-2-thread-92] DEBUG tourGuide.service.RewardsService - calculateRewards pour user : internalUser436
16:20:58.701 [pool-2-thread-44] DEBUG tourGuide.service.RewardsService - calculateRewards pour user : internalUser671
16:20:58.703 [pool-2-thread-7] DEBUG tourGuide.service.RewardsService - calculateRewards pour user : internalUser963
16:20:58.705 [pool-2-thread-12] DEBUG tourGuide.service.RewardsService - calculateRewards pour user : internalUser437
16:20:58.708 [pool-2-thread-70] DEBUG tourGuide.service.RewardsService - calculateRewards pour user : internalUser673
16:20:58.711 [pool-2-thread-69] DEBUG tourGuide.service.RewardsService - calculateRewards pour user : internalUser965
16:20:58.715 [pool-2-thread-87] DEBUG tourGuide.service.RewardsService - calculateRewards pour user : internalUser729
16:20:58.717 [pool-2-thread-80] DEBUG tourGuide.service.RewardsService - calculateRewards pour user : internalUser967
16:20:58.719 [pool-2-thread-64] DEBUG tourGuide.service.RewardsService - calculateRewards pour user : internalUser966
16:20:58.724 [pool-2-thread-88] DEBUG tourGuide.service.RewardsService - calculateRewards pour user : internalUser962
16:20:58.727 [pool-2-thread-82] DEBUG tourGuide.service.RewardsService - calculateRewards pour user : internalUser723
16:20:58.727 [pool-2-thread-81] DEBUG tourGuide.service.RewardsService - calculateRewards pour user : internalUser732
16:20:58.729 [pool-2-thread-51] DEBUG tourGuide.service.RewardsService - calculateRewards pour user : internalUser679
16:20:58.729 [pool-2-thread-29] DEBUG tourGuide.service.RewardsService - calculateRewards pour user : internalUser722
16:20:58.729 [pool-2-thread-50] DEBUG tourGuide.service.RewardsService - calculateRewards pour user : internalUser430
16:20:58.733 [pool-2-thread-43] DEBUG tourGuide.service.RewardsService - calculateRewards pour user : internalUser438
16:20:58.733 [pool-2-thread-75] DEBUG tourGuide.service.RewardsService - calculateRewards pour user : internalUser672
16:20:58.733 [pool-2-thread-48] DEBUG tourGuide.service.RewardsService - calculateRewards pour user : internalUser973
16:20:58.733 [pool-2-thread-68] DEBUG tourGuide.service.RewardsService - calculateRewards pour user : internalUser960
16:20:58.737 [pool-2-thread-14] DEBUG tourGuide.service.RewardsService - calculateRewards pour user : internalUser725
16:20:58.741 [pool-2-thread-77] DEBUG tourGuide.service.RewardsService - calculateRewards pour user : internalUser731
16:20:58.744 [pool-2-thread-16] DEBUG tourGuide.service.RewardsService - calculateRewards pour user : internalUser721
16:20:58.744 [pool-2-thread-11] DEBUG tourGuide.service.RewardsService - calculateRewards pour user : internalUser971
16:20:58.748 [pool-2-thread-65] DEBUG tourGuide.service.RewardsService - calculateRewards pour user : internalUser737
16:20:58.749 [pool-2-thread-90] DEBUG tourGuide.service.RewardsService - calculateRewards pour user : internalUser730
16:20:58.752 [pool-2-thread-42] DEBUG tourGuide.service.RewardsService - calculateRewards pour user : internalUser961
16:20:58.752 [pool-2-thread-23] DEBUG tourGuide.service.RewardsService - calculateRewards pour user : internalUser978
16:20:58.756 [pool-2-thread-32] DEBUG tourGuide.service.RewardsService - calculateRewards pour user : internalUser728
16:20:58.762 [pool-2-thread-38] DEBUG tourGuide.service.RewardsService - calculateRewards pour user : internalUser727
16:20:58.764 [pool-2-thread-55] DEBUG tourGuide.service.RewardsService - calculateRewards pour user : internalUser739
16:20:58.764 [pool-2-thread-3] DEBUG tourGuide.service.RewardsService - calculateRewards pour user : internalUser724
16:20:58.766 [pool-2-thread-6] DEBUG tourGuide.service.RewardsService - calculateRewards pour user : internalUser969
16:20:58.768 [pool-2-thread-5] DEBUG tourGuide.service.RewardsService - calculateRewards pour user : internalUser986
16:20:58.768 [pool-2-thread-30] DEBUG tourGuide.service.RewardsService - calculateRewards pour user : internalUser738
16:20:58.770 [pool-2-thread-74] DEBUG tourGuide.service.RewardsService - calculateRewards pour user : internalUser726
16:20:58.770 [pool-2-thread-4] DEBUG tourGuide.service.RewardsService - calculateRewards pour user : internalUser968
16:20:58.773 [pool-2-thread-66] DEBUG tourGuide.service.RewardsService - calculateRewards pour user : internalUser733
16:20:58.773 [pool-2-thread-40] DEBUG tourGuide.service.RewardsService - calculateRewards pour user : internalUser970
16:20:58.776 [pool-2-thread-57] DEBUG tourGuide.service.RewardsService - calculateRewards pour user : internalUser744
16:20:58.778 [pool-2-thread-94] DEBUG tourGuide.service.RewardsService - calculateRewards pour user : internalUser734
16:20:58.779 [pool-2-thread-95] DEBUG tourGuide.service.RewardsService - calculateRewards pour user : internalUser500
16:20:58.782 [pool-2-thread-35] DEBUG tourGuide.service.RewardsService - calculateRewards pour user : internalUser981
16:20:58.785 [pool-2-thread-1] DEBUG tourGuide.service.RewardsService - calculateRewards pour user : internalUser975
16:20:58.787 [pool-2-thread-84] DEBUG tourGuide.service.RewardsService - calculateRewards pour user : internalUser974
16:20:58.789 [pool-2-thread-9] DEBUG tourGuide.service.RewardsService - calculateRewards pour user : internalUser972
16:20:58.789 [pool-2-thread-31] DEBUG tourGuide.service.RewardsService - calculateRewards pour user : internalUser736
16:20:58.791 [pool-2-thread-85] DEBUG tourGuide.service.RewardsService - calculateRewards pour user : internalUser735
16:20:58.793 [pool-2-thread-45] DEBUG tourGuide.service.RewardsService - calculateRewards pour user : internalUser976
16:20:58.793 [pool-2-thread-41] DEBUG tourGuide.service.RewardsService - calculateRewards pour user : internalUser980
16:20:58.795 [pool-2-thread-72] DEBUG tourGuide.service.RewardsService - calculateRewards pour user : internalUser502
16:20:58.803 [pool-2-thread-58] DEBUG tourGuide.service.RewardsService - calculateRewards pour user : internalUser979
16:20:58.805 [pool-2-thread-47] DEBUG tourGuide.service.RewardsService - calculateRewards pour user : internalUser741
16:20:58.805 [pool-2-thread-21] DEBUG tourGuide.service.RewardsService - calculateRewards pour user : internalUser982
16:20:58.807 [pool-2-thread-79] DEBUG tourGuide.service.RewardsService - calculateRewards pour user : internalUser926
16:20:58.812 [pool-2-thread-17] DEBUG tourGuide.service.RewardsService - calculateRewards pour user : internalUser749
16:20:58.813 [pool-2-thread-13] DEBUG tourGuide.service.RewardsService - calculateRewards pour user : internalUser984
16:20:58.813 [pool-2-thread-71] DEBUG tourGuide.service.RewardsService - calculateRewards pour user : internalUser508
16:20:58.815 [pool-2-thread-25] DEBUG tourGuide.service.RewardsService - calculateRewards pour user : internalUser920
16:20:58.815 [pool-2-thread-56] DEBUG tourGuide.service.RewardsService - calculateRewards pour user : internalUser743
16:20:58.818 [pool-2-thread-8] DEBUG tourGuide.service.RewardsService - calculateRewards pour user : internalUser985
16:20:58.820 [pool-2-thread-34] DEBUG tourGuide.service.RewardsService - calculateRewards pour user : internalUser977
16:20:58.821 [pool-2-thread-28] DEBUG tourGuide.service.RewardsService - calculateRewards pour user : internalUser742
16:20:58.821 [pool-2-thread-22] DEBUG tourGuide.service.RewardsService - calculateRewards pour user : internalUser740
16:20:58.822 [pool-2-thread-97] DEBUG tourGuide.service.RewardsService - calculateRewards pour user : internalUser501
16:20:58.823 [pool-2-thread-93] DEBUG tourGuide.service.RewardsService - calculateRewards pour user : internalUser927
16:20:58.825 [pool-2-thread-18] DEBUG tourGuide.service.RewardsService - calculateRewards pour user : internalUser505
16:20:58.831 [pool-2-thread-89] DEBUG tourGuide.service.RewardsService - calculateRewards pour user : internalUser924
16:20:58.834 [pool-2-thread-100] DEBUG tourGuide.service.RewardsService - calculateRewards pour user : internalUser937
16:20:58.836 [pool-2-thread-20] DEBUG tourGuide.service.RewardsService - calculateRewards pour user : internalUser921
16:20:58.839 [pool-2-thread-62] DEBUG tourGuide.service.RewardsService - calculateRewards pour user : internalUser983
16:20:58.841 [pool-2-thread-52] DEBUG tourGuide.service.RewardsService - calculateRewards pour user : internalUser509
16:20:58.843 [pool-2-thread-96] DEBUG tourGuide.service.RewardsService - calculateRewards pour user : internalUser747
16:20:58.845 [pool-2-thread-24] DEBUG tourGuide.service.RewardsService - calculateRewards pour user : internalUser503
16:20:58.845 [pool-2-thread-26] DEBUG tourGuide.service.RewardsService - calculateRewards pour user : internalUser507
16:20:58.847 [pool-2-thread-73] DEBUG tourGuide.service.RewardsService - calculateRewards pour user : internalUser929
16:20:58.847 [pool-2-thread-99] DEBUG tourGuide.service.RewardsService - calculateRewards pour user : internalUser939
16:20:58.853 [pool-2-thread-36] DEBUG tourGuide.service.RewardsService - calculateRewards pour user : internalUser987
16:20:58.855 [pool-2-thread-76] DEBUG tourGuide.service.RewardsService - calculateRewards pour user : internalUser928
16:20:58.857 [pool-2-thread-19] DEBUG tourGuide.service.RewardsService - calculateRewards pour user : internalUser925
16:20:58.859 [pool-2-thread-59] DEBUG tourGuide.service.RewardsService - calculateRewards pour user : internalUser700
16:20:58.865 [pool-2-thread-53] DEBUG tourGuide.service.RewardsService - calculateRewards pour user : internalUser936
16:20:58.866 [pool-2-thread-10] DEBUG tourGuide.service.RewardsService - calculateRewards pour user : internalUser930
16:20:58.873 [pool-2-thread-60] DEBUG tourGuide.service.RewardsService - calculateRewards pour user : internalUser923
16:20:58.877 [pool-2-thread-92] DEBUG tourGuide.service.RewardsService - calculateRewards pour user : internalUser707
16:20:58.879 [pool-2-thread-98] DEBUG tourGuide.service.RewardsService - calculateRewards pour user : internalUser938
16:20:58.879 [pool-2-thread-15] DEBUG tourGuide.service.RewardsService - calculateRewards pour user : internalUser931
16:20:58.879 [pool-2-thread-39] DEBUG tourGuide.service.RewardsService - calculateRewards pour user : internalUser922
16:20:58.880 [pool-2-thread-69] DEBUG tourGuide.service.RewardsService - calculateRewards pour user : internalUser947
16:20:58.881 [pool-2-thread-37] DEBUG tourGuide.service.RewardsService - calculateRewards pour user : internalUser988
16:20:58.881 [pool-2-thread-83] DEBUG tourGuide.service.RewardsService - calculateRewards pour user : internalUser748
16:20:58.882 [pool-2-thread-7] DEBUG tourGuide.service.RewardsService - calculateRewards pour user : internalUser949
16:20:58.882 [pool-2-thread-46] DEBUG tourGuide.service.RewardsService - calculateRewards pour user : internalUser745
16:20:58.884 [pool-2-thread-91] DEBUG tourGuide.service.RewardsService - calculateRewards pour user : internalUser989
16:20:58.889 [pool-2-thread-61] DEBUG tourGuide.service.RewardsService - calculateRewards pour user : internalUser935
16:20:58.889 [pool-2-thread-78] DEBUG tourGuide.service.RewardsService - calculateRewards pour user : internalUser940
16:20:58.889 [pool-2-thread-54] DEBUG tourGuide.service.RewardsService - calculateRewards pour user : internalUser506
16:20:58.891 [pool-2-thread-88] DEBUG tourGuide.service.RewardsService - calculateRewards pour user : internalUser703
16:20:58.893 [pool-2-thread-2] DEBUG tourGuide.service.RewardsService - calculateRewards pour user : internalUser932
16:20:58.895 [pool-2-thread-49] DEBUG tourGuide.service.RewardsService - calculateRewards pour user : internalUser504
16:20:58.896 [pool-2-thread-51] DEBUG tourGuide.service.RewardsService - calculateRewards pour user : internalUser946
16:20:58.897 [pool-2-thread-63] DEBUG tourGuide.service.RewardsService - calculateRewards pour user : internalUser746
16:20:58.900 [pool-2-thread-27] DEBUG tourGuide.service.RewardsService - calculateRewards pour user : internalUser934
16:20:58.904 [pool-2-thread-80] DEBUG tourGuide.service.RewardsService - calculateRewards pour user : internalUser706
16:20:58.906 [pool-2-thread-48] DEBUG tourGuide.service.RewardsService - calculateRewards pour user : internalUser944
16:20:58.911 [pool-2-thread-75] DEBUG tourGuide.service.RewardsService - calculateRewards pour user : internalUser709
16:20:58.911 [pool-2-thread-67] DEBUG tourGuide.service.RewardsService - calculateRewards pour user : internalUser933
16:20:58.914 [pool-2-thread-14] DEBUG tourGuide.service.RewardsService - calculateRewards pour user : internalUser952
16:20:58.915 [pool-2-thread-44] DEBUG tourGuide.service.RewardsService - calculateRewards pour user : internalUser512
16:20:58.918 [pool-2-thread-86] DEBUG tourGuide.service.RewardsService - calculateRewards pour user : internalUser941
16:20:58.919 [pool-2-thread-33] DEBUG tourGuide.service.RewardsService - calculateRewards pour user : internalUser942
16:20:58.920 [pool-2-thread-70] DEBUG tourGuide.service.RewardsService - calculateRewards pour user : internalUser705
16:20:58.929 [pool-2-thread-81] DEBUG tourGuide.service.RewardsService - calculateRewards pour user : internalUser704
16:20:58.929 [pool-2-thread-65] DEBUG tourGuide.service.RewardsService - calculateRewards pour user : internalUser951
16:20:58.932 [pool-2-thread-16] DEBUG tourGuide.service.RewardsService - calculateRewards pour user : internalUser953
16:20:58.933 [pool-2-thread-77] DEBUG tourGuide.service.RewardsService - calculateRewards pour user : internalUser711
16:20:58.935 [pool-2-thread-42] DEBUG tourGuide.service.RewardsService - calculateRewards pour user : internalUser719
16:20:58.937 [pool-2-thread-11] DEBUG tourGuide.service.RewardsService - calculateRewards pour user : internalUser950
16:20:58.938 [pool-2-thread-12] DEBUG tourGuide.service.RewardsService - calculateRewards pour user : internalUser708
16:20:58.938 [pool-2-thread-87] DEBUG tourGuide.service.RewardsService - calculateRewards pour user : internalUser754
16:20:58.939 [pool-2-thread-5] DEBUG tourGuide.service.RewardsService - calculateRewards pour user : internalUser715
16:20:58.940 [pool-2-thread-90] DEBUG tourGuide.service.RewardsService - calculateRewards pour user : internalUser718
16:20:58.944 [pool-2-thread-50] DEBUG tourGuide.service.RewardsService - calculateRewards pour user : internalUser701
16:20:58.944 [pool-2-thread-3] DEBUG tourGuide.service.RewardsService - calculateRewards pour user : internalUser714
16:20:58.948 [pool-2-thread-29] DEBUG tourGuide.service.RewardsService - calculateRewards pour user : internalUser943
16:20:58.951 [pool-2-thread-23] DEBUG tourGuide.service.RewardsService - calculateRewards pour user : internalUser716
16:20:58.952 [pool-2-thread-64] DEBUG tourGuide.service.RewardsService - calculateRewards pour user : internalUser948
16:20:58.954 [pool-2-thread-82] DEBUG tourGuide.service.RewardsService - calculateRewards pour user : internalUser945
16:20:58.955 [pool-2-thread-68] DEBUG tourGuide.service.RewardsService - calculateRewards pour user : internalUser710
16:20:58.958 [pool-2-thread-38] DEBUG tourGuide.service.RewardsService - calculateRewards pour user : internalUser717
16:20:58.959 [pool-2-thread-43] DEBUG tourGuide.service.RewardsService - calculateRewards pour user : internalUser702
16:20:58.965 [pool-2-thread-6] DEBUG tourGuide.service.RewardsService - calculateRewards pour user : internalUser956
16:20:58.967 [pool-2-thread-41] DEBUG tourGuide.service.RewardsService - calculateRewards pour user : internalUser917
16:20:58.969 [pool-2-thread-21] DEBUG tourGuide.service.RewardsService - calculateRewards pour user : internalUser912
16:20:58.970 [pool-2-thread-30] DEBUG tourGuide.service.RewardsService - calculateRewards pour user : internalUser957
16:20:58.970 [pool-2-thread-40] DEBUG tourGuide.service.RewardsService - calculateRewards pour user : internalUser713
16:20:58.974 [pool-2-thread-1] DEBUG tourGuide.service.RewardsService - calculateRewards pour user : internalUser901
16:20:58.975 [pool-2-thread-4] DEBUG tourGuide.service.RewardsService - calculateRewards pour user : internalUser712
16:20:58.975 [pool-2-thread-55] DEBUG tourGuide.service.RewardsService - calculateRewards pour user : internalUser959
16:20:58.980 [pool-2-thread-31] DEBUG tourGuide.service.RewardsService - calculateRewards pour user : internalUser909
16:20:58.983 [pool-2-thread-85] DEBUG tourGuide.service.RewardsService - calculateRewards pour user : internalUser907
16:20:58.989 [pool-2-thread-32] DEBUG tourGuide.service.RewardsService - calculateRewards pour user : internalUser958
16:20:58.990 [pool-2-thread-84] DEBUG tourGuide.service.RewardsService - calculateRewards pour user : internalUser902
16:20:58.991 [pool-2-thread-72] DEBUG tourGuide.service.RewardsService - calculateRewards pour user : internalUser916
16:20:58.991 [pool-2-thread-97] DEBUG tourGuide.service.RewardsService - calculateRewards pour user : internalUser752
16:20:58.992 [pool-2-thread-22] DEBUG tourGuide.service.RewardsService - calculateRewards pour user : internalUser510
16:20:58.992 [pool-2-thread-74] DEBUG tourGuide.service.RewardsService - calculateRewards pour user : internalUser954
16:20:58.992 [pool-2-thread-45] DEBUG tourGuide.service.RewardsService - calculateRewards pour user : internalUser908
16:20:58.996 [pool-2-thread-56] DEBUG tourGuide.service.RewardsService - calculateRewards pour user : internalUser996
16:20:58.996 [pool-2-thread-66] DEBUG tourGuide.service.RewardsService - calculateRewards pour user : internalUser955
16:20:58.997 [pool-2-thread-95] DEBUG tourGuide.service.RewardsService - calculateRewards pour user : internalUser906
16:20:58.998 [pool-2-thread-94] DEBUG tourGuide.service.RewardsService - calculateRewards pour user : internalUser903
16:20:58.998 [pool-2-thread-35] DEBUG tourGuide.service.RewardsService - calculateRewards pour user : internalUser904
16:20:58.998 [pool-2-thread-9] DEBUG tourGuide.service.RewardsService - calculateRewards pour user : internalUser900
16:20:58.999 [pool-2-thread-71] DEBUG tourGuide.service.RewardsService - calculateRewards pour user : internalUser918
16:20:59.001 [pool-2-thread-25] DEBUG tourGuide.service.RewardsService - calculateRewards pour user : internalUser919
16:20:59.003 [pool-2-thread-47] DEBUG tourGuide.service.RewardsService - calculateRewards pour user : internalUser915
16:20:59.007 [pool-2-thread-20] DEBUG tourGuide.service.RewardsService - calculateRewards pour user : internalUser750
16:20:59.009 [pool-2-thread-57] DEBUG tourGuide.service.RewardsService - calculateRewards pour user : internalUser905
16:20:59.009 [pool-2-thread-96] DEBUG tourGuide.service.RewardsService - calculateRewards pour user : internalUser993
16:20:59.011 [pool-2-thread-93] DEBUG tourGuide.service.RewardsService - calculateRewards pour user : internalUser994
16:20:59.013 [pool-2-thread-79] DEBUG tourGuide.service.RewardsService - calculateRewards pour user : internalUser913
16:20:59.018 [pool-2-thread-58] DEBUG tourGuide.service.RewardsService - calculateRewards pour user : internalUser914
16:20:59.020 [pool-2-thread-89] DEBUG tourGuide.service.RewardsService - calculateRewards pour user : internalUser753
16:20:59.020 [pool-2-thread-26] DEBUG tourGuide.service.RewardsService - calculateRewards pour user : internalUser991
16:20:59.020 [pool-2-thread-29] DEBUG tourGuide.service.RewardsService - calculateRewards => ******************* passage nearAttraction : internalUser943
16:20:59.022 [pool-2-thread-59] DEBUG tourGuide.service.RewardsService - calculateRewards pour user : internalUser759
16:20:59.027 [pool-2-thread-8] DEBUG tourGuide.service.RewardsService - calculateRewards pour user : internalUser513
16:20:59.027 [pool-2-thread-76] DEBUG tourGuide.service.RewardsService - calculateRewards pour user : internalUser758
16:20:59.030 [pool-2-thread-73] DEBUG tourGuide.service.RewardsService - calculateRewards pour user : internalUser518
16:20:59.030 [pool-2-thread-13] DEBUG tourGuide.service.RewardsService - calculateRewards pour user : internalUser911
16:20:59.032 [pool-2-thread-100] DEBUG tourGuide.service.RewardsService - calculateRewards pour user : internalUser995
16:20:59.032 [pool-2-thread-99] DEBUG tourGuide.service.RewardsService - calculateRewards pour user : internalUser519
16:20:59.034 [pool-2-thread-18] DEBUG tourGuide.service.RewardsService - calculateRewards pour user : internalUser511
16:20:59.034 [pool-2-thread-17] DEBUG tourGuide.service.RewardsService - calculateRewards pour user : internalUser910
16:20:59.036 [pool-2-thread-34] DEBUG tourGuide.service.RewardsService - calculateRewards pour user : internalUser755
16:20:59.043 [pool-2-thread-60] DEBUG tourGuide.service.RewardsService - calculateRewards pour user : internalUser998
16:20:59.045 [pool-2-thread-24] DEBUG tourGuide.service.RewardsService - calculateRewards pour user : internalUser990
16:20:59.045 [pool-2-thread-36] DEBUG tourGuide.service.RewardsService - calculateRewards pour user : internalUser516
16:20:59.048 [pool-2-thread-62] DEBUG tourGuide.service.RewardsService - calculateRewards pour user : internalUser992
16:20:59.055 [pool-2-thread-28] DEBUG tourGuide.service.RewardsService - calculateRewards pour user : internalUser997
16:20:59.055 [pool-2-thread-98] DEBUG tourGuide.service.RewardsService - calculateRewards pour user : internalUser757
16:20:59.061 [pool-2-thread-61] DEBUG tourGuide.service.RewardsService - calculateRewards pour user : internalUser921
16:20:59.061 [pool-2-thread-2] DEBUG tourGuide.service.RewardsService - calculateRewards pour user : internalUser931
16:20:59.062 [pool-2-thread-83] DEBUG tourGuide.service.RewardsService - calculateRewards pour user : internalUser925
16:20:59.065 [pool-2-thread-15] DEBUG tourGuide.service.RewardsService - calculateRewards pour user : internalUser999
16:20:59.065 [pool-2-thread-91] DEBUG tourGuide.service.RewardsService - calculateRewards pour user : internalUser924
16:20:59.067 [pool-2-thread-52] DEBUG tourGuide.service.RewardsService - calculateRewards pour user : internalUser751
16:20:59.069 [pool-2-thread-19] DEBUG tourGuide.service.RewardsService - calculateRewards pour user : internalUser517
16:20:59.070 [pool-2-thread-53] DEBUG tourGuide.service.RewardsService - calculateRewards pour user : internalUser514
16:20:59.071 [pool-2-thread-80] DEBUG tourGuide.service.RewardsService - calculateRewards pour user : internalUser934
16:20:59.085 [pool-2-thread-48] DEBUG tourGuide.service.RewardsService - calculateRewards pour user : internalUser935
16:20:59.085 [pool-2-thread-67] DEBUG tourGuide.service.RewardsService - calculateRewards pour user : internalUser933
16:20:59.086 [pool-2-thread-27] DEBUG tourGuide.service.RewardsService - calculateRewards pour user : internalUser936
16:20:59.090 [pool-2-thread-10] DEBUG tourGuide.service.RewardsService - calculateRewards pour user : internalUser756
16:20:59.090 [pool-2-thread-54] DEBUG tourGuide.service.RewardsService - calculateRewards pour user : internalUser929
16:20:59.090 [pool-2-thread-14] DEBUG tourGuide.service.RewardsService - calculateRewards pour user : internalUser941
16:20:59.092 [pool-2-thread-92] DEBUG tourGuide.service.RewardsService - calculateRewards pour user : internalUser515
16:20:59.093 [pool-2-thread-88] DEBUG tourGuide.service.RewardsService - calculateRewards pour user : internalUser930
16:20:59.093 [pool-2-thread-39] DEBUG tourGuide.service.RewardsService - calculateRewards pour user : internalUser920
16:20:59.099 [pool-2-thread-81] DEBUG tourGuide.service.RewardsService - calculateRewards pour user : internalUser949
16:20:59.099 [pool-2-thread-37] DEBUG tourGuide.service.RewardsService - calculateRewards pour user : internalUser928
16:20:59.101 [pool-2-thread-63] DEBUG tourGuide.service.RewardsService - calculateRewards pour user : internalUser937
16:20:59.106 [pool-2-thread-7] DEBUG tourGuide.service.RewardsService - calculateRewards pour user : internalUser926
16:20:59.107 [pool-2-thread-69] DEBUG tourGuide.service.RewardsService - calculateRewards pour user : internalUser927
16:20:59.109 [pool-2-thread-75] DEBUG tourGuide.service.RewardsService - calculateRewards pour user : internalUser932
16:20:59.109 [pool-2-thread-46] DEBUG tourGuide.service.RewardsService - calculateRewards pour user : internalUser923
16:20:59.109 [pool-2-thread-51] DEBUG tourGuide.service.RewardsService - calculateRewards pour user : internalUser939
16:20:59.112 [pool-2-thread-86] DEBUG tourGuide.service.RewardsService - calculateRewards pour user : internalUser942
16:20:59.115 [pool-2-thread-42] DEBUG tourGuide.service.RewardsService - calculateRewards pour user : internalUser706
16:20:59.116 [pool-2-thread-44] DEBUG tourGuide.service.RewardsService - calculateRewards pour user : internalUser700
16:20:59.116 [pool-2-thread-23] DEBUG tourGuide.service.RewardsService - calculateRewards pour user : internalUser702
16:20:59.116 [pool-2-thread-49] DEBUG tourGuide.service.RewardsService - calculateRewards pour user : internalUser938
16:20:59.118 [pool-2-thread-11] DEBUG tourGuide.service.RewardsService - calculateRewards pour user : internalUser948
16:20:59.119 [pool-2-thread-78] DEBUG tourGuide.service.RewardsService - calculateRewards pour user : internalUser922
16:20:59.120 [pool-2-thread-87] DEBUG tourGuide.service.RewardsService - calculateRewards pour user : internalUser945
16:20:59.124 [pool-2-thread-77] DEBUG tourGuide.service.RewardsService - calculateRewards pour user : internalUser947
16:20:59.128 [pool-2-thread-5] DEBUG tourGuide.service.RewardsService - calculateRewards pour user : internalUser946
16:20:59.128 [pool-2-thread-90] DEBUG tourGuide.service.RewardsService - calculateRewards pour user : internalUser704
16:20:59.130 [pool-2-thread-33] DEBUG tourGuide.service.RewardsService - calculateRewards pour user : internalUser940
16:20:59.130 [pool-2-thread-43] DEBUG tourGuide.service.RewardsService - calculateRewards pour user : internalUser952
16:20:59.133 [pool-2-thread-65] DEBUG tourGuide.service.RewardsService - calculateRewards pour user : internalUser708
16:20:59.138 [pool-2-thread-16] DEBUG tourGuide.service.RewardsService - calculateRewards pour user : internalUser705
16:20:59.140 [pool-2-thread-82] DEBUG tourGuide.service.RewardsService - calculateRewards pour user : internalUser709
16:20:59.140 [pool-2-thread-3] DEBUG tourGuide.service.RewardsService - calculateRewards pour user : internalUser943
16:20:59.143 [pool-2-thread-30] DEBUG tourGuide.service.RewardsService - calculateRewards pour user : internalUser718
16:20:59.143 [pool-2-thread-40] DEBUG tourGuide.service.RewardsService - calculateRewards pour user : internalUser719
16:20:59.143 [pool-2-thread-70] DEBUG tourGuide.service.RewardsService - calculateRewards pour user : internalUser707
16:20:59.145 [pool-2-thread-85] DEBUG tourGuide.service.RewardsService - calculateRewards pour user : internalUser714
16:20:59.147 [pool-2-thread-31] DEBUG tourGuide.service.RewardsService - calculateRewards pour user : internalUser959
16:20:59.152 [pool-2-thread-55] DEBUG tourGuide.service.RewardsService - calculateRewards pour user : internalUser717
16:20:59.158 [pool-2-thread-72] DEBUG tourGuide.service.RewardsService - calculateRewards pour user : internalUser957
16:20:59.161 [pool-2-thread-1] DEBUG tourGuide.service.RewardsService - calculateRewards pour user : internalUser716
16:20:59.161 [pool-2-thread-45] DEBUG tourGuide.service.RewardsService - calculateRewards pour user : internalUser955
16:20:59.163 [pool-2-thread-50] DEBUG tourGuide.service.RewardsService - calculateRewards pour user : internalUser701
16:20:59.163 [pool-2-thread-4] DEBUG tourGuide.service.RewardsService - calculateRewards pour user : internalUser958
16:20:59.171 [pool-2-thread-68] DEBUG tourGuide.service.RewardsService - calculateRewards pour user : internalUser710
16:20:59.173 [pool-2-thread-38] DEBUG tourGuide.service.RewardsService - calculateRewards pour user : internalUser711
16:20:59.173 [pool-2-thread-12] DEBUG tourGuide.service.RewardsService - calculateRewards pour user : internalUser703
16:20:59.175 [pool-2-thread-21] DEBUG tourGuide.service.RewardsService - calculateRewards pour user : internalUser951
16:20:59.183 [pool-2-thread-96] DEBUG tourGuide.service.RewardsService - calculateRewards pour user : internalUser917
16:20:59.186 [pool-2-thread-64] DEBUG tourGuide.service.RewardsService - calculateRewards pour user : internalUser944
16:20:59.186 [pool-2-thread-35] DEBUG tourGuide.service.RewardsService - calculateRewards pour user : internalUser901
16:20:59.192 [pool-2-thread-89] DEBUG tourGuide.service.RewardsService - calculateRewards pour user : internalUser913
16:20:59.192 [pool-2-thread-20] DEBUG tourGuide.service.RewardsService - calculateRewards pour user : internalUser908
16:20:59.195 [pool-2-thread-6] DEBUG tourGuide.service.RewardsService - calculateRewards pour user : internalUser953
16:20:59.195 [pool-2-thread-79] DEBUG tourGuide.service.RewardsService - calculateRewards pour user : internalUser915
16:20:59.197 [pool-2-thread-3] DEBUG tourGuide.service.RewardsService - calculateRewards => ******************* passage nearAttraction : internalUser943
16:20:59.197 [pool-2-thread-9] DEBUG tourGuide.service.RewardsService - calculateRewards pour user : internalUser902
16:20:59.197 [pool-2-thread-97] DEBUG tourGuide.service.RewardsService - calculateRewards pour user : internalUser712
16:20:59.202 [pool-2-thread-41] DEBUG tourGuide.service.RewardsService - calculateRewards pour user : internalUser950
16:20:59.205 [pool-2-thread-71] DEBUG tourGuide.service.RewardsService - calculateRewards pour user : internalUser900
16:20:59.207 [pool-2-thread-32] DEBUG tourGuide.service.RewardsService - calculateRewards pour user : internalUser956
16:20:59.207 [pool-2-thread-22] DEBUG tourGuide.service.RewardsService - calculateRewards pour user : internalUser954
16:20:59.207 [pool-2-thread-8] DEBUG tourGuide.service.RewardsService - calculateRewards pour user : internalUser918
16:20:59.207 [pool-2-thread-84] DEBUG tourGuide.service.RewardsService - calculateRewards pour user : internalUser715
16:20:59.209 [pool-2-thread-74] DEBUG tourGuide.service.RewardsService - calculateRewards pour user : internalUser713
16:20:59.209 [pool-2-thread-76] DEBUG tourGuide.service.RewardsService - calculateRewards pour user : internalUser919
16:20:59.211 [pool-2-thread-57] DEBUG tourGuide.service.RewardsService - calculateRewards pour user : internalUser916
16:20:59.211 [pool-2-thread-56] DEBUG tourGuide.service.RewardsService - calculateRewards pour user : internalUser905
16:20:59.216 [pool-2-thread-26] DEBUG tourGuide.service.RewardsService - calculateRewards pour user : internalUser910
16:20:59.218 [pool-2-thread-47] DEBUG tourGuide.service.RewardsService - calculateRewards pour user : internalUser907
16:20:59.218 [pool-2-thread-93] DEBUG tourGuide.service.RewardsService - calculateRewards pour user : internalUser914
16:20:59.219 [pool-2-thread-25] DEBUG tourGuide.service.RewardsService - calculateRewards pour user : internalUser909
16:20:59.222 [pool-2-thread-95] DEBUG tourGuide.service.RewardsService - calculateRewards pour user : internalUser903
16:20:59.227 [pool-2-thread-66] DEBUG tourGuide.service.RewardsService - calculateRewards pour user : internalUser906
16:20:59.229 [pool-2-thread-94] DEBUG tourGuide.service.RewardsService - calculateRewards pour user : internalUser904
16:20:59.229 [pool-2-thread-59] DEBUG tourGuide.service.RewardsService - calculateRewards pour user : internalUser911
16:20:59.242 [pool-2-thread-58] DEBUG tourGuide.service.RewardsService - calculateRewards pour user : internalUser912
16:20:59.771 [Test worker] DEBUG tourGuide.service.TourGuideService - attractionResponsesWithRewardPoint size :1000
temps highVolumeTrackLocation en ms : 3948
16:20:59.773 [Test worker] DEBUG tourGuide.service.TripPricerServiceImpl - constructor TripPricerService
16:20:59.773 [Test worker] INFO tourGuide.service.TourGuideService - TestMode enabled
16:20:59.773 [Test worker] DEBUG tourGuide.service.TourGuideService - Initializing users
16:20:59.774 [Test worker] DEBUG tourGuide.service.TourGuideService - User : 023d3be7-f747-4a16-b457-9f83633a3877 internalUser0
16:20:59.775 [Test worker] DEBUG tourGuide.service.TourGuideService - User : e07c6766-8433-4b5b-96e6-3b259edde168 internalUser1
16:20:59.775 [Test worker] DEBUG tourGuide.service.TourGuideService - User : 0c584671-1c6d-486d-8ba4-8b4de57026c7 internalUser2
16:20:59.775 [Test worker] DEBUG tourGuide.service.TourGuideService - User : 0ceca529-01d1-43e3-8224-035858d3973b internalUser3
16:20:59.775 [Test worker] DEBUG tourGuide.service.TourGuideService - User : 7acf2f25-9146-47f5-abc2-3623f9fbcf87 internalUser4
16:20:59.775 [Test worker] DEBUG tourGuide.service.TourGuideService - User : c3698c45-752d-4cd4-9ef2-a045dc9f442a internalUser5
16:20:59.776 [Test worker] DEBUG tourGuide.service.TourGuideService - User : 6f2db154-8270-43cd-9d46-0b143a3e8e5a internalUser6
16:20:59.776 [Test worker] DEBUG tourGuide.service.TourGuideService - User : ab67ec9c-2129-49f3-8496-6c8afeabed67 internalUser7
16:20:59.776 [Test worker] DEBUG tourGuide.service.TourGuideService - User : 2eb6f988-84c6-44e5-acd3-2e25e29c4ca4 internalUser8
16:20:59.776 [Test worker] DEBUG tourGuide.service.TourGuideService - User : e26a2e7a-fcfe-4667-a2db-765f608828ce internalUser9
16:20:59.776 [Test worker] DEBUG tourGuide.service.TourGuideService - Created 10 internal test users.
16:20:59.776 [Test worker] DEBUG tourGuide.service.TourGuideService - Finished initializing users
16:20:59.776 [Test worker] INFO tourGuide.service.TourGuideService - addShutDownHook
16:20:59.777 [pool-6-thread-1] DEBUG tourGuide.tracker.Tracker - Begin Tracker. Tracking 10 users.
16:20:59.777 [pool-6-thread-1] INFO tourGuide.service.TourGuideService - trackUserLocationForAllUsers
16:20:59.777 [pool-6-thread-1] INFO tourGuide.service.TourGuideService - trackUserLocationAsync for user : internalUser9
16:20:59.777 [pool-6-thread-1] INFO tourGuide.service.TourGuideService - trackUserLocationAsync for user : internalUser8
16:20:59.777 [pool-6-thread-1] INFO tourGuide.service.TourGuideService - trackUserLocationAsync for user : internalUser3
16:20:59.777 [pool-6-thread-1] INFO tourGuide.service.TourGuideService - trackUserLocationAsync for user : internalUser2
16:20:59.777 [pool-6-thread-1] INFO tourGuide.service.TourGuideService - trackUserLocationAsync for user : internalUser1
16:20:59.777 [pool-6-thread-1] INFO tourGuide.service.TourGuideService - trackUserLocationAsync for user : internalUser0
16:20:59.778 [pool-6-thread-1] INFO tourGuide.service.TourGuideService - trackUserLocationAsync for user : internalUser7
16:20:59.778 [pool-6-thread-1] INFO tourGuide.service.TourGuideService - trackUserLocationAsync for user : internalUser6
16:20:59.778 [pool-6-thread-1] INFO tourGuide.service.TourGuideService - trackUserLocationAsync for user : internalUser5
16:20:59.778 [pool-6-thread-1] INFO tourGuide.service.TourGuideService - trackUserLocationAsync for user : internalUser4
16:20:59.787 [Test worker] DEBUG tourGuide.service.RewardsService - calculateRewards pour user : internalUser9
16:20:59.797 [Test worker] DEBUG tourGuide.service.RewardsService - calculateRewards => ******************* passage nearAttraction : internalUser9
16:20:59.812 [pool-5-thread-10] DEBUG tourGuide.service.RewardsService - calculateRewards pour user : internalUser4
16:20:59.819 [pool-5-thread-6] DEBUG tourGuide.service.RewardsService - calculateRewards pour user : internalUser0
16:20:59.838 [pool-5-thread-1] DEBUG tourGuide.service.RewardsService - calculateRewards pour user : internalUser9
16:20:59.842 [pool-3-thread-1] DEBUG tourGuide.service.TourGuideService - attractionResponsesWithRewardPoint size :1000
16:20:59.842 [pool-3-thread-1] DEBUG tourGuide.tracker.Tracker - visitedLocations.size : 1000
16:20:59.842 [pool-3-thread-1] DEBUG tourGuide.tracker.Tracker - Tracker Time Elapsed: 3 seconds.
16:20:59.842 [pool-3-thread-1] DEBUG tourGuide.tracker.Tracker - Tracker sleeping
16:20:59.848 [pool-5-thread-1] DEBUG tourGuide.service.RewardsService - calculateRewards => ******************* passage nearAttraction : internalUser9
16:20:59.854 [pool-5-thread-4] DEBUG tourGuide.service.RewardsService - calculateRewards pour user : internalUser2
16:20:59.859 [pool-5-thread-7] DEBUG tourGuide.service.RewardsService - calculateRewards pour user : internalUser7
16:20:59.863 [pool-5-thread-3] DEBUG tourGuide.service.RewardsService - calculateRewards pour user : internalUser3
16:20:59.868 [pool-5-thread-2] DEBUG tourGuide.service.RewardsService - calculateRewards pour user : internalUser8
16:20:59.868 [pool-5-thread-9] DEBUG tourGuide.service.RewardsService - calculateRewards pour user : internalUser5
16:20:59.876 [pool-5-thread-5] DEBUG tourGuide.service.RewardsService - calculateRewards pour user : internalUser1
16:20:59.877 [pool-5-thread-8] DEBUG tourGuide.service.RewardsService - calculateRewards pour user : internalUser6
16:21:00.575 [pool-6-thread-1] DEBUG tourGuide.service.TourGuideService - attractionResponsesWithRewardPoint size :10
16:21:00.576 [pool-6-thread-1] DEBUG tourGuide.tracker.Tracker - visitedLocations.size : 10
16:21:00.576 [pool-6-thread-1] DEBUG tourGuide.tracker.Tracker - Tracker Time Elapsed: 0 seconds.
16:21:00.576 [pool-6-thread-1] DEBUG tourGuide.tracker.Tracker - Tracker sleeping
16:21:00.701 [Test worker] DEBUG tourGuide.service.RewardsService - calculateRewards pour user : internalUser8
16:21:00.717 [Test worker] DEBUG tourGuide.service.RewardsService - calculateRewards => ******************* passage nearAttraction : internalUser8
16:21:01.181 [Test worker] DEBUG tourGuide.service.RewardsService - calculateRewards pour user : internalUser3
16:21:01.201 [Test worker] DEBUG tourGuide.service.RewardsService - calculateRewards => ******************* passage nearAttraction : internalUser3
16:21:01.258 [Test worker] DEBUG tourGuide.service.RewardsService - calculateRewards pour user : internalUser2
16:21:01.268 [Test worker] DEBUG tourGuide.service.RewardsService - calculateRewards => ******************* passage nearAttraction : internalUser2
16:21:01.895 [Test worker] DEBUG tourGuide.service.RewardsService - calculateRewards pour user : internalUser1
16:21:01.911 [Test worker] DEBUG tourGuide.service.RewardsService - calculateRewards => ******************* passage nearAttraction : internalUser1
16:21:02.715 [Test worker] DEBUG tourGuide.service.RewardsService - calculateRewards pour user : internalUser0
16:21:02.730 [Test worker] DEBUG tourGuide.service.RewardsService - calculateRewards => ******************* passage nearAttraction : internalUser0
16:21:03.129 [Test worker] DEBUG tourGuide.service.RewardsService - calculateRewards pour user : internalUser7
16:21:03.145 [Test worker] DEBUG tourGuide.service.RewardsService - calculateRewards => ******************* passage nearAttraction : internalUser7
16:21:03.953 [Test worker] DEBUG tourGuide.service.RewardsService - calculateRewards pour user : internalUser6
16:21:03.969 [Test worker] DEBUG tourGuide.service.RewardsService - calculateRewards => ******************* passage nearAttraction : internalUser6
16:21:04.682 [Test worker] DEBUG tourGuide.service.RewardsService - calculateRewards pour user : internalUser5
16:21:04.698 [Test worker] DEBUG tourGuide.service.RewardsService - calculateRewards => ******************* passage nearAttraction : internalUser5
16:21:05.591 [Test worker] DEBUG tourGuide.service.RewardsService - calculateRewards pour user : internalUser4
16:21:05.607 [Test worker] DEBUG tourGuide.service.RewardsService - calculateRewards => ******************* passage nearAttraction : internalUser4
highVolumeGetRewards: Time Elapsed: 6 seconds.
]]></system-out>
  <system-err><![CDATA[]]></system-err>
</testsuite>
