<?xml version="1.0" encoding="UTF-8"?>
<testsuite name="model.TestDTO" tests="3" skipped="0" failures="0" errors="0" timestamp="2020-09-20T14:20:54" hostname="PO703394" time="0.021">
  <properties/>
  <testcase name="testUserPreferencesDTO" classname="model.TestDTO" time="0.012"/>
  <testcase name="testAttractionResponseDTO" classname="model.TestDTO" time="0.004"/>
  <testcase name="testUserCurrentLocationDTO" classname="model.TestDTO" time="0.005"/>
  <system-out><![CDATA[]]></system-out>
  <system-err><![CDATA[]]></system-err>
</testsuite>
