<?xml version="1.0" encoding="UTF-8"?>
<testsuite name="tourGuide.TestTourGuideService" tests="1" skipped="0" failures="0" errors="0" timestamp="2020-09-17T14:12:43" hostname="PO703394" time="1.121">
  <properties/>
  <testcase name="getNearbyAttractions" classname="tourGuide.TestTourGuideService" time="1.121"/>
  <system-out><![CDATA[16:12:43.687 [Test worker] DEBUG tourGuide.service.TripPricerServiceImpl - constructor TripPricerService
16:12:43.703 [Test worker] INFO tourGuide.service.TourGuideService - TestMode enabled
16:12:43.703 [Test worker] DEBUG tourGuide.service.TourGuideService - Initializing users
16:12:43.804 [Test worker] DEBUG tourGuide.service.TourGuideService - Created 1 internal test users.
16:12:43.804 [Test worker] DEBUG tourGuide.service.TourGuideService - Finished initializing users
16:12:43.806 [Test worker] INFO tourGuide.service.TourGuideService - addShutDownHook
16:12:43.808 [Test worker] INFO tourGuide.service.TourGuideService - getNearByAttractions
16:12:43.808 [Test worker] DEBUG tourGuide.service.TourGuideService - getAllUsers.size:1
16:12:43.808 [Test worker] DEBUG tourGuide.service.TourGuideService - getUserLocation
16:12:43.808 [pool-3-thread-1] DEBUG tourGuide.tracker.Tracker - Begin Tracker. Tracking 1 users.
16:12:43.808 [pool-3-thread-1] INFO tourGuide.tracker.Tracker - Code boucle mis en commentaire
16:12:43.808 [pool-3-thread-1] INFO tourGuide.service.TourGuideService - trackUserLocationForAllUsers
16:12:43.808 [pool-3-thread-1] INFO tourGuide.service.TourGuideService - trackUserLocationAsync for user : internalUser0
16:12:43.824 [Test worker] DEBUG tourGuide.service.TourGuideService - attractionResponses size : 26
16:12:43.824 [Test worker] DEBUG tourGuide.service.TourGuideService - nbMaxAttractions : 5
16:12:43.826 [Test worker] DEBUG tourGuide.service.TourGuideService - attractionResponses size apres sort: 5
16:12:43.826 [Test worker] DEBUG tourGuide.service.RewardsService - attractionResponses size5
16:12:43.912 [pool-2-thread-1] DEBUG tourGuide.service.RewardsService - calculateRewards pour user : internalUser0
16:12:43.936 [pool-2-thread-1] DEBUG tourGuide.service.RewardsService - nearAttraction, distance, proximityBuffer :5409.201181341672 / 10
16:12:43.937 [pool-2-thread-1] DEBUG tourGuide.service.RewardsService - nearAttraction, distance, proximityBuffer :4965.088559440462 / 10
16:12:43.938 [pool-2-thread-1] DEBUG tourGuide.service.RewardsService - nearAttraction, distance, proximityBuffer :5387.33348048556 / 10
16:12:43.939 [pool-2-thread-1] DEBUG tourGuide.service.RewardsService - nearAttraction, distance, proximityBuffer :5456.154297323013 / 10
16:12:43.940 [pool-2-thread-1] DEBUG tourGuide.service.RewardsService - nearAttraction, distance, proximityBuffer :5780.394294255379 / 10
16:12:43.941 [pool-2-thread-1] DEBUG tourGuide.service.RewardsService - nearAttraction, distance, proximityBuffer :5873.76043791245 / 10
16:12:43.941 [pool-2-thread-1] DEBUG tourGuide.service.RewardsService - nearAttraction, distance, proximityBuffer :5717.809109350613 / 10
16:12:43.942 [pool-2-thread-1] DEBUG tourGuide.service.RewardsService - nearAttraction, distance, proximityBuffer :5636.347906070191 / 10
16:12:43.943 [pool-2-thread-1] DEBUG tourGuide.service.RewardsService - nearAttraction, distance, proximityBuffer :5810.929417931752 / 10
16:12:43.943 [pool-2-thread-1] DEBUG tourGuide.service.RewardsService - nearAttraction, distance, proximityBuffer :3048.66950919189 / 10
16:12:43.944 [pool-2-thread-1] DEBUG tourGuide.service.RewardsService - nearAttraction, distance, proximityBuffer :5640.159590214537 / 10
16:12:43.944 [pool-2-thread-1] DEBUG tourGuide.service.RewardsService - nearAttraction, distance, proximityBuffer :5663.072756849513 / 10
16:12:43.945 [pool-2-thread-1] DEBUG tourGuide.service.RewardsService - nearAttraction, distance, proximityBuffer :5749.559605629661 / 10
16:12:43.945 [pool-2-thread-1] DEBUG tourGuide.service.RewardsService - nearAttraction, distance, proximityBuffer :6546.605389894397 / 10
16:12:43.946 [pool-2-thread-1] DEBUG tourGuide.service.RewardsService - nearAttraction, distance, proximityBuffer :6077.662538067012 / 10
16:12:43.947 [pool-2-thread-1] DEBUG tourGuide.service.RewardsService - nearAttraction, distance, proximityBuffer :6036.964345822826 / 10
16:12:43.947 [pool-2-thread-1] DEBUG tourGuide.service.RewardsService - nearAttraction, distance, proximityBuffer :6175.689062810777 / 10
16:12:43.948 [pool-2-thread-1] DEBUG tourGuide.service.RewardsService - nearAttraction, distance, proximityBuffer :5892.302720637919 / 10
16:12:43.949 [pool-2-thread-1] DEBUG tourGuide.service.RewardsService - nearAttraction, distance, proximityBuffer :6080.487322759897 / 10
16:12:43.950 [pool-2-thread-1] DEBUG tourGuide.service.RewardsService - nearAttraction, distance, proximityBuffer :5495.959346721686 / 10
16:12:43.950 [pool-2-thread-1] DEBUG tourGuide.service.RewardsService - nearAttraction, distance, proximityBuffer :6447.097170044139 / 10
16:12:43.951 [pool-2-thread-1] DEBUG tourGuide.service.RewardsService - nearAttraction, distance, proximityBuffer :5544.685176308748 / 10
16:12:43.952 [pool-2-thread-1] DEBUG tourGuide.service.RewardsService - nearAttraction, distance, proximityBuffer :5809.2150535776145 / 10
16:12:43.952 [pool-2-thread-1] DEBUG tourGuide.service.RewardsService - nearAttraction, distance, proximityBuffer :5553.323397678835 / 10
16:12:43.953 [pool-2-thread-1] DEBUG tourGuide.service.RewardsService - nearAttraction, distance, proximityBuffer :5633.040860930682 / 10
16:12:43.954 [pool-2-thread-1] DEBUG tourGuide.service.RewardsService - nearAttraction, distance, proximityBuffer :6428.402392642044 / 10
16:12:43.955 [pool-2-thread-1] DEBUG tourGuide.service.RewardsService - nearAttraction, distance, proximityBuffer :8688.568313402373 / 10
16:12:43.955 [pool-2-thread-1] DEBUG tourGuide.service.RewardsService - nearAttraction, distance, proximityBuffer :8479.81317661197 / 10
16:12:43.957 [pool-2-thread-1] DEBUG tourGuide.service.RewardsService - nearAttraction, distance, proximityBuffer :8580.928596385143 / 10
16:12:43.958 [pool-2-thread-1] DEBUG tourGuide.service.RewardsService - nearAttraction, distance, proximityBuffer :8578.327440437177 / 10
16:12:43.959 [pool-2-thread-1] DEBUG tourGuide.service.RewardsService - nearAttraction, distance, proximityBuffer :7405.017585319771 / 10
16:12:43.960 [pool-2-thread-1] DEBUG tourGuide.service.RewardsService - nearAttraction, distance, proximityBuffer :7375.817702076262 / 10
16:12:43.962 [pool-2-thread-1] DEBUG tourGuide.service.RewardsService - nearAttraction, distance, proximityBuffer :8228.456458162136 / 10
16:12:43.963 [pool-2-thread-1] DEBUG tourGuide.service.RewardsService - nearAttraction, distance, proximityBuffer :7032.204796550053 / 10
16:12:43.963 [pool-2-thread-1] DEBUG tourGuide.service.RewardsService - nearAttraction, distance, proximityBuffer :7014.292322438495 / 10
16:12:43.964 [pool-2-thread-1] DEBUG tourGuide.service.RewardsService - nearAttraction, distance, proximityBuffer :9831.474416163612 / 10
16:12:43.964 [pool-2-thread-1] DEBUG tourGuide.service.RewardsService - nearAttraction, distance, proximityBuffer :6687.522969093041 / 10
16:12:43.965 [pool-2-thread-1] DEBUG tourGuide.service.RewardsService - nearAttraction, distance, proximityBuffer :6897.403949901547 / 10
16:12:43.965 [pool-2-thread-1] DEBUG tourGuide.service.RewardsService - nearAttraction, distance, proximityBuffer :6749.1841306411525 / 10
16:12:43.966 [pool-2-thread-1] DEBUG tourGuide.service.RewardsService - nearAttraction, distance, proximityBuffer :6450.082327431025 / 10
16:12:43.966 [pool-2-thread-1] DEBUG tourGuide.service.RewardsService - nearAttraction, distance, proximityBuffer :7497.816049986445 / 10
16:12:43.967 [pool-2-thread-1] DEBUG tourGuide.service.RewardsService - nearAttraction, distance, proximityBuffer :7054.343372873483 / 10
16:12:43.968 [pool-2-thread-1] DEBUG tourGuide.service.RewardsService - nearAttraction, distance, proximityBuffer :7151.774275376637 / 10
16:12:43.969 [pool-2-thread-1] DEBUG tourGuide.service.RewardsService - nearAttraction, distance, proximityBuffer :6966.833649043952 / 10
16:12:43.970 [pool-2-thread-1] DEBUG tourGuide.service.RewardsService - nearAttraction, distance, proximityBuffer :7432.407046714669 / 10
16:12:43.971 [pool-2-thread-1] DEBUG tourGuide.service.RewardsService - nearAttraction, distance, proximityBuffer :8625.004811365166 / 10
16:12:43.972 [pool-2-thread-1] DEBUG tourGuide.service.RewardsService - nearAttraction, distance, proximityBuffer :6613.363819574618 / 10
16:12:43.972 [pool-2-thread-1] DEBUG tourGuide.service.RewardsService - nearAttraction, distance, proximityBuffer :6628.074051362553 / 10
16:12:43.973 [pool-2-thread-1] DEBUG tourGuide.service.RewardsService - nearAttraction, distance, proximityBuffer :8012.150237193854 / 10
16:12:43.974 [pool-2-thread-1] DEBUG tourGuide.service.RewardsService - nearAttraction, distance, proximityBuffer :7580.057123529074 / 10
16:12:43.974 [pool-2-thread-1] DEBUG tourGuide.service.RewardsService - nearAttraction, distance, proximityBuffer :6686.909592060327 / 10
16:12:43.975 [pool-2-thread-1] DEBUG tourGuide.service.RewardsService - nearAttraction, distance, proximityBuffer :6582.13282829753 / 10
16:12:43.975 [pool-2-thread-1] DEBUG tourGuide.service.RewardsService - nearAttraction, distance, proximityBuffer :1819.6923468954162 / 10
16:12:43.975 [pool-2-thread-1] DEBUG tourGuide.service.RewardsService - nearAttraction, distance, proximityBuffer :1072.5437550420108 / 10
16:12:43.976 [pool-2-thread-1] DEBUG tourGuide.service.RewardsService - nearAttraction, distance, proximityBuffer :1662.1268058178355 / 10
16:12:43.977 [pool-2-thread-1] DEBUG tourGuide.service.RewardsService - nearAttraction, distance, proximityBuffer :1744.0953762069155 / 10
16:12:43.977 [pool-2-thread-1] DEBUG tourGuide.service.RewardsService - nearAttraction, distance, proximityBuffer :1086.2807425107321 / 10
16:12:43.977 [pool-2-thread-1] DEBUG tourGuide.service.RewardsService - nearAttraction, distance, proximityBuffer :1188.2570433414958 / 10
16:12:43.978 [pool-2-thread-1] DEBUG tourGuide.service.RewardsService - nearAttraction, distance, proximityBuffer :1681.9008829273191 / 10
16:12:43.978 [pool-2-thread-1] DEBUG tourGuide.service.RewardsService - nearAttraction, distance, proximityBuffer :908.3038263184371 / 10
16:12:43.979 [pool-2-thread-1] DEBUG tourGuide.service.RewardsService - nearAttraction, distance, proximityBuffer :1059.3152966838888 / 10
16:12:43.979 [pool-2-thread-1] DEBUG tourGuide.service.RewardsService - nearAttraction, distance, proximityBuffer :2254.7412066834295 / 10
16:12:43.979 [pool-2-thread-1] DEBUG tourGuide.service.RewardsService - nearAttraction, distance, proximityBuffer :1104.5035755446672 / 10
16:12:43.980 [pool-2-thread-1] DEBUG tourGuide.service.RewardsService - nearAttraction, distance, proximityBuffer :981.5990155268349 / 10
16:12:43.980 [pool-2-thread-1] DEBUG tourGuide.service.RewardsService - nearAttraction, distance, proximityBuffer :1109.8246923138415 / 10
16:12:43.980 [pool-2-thread-1] DEBUG tourGuide.service.RewardsService - nearAttraction, distance, proximityBuffer :1802.6666322502842 / 10
16:12:43.981 [pool-2-thread-1] DEBUG tourGuide.service.RewardsService - nearAttraction, distance, proximityBuffer :1515.9887240672317 / 10
16:12:43.981 [pool-2-thread-1] DEBUG tourGuide.service.RewardsService - nearAttraction, distance, proximityBuffer :1286.3742775557403 / 10
16:12:43.981 [pool-2-thread-1] DEBUG tourGuide.service.RewardsService - nearAttraction, distance, proximityBuffer :1467.7375042737185 / 10
16:12:43.982 [pool-2-thread-1] DEBUG tourGuide.service.RewardsService - nearAttraction, distance, proximityBuffer :1139.6864379438819 / 10
16:12:43.982 [pool-2-thread-1] DEBUG tourGuide.service.RewardsService - nearAttraction, distance, proximityBuffer :1479.198750341759 / 10
16:12:43.982 [pool-2-thread-1] DEBUG tourGuide.service.RewardsService - nearAttraction, distance, proximityBuffer :1850.7532754820252 / 10
16:12:43.983 [pool-2-thread-1] DEBUG tourGuide.service.RewardsService - nearAttraction, distance, proximityBuffer :1692.2793149200572 / 10
16:12:43.983 [pool-2-thread-1] DEBUG tourGuide.service.RewardsService - nearAttraction, distance, proximityBuffer :1133.8677218423547 / 10
16:12:43.983 [pool-2-thread-1] DEBUG tourGuide.service.RewardsService - nearAttraction, distance, proximityBuffer :1580.210189802299 / 10
16:12:43.983 [pool-2-thread-1] DEBUG tourGuide.service.RewardsService - nearAttraction, distance, proximityBuffer :890.4536849789288 / 10
16:12:43.983 [pool-2-thread-1] DEBUG tourGuide.service.RewardsService - nearAttraction, distance, proximityBuffer :1102.7527508186618 / 10
16:12:43.984 [pool-2-thread-1] DEBUG tourGuide.service.RewardsService - nearAttraction, distance, proximityBuffer :1677.6605956787182 / 10
16:12:43.984 [pool-2-thread-1] DEBUG tourGuide.service.RewardsService - nearAttraction, distance, proximityBuffer :6421.380070039398 / 10
16:12:43.984 [pool-2-thread-1] DEBUG tourGuide.service.RewardsService - nearAttraction, distance, proximityBuffer :6831.736582651574 / 10
16:12:43.984 [pool-2-thread-1] DEBUG tourGuide.service.RewardsService - nearAttraction, distance, proximityBuffer :6433.152388961526 / 10
16:12:43.984 [pool-2-thread-1] DEBUG tourGuide.service.RewardsService - nearAttraction, distance, proximityBuffer :6367.878232510048 / 10
16:12:43.984 [pool-2-thread-1] DEBUG tourGuide.service.RewardsService - nearAttraction, distance, proximityBuffer :5999.464900234677 / 10
16:12:43.985 [pool-2-thread-1] DEBUG tourGuide.service.RewardsService - nearAttraction, distance, proximityBuffer :5906.504194698192 / 10
16:12:43.985 [pool-2-thread-1] DEBUG tourGuide.service.RewardsService - nearAttraction, distance, proximityBuffer :6093.509728304062 / 10
16:12:43.985 [pool-2-thread-1] DEBUG tourGuide.service.RewardsService - nearAttraction, distance, proximityBuffer :6145.930968746325 / 10
16:12:43.985 [pool-2-thread-1] DEBUG tourGuide.service.RewardsService - nearAttraction, distance, proximityBuffer :5969.629639181891 / 10
16:12:43.986 [pool-2-thread-1] DEBUG tourGuide.service.RewardsService - nearAttraction, distance, proximityBuffer :8777.627884108033 / 10
16:12:43.986 [pool-2-thread-1] DEBUG tourGuide.service.RewardsService - nearAttraction, distance, proximityBuffer :6153.665920400562 / 10
16:12:43.986 [pool-2-thread-1] DEBUG tourGuide.service.RewardsService - nearAttraction, distance, proximityBuffer :6122.251367100788 / 10
16:12:43.986 [pool-2-thread-1] DEBUG tourGuide.service.RewardsService - nearAttraction, distance, proximityBuffer :6038.876677970766 / 10
16:12:43.987 [pool-2-thread-1] DEBUG tourGuide.service.RewardsService - nearAttraction, distance, proximityBuffer :5235.569359759505 / 10
16:12:43.987 [pool-2-thread-1] DEBUG tourGuide.service.RewardsService - nearAttraction, distance, proximityBuffer :5708.7058242118555 / 10
16:12:43.987 [pool-2-thread-1] DEBUG tourGuide.service.RewardsService - nearAttraction, distance, proximityBuffer :5742.008960485689 / 10
16:12:43.987 [pool-2-thread-1] DEBUG tourGuide.service.RewardsService - nearAttraction, distance, proximityBuffer :5604.270565334022 / 10
16:12:43.987 [pool-2-thread-1] DEBUG tourGuide.service.RewardsService - nearAttraction, distance, proximityBuffer :5888.183721511848 / 10
16:12:43.988 [pool-2-thread-1] DEBUG tourGuide.service.RewardsService - nearAttraction, distance, proximityBuffer :5703.9049627840495 / 10
16:12:43.988 [pool-2-thread-1] DEBUG tourGuide.service.RewardsService - nearAttraction, distance, proximityBuffer :6334.3556055165245 / 10
16:12:43.988 [pool-2-thread-1] DEBUG tourGuide.service.RewardsService - nearAttraction, distance, proximityBuffer :5333.278086462847 / 10
16:12:43.988 [pool-2-thread-1] DEBUG tourGuide.service.RewardsService - nearAttraction, distance, proximityBuffer :6255.12171586221 / 10
16:12:43.988 [pool-2-thread-1] DEBUG tourGuide.service.RewardsService - nearAttraction, distance, proximityBuffer :5992.310585183325 / 10
16:12:43.988 [pool-2-thread-1] DEBUG tourGuide.service.RewardsService - nearAttraction, distance, proximityBuffer :6226.878682637143 / 10
16:12:43.988 [pool-2-thread-1] DEBUG tourGuide.service.RewardsService - nearAttraction, distance, proximityBuffer :6161.019204425449 / 10
16:12:43.988 [pool-2-thread-1] DEBUG tourGuide.service.RewardsService - nearAttraction, distance, proximityBuffer :5352.678749297985 / 10
16:12:43.989 [pool-3-thread-1] DEBUG tourGuide.service.TourGuideService - attractionResponsesWithRewardPoint size :1
16:12:43.989 [pool-3-thread-1] DEBUG tourGuide.tracker.Tracker - Tracker Time Elapsed: 0 seconds.
16:12:43.989 [pool-3-thread-1] DEBUG tourGuide.tracker.Tracker - Tracker sleeping
16:12:44.699 [Test worker] DEBUG tourGuide.service.RewardsService - attractionResponsesWithRewardPoint size5
16:12:44.699 [Test worker] DEBUG tourGuide.service.TourGuideService - temps d'appel rewards complatable future en ms : 873
]]></system-out>
  <system-err><![CDATA[Sep 17, 2020 4:12:43 PM org.javamoney.moneta.DefaultMonetaryContextFactory createMonetaryContextNonNullConfig
INFO: Using custom MathContext: precision=256, roundingMode=HALF_EVEN
]]></system-err>
</testsuite>
