<?xml version="1.0" encoding="UTF-8"?>
<testsuite name="tourGuide.TestTourGuideService" tests="1" skipped="0" failures="0" errors="0" timestamp="2020-09-26T11:31:56" hostname="DESKTOP-0EHUHEG" time="0.409">
  <properties/>
  <testcase name="trackUser" classname="tourGuide.TestTourGuideService" time="0.409"/>
  <system-out><![CDATA[13:31:56.744 [Test worker] DEBUG tourGuide.service.TripPricerServiceImpl - constructor TripPricerService
13:31:56.763 [Test worker] INFO tourGuide.service.TourGuideService - TestMode enabled
13:31:56.763 [Test worker] DEBUG tourGuide.service.TourGuideService - Initializing users
13:31:56.770 [Test worker] DEBUG tourGuide.service.TourGuideService - Created 0 internal test users.
13:31:56.771 [Test worker] DEBUG tourGuide.service.TourGuideService - Finished initializing users
13:31:56.780 [Test worker] INFO tourGuide.service.TourGuideService - addShutDownHook
13:31:56.807 [pool-3-thread-1] DEBUG tourGuide.tracker.Tracker - Begin Tracker. Tracking 0 users.
13:31:56.807 [pool-3-thread-1] INFO tourGuide.service.TourGuideService - trackUserLocationForAllUsers
13:31:56.815 [pool-3-thread-1] DEBUG tourGuide.service.TourGuideService - attractionResponsesWithRewardPoint size :0
13:31:56.815 [pool-3-thread-1] DEBUG tourGuide.tracker.Tracker - visitedLocations.size : 0
13:31:56.815 [pool-3-thread-1] DEBUG tourGuide.tracker.Tracker - Tracker Time Elapsed: 0 seconds.
13:31:56.816 [pool-3-thread-1] DEBUG tourGuide.tracker.Tracker - Tracker sleeping
13:31:56.881 [Test worker] INFO tourGuide.service.TourGuideService - trackUserLocationForAllUsers
13:31:56.881 [Test worker] INFO tourGuide.service.TourGuideService - trackUserLocationAsync for user : jon
13:31:56.978 [pool-2-thread-1] DEBUG tourGuide.service.RewardsService - calculateRewards pour user : jon
13:31:57.010 [Test worker] DEBUG tourGuide.service.TourGuideService - attractionResponsesWithRewardPoint size :1
]]></system-out>
  <system-err><![CDATA[Sep 26, 2020 1:31:56 PM org.javamoney.moneta.DefaultMonetaryContextFactory createMonetaryContextNonNullConfig
INFO: Using custom MathContext: precision=256, roundingMode=HALF_EVEN
]]></system-err>
</testsuite>
