<?xml version="1.0" encoding="UTF-8"?>
<testsuite name="tourGuide.TestTourGuideService" tests="1" skipped="0" failures="0" errors="0" timestamp="2020-07-24T19:44:38" hostname="DESKTOP-KCJMAHV" time="0.406">
  <properties/>
  <testcase name="getUserLocation" classname="tourGuide.TestTourGuideService" time="0.406"/>
  <system-out><![CDATA[21:44:38.317 [Test worker] INFO tourGuide.service.TourGuideService - TestMode enabled
21:44:38.333 [Test worker] DEBUG tourGuide.service.TourGuideService - Initializing users
21:44:38.351 [Test worker] DEBUG tourGuide.service.TourGuideService - Created 0 internal test users.
21:44:38.351 [Test worker] DEBUG tourGuide.service.TourGuideService - Finished initializing users
21:44:38.398 [pool-1-thread-1] DEBUG tourGuide.tracker.Tracker - Begin Tracker. Tracking 0 users.
21:44:38.398 [pool-1-thread-1] DEBUG tourGuide.tracker.Tracker - Tracker Time Elapsed: 0 seconds.
21:44:38.398 [pool-1-thread-1] DEBUG tourGuide.tracker.Tracker - Tracker sleeping
21:44:38.476 [Test worker] DEBUG tourGuide.service.TourGuideService - ======> trackUserLocation :907e3418-898a-4db6-a4e4-fd5a786e65ee
]]></system-out>
  <system-err><![CDATA[Jul 24, 2020 9:44:38 PM org.javamoney.moneta.DefaultMonetaryContextFactory createMonetaryContextNonNullConfig
INFO: Using custom MathContext: precision=256, roundingMode=HALF_EVEN
]]></system-err>
</testsuite>
